1602720585147
1602720586271
1602720587411
1602720589051
1602720590182
1602720591361
1602720592986
1602720594118
1602720595750
1602720596876
1602720598508
1602720599619
1602720601251
1602720602393
1602720604035
1602720605171
1602720606296
1602720607425
1602720608555
1602720610342
1602720611462
1602720613587
1602720614712
1602720617478
1602720618608
1602720619736
1602720621366
1602720622493
1602720623627
1602720624761
1602720625895
1602720627023
1602720628631
1602720629766
1602720631433
1602720632559
1602720633681
1602720634845
1602720635977
1602720637104
1602720638228
1602720639361
1602720640522
1602720641740
1602720643962
1602720645159
1602720646313
1602720647469
1602720648597
1602720650514
1602720651763
1602720652897
1602720654023
1602720655650
1602720656787
1602720658893
1602720660022
1602720661150
1602720662276
1602720663410
1602720665065
1602720666200
1602720667327
1602720669569
1602720670689
1602720671815
1602720673333
1602720674473
1602720676112
1602720677244
1602720678373
1602720679496
1602720681126
1602720682339
1602720683470
1602720686103
1602720687233
1602720689986
1602720691110
1602720692745
1602720693862
1602720695615
1602720696740
1602720697866
1602720699490
1602720700610
1602720702745
1602720703867
1602720705011
1602720706143
1602720707267
1602720708393
1602720709528
1602720710655
1602720713386
1602720716021
1602720717148
1602720718271
1602720719398
1602720721536
1602720722789
1602720725015
1602720726142
1602720727266
1602720728391
1602720729892
1602720731006
1602720732519
1602720733644
1602720734786
1602720736420
1602720737539
1602720738670
1602720739786
1602720741276
1602720742409
1602720743541
1602720744674
1602720745795
1602720746917
1602720748055
1602720749191
1602720750832
1602720751961
1602720754076
1602720756715
1602720759366
1602720760505
1602720761629
1602720762750
1602720764269
1602720765387
1602720766517
1602720767651
1602720770409
1602720771991
1602720773117
1602720775875
1602720778492
1602720779609
1602720781259
1602720782873
1602720784005
1602720785507
1602720786655
1602720789397
1602720790523
1602720791672
1602720792875
1602720794005
1602720795130
1602720796270
1602720797729
1602720799353
1602720800490
1602720803221
1602720804333
1602720805464
1602720806595
1602720808701
1602720809832
1602720810962
1602720812091
1602720813224
1602720815848
1602720816973
1602720818106
1602720819243
1602720820742
1602720821862
1602720824602
1602720825730
1602720826869
1602720828475
1602720829606
1602720830743
1602720831871
1602720832993
1602720834125
1602720835239
1602720836759
1602720838392
1602720839516
1602720842155
1602720843284
1602720844406
1602720845529
1602720847181
1602720848808
1602720849931
1602720851446
1602720852567
1602720854077
1602720855210
1602720856341
1602720857467
1602720858979
1602720860099
1602720862223
1602720863513
1602720864976
1602720867208
1602720868336
1602720869458
1602720870571
1602720871699
1602720874346
1602720875470
1602720876590
1602720879225
1602720880357
1602720881987
1602720883109
1602720885855
1602720886999
1602720888152
1602720889289
1602720890416
1602720891543
1602720892664
1602720893789
1602720894911
1602720896054
1602720897175
1602720898896
1602720901558
1602720902678
1602720904193
1602720905834
1602720906960
1602720908084
1602720909207
1602720909942
1602720911070
1602720912193
1602720913705
1602720914831
1602720917208
1602720918833
1602720919959
1602720922588
1602720924208
1602720925332
1602720926458
1602720927584
1602720928707
1602720929838
1602720931344
1602720933976
1602720935108
1602720936747
1602720937880
1602720939021
1602720941635
1602720944264
1602720945405
1602720946533
1602720947662
1602720948791
1602720949922
1602720951053
1602720952177
1602720953307
1602720954434
1602720955567
1602720956698
1602720959294
1602720960421
1602720961553
1602720962706
1602720963829
1602720964951
1602720967594
1602720968718
1602720971352
1602720972478
1602720973599
1602720974737
1602720975873
1602720978537
1602720980150
1602720981291
1602720982418
1602720983546
1602720984673
1602720985799
1602720986928
1602720991843
1602720994053
1602720995178
1602720996693
1602720997823
1602720998950
1602721000071
1602721001200
1602721003328
1602721004452
1602721005577
1602721006710
1602721007838
1602721008990
1602721011441
1602721012570
1602721013694
1602721014808
1602721015936
1602721017058
1602721019691
1602721020823
1602721021962
1602721023987
1602721025111
1602721026233
1602721027361
1602721028486
1602721031131
1602721032246
1602721034878
1602721036494
1602721037624
1602721040366
1602721043002
1602721044129
1602721045254
1602721046367
1602721047495
1602721049129
1602721050255
1602721051776
1602721054399
1602721056027
1602721057158
1602721058287
1602721059407
1602721060539
1602721062140
1602721064776
1602721065892
1602721067398
1602721068524
1602721071255
1602721072369
1602721073525
1602721074649
1602721077283
1602721078409
1602721081157
1602721082281
1602721083423
1602721086050
1602721087175
1602721088296
1602721089411
1602721090540
1602721091659
1602721092778
1602721093901
1602721095025
1602721096144
1602721097271
1602721098401
1602721099526
1602721100654
1602721103329
1602721105990
1602721107113
1602721108258
1602721110906
1602721112538
1602721113758
1602721114872
1602721115988
1602721117109
1602721118233
1602721119355
1602721120470
1602721121593
1602721122714
1602721123874
1602721124999
1602721126466
1602721127729
1602721128855
1602721130372
1602721131497
1602721132618
1602721133748
1602721135251
1602721137876
1602721139002
1602721140746
1602721143379
1602721144519
1602721145669
1602721146779
1602721147903
1602721149924
1602721151557
1602721153198
1602721155876
1602721157009
1602721158139
1602721159267
1602721160394
1602721161545
1602721162663
1602721163796
1602721166440
1602721167564
1602721168687
1602721169808
1602721170935
1602721172442
1602721175076
1602721176695
1602721177849
1602721178974
1602721180098
1602721181223
1602721182742
1602721183858
1602721184982
1602721186105
1602721187234
1602721188867
1602721190491
1602721192120
1602721193241
1602721195385
1602721196995
1602721198629
1602721199747
1602721200884
1602721202015
1602721203150
1602721204290
1602721205420
1602721207475
1602721208598
1602721211352
1602721212475
1602721213637
1602721214763
1602721215889
1602721217015
1602721218148
1602721220787
1602721221917
1602721223040
1602721224166
1602721225295
1602721226427
1602721228065
1602721229203
1602721230374
1602721232977
1602721234101
1602721235238
1602721236392
1602721237869
1602721239498
1602721241119
1602721242249
1602721244369
1602721245504
1602721246633
1602721247816
1602721248942
1602721250079
1602721252093
1602721253747
1602721254868
1602721257631
1602721260276
1602721261400
1602721262610
1602721265189
1602721266331
1602721269063
1602721270747
1602721271877
1602721272992
1602721274127
1602721276137
1602721277761
1602721279401
1602721282042
1602721283164
1602721284298
1602721286939
1602721288074
1602721289201
1602721290799
1602721292431
1602721293553
1602721295675
1602721296799
1602721297918
1602721299041
1602721300164
1602721301546
1602721303172
1602721304293
1602721305420
1602721306549
1602721307675
1602721308803
1602721309936
1602721312586
1602721314231
1602721315358
1602721316483
1602721319121
1602721319842
1602721320955
1602721323107
1602721324250
1602721325399
1602721326519
1602721327651
1602721328783
1602721329909
1602721332585
1602721333737
1602721335373
1602721336494
1602721337630
1602721338767
1602721339885
1602721341022
1602721342153
1602721343275
1602721344439
1602721345562
1602721346685
1602721347823
1602721348965
1602721351590
1602721352731
1602721353865
1602721354999
1602721356988
1602721358125
1602721359253
1602721362002
1602721363136
1602721364263
1602721365386
1602721366504
1602721367630
1602721368762
1602721369891
1602721372244
1602721373382
1602721374529
1602721375658
1602721376795
1602721379416
1602721381048
1602721382170
1602721383296
1602721384441
1602721385575
1602721386695
1602721387815
1602721388936
1602721390072
1602721391199
1602721392319
1602721394077
1602721395202
1602721396328
1602721397448
1602721399598
1602721402232
1602721403358
1602721404485
1602721407103
1602721408234
1602721409362
1602721410498
1602721412977
1602721414103
1602721415224
1602721416354
1602721417854
1602721418984
1602721420103
1602721421231
1602721422364
1602721423497
1602721424624
1602721426238
1602721427363
1602721429520
1602721431131
1602721432764
1602721434385
1602721436021
1602721437139
1602721438281
1602721439414
1602721440542
1602721441665
1602721443019
1602721444669
1602721445817
1602721446964
1602721448089
1602721449226
1602721450369
1602721451498
1602721453021
1602721454146
1602721455269
1602721458004
1602721460634
1602721462265
1602721463897
1602721465020
1602721467758
1602721469374
1602721470554
1602721471681
1602721474231
1602721475358
1602721478008
1602721479135
1602721480863
1602721481996
1602721483173
1602721484295
1602721485414
1602721486543
1602721487666
1602721488787
1602721489910
1602721491040
1602721492165
1602721493575
1602721495834
1602721497081
1602721498205
1602721499356
1602721500479
1602721501604
1602721502806
1602721503933
1602721505058
1602721506207
1602721507337
1602721509497
1602721512137
1602721513254
1602721514385
1602721516120
1602721517236
1602721518373
1602721520992
1602721522131
1602721523758
1602721525401
1602721527018
1602721528666
1602721529791
1602721530952
1602721533543
1602721534666
1602721537396
1602721539116
1602721541261
1602721542896
1602721544534
1602721545671
1602721547176
1602721548302
1602721549803
1602721552449
1602721554069
1602721555701
1602721556824
1602721557946
1602721559082
1602721560219
1602721561349
1602721562481
1602721563614
1602721564741
1602721565875
1602721568522
1602721569657
1602721570789
1602721574027
1602721575158
1602721576289
1602721577417
1602721578560
1602721580058
1602721581193
1602721582325
1602721584967
1602721586210
1602721587331
1602721588479
1602721589613
1602721590741
1602721591864
1602721592995
1602721594131
1602721595280
1602721596402
1602721597923
1602721599558
1602721602191
1602721603320
1602721604459
1602721605583
1602721606714
1602721608447
1602721609575
1602721610719
1602721611843
1602721613342
1602721614468
1602721615596
1602721616725
1602721617853
1602721618989
1602721620123
1602721621259
1602721622391
1602721624293
1602721626020
1602721627161
1602721628285
1602721629909
1602721631043
1602721632182
1602721633315
1602721634812
1602721635933
1602721637072
1602721638201
1602721639339
1602721641471
1602721642612
1602721644261
1602721645868
1602721646987
1602721648125
1602721649359
1602721650483
1602721651604
1602721653875
1602721655006
1602721656533
1602721657657
1602721658807
1602721659944
1602721661639
1602721663288
1602721664415
1602721665554
1602721666721
1602721669185
1602721670818
1602721671947
1602721673068
1602721674202
1602721675322
1602721676446
1602721677575
1602721678700
1602721680244
1602721681364
1602721682493
1602721683629
1602721684768
1602721687419
1602721688558
1602721691304
1602721692431
1602721695301
1602721696426
1602721698451
1602721700695
1602721702333
1602721703463
1602721704594
1602721705752
1602721706880
1602721708000
1602721709125
1602721710247
1602721711385
1602721712507
1602721713638
1602721714759
1602721716272
1602721717393
1602721718573
1602721719698
1602721722337
1602721723463
1602721725570
1602721727199
1602721728328
1602721729457
1602721731587
1602721732737
1602721733860
1602721734984
1602721740335
1602721741496
1602721742626
1602721744269
1602721745415
1602721746939
1602721748062
1602721749190
1602721750809
1602721751935
1602721753059
1602721755174
1602721756804
1602721757940
1602721759064
1602721760216
1602721762839
1602721763969
1602721765102
1602721766233
1602721767739
1602721768884
1602721770387
1602721772003
1602721773126
1602721774260
1602721775378
1602721776506
1602721777627
1602721780260
1602721781386
1602721782517
1602721785120
1602721786742
1602721787866
1602721788977
1602721790103
1602721791231
1602721793373
1602721794502
1602721795625
1602721797623
1602721798748
1602721799875
1602721802120
1602721803254
1602721804759
1602721805900
1602721807398
1602721808526
1602721809679
1602721810830
1602721811959
1602721813086
1602721814210
1602721816228
1602721817377
1602721818492
1602721819622
1602721820756
1602721821885
1602721824523
1602721825639
1602721827157
1602721828290
1602721829416
1602721830543
1602721831666
1602721832813
1602721833941
1602721835928
1602721837569
1602721839207
1602721840341
1602721841848
1602721842972
1602721844099
1602721845223
1602721846349
1602721847484
1602721848615
1602721849750
1602721850875
1602721852002
1602721853150
1602721854291
1602721855784
1602721856923
1602721858055
1602721859228
1602721860357
1602721861480
1602721864125
1602721866370
1602721868793
1602721869930
1602721872057
1602721873174
1602721874308
1602721875446
1602721876567
1602721877698
1602721878819
1602721881487
1602721882610
1602721883749
1602721886979
1602721889623
1602721890750
1602721891874
1602721893003
1602721894139
1602721895265
1602721896385
1602721897501
1602721898613
1602721900248
1602721901369
1602721902506
1602721905142
1602721906759
1602721907883
1602721909021
1602721911150
1602721912277
1602721913399
1602721914526
1602721915655
1602721916775
1602721917902
1602721919043
1602721920171
1602721922798
1602721923938
1602721925446
1602721926568
1602721927692
1602721928853
1602721930338
1602721931465
1602721932976
1602721934120
1602721935242
1602721936372
1602721937517
1602721940154
1602721941278
1602721942406
1602721945049
1602721947694
1602721949313
1602721951952
1602721954608
1602721955734
1602721956872
1602721959539
1602721961166
1602721963403
1602721964525
1602721966033
1602721967653
1602721969278
1602721970893
1602721973544
1602721974674
1602721975807
1602721976935
1602721978067
1602721979196
1602721980327
1602721983012
1602721984135
1602721985266
1602721987919
1602721989533
1602721992181
1602721994327
1602721995947
1602721997600
1602721998723
1602721999846
1602722002477
1602722004101
1602722005219
1602722006756
1602722007883
1602722010240
1602722011366
1602722012501
1602722014001
1602722015127
1602722016252
1602722017373
1602722018516
1602722019659
1602722020798
1602722021920
1602722023444
1602722024567
1602722025715
1602722026835
1602722028971
1602722030597
1602722031740
1602722033237
1602722034860
1602722036479
1602722037594
1602722039107
1602722040234
1602722041362
1602722042490
1602722043616
1602722044742
1602722045890
1602722047034
1602722048161
1602722049316
1602722051966
1602722053107
1602722054250
1602722055374
1602722056507
1602722057644
1602722059139
1602722060268
1602722062364
1602722063487
1602722064617
1602722065809
1602722066934
1602722069003
1602722070132
1602722071256
1602722073890
1602722075509
1602722077128
1602722078265
1602722079403
1602722082032
1602722083160
1602722084288
1602722085417
1602722086905
1602722089550
1602722090683
1602722093326
1602722094450
1602722095596
1602722096721
1602722097852
1602722098980
1602722100500
1602722101631
1602722102790
1602722103950
1602722106588
1602722107703
1602722109853
1602722110982
1602722113074
1602722114203
1602722115331
1602722116454
1602722117584
1602722118711
1602722119854
1602722120979
1602722122103
1602722123228
1602722124857
1602722126481
1602722128099
1602722129237
1602722130361
1602722131491
1602722132633
1602722134271
1602722135907
1602722138545
1602722139667
1602722141180
1602722142309
1602722144438
1602722145563
1602722147685
1602722149312
1602722150043
1602722151169
1602722152300
1602722153421
1602722154554
1602722156077
1602722157719
1602722160369
1602722161496
1602722162622
1602722164248
1602722165869
1602722167000
1602722168138
1602722169263
1602722170776
1602722173022
1602722174163
1602722175296
1602722176420
1602722177550
1602722178677
1602722180825
1602722181949
1602722183729
1602722186359
1602722187483
1602722188608
1602722189739
1602722190901
1602722192029
1602722193666
1602722194801
1602722195923
1602722197676
1602722198831
1602722199956
1602722201510
1602722202630
1602722203751
1602722206398
1602722207526
1602722209034
1602722210652
1602722211774
1602722212918
1602722214058
1602722215195
1602722216316
1602722217451
1602722218582
1602722219699
1602722220827
1602722221958
1602722223108
1602722224240
1602722226889
1602722228518
1602722229646
1602722230777
1602722232409
1602722233534
1602722234668
1602722236907
1602722238527
1602722239645
1602722242838
1602722245431
1602722246558
1602722248069
1602722249193
1602722250314
1602722251951
1602722253076
1602722254587
1602722255713
1602722258350
1602722260603
1602722261734
1602722262869
1602722263997
1602722265507
1602722268144
1602722269784
1602722270907
1602722272040
1602722273703
1602722276360
1602722277482
1602722278601
1602722279729
1602722282159
1602722283763
1602722285409
1602722287027
1602722288157
1602722289286
1602722290410
1602722291543
1602722293126
1602722294251
1602722295378
1602722297021
1602722298661
1602722299784
1602722302419
1602722303532
1602722304698
1602722305836
1602722306959
1602722308086
1602722310085
1602722311213
1602722312334
1602722313452
1602722314978
1602722316127
1602722317772
1602722320424
1602722321553
1602722322718
1602722323866
1602722325008
1602722326130
1602722327257
1602722328389
1602722330883
1602722332015
1602722333140
1602722335792
1602722336928
1602722338068
1602722339709
1602722340839
1602722341969
1602722344552
1602722345688
1602722346808
1602722347949
1602722349078
1602722351599
1602722354244
1602722355371
1602722356882
1602722358013
1602722359134
1602722360267
1602722361404
1602722362522
1602722363643
1602722364769
1602722366391
1602722372571
1602722378627
1602722379749
1602722381268
1602722382394
1602722383518
1602722384638
1602722386762
1602722387882
1602722389012
1602722390518
1602722391643
1602722392766
1602722393895
1602722395021
1602722397752
1602722398876
1602722400017
1602722401146
1602722402296
1602722403437
1602722404943
1602722406073
1602722407225
1602722408354
1602722409482
1602722410615
1602722412362
1602722413497
1602722414616
1602722415766
1602722416893
1602722418025
1602722419155
1602722420285
1602722421419
1602722423279
1602722425514
1602722426637
1602722428751
1602722430373
1602722431501
1602722432630
1602722433761
1602722434892
1602722437527
1602722438656
1602722439790
1602722441423
1602722442548
1602722443674
1602722444813
1602722446440
1602722447666
1602722448802
1602722450324
1602722451945
1602722453095
1602722454848
1602722455974
1602722457120
1602722458252
1602722461002
1602722462609
1602722463737
1602722464888
1602722466012
1602722467136
1602722468264
1602722470734
1602722472349
1602722474989
1602722476616
1602722477841
1602722478968
1602722480096
1602722481225
1602722482347
1602722483464
1602722485972
1602722487091
1602722488223
1602722489349
1602722490469
1602722491589
1602722492719
1602722493847
1602722494972
1602722496105
1602722497613
1602722498736
1602722499867
1602722501000
1602722502151
1602722503266
1602722504988
1602722506119
1602722507250
1602722509092
1602722510723
1602722511843
1602722513980
1602722515105
1602722517751
1602722518882
1602722520012
1602722521151
1602722522626
1602722523750
1602722525491
1602722528130
1602722529270
1602722530401
1602722532993
1602722534116
1602722535848
1602722538080
1602722539224
1602722540352
1602722541482
1602722542605
1602722543748
1602722544874
1602722547351
1602722548489
1602722549619
1602722552218
1602722553347
1602722555470
1602722556594
1602722557724
1602722558854
1602722560029
1602722561148
1602722563210
1602722564338
1602722565489
1602722566622
1602722568722
1602722570320
1602722571448
1602722574683
1602722575814
1602722576941
1602722578068
1602722579215
1602722580346
1602722581502
1602722582648
1602722583778
1602722584897
1602722586017
1602722587138
1602722588266
1602722589397
1602722591959
1602722593586
1602722594712
1602722595852
1602722596980
1602722599710
1602722600831
1602722601978
1602722603625
1602722604751
1602722605876
1602722607007
1602722608484
1602722610115
1602722611251
1602722613375
1602722614503
1602722615619
1602722616770
1602722618418
1602722622366
1602722623493
1602722624615
1602722626256
1602722627379
1602722628502
1602722630036
1602722631189
1602722632310
1602722633434
1602722634577
1602722635803
1602722636930
1602722638052
1602722640687
1602722641813
1602722642965
1602722644103
1602722645229
1602722646353
1602722647472
1602722648604
1602722649726
1602722650857
1602722652372
1602722653502
1602722655005
1602722656254
1602722657377
1602722658499
1602722659626
1602722661094
1602722662215
1602722663348
1602722664462
1602722665603
1602722666738
1602722667859
1602722669472
1602722670607
1602722671732
1602722674387
1602722675513
1602722676647
1602722677769
1602722678902
1602722680524
1602722681646
1602722682770
1602722683899
1602722685023
1602722686653
1602722687777
1602722688909
1602722690524
1602722691675
1602722693399
1602722694528
1602722695651
1602722697152
1602722698310
1602722699447
1602722700573
1602722701702
1602722702835
1602722703984
1602722705107
1602722706231
1602722707344
1602722708469
1602722709596
1602722712237
1602722713872
1602722720060
1602722726251
1602722729944
1602722732131
1602722734518
1602722737158
1602722738276
1602722739442
1602722740567
1602722741690
1602722742813
1602722744135
1602722745778
1602722746913
1602722748047
1602722749201
1602722750328
1602722751479
1602722752642
1602722753790
1602722755092
1602722757340
1602722758467
1602722759606
1602722760732
1602722761877
1602722763021
1602722765678
1602722768323
1602722770963
1602722772125
1602722773266
1602722774396
1602722775515
1602722776642
1602722777781
1602722779289
1602722780415
1602722781924
1602722784567
1602722785696
1602722787196
1602722789837
1602722790993
1602722792138
1602722793275
1602722794401
1602722795532
1602722796661
1602722797790
1602722798924
1602722800045
1602722801170
1602722802810
1602722803937
1602722805066
1602722806191
1602722807914
1602722809941
1602722811561
1602722812685
1602722815336
1602722816463
1602722819105
1602722820277
1602722821771
1602722822903
1602722824053
1602722825184
1602722826302
1602722827879
1602722829007
1602722830133
1602722831254
1602722832792
1602722833929
1602722835458
1602722836585
1602722838100
1602722840724
1602722842351
1602722843477
1602722844609
1602722845743
1602722847874
1602722849479
1602722851115
1602722852242
1602722853381
1602722854503
1602722856150
1602722857276
1602722858400
1602722859527
1602722862168
1602722863405
1602722866079
1602722867722
1602722868853
1602722869981
1602722871661
1602722873236
1602722874387
1602722875516
1602722876639
1602722878280
1602722879899
1602722881033
1602722883779
1602722884908
1602722886036
1602722887162
1602722888325
1602722889803
1602722890928
1602722892053
1602722893182
1602722894926
1602722896058
1602722897593
1602722899208
1602722900348
1602722901478
1602722902610
1602722903750
1602722904877
1602722907523
1602722908647
1602722909786
1602722912394
1602722915038
1602722916173
1602722917296
1602722918441
1602722921162
1602722922292
1602722923425
1602722924547
1602722925668
1602722926795
1602722928947
1602722930564
1602722931706
1602722932849
1602722933981
1602722935116
1602722936257
1602722937444
1602722938567
1602722939691
1602722940816
1602722942249
1602722943379
1602722944527
1602722945655
1602722946787
1602722948120
1602722949243
1602722950371
1602722951499
1602722953026
1602722954655
1602722956276
1602722957948
1602722959577
1602722960701
1602722961832
1602722962962
1602722964084
1602722965207
1602722967360
1602722968495
1602722969629
1602722970756
1602722973532
1602722974646
1602722975769
1602722976886
1602722978020
1602722979423
1602722980549
1602722981674
1602722983296
1602722984920
1602722986042
1602722987163
1602722988287
1602722989417
1602722990536
1602722991658
1602722994444
1602722995587
1602722998262
1602722999383
1602723000874
1602723003534
1602723004804
1602723006419
1602723008060
1602723009185
1602723010309
1602723011435
1602723013575
1602723014690
1602723016336
1602723017468
1602723019553
1602723020694
1602723021819
1602723022949
1602723024076
1602723025206
1602723026864
1602723027989
1602723029761
1602723030884
1602723032004
1602723034041
1602723035664
1602723036783
1602723037912
1602723039038
1602723040158
1602723041297
1602723042427
1602723043555
1602723044675
1602723045807
1602723046957
1602723048079
1602723050210
1602723051335
1602723052470
1602723053609
1602723055112
1602723056241
1602723057384
1602723058988
1602723060115
1602723061254
1602723063290
1602723064909
1602723066539
1602723067668
1602723068815
1602723071416
1602723072542
1602723073676
1602723074801
1602723076900
1602723078025
1602723079173
1602723080303
1602723082456
1602723083584
1602723084717
1602723086943
1602723088070
1602723089185
1602723090310
1602723091435
1602723092581
1602723093699
1602723094821
1602723095957
1602723097083
1602723098218
1602723099740
1602723100865
1602723102369
1602723103994
1602723105630
1602723106759
1602723107884
1602723109004
1602723110639
1602723111784
1602723112907
1602723115584
1602723116713
1602723117839
1602723118974
1602723120119
1602723121254
1602723123928
1602723125550
1602723126678
1602723127806
1602723129327
1602723130454
1602723131611
1602723132746
1602723133893
1602723135017
1602723136141
1602723137258
1602723138387
1602723139521
1602723140655
1602723141779
1602723143286
1602723145929
1602723147542
1602723148666
1602723150186
1602723152864
1602723153984
1602723155108
1602723156233
1602723157357
1602723158484
1602723159607
1602723160739
1602723163415
1602723164538
1602723165664
1602723166794
1602723167925
1602723170559
1602723172204
1602723173329
1602723174459
1602723176102
1602723177220
1602723178358
1602723181129
1602723183775
1602723186419
1602723187574
1602723188698
1602723189829
1602723190945
1602723192070
1602723193200
1602723194319
1602723195447
1602723196571
1602723198088
1602723199215
1602723200340
1602723201470
1602723202595
1602723204099
1602723205223
1602723206350
1602723207477
1602723208607
1602723210134
1602723211266
1602723212902
1602723214023
1602723216163
1602723217291
1602723218419
1602723219547
1602723220663
1602723221787
1602723222917
1602723225653
1602723227279
1602723228420
1602723231158
1602723232317
1602723233827
1602723234975
1602723236099
1602723237236
1602723238361
1602723239738
1602723240901
1602723242073
1602723243228
1602723244354
1602723245897
1602723247022
1602723248156
1602723249285
1602723256278
1602723257408
1602723258528
1602723261138
1602723262272
1602723263394
1602723264522
1602723266028
1602723267154
1602723269794
1602723272448
1602723273593
1602723276241
1602723278494
1602723280151
1602723281281
1602723282409
1602723290128
1602723295315
1602723296470
1602723297792
1602723299422
1602723301038
1602723302163
1602723305049
1602723306691
1602723307815
1602723308941
1602723310067
1602723311189
1602723312324
1602723313451
1602723314973
1602723317223
1602723318357
1602723319483
1602723320610
1602723321737
1602723322861
1602723323986
1602723325108
1602723326950
1602723328583
1602723329713
1602723330833
1602723333457
1602723335086
1602723336219
1602723338317
1602723340597
1602723341724
1602723343835
1602723345445
1602723347705
1602723349337
1602723350465
1602723351596
1602723352730
1602723353855
1602723355359
1602723356489
1602723358619
1602723361309
1602723362441
1602723363984
1602723366616
1602723367777
1602723369907
1602723371561
1602723372682
1602723373818
1602723374941
1602723376079
1602723378312
1602723380544
1602723383191
1602723385442
1602723386567
1602723387698
1602723388827
1602723389948
1602723391492
1602723394131
1602723395269
1602723397924
1602723399047
1602723399779
1602723400910
1602723402032
1602723403165
1602723404288
1602723405558
1602723406748
1602723408386
1602723410037
1602723411161
1602723412294
1602723415019
1602723416144
1602723417283
1602723418414
1602723419149
1602723420269
1602723421400
1602723422562
1602723424437
1602723425557
1602723427122
1602723428241
1602723429359
1602723431415
1602723432551
1602723435192
1602723436316
1602723437456
1602723439073
1602723440340
1602723441467
1602723442621
1602723444281
1602723445408
1602723446550
1602723449208
1602723450872
1602723451994
1602723453131
1602723454263
1602723455426
1602723456558
1602723457672
1602723458800
1602723460440
1602723461565
1602723462692
1602723463822
1602723464959
1602723467185
1602723468809
1602723469933
1602723471066
1602723473798
1602723474916
1602723476041
1602723478692
1602723479826
1602723481344
1602723482970
1602723484124
1602723486881
1602723488005
1602723490154
1602723491803
1602723492928
1602723494052
1602723495213
1602723496341
1602723497464
1602723499473
1602723500611
1602723502111
1602723503253
1602723505410
1602723506669
1602723507801
1602723508942
1602723513109
1602723514248
1602723515374
1602723516540
1602723517671
1602723519022
1602723521669
1602723522792
1602723523928
1602723525054
1602723526180
1602723527312
1602723528440
1602723529623
1602723532272
1602723533421
1602723534566
1602723535693
1602723536903
1602723538030
1602723539192
1602723540325
1602723542350
1602723543994
1602723545113
1602723547773
1602723548896
1602723550022
1602723551161
1602723553795
1602723554915
1602723557669
1602723558796
1602723559911
1602723561038
1602723562169
1602723563301
1602723564859
1602723566452
1602723568714
1602723569853
1602723571002
1602723572133
1602723573267
1602723574425
1602723575962
1602723578599
1602723579729
1602723580856
1602723581976
1602723583102
1602723584228
1602723585876
1602723587011
1602723588134
1602723589259
1602723590793
1602723591935
1602723593066
1602723594195
1602723595319
1602723596448
1602723598473
1602723599603
1602723600753
1602723601893
1602723603019
1602723604146
1602723605271
1602723606797
1602723609033
1602723610159
1602723611280
1602723613907
1602723615079
1602723616247
1602723617377
1602723618507
1602723619677
1602723620833
1602723621553
1602723622696
1602723623817
1602723624945
1602723626073
1602723627213
1602723629868
1602723630995
1602723632121
1602723633254
1602723634375
1602723635508
1602723636655
1602723637780
1602723638921
1602723640046
1602723642193
1602723643384
1602723644512
1602723645643
1602723647749
1602723648901
1602723650055
1602723651183
1602723652336
1602723653470
1602723655601
1602723656732
1602723657888
1602723659538
1602723661177
1602723662362
1602723663873
1602723664996
1602723666153
1602723668891
1602723670008
1602723671134
1602723672262
1602723673434
1602723674561
1602723676224
1602723677360
1602723678483
1602723679619
1602723680737
1602723681879
1602723683013
1602723684130
1602723685246
1602723686370
1602723687511
1602723688660
1602723689789
1602723691256
1602723692396
1602723693546
1602723696194
1602723697322
1602723698451
1602723699583
1602723700703
1602723702364
1602723703493
1602723704646
1602723705771
1602723706894
1602723709545
1602723710672
1602723712198
1602723713330
1602723714492
1602723715628
1602723716763
1602723717903
1602723719040
1602723720166
1602723721301
1602723722461
1602723723622
1602723724763
1602723725896
1602723727039
1602723728164
1602723730670
1602723732286
1602723733397
1602723734543
1602723736036
1602723737708
1602723738829
1602723739955
1602723741080
1602723742204
1602723743332
1602723744458
1602723745590
1602723746714
1602723747866
1602723749023
1602723751692
1602723754340
1602723755463
1602723757589
1602723761931
1602723763053
1602723764182
1602723765308
1602723766434
1602723769036
1602723770167
1602723771904
1602723773036
1602723775180
1602723776307
1602723777950
1602723779083
1602723780253
1602723781390
1602723782539
1602723783699
1602723786295
1602723787451
1602723788571
1602723789708
1602723790838
1602723793488
1602723794621
1602723795750
1602723796875
1602723798027
1602723799158
1602723800283
1602723801423
1602723802536
1602723805230
1602723806812
1602723809455
1602723812111
1602723814774
1602723815906
1602723817043
1602723818574
1602723819724
1602723820850
1602723823486
1602723824627
1602723827276
1602723828424
1602723829564
1602723831188
1602723832848
1602723834493
1602723836099
1602723837729
1602723839355
1602723840491
1602723842045
1602723843166
1602723844357
1602723845499
1602723847008
1602723848606
1602723849735
1602723850863
1602723851994
1602723854658
1602723855776
1602723856957
1602723858079
1602723859219
1602723861938
1602723863065
1602723864211
1602723865369
1602723866498
1602723867647
1602723868773
1602723869908
1602723871043
1602723872664
1602723874341
1602723876602
1602723877739
1602723878869
1602723879994
1602723887567
1602723888690
1602723890424
1602723891547
1602723892677
1602723894977
1602723896107
1602723897247
1602723898890
1602723900009
1602723901149
1602723902287
1602723903429
1602723904574
1602723905744
1602723908407
1602723909555
1602723910682
1602723911808
1602723912946
1602723915607
1602723916737
1602723917866
1602723919049
1602723920175
1602723921296
1602723922452
1602723923573
1602723924752
1602723925876
1602723927416
1602723928569
1602723929710
1602723931961
1602723933213
1602723934845
1602723935973
1602723937615
1602723939284
1602723940436
1602723941561
1602723942689
1602723943828
1602723944961
1602723946107
1602723948777
1602723949905
1602723951033
1602723952672
1602723953819
1602723954961
1602723957614
1602723958748
1602723959885
1602723961031
1602723962300
1602723963437
1602723965353
1602723966484
1602723967614
1602723970301
1602723971430
1602723972554
1602723973689
1602723974812
1602723976256
1602723977398
1602723978525
1602723979653
1602723981190
1602723982326
1602723983457
1602723984598
1602723987342
1602723988471
1602723989593
1602723990720
1602723991918
1602723993053
1602723995299
1602723996423
1602723997569
1602723998709
1602723999837
1602724000968
1602724002107
1602724003232
1602724004785
1602724005921
1602724007052
1602724008207
1602724009341
1602724010469
1602724011594
1602724012718
1602724013854
1602724015000
1602724016126
1602724017266
1602724018744
1602724019873
1602724021035
1602724022182
1602724023690
1602724024847
1602724026412
1602724027995
1602724029624
1602724030752
1602724031881
1602724033011
1602724034157
1602724035284
1602724036483
1602724037624
1602724038788
1602724039918
1602724042155
1602724043289
1602724044440
1602724045574
1602724047097
1602724048233
1602724049363
1602724050512
1602724051644
1602724052837
1602724054557
1602724056198
1602724057810
1602724059458
1602724060630
1602724061762
1602724062888
1602724065035
1602724066167
1602724068315
1602724069448
1602724070562
1602724071689
1602724072842
1602724073969
1602724075128
1602724076260
1602724077379
1602724080014
1602724082295
1602724084956
1602724086606
1602724088219
1602724089868
1602724091002
1602724092139
1602724093273
1602724094421
1602724096078
1602724097724
1602724099350
1602724100491
1602724101984
1602724103128
1602724104637
1602724105775
1602724106906
1602724108029
1602724109160
1602724110307
1602724112441
1602724114086
1602724115225
1602724116359
1602724117494
1602724118665
1602724119787
1602724121402
1602724122563
1602724124068
1602724125193
1602724126320
1602724127454
1602724128588
1602724129711
1602724130837
1602724131970
1602724133591
1602724136248
1602724137383
1602724138884
1602724140523
1602724141691
1602724143477
1602724144609
1602724146807
1602724149467
1602724150655
1602724151829
1602724153370
1602724154529
1602724156644
1602724158296
1602724159436
1602724160562
1602724161696
1602724162839
1602724164896
1602724166054
1602724167182
1602724168695
1602724170426
1602724171557
1602724172684
1602724173811
1602724174986
1602724176104
1602724177228
1602724178358
1602724179472
1602724180603
1602724181725
1602724182871
1602724184003
1602724185173
1602724187175
1602724188311
1602724189508
1602724190669
1602724191820
1602724193787
1602724195433
1602724198067
1602724199731
1602724200871
1602724202071
1602724203191
1602724204321
1602724205465
1602724208114
1602724209764
1602724212438
1602724213574
1602724215689
1602724217337
1602724218462
1602724219601
1602724220739
1602724223420
1602724224549
1602724226074
1602724227216
1602724228384
1602724229964
1602724231094
1602724232218
1602724233348
1602724236000
1602724237637
1602724238767
1602724239895
1602724241057
1602724242586
1602724243791
1602724245339
1602724248093
1602724249718
1602724250863
1602724252008
1602724258166
1602724259302
1602724260517
1602724261659
1602724263215
1602724264880
1602724266023
1602724267680
1602724268821
1602724269957
1602724272638
1602724274273
1602724275935
1602724277071
1602724278871
1602724280579
1602724282202
1602724283348
1602724284488
1602724286233
1602724287900
1602724290139
1602724292408
1602724293541
1602724294682
1602724295836
1602724296968
1602724298096
1602724299628
1602724300784
1602724303449
1602724304578
1602724306103
1602724307255
1602724309931
1602724311071
1602724312193
1602724313331
1602724314462
1602724315588
1602724317124
1602724319812
1602724320991
1602724323182
1602724324796
1602724325943
1602724327106
1602724328279
1602724329418
1602724331442
1602724332579
1602724333708
1602724334862
1602724336003
1602724337639
1602724338845
1602724341592
1602724342747
1602724343893
1602724345046
1602724346191
1602724347724
1602724348899
1602724351610
1602724352740
1602724353875
1602724355008
1602724356539
1602724357676
1602724358839
1602724361429
1602724363050
1602724364188
1602724366852
1602724367980
1602724369117
1602724370258
1602724371383
1602724372551
1602724374195
1602724375333
1602724376452
1602724377973
1602724385639
1602724386791
1602724387945
1602724389082
1602724390219
1602724392450
1602724393604
1602724395162
1602724397820
1602724398973
1602724401127
1602724402255
1602724403385
1602724404535
1602724405669
1602724406840
1602724408438
1602724411096
1602724412236
1602724413352
1602724415514
1602724416738
1602724417853
1602724418994
1602724420117
1602724421254
1602724423312
1602724424458
1602724425616
1602724426742
1602724428929
1602724430062
1602724431273
1602724432386
1602724433511
1602724434642
1602724435784
1602724436929
1602724438075
1602724439207
1602724440354
1602724441481
1602724442670
1602724443809
1602724444935
1602724446058
1602724448095
1602724449262
1602724451950
1602724453074
1602724454266
1602724455921
1602724457063
1602724458203
1602724459363
1602724460860
1602724461993
1602724463125
1602724465846
1602724466974
1602724468118
1602724469611
1602724470741
1602724471951
1602724473094
1602724474224
1602724476899
1602724478050
1602724479592
1602724482260
1602724483384
1602724484908
1602724486056
1602724487190
1602724488306
1602724489978
1602724491125
1602724492265
1602724494904
1602724497576
1602724498728
1602724499871
1602724502591
1602724503741
1602724505914
1602724507051
1602724510944
1602724512068
1602724513748
1602724514877
1602724516002
1602724517162
1602724518861
1602724521102
1602724522234
1602724523886
1602724525529
1602724527825
1602724529477
1602724530244
1602724532895
1602724534019
1602724535161
1602724536831
1602724537966
1602724539114
1602724540685
1602724541808
1602724542943
1602724544085
1602724545237
1602724546386
1602724547908
1602724550598
1602724551748
1602724552880
1602724554013
1602724555149
1602724556281
1602724557651
1602724558829
1602724560007
1602724561181
1602724562302
1602724563428
1602724564563
1602724565850
1602724567493
1602724568635
1602724570144
1602724571882
1602724574572
1602724575693
1602724576832
1602724577974
1602724579102
1602724581121
1602724582750
1602724583883
1602724586559
1602724588231
1602724590468
1602724592721
1602724594359
1602724595993
1602724597643
1602724598768
1602724600928
1602724603596
1602724605235
1602724606392
1602724607522
1602724609158
1602724610284
1602724611425
1602724613465
1602724614610
1602724615775
1602724616904
1602724618039
1602724619568
1602724621256
1602724622429
1602724623614
1602724625156
1602724626295
1602724627432
1602724628589
1602724629728
1602724631778
1602724637691
1602724638835
1602724639947
1602724641071
1602724642195
1602724643363
1602724645051
1602724646188
1602724648302
1602724649433
1602724650561
1602724651693
1602724654230
1602724655397
1602724658160
1602724659290
1602724660436
1602724662182
1602724663321
1602724665108
1602724666713
1602724668988
1602724670641
1602724673288
1602724674998
1602724676150
1602724678831
1602724679958
1602724682136
1602724683796
1602724684958
1602724686106
1602724687314
1602724688452
1602724690431
1602724691992
1602724693632
1602724694758
1602724695885
1602724697017
1602724698203
1602724699846
1602724700984
1602724702150
1602724703285
1602724704915
1602724706063
1602724707193
1602724708328
1602724709772
1602724712465
1602724714139
1602724715766
1602724716894
1602724718457
1602724719599
1602724720734
1602724721864
1602724723525
1602724724659
1602724725819
1602724726946
1602724728071
1602724729709
1602724730839
1602724732956
1602724734115
1602724735259
1602724736908
1602724738073
1602724740146
1602724741365
1602724742518
1602724743655
1602724744801
1602724745982
1602724747514
1602724749122
1602724750252
1602724751385
1602724752595
1602724753717
1602724754863
1602724755990
1602724757133
1602724759747
1602724760877
1602724762000
1602724763186
1602724764317
1602724765459
1602724767924
1602724769062
1602724770193
1602724771842
1602724772968
1602724774091
1602724775282
1602724776405
1602724777610
1602724778749
1602724779910
1602724782589
1602724783719
1602724784849
1602724786001
1602724787694
1602724789356
1602724790518
1602724791661
1602724792825
1602724793957
1602724796105
1602724797301
1602724799347
1602724800473
1602724802046
1602724803189
1602724805306
1602724808016
1602724809148
1602724810402
1602724812000
1602724813150
1602724814665
1602724817334
1602724818454
1602724819650
1602724820800
1602724821937
1602724823060
1602724824204
1602724825333
1602724826453
1602724828626
1602724829749
1602724830887
1602724832019
1602724833727
1602724834860
1602724836271
1602724837384
1602724838511
1602724839669
1602724840820
1602724841953
1602724844172
1602724845303
1602724847471
1602724848619
1602724850762
1602724851944
1602724853076
1602724854200
1602724856233
1602724857372
1602724858523
1602724859648
1602724860780
1602724861915
1602724864567
1602724866185
1602724867321
1602724868875
1602724870000
1602724871143
1602724872297
1602724873434
1602724875390
1602724877048
1602724878181
1602724879340
1602724880479
1602724886666
1602724890335
1602724892979
1602724894135
1602724895270
1602724896399
1602724897540
1602724900188
1602724901840
1602724902989
1602724904139
1602724905265
1602724907252
1602724908394
1602724910519
1602724911661
1602724913874
1602724915511
1602724916648
1602724917779
1602724918910
1602724920040
1602724921173
1602724923222
1602724924385
1602724925548
1602724926665
1602724927786
1602724930475
1602724933121
1602724935798
1602724936933
1602724938146
1602724940739
1602724941869
1602724943013
1602724944191
1602724946350
1602724947994
1602724949110
1602724951317
1602724952514
1602724953700
1602724954838
1602724955964
1602724957126
1602724959092
1602724960225
1602724961362
1602724962939
1602724964502
1602724965652
1602724966782
1602724967916
1602724969047
1602724970188
1602724971330
1602724973289
1602724974418
1602724976559
1602724978328
1602724979901
1602724981043
1602724982194
1602724983414
1602724984585
1602724985718
1602724986902
1602724988399
1602724990137
1602724992805
1602724993930
1602724995067
1602724997704
1602724998844
1602725001002
1602725002156
1602725003294
1602725004447
1602725005582
1602725006724
1602725008380
1602725011840
1602725013223
1602725015969
1602725017560
1602725018691
1602725019830
1602725022528
1602725023673
1602725025853
1602725026987
1602725028131
1602725029279
1602725030403
1602725031549
1602725032682
1602725033826
1602725036563
1602725037701
1602725038923
1602725040091
1602725041250
1602725042421
1602725043559
1602725044727
1602725046512
1602725047648
1602725048811
1602725049965
1602725051108
1602725052284
1602725053445
1602725054593
1602725055775
1602725058352
1602725059487
1602725060617
1602725062349
1602725063512
1602725065597
1602725067256
1602725068944
1602725070064
1602725072231
1602725073488
1602725074626
1602725075761
1602725076889
1602725078038
1602725079159
1602725080377
1602725081548
1602725082699
1602725083861
1602725085408
1602725086585
1602725087766
1602725089286
1602725090865
1602725092585
1602725093720
1602725095943
1602725097080
1602725098207
1602725099346
1602725100889
1602725102055
1602725103679
1602725104872
1602725106033
1602725107162
1602725109224
1602725110384
1602725112623
1602725114221
1602725115398
1602725116553
1602725117688
1602725118829
1602725119959
1602725121096
1602725122265
1602725123420
1602725126073
1602725127772
1602725128908
1602725130054
1602725131258
1602725132428
1602725135338
1602725136472
1602725137776
1602725139045
1602725141719
1602725142846
1602725143971
1602725146638
1602725147786
1602725148943
1602725150077
1602725151634
1602725152793
1602725153938
1602725155075
1602725156213
1602725157366
1602725158494
1602725159626
1602725161699
1602725162910
1602725164113
1602725166759
1602725169428
1602725170582
1602725171743
1602725172872
1602725174005
1602725175462
1602725176606
1602725177766
1602725178925
1602725180064
1602725181279
1602725183679
1602725184851
1602725186030
1602725187168
1602725188299
1602725189437
1602725190607
1602725191851
1602725192994
1602725195677
1602725196807
1602725198000
1602725199143
1602725200674
1602725201817
1602725202974
1602725205645
1602725207290
1602725208504
1602725210208
1602725211962
1602725213096
1602725214313
1602725216306
1602725218998
1602725220157
1602725222298
1602725223478
1602725224630
1602725225780
1602725226923
1602725228879
1602725231566
1602725232290
1602725233423
1602725234856
1602725236004
1602725237149
1602725238841
1602725239966
1602725241095
1602725242652
1602725243802
1602725244952
1602725246089
1602725247249
1602725248407
1602725249539
1602725250913
1602725252591
1602725254378
1602725256102
1602725257237
1602725263466
1602725264629
1602725265780
1602725266995
1602725269719
1602725272425
1602725274030
1602725275168
1602725276709
1602725277851
1602725278992
1602725280145
1602725281309
1602725282472
1602725283654
1602725284922
1602725286076
1602725287594
1602725288737
1602725289871
1602725292645
1602725294295
1602725295967
1602725297131
1602725298294
1602725299438
1602725300605
1602725301809
1602725302971
1602725305635
1602725308311
1602725309441
1602725310566
1602725311696
1602725312825
1602725314319
1602725315483
1602725316629
1602725317806
1602725318995
1602725320132
1602725321813
1602725322950
1602725324150
1602725326723
1602725328046
1602725329692
1602725331023
1602725332958
1602725334097
1602725336324
1602725337453
1602725338595
1602725339727
1602725340900
1602725342085
1602725343243
1602725344433
1602725345572
1602725346749
1602725347943
1602725349084
1602725350890
1602725353546
1602725354735
1602725355876
1602725358523
1602725359707
1602725360876
1602725362580
1602725363707
1602725364899
1602725366055
1602725367204
1602725368365
1602725369527
1602725370683
1602725373399
1602725374552
1602725376081
1602725377239
1602725378415
1602725379542
1602725380709
1602725382404
1602725383550
1602725384731
1602725385872
1602725390342
1602725391532
1602725392680
1602725393809
1602725394950
1602725396152
1602725397603
1602725398749
1602725399884
1602725401066
1602725403246
1602725404390
1602725405517
1602725406742
1602725407893
1602725409053
1602725410202
1602725411404
1602725412570
1602725414059
1602725415228
1602725416420
1602725417546
1602725418705
1602725419865
1602725421044
1602725422760
1602725424393
1602725425535
1602725426740
1602725427889
1602725429013
1602725430153
1602725431326
1602725432479
1602725433609
1602725436298
1602725437430
1602725440103
1602725441747
1602725442872
1602725445579
1602725446707
1602725447850
1602725449495
1602725450622
1602725451776
1602725452939
1602725454088
1602725455868
1602725457566
1602725458697
1602725459826
1602725461590
1602725463185
1602725464329
1602725466569
1602725468205
1602725469962
1602725471719
1602725472854
1602725473980
1602725475105
1602725476237
1602725477573
1602725478886
1602725480037
1602725481189
1602725482314
1602725483550
1602725484705
1602725485852
1602725489015
1602725490349
1602725491489
1602725492629
1602725494171
1602725495788
1602725496911
1602725498054
1602725499214
1602725500373
1602725501556
1602725503297
1602725504614
1602725506275
1602725508972
1602725511258
1602725516528
1602725517668
1602725518819
1602725520017
1602725521216
1602725522354
1602725523531
1602725525520
1602725526659
1602725528854
1602725530496
1602725532833
1602725533960
1602725535518
1602725536648
1602725537827
1602725540418
1602725542069
1602725543259
1602725544405
1602725545534
1602725546671
1602725548769
1602725549894
1602725551028
1602725552174
1602725553325
1602725556013
1602725557648
1602725558818
1602725559971
1602725561116
1602725562615
1602725564231
1602725566903
1602725569614
1602725572322
1602725573458
1602725574616
1602725575791
1602725577245
1602725580002
1602725581165
1602725582691
1602725584359
1602725585557
1602725587701
1602725588857
1602725590000
1602725591297
1602725592436
1602725593602
1602725594739
1602725596649
1602725599322
1602725600461
1602725601597
1602725602740
1602725603902
1602725606924
1602725609610
1602725610792
1602725611933
1602725614561
1602725615746
1602725618472
1602725621131
1602725622268
1602725624477
1602725625614
1602725626755
1602725629439
1602725630596
1602725632328
1602725633475
1602725634608
1602725635788
1602725636920
1602725638098
1602725639216
1602725640359
1602725642544
1602725643806
1602725645013
1602725646168
1602725648152
1602725649345
1602725650618
1602725651778
1602725654334
1602725657226
1602725658352
1602725659494
1602725660647
1602725662883
1602725664016
1602725665174
1602725666303
1602725667434
1602725668615
1602725669777
1602725671717
1602725672849
1602725674009
1602725675154
1602725676319
1602725677482
1602725678634
1602725679771
1602725680931
1602725683591
1602725684740
1602725685903
1602725687063
1602725688211
1602725689357
1602725690498
1602725693161
1602725694350
1602725696459
1602725697682
1602725699162
1602725700299
1602725701472
1602725704230
1602725705990
1602725707141
1602725708311
1602725709519
1602725710961
1602725712117
1602725713273
1602725714427
1602725715605
1602725716834
1602725718037
1602725719365
1602725720989
1602725722127
1602725724290
1602725725411
1602725726563
1602725728627
1602725729771
1602725730906
1602725732081
1602725733254
1602725734857
1602725736620
1602725737817
1602725739005
1602725740190
1602725741427
1602725742579
1602725744337
1602725745532
1602725746677
1602725749324
1602725751056
1602725752274
1602725754407
1602725756088
1602725757798
1602725760218
1602725761395
1602725768241
1602725769367
1602725770778
1602725771907
1602725773052
1602725774672
1602725775808
1602725777347
1602725778488
1602725780668
1602725783367
1602725785017
1602725786142
1602725787376
1602725788522
1602725790724
1602725791897
1602725793027
1602725794576
1602725795744
1602725796893
1602725799606
1602725800748
1602725801886
1602725803447
1602725804603
1602725806789
1602725807935
1602725809069
1602725810220
1602725811378
1602725812549
1602725813735
1602725814930
1602725816111
1602725817271
1602725818397
1602725820597
1602725822203
1602725823994
1602725825607
1602725826813
1602725827952
1602725829094
1602725830311
1602725831494
1602725832640
1602725833769
1602725835418
1602725836539
1602725837740
1602725838898
1602725840113
1602725841259
1602725842830
1602725843974
1602725845130
1602725847802
1602725848939
1602725850479
1602725852428
1602725853571
1602725855220
1602725857922
1602725860275
1602725861425
1602725862590
1602725865288
1602725866429
1602725867597
1602725868727
1602725871403
1602725872537
1602725873741
1602725874923
1602725876088
1602725877224
1602725878352
1602725879495
1602725880621
1602725881811
1602725882959
1602725884152
1602725885380
1602725887778
1602725889455
1602725890580
1602725891705
1602725892902
1602725894489
1602725896237
1602725897370
1602725898516
1602725899658
1602725902254
1602725904937
1602725906084
1602725907270
1602725908434
1602725909592
1602725910724
1602725911866
1602725912992
1602725914111
1602725915288
1602725916415
1602725918745
1602725920413
1602725923079
1602725924224
1602725925353
1602725927405
1602725929026
1602725930158
1602725931299
1602725932457
1602725933587
1602725936284
1602725937426
1602725938613
1602725941296
1602725942475
1602725944185
1602725945382
1602725946570
1602725947780
1602725948904
1602725950029
1602725951179
1602725952316
1602725954694
1602725955888
1602725958585
1602725959728
1602725960861
1602725961989
1602725963168
1602725964321
1602725965462
1602725966611
1602725967726
1602725968859
1602725970001
1602725971176
1602725972549
1602725973790
1602725974940
1602725976086
1602725978135
1602725979819
1602725980950
1602725982091
1602725983272
1602725985778
1602725986913
1602725988053
1602725989237
1602725990407
1602725991567
1602725992698
1602725993836
1602725994976
1602725996111
1602725997283
1602726000030
1602726001177
1602726002344
1602726003559
1602726005850
1602726007510
1602726009135
1602726010296
1602726011435
1602726012584
1602726018864
1602726023527
1602726025205
1602726026368
1602726027647
1602726028822
1602726029972
1602726031105
1602726032861
1602726033989
1602726035134
1602726037822
1602726038963
1602726040146
1602726042959
1602726044088
1602726045236
1602726046379
1602726047538
1602726049086
1602726051779
1602726052921
1602726054066
1602726055228
1602726056771
1602726057898
1602726059051
1602726060219
1602726062962
1602726064137
1602726066306
1602726068964
1602726070665
1602726071804
1602726073395
1602726074590
1602726077353
1602726078483
1602726079646
1602726080775
1602726083608
1602726084858
1602726087573
1602726088746
1602726090235
1602726092575
1602726095234
1602726098005
1602726099167
1602726100295
1602726101689
1602726104446
1602726105594
1602726106713
1602726107907
1602726109079
1602726110251
1602726111974
1602726113146
1602726114326
1602726115480
1602726116614
1602726117751
1602726118929
1602726120461
1602726122285
1602726123445
1602726124602
1602726127399
1602726128917
1602726130072
1602726132163
1602726133863
1602726135014
1602726136195
1602726137370
1602726138500
1602726139643
1602726140792
1602726141948
1602726143157
1602726144303
1602726145539
1602726146681
1602726147841
1602726149949
1602726151179
1602726152342
1602726153473
1602726154599
1602726155752
1602726157389
1602726158550
1602726159739
1602726162356
1602726163999
1602726165179
1602726166341
1602726167518
1602726168655
1602726169793
1602726170983
1602726172130
1602726173677
1602726174808
1602726175957
1602726177087
1602726178268
1602726179453
1602726181799
1602726184476
1602726187237
1602726188408
1602726190518
1602726191667
1602726192835
1602726193995
1602726196866
1602726197999
1602726199150
1602726201904
1602726203074
1602726204217
1602726205355
1602726206499
1602726209019
1602726210314
1602726211584
1602726212985
1602726214698
1602726216305
1602726218998
1602726220165
1602726221298
1602726222856
1602726224027
1602726226829
1602726227963
1602726229122
1602726230872
1602726232544
1602726233735
1602726234895
1602726237574
1602726238708
1602726239852
1602726241021
1602726243764
1602726244941
1602726246133
1602726247328
1602726250071
1602726251223
1602726252391
1602726253536
1602726254716
1602726255933
1602726257134
1602726258301
1602726259478
1602726260630
1602726262034
1602726269862
1602726270991
1602726273175
1602726274371
1602726275521
1602726277121
1602726278262
1602726279446
1602726280591
1602726281753
1602726283073
1602726284276
1602726285423
1602726286580
1602726287743
1602726290421
1602726291561
1602726292697
1602726293851
1602726294989
1602726297205
1602726298403
1602726299554
1602726301333
1602726302515
1602726303757
1602726304897
1602726306027
1602726307183
1602726308455
1602726309614
1602726310756
1602726311934
1602726313110
1602726314278
1602726315538
1602726316755
1602726318011
1602726319183
1602726320383
1602726321617
1602726322747
1602726323891
1602726325231
1602726326358
1602726327515
1602726328697
1602726333004
1602726334150
1602726335519
1602726336771
1602726338889
1602726340025
1602726341224
1602726342365
1602726345026
1602726346275
1602726348314
1602726349473
1602726350982
1602726352601
1602726353827
1602726354972
1602726356961
1602726358570
1602726360613
1602726363634
1602726365309
1602726367962
1602726369138
1602726370310
1602726373035
1602726374188
1602726376598
1602726379282
1602726380423
1602726381591
1602726382765
1602726383928
1602726385057
1602726386574
1602726387712
1602726389499
1602726391999
1602726394735
1602726395900
1602726398578
1602726401360
1602726403098
1602726404232
1602726405409
1602726407125
1602726408252
1602726409382
1602726410541
1602726411710
1602726412845
1602726413998
1602726415119
1602726416298
1602726417502
1602726418644
1602726421154
1602726422366
1602726424528
1602726425698
1602726426875
1602726428012
1602726429163
1602726430333
1602726431489
1602726433321
1602726436034
1602726437301
1602726438764
1602726440559
1602726441742
1602726444440
1602726445648
1602726447751
1602726450465
1602726451593
1602726453225
1602726454368
1602726455524
1602726458212
1602726459407
1602726460551
1602726461695
1602726462903
1602726465619
1602726466758
1602726467903
1602726469037
1602726471146
1602726472280
1602726473420
1602726476068
1602726477205
1602726481673
1602726482976
1602726484144
1602726486890
1602726488019
1602726489738
1602726490873
1602726492010
1602726494936
1602726496115
1602726498022
1602726499164
1602726500316
1602726501455
1602726502638
1602726504146
1602726505354
1602726506526
1602726509198
1602726511854
1602726512985
1602726514178
1602726515332
1602726519796
1602726522473
1602726523599
1602726524774
1602726527450
1602726528637
1602726529460
1602726530598
1602726533283
1602726534480
1602726535782
1602726538207
1602726540897
1602726542118
1602726543838
1602726544981
1602726546118
1602726547263
1602726548439
1602726549581
1602726550720
1602726551916
1602726554164
1602726555403
1602726557497
1602726558626
1602726559927
1602726561491
1602726562619
1602726564209
1602726565852
1602726566987
1602726569204
1602726571865
1602726574666
1602726576302
1602726577938
1602726580601
1602726581780
1602726582973
1602726584107
1602726585249
1602726586427
1602726587582
1602726588751
1602726589882
1602726591633
1602726592799
1602726593991
1602726595163
1602726596372
1602726599128
1602726601941
1602726603119
1602726604674
1602726607366
1602726609008
1602726610157
1602726612891
1602726614313
1602726615470
1602726616597
1602726617759
1602726618888
1602726620262
1602726621871
1602726623025
1602726624566
1602726626231
1602726627867
1602726629506
1602726630779
1602726631916
1602726633451
1602726634583
1602726636182
1602726637829
1602726639004
1602726641688
1602726642832
1602726647149
1602726648284
1602726649457
1602726650597
1602726651844
1602726652998
1602726654129
1602726655262
1602726656399
1602726659044
1602726660297
1602726663034
1602726664189
1602726666352
1602726667478
1602726668627
1602726670136
1602726671278
1602726672495
1602726673796
1602726675018
1602726677808
1602726678945
1602726680076
1602726681259
1602726682379
1602726684633
1602726685817
1602726686947
1602726688081
1602726689426
1602726690605
1602726691902
1602726693051
1602726694194
1602726695380
1602726696581
1602726697782
1602726698916
1602726701627
1602726702778
1602726705493
1602726706757
1602726707931
1602726709149
1602726710314
1602726711468
1602726712611
1602726713767
1602726714915
1602726716089
1602726717613
1602726718791
1602726719963
1602726722696
1602726723933
1602726725437
1602726727204
1602726728904
1602726730030
1602726731234
1602726732435
1602726734821
1602726735982
1602726737169
1602726738340
1602726739503
1602726740707
1602726741997
1602726743243
1602726744393
1602726745678
1602726747082
1602726748244
1602726749370
1602726751988
1602726753125
1602726754260
1602726755413
1602726756570
1602726757761
1602726758999
1602726762112
1602726763271
1602726766124
1602726768946
1602726770742
1602726772334
1602726773494
1602726774709
1602726776764
1602726777934
1602726779094
1602726780316
1602726781496
1602726782656
1602726783848
1602726786625
1602726787776
1602726788907
1602726791675
1602726794388
1602726795531
1602726796822
1602726797966
1602726799492
1602726801155
1602726802490
1602726804602
1602726807528
1602726809233
1602726811930
1602726814633
1602726815771
1602726816921
1602726819728
1602726820894
1602726822100
1602726824626
1602726825923
1602726827051
1602726828218
1602726830751
1602726831922
1602726833162
1602726834340
1602726835677
1602726838690
1602726840138
1602726841383
1602726842557
1602726843695
1602726844874
1602726846450
1602726847735
1602726848894
1602726850041
1602726851215
1602726852718
1602726855420
1602726856573
1602726858108
1602726859257
1602726860426
1602726861548
1602726862677
1602726863829
1602726864961
1602726866103
1602726867236
1602726869309
1602726870473
1602726873249
1602726874891
1602726877563
1602726878758
1602726880293
1602726881418
1602726882727
1602726883856
1602726885004
1602726886188
1602726887369
1602726888529
1602726889856
1602726891018
1602726897703
1602726900285
1602726902535
1602726903787
1602726904979
1602726906240
1602726907386
1602726908564
1602726909718
1602726910926
1602726913740
1602726914894
1602726918174
1602726919371
1602726920508
1602726921642
1602726922830
1602726923992
1602726925159
1602726926419
1602726927548
1602726928683
1602726929830
1602726931001
1602726932181
1602726934463
1602726935630
1602726936824
1602726939486
1602726940704
1602726941860
1602726943037
1602726944173
1602726945836
1602726947537
1602726948812
1602726950026
1602726952465
1602726954076
1602726955758
1602726956952
1602726959658
1602726960869
1602726962050
1602726963464
1602726964830
1602726965996
1602726967722
1602726970456
1602726973193
1602726974353
1602726975486
1602726976672
1602726977798
1602726980363
1602726981506
1602726983053
1602726984777
1602726985917
1602726987124
1602726988276
1602726989449
1602726990599
1602726991738
1602726992878
1602726994650
1602726997347
1602726998496
1602727000028
1602727001163
1602727002319
1602727003522
1602727004673
1602727006451
1602727007603
1602727008773
1602727009904
1602727011086
1602727012275
1602727013418
1602727014649
1602727015791
1602727016911
1602727018064
1602727019237
1602727020381
1602727023036
1602727024267
1602727026456
1602727027632
1602727028804
1602727029931
1602727031108
1602727032356
1602727033831
1602727035398
1602727036550
1602727037738
1602727038927
1602727041977
1602727043222
1602727044387
1602727045565
1602727046693
1602727047864
1602727050549
1602727052174
1602727053307
1602727054498
1602727055730
1602727058302
1602727059686
1602727061325
1602727063010
1602727064187
1602727065347
1602727066987
1602727068134
1602727070291
1602727071465
1602727072592
1602727073723
1602727074855
1602727075982
1602727078212
1602727079358
1602727081088
1602727082682
1602727083872
1602727085127
1602727086316
1602727087924
1602727089055
1602727090616
1602727091750
1602727092893
1602727094042
1602727095652
1602727097279
1602727098435
1602727099625
1602727100824
1602727102043
1602727103243
1602727104391
1602727105693
1602727106836
1602727107955
1602727109123
1602727110264
1602727111777
1602727112952
1602727114099
1602727115265
1602727116461
1602727117612
1602727118807
1602727120317
1602727122034
1602727123172
1602727124381
1602727127248
1602727129972
1602727131110
1602727133271
1602727134892
1602727136594
1602727137842
1602727139038
1602727140237
1602727141476
1602727143098
1602727144874
1602727147397
1602727148552
1602727149689
1602727150900
1602727152404
1602727153564
1602727154699
1602727155857
1602727157371
1602727158556
1602727159708
1602727161329
1602727162464
1602727165152
1602727166365
1602727168034
1602727170705
1602727171855
1602727174550
1602727175690
1602727178389
1602727181066
1602727182204
1602727183339
1602727184535
1602727185747
1602727186879
1602727188023
1602727189150
1602727190276
1602727191408
1602727194105
1602727195240
1602727197953
1602727199160
1602727200863
1602727202059
1602727203209
1602727206068
1602727207227
1602727208873
1602727210583
1602727212315
1602727215408
1602727216559
1602727217690
1602727218859
1602727220180
1602727221347
1602727222597
1602727223758
1602727224909
1602727226608
1602727228367
1602727229520
1602727231063
1602727232193
1602727233344
1602727234904
1602727237641
1602727238779
1602727240515
1602727243246
1602727244404
1602727246530
1602727249229
1602727250368
1602727251494
1602727252635
1602727253792
1602727254991
1602727256650
1602727257780
1602727259061
1602727261797
1602727262956
1602727264097
1602727265391
1602727271695
1602727272827
1602727273957
1602727275146
1602727276303
1602727277494
1602727278626
1602727279791
1602727280946
1602727282076
1602727283239
1602727285355
1602727286551
1602727287682
1602727289102
1602727290222
1602727291414
1602727294117
1602727295272
1602727297062
1602727299897
1602727301127
1602727302287
1602727305020
1602727306173
1602727307316
1602727308507
1602727310205
1602727311921
1602727313051
1602727315768
1602727316921
1602727318156
1602727319372
1602727320901
1602727322163
1602727324286
1602727327028
1602727328163
1602727329297
1602727330478
1602727331606
1602727332803
1602727335012
1602727336193
1602727337368
1602727340219
1602727341383
1602727344150
1602727345893
1602727347047
1602727348225
1602727349412
1602727350659
1602727351816
1602727352987
1602727354140
1602727355295
1602727356508
1602727358029
1602727359173
1602727360327
1602727361516
1602727364243
1602727366002
1602727367149
1602727368291
1602727369530
1602727372260
1602727373858
1602727376607
1602727377743
1602727379967
1602727381177
1602727382342
1602727383528
1602727384757
1602727385988
1602727387309
1602727388544
1602727389685
1602727390882
1602727392010
1602727394249
1602727400079
1602727401252
1602727402824
1602727404507
1602727405762
1602727407195
1602727408367
1602727410554
1602727412996
1602727414139
1602727415375
1602727416528
1602727417767
1602727418934
1602727420102
1602727421304
1602727423465
1602727426163
1602727427346
1602727429032
1602727430655
1602727431788
1602727432956
1602727434136
1602727436813
1602727438126
1602727440159
1602727441295
1602727442556
1602727443734
1602727446168
1602727447864
1602727449119
1602727450287
1602727451462
1602727452853
1602727454601
1602727456257
1602727457454
1602727460199
1602727461420
1602727462596
1602727463850
1602727465009
1602727467037
1602727468204
1602727469355
1602727470511
1602727471695
1602727473055
1602727474198
1602727475349
1602727476902
1602727478081
1602727479597
1602727482332
1602727483486
1602727485582
1602727486807
1602727487961
1602727490054
1602727491220
1602727492366
1602727493520
1602727494795
1602727496863
1602727498025
1602727500798
1602727502019
1602727503248
1602727504532
1602727505703
1602727506842
1602727508554
1602727509733
1602727511918
1602727513073
1602727514262
1602727515419
1602727519824
1602727522119
1602727523462
1602727525493
1602727526728
1602727528233
1602727530052
1602727531603
1602727532730
1602727534367
1602727535588
1602727537059
1602727538272
1602727539428
1602727541162
1602727542307
1602727544008
1602727545197
1602727546370
1602727547512
1602727548887
1602727550074
1602727552219
1602727555174
1602727556348
1602727557510
1602727558648
1602727559924
1602727561137
1602727563100
1602727564290
1602727565463
1602727567510
1602727568757
1602727570806
1602727572036
1602727573192
1602727575239
1602727576378
1602727577511
1602727579642
1602727580797
1602727582900
1602727585629
1602727587308
1602727588945
1602727590136
1602727591741
1602727592898
1602727594452
1602727595604
1602727596805
1602727598010
1602727599182
1602727600318
1602727601467
1602727602614
1602727603891
1602727605007
1602727607869
1602727609037
1602727610189
1602727612892
1602727614053
1602727615677
1602727616841
1602727619523
1602727620707
1602727621877
1602727623476
1602727624612
1602727627359
1602727628531
1602727629700
1602727632606
1602727634096
1602727635835
1602727637025
1602727638237
1602727640079
1602727641232
1602727646630
1602727649130
1602727650276
1602727651848
1602727653068
1602727654254
1602727655472
1602727657057
1602727658197
1602727659489
1602727660628
1602727661770
1602727662955
1602727664208
1602727665378
1602727667545
1602727670284
1602727671947
1602727673097
1602727675813
1602727676972
1602727678129
1602727680801
1602727682391
1602727685386
1602727686569
1602727687737
1602727688885
1602727690516
1602727693326
1602727694520
1602727695691
1602727696898
1602727698035
1602727699189
1602727700769
1602727703697
1602727704855
1602727706395
1602727707579
1602727708741
1602727709890
1602727711020
1602727712641
1602727713813
1602727714945
1602727716157
1602727717287
1602727718463
1602727721163
1602727722331
1602727723535
1602727726253
1602727728979
1602727730653
1602727731867
1602727733063
1602727736792
1602727739061
1602727741825
1602727742987
1602727744148
1602727746911
1602727748140
1602727750687
1602727752481
1602727753663
1602727754793
1602727757387
1602727758567
1602727759807
1602727760953
1602727762127
1602727763466
1602727764605
1602727765759
1602727767153
1602727768281
1602727774497
1602727778260
1602727779477
1602727780630
1602727781805
1602727783020
1602727785714