1602560029448
1602560030732
1602560031774
1602560034086
1602560036418
1602560037500
1602560038598
1602560039740
1602560041391
1602560042479
1602560044334
1602560045430
1602560047808
1602560048853
1602560049909
1602560050995
1602560052041
1602560054382
1602560056068
1602560057141
1602560058188
1602560059219
1602560060274
1602560061311
1602560062344
1602560063401
1602560064592
1602560065649
1602560066687
1602560067730
1602560069040
1602560070679
1602560071755
1602560072793
1602560073827
1602560074862
1602560076041
1602560077095
1602560078150
1602560079950
1602560080980
1602560082034
1602560083675
1602560084745
1602560085786
1602560086844
1602560087877
1602560088912
1602560089950
1602560091758
1602560093378
1602560094438
1602560095502
1602560096557
1602560097593
1602560099234
1602560100266
1602560101331
1602560103022
1602560104094
1602560105154
1602560106187
1602560107227
1602560108262
1602560109329
1602560111024
1602560112066
1602560113109
1602560114169
1602560116690
1602560117740
1602560118798
1602560119839
1602560120918
1602560122579
1602560123622
1602560124655
1602560125898
1602560126952
1602560127997
1602560129654
1602560130698
1602560131742
1602560132979
1602560134027
1602560135061
1602560136249
1602560138980
1602560140032
1602560141233
1602560143504
1602560144550
1602560146211
1602560147268
1602560148298
1602560149350
1602560150399
1602560151458
1602560152512
1602560153864
1602560155530
1602560157130
1602560158746
1602560159782
1602560160818
1602560161882
1602560162959
1602560164034
1602560165769
1602560167450
1602560168521
1602560169569
1602560170605
1602560171668
1602560173455
1602560174502
1602560175766
1602560176833
1602560178070
1602560179130
1602560180162
1602560181211
1602560182251
1602560183596
1602560184643
1602560185696
1602560186739
1602560187794
1602560190422
1602560192070
1602560193133
1602560194186
1602560195237
1602560196313
1602560197681
1602560198760
1602560199820
1602560200858
1602560201911
1602560202959
1602560204977
1602560206651
1602560207692
1602560208741
1602560209813
1602560212458
1602560214068
1602560215110
1602560216172
1602560217223
1602560219858
1602560220991
1602560222040
1602560223102
1602560224204
1602560225257
1602560226297
1602560227333
1602560228373
1602560231059
1602560232090
1602560233346
1602560234391
1602560235424
1602560238062
1602560240694
1602560242326
1602560243379
1602560244444
1602560246060
1602560247101
1602560248142
1602560249360
1602560250410
1602560252015
1602560253071
1602560254108
1602560255166
1602560256602
1602560257667
1602560258725
1602560259763
1602560260830
1602560262798
1602560263827
1602560265694
1602560267450
1602560268504
1602560270706
1602560272978
1602560274014
1602560275126
1602560276179
1602560277262
1602560278309
1602560279910
1602560281567
1602560282599
1602560283665
1602560284714
1602560285775
1602560286887
1602560289257
1602560290858
1602560291899
1602560293114
1602560294770
1602560295866
1602560296897
1602560298503
1602560300158
1602560301825
1602560302861
1602560303921
1602560305596
1602560306639
1602560307678
1602560308715
1602560309765
1602560310798
1602560311940
1602560314475
1602560317201
1602560318255
1602560319843
1602560321516
1602560322615
1602560323698
1602560324745
1602560325810
1602560327140
1602560328186
1602560329245
1602560330282
1602560331317
1602560332372
1602560333474
1602560334517
1602560336187
1602560337247
1602560339944
1602560340978
1602560342035
1602560343081
1602560344143
1602560346881
1602560347911
1602560348967
1602560351494
1602560352567
1602560353610
1602560354687
1602560355727
1602560356770
1602560358812
1602560360007
1602560361051
1602560362099
1602560363917
1602560365542
1602560367197
1602560368246
1602560369307
1602560370537
1602560371647
1602560372695
1602560375387
1602560376428
1602560378071
1602560379773
1602560380827
1602560381865
1602560383503
1602560384558
1602560385607
1602560386649
1602560387700
1602560388744
1602560389790
1602560390863
1602560391912
1602560392991
1602560394062
1602560395131
1602560396169
1602560397211
1602560398864
1602560400476
1602560402101
1602560403153
1602560404200
1602560405249
1602560406833
1602560408409
1602560409473
1602560412187
1602560413839
1602560414894
1602560415958
1602560418130
1602560419165
1602560420211
1602560421280
1602560422343
1602560423381
1602560424418
1602560426662
1602560427712
1602560428761
1602560429798
1602560430833
1602560432299
1602560433346
1602560435996
1602560437674
1602560440384
1602560441458
1602560442501
1602560443548
1602560444583
1602560445643
1602560446681
1602560447724
1602560449322
1602560451985
1602560453043
1602560454080
1602560456259
1602560458886
1602560459937
1602560460973
1602560462215
1602560464547
1602560466177
1602560467846
1602560468922
1602560471057
1602560472672
1602560474325
1602560475382
1602560477046
1602560478082
1602560479157
1602560480235
1602560481296
1602560482329
1602560483384
1602560484481
1602560485549
1602560486582
1602560487631
1602560488665
1602560489701
1602560490766
1602560491801
1602560492843
1602560493905
1602560495914
1602560497559
1602560498622
1602560500878
1602560502545
1602560503595
1602560504657
1602560506809
1602560508501
1602560510792
1602560513446
1602560514484
1602560516849
1602560519544
1602560520606
1602560521652
1602560522717
1602560523756
1602560524790
1602560525848
1602560526930
1602560529390
1602560530451
1602560532067
1602560533137
1602560536402
1602560537458
1602560538510
1602560540314
1602560541942
1602560542978
1602560545197
1602560546244
1602560547297
1602560548338
1602560549387
1602560550429
1602560551506
1602560554161
1602560555217
1602560556337
1602560557385
1602560559036
1602560560089
1602560561713
1602560562794
1602560563845
1602560564918
1602560565956
1602560567272
1602560568317
1602560569352
1602560571399
1602560572929
1602560573974
1602560576191
1602560577263
1602560578463
1602560579525
1602560580734
1602560581771
1602560582831
1602560583916
1602560585022
1602560587795
1602560588822
1602560589958
1602560592652
1602560593742
1602560594812
1602560595842
1602560596879
1602560597932
1602560598971
1602560600008
1602560602235
1602560603279
1602560604356
1602560605413
1602560606467
1602560607572
1602560609206
1602560610859
1602560611896
1602560614243
1602560615304
1602560616376
1602560618069
1602560619783
1602560620831
1602560621871
1602560622918
1602560623956
1602560625592
1602560626628
1602560627666
1602560628780
1602560631481
1602560632542
1602560634747
1602560635802
1602560636871
1602560639149
1602560640783
1602560643436
1602560644468
1602560645549
1602560646601
1602560647644
1602560650723
1602560651755
1602560652830
1602560653896
1602560654932
1602560656143
1602560657886
1602560658910
1602560660594
1602560661636
1602560662678
1602560663738
1602560664805
1602560665857
1602560668085
1602560669124
1602560670807
1602560672394
1602560673466
1602560674543
1602560675588
1602560676674
1602560677710
1602560679384
1602560680419
1602560681491
1602560682574
1602560683613
1602560684646
1602560685691
1602560686891
1602560689654
1602560690706
1602560691787
1602560692843
1602560693907
1602560695535
1602560696590
1602560697626
1602560699889
1602560701523
1602560703162
1602560704250
1602560705290
1602560706396
1602560707449
1602560709091
1602560710166
1602560712820
1602560714496
1602560717239
1602560718883
1602560719930
1602560720986
1602560722036
1602560723087
1602560725489
1602560728194
1602560729294
1602560730338
1602560732136
1602560733188
1602560734231
1602560735282
1602560736932
1602560739689
1602560740751
1602560741831
1602560742885
1602560743938
1602560745331
1602560746398
1602560749058
1602560750115
1602560751425
1602560752460
1602560754139
1602560756782
1602560757823
1602560758863
1602560759902
1602560760952
1602560761980
1602560763033
1602560764113
1602560765186
1602560766308
1602560767402
1602560769595
1602560770650
1602560772945
1602560773989
1602560775055
1602560777701
1602560779363
1602560780421
1602560781494
1602560782564
1602560784339
1602560785982
1602560787013
1602560788618
1602560790913
1602560791966
1602560793046
1602560794096
1602560795294
1602560797956
1602560798991
1602560800030
1602560801080
1602560803484
1602560805093
1602560806155
1602560808806
1602560809840
1602560812525
1602560813565
1602560814619
1602560816862
1602560817923
1602560818964
1602560820005
1602560821048
1602560822172
1602560823220
1602560824255
1602560825317
1602560826388
1602560827425
1602560828497
1602560829611
1602560830689
1602560832434
1602560833541
1602560834769
1602560835859
1602560836899
1602560838551
1602560839592
1602560840671
1602560842393
1602560843455
1602560845126
1602560846189
1602560847228
1602560848267
1602560849325
1602560851085
1602560852157
1602560853188
1602560854237
1602560855280
1602560856634
1602560857684
1602560858747
1602560860023
1602560861070
1602560862105
1602560863150
1602560864230
1602560866661
1602560867712
1602560868761
1602560870946
1602560872017
1602560874288
1602560875892
1602560876940
1602560880402
1602560881454
1602560882497
1602560883543
1602560885834
1602560887546
1602560888612
1602560889699
1602560890799
1602560891859
1602560892911
1602560893974
1602560895020
1602560897216
1602560898904
1602560899944
1602560901001
1602560902073
1602560903782
1602560905449
1602560906508
1602560907563
1602560908644
1602560911287
1602560912330
1602560914979
1602560916020
1602560917087
1602560919820
1602560920867
1602560921904
1602560922957
1602560925335
1602560926982
1602560928022
1602560929094
1602560930152
1602560931813
1602560932851
1602560934512
1602560936177
1602560937220
1602560938266
1602560940937
1602560942555
1602560944225
1602560945934
1602560947152
1602560948185
1602560949247
1602560950295
1602560951331
1602560952375
1602560953425
1602560955064
1602560956714
1602560957778
1602560959429
1602560960474
1602560961519
1602560962555
1602560964322
1602560967034
1602560968099
1602560969142
1602560970923
1602560972640
1602560973702
1602560974731
1602560976997
1602560979641
1602560980707
1602560981952
1602560983602
1602560984639
1602560985706
1602560986757
1602560987794
1602560988850
1602560991074
1602560992155
1602560993263
1602560994331
1602560995390
1602560996441
1602560998043
1602560999689
1602561001331
1602561003056
1602561005755
1602561007468
1602561008540
1602561009578
1602561010643
1602561011763
1602561014036
1602561015103
1602561016145
1602561017215
1602561018818
1602561019867
1602561021512
1602561022552
1602561023587
1602561025846
1602561027606
1602561028647
1602561029684
1602561030749
1602561031843
1602561032878
1602561033924
1602561034977
1602561036030
1602561037089
1602561038169
1602561039234
1602561040278
1602561041325
1602561043559
1602561044608
1602561045666
1602561046701
1602561048556
1602561049609
1602561052283
1602561053345
1602561054474
1602561055549
1602561056592
1602561057629
1602561058760
1602561061458
1602561062501
1602561063561
1602561064596
1602561066460
1602561068087
1602561069786
1602561070860
1602561072053
1602561073094
1602561074130
1602561076589
1602561079240
1602561080276
1602561081326
1602561082373
1602561083426
1602561084622
1602561085695
1602561087351
1602561089996
1602561091036
1602561092070
1602561093109
1602561094153
1602561095217
1602561096298
1602561097444
1602561098497
1602561099531
1602561100569
1602561101648
1602561102694
1602561103740
1602561105041
1602561107726
1602561108782
1602561109822
1602561111467
1602561112544
1602561114791
1602561115828
1602561116877
1602561119072
1602561120130
1602561121718
1602561123339
1602561124385
1602561127267
1602561128324
1602561129390
1602561130447
1602561131534
1602561132595
1602561133661
1602561134742
1602561135841
1602561137510
1602561138575
1602561139630
1602561140715
1602561141759
1602561143384
1602561146070
1602561147714
1602561148751
1602561149799
1602561151361
1602561152406
1602561153477
1602561155654
1602561156723
1602561158978
1602561160039
1602561162251
1602561163326
1602561164426
1602561165499
1602561166614
1602561167691
1602561168743
1602561169805
1602561172150
1602561173183
1602561174243
1602561175286
1602561176466
1602561178111
1602561179182
1602561180258
1602561181310
1602561183111
1602561184181
1602561185266
1602561186311
1602561187471
1602561188526
1602561189703
1602561190763
1602561191841
1602561192890
1602561195378
1602561197076
1602561198125
1602561199176
1602561200218
1602561201277
1602561202330
1602561203381
1602561205394
1602561206438
1602561207489
1602561208557
1602561209629
1602561212299
1602561213343
1602561215609
1602561217246
1602561218282
1602561219326
1602561220377
1602561221485
1602561222527
1602561223586
1602561225287
1602561226912
1602561228572
1602561231936
1602561232996
1602561234046
1602561235144
1602561237795
1602561239453
1602561241148
1602561242191
1602561244464
1602561245503
1602561248172
1602561249215
1602561250259
1602561251303
1602561252344
1602561253383
1602561254461
1602561255501
1602561256633
1602561257679
1602561258708
1602561261178
1602561262831
1602561263912
1602561264966
1602561266103
1602561267180
1602561269392
1602561270446
1602561271482
1602561272645
1602561274353
1602561275398
1602561276459
1602561279126
1602561281381
1602561284055
1602561285095
1602561286138
1602561287222
1602561289974
1602561291632
1602561293281
1602561294376
1602561295412
1602561296460
1602561297625
1602561298673
1602561299717
1602561301915
1602561302958
1602561305175
1602561306881
1602561307942
1602561308986
1602561310021
1602561311126
1602561312183
1602561313219
1602561314464
1602561317195
1602561318270
1602561319330
1602561320994
1602561322030
1602561323673
1602561325331
1602561326394
1602561328618
1602561329659
1602561331883
1602561333562
1602561335274
1602561336899
1602561337936
1602561338988
1602561340277
1602561342915
1602561343963
1602561346244
1602561347287
1602561348390
1602561349445
1602561350486
1602561351559
1602561353760
1602561354830
1602561356410
1602561359100
1602561360137
1602561361171
1602561362467
1602561363510
1602561364576
1602561366821
1602561367858
1602561368913
1602561369965
1602561371029
1602561372872
1602561373922
1602561375571
1602561376606
1602561377664
1602561378870
1602561380510
1602561383200
1602561384246
1602561385885
1602561386918
1602561387968
1602561389308
1602561390357
1602561391402
1602561392432
1602561393468
1602561395131
1602561396223
1602561397261
1602561398299
1602561399375
1602561402061
1602561403122
1602561405770
1602561406816
1602561407853
1602561408889
1602561409927
1602561410973
1602561412158
1602561413202
1602561414234
1602561415277
1602561416324
1602561417388
1602561418428
1602561419466
1602561421731
1602561423324
1602561424994
1602561426704
1602561427856
1602561428886
1602561429937
1602561431134
1602561432879
1602561433942
1602561435107
1602561436171
1602561437261
1602561439935
1602561440972
1602561443230
1602561444270
1602561445344
1602561446379
1602561447475
1602561448554
1602561449606
1602561450660
1602561453148
1602561454197
1602561455278
1602561456311
1602561457346
1602561459570
1602561462271
1602561464962
1602561466022
1602561467647
1602561470359
1602561471405
1602561472462
1602561473505
1602561474573
1602561475618
1602561476669
1602561477718
1602561478960
1602561479990
1602561481230
1602561482264
1602561483326
1602561484383
1602561487043
1602561488163
1602561489233
1602561490310
1602561491382
1602561493080
1602561494170
1602561495237
1602561496281
1602561497328
1602561498382
1602561499433
1602561500469
1602561501569
1602561502933
1602561504018
1602561505066
1602561506854
1602561507910
1602561509182
1602561511891
1602561512931
1602561514550
1602561515589
1602561517451
1602561518501
1602561520371
1602561521460
1602561522635
1602561523679
1602561524956
1602561526003
1602561527046
1602561528081
1602561530344
1602561531988
1602561533028
1602561534075
1602561536315
1602561537378
1602561539225
1602561540318
1602561541453
1602561542577
1602561545265
1602561546361
1602561547475
1602561548655
1602561550338
1602561551429
1602561553136
1602561554196
1602561555255
1602561556474
1602561559150
1602561560786
1602561562470
1602561563528
1602561564567
1602561565599
1602561566633
1602561567673
1602561568926
1602561569980
1602561572733
1602561573768
1602561574809
1602561575857
1602561576908
1602561578711
1602561579774
1602561580849
1602561581925
1602561583594
1602561586263
1602561587325
1602561588926
1602561589956
1602561590998
1602561592063
1602561593332
1602561596001
1602561597636
1602561599265
1602561600955
1602561602009
1602561603058
1602561604136
1602561605903
1602561606977
1602561609170
1602561610855
1602561613180
1602561614237
1602561615304
1602561616419
1602561617479
1602561620134
1602561621209
1602561622259
1602561623334
1602561624418
1602561625537
1602561626583
1602561627625
1602561628658
1602561629700
1602561630768
1602561633534
1602561634573
1602561635618
1602561636793
1602561639080
1602561640151
1602561641213
1602561642255
1602561643306
1602561644361
1602561647045
1602561648083
1602561649134
1602561650186
1602561651250
1602561652339
1602561653599
1602561656280
1602561657326
1602561658381
1602561659415
1602561660452
1602561662866
1602561665544
1602561668252
1602561669320
1602561670415
1602561672249
1602561674922
1602561675986
1602561677022
1602561679682
1602561681400
1602561682442
1602561683733
1602561684781
1602561685824
1602561686858
1602561687914
1602561690400
1602561691462
1602561692513
1602561693580
1602561694648
1602561696450
1602561697536
1602561698592
1602561699662
1602561700713
1602561702327
1602561703959
1602561705624
1602561706673
1602561708942
1602561709981
1602561711030
1602561712087
1602561713122
1602561714176
1602561716835
1602561717889
1602561718953
1602561720062
1602561722761
1602561723910
1602561725018
1602561726078
1602561727126
1602561728242
1602561729317
1602561730367
1602561731415
1602561733623
1602561735260
1602561736298
1602561738542
1602561739578
1602561740650
1602561742239
1602561743288
1602561744389
1602561745958
1602561747656
1602561749942
1602561751006
1602561752040
1602561753106
1602561754392
1602561755434
1602561756536
1602561757579
1602561758642
1602561759714
1602561760985
1602561763664
1602561764722
1602561765762
1602561768233
1602561769297
1602561770885
1602561772226
1602561773922
1602561774989
1602561776030
1602561777851
1602561778894
1602561779973
1602561781035
1602561782077
1602561783149
1602561784230
1602561785281
1602561786315
1602561787371
1602561788498
1602561789838
1602561790874
1602561791929
1602561793561
1602561795182
1602561796829
1602561797858
1602561798894
1602561799931
1602561801747
1602561802782
1602561803848
1602561804904
1602561807280
1602561809938
1602561810979
1602561813221
1602561814865
1602561815909
1602561816946
1602561818232
1602561819296
1602561820412
1602561821936
1602561823602
1602561824654
1602561826948
1602561828002
1602561830650
1602561831700
1602561833313
1602561834370
1602561835449
1602561836510
1602561837566
1602561838638
1602561841287
1602561842335
1602561843366
1602561844439
1602561846996
1602561849679
1602561850734
1602561853393
1602561854441
1602561855498
1602561856567
1602561857607
1602561860050
1602561861103
1602561862164
1602561863227
1602561866537
1602561867616
1602561868665
1602561870502
1602561873731
1602561874769
1602561875812
1602561876849
1602561877915
1602561878967
1602561880045
1602561881420
1602561882490
1602561883576
1602561884635
1602561885789
1602561886863
1602561887946
1602561889123
1602561890177
1602561891230
1602561892280
1602561894945
1602561896634
1602561897685
1602561898737
1602561900414
1602561901465
1602561902510
1602561903598
1602561904762
1602561907403
1602561908458
1602561909493
1602561910558
1602561911603
1602561912676
1602561913761
1602561914817
1602561917481
1602561918525
1602561920229
1602561921275
1602561922340
1602561923397
1602561924446
1602561925521
1602561927221
1602561928893
1602561929962
1602561931027
1602561932076
1602561933152
1602561934201
1602561935261
1602561936320
1602561937409
1602561940116
1602561942403
1602561943466
1602561944520
1602561946120
1602561947183
1602561948225
1602561949294
1602561950384
1602561951435
1602561953697
1602561956391
1602561959050
1602561960770
1602561961821
1602561962857
1602561963889
1602561965192
1602561966774
1602561968446
1602561969498
1602561970551
1602561971664
1602561972731
1602561973811
1602561975024
1602561976067
1602561978862
1602561979918
1602561980997
1602561982039
1602561983104
1602561984153
1602561985203
1602561986255
1602561987315
1602561989245
1602561990286
1602561991514
1602561992595
1602561993686
1602561995934
1602561997018
1602561999221
1602562000274
1602562001309
1602562002387
1602562003439
1602562004508
1602562005562
1602562006597
1602562008023
1602562009125
1602562010210
1602562012439
1602562013498
1602562014556
1602562015593
1602562016647
1602562017697
1602562018729
1602562019770
1602562020862
1602562021914
1602562022974
1602562024089
1602562025202
1602562027408
1602562028459
1602562029742
1602562031430
1602562032531
1602562033603
1602562034653
1602562035774
1602562037492
1602562038529
1602562039607
1602562040652
1602562041717
1602562042858
1602562044392
1602562047107
1602562048171
1602562049230
1602562050359
1602562051447
1602562052513
1602562053571
1602562054631
1602562057362
1602562059008
1602562060086
1602562061680
1602562062798
1602562063868
1602562064907
1602562066667
1602562067738
1602562069361
1602562070423
1602562072685
1602562073743
1602562074829
1602562075878
1602562078574
1602562079621
1602562081364
1602562082409
1602562083477
1602562084927
1602562087657
1602562090363
1602562091458
1602562093701
1602562094743
1602562095778
1602562097057
1602562098084
1602562099158
1602562100394
1602562101463
1602562102518
1602562103632
1602562105941
1602562107610
1602562108719
1602562109754
1602562110827
1602562111898
1602562112949
1602562114015
1602562116257
1602562118964
1602562120034
1602562121105
1602562122148
1602562123197
1602562124249
1602562125761
1602562128414
1602562129463
1602562131043
1602562132688
1602562135359
1602562136396
1602562138673
1602562140313
1602562142988
1602562144627
1602562145690
1602562146823
1602562148606
1602562149694
1602562151308
1602562153024
1602562155756
1602562156790
1602562158110
1602562160567
1602562161648
1602562162700
1602562163749
1602562164856
1602562165935
1602562167085
1602562168114
1602562169148
1602562171420
1602562173072
1602562174758
1602562175822
1602562178527
1602562179567
1602562180630
1602562181677
1602562182739
1602562183792
1602562184828
1602562187477
1602562188524
1602562189568
1602562190620
1602562191887
1602562193615
1602562195311
1602562196437
1602562197479
1602562198533
1602562199592
1602562200636
1602562201681
1602562202745
1602562205177
1602562206294
1602562207378
1602562208440
1602562209512
1602562210629
1602562211683
1602562212749
1602562213906
1602562214965
1602562216046
1602562217121
1602562219811
1602562220899
1602562221936
1602562223002
1602562224062
1602562225767
1602562226803
1602562227846
1602562228902
1602562229954
1602562231006
1602562232040
1602562233103
1602562235373
1602562237091
1602562239777
1602562242462
1602562243515
1602562244580
1602562245655
1602562246873
1602562247942
1602562249061
1602562250222
1602562251315
1602562252414
1602562253457
1602562254502
1602562256861
1602562257900
1602562258960
1602562260909
1602562261960
1602562264238
1602562265273
1602562266424
1602562267503
1602562270166
1602562271220
1602562272254
1602562274040
1602562275095
1602562276134
1602562277356
1602562278423
1602562279485
1602562280539
1602562281574
1602562282643
1602562283753
1602562284838
1602562285919
1602562287008
1602562288097
1602562289322
1602562290359
1602562291416
1602562292549
1602562293576
1602562294645
1602562295690
1602562297440
1602562298487
1602562299575
1602562300638
1602562301687
1602562304338
1602562305433
1602562306534
1602562307586
1602562308651
1602562309681
1602562310723
1602562311802
1602562312838
1602562313902
1602562314950
1602562317631
1602562318674
1602562319720
1602562320948
1602562322012
1602562323049
1602562324132
1602562325272
1602562326872
1602562327934
1602562330221
1602562331936
1602562333002
1602562334081
1602562335146
1602562336221
1602562337311
1602562338377
1602562339516
1602562340584
1602562341668
1602562344419
1602562345471
1602562346523
1602562347563
1602562348826
1602562349884
1602562350922
1602562352584
1602562354271
1602562355344
1602562356426
1602562357553
1602562359343
1602562360393
1602562362055
1602562363787
1602562366458
1602562367506
1602562369787
1602562371482
1602562374238
1602562375287
1602562376322
1602562378686
1602562379786
1602562380847
1602562381890
1602562382964
1602562384709
1602562388065
1602562389132
1602562390213
1602562391367
1602562394871
1602562395930
1602562397606
1602562398685
1602562399764
1602562400823
1602562401889
1602562402937
1602562403975
1602562405051
1602562407322
1602562408415
1602562410194
1602562411294
1602562413511
1602562414567
1602562416882
1602562417945
1602562419023
1602562420071
1602562421827
1602562422884
1602562424050
1602562425108
1602562426175
1602562427826
1602562428866
1602562429914
1602562430997
1602562432087
1602562433153
1602562434278
1602562435360
1602562439782
1602562442476
1602562443580
1602562444727
1602562445796
1602562448508
1602562449582
1602562450684
1602562452276
1602562453928
1602562454968
1602562456013
1602562457057
1602562458302
1602562459926
1602562461618
1602562462689
1602562463862
1602562464909
1602562467579
1602562468616
1602562469684
1602562470753
1602562471790
1602562472843
1602562473973
1602562475071
1602562476136
1602562477186
1602562479274
1602562480341
1602562481395
1602562483130
1602562484178
1602562485770
1602562486851
1602562487886
1602562488916
1602562489962
1602562490994
1602562492235
1602562494273
1602562495905
1602562496988
1602562498067
1602562500357
1602562501405
1602562503717
1602562506455
1602562509221
1602562510855
1602562513544
1602562516353
1602562517395
1602562518431
1602562519479
1602562520610
1602562521685
1602562523283
1602562524421
1602562525471
1602562527598
1602562528695
1602562529721
1602562530766
1602562531929
1602562532977
1602562534018
1602562536268
1602562537303
1602562538409
1602562540599
1602562541650
1602562543908
1602562544995
1602562546046
1602562547681
1602562548730
1602562549790
1602562550831
1602562551869
1602562552919
1602562553963
1602562555028
1602562556070
1602562557749
1602562558821
1602562559873
1602562561008
1602562562125
1602562563172
1602562565899
1602562567555
1602562568609
1602562570250
1602562572943
1602562574550
1602562575623
1602562576684
1602562577968
1602562579101
1602562580257
1602562581907
1602562582958
1602562585270
1602562586324
1602562587358
1602562589330
1602562590386
1602562591435
1602562595385
1602562596448
1602562598651
1602562600332
1602562601419
1602562602470
1602562603529
1602562604608
1602562605685
1602562606741
1602562607807
1602562610314
1602562611384
1602562612418
1602562613695
1602562614787
1602562617486
1602562619153
1602562621780
1602562622924
1602562624062
1602562625639
1602562626735
1602562629440
1602562630475
1602562631549
1602562632595
1602562633663
1602562636454
1602562637495
1602562638537
1602562639585
1602562640656
1602562643345
1602562644383
1602562645424
1602562646472
1602562647504
1602562650146
1602562651189
1602562652464
1602562653513
1602562655900
1602562658644
1602562659705
1602562660743
1602562663089
1602562664138
1602562665242
1602562666296
1602562667330
1602562668394
1602562671034
1602562672120
1602562673193
1602562674328
1602562675986
1602562677018
1602562679686
1602562682386
1602562683439
1602562684486
1602562685624
1602562686800
1602562689545
1602562690595
1602562692303
1602562693391
1602562694444
1602562695784
1602562698566
1602562699618
1602562701284
1602562704230
1602562705313
1602562706389
1602562708003
1602562710295
1602562711330
1602562712395
1602562713435
1602562714576
1602562715621
1602562717435
1602562718499
1602562719553
1602562721799
1602562722865
1602562723902
1602562724949
1602562726035
1602562727125
1602562728166
1602562729291
1602562732013
1602562733075
1602562734129
1602562735172
1602562737932
1602562738976
1602562740041
1602562741098
1602562742157
1602562743205
1602562744448
1602562745487
1602562746866
1602562747946
1602562749011
1602562750062
1602562751813
1602562752872
1602562753930
1602562756647
1602562758282
1602562759323
1602562760386
1602562761428
1602562763130
1602562764185
1602562765277
1602562766517
1602562767562
1602562768657
1602562769700
1602562770762
1602562771850
1602562772906
1602562774265
1602562776002
1602562777043
1602562778094
1602562779344
1602562780435
1602562781478
1602562782538
1602562783577
1602562784614
1602562785714
1602562788428
1602562789491
1602562790553
1602562791699
1602562792742
1602562793801
1602562794845
1602562795893
1602562796969
1602562798133
1602562799187
1602562800232
1602562801329
1602562803215
1602562804302
1602562805409
1602562806548
1602562808201
1602562809284
1602562810360
1602562811413
1602562812547
1602562813616
1602562815772
1602562816819
1602562817857
1602562818894
1602562819946
1602562821005
1602562823555
1602562824623
1602562825660
1602562827871
1602562828966
1602562831673
1602562832743
1602562833814
1602562834897
1602562836071
1602562838752
1602562839810
1602562841481
1602562842569
1602562843642
1602562844855
1602562845924
1602562847634
1602562849246
1602562850316
1602562851940
1602562852989
1602562855245
1602562856297
1602562857333
1602562858386
1602562859486
1602562860549
1602562861653
1602562863586
1602562865297
1602562866365
1602562868600
1602562869643
1602562871310
1602562872402
1602562873446
1602562874520
1602562875570
1602562876651
1602562877698
1602562879403
1602562880478
1602562881701
1602562882777
1602562883827
1602562885075
1602562886154
1602562887189
1602562888416
1602562889497
1602562892232
1602562893858
1602562895457
1602562896522
1602562897570
1602562898795
1602562899871
1602562900908
1602562901981
1602562903038
1602562905495
1602562906561
1602562907613
1602562908685
1602562909726
1602562910775
1602562911846
1602562912888
1602562913955
1602562915018
1602562916281
1602562917359
1602562918502
1602562919558
1602562920707
1602562921770
1602562922837
1602562923880
1602562924923
1602562926014
1602562927053
1602562928155
1602562929250
1602562930314
1602562931983
1602562934706
1602562935756
1602562936829
1602562937882
1602562940584
1602562942246
1602562943284
1602562945600
1602562946649
1602562947689
1602562949986
1602562951037
1602562952096
1602562953162
1602562954988
1602562956623
1602562960993
1602562962040
1602562963100
1602562964157
1602562965212
1602562966331
1602562968122
1602562970779
1602562973458
1602562974497
1602562975540
1602562976784
1602562977817
1602562980567
1602562981600
1602562982659
1602562983900
1602562986726
1602562987780
1602562990460
1602562992130
1602562993191
1602562994275
1602562995353
1602562996610
1602562997695
1602562999944
1602563000983
1602563002076
1602563003130
1602563004906
1602563007566
1602563008630
1602563010835
1602563011890
1602563012956
1602563014157
1602563015201
1602563016335
1602563017424
1602563018502
1602563019559
1602563020644
1602563022130
1602563023274
1602563024330
1602563027016
1602563028092
1602563029161
1602563030207
1602563031266
1602563032303
1602563033358
1602563034429
1602563035508
1602563036645
1602563037703
1602563038739
1602563039790
1602563041766
1602563042814
1602563045517
1602563046582
1602563047624
1602563048727
1602563051609
1602563052661
1602563053741
1602563054843
1602563055965
1602563057013
1602563058088
1602563059798
1602563060843
1602563061922
1602563062986
1602563064043
1602563065104
1602563066167
1602563068918
1602563069975
1602563072303
1602563073382
1602563074447
1602563075504
1602563078193
1602563079955
1602563082759
1602563083892
1602563084969
1602563086015
1602563087087
1602563088147
1602563089238
1602563090378
1602563091430
1602563093053
1602563095750
1602563096798
1602563097849
1602563098903
1602563099953
1602563101575
1602563102611
1602563103690
1602563104733
1602563105844
1602563106940
1602563107999
1602563109086
1602563110142
1602563111199
1602563112263
1602563113319
1602563114373
1602563115451
1602563116626
1602563117678
1602563118728
1602563119801
1602563120850
1602563121925
1602563124116
1602563125714
1602563127457
1602563130170
1602563131889
1602563132959
1602563135234
1602563136290
1602563137932
1602563138998
1602563141261
1602563142325
1602563143404
1602563144471
1602563147165
1602563148251
1602563149323
1602563150396
1602563151446
1602563152506
1602563153544
1602563154643
1602563155709
1602563158153
1602563159190
1602563160298
1602563161370
1602563162447
1602563163543
1602563164707
1602563166239
1602563168017
1602563169077
1602563170116
1602563171175
1602563172264
1602563173327
1602563174377
1602563175566
1602563176631
1602563178919
1602563180568
1602563183267
1602563184344
1602563185419
1602563187009
1602563188646
1602563190314
1602563191386
1602563192432
1602563193614
1602563194723
1602563196338
1602563197985
1602563199054
1602563200097
1602563201136
1602563202193
1602563203268
1602563204315
1602563205393
1602563208090
1602563209155
1602563211414
1602563212480
1602563214706
1602563215806
1602563216853
1602563219148
1602563220195
1602563221248
1602563222328
1602563223389
1602563224468
1602563225644
1602563226746
1602563228534
1602563231180
1602563232231
1602563233310
1602563235550
1602563236610
1602563239318
1602563240391
1602563241448
1602563242554
1602563243633
1602563244755
1602563245814
1602563246859
1602563249136
1602563250802
1602563251847
1602563252900
1602563255211
1602563256304
1602563257345
1602563258393
1602563259449
1602563260507
1602563261921
1602563264589
1602563265627
1602563266740
1602563267783
1602563268848
1602563271511
1602563272580
1602563273710
1602563274785
1602563275938
1602563276998
1602563279237
1602563280929
1602563281979
1602563283113
1602563284309
1602563285457
1602563286522
1602563287694
1602563289086
1602563290158
1602563292356
1602563293421
1602563295011
1602563296704
1602563297803
1602563298856
1602563300005
1602563301066
1602563302738
1602563303831
1602563304877
1602563306074
1602563307721
1602563308801
1602563310424
1602563311474
1602563312588
1602563313695
1602563314762
1602563315820
1602563316911
1602563317979
1602563319610
1602563321329
1602563324040
1602563326681
1602563327775
1602563329355
1602563330405
1602563332701
1602563333783
1602563336007
1602563338744
1602563339792
1602563341536
1602563342602
1602563343686
1602563345419
1602563348120
1602563349202
1602563351459
1602563352555
1602563354132
1602563355212
1602563356318
1602563357496
1602563359157
1602563360210
1602563361264
1602563362867
1602563363925
1602563365020
1602563366090
1602563367680
1602563368729
1602563370333
1602563371413
1602563373079
1602563374626
1602563376281
1602563377343
1602563378399
1602563380617
1602563383057
1602563384118
1602563386862
1602563387932
1602563390393
1602563391505
1602563392619
1602563393669
1602563395383
1602563396511
1602563398052
1602563399663
1602563400727
1602563402965
1602563404131
1602563406832
1602563407915
1602563408977
1602563410158
1602563411208
1602563412265
1602563413353
1602563414419
1602563416573
1602563417640
1602563419878
1602563420945
1602563423622
1602563424700
1602563425773
1602563426883
1602563427995
1602563429086
1602563430703
1602563431783
1602563432854
1602563434046
1602563436730
1602563437849
1602563438949
1602563440021
1602563441133
1602563442235
1602563443288
1602563444418
1602563445732
1602563446797
1602563449110
1602563451851
1602563454533
1602563455578
1602563456624
1602563457725
1602563458791
1602563459832
1602563460887
1602563461941
1602563465384
1602563467103
1602563468177
1602563470537
1602563471655
1602563473223
1602563474989
1602563476056
1602563477737
1602563478782
1602563479862
1602563480901
1602563481984
1602563483029
1602563484090
1602563485130
1602563487664
1602563489373
1602563490455
1602563491540
1602563492661
1602563493733
1602563494779
1602563495846
1602563498291
1602563499951
1602563501057
1602563502109
1602563504314
1602563505433
1602563508091
1602563510769
1602563511857
1602563512923
1602563515133
1602563516215
1602563517832
1602563520650
1602563521707
1602563523329
1602563524949
1602563526683
1602563527771
1602563528805
1602563529873
1602563530941
1602563532034
1602563533100
1602563534799
1602563536418
1602563537482
1602563538553
1602563540199
1602563542959
1602563544024
1602563545083
1602563546251
1602563547306
1602563548343
1602563549506
1602563551207
1602563552879
1602563553930
1602563554990
1602563556047
1602563557133
1602563558929
1602563559974
1602563562655
1602563563725
1602563566009
1602563567114
1602563568238
1602563569392
1602563570490
1602563572542
1602563573646
1602563575873
1602563576913
1602563577962
1602563579197
1602563580908
1602563582554
1602563583617
1602563585937
1602563587007
1602563588090
1602563590282
1602563591906
1602563594691
1602563596299
1602563597350
1602563598438
1602563600681
1602563601785
1602563604464
1602563605593
1602563606661
1602563607742
1602563609539
1602563611098
1602563612941
1602563615654
1602563616778
1602563617867
1602563619496
1602563620563
1602563621811
1602563623538
1602563624621
1602563625715
1602563626805
1602563628440
1602563629499
1602563631679
1602563632747
1602563633802
1602563635078
1602563636146
1602563638858
1602563639972
1602563642249
1602563643862
1602563644919
1602563646520
1602563647595
1602563650055
1602563651126
1602563652229
1602563654468
1602563655570
1602563656615
1602563657709
1602563660050
1602563661102
1602563662145
1602563663194
1602563664274
1602563665494
1602563667215
1602563668842
1602563669951
1602563671021
1602563672082
1602563673145
1602563674220
1602563676071
1602563678767
1602563680417
1602563683265
1602563684943
1602563686652
1602563688302
1602563689347
1602563691690
1602563693450
1602563694523
1602563695614
1602563697800
1602563699470
1602563700553
1602563701634
1602563702715
1602563704303
1602563705947
1602563707118
1602563708215
1602563709345
1602563711010
1602563712171
1602563713289
1602563714373
1602563717094
1602563718185
1602563719780
1602563720856
1602563722522
1602563723578
1602563725967
1602563727025
1602563728687
1602563729826
1602563732059
1602563733131
1602563735957
1602563737056
1602563738106
1602563739235
1602563740319
1602563741406
1602563744158
1602563745243
1602563746343
1602563748006
1602563749063
1602563750721
1602563751762
1602563752831
1602563753889
1602563755005
1602563756624
1602563757676
1602563760025
1602563761187
1602563762266
1602563763371
1602563764407
1602563765481
1602563766854
1602563767978
1602563769022
1602563770098
1602563771177
1602563773021
1602563774135
1602563776366
1602563777946
1602563778980
1602563780050
1602563782362
1602563783418
1602563784514
1602563785554
1602563786608
1602563787701
1602563790442
1602563791509
1602563794253
1602563795310
1602563796371
1602563797475
1602563798530
1602563799589
1602563802223
1602563803954
1602563805030
1602563807751
1602563809447
1602563810546
1602563812764
1602563813803
1602563814882
1602563816021
1602563817108
1602563818201
1602563819294
1602563820882
1602563823214
1602563824918
1602563826648
1602563827866
1602563829002
1602563830089
1602563831762
1602563833395
1602563836093
1602563837127
1602563838879
1602563840486
1602563841528
1602563842588
1602563843833
1602563845495
1602563847197
1602563848250
1602563849310
1602563850386
1602563851516
1602563852563
1602563853637
1602563854728
1602563856357
1602563858026
1602563859220
1602563861914
1602563862958
1602563865303
1602563867029
1602563868096
1602563870352
1602563873048
1602563874829
1602563875865
1602563876911
1602563878068
1602563879137
1602563880254
1602563881871
1602563882933
1602563884005
1602563885093
1602563886165
1602563887212
1602563889738
1602563890795
1602563893196
1602563894268
1602563895347
1602563896404
1602563898810
1602563899884
1602563902105
1602563903157
1602563904255
1602563906956
1602563908718
1602563909801
1602563910840
1602563912052
1602563913118
1602563914173
1602563915269
1602563917083
1602563918184
1602563919276
1602563921409
1602563923081
1602563924129
1602563925834
1602563926974
1602563929637
1602563930722
1602563932409
1602563933467
1602563934517
1602563935567
1602563936626
1602563937734
1602563938773
1602563939853
1602563940943
1602563942039
1602563943640
1602563946384
1602563948094
1602563949251
1602563951925
1602563952980
1602563954055
1602563955127
1602563956933
1602563958606
1602563959679
1602563962452
1602563963535
1602563964583
1602563966214
1602563967274
1602563968346
1602563969391
1602563970438
1602563972276
1602563973337
1602563974401
1602563975512
1602563976538
1602563978830
1602563979920
1602563980967
1602563982001
1602563983307
1602563984386
1602563985431
1602563986471
1602563987574
1602563988632
1602563989694
1602563990733
1602563991850
1602563994413
1602563997142
1602563998177
1602563999323
1602564002079
1602564003256
1602564004345
1602564005496
1602564006559
1602564007719
1602564008815
1602564009878
1602564011491
1602564012602
1602564013653
1602564014746
1602564015789
1602564018191
1602564019241
1602564021667
1602564022739
1602564023806
1602564026079
1602564027818
1602564029483
1602564030548
1602564032812
1602564033867
1602564034920
1602564035999
1602564037654
1602564039328
1602564040396
1602564041487
1602564042546
1602564044367
1602564046082
1602564047135
1602564048194
1602564049267
1602564050386
1602564051469
1602564052819
1602564053931
1602564055014
1602564056647
1602564058341
1602564059395
1602564060535
1602564061674
1602564064406
1602564066245
1602564067351
1602564070126
1602564071172
1602564073424
1602564074550
1602564077296
1602564078341
1602564080643
1602564081697
1602564083968
1602564085576
1602564086633
1602564087684
1602564088758
1602564089847
1602564091027
1602564092086
1602564093738
1602564094842
1602564097143
1602564098193
1602564099252
1602564100289
1602564101347
1602564102418
1602564103501
1602564104552
1602564106410
1602564107512
1602564108577
1602564109756
1602564110820
1602564111924
1602564112991
1602564114041
1602564115860
1602564116962
1602564118006
1602564119050
1602564120109
1602564121761
1602564122818
1602564123916
1602564125164
1602564126279
1602564127345
1602564128450
1602564130817
1602564131908
1602564132985
1602564134075
1602564135185
1602564136296
1602564138984
1602564141702
1602564142758
1602564144480
1602564145550
1602564146605
1602564148879
1602564149931
1602564152324
1602564153462
1602564154534
1602564156885
1602564157948
1602564159055
1602564161771
1602564162867
1602564163895
1602564164953
1602564166001
1602564167038
1602564168120
1602564169191
1602564170227
1602564171459
1602564172566
1602564174196
1602564175248
1602564176404
1602564178529
1602564181309
1602564182448
1602564184617
1602564186272
1602564187340
1602564188412
1602564189508
1602564190811
1602564191851
1602564192936
1602564193974
1602564195042
1602564196125
1602564197714
1602564198763
1602564199834
1602564200935
1602564202670
1602564203711
1602564204760
1602564206089
1602564207700
1602564208747
1602564209808
1602564210887
1602564212732
1602564213805
1602564216033
1602564217131
1602564218699
1602564220457
1602564221490
1602564222543
1602564223616
1602564224704
1602564227413
1602564229057
1602564230113
1602564231434
1602564233068
1602564234113
1602564235153
1602564236196
1602564237387
1602564238482
1602564239609
1602564241772
1602564242849
1602564243910
1602564245035
1602564247804
1602564248883
1602564249945
1602564251115
1602564252261
1602564253360
1602564255550
1602564256646
1602564257731
1602564258874
1602564261526
1602564262612
1602564264292
1602564267043
1602564269835
1602564270877
1602564272091
1602564273185
1602564274289
1602564275334
1602564276381
1602564277454
1602564278521
1602564279617
1602564281183
1602564282276
1602564283387
1602564284450
1602564287143
1602564288847
1602564289984
1602564291103
1602564292145
1602564293202
1602564294447
1602564295483
1602564296558
1602564297638
1602564298715
1602564299798
1602564301016
1602564302090
1602564303182
1602564304294
1602564305484
1602564306672
1602564308410
1602564309502
1602564310579
1602564311640
1602564313274
1602564314326
1602564315371
1602564316410
1602564317664
1602564318769
1602564319828
1602564320878
1602564322514
1602564324141
1602564325866
1602564326962
1602564328033
1602564330772
1602564331854
1602564332958
1602564334029
1602564335102
1602564337336
1602564340040
1602564341081
1602564343374
1602564344498
1602564347181
1602564348861
1602564349967
1602564352175
1602564353883
1602564354980
1602564356031
1602564357086
1602564358128
1602564359208
1602564360286
1602564361331
1602564362371
1602564365158
1602564367934
1602564369005
1602564370085
1602564371190
1602564372335
1602564374646
1602564377412
1602564380221
1602564381289
1602564383957
1602564385030
1602564386125
1602564388910
1602564389973
1602564392658
1602564394329
1602564395387
1602564396446
1602564397717
1602564398795
1602564399935
1602564401008
1602564402672
1602564403732
1602564404794
1602564405930
1602564407499
1602564408548
1602564409621
1602564411872
1602564412980
1602564414042
1602564415099
1602564416282
1602564417840
1602564418916
1602564419969
1602564421057
1602564422112
1602564423195
1602564424855
1602564425951
1602564427048
1602564428407
1602564431068
1602564432122
1602564433184
1602564434276
1602564435330
1602564436407
1602564438658
1602564439723
1602564440784
1602564442125
1602564443214
1602564444308
1602564445355
1602564447013
1602564449708
1602564450789
1602564454814
1602564455862
1602564456907
1602564457965
1602564459056
1602564460112
1602564461574
1602564463270
1602564464358
1602564466634
1602564467737
1602564469323
1602564470374
1602564471444
1602564472545
1602564474423
1602564476124
1602564477219
1602564478271
1602564479341
1602564480407
1602564482829
1602564483940
1602564485016
1602564486170
1602564487335
1602564488441
1602564489524
1602564492247
1602564493298
1602564494368
1602564495439
1602564496507
1602564499228
1602564501698
1602564503411
1602564505063
1602564506122
1602564507754
1602564509618
1602564510740
1602564513426
1602564514483
1602564515551
1602564516631
1602564517823
1602564518950
1602564520015
1602564521633
1602564522683
1602564523755
1602564525049
1602564526123
1602564527184
1602564528218
1602564529886
1602564532552
1602564535358
1602564536431
1602564537499
1602564538586
1602564539852
1602564540942
1602564542102
1602564543150
1602564545891
1602564548983
1602564550020
1602564551640
1602564552700
1602564555028
1602564556225
1602564557427
1602564558566
1602564559723
1602564560800
1602564561863
1602564563478
1602564564628
1602564565696
1602564567314
1602564570148
1602564571193
1602564572884
1602564574570
1602564576197
1602564577258
1602564580021
1602564581731
1602564583429
1602564584521
1602564585622
1602564586721
1602564587799
1602564588865
1602564589923
1602564591541
1602564594277
1602564595355
1602564596416
1602564597481
1602564598579
1602564600347
1602564601441
1602564603682
1602564604786
1602564605848
1602564607571
1602564608663
1602564609746
1602564610856
1602564611927
1602564613018
1602564615322
1602564616371
1602564617464
1602564620142
1602564621882
1602564622981
1602564624075
1602564625156
1602564626301
1602564628014
1602564629703
1602564630790
1602564631877
1602564632961
1602564634013
1602564635130
1602564636209
1602564638393
1602564639469
1602564640621
1602564641682
1602564642757
1602564644121
1602564645216
1602564646889
1602564648041
1602564649120
1602564650199
1602564651284
1602564652357
1602564653429
1602564655772
1602564657593
1602564658737
1602564660815
1602564661915
1602564662995
1602564664164
1602564665282
1602564666988
1602564668061
1602564669206
1602564670281
1602564671975
1602564673081
1602564675218
1602564676327
1602564677404
1602564678454
1602564679546
1602564680612
1602564681702
1602564682798
1602564683863
1602564684909
1602564687122
1602564688190
1602564689876
1602564690958
1602564692057
1602564693127
1602564694240
1602564696026
1602564697640
1602564699309
1602564700996
1602564702113
1602564703713
1602564706465
1602564707556
1602564708646
1602564709731
1602564711894
1602564714615
1602564715668
1602564716752
1602564719530
1602564720586
1602564721636
1602564722712
1602564723796
1602564725749
1602564727427
1602564729101
1602564730141
1602564731204
1602564732298
1602564734587
1602564735690
1602564736766
1602564737850
1602564738913
1602564741290
1602564742400
1602564743459
1602564744535
1602564745577
1602564746682
1602564747758
1602564748795
1602564749982
1602564752682
1602564753731
1602564754872
1602564757234
1602564758309
1602564760446
1602564763111
1602564764265
1602564765377
1602564766419
1602564767458
1602564768496
1602564769569
1602564770624
1602564772234
1602564773936
1602564775555
1602564776663
1602564777717
1602564778790
1602564779851
1602564780937
1602564782045
1602564783142
1602564785369
1602564786445
1602564787538
1602564788621
1602564789691
1602564790774
1602564791843
1602564792926
1602564795744
1602564796841
1602564797878
1602564798956
1602564801642
1602564804319
1602564805390
1602564807859
1602564809395
1602564810481
1602564811553
1602564812632
1602564813731
1602564814860
1602564815920
1602564816971
1602564818305
1602564819410
1602564820463
1602564821631
1602564823422
1602564825051
1602564826141
1602564827217
1602564830010
1602564831114
1602564833920
1602564835016
1602564836062
1602564837184
1602564839955
1602564841579
1602564842691
1602564843792
1602564844979
1602564846810
1602564847902
1602564849008
1602564850090
1602564851142
1602564852186
1602564854458
1602564855574
1602564856688
1602564857798
1602564858910
1602564859975
1602564861108
1602564862220
1602564864077
1602564865135
1602564866220
1602564867288
1602564868354
1602564869393
1602564871778
1602564872883
1602564873937
1602564875005
1602564876093
1602564877170
1602564878590
1602564879658
1602564880704
1602564881824
1602564882935
1602564884009
1602564886283
1602564887387
1602564888569
1602564891284
1602564892365
1602564893456
1602564894540
1602564895623
1602564897932
1602564899001
1602564900074
1602564901385
1602564902439
1602564904161
1602564905869
1602564906968
1602564909373
1602564910463
1602564912107
1602564913803
1602564915413
1602564917147
1602564918297
1602564919352
1602564921239
1602564922739
1602564923826
1602564925465
1602564927095
1602564928888
1602564930534
1602564932334
1602564933390
1602564935704
1602564938495
1602564941271
1602564944022
1602564945114
1602564947468
1602564949190
1602564950339
1602564953049
1602564954787
1602564956359
1602564957459
1602564958545
1602564960809
1602564961897
1602564962964
1602564964072
1602564965238
1602564966331
1602564967410
1602564968496
1602564969582
1602564970683
1602564973469
1602564976334
1602564977431
1602564978476
1602564979523
1602564980772
1602564981810
1602564982926
1602564985169
1602564986217
1602564988591
1602564990241
1602564991969
1602564993070
1602564994178
1602564995244
1602564996283
1602564997333
1602564999728
1602565000824
1602565001878
1602565003553
1602565005216
1602565006853
1602565007898
1602565008938
1602565010217
1602565011262
1602565012973
1602565014020
1602565015087
1602565016154
1602565017256
1602565019954
1602565021095
1602565023321
1602565024422
1602565025466
1602565026637
1602565027767
1602565028876
1602565031116
1602565032154
1602565033262
1602565035515
1602565036570
1602565038273
1602565039335
1602565040404
1602565041597
1602565042650
1602565043696
1602565046036
1602565047110
1602565048220
1602565049773
1602565051484
1602565052565
1602565053612
1602565054734
1602565055847
1602565058740
1602565059834
1602565060938
1602565062014
1602565063116
1602565064206
1602565065805
1602565066872
1602565067950
1602565069083
1602565070161
1602565071248
1602565072505
1602565073555
1602565075868
1602565077552
1602565079269
1602565081010
1602565083810
1602565084874
1602565087569
1602565089340
1602565090417
1602565092083
1602565093128
1602565094241
1602565095293
1602565096690
1602565097749
1602565098814
1602565099872
1602565101077
1602565102717
1602565103809
1602565105469
1602565107211
1602565109930
1602565110978
1602565112046
1602565113150
1602565114209
1602565115341
1602565116425
1602565118114
1602565119212
1602565120304
1602565121389
1602565124113
1602565125178
1602565126815
1602565128663
1602565130413
1602565131474
1602565132574
1602565135522
1602565137254
1602565138315
1602565140684
1602565143397
1602565144438
1602565145552
1602565146660
1602565147752
1602565150468
1602565151545
1602565152620
1602565153676
1602565155622
1602565157345
1602565158410
1602565159557
1602565160603
1602565161722
1602565162801
1602565163894
1602565165002
1602565166100
1602565167174
1602565168212
1602565169139
1602565170261
1602565171351
1602565172442
1602565173479
1602565174591
1602565175665
1602565176729
1602565177791
1602565178884
1602565180632
1602565182266
1602565183367
1602565184457
1602565185679
1602565187328
1602565188382
1602565191118
1602565192251
1602565193584
1602565194685
1602565195778
1602565198003
1602565199099
1602565200164
1602565201232
1602565202311
1602565203360
1602565204463
1602565205506
1602565206583
1602565207674
1602565208722
1602565209769
1602565210805
1602565211870
1602565213737
1602565215436
1602565216532
1602565219002
1602565220137
1602565222604
1602565224287
1602565225369
1602565226441
1602565227552
1602565228627
1602565230273
1602565231343
1602565232417
1602565233585
1602565236382
1602565237438
1602565240178
1602565241812
1602565244590
1602565245657
1602565246738
1602565247866
1602565248931
1602565250015
1602565251753
1602565252791
1602565253890
1602565254935
1602565257595
1602565260313
1602565262034
1602565263112
1602565265910
1602565267573
1602565268718
1602565270438
1602565271503
1602565272596
1602565273670
1602565275979
1602565277049
1602565278150
1602565279223
1602565280262
1602565281967
1602565283041
1602565284122
1602565285855
1602565286931
1602565287981
1602565289068
1602565290120
1602565292794
1602565294613
1602565295666
1602565296755
1602565297857
1602565298977
1602565300014
1602565301095
1602565302174
1602565303979
1602565305035
1602565307713
1602565310480
1602565312575
1602565315353
1602565316430
1602565317562
1602565318838
1602565319870
1602565320939
1602565322087
1602565323215
1602565324304
1602565326959
1602565328648
1602565331409
1602565332514
1602565334766
1602565335871
1602565338199
1602565339321
1602565340414
1602565343196
1602565344308
1602565345878
1602565347972
1602565349068
1602565350984
1602565352702
1602565353788
1602565354875
1602565355969
1602565357062
1602565359842
1602565360958
1602565362031
1602565363081
1602565364146
1602565366008
1602565367635
1602565368682
1602565369781
1602565370832
1602565371886
1602565372930
1602565375273
1602565376980
1602565378040
1602565379675
1602565380770
1602565381824
1602565383059
1602565384155
1602565385699
1602565388471
1602565390193
1602565392957
1602565394027
1602565396431
1602565397533
1602565398629
1602565399719
1602565400765
1602565401828
1602565403143
1602565404179
1602565406462
1602565407521
1602565408562
1602565409636
1602565411452
1602565412559
1602565416997
1602565418086
1602565419159
1602565420236
1602565421967
1602565424678
1602565425731
1602565426789
1602565429096
1602565431833
1602565432896
1602565435246
1602565436851
1602565437925
1602565438987
1602565440064
1602565441150
1602565443671
1602565445342
1602565446551
1602565447668
1602565449318
1602565450430
1602565452639
1602565453758
1602565456101
1602565457178
1602565458278
1602565459380
1602565460537
1602565461586
1602565462653
1602565463728
1602565464770
1602565465912
1602565466998
1602565468103
1602565469193
1602565470806
1602565471892
1602565472977
1602565474038
1602565475152
1602565476321
1602565477408
1602565478510
1602565479566
1602565480665
1602565481734
1602565482765
1602565483848
1602565484975
1602565486670
1602565487716
1602565490104
1602565491192
1602565492274
1602565493346
1602565494442
1602565495645
1602565498382
1602565499495
1602565500613
1602565501690
1602565502738
1602565503805
1602565505200
1602565506895
1602565507990
1602565509124
1602565510261
1602565511382
1602565512495
1602565513580
1602565514725
1602565516382
1602565518108
1602565520780
1602565522505
1602565523607
1602565525741
1602565526810
1602565527912
1602565530706
1602565531739
1602565532802
1602565535062
1602565536134
1602565537237
1602565538300
1602565539397
1602565540513
1602565541591
1602565544411
1602565546079
1602565547162
1602565548816
1602565549879
1602565550961
1602565553742
1602565554786
1602565556621
1602565560131
1602565562915
1602565564673
1602565567522
1602565570452
1602565571550
1602565572678
1602565573719
1602565574782
1602565577131
1602565578189
1602565579242
1602565580419
1602565581468
1602565583770
1602565585562
1602565587134
1602565589878
1602565591702
1602565594448
1602565595547
1602565596607
1602565597688
1602565598759
1602565600435
1602565603144
1602565604781
1602565605865
1602565606991
1602565608101
1602565610921
1602565612014
1602565613097
1602565614261
1602565615292
1602565616333
1602565617401
1602565619190
1602565620300
1602565621431
1602565622537
1602565623652
1602565625925
1602565626990
1602565629427
1602565630494
1602565631678
1602565632827
1602565634002
1602565635138
1602565636289
1602565638517
1602565639620
1602565640746
1602565641963
1602565643490
1602565644565
1602565646923
1602565648018
1602565649087
1602565650170
1602565651854
1602565654344
1602565655410
1602565656500
1602565657560
1602565658597
1602565659692
1602565660751
1602565661805
1602565663490
1602565664539
1602565667294
1602565669965
1602565671678
1602565672845
1602565675175
1602565676254
1602565679004
1602565680081
1602565681142
1602565682230
1602565683334
1602565684406
1602565685518
1602565686597
1602565687943
1602565690748
1602565691822
1602565692953
1602565694079
1602565695237
1602565697525
1602565698635
1602565700959
1602565702137
1602565703223
1602565704334
1602565705392
1602565707102
1602565708734
1602565709806
1602565710881
1602565711934
1602565714770
1602565715819
1602565718164
1602565719234
1602565720314
1602565721548
1602565723195
1602565724897
1602565726030
1602565727087
1602565728136
1602565729223
1602565730320
1602565731363
1602565732418
1602565733524
1602565734636
1602565735725
1602565736828
1602565737972
1602565739058
1602565740171
1602565741250
1602565742345
1602565743421
1602565745771
1602565746832
1602565748695
1602565751478
1602565754194
1602565755287
1602565756337
1602565757571
1602565758742
1602565759855
1602565760934
1602565762077
1602565763191
1602565764281
1602565765969
1602565767670
1602565768764
1602565771608
1602565772683
1602565773733
1602565774787
1602565775835
1602565776916
1602565778047
1602565779096
1602565780180
1602565781325
1602565782387
1602565783477
1602565784547
1602565787284
1602565789003
1602565790614
1602565792361
1602565793486
1602565794590
1602565796868
1602565797966
1602565800731
1602565802483
1602565805363
1602565806487
1602565809265
1602565810314
1602565811491
1602565812850
1602565813985
1602565815119
1602565816310
1602565817428
1602565818539
1602565819717
1602565820786
1602565821856
1602565822948
1602565824021
1602565826733
1602565827855
1602565829018
1602565831820
1602565832948
1602565835105
1602565836238
1602565838555
1602565839741
1602565840828
1602565841915
1602565843664
1602565844768
1602565847807
1602565848912
1602565850557
1602565853485
1602565854545
1602565856200
1602565857336
1602565858469
1602565861249
1602565862368
1602565863454
1602565864673
1602565865732
1602565866814
1602565867909
1602565868960
1602565870094
1602565871194
1602565872305
1602565873464
1602565875150
1602565876254
1602565877328
1602565878567
1602565879688
1602565881366
1602565882439
1602565884154
1602565885326
1602565888135
1602565890925
1602565893723
1602565895305
1602565896361
1602565898814
1602565900470
1602565903312
1602565904419
1602565905484
1602565907689
1602565908732
1602565909798
1602565910851
1602565911947
1602565914676
1602565915723
1602565916772
1602565917830
1602565918948
1602565920733
1602565921871
1602565922934
1602565924026
1602565925123
1602565926298
1602565928661
1602565929742
1602565930776
1602565931850
1602565932987
1602565934073
1602565935160
1602565937434
1602565938541
1602565939602
1602565940873
1602565941977
1602565944196
1602565946982
1602565948033
1602565949701
1602565951372
1602565952449
1602565953528
1602565954566
1602565955606
1602565956928
1602565958596
1602565960356
1602565961393
1602565962507
1602565963549
1602565964679
1602565967405
1602565969177
1602565971885
1602565973633
1602565974788
1602565977518
1602565978631
1602565979757
1602565980857
1602565981964
1602565983586
1602565984653
1602565986342
1602565987422
1602565988459
1602565989566
1602565992339
1602565993435
1602565995114
1602565996187
1602565998433
1602565999486
1602566000794
1602566001942
1602566003077
1602566005318
1602566006375
1602566008037
1602566009756
1602566010789
1602566011929
1602566013032
1602566014725
1602566015774
1602566016878
1602566017969
1602566019030
1602566020121
1602566021201
1602566022898
1602566023947
1602566025005
1602566026079
1602566027178
1602566028275
1602566029473
1602566031167
1602566032308
1602566033937
1602566035101
1602566036848
1602566037886
1602566040134
1602566041944
1602566044880
1602566046014
1602566047099
1602566048170
1602566049860
1602566050910
1602566052007
1602566053144
1602566054193
1602566055299
1602566056342
1602566058733
1602566059812
1602566060865
1602566061923
1602566063033
1602566065738
1602566068557
1602566070381
1602566071452
1602566072561
1602566073633
1602566074686
1602566075848
1602566078626
1602566079708
1602566082046
1602566083193
1602566085442
1602566088202
1602566089261
1602566090400
1602566091505
1602566092585
1602566093730
1602566094831
1602566095915
1602566098660
1602566099843
1602566100908
1602566102019
1602566103063
1602566104850
1602566106457
1602566107508
1602566109914
1602566111066
1602566112199
1602566113264
1602566114327
1602566115421
1602566117517
1602566118726
1602566119825
1602566120897
1602566122002
1602566123175
1602566124280
1602566126546
1602566128197
1602566129263
1602566130333
1602566131992
1602566133077
1602566134167
1602566135291
1602566136386
1602566137438
1602566138498
1602566139600
1602566140721
1602566141805
1602566142873
1602566147422
1602566149124
1602566150197
1602566151272
1602566152460
1602566154176
1602566155255
1602566157635
1602566158672
1602566159820
1602566162557
1602566163610
1602566165891
1602566166986
1602566169331
1602566172074
1602566173727
1602566174786
1602566176392
1602566177469
1602566178556
1602566179686
1602566180765
1602566181829
1602566182909
1602566183970
1602566185125
1602566186828
1602566187902
1602566189060
1602566190145
1602566191213
1602566193551
1602566194637
1602566195720
1602566198487
1602566199624
1602566200682
1602566203007
1602566204085
1602566205182
1602566206312
1602566207443
1602566208532
1602566209660
1602566212413
1602566214085
1602566216923
1602566217989
1602566219131
1602566220259
1602566222024
1602566224785
1602566225854
1602566226916
1602566229259
1602566230992
1602566232269
1602566233375
1602566234538
1602566235591
1602566237098
1602566238182
1602566239288
1602566240355
1602566241474
1602566242561
1602566243616
1602566244694
1602566245751
1602566247721
1602566248827
1602566250483
1602566251606
1602566254413
1602566257226
1602566258817
1602566259874
1602566260938
1602566262009
1602566263061
1602566264216
1602566266584
1602566269372
1602566270504
1602566272778
1602566273830
1602566275530
1602566276603
1602566277677
1602566279881
1602566280982
1602566283715
1602566284869
1602566286015
1602566287090
1602566288193
1602566290109
1602566291211
1602566292282
1602566293421
1602566294482
1602566295564
1602566296635
1602566297732
1602566298798
1602566299953
1602566301028
1602566302129
1602566303258
1602566304344
1602566305649
1602566306693
1602566307743
1602566309026
1602566310095
1602566311194
1602566312289
1602566314219
1602566315263
1602566316392
1602566317579
1602566318642
1602566319743
1602566320783
1602566321837
1602566323002
1602566324735
1602566325801
1602566326864
1602566328009
1602566329300
1602566330366
1602566331436
1602566333766
1602566335449
1602566336581
1602566338770
1602566341459
1602566342634
1602566344179
1602566345275
1602566346330
1602566347569
1602566348681
1602566349804
1602566350935
1602566352621
1602566354495
1602566355592
1602566356666
1602566357747
1602566358815
1602566360483
1602566361738
1602566362824
1602566363902
1602566364994
1602566366839
1602566367884
1602566369813
1602566371469
1602566372560
1602566375327
1602566376359
1602566378755
1602566380372
1602566381486
1602566382626
1602566383754
1602566385556
1602566386613
1602566387678
1602566388740
1602566389841
1602566390892
1602566391980
1602566393749
1602566394832
1602566397643
1602566399269
1602566402248
1602566405067
1602566406255
1602566407413
1602566408497
1602566409566
1602566412266
1602566413345
1602566414456
1602566416843
1602566417934
1602566420754
1602566421878
1602566424618
1602566425713
1602566426768
1602566427803
1602566428897
1602566429951
1602566431053
1602566433211
1602566434282
1602566435402
1602566436456
1602566437623
1602566439384
1602566442051
1602566443118
1602566444175
1602566445264
1602566446354
1602566447462
1602566448552
1602566449860
1602566451014
1602566452125
1602566453355
1602566454475
1602566455573
1602566456700
1602566457846
1602566459542
1602566460633
1602566462460
1602566465235
1602566466927
1602566468723
1602566469774
1602566471621
1602566472691
1602566473745
1602566474833
1602566476019
1602566478859
1602566479922
1602566480984
1602566483388
1602566484532
1602566486778
1602566487838
1602566488919
1602566491385
1602566492486
1602566493553
1602566494589
1602566495671
1602566496843
1602566497962
1602566499091
1602566500752
1602566501853
1602566502925
1602566504187
1602566505381
1602566506599
1602566509374
1602566510436
1602566511503
1602566512628
1602566514262
1602566515344
1602566516453
1602566517510
1602566518576
1602566519696
1602566520815
1602566521898
1602566522983
1602566524063
1602566526388
1602566527584
1602566528781
1602566529948
1602566531012
1602566532118
1602566533186
1602566534313
1602566535442
1602566537116
1602566538786
1602566539862
1602566542119
1602566545100
1602566546171
1602566547254
1602566549613
1602566550773
1602566551885
1602566552989
1602566554063
1602566555880
1602566558720
1602566559908
1602566561577
1602566562687
1602566564902
1602566566037
1602566567115
1602566568167
1602566569301
1602566570402
1602566571534
1602566572621
1602566575202
1602566576881
1602566579671
1602566580755
1602566581829
1602566582961
1602566584024
1602566585854
1602566586967
1602566588543
1602566591563
1602566592642
1602566593735
1602566594849
1602566597138
1602566598258
1602566599416
1602566600534
1602566601614
1602566604142
1602566605260
1602566606359
1602566607434
1602566608502
1602566611292
1602566612383
1602566613527
1602566614585
1602566615654
1602566617936
1602566619062
1602566621421
1602566622933
1602566624633
1602566625763
1602566626816
1602566628079
1602566629733
1602566630808
1602566633236
1602566634340
1602566636999
1602566638864
1602566639912
1602566642268
1602566643932
1602566645777
1602566646874
1602566648034
1602566649361
1602566652054
1602566653826
1602566654997
1602566656203
1602566657407
1602566658517
1602566659578
1602566662297
1602566663944
1602566665725
1602566666801
1602566667947
1602566669014
1602566670089
1602566671803
1602566673550
1602566675166
1602566676880
1602566678013
1602566679058
1602566680307
1602566681425
1602566682527
1602566683701
1602566684818
1602566685915
1602566687007
1602566688068
1602566690799
1602566691903
1602566692961
1602566694115
1602566695946
1602566697662
1602566698738
1602566699851
1602566700931
1602566702916
1602566703991
1602566705713
1602566706828
1602566708005
1602566709065
1602566710199
1602566712977
1602566714744
1602566715823
1602566716899
1602566718018
1602566719095
1602566720191
1602566721258
1602566722330
1602566723401
1602566724495
1602566725538
1602566726642
1602566728001
1602566729115
1602566730172
1602566731302
1602566732374
1602566733480
1602566734764
1602566735984
1602566737137
1602566738254
1602566739377
1602566740487
1602566741619
1602566742700
1602566743780
1602566744960
1602566746074
1602566747166
1602566749778
1602566750830
1602566751914
1602566752988
1602566754086
1602566756438
1602566758147
1602566759254
1602566760417
1602566761507
1602566763265
1602566764398
1602566765485
1602566766625
1602566767871
1602566770747
1602566771881
1602566773011
1602566774152
1602566775265
1602566776379
1602566778278
1602566779958
1602566781052
1602566782158
1602566783247
1602566785394
1602566786496
1602566787558
1602566788727
1602566790403
1602566791517
1602566792570
1602566793914
1602566796751
1602566799613
1602566800735
1602566802305
1602566803378
1602566804578
1602566805676
1602566807727
1602566808870
1602566809958
1602566811085
1602566812148
1602566813205
1602566814386
1602566815430
1602566817754
1602566819403
1602566820450
1602566821503
1602566822650
1602566823516
1602566824627
1602566825791
1602566826885
1602566828016
1602566829230
1602566830300
1602566831430
1602566833770
1602566835678
1602566838434
1602566839510
1602566842218
1602566843384
1602566846396
1602566847990
1602566849620
1602566850661
1602566853064
1602566855921
1602566857663
1602566860399
1602566861532
1602566864260
1602566865335
1602566866396
1602566867552
1602566868620
1602566869711
1602566871270
1602566873075
1602566874170
1602566875320
1602566876410
1602566877578
1602566878725
1602566879858
1602566882287
1602566883422
1602566884512
1602566885894
1602566887065
1602566888125
1602566889343
1602566890426
1602566891478
1602566892559
1602566895449
1602566896515
1602566898653
1602566900112
1602566902014
1602566903824
1602566906626
1602566909036
1602566911084
1602566912159
1602566913270
1602566914347
1602566915467
1602566918207
1602566920154
1602566922748
1602566924790
1602566926432
1602566927561
1602566929942
1602566932648
1602566933708
1602566934855
1602566935934
1602566937252
1602566938405
1602566939489
1602566940547
1602566941654
1602566942713
1602566943858
1602566945053
1602566946163
1602566948945
1602566951270
1602566952338
1602566953400
1602566954548
1602566956055
1602566957133
1602566958189
1602566959288
1602566960385
1602566961453
1602566966380
1602566971207
1602566974072
1602566975159
1602566977942
1602566979659
1602566981015
1602566982482
1602566983602
1602566984736
1602566986442
1602566987520
1602566991196
1602566993335
1602566994475
1602566995546
1602566996627
1602566997702
1602566998829
1602566999898
1602567001898
1602567002969
1602567004060
1602567007385
1602567008503
1602567010730
1602567012447
1602567015347
1602567017067
1602567019822
1602567020974
1602567022726
1602567023913
1602567025749
1602567026835
1602567027908
1602567029670
1602567119685
1602567121913
1602567123131
1602567124687
1602567125853
1602567127475
1602567128727
1602567129817
1602567130977
1602567132152
1602567133264
1602567134438
1602567136080
1602567137292
1602567138590
1602567139878
1602567141069
1602567142120
1602567143901
1602567145047
1602567146157
1602567147255
1602567148467
1602567149972
1602567151198
1602567152348
1602567153660
1602567155171
1602567156884
1602567158031
1602567161686
1602567163346
1602567164641
1602567166193
1602567167360
1602567168509
1602567170277
1602567171401
1602567172701
1602567174191
1602567175423
1602567176542
1602567179281
1602567180351
1602567181460
1602567182946
1602567184825
1602567185971
1602567187190
1602567188309
1602567189499
1602567190616
1602567192549
1602567193743
1602567194793
1602567196216
1602567197860
1602567199606
1602567204475
1602567206313
1602567209286
1602567210446
1602567213799
1602567214946
1602567216142
1602567217335
1602567219895
1602567221189
1602567222377
1602567223610
1602567224722
1602567225794
1602567228620
1602567231004
