1602543662872
1602543665298
1602543667340
1602543669621
1602543671887
1602543674172
1602543676451
1602543678474
1602543681712
1602543683738
1602543686194
1602543688215
1602543690342
1602543692742
1602543694790
1602543696809
1602543698834
1602543700852
1602543703484
1602543705507
1602543707536
1602543710275
1602543712304
1602543714326
1602543716344
1602543718365
1602543720383
1602543722410
1602543724430
1602543726458
1602543728482
1602543730503
1602543732524
1602543734547
1602543736565
1602543738590
1602543740858
1602543744093
1602543746113
1602543749565
1602543751589
1602543753631
1602543757291
1602543759312
1602543761339
1602543763371
1602543765390
1602543768011
1602543770041
1602543772066
1602543774097
1602543776122
1602543778143
1602543780172
1602543782459
1602543784485
1602543786507
1602543788542
1602543791183
1602543793227
1602543795267
1602543797299
1602543799948
1602543801985
1602543804007
1602543806031
1602543808056
1602543810082
1602543812719
1602543814749
1602543818167
1602543820185
1602543823624
1602543825639
1602543827664
1602543829693
1602543831753
1602543834991
1602543838243
1602543840266
1602543842295
1602543844342
1602543847271
1602543849303
1602543851509
1602543853536
1602543855556
1602543857576
1602543860448
1602543862685
1602543864702
1602543867143
1602543869166
1602543871188
1602543873197
1602543875216
1602543877250
1602543879272
1602543881295
1602543883740
1602543885758
1602543888816
1602543890837
1602543893301
1602543896557
1602543898581
1602543900604
1602543903047
1602543905120
1602543907136
1602543909155
1602543911752
1602543913776
1602543915831
1602543917857
1602543921309
1602543923326
1602543925346
1602543927358
1602543929379
1602543932014
1602543935328
1602543937347
1602543940738
1602543942763
1602543946002
1602543948032
1602543950048
1602543952076
1602543954513
1602543956548
1602543958566
1602543960586
1602543963469
1602543965513
1602543967533
1602543969556
1602543971579
1602543973608
1602543975890
1602543977912
1602543979932
1602543981956
1602543984281
1602543986298
1602543988322
1602543990347
1602543992366
1602543994393
1602543997551
1602543999572
1602544002194
1602544004428
1602544006465
1602544009289
1602544011311
1602544013325
1602544015350
1602544017998
1602544020019
1602544022041
1602544024063
1602544026083
1602544028336
1602544030592
1602544032614
1602544034637
1602544036662
1602544038685
1602544040706
1602544042735
1602544045886
1602544047916
1602544049949
1602544052584
1602544055812
1602544057832
1602544059860
1602544061880
1602544063900
1602544065921
1602544067939
1602544069959
1602544071984
1602544074004
1602544077257
1602544079286
1602544081315
1602544083343
1602544085372
1602544087559
1602544089593
1602544091822
1602544094066
1602544096092
1602544098436
1602544101070
1602544103710
1602544105728
1602544107749
1602544109766
1602544111787
1602544113803
1602544115822
1602544117851
1602544119872
1602544121908
1602544123933
1602544126173
1602544128193
1602544130292
1602544132298
1602544134321
1602544136952
1602544138980
1602544141176
1602544143210
1602544145846
1602544148076
1602544150096
1602544152125
1602544154152
1602544156864
1602544158886
1602544162331
1602544164363
1602544166379
1602544169204
1602544171226
1602544173247
1602544175268
1602544177283
1602544179319
1602544181340
1602544183358
1602544185379
1602544188016
1602544191243
1602544194508
1602544196532
1602544198559
1602544200581
1602544202604
1602544204628
1602544208167
1602544210794
1602544212820
1602544215047
1602544217068
1602544219088
1602544221110
1602544223127
1602544225157
1602544227178
1602544229200
1602544231229
1602544233259
1602544235280
1602544237512
1602544239535
1602544241555
1602544243591
1602544245601
1602544247631
1602544249653
1602544252774
1602544254804
1602544256824
1602544258868
1602544261534
1602544263624
1602544265645
1602544267658
1602544270095
1602544272118
1602544274140
1602544276168
1602544278192
1602544280216
1602544282434
1602544285668
1602544287688
1602544289706
1602544291729
1602544295233
1602544297855
1602544299879
1602544301903
1602544303953
1602544306607
1602544308638
1602544310668
1602544312687
1602544314707
1602544316732
1602544318758
1602544321776
1602544323801
1602544325843
1602544327862
1602544329898
1602544331924
1602544333944
1602544335970
1602544338533
1602544340564
1602544342597
1602544345661
1602544347921
1602544349938
1602544352386
1602544354633
1602544357860
1602544359878
1602544361900
1602544365160
1602544368422
1602544371881
1602544374507
1602544376738
1602544379983
1602544382024
1602544384045
1602544387355
1602544389381
1602544391416
1602544393434
1602544395461
1602544397481
1602544399499
1602544401528
1602544403552
1602544406176
1602544408198
1602544411031
1602544413049
1602544415071
1602544417112
1602544419140
1602544421165
1602544423400
1602544425421
1602544428054
1602544431286
1602544433310
1602544436791
1602544441034
1602544443105
1602544445154
1602544447551
1602544449579
1602544452830
1602544455472
1602544457499
1602544459950
1602544461972
1602544464001
1602544467263
1602544469290
1602544471740
1602544473761
1602544475784
1602544477805
1602544480071
1602544482091
1602544484946
1602544486965
1602544489221
1602544491245
1602544494056
1602544496079
1602544498096
1602544500115
1602544502169
1602544504196
1602544506221
1602544508251
1602544510277
1602544512303
1602544515723
1602544517752
1602544521237
1602544523258
1602544525279
1602544527306
1602544529340
1602544531362
1602544534427
1602544536669
1602544538692
1602544541535
1602544544782
1602544546802
1602544548824
1602544550859
1602544552884
1602544554905
1602544556936
1602544558955
1602544561176
1602544564422
1602544566461
1602544568506
1602544571138
1602544573769
1602544575791
1602544578622
1602544580641
1602544582662
1602544584691
1602544586711
1602544588734
1602544590755
1602544592775
1602544595409
1602544597420
1602544599439
1602544602505
1602544604715
1602544607953
1602544610576
1602544613194
1602544615825
1602544617843
1602544619861
1602544622700
1602544624718
1602544626740
1602544629200
1602544631221
1602544633248
1602544635665
1602544637919
1602544639947
1602544641971
1602544643999
1602544646019
1602544648455
1602544651703
1602544653724
1602544655748
1602544658166
1602544660194
1602544662633
1602544664654
1602544666712
1602544668746
1602544671989
1602544674176
1602544676850
1602544679188
1602544681541
1602544683588
1602544685701
1602544687740
1602544689804
1602544691825
1602544695124
1602544697147
1602544699167
1602544701590
1602544703615
1602544706236
1602544709472
1602544711589
1602544713623
1602544715645
1602544717671
1602544721280
1602544723302
1602544725333
1602544727592
1602544729629
1602544732862
1602544736223
1602544738260
1602544740285
1602544742597
1602544744621
1602544746888
1602544748998
1602544751274
1602544753309
1602544756558
1602544758584
1602544760614
1602544762652
1602544764675
1602544766697
1602544769542
1602544771562
1602544773581
1602544775608
1602544777623
1602544780272
1602544782903
1602544784932
1602544786950
1602544788975
1602544790998
1602544793635
1602544796275
1602544798300
1602544800331
1602544802350
1602544805798
1602544807819
1602544810297
1602544812322
1602544814342
1602544816361
1602544819099
1602544821149
1602544823948
1602544827209
1602544829246
1602544831273
1602544833290
1602544836143
1602544838177
1602544840201
1602544842239
1602544844259
1602544846285
1602544848319
1602544851156
1602544853177
1602544856234
1602544858254
1602544860283
1602544862985
1602544865003
1602544867016
1602544870109
1602544872127
1602544874150
1602544876614
1602544878634
1602544880847
1602544883098
1602544885113
1602544887950
1602544889967
1602544891989
1602544894749
1602544897367
1602544900000
1602544902020
1602544904040
1602544906078
1602544908101
1602544910114
1602544913654
1602544915683
1602544918507
1602544920524
1602544922545
1602544924572
1602544927458
1602544929482
1602544931516
1602544933539
1602544935567
1602544938399
1602544940418
1602544942439
1602544944463
1602544947194
1602544949211
1602544952079
1602544954110
1602544956356
1602544958590
1602544960617
1602544963450
1602544966695
1602544968722
1602544971582
1602544973609
1602544975626
1602544977646
1602544979665
1602544981690
1602544983718
1602544985743
1602544987768
1602544989794
1602544991865
1602544993896
1602544995919
1602544998773
1602545000794
1602545004274
1602545006295
1602545008355
1602545010604
1602545012625
1602545014647
1602545016730
1602545019593
1602545021623
1602545024458
1602545026483
1602545029987
1602545032008
1602545034032
1602545036052
1602545038074
1602545040157
1602545042184
1602545045668
1602545047686
1602545050189
1602545053375
1602545055407
1602545057440
1602545059499
1602545061522
1602545063548
1602545065571
1602545068829
1602545072076
1602545074096
1602545076959
1602545078983
1602545081003
1602545084254
1602545087512
1602545089536
1602545091556
1602545093979
1602545097200
1602545099224
1602545101249
1602545103274
1602545105295
1602545108019
1602545111267
1602545113297
1602545116174
1602545118197
1602545120228
1602545123277
1602545125309
1602545127331
1602545129356
1602545131606
1602545133626
1602545136247
1602545138868
1602545140896
1602545142916
1602545145983
1602545148006
1602545150832
1602545154059
1602545157316
1602545159335
1602545161366
1602545163801
1602545165883
1602545167910
1602545170750
1602545172774
1602545176257
1602545179518
1602545181541
1602545183571
1602545185592
1602545188601
1602545191867
1602545193895
1602545196164
1602545199399
1602545201423
1602545203443
1602545205482
1602545208719
1602545210749
1602545212774
1602545214796
1602545216831
1602545220123
1602545222170
1602545224387
1602545226416
1602545228440
1602545230459
1602545234865
1602545236892
1602545238915
1602545240951
1602545244529
1602545246555
1602545249435
1602545251459
1602545253487
1602545255521
1602545258243
1602545260265
1602545262284
1602545264316
1602545266346
1602545268370
1602545270389
1602545272412
1602545275668
1602545277689
1602545280550
1602545282583
1602545284611
1602545286639
1602545288654
1602545291934
1602545293954
1602545296836
1602545298868
1602545300892
1602545302925
1602545305579
1602545308821
1602545311453
1602545313487
1602545315937
1602545317966
1602545321436
1602545323705
1602545325726
1602545327775
1602545330191
1602545332817
1602545334840
1602545336865
1602545339303
1602545341331
1602545343866
1602545345894
1602545347920
1602545349948
1602545352697
1602545354719
1602545356738
1602545358759
1602545360834
1602545362857
1602545365665
1602545367692
1602545370353
1602545372379
1602545374408
1602545377039
1602545379064
1602545381087
1602545383119
1602545385143
1602545388355
1602545390383
1602545392403
1602545395029
1602545397050
1602545399072
1602545401089
1602545403170
1602545405198
1602545408679
1602545412180
1602545414210
1602545417734
1602545419755
1602545422620
1602545424649
1602545426667
1602545428702
1602545430735
1602545433387
1602545435419
1602545437441
1602545439679
1602545441699
1602545443724
1602545445741
1602545447765
1602545450009
1602545453289
1602545455312
1602545457329
1602545459354
1602545462072
1602545464107
1602545466136
1602545468155
1602545470181
1602545472208
1602545474219
1602545476244
1602545478265
1602545480286
1602545482319
1602545484341
1602545487800
1602545489821
1602545491845
1602545494147
1602545496172
1602545499433
1602545501669
1602545504575
1602545506598
1602545508633
1602545510891
1602545512914
1602545514934
1602545516949
1602545518980
1602545521031
1602545523068
1602545525096
1602545527126
1602545530637
1602545532652
1602545534677
1602545536698
1602545538718
1602545540744
1602545542771
1602545544803
1602545546824
1602545548848
1602545551489
1602545553512
1602545555536
1602545557571
1602545559638
1602545561659
1602545563677
1602545566823
1602545568845
1602545570867
1602545573929
1602545576201
1602545578237
1602545580472
1602545582497
1602545584545
1602545586582
1602545588609
1602545592201
1602545594224
1602545596251
1602545599608
1602545601632
1602545604083
1602545606336
1602545608356
1602545610614
1602545612861
1602545615741
1602545617765
1602545619787
1602545622662
1602545624691
1602545626722
1602545628748
1602545630357
1602545633077
1602545636317
1602545638350
1602545640827
1602545642849
1602545644873
1602545647881
1602545651137
1602545653636
1602545655657
1602545657684
1602545659711
1602545662437
1602545664447
1602545666471
1602545669512
1602545671748
1602545673765
1602545675783
1602545678235
1602545680472
1602545682509
1602545684552
1602545686580
1602545688616
1602545690642
1602545692664
1602545696167
1602545698827
1602545700857
1602545703111
1602545705213
1602545707245
1602545710659
1602545712686
1602545714712
1602545716731
1602545719586
1602545721819
1602545723852
1602545726280
1602545729512
1602545731533
1602545734186
1602545736286
1602545738312
1602545740334
1602545743185
1602545745218
1602545748037
1602545751288
1602545754550
1602545756576
1602545758593
1602545760624
1602545762653
1602545764686
1602545766726
1602545770009
1602545772031
1602545774057
1602545776090
1602545778112
1602545780132
1602545782158
1602545784274
1602545786298
1602545788322
1602545790341
1602545792367
1602545794396
1602545797029
1602545800281
1602545802299
1602545805191
1602545807431
1602545809463
1602545811491
1602545813510
1602545815533
1602545818156
1602545820178
1602545822206
1602545824245
1602545826286
1602545828311
1602545830344
1602545832370
1602545834391
1602545836420
1602545838432
1602545840459
1602545842478
1602545844502
1602545846525
1602545848539
1602545850560
1602545852579
1602545855889
1602545857904
1602545859936
1602545861961
1602545863996
1602545866020
1602545868054
1602545871335
1602545873363
1602545875388
1602545877403
1602545880399
1602545882629
1602545884654
1602545886886
1602545888912
1602545890939
1602545892950
1602545894980
1602545897009
1602545899034
1602545902528
1602545904556
1602545906793
1602545908816
1602545910850
1602545912871
1602545914898
1602545916921
1602545919816
1602545921847
1602545923864
1602545925885
1602545927906
1602545931180
1602545933204
1602545935246
1602545937272
1602545939297
1602545941344
1602545943369
1602545945459
1602545947482
1602545949516
1602545951538
1602545955128
1602545957152
1602545960022
1602545962047
1602545964701
1602545967341
1602545970579
1602545972599
1602545976064
1602545978319
1602545980581
1602545982611
1602545985453
1602545987072
1602545989097
1602545991125
1602545993639
1602545996479
1602545998503
1602546000528
1602546003631
1602546005682
1602546007712
1602546011140
1602546013164
1602546015194
1602546017226
1602546019241
1602546021276
1602546023305
1602546025343
1602546027369
1602546029395
1602546032775
1602546034804
1602546036832
1602546038851
1602546040874
1602546042902
1602546044922
1602546046950
1602546048973
1602546050995
1602546053023
1602546055049
1602546057193
1602546059223
1602546061248
1602546063283
1602546065319
1602546067349
1602546069826
1602546073103
1602546075127
1602546077152
1602546079176
1602546081408
1602546083439
1602546085462
1602546087788
1602546089815
1602546091846
1602546093915
1602546097142
1602546099162
1602546101192
1602546103215
1602546106683
1602546108754
1602546110776
1602546112804
1602546115399
1602546118653
1602546120678
1602546122705
1602546124749
1602546126782
1602546128806
1602546131765
1602546133792
1602546135810
1602546139056
1602546142311
1602546144336
1602546146354
1602546149397
1602546151413
1602546154861
1602546157512
1602546159555
1602546161573
1602546164848
1602546166874
1602546169746
1602546172985
1602546175012
1602546177041
1602546179062
1602546181090
1602546184013
1602546186041
1602546188067
1602546190304
1602546192325
1602546194363
1602546196396
1602546198416
1602546200445
1602546202466
1602546204497
1602546206518
1602546208553
1602546210589
1602546213137
1602546215151
1602546217199
1602546219233
1602546221259
1602546223660
1602546225690
1602546227724
1602546229768
1602546231814
1602546233839
1602546235870
1602546237898
1602546239924
1602546241962
1602546243974
1602546245998
1602546248474
1602546250502
1602546252532
1602546254972
1602546257204
1602546259228
1602546261250
1602546263268
1602546265308
1602546267333
1602546270112
1602546272136
1602546274149
1602546276186
1602546278848
1602546280883
1602546283379
1602546285411
1602546287445
1602546289476
1602546291540
1602546293567
1602546295608
1602546298851
1602546301082
1602546303148
1602546306655
1602546308678
1602546311549
1602546313581
1602546315614
1602546318095
1602546320120
1602546322969
1602546324990
1602546328486
1602546330514
1602546332542
1602546334563
1602546336595
1602546338623
1602546340652
1602546342677
1602546344705
1602546346734
1602546349378
1602546351410
1602546353446
1602546355459
1602546357508
1602546359538
1602546361565
1602546363599
1602546365615
1602546367654
1602546370303
1602546373551
1602546376823
1602546378847
1602546380897
1602546382958
1602546384973
1602546387005
1602546389033
1602546391068
1602546394506
1602546396528
1602546398555
1602546400588
1602546402822
1602546404833
1602546407298
1602546409347
1602546412150
1602546414195
1602546416207
1602546418231
1602546420257
1602546422993
1602546425019
1602546427934
1602546429954
1602546431971
1602546433991
1602546436087
1602546438114
1602546440136
1602546442159
1602546444187
1602546446210
1602546448234
1602546450258
1602546452283
1602546454313
1602546456345
1602546459009
1602546461043
1602546463070
1602546465098
1602546467123
1602546469149
1602546471175
1602546474235
1602546476268
1602546478294
1602546480327
1602546482399
1602546484424
1602546486449
1602546488485
1602546490510
1602546493910
1602546495933
1602546497951
1602546499976
1602546502639
1602546504677
1602546506703
1602546509335
1602546512998
1602546515026
1602546517050
1602546519106
1602546521158
1602546523192
1602546525219
1602546527888
1602546529935
1602546531962
1602546533991
1602546536024
1602546539383
1602546541404
1602546543435
1602546545487
1602546547720
1602546549741
1602546552643
1602546554671
1602546557166
1602546560399
1602546562420
1602546564433
1602546566454
1602546568480
1602546570506
1602546573301
1602546575580
1602546577943
1602546579969
1602546582610
1602546585258
1602546587532
1602546590775
1602546594012
1602546596071
1602546598106
1602546600762
1602546602803
1602546606416
1602546609681
1602546611701
1602546613738
1602546616819
1602546618839
1602546620869
1602546622905
1602546624932
1602546627069
1602546630317
1602546632352
1602546634392
1602546637855
1602546639878
1602546643364
1602546645379
1602546647403
1602546649431
1602546651446
1602546653491
1602546656572
1602546658811
1602546660857
1602546663805
1602546665835
1602546667874
1602546669930
1602546671956
1602546673994
1602546676017
1602546678041
1602546680092
1602546683268
1602546686540
1602546689776
1602546691826
1602546695298
1602546697344
1602546700767
1602546702792
1602546704831
1602546706879
1602546709536
1602546711808
1602546714451
1602546716488
1602546718507
1602546720527
1602546723283
1602546725318
1602546727371
1602546729391
1602546731437
1602546734278
1602546736950
1602546740233
1602546742275
1602546745725
1602546747751
1602546749787
1602546751813
1602546753849
1602546756172
1602546758185
1602546760640
1602546762667
1602546764702
1602546767809
1602546769834
1602546771856
1602546773882
1602546776661
1602546778905
1602546781176
1602546783255
1602546786056
1602546788083
1602546790107
1602546792123
1602546794151
1602546796177
1602546798202
1602546800234
1602546802251
1602546804507
1602546807753
1602546809792
1602546811811
1602546813822
1602546816927
1602546819572
1602546821610
1602546823632
1602546825653
1602546828153
1602546830241
1602546832266
1602546834297
1602546836317
1602546839394
1602546841451
1602546843492
1602546845525
1602546847693
1602546849719
1602546851755
1602546853784
1602546856022
1602546858047
1602546861654
1602546863675
1602546865726
1602546867748
1602546870032
1602546872061
1602546874083
1602546876102
1602546878132
1602546881221
1602546884459
1602546886478
1602546888508
1602546890981
1602546893015
1602546895041
1602546897118
1602546899162
1602546901209
1602546904294
1602546906321
1602546909220
1602546911248
1602546913307
1602546915344
1602546917375
1602546919399
1602546921429
1602546923458
1602546925743
1602546927817
1602546929855
1602546933146
1602546935167
1602546937202
1602546939227
1602546941261
1602546943284
1602546945480
1602546947509
1602546949762
1602546951800
1602546953834
1602546957127
1602546959153
1602546961652
1602546963709
1602546965999
1602546968018
1602546970046
1602546972071
1602546974104
1602546977163
1602546979190
1602546981200
1602546983804
1602546985828
1602546989470
1602546991796
1602546993829
1602546995858
1602546997895
1602546999916
1602547001953
1602547003976
1602547006012
1602547008037
1602547010780
1602547012806
1602547014832
1602547017469
1602547019527
1602547022206
1602547024496
1602547026539
1602547028571
1602547030599
1602547033106
1602547035766
1602547037819
1602547039859
1602547041883
1602547043920
1602547045952
1602547048419
1602547050443
1602547053272
1602547055318
1602547057340
1602547059368
1602547061425
1602547065032
1602547067054
1602547069075
1602547071105
1602547073556
1602547075581
1602547077612
1602547079632
1602547081904
1602547083928
1602547085963
1602547088035
1602547090063
1602547092088
1602547094112
1602547096395
1602547098605
1602547101864
1602547103890
1602547105910
1602547107942
1602547109979
1602547112299
1602547114342
1602547116372
1602547118411
1602547120448
1602547122489
1602547125131
1602547127164
1602547129197
1602547131224
1602547133282
1602547135966
1602547138013
1602547141959
1602547143995
1602547146845
1602547148870
1602547151533
1602547153559
1602547155595
1602547157631
1602547159662
1602547161682
1602547164185
1602547166489
1602547168514
1602547170552
1602547172577
1602547174653
1602547177897
1602547179944
1602547181972
1602547183999
1602547187608
1602547190876
1602547192900
1602547194945
1602547197599
1602547199619
1602547202506
1602547204632
1602547207432
1602547209468
1602547212298
1602547215389
1602547217427
1602547219460
1602547222578
1602547224614
1602547227880
1602547230136
1602547232157
1602547234177
1602547236217
1602547238263
1602547240298
1602547243189
1602547245232
1602547247340
1602547249779
1602547251806
1602547253818
1602547257077
1602547259110
1602547261127
1602547264314
1602547266350
1602547268372
1602547270457
1602547272490
1602547274580
1602547276792
1602547278850
1602547280944
1602547282977
1602547285010
1602547288278
1602547290342
1602547292383
1602547294492
1602547296525
1602547298765
1602547300806
1602547303665
1602547305699
1602547307730
1602547310047
1602547312297
1602547314318
1602547316345
1602547318483
1602547320523
1602547322611
1602547324692
1602547326739
1602547328763
1602547330784
1602547332814
1602547335779
1602547337814
1602547341333
1602547343374
1602547345397
1602547347418
1602547350055
1602547352386
1602547354453
1602547356507
1602547358552
1602547361181
1602547363450
1602547365585
1602547367841
1602547369876
1602547371897
1602547373921
1602547375981
1602547378020
1602547381530
1602547384226
1602547386275
1602547388329
1602547390362
1602547392394
1602547394658
1602547396767
1602547398808
1602547401828
1602547403857
1602547405932
1602547409317
1602547413590
1602547415620
1602547419049
1602547421071
1602547423104
1602547426399
1602547428437
1602547430473
1602547432520
1602547435277
1602547437296
1602547439360
1602547441527
1602547443580
1602547445622
1602547447892
1602547449918
1602547451963
1602547455141
1602547457390
1602547460642
1602547463301
1602547466544
1602547468583
1602547470626
1602547472655
1602547474798
1602547477462
1602547479514
1602547481590
1602547483777
1602547485816
1602547487842
1602547491212
1602547493279
1602547496093
1602547498120
1602547500150
1602547502191
1602547504279
1602547507177
1602547509208
1602547512109
1602547514340
1602547516359
1602547518393
1602547520663
1602547523969
1602547526012
1602547528046
1602547530545
1602547533245
1602547535910
1602547537954
1602547541414
1602547543496
1602547545548
1602547547579
1602547549607
1602547552157
1602547554377
1602547556397
1602547559242
1602547562368
1602547565685
1602547567736
1602547569861
1602547571889
1602547573927
1602547575965
1602547578018
1602547581391
1602547584657
1602547586688
1602547588741
1602547590773
1602547592822
1602547594873
1602547596905
1602547599281
1602547602170
1602547604202
1602547606223
1602547608264
1602547610533
1602547612855
1602547614931
1602547617030
1602547619083
1602547621735
1602547625017
1602547627082
1602547629134
1602547631278
1602547633305
1602547636661
1602547638739
1602547640791
1602547642824
1602547645687
1602547647729
1602547649761
1602547651786
1602547653828
1602547657416
1602547659429
1602547662313
1602547664339
1602547666845
1602547668871
1602547670944
1602547672982
1602547675034
1602547677077
1602547680589
1602547682660
1602547684749
1602547686807
1602547688841
1602547691217
1602547693244
1602547696087
1602547699403
1602547701428
1602547703453
1602547705510
1602547707531
1602547709803
1602547711834
1602547715341
1602547717366
1602547719401
1602547721424
1602547724917
1602547727559
1602547729583
1602547731626
1602547733655
1602547735704
1602547737748
1602547739776
1602547741810
1602547743863
1602547745900
1602547747940
1602547750645
1602547753339
1602547755374
1602547758090
1602547761386
1602547764673
1602547766739
1602547768810
1602547770844
1602547772864
1602547775540
1602547777817
1602547780469
1602547782495
1602547784522
1602547786550
1602547789289
1602547792624
1602547795907
1602547799116
1602547801589
1602547803661
1602547805817
1602547807852
1602547809882
1602547813106
1602547815137
1602547817173
1602547819201
1602547822476
1602547824515
1602547826540
1602547828568
1602547831882
1602547833917
1602547835977
1602547838020
1602547840049
1602547842095
1602547844180
1602547846246
1602547848371
1602547850933
1602547852969
1602547856505
1602547858531
1602547862033
1602547864104
1602547866142
1602547868167
1602547870194
1602547873077
1602547875115
1602547877173
1602547880236
1602547883522
1602547885558
1602547889140
1602547891171
1602547893213
1602547895273
1602547897318
1602547899345
1602547902896
1602547904956
1602547907001
1602547909020
1602547911061
1602547913084
1602547915721
1602547918495
1602547920533
1602547922552
1602547924592
1602547926735
1602547928755
1602547930774
1602547934074
1602547936381
1602547938410
1602547940449
1602547942474
1602547944524
1602547948071
1602547950439
1602547953793
1602547957064
1602547960366
1602547962400
1602547964425
1602547966452
1602547968474
1602547970513
1602547972538
1602547975219
1602547978099
1602547980426
1602547982480
1602547984569
1602547986617
1602547989331
1602547991355
1602547993393
1602547995418
1602547998542
1602548000564
1602548003475
1602548005500
1602548007524
1602548010676
1602548012715
1602548014738
1602548016766
1602548018794
1602548020818
1602548022857
1602548024923
1602548026975
1602548030374
1602548033725
1602548035748
1602548038618
1602548040643
1602548043600
1602548045676
1602548047706
1602548049736
1602548051751
1602548055089
1602548057120
1602548059159
1602548061296
1602548063938
1602548067207
1602548069238
1602548071267
1602548074866
1602548076915
1602548080207
1602548082241
1602548084289
1602548087367
1602548089407
1602548091438
1602548093466
1602548095499
1602548099115
1602548101141
1602548104780
1602548106819
1602548108847
1602548110866
1602548112887
1602548114929
1602548117580
1602548119711
1602548123118
1602548125150
1602548127204
1602548129255
1602548131942
1602548134159
1602548136193
1602548138246
1602548140506
1602548142764
1602548144790
1602548146859
1602548148892
1602548151505
1602548153546
1602548155568
1602548157596
1602548159624
1602548163179
1602548165210
1602548167252
1602548169297
1602548171955
1602548173991
1602548176027
1602548178051
1602548180100
1602548183236
1602548186426
1602548188475
1602548190555
1602548192754
1602548195022
1602548197793
1602548199826
1602548201855
1602548203941
1602548207407
1602548210704
1602548212991
1602548216299
1602548218376
1602548221273
1602548224564
1602548227200
1602548229252
1602548231304
1602548233342
1602548236244
1602548238274
1602548240333
1602548243354
1602548245604
1602548247680
1602548249742
1602548251783
1602548253862
1602548257141
1602548259162
1602548262125
1602548264156
1602548266819
1602548268855
1602548270907
1602548273985
1602548276033
1602548278085
1602548280560
1602548282607
1602548286166
1602548288262
1602548290299
1602548292327
1602548294349
1602548296396
1602548298428
1602548300483
1602548303673
1602548305737
1602548307773
1602548309809
1602548311847
1602548313879
1602548315905
1602548317934
1602548319961
1602548322037
1602548324079
1602548326270
1602548328305
1602548330370
1602548333695
1602548335737
1602548338665
1602548341337
1602548343362
1602548346368
1602548348396
1602548350411
1602548352440
1602548354464
1602548357104
1602548359464
1602548361507
1602548364377
1602548366467
1602548368508
1602548370543
1602548372574
1602548375510
1602548377545
1602548379591
1602548382927
1602548384953
1602548387054
1602548389488
1602548391540
1602548394487
1602548396547
1602548399545
1602548401641
1602548404449
1602548407226
1602548409287
1602548412111
1602548414144
1602548416210
1602548418252
1602548420305
1602548422731
1602548424778
1602548426833
1602548428913
1602548431224
1602548434505
1602548436578
1602548438613
1602548440642
1602548442688
1602548446035
1602548448068
1602548450093
1602548452127
1602548456014
1602548458039
1602548460072
1602548462138
1602548464250
1602548466303
1602548468351
1602548471053
1602548473086
1602548475690
1602548477767
1602548479815
1602548483126
1602548485165
1602548487416
1602548489457
1602548491939
1602548495193
1602548497219
1602548499935
1602548503475
1602548506499
1602548508562
1602548510618
1602548513799
1602548515882
1602548517910
1602548519982
1602548522023
1602548524071
1602548526573
1602548529807
1602548531835
1602548533859
1602548535897
1602548537956
1602548540461
1602548542499
1602548544520
1602548546565
1602548548764
1602548551527
1602548554856
1602548556893
1602548558935
1602548560972
1602548563282
1602548566650
1602548569369
1602548572044
1602548574095
1602548576957
1602548580283
1602548582352
1602548585362
1602548587396
1602548589432
1602548592195
1602548594267
1602548597801
1602548599840
1602548601862
1602548603917
1602548605956
1602548608180
1602548611465
1602548613762
1602548615788
1602548619423
1602548621471
1602548624783
1602548627460
1602548629525
1602548631765
1602548633791
1602548636665
1602548640088
1602548642134
1602548645841
1602548647921
1602548651292
1602548653584
1602548655657
1602548657680
1602548659742
1602548661911
1602548663962
1602548666829
1602548669111
1602548671141
1602548673190
1602548676710
1602548678743
1602548681632
1602548684342
1602548686377
1602548688414
1602548690486
1602548692665
1602548694834
1602548696857
1602548698903
1602548700933
1602548703331
1602548705416
1602548707523
1602548709565
1602548711589
1602548713610
1602548715635
1602548717687
1602548719737
1602548722589
1602548724670
1602548727635
1602548729691
1602548732627
1602548735349
1602548738581
1602548741313
1602548743361
1602548745403
1602548747761
1602548749783
1602548751822
1602548753917
1602548756010
1602548758042
1602548760077
1602548763621
1602548766992
1602548770326
1602548772364
1602548774394
1602548776436
1602548778499
1602548780564
1602548782602
1602548786615
1602548788646
1602548790784
1602548793813
1602548795846
1602548798217
1602548801604
1602548803663
1602548807058
1602548809086
1602548811741
1602548813766
1602548815782
1602548818378
1602548820521
1602548822569
1602548824736
1602548826850
1602548828907
1602548830940
1602548834579
1602548836607
1602548838640
1602548840682
1602548843143
1602548845174
1602548848268
1602548850299
1602548852673
1602548854754
1602548856799
1602548858829
1602548861196
1602548863801
1602548867120
1602548869173
1602548871225
1602548873300
1602548875353
1602548877713
1602548879809
1602548881854
1602548883905
1602548885935
1602548887987
1602548890145
1602548892834
1602548896182
1602548899706
1602548901770
1602548903811
1602548906156
1602548908187
1602548910852
1602548912876
1602548914980
1602548918310
1602548920353
1602548923273
1602548925346
1602548927417
1602548930512
1602548932539
1602548935541
1602548937571
1602548939623
1602548941677
1602548944461
1602548946488
1602548948554
1602548950702
1602548952726
1602548954748
1602548956766
1602548959052
1602548962317
1602548964341
1602548966424
1602548969290
1602548971963
1602548973996
1602548976115
1602548978150
1602548981015
1602548983371
1602548985414
1602548987468
1602548989515
1602548991570
1602548994348
1602548997598
1602548999766
1602549001809
1602549003872
1602549005926
1602549007955
1602549010017
1602549012390
1602549014462
1602549017248
1602549020546
1602549022638
1602549024680
1602549026702
1602549028792
1602549030835
1602549032899
1602549035004
1602549037039
1602549039083
1602549041104
1602549043143
1602549045178
1602549047807
1602549050534
1602549053857
1602549057208
1602549059231
1602549062837
1602549066460
1602549068553
1602549070574
1602549072663
1602549074722
1602549077673
1602549079711
1602549081767
1602549083806
1602549085825
1602549087873
1602549090037
1602549092099
1602549094644
1602549096757
1602549098829
1602549100863
1602549102927
1602549104968
1602549107618
1602549109637
1602549111740
1602549113936
1602549115975
1602549119168
1602549121208
1602549123335
1602549125395
1602549127429
1602549129468
1602549131557
1602549134771
1602549137488
1602549140731
1602549142784
1602549144820
1602549146958
1602549148996
1602549151022
1602549153176
1602549155212
1602549157232
1602549159249
1602549162102
1602549164289
1602549166433
1602549168506
1602549171210
1602549173301
1602549175961
1602549178356
1602549181707
1602549183768
1602549187209
1602549189282
1602549191314
1602549193366
1602549197049
1602549199151
1602549201226
1602549203969
1602549206037
1602549208104
1602549210622
1602549213851
1602549216501
1602549219210
1602549221308
1602549223362
1602549226307
1602549229300
1602549231331
1602549233802
1602549235863
1602549237957
1602549241616
1602549243890
1602549245982
1602549248013
1602549250043
1602549252269
1602549254298
1602549257201
1602549259292
1602549261320
1602549263369
1602549265407
1602549267548
1602549269812
1602549271895
1602549274711
1602549276749
1602549278769
1602549281068
1602549283397
1602549286980
1602549289550
1602549291642
1602549293736
1602549295785
1602549297875
1602549299931
1602549301973
1602549305475
1602549307563
1602549309598
1602549311655
1602549313714
1602549315746
1602549317786
1602549321044
1602549323138
1602549325549
1602549327687
1602549330568
1602549332608
1602549335500
1602549337639
1602549339718
1602549341741
1602549344648
1602549347999
1602549350037
1602549352584
1602549354634
1602549356686
1602549358720
1602549360794
1602549362900
1602549364971
1602549367581
1602549369689
1602549371748
1602549373785
1602549376354
1602549378551
1602549380616
1602549384227
1602549387404
1602549390102
1602549393367
1602549395533
1602549398324
1602549400409
1602549402441
1602549404515
1602549408277
1602549411857
1602549413907
1602549416079
1602549418534
1602549420616
1602549423576
1602549425618
1602549427701
1602549430398
1602549432432
1602549434556
1602549436639
1602549439424
1602549441761
1602549443806
1602549446926
1602549449140
1602549451242
1602549453328
1602549456265
1602549458301
1602549461859
1602549463931
1602549467455
1602549470121
1602549472196
1602549475137
1602549477164
1602549479214
1602549481263
1602549483304
1602549485357
1602549487396
1602549489482
1602549491520
1602549493558
1602549496615
1602549498661
1602549500714
1602549503182
1602549505217
1602549507268
1602549509335
1602549512047
1602549515535
1602549517589
1602549519632
1602549522295
1602549524490
1602549527260
1602549529292
1602549531401
1602549533463
1602549535494
1602549537534
1602549539876
1602549541907
1602549544006
1602549546146
1602549548261
1602549551228
1602549554214
1602549557587
1602549560290
1602549563533
1602549565577
1602549567631
1602549571256
1602549573309
1602549575366
1602549577401
1602549579562
1602549582326
1602549584381
1602549586544
1602549588599
1602549591355
1602549593404
1602549595425
1602549597453
1602549599488
1602549601538
1602549603658
1602549605729
1602549607777
1602549609923
1602549611997
1602549615332
1602549617389
1602549619440
1602549621469
1602549623509
1602549625605
1602549627748
1602549629965
1602549632295
1602549635862
1602549637904
1602549641295
1602549644549
1602549646581
1602549648623
1602549651263
1602549653350
1602549655381
1602549657435
1602549659477
1602549661862
1602549663892
1602549666350
1602549668411
1602549671171
1602549673212
1602549675271
1602549677414
1602549681324
1602549683527
1602549685626
1602549687678
1602549689751
1602549691781
1602549693908
1602549695947
1602549698027
1602549701168
1602549703444
1602549705556
1602549707622
1602549709676
1602549711704
1602549714003
1602549716077
1602549718105
1602549720149
1602549722214
1602549724249
1602549726374
1602549728445
1602549731905
1602549733974
1602549736852
1602549740232
1602549742330
1602549744388
1602549747709
1602549750272
1602549752330
1602549754436
1602549756866
1602549758903
1602549762587
1602549764639
1602549766668
1602549768766
1602549770818
1602549772870
1602549774956
1602549776997
1602549779079
1602549782053
1602549785142
1602549787181
1602549789314
1602549792045
1602549794147
1602549796305
1602549798721
1602549800805
1602549802837
1602549805526
1602549807648
1602549810494
1602549812588
1602549814806
1602549816902
1602549819034
1602549821100
1602549823127
1602549825296
1602549828826
1602549832324
1602549834997
1602549837026
1602549839075
1602549841683
1602549843830
1602549846826
1602549849545
1602549852882
1602549854951
1602549857997
1602549860053
1602549862085
1602549864157
1602549867733
1602549871087
1602549873144
1602549875188
1602549877875
1602549879916
1602549881953
1602549884307
1602549886504
1602549888531
1602549890575
1602549892605
1602549894705
1602549898105
1602549900154
1602549902197
1602549904250
1602549906307
1602549908358
1602549911661
1602549913789
1602549915880
1602549917957
1602549921349
1602549923695
1602549925720
1602549928376
1602549931726
1602549934426
1602549936728
1602549938789
1602549940823
1602549943509
1602549946826
1602549948868
1602549951060
1602549953115
1602549955249
1602549957334
1602549961072
1602549963166
1602549965215
1602549967306
1602549969351
1602549971429
1602549973499
1602549976567
1602549978794
1602549980823
1602549982860
1602549984932
1602549986994
1602549989063
1602549991128
1602549994050
1602549996090
1602549998128
1602550001162
1602550004532
1602550007782
1602550010013
1602550012272
1602550014948
1602550018307
1602550020382
1602550022450
1602550025000
1602550027076
1602550029119
1602550031155
1602550035098
1602550037166
1602550039194
1602550041233
1602550043603
1602550045635
1602550047679
1602550049704
1602550051816
1602550053998
1602550056077
1602550058119
1602550060184
1602550062214
1602550064283
1602550066334
1602550068398
1602550070617
1602550072645
1602550075213
1602550077270
1602550079327
1602550081384
1602550083431
1602550085538
1602550087625
1602550090277
1602550093785
1602550096986
1602550099138
1602550101168
1602550103921
1602550105986
1602550109518
1602550111628
1602550113665
1602550115745
1602550117831
1602550119901
1602550121949
1602550125606
1602550127708
1602550129750
1602550131819
1602550133887
1602550135963
1602550138196
1602550140482
1602550143207
1602550145563
1602550147631
1602550149702
1602550153396
1602550155718
1602550157796
1602550159911
1602550161955
1602550163987
1602550166133
1602550168182
1602550170275
1602550172379
1602550174677
1602550176699
1602550178746
1602550180819
1602550182958
1602550185040
1602550187109
1602550189236
1602550191755
1602550195398
1602550197448
1602550199490
1602550201671
1602550203729
1602550206394
1602550208434
1602550211239
1602550214013
1602550216110
1602550218165
1602550220202
1602550223853
1602550226001
1602550228056
1602550230190
1602550232280
1602550234325
1602550236389
1602550239573
1602550241626
1602550243724
1602550246328
1602550248366
1602550251040
1602550253163
1602550255261
1602550257373
1602550259627
1602550262918
1602550265142
1602550267392
1602550269970
1602550273638
1602550277477
1602550279712
1602550283211
1602550285669
1602550287737
1602550289809
1602550291943
1602550293988
1602550296858
1602550300214
1602550302278
1602550304373
1602550306886
1602550309620
1602550312763
1602550315583
1602550317628
1602550319673
1602550321739
1602550323857
1602550325910
1602550327944
1602550330750
1602550334201
1602550336918
1602550338964
1602550341011
1602550343047
1602550345101
1602550347246
1602550350187
1602550352222
1602550355884
1602550357963
1602550360020
1602550362084
1602550364603
1602550369503
1602550372621
1602550375424
1602550378694
1602550380735
1602550382872
1602550384938
1602550387208
1602550389288
1602550391378
1602550393441
1602550397441
1602550399477
1602550401555
1602550403600
1602550407190
1602550410594
1602550412666
1602550414713
1602550417964
1602550420141
1602550422207
1602550424265
1602550427526
1602550429558
1602550432709
1602550434762
1602550436949
1602550438993
1602550442926
1602550445166
1602550447210
1602550449343
1602550451423
1602550453457
1602550457157
1602550460488
1602550462626
1602550464706
1602550468434
1602550473251
1602550475280
1602550477338
1602550479436
1602550481508
1602550484176
1602550486265
1602550488320
1602550490963
1602550493029
1602550495068
1602550497121
1602550499181
1602550501240
1602550504445
1602550506489
1602550509475
1602550511526
1602550513551
1602550515590
1602550517686
1602550519890
1602550522418
1602550524515
1602550526580
1602550529865
1602550532044
1602550534126
1602550536158
1602550538291
1602550540320
1602550543119
1602550546292
1602550548961
1602550551004
1602550553144
1602550555245
1602550557349
1602550559389
1602550561467
1602550563532
1602550565603
1602550567680
1602550569729
1602550571899
1602550574760
1602550576842
1602550578887
1602550581028
1602550583246
1602550585299
1602550587332
1602550589412
1602550591469
1602550594930
1602550598286
1602550600497
1602550602573
1602550605675
1602550607700
1602550609791
1602550611830
1602550614537
1602550616578
1602550618665
1602550622398
1602550624638
1602550626794
1602550628843
1602550630879
1602550632916
1602550635138
1602550637227
1602550639261
1602550641545
1602550643605
1602550647227
1602550649300
1602550651394
1602550653949
1602550656013
1602550658056
1602550660854
1602550664348
1602550667554
1602550669633
1602550671767
1602550673857
1602550677579
1602550679641
1602550681686
1602550684444
1602550686521
1602550689549
1602550693621
1602550697035
1602550699169
1602550701830
1602550703867
1602550706000
1602550708036
1602550710110
1602550712193
1602550714260
1602550716967
1602550719104
1602550721162
1602550723304
1602550725390
1602550727451
1602550730990
1602550733043
1602550735166
1602550740259
1602550743565
1602550747121
1602550749158
1602550751248
1602550753339
1602550755387
1602550757542
1602550760069
1602550763853
1602550765919
1602550768876
1602550770956
1602550773094
1602550776221
1602550778358
1602550781095
1602550783203
1602550785284
1602550787320
1602550790010
1602550792098
1602550794352
1602550796462
1602550798834
1602550800891
1602550802959
1602550805057
1602550807271
1602550809329
1602550811371
1602550813470
1602550815555
1602550817605
1602550820033
1602550823068
1602550825300
1602550828177
1602550831927
1602550833968
1602550837014
1602550839868
1602550841913
1602550844029
1602550846085
1602550848263
1602550851693
1602550855246
1602550858467
1602550860641
1602550862897
