1602550979558
1602550980760
1602550981938
1602550983108
1602550984294
1602550985460
1602550988190
1602550989331
1602550990498
1602550992241
1602550993422
1602550994613
1602550995778
1602550997070
1602550998459
1602551000127
1602551001298
1602551002468
1602551005794
1602551006973
1602551009758
1602551010914
1602551012047
1602551013185
1602551014364
1602551015548
1602551018542
1602551021405
1602551024132
1602551025372
1602551028483
1602551029626
1602551031523
1602551032980
1602551034222
1602551035425
1602551036573
1602551037760
1602551038960
1602551040129
1602551042395
1602551043575
1602551044782
1602551045959
1602551047647
1602551048942
1602551050169
1602551051408
1602551054213
1602551056047
1602551057802
1602551059002
1602551060550
1602551061859
1602551063621
1602551066328
1602551068161
1602551069604
1602551070802
1602551071982
1602551073184
1602551074317
1602551075461
1602551076625
1602551078681
1602551079883
1602551081129
1602551083461
1602551084829
1602551086007
1602551087158
1602551088334
1602551090753
1602551093478
1602551094601
1602551095734
1602551096958
1602551098089
1602551099328
1602551100480
1602551102109
1602551103261
1602551105027
1602551106177
1602551107728
1602551108878
1602551110016
1602551111159
1602551112329
1602551115189
1602551116354
1602551117629
1602551119657
1602551120798
1602551122474
1602551123625
1602551125034
1602551126223
1602551127434
1602551128640
1602551129836
1602551131055
1602551132575
1602551133726
1602551135389
1602551136559
1602551137831
1602551138976
1602551140212
1602551142133
1602551143559
1602551144697
1602551145831
1602551147056
1602551148209
1602551149533
1602551150975
1602551152472
1602551153624
1602551154793
1602551155974
1602551157188
1602551159128
1602551160475
1602551162451
1602551163686
1602551164847
1602551167649
1602551170664
1602551172140
1602551173415
1602551174706
1602551177653
1602551180415
1602551182204
1602551185024
1602551186209
1602551187402
1602551190188
1602551191328
1602551192590
1602551195292
1602551196664
1602551197859
1602551199478
1602551202322
1602551205607
1602551208398
1602551209734
1602551211943
1602551213302
1602551215237
1602551216437
1602551217585
1602551218766
1602551219986
1602551221183
1602551224281
1602551225650
1602551226847
1602551228104
1602551229264
1602551230394
1602551231644
1602551233027
1602551234241
1602551236493
1602551237727
1602551238939
1602551241071
1602551242248
1602551243542
1602551244708
1602551245925
1602551247311
1602551248520
1602551249675
1602551250968
1602551253840
1602551255012
1602551256282
1602551257750
1602551258925
1602551261636
1602551263539
1602551264961
1602551266656
1602551268683
1602551269863
1602551271044
1602551272234
1602551275371
1602551276592
1602551278613
1602551279777
1602551281338
1602551282710
1602551284016
1602551285426
1602551287170
1602551289958
1602551291175
1602551292320
1602551293512
1602551294716
1602551297547
1602551299047
1602551300216
1602551302692
1602551303922
1602551305070
1602551306305
1602551307492
1602551308655
1602551309841
1602551311095
1602551312249
1602551314919
1602551316134
1602551317383
1602551318592
1602551319754
1602551322607
1602551325425
1602551326647
1602551328155
1602551329405
1602551331919
1602551334759
1602551335898
1602551338497
1602551339696
1602551340854
1602551342154
1602551343408
1602551344705
1602551346012
1602551347263
1602551348478
1602551349654
1602551352167
1602551353440
1602551354696
1602551355848
1602551359007
1602551360448
1602551362373
1602551363628
1602551364815
1602551366048
1602551367330
1602551368603
1602551369777
1602551371073
1602551373245
1602551374943
1602551376625
1602551379259
1602551380432
1602551383223
1602551384985
1602551386185
1602551387331
1602551388571
1602551391445
1602551392659
1602551393837
1602551395062
1602551396644
1602551397826
1602551399070
1602551402492
1602551405829
1602551406985
1602551408202
1602551409398
1602551410597
1602551412376
1602551415201
1602551416389
1602551417517
1602551418695
1602551419922
1602551421274
1602551422462
1602551423631
1602551424817
1602551426055
1602551427428
1602551428799
1602551430003
1602551431831
1602551433047
1602551434189
1602551437042
1602551438251
1602551441107
1602551442783
1602551446247
1602551447947
1602551450810
1602551451998
1602551453153
1602551454329
1602551455508
1602551457830
1602551458983
1602551460182
1602551461339
1602551462934
1602551467361
1602551468623
1602551469784
1602551470959
1602551473477
1602551474732
1602551475868
1602551477588
1602551478754
1602551481491
1602551483174
1602551484326
1602551485516
1602551486934
1602551488077
1602551489285
1602551490545
1602551491785
1602551492999
1602551494205
1602551495520
1602551498532
1602551499715
1602551500907
1602551502953
1602551504130
1602551505382
1602551506554
1602551509398
1602551510643
1602551512821
1602551515666
1602551517010
1602551518237
1602551519469
1602551520657
1602551521949
1602551524837
1602551527634
1602551529391
1602551530536
1602551531704
1602551532820
1602551533982
1602551535109
1602551536237
1602551538039
1602551540595
1602551542005
1602551543626
1602551544822
1602551545985
1602551548985
1602551550606
1602551551825
1602551554031
1602551555206
1602551556813
1602551558488
1602551559654
1602551561856
1602551562995
1602551565341
1602551566543
1602551568731
1602551569865
1602551571029
1602551572260
1602551573393
1602551575943
1602551577135
1602551580837
1602551583639
1602551585387
1602551586653
1602551587856
1602551588999
1602551590822
1602551592305
1602551593493
1602551595513
1602551596660
1602551598851
1602551599984
1602551601334
1602551602562
1602551604462
1602551605663
1602551606904
1602551608130
1602551609289
1602551610516
1602551611703
1602551612890
1602551614056
1602551615222
1602551616409
1602551617914
1602551619108
1602551620292
1602551622386
1602551624010
1602551625169
1602551627951
1602551629090
1602551631343
1602551633446
1602551634736
1602551636074
1602551637228
1602551639881
1602551641039
1602551642634
1602551643853
1602551645056
1602551646265
1602551647527
1602551648749
1602551649928
1602551651205
1602551652498
1602551655243
1602551656393
1602551657607
1602551659847
1602551661464
1602551662844
1602551665274
1602551666685
1602551667908
1602551670647
1602551671817
1602551672971
1602551675799
1602551676988
1602551678147
1602551679343
1602551680486
1602551683276
1602551684519
1602551685852
1602551687553
1602551688725
1602551691482
1602551693316
1602551695031
1602551696826
1602551698397
1602551699549
1602551700727
1602551702242
1602551703465
1602551704666
1602551706004
1602551707629
1602551708824
1602551709996
1602551711904
1602551714640
1602551715778
1602551718745
1602551719901
1602551721549
1602551722710
1602551725215
1602551726435
1602551727918
1602551729725
1602551730917
1602551732122
1602551734314
1602551735473
1602551736768
1602551739539
1602551740747
1602551743085
1602551744676
1602551745830
1602551747117
1602551748440
1602551749602
1602551750857
1602551753686
1602551754901
1602551756116
1602551757622
1602551758776
1602551760034
1602551761335
1602551762524
1602551765298
1602551766555
1602551769026
1602551770161
1602551771299
1602551772554
1602551775405
1602551776611
1602551778274
1602551779426
1602551780563
1602551781814
1602551783435
1602551784591
1602551785906
1602551787070
1602551789377
1602551794372
1602551795511
1602551797165
1602551798355
1602551799532
1602551800723
1602551801871
1602551803043
1602551804198
1602551805331
1602551806708
1602551808047
1602551809303
1602551810550
1602551811687
1602551814444
1602551816319
1602551817919
1602551819143
1602551820378
1602551822995
1602551824884
1602551826135
1602551827437
1602551828759
1602551829983
1602551832774
1602551834051
1602551835217
1602551836385
1602551837528
1602551838780
1602551840635
1602551841801
1602551843383
1602551844538
1602551845704
1602551846993
1602551848168
1602551850886
1602551852395
1602551853713
1602551856306
1602551857518
1602551858699
1602551859868
1602551861076
1602551863908
1602551865093
1602551867806
1602551869710
1602551870900
1602551872084
1602551873266
1602551874684
1602551875915
1602551877035
1602551878198
1602551880499
1602551881664
1602551882873
1602551884038
1602551886684
1602551890559
1602551891772
1602551893101
1602551896295
1602551897984
1602551899126
1602551900762
1602551901993
1602551903404
1602551905331
1602551906536
1602551907719
1602551908905
1602551910101
1602551911275
1602551912479
1602551913638
1602551914768
1602551915987
1602551917153
1602551918560
1602551919849
1602551921001
1602551923332
1602551924475
1602551925701
1602551926862
1602551928904
1602551930066
1602551931232
1602551932739
1602551933919
1602551935278
1602551937151
1602551940221
1602551941836
1602551944591
1602551945779
1602551949195
1602551950709
1602551953765
1602551954929
1602551956118
1602551959210
1602551960394
1602551961535
1602551962709
1602551965090
1602551966224
1602551967383
1602551969043
1602551971908
1602551973130
1602551974357
1602551975543
1602551976727
1602551978040
1602551979265
1602551980735
1602551981952
1602551983905
1602551986711
1602551987908
1602551989243
1602551990556
1602551991918
1602551993139
1602551994945
1602551996130
1602551997392
1602551999424
1602552002345
1602552004134
1602552005618
1602552007111
1602552009962
1602552011512
1602552014336
1602552015718
1602552016921
1602552018071
1602552019669
1602552021312
1602552025459
1602552026606
1602552027764
1602552030525
1602552031727
1602552032899
1602552034048
1602552035254
1602552036475
1602552037680
1602552039826
1602552041561
1602552042922
1602552044306
1602552045932
1602552047071
1602552048255
1602552051051
1602552052272
1602552055108
1602552056253
1602552058648
1602552059888
1602552061052
1602552062261
1602552063433
1602552066442
1602552069510
1602552070697
1602552071950
1602552073893
1602552075063
1602552076219
1602552077514
1602552078673
1602552079844
1602552081006
1602552082159
1602552083301
1602552084463
1602552085661
1602552086928
1602552088875
1602552090113
1602552091823
1602552093143
1602552094566
1602552095783
1602552098754
1602552100222
1602552101449
1602552103749
1602552104916
1602552108266
1602552109505
1602552112553
1602552113782
1602552114972
1602552116177
1602552117715
1602552118983
1602552120245
1602552122151
1602552127529
1602552128722
1602552129928
1602552130762
1602552133745
1602552134917
1602552136120
1602552137413
1602552138660
1602552140021
1602552141177
1602552142380
1602552143675
1602552147074
1602552148287
1602552149556
1602552152231
1602552153364
1602552155422
1602552156684
1602552159760
1602552166685
1602552167921
1602552169080
1602552170328
1602552171793
1602552173701
1602552182194
1602552183541
1602552186366
1602552187658
1602552189365
1602552190643
1602552193236
1602552194570
1602552195733
1602552197992
1602552202215
1602552203952
1602552205849
1602552208727
1602552209977
1602552212192
1602552213343
1602552214581
1602552215753
1602552216983
1602552313179
1602552409317
1602552440425
1602552471528
1602552502631
1602552594095
1602552595486
1602552599285
1602552600455
1602552601603
1602552602728
1602552607348
1602552632233
1602552640726
1602552675847
1602552677028
1602552678164
1602552679517
1602552680675
1602552682057
1602552683199
1602552684453
1602552685591
1602552686950
1602552688121
1602552689256
1602552690388
1602552691611
1602552692746
1602552693895
1602552695036
1602552696188
1602552697465
1602552698611
1602552699779
1602552703280
1602552704418
1602552705579
1602552706760
1602552707912
1602552709062
1602552711189
1602552712324
1602552714774
1602552715919
1602552717381
1602552718540
1602552719698
1602552720871
1602552722043
1602552723211
1602552724461
1602552725612
1602552726743
1602552732041
1602552733186
1602552734319
1602552737319
1602552738478
1602552739812
1602552740958
1602552742111
1602552743271
1602552744464
1602552745588
1602552746775
1602552747908
1602552749311
1602552750650
1602552751842
1602552753053
1602552754595
1602552756015
1602552757143
1602552758278
1602552759426
1602552760549
1602552761932
1602552763068
1602552764216
1602552765382
1602552766522
1602552767663
1602552768803
1602552769942
1602552771125
1602552772255
1602552773394
1602552774604
1602552775807
1602552776951
1602552778091
1602552779861
1602552781070
1602552782241
1602552783463
1602552787584
1602552788751
1602552789897
1602552791092
1602552792228
1602552793375
1602552797968
1602552799124
1602552800267
1602552801430
1602552802579
1602552803714
1602552805392
1602552807528
1602552808666
1602552809806
1602552810947
1602552812115
1602552813622
1602552814754
1602552819278
1602552821886
1602552823034
1602552824210
1602552827931
1602552829060
1602552830203
1602552831426
1602552832553
1602552833702
1602552834850
1602552836003
1602552837372
1602552838546
1602552843203
1602552844384
1602552845541
1602552846769
1602552847912
1602552849067
1602552851179
1602552852309
1602552855010
1602552856145
1602552857307
1602552858935
1602552860655
1602552861814
1602552862972
1602552865918
1602552868453
1602552871794
1602552873341
1602552874487
1602552875636
1602552876941
1602552880572
1602552881714
1602552882861
1602552884003
1602552885146
1602552886291
1602552887428
1602552888612
1602552889844
1602552891036
1602552892197
1602552893360
1602552895236
1602552896379
1602552897512
1602552898652
1602552903628
1602552904772
1602552905923
1602552907067
1602552908207
1602552909353
1602552910493
1602552912011
1602552913307
1602552914479
1602552915611
1602552917046
1602552918177
1602552919359
1602552920484
1602552921646
1602552922814
1602552925109
1602552926236
1602552927653
1602552934920
1602552939678
1602552940819
1602552941983
1602552943120
1602552945259
1602552946404
1602552949689
1602552956990
1602552958163
1602552959320
1602552960459
1602552961625
1602552964304
1602552965443
1602552966919
1602552968832
1602552969983
1602552971152
1602552972542
1602552973683
1602552975023
1602552976316
1602552977743
1602552979180
1602552980331
1602552982120
1602552983290
1602552984443
1602552985577
1602552986803
1602552987926
1602552989058
1602552990268
1602552992183
1602552993322
1602552994470
1602552995615
1602552996747
1602552997879
1602552999054
1602553000215
1602553002352
1602553003726
1602553004906
1602553006071
1602553007499
1602553009134
1602553010495
1602553011626
1602553012786
1602553013920
1602553015066
1602553016211
1602553017344
1602553018496
1602553019643
1602553020777
1602553025546
1602553026700
1602553027864
1602553028998
1602553030135
1602553031300
1602553032460
1602553033610
1602553035045
1602553036176
1602553037314
1602553038468
1602553039768
1602553041750
1602553045498
1602553046792
1602553047943
1602553049106
1602553050249
1602553051396
1602553052567
1602553053728
1602553054900
1602553056039
1602553060086
1602553061370
1602553064192
1602553065342
1602553066547
1602553067736
1602553069110
1602553070841
1602553071980
1602553073147
1602553074736
1602553075869
1602553076999
1602553078384
1602553079526
1602553081306
1602553086060
1602553087548
1602553088693
1602553089826
1602553090970
1602553092098
1602553093258
1602553094412
1602553095568
1602553096795
1602553098005
1602553099160
1602553100755
1602553103244
1602553104392
1602553105578
1602553107933
1602553109163
1602553110299
1602553111866
1602553112998
1602553114178
1602553115316
1602553117041
1602553118216
1602553119352
1602553120617
1602553121839
1602553122988
1602553124127
1602553125256
1602553126402
1602553127609
1602553128751
1602553129902
1602553131615
1602553132750
1602553133874
1602553135137
1602553136280
1602553137500
1602553138632
1602553139911
1602553141319
1602553142473
1602553143600
1602553146369
1602553147564
1602553148785
1602553150003
1602553151163
1602553152600
1602553153740
1602553157508
1602553158662
1602553159786
1602553160962
1602553162112
1602553163275
1602553165329
1602553166480
1602553168972
1602553170139
1602553171278
1602553172459
1602553173624
1602553178264
1602553179439
1602553180727
1602553181920
1602553183062
1602553184211
1602553186034
1602553187187
1602553192748
1602553193881
1602553195044
1602553199133
1602553200312
1602553201505
1602553202710
1602553203943
1602553206931
1602553208084
1602553209503
1602553210634
1602553216896
1602553218040
1602553219167
1602553220344
1602553222590
1602553224268
1602553228538
1602553229713
1602553230849
1602553232434
1602553234561
1602553235692
1602553236854
1602553238011
1602553239147
1602553240312
1602553241447
1602553242612
1602553254300
1602553256676
1602553257809
1602553258950
1602553281109
1602553282347
1602553283499
1602553284643
1602553285760
1602553287086
1602553288228
1602553289361
1602553290494
1602553291645
1602553292802
1602553294122
1602553296126
1602553297262
1602553298419
1602553299616
1602553301244
1602553302401
1602553303537
1602553304677
1602553310784
1602553312370
1602553316668
1602553317828
1602553319416
1602553320570
1602553321707
1602553322856
1602553324174
1602553325361
1602553326501
1602553327677
1602553328975
1602553330128
1602553331288
1602553332438
1602553333609
1602553354753
1602553355903
1602553357198
1602553358459
1602553359590
1602553361453
1602553364840
1602553365984
1602553368670
1602553374455
1602553375595
1602553376725
1602553377855
1602553382093
1602553385524
1602553386659
1602553387846
1602553395099
1602553397022
1602553398158
1602553399303
1602553400445
1602553401984
1602553403132
1602553404305
1602553405750
1602553406871
1602553410278
1602553411408
1602553412547
1602553413687
1602553414819
1602553415946
1602553417102
1602553418791
1602553419936
1602553421089
1602553422236
1602553423376
1602553424767
1602553425920
1602553427120
1602553428286
1602553429425
1602553430562
1602553431704
1602553432833
1602553434021
1602553435172
1602553436311
1602553437487
1602553438746
1602553439891
1602553441114
1602553442290
1602553443420
1602553444564
1602553445754
1602553446916
1602553448147
1602553449312
1602553450950
1602553454655
1602553455790
1602553456925
1602553459082
1602553460295
1602553461461
1602553462620
1602553463764
1602553464916
1602553466136
1602553467313
1602553468456
1602553469642
1602553470965
1602553472120
1602553473272
1602553474407
1602553478011
1602553481583
1602553482742
1602553483889
1602553485787
1602553487451
1602553488684
1602553489823
1602553493813
1602553498255
1602553499392
1602553501079
1602553502217
1602553505144
1602553506372
1602553507521
1602553508662
1602553509819
1602553510956
1602553512126
1602553513334
1602553514479
1602553515622
1602553518396
1602553519740
1602553520883
1602553522398
1602553523840
1602553525948
1602553527077
1602553528221
1602553529354
1602553530497
1602553531636
1602553534989
1602553536600
1602553537825
1602553538963
1602553540094
1602553541238
1602553542405
1602553543565
1602553544708
1602553545852
1602553547025
1602553548153
1602553549310
1602553550436
1602553552376
1602553558596
1602553559760
1602553560905
1602553562035
1602553563172
1602553564334
1602553568555
1602553569742
1602553571972
1602553573109
1602553574244
1602553575374
1602553579781
1602553581013
1602553582232
1602553585321
1602553586759
1602553587981
1602553589648
1602553591024
1602553592235
1602553593438
1602553594597
1602553597790
1602553599700
1602553600869
1602553602031
1602553603446
1602553607939
1602553610255
1602553611382
1602553612561
1602553613692
1602553614833
1602553616018
1602553617177
1602553618347
1602553619506
1602553620721
1602553621853
1602553623594
1602553624733
1602553625910
1602553627036
1602553628327
1602553629918
1602553631083
1602553632219
1602553633358
1602553634726
1602553636030
1602553637172
1602553638323
1602553639757
1602553641038
1602553642227
1602553643354
1602553644754
1602553645929
1602553647086
1602553648521
1602553652524
1602553658367
1602553659726
1602553660883
1602553662031
1602553663318
1602553664648
1602553665806
1602553667084
1602553668310
1602553669677
1602553670844
1602553672264
1602553673411
1602553674550
1602553675767
1602553677099
1602553678452
1602553679593
1602553680739
1602553682851
1602553685156
1602553687279
1602553688413
1602553691182
1602553692601
1602553693727
1602553695454
1602553697130
1602553698299
1602553699556
1602553703903
1602553705581
1602553707095
1602553708249
1602553709380
1602553710519
1602553711654
1602553712823
1602553713961
1602553715119
1602553716668
1602553717876
1602553719796
1602553722968
1602553725132
1602553726263
1602553727402
1602553728535
1602553729785
1602553730908
1602553732071
1602553733379
1602553734525
1602553735843
1602553736998
1602553738154
1602553739303
1602553740448
1602553741586
1602553742750
1602553743934
1602553745062
1602553748189
1602553750845
1602553752471
1602553754127
1602553755702
1602553756849
1602553758143
1602553759955
1602553761101
1602553762940
1602553765843
1602553768121
1602553769320
1602553770459
1602553771626
1602553773591
1602553774719
1602553775871
1602553777973
1602553779991
1602553782814
1602553783962
1602553785639
1602553788384
1602553789839
1602553790996
1602553792174
1602553793312
1602553794452
1602553795627
1602553796910
1602553798490
1602553799671
1602553800797
1602553801954
1602553803157
1602553804475
1602553805619
1602553807673
1602553812960
1602553814156
1602553816602
1602553817746
1602553818881
1602553820710
1602553822018
1602553823156
1602553824291
1602553825431
1602553826571
1602553832876
1602553834014
1602553835876
1602553837116
1602553838245
1602553839387
1602553840507
1602553841667
1602553844825
1602553845973
1602553847127
1602553848284
1602553849450
1602553851900
1602553853038
1602553854185
1602553855362
1602553857633
1602553858786
1602553880006
1602553883783
1602553884927
1602553886861
1602553888095
1602553889243
1602553891652
1602553892774
1602553894359
1602553895545
1602553896749
1602553897895
1602553899094
1602553900320
1602553901731
1602553903070
1602553904563
1602553907313
1602553908482
1602553909641
1602553910835
1602553911979
1602553913841
1602553914985
1602553916135
1602553918574
1602553919725
1602553922235
1602553923438
1602553924561
1602553925701
1602553926909
1602553928127
1602553929301
1602553936507
1602553937665
1602553938794
1602553939950
1602553941090
1602553942230
1602553943359
1602553944505
1602553945660
1602553946802
1602553947970
1602553949116
1602553950735
1602553951941
1602553954773
1602553955905
1602553957033
1602553958157
1602553959293
1602553960448
1602553961563
1602553962709
1602553963850
1602553964982
1602553966122
1602553967264
1602553968754
1602553970044
1602553971553
1602553972682
1602553975287
1602553977137
1602553978808
1602553979948
1602553981115
1602553988948
1602553990071
1602553991242
1602553992377
1602553993518
1602553994656
1602553995827
1602553996993
1602553998285
1602553999415
1602554001233
1602554002360
1602554003504
1602554004656
1602554005986
1602554007257
1602554008391
1602554009801
1602554011220
1602554012358
1602554013505
1602554018211
1602554019460
1602554022392
1602554025293
1602554026452
1602554027739
1602554028930
1602554030216
1602554031924
1602554034875
1602554036116
1602554037254
1602554038397
1602554039759
1602554040930
1602554042156
1602554043991
1602554045773
1602554046937
1602554048215
1602554049348
1602554051119
1602554052262
1602554053421
1602554054560
1602554055771
1602554057137
1602554058272
1602554059507
1602554060636
1602554061804
1602554062980
1602554064123
1602554065329
1602554068051
1602554069545
1602554070697
1602554071985
1602554073906
1602554075212
1602554076576
1602554077804
1602554079028
1602554080217
1602554081367
1602554082525
1602554083707
1602554084868
1602554086018
1602554087207
1602554088348
1602554089554
1602554092081
1602554093244
1602554094667
1602554096637
1602554097900
1602554099469
1602554100610
1602554104319
1602554105538
1602554106695
1602554107944
1602554109589
1602554111044
1602554114081
1602554115216
1602554116376
1602554117516
1602554118838
1602554121305
1602554122763
1602554124607
1602554125811
1602554126959
1602554128140
1602554129468
1602554130590
1602554131728
1602554132865
1602554133999
1602554135133
1602554136364
1602554137528
1602554138695
1602554142986
1602554144113
1602554149241
1602554151537
1602554152687
1602554153845
1602554154991
1602554156133
1602554157289
1602554158426
1602554159573
1602554160712
1602554161867
1602554163881
1602554165186
1602554166815
1602554168091
1602554169222
1602554170526
1602554172216
1602554173431
1602554175149
1602554177160
1602554178341
1602554179626
1602554180837
1602554181994
1602554183218
1602554185999
1602554187230
1602554190989
1602554192164
1602554193375
1602554194696
1602554197422
1602554198550
1602554199738
1602554200864
1602554203857
1602554204990
1602554206387
1602554207574
1602554208713
1602554215751
1602554216900
1602554218041
1602554219224
1602554228203
1602554230824
1602554231986
1602554233117
1602554234270
1602554235453
1602554236588
1602554237788
1602554239482
1602554240613
1602554241767
1602554242897
1602554244133
1602554245282
1602554246480
1602554247615
1602554248760
1602554249948
1602554251097
1602554252671
1602554254029
1602554255153
1602554256600
1602554257762
1602554259240
1602554260531
1602554262081
1602554263216
1602554266850
1602554268444
1602554269584
1602554270732
1602554272745
1602554273883
1602554275047
1602554283027
1602554284176
1602554285895
1602554287050
1602554289428
1602554290651
1602554293620
1602554295124
1602554301571
1602554304129
1602554305927
1602554307099
1602554308391
1602554309917
1602554311113
1602554313276
1602554314465
1602554317454
1602554319302
1602554320556
1602554327786
1602554329101
1602554331235
1602554337427
1602554344543
1602554345716
1602554346867
1602554351131
1602554352324
1602554355897
1602554357067
1602554358212
1602554360982
1602554364428
1602554365896
1602554367812
1602554369009
1602554371174
1602554372654
1602554373809
1602554374959
1602554376195
1602554377329
1602554378487
1602554379711
1602554382865
1602554384153
1602554385362
1602554386511
1602554387773
1602554388953
1602554390314
1602554392352
1602554394046
1602554395286
1602554396934
1602554399235
1602554401490
1602554402926
1602554404058
1602554500409
1602554531538
1602554562642
1602554593753
1602554683856
1602554779977
1602554876208
1602554907318
1602554938424
1602554969531
1602555000649
1602555096798
1602555127902
1602555159022
1602555255237
1602555286342
1602555317456
1602555413919
1602555510080
1602555541187
1602555572293
1602555668543
1602555699647
1602555796251
1602555827355
1602555923627
1602556019795
1602556115907
1602556147022
1602556178127
1602556274292
1602556305429
1602556336546
1602556432860
1602556528939
1602556560047
1602556656326
1602556687534
1602556718644
1602556814754
1602556845859
1602556941866
1602556972998
1602557004152
1602557035265
1602557131452
1602557227485
1602557323708
1602557354815
1602557385920
1602557417031
1602557513173
1602557544277
1602557575398
1602557671762
1602557703113
1602557734322
1602557830731
1602557926805
1602557957921
1602557989072
1602558085147
1602558181309
