1599754583956
1599754584969
1599754585985
1599754586994
1599754588007
1599754589023
1599754590029
1599754591041
1599754592050
1599754593064
1599754594075
1599754595089
1599754596104
1599754597115
1599754598126
1599754599139
1599754600148
1599754601158
1599754602170
1599754603185
1599754604199
1599754605210
1599754606225
1599754607241
1599754608253
1599754609263
1599754610270
1599754611279
1599754612299
1599754613309
1599754614322
1599754615336
1599754616350
1599754617362
1599754618371
1599754619378
1599754620390
1599754621402
1599754622421
1599754623436
1599754624449
1599754625459
1599754626470
1599754627479
1599754628486
1599754629499
1599754630516
1599754631524
1599754632539
1599754633547
1599754634556
1599754635572
1599754636588
1599754637597
1599754638614
1599754639625
1599754640641
1599754641655
1599754642668
1599754643677
1599754644689
1599754645701
1599754646717
1599754647726
1599754648741
1599754649756
1599754650762
1599754651773
1599754652781
1599754653787
1599754654796
1599754655804
1599754656816
1599754657831
1599754658841
1599754659853
1599754660865
1599754661873
1599754662882
1599754663894
1599754664910
1599754665927
1599754666942
1599754667949
1599754668961
1599754669973
1599754670982
1599754671998
1599754673007
1599754674026
1599754675041
1599754676057
1599754677070
1599754678081
1599754679100
1599754680120
1599754681133
1599754682146
1599754683157
1599754684168
1599754685191
1599754686209
1599754687229
1599754688238
1599754689263
1599754690279
1599754691286
1599754692296
1599754693309
1599754694326
1599754695336
1599754696345
1599754697354
1599754698366
1599754699381
1599754700389
1599754701397
1599754702413
1599754703424
1599754704435
1599754705452
1599754706469
1599754707484
1599754708498
1599754709512
1599754710524
1599754711536
1599754712549
1599754713554
1599754714567
1599754715581
1599754716594
1599754717605
1599754718615
1599754719628
1599754720644
1599754721660
1599754722677
1599754723692
1599754724703
1599754725712
1599754726728
1599754727742
1599754728757
1599754729766
1599754730781
1599754731794
1599754732805
1599754733814
1599754734826
1599754735837
1599754736846
1599754737861
1599754738875
1599754739891
1599754740910
1599754741925
1599754742941
1599754743951
1599754744964
1599754745976
1599754746989
1599754747999
1599754749015
1599754750030
1599754751049
1599754752061
1599754753079
1599754754096
1599754755106
1599754756119
1599754757128
1599754758149
1599754759165
1599754760176
1599754761192
1599754762204
1599754763217
1599754764227
1599754765236
1599754766249
1599754767265
1599754768277
1599754769286
1599754770297
1599754771320
1599754772335
1599754773357
1599754774376
1599754775400
1599754776427
1599754777434
1599754778443
1599754779455
1599754780463
1599754781471
1599754782483
1599754783491
1599754784508
1599754785522
1599754786535
1599754787547
1599754788561
1599754789568
1599754790581
1599754791592
1599754792607
1599754793617
1599754794628
1599754795638
1599754796649
1599754797663
1599754798675
1599754799688
1599754800698
1599754801709
1599754802730
1599754803740
1599754804751
1599754805760
1599754806773
1599754807787
1599754808802
1599754809812
1599754810823
1599754811830
1599754812844
1599754813856
1599754814870
1599754815881
1599754816897
1599754817918
1599754818946
1599754819954
1599754820968
1599754821981
1599754823010
1599754824024
1599754825037
1599754826067
1599754827076
1599754828090
1599754829099
1599754830107
1599754831119
1599754832129
1599754833139
1599754834149
1599754835165
1599754836173
1599754837188
1599754838199
1599754839210
1599754840225
1599754841236
1599754842252
1599754843265
1599754844278
1599754845292
1599754846304
1599754847324
1599754848339
1599754849349
1599754850360
1599754851374
1599754852385
1599754853393
1599754854416
1599754855427
1599754856440
1599754857451
1599754858462
1599754859469
1599754860487
1599754861497
1599754862512
1599754863522
1599754864531
1599754865543
1599754866553
1599754867565
1599754868579
1599754869590
1599754870595
1599754871606
1599754872616
1599754873636
1599754874641
1599754875651
1599754876665
1599754877683
1599754878694
1599754879717
1599754880726
1599754881736
1599754882743
1599754883753
1599754884763
1599754885771
1599754886788
1599754887802
1599754888814
1599754889824
1599754890832
1599754891845
1599754892855
1599754893866
1599754894881
1599754895893
1599754896905
1599754897917
1599754898928
1599754899939
1599754900960
1599754901973
1599754902984
1599754904000
1599754905012
1599754906023
1599754907041
1599754908051
1599754909063
1599754910073
1599754911086
1599754912092
1599754913099
1599754914112
1599754915122
1599754916132
1599754917143
1599754918155
1599754919175
1599754920192
1599754921213
1599754922229
1599754923246
1599754924257
1599754925274
1599754926286
1599754927305
1599754928316
1599754929334
1599754930348
1599754931365
1599754932377
1599754933388
1599754934406
1599754935421
1599754936431
1599754937447
1599754938464
1599754939477
1599754940489
1599754941508
1599754942520
1599754943531
1599754944540
1599754945552
1599754946565
1599754947572
1599754948581
1599754949593
1599754950606
1599754951617
1599754952630
1599754953652
1599754954661
1599754955671
1599754956678
1599754957690
1599754958702
1599754959713
1599754960723
1599754961735
1599754962746
1599754963758
1599754964777
1599754965793
1599754966798
1599754967812
1599754968822
1599754969831
1599754970839
1599754971851
1599754972864
1599754973876
1599754974894
1599754975909
1599754976930
1599754977948
1599754978961
1599754979974
1599754980985
1599754981995
1599754983006
1599754984017
1599754985031
1599754986040
1599754987057
1599754988065
1599754989077
1599754990092
1599754991100
1599754992111
1599754993123
1599754994132
1599754995138
1599754996145
1599754997161
1599754998177
1599754999185
1599755000198
1599755001209
1599755002217
1599755003229
1599755004241
1599755005251
1599755006264
1599755007277
1599755008287
1599755009297
1599755010304
1599755011312
1599755012321
1599755013327
1599755014336
1599755015349
1599755016356
1599755017363
1599755018370
1599755019383
1599755020394
1599755021403
1599755022421
1599755023431
1599755024439
1599755025446
1599755026455
1599755027466
1599755028477
1599755029489
1599755030501
1599755031509
1599755032521
1599755033531
1599755034546
1599755035555
1599755036566
1599755037574
1599755038582
1599755039592
1599755040602
1599755041614
1599755042623
1599755043636
1599755044643
1599755045662
1599755046674
1599755047684
1599755048698
1599755049712
1599755050722
1599755051734
1599755052752
1599755053758
1599755054769
1599755055778
1599755056787
1599755057797
1599755058806
1599755059815
1599755060821
1599755061834
1599755062842
1599755063850
1599755064861
1599755065872
1599755066884
1599755067897
1599755068918
1599755069931
1599755070938
1599755071949
1599755072961
1599755073969
1599755074981
1599755075994
1599755077007
1599755078022
1599755079033
1599755080041
1599755081055
1599755082063
1599755083081
1599755084088
1599755085097
1599755086109
1599755087122
1599755088132
1599755089144
1599755090149
1599755091160
1599755092173
1599755093185
1599755094194
1599755095202
1599755096211
1599755097229
1599755098240
1599755099252
1599755100268
1599755101281
1599755102297
1599755103314
1599755104331
1599755105345
1599755106351
1599755107365
1599755108381
1599755109387
1599755110392
1599755111405
1599755112421
1599755113429
1599755114436
1599755115444
1599755116454
1599755117468
1599755118481
1599755119497
1599755120508
1599755121521
1599755122533
1599755123545
1599755124559
1599755125573
1599755126588
1599755127600
1599755128610
1599755129621
1599755130633
1599755131649
1599755132662
1599755133677
1599755134690
1599755135696
1599755136709
1599755137718
1599755138733
1599755139744
1599755140752
1599755141780
1599755142795
1599755143805
1599755144813
1599755145828
1599755146834
1599755147851
1599755148863
1599755149870
1599755150878
1599755151891
1599755152902
1599755153920
1599755154926
1599755155939
1599755156962
1599755157969
1599755158982
1599755159993
1599755161009
1599755162025
1599755163033
1599755164041
1599755165058
1599755166071
1599755167078
1599755168090
1599755169098
1599755170109
1599755171126
1599755172139
1599755173149
1599755174164
1599755175179
1599755176190
1599755177204
1599755178214
1599755179222
1599755180233
1599755181252
1599755182267
1599755183274
1599755184288
1599755185301
1599755186320
1599755187330
1599755188354
1599755189368
1599755190377
1599755191388
1599755192401
1599755193414
1599755194421
1599755195427
1599755196437
1599755197453
1599755198461
1599755199477
1599755200493
1599755201505
1599755202518
1599755203528
1599755204540
1599755205552
1599755206564
1599755207577
1599755208585
1599755209596
1599755210609
1599755211624
1599755212632
1599755213645
1599755214657
1599755215669
1599755216678
1599755217688
1599755218702
1599755219709
1599755220719
1599755221730
1599755222738
1599755223747
1599755224761
1599755225770
1599755226793
1599755227798
1599755228813
1599755229824
1599755230834
1599755231855
1599755232865
1599755233881
1599755234889
1599755235895
1599755236907
1599755237921
1599755238935
1599755239949
1599755240961
1599755241970
1599755242982
1599755243993
1599755245003
1599755246017
1599755247029
1599755248040
1599755249054
1599755250065
1599755251077
1599755252090
1599755253101
1599755254112
1599755255121
1599755256134
1599755257144
1599755258154
1599755259162
1599755260176
1599755261186
1599755262196
1599755263203
1599755264213
1599755265223
1599755266231
1599755267239
1599755268247
1599755269258
1599755270267
1599755271285
1599755272297
1599755273312
1599755274333
1599755275353
1599755276369
1599755277376
1599755278389
1599755279405
1599755280420
1599755281433
1599755282446
1599755283456
1599755284469
1599755285482
1599755286497
1599755287509
1599755288515
1599755289528
1599755290546
1599755291562
1599755292577
1599755293589
1599755294604
1599755295624
1599755296636
1599755297656
1599755298669
1599755299687
1599755300702
1599755301724
1599755302735
1599755303745
1599755304754
1599755305765
1599755306775
1599755307785
1599755308799
1599755309809
1599755310819
1599755311833
1599755312847
1599755313859
1599755314872
1599755315885
1599755316900
1599755317911
1599755318929
1599755319941
1599755320957
1599755321972
1599755322989
1599755324001
1599755325009
1599755326021
1599755327033
1599755328049
1599755329062
1599755330071
1599755331080
1599755332090
1599755333098
1599755334108
1599755335117
1599755336127
1599755337139
1599755338147
1599755339154
1599755340162
1599755341174
1599755342193
1599755343211
1599755344225
1599755345234
1599755346248
1599755347266
1599755348278
1599755349302
1599755350316
1599755351333
1599755352344
1599755353350
1599755354362
1599755355377
1599755356393
1599755357400
1599755358409
1599755359425
1599755360440
1599755361452
1599755362464
1599755363477
1599755364489
1599755365508
1599755366528
1599755367543
1599755368561
1599755369577
1599755370598
1599755371618
1599755372632
1599755373645
1599755374661
1599755375677
1599755376693
1599755377709
1599755378721
1599755379737
1599755380759
1599755381766
1599755382779
1599755383789
1599755384805
1599755385820
1599755386837
1599755387849
1599755388866
1599755389875
1599755390886
1599755391904
1599755392925
1599755393934
1599755394962
1599755395970
1599755396982
1599755397990
1599755398998
1599755400007
1599755401016
1599755402022
1599755403037
1599755404049
1599755405058
1599755406067
1599755407077
1599755408087
1599755409098
1599755410108
1599755411119
1599755412129
1599755413151
1599755414159
1599755415174
1599755416187
1599755417205
1599755418212
1599755419227
1599755420245
1599755421264
1599755422277
1599755423288
1599755424301
1599755425305
1599755426317
1599755427326
1599755428339
1599755429349
1599755430360
1599755431374
1599755432382
1599755433396
1599755434411
1599755435421
1599755436428
1599755437437
1599755438444
1599755439451
1599755440462
1599755441473
1599755442482
1599755443492
1599755444500
1599755445513
1599755446526
1599755447535
1599755448541
1599755449551
1599755450560
1599755451570
1599755452580
1599755453588
1599755454605
1599755455614
1599755456623
1599755457630
1599755458647
1599755459656
1599755460664
1599755461675
1599755462685
1599755463709
1599755464721
1599755465733
1599755466742
1599755467751
1599755468761
1599755469774
1599755470787
1599755471794
1599755472811
1599755473818
1599755474836
1599755475852
1599755476870
1599755477888
1599755478899
1599755479910
1599755480927
1599755481940
1599755482952
1599755483964
1599755484975
1599755485983
1599755486991
1599755488000
1599755489017
1599755490027
1599755491034
1599755492046
1599755493055
1599755494064
1599755495074
1599755496082
1599755497091
1599755498100
1599755499106
1599755500115
1599755501123
1599755502134
1599755503143
1599755504153
1599755505163
1599755506176
1599755507189
1599755508202
1599755509214
1599755510222
1599755511231
1599755512241
1599755513249
1599755514262
1599755515273
1599755516283
1599755517292
1599755518301
1599755519317
1599755520332
1599755521341
1599755522354
1599755523369
1599755524381
1599755525394
1599755526407
1599755527417
1599755528429
1599755529443
1599755530466
1599755531483
1599755532490
1599755533503
1599755534513
1599755535524
1599755536541
1599755537554
1599755538563
1599755539572
1599755540581
1599755541590
1599755542598
1599755543616
1599755544629
1599755545645
1599755546662
1599755547676
1599755548692
1599755549703
1599755550713
1599755551722
1599755552739
1599755553752
1599755554764
1599755555773
1599755556790
1599755557804
1599755558822
1599755559835
1599755560843
1599755561856
1599755562865
1599755563875
1599755564882
1599755565893
1599755566910
1599755567921
1599755568933
1599755569955
1599755570966
1599755571978
1599755572989
1599755574003
1599755575013
1599755576026
1599755577043
1599755578057
1599755579078
1599755580089
1599755581106
1599755582113
1599755583121
1599755584130
1599755585136
1599755586148
1599755587157
1599755588169
1599755589177
1599755590188
1599755591201
1599755592218
1599755593225
1599755594241
1599755595250
1599755596261
1599755597277
1599755598289
1599755599298
1599755600305
1599755601311
1599755602320
1599755603329
1599755604339
1599755605346
1599755606353
1599755607359
1599755608366
1599755609376
1599755610385
1599755611397
1599755612414
1599755613421
1599755614431
1599755615438
1599755616446
1599755617454
1599755618467
1599755619480
1599755620492
1599755621501
1599755622512
1599755623521
1599755624530
1599755625561
1599755626572
1599755627582
1599755628596
1599755629602
1599755630609
1599755631624
1599755632633
1599755633645
1599755634650
1599755635662
1599755636672
1599755637681
1599755638702
1599755639711
1599755640721
1599755641730
1599755642739
1599755643749
1599755644761
1599755645770
1599755646783
1599755647795
1599755648801
1599755649809
1599755650827
1599755651837
1599755652847
1599755653855
1599755654865
1599755655874
1599755656888
1599755657902
1599755658913
1599755659918
1599755660937
1599755661949
1599755662961
1599755663974
1599755664985
1599755665994
1599755667002
1599755668011
1599755669033
1599755670049
1599755671061
1599755672072
1599755673084
1599755674090
1599755675111
1599755676121
1599755677130
1599755678139
1599755679147
1599755680156
1599755681165
1599755682179
1599755683189
1599755684198
1599755685210
1599755686225
1599755687241
1599755688254
1599755689271
1599755690284
1599755691294
1599755692310
1599755693321
1599755694329
1599755695340
1599755696349
1599755697357
1599755698373
1599755699381
1599755700390
1599755701401
1599755702408
1599755703421
1599755704438
1599755705448
1599755706457
1599755707470
1599755708478
1599755709489
1599755710509
1599755711520
1599755712534
1599755713554
1599755714567
1599755715584
1599755716599
1599755717614
1599755718634
1599755719644
1599755720657
1599755721668
1599755722677
1599755723689
1599755724696
1599755725706
1599755726716
1599755727726
1599755728742
1599755729757
1599755730770
1599755731784
1599755732799
1599755733815
1599755734825
1599755735837
1599755736848
1599755737864
1599755738869
1599755739878
1599755740888
1599755741898
1599755742910
1599755743915
1599755744925
1599755745934
1599755746942
1599755747950
1599755748962
1599755749971
1599755750979
1599755751986
1599755752995
1599755754001
1599755755013
1599755756030
1599755757047
1599755758063
1599755759072
1599755760081
1599755761093
1599755762109
1599755763121
1599755764132
1599755765143
1599755766156
1599755767174
1599755768189
1599755769202
1599755770216
1599755771229
1599755772245
1599755773260
1599755774273
1599755775281
1599755776294
1599755777309
1599755778323
1599755779336
1599755780346
1599755781353
1599755782369
1599755783374
1599755784380
1599755785392
1599755786401
1599755787413
1599755788430
1599755789441
1599755790457
1599755791469
1599755792481
1599755793494
1599755794508
1599755795520
1599755796533
1599755797550
1599755798568
1599755799579
1599755800593
1599755801604
1599755802619
1599755803636
1599755804655
1599755805669
1599755806681
1599755807704
1599755808726
1599755809743
1599755810757
1599755811769
1599755812787
1599755813801
1599755814817
1599755815833
1599755816849
1599755817867
1599755818881
1599755819893
1599755820907
1599755821928
1599755822936
1599755823951
1599755824965
1599755825980
1599755826988
1599755828001
1599755829006
1599755830021
1599755831033
1599755832049
1599755833064
1599755834074
1599755835085
1599755836101
1599755837116
1599755838130
1599755839141
1599755840158
1599755841173
1599755842184
1599755843199
1599755844209
1599755845224
1599755846232
1599755847246
1599755848266
1599755849281
1599755850297
1599755851313
1599755852328
1599755853347
1599755854357
1599755855373
1599755856386
1599755857402
1599755858420
1599755859435
1599755860446
1599755861454
1599755862469
1599755863489
1599755864517
1599755865534
1599755866555
1599755867571
1599755868584
1599755869597
1599755870616
1599755871625
1599755872639
1599755873651
1599755874657
1599755875672
1599755876685
1599755877700
1599755878711
1599755879722
1599755880731
1599755881745
1599755882760
1599755883770
1599755884779
1599755885793
1599755886799
1599755887812
1599755888823
1599755889837
1599755890845
1599755891861
1599755892876
1599755893885
1599755894893
1599755895907
1599755896917
1599755897936
1599755898947
1599755899957
1599755900973
1599755901985
1599755902999
1599755904021
1599755905032
1599755906048
1599755907067
1599755908080
1599755909093
1599755910105
1599755911114
1599755912125
1599755913134
1599755914149
1599755915159
1599755916169
1599755917185
1599755918202
1599755919216
1599755920230
1599755921241
1599755922253
1599755923265
1599755924276
1599755925286
1599755926292
1599755927304
1599755928317
1599755929333
1599755930346
1599755931357
1599755932373
1599755933389
1599755934406
1599755935411
1599755936420
1599755937437
1599755938449
1599755939466
1599755940482
1599755941498
1599755942518
1599755943535
1599755944550
1599755945579
1599755946591
1599755947600
1599755948617
1599755949626
1599755950636
1599755951654
1599755952676
1599755953691
1599755954702
1599755955717
1599755956736
1599755957756
1599755958770
1599755959781
1599755960799
1599755961809
1599755962831
1599755963847
1599755964861
1599755965877
1599755966889
1599755967904
1599755968912
1599755969924
1599755970939
1599755971953
1599755972969
1599755973982
1599755974997
1599755976014
1599755977022
1599755978037
1599755979048
1599755980057
1599755981070
1599755982077
1599755983086
1599755984120
1599755985140
1599755986159
1599755987173
1599755988192
1599755989232
1599755990244
1599755991257
1599755992274
1599755993289
1599755994299
1599755995312
1599755996324
1599755997334
1599755998349
1599755999370
1599756000384
1599756001402
1599756002428
1599756003440
1599756004467
1599756005476
1599756006492
1599756007501
1599756008519
1599756009531
1599756010542
1599756011553
1599756012562
1599756013578
1599756014588
1599756015593
1599756016606
1599756017616
1599756018625
1599756019632
1599756020641
1599756021657
1599756022670
1599756023680
1599756024691
1599756025700
1599756026710
1599756027720
1599756028727
1599756029737
1599756030747
1599756031764
1599756032775
1599756033787
1599756034809
1599756035818
1599756036830
1599756037845
1599756038854
1599756039874
1599756040894
1599756041904
1599756042921
1599756043944
1599756044956
1599756045972
1599756046984
1599756048005
1599756049018
1599756050033
1599756051051
1599756052066
1599756053081
1599756054099
1599756055114
1599756056125
1599756057141
1599756058150
1599756059165
1599756060182
1599756061197
1599756062214
1599756063231
1599756064251
1599756065267
1599756066281
1599756067299
1599756068313
1599756069321
1599756070338
1599756071348
1599756072354
1599756073365
1599756074377
1599756075393
1599756076418
1599756077425
1599756078433
1599756079442
1599756080454
1599756081463
1599756082473
1599756083482
1599756084490
1599756085497
1599756086509
1599756087522
1599756088542
1599756089553
1599756090565
1599756091582
1599756092597
1599756093609
1599756094625
1599756095643
1599756096649
1599756097669
1599756098688
1599756099697
1599756100711
1599756101724
1599756102734
1599756103748
1599756104757
1599756105766
1599756106780
1599756107795
1599756108804
1599756109813
1599756110829
1599756111843
1599756112858
1599756113878
1599756114894
1599756115909
1599756116921
1599756117927
1599756118941
1599756119952
1599756120961
1599756121973
1599756122981
1599756123991
1599756125016
1599756126030
1599756127064
1599756128090
1599756129101
1599756130114
1599756131131
1599756132144
1599756133153
1599756134165
1599756135179
1599756136189
1599756137209
1599756138225
1599756139243
1599756140260
1599756141273
1599756142289
1599756143301
1599756144313
1599756145335
1599756146350
1599756147371
1599756148385
1599756149402
1599756150415
1599756151432
1599756152446
1599756153455
1599756154471
1599756155481
1599756156495
1599756157531
1599756158544
1599756159557
1599756160575
1599756161594
1599756162605
1599756163621
1599756164628
1599756165645
1599756166653
1599756167662
1599756168673
1599756169689
1599756170703
1599756171728
1599756172738
1599756173749
1599756174761
1599756175772
1599756176782
1599756177803
1599756178822
1599756179838
1599756180854
1599756181869
1599756182886
1599756183904
1599756184919
1599756185934
1599756186945
1599756187957
1599756188975
1599756189991
1599756191004
1599756192013
1599756193021
1599756194031
1599756195038
1599756196047
1599756197054
1599756198063
1599756199080
1599756200087
1599756201096
1599756202119
1599756203137
1599756204150
1599756205157
1599756206173
1599756207188
1599756208201
1599756209217
1599756210226
1599756211240
1599756212257
1599756213265
1599756214277
1599756215288
1599756216297
1599756217309
1599756218321
1599756219333
1599756220343
1599756221360
1599756222372
1599756223381
1599756224397
1599756225416
1599756226430
1599756227441
1599756228457
1599756229473
1599756230485
1599756231506
1599756232514
1599756233529
1599756234544
1599756235556
1599756236572
1599756237598
1599756238614
1599756239625
1599756240641
1599756241657
1599756242673
1599756243690
1599756244701
1599756245710
1599756246725
1599756247734
1599756248743
1599756249753
1599756250762
1599756251772
1599756252786
1599756253805
1599756254812
1599756255826
1599756256840
1599756257855
1599756258870
1599756259882
1599756260898
1599756261912
1599756262926
1599756263940
1599756264955
1599756265965
1599756266984
1599756267994
1599756269002
1599756270021
1599756271029
1599756272039
1599756273053
1599756274074
1599756275097
1599756276113
1599756277133
1599756278151
1599756279162
1599756280172
1599756281182
1599756282189
1599756283199
1599756284205
1599756285218
1599756286234
1599756287238
1599756288255
1599756289264
1599756290276
1599756291293
1599756292305
1599756293311
1599756294322
1599756295338
1599756296350
1599756297368
1599756298382
1599756299393
1599756300405
1599756301420
1599756302436
1599756303449
1599756304461
1599756305468
1599756306482
1599756307496
1599756308504
1599756309512
1599756310522
1599756311533
1599756312550
1599756313561
1599756314573
1599756315589
1599756316600
1599756317610
1599756318626
1599756319640
1599756320650
1599756321659
1599756322667
1599756323674
1599756324688
1599756325697
1599756326709
1599756327719
1599756328729
1599756329737
1599756330749
1599756331763
1599756332772
1599756333788
1599756334808
1599756335821
1599756336835
1599756337845
1599756338861
1599756339878
1599756340890
1599756341901
1599756342913
1599756343927
1599756344939
1599756345955
1599756346966
1599756347980
1599756348999
1599756350014
1599756351028
1599756352040
1599756353053
1599756354070
1599756355086
1599756356104
1599756357114
1599756358128
1599756359143
1599756360152
1599756361169
1599756362181
1599756363189
1599756364201
1599756365214
1599756366234
1599756367246
1599756368257
1599756369268
1599756370281
1599756371297
1599756372309
1599756373324
1599756374334
1599756375345
1599756376355
1599756377369
1599756378381
1599756379393
1599756380423
1599756381432
1599756382440
1599756383448
1599756384462
1599756385473
1599756386485
1599756387497
1599756388517
1599756389527
1599756390541
1599756391555
1599756392566
1599756393578
1599756394589
1599756395598
1599756396610
1599756397619
1599756398637
1599756399646
1599756400666
1599756401687
1599756402699
1599756403718
1599756404729
1599756405738
1599756406753
1599756407770
1599756408801
1599756409817
1599756410836
1599756411845
1599756412858
1599756413868
1599756414877
1599756415894
1599756416912
1599756417919
1599756418929
1599756419954
1599756420972
1599756421985
1599756422993
1599756424015
1599756425028
1599756426036
1599756427049
1599756428060
1599756429070
1599756430080
1599756431106
1599756432119
1599756433128
1599756434138
1599756435150
1599756436168
1599756437174
1599756438185
1599756439193
1599756440210
1599756441222
1599756442241
1599756443246
1599756444261
1599756445277
1599756446289
1599756447303
1599756448319
1599756449339
1599756450360
1599756451382
1599756452416
1599756453433
1599756454443
1599756455472
1599756456491
1599756457501
1599756458517
1599756459533
1599756460545
1599756461557
1599756462573
1599756463585
1599756464595
1599756465614
1599756466625
1599756467640
1599756468652
1599756469665
1599756470679
1599756471689
1599756472706
1599756473721
1599756474733
1599756475747
1599756476757
1599756477772
1599756478783
1599756479794
1599756480809
1599756481820
1599756482840
1599756483861
1599756484873
1599756485888
1599756486896
1599756487905
1599756488914
1599756489926
1599756490941
1599756491956
1599756492967
1599756493980
1599756494998
1599756496026
1599756497038
1599756498047
1599756499057
1599756500071
1599756501090
1599756502098
1599756503120
1599756504129
1599756505141
1599756506158
1599756507169
1599756508191
1599756509197
1599756510203
1599756511213
1599756512221
1599756513236
1599756514249
1599756515269
1599756516281
1599756517294
1599756518310
1599756519330
1599756520349
1599756521366
1599756522377
1599756523394
1599756524417
1599756525437
1599756526454
1599756527465
1599756528481
1599756529500
1599756530513
1599756531532
1599756532544
1599756533557
1599756534571
1599756535583
1599756536592
1599756537606
1599756538625
1599756539633
1599756540637
1599756541650
1599756542667
1599756543677
1599756544691
1599756545706
1599756546720
1599756547730
1599756548741
1599756549753
1599756550772
1599756551785
1599756552805
1599756553821
1599756554838
1599756555853
1599756556871
1599756557886
1599756558900
1599756559913
1599756560931
1599756561949
1599756562965
1599756563972
1599756564983
1599756565996
1599756567007
1599756568020
1599756569035
1599756570049
1599756571059
1599756572068
1599756573079
1599756574098
1599756575113
1599756576125
1599756577136
1599756578155
1599756579165
1599756580184
1599756581191
1599756582201
1599756583213
1599756584230
1599756585241
1599756586254
1599756587264
1599756588274
1599756589283
1599756590294
1599756591312
1599756592330
1599756593349
1599756594363
1599756595374
1599756596388
1599756597405
1599756598417
1599756599428
1599756600435
1599756601445
1599756602461
1599756603478
1599756604496
1599756605508
1599756606523
1599756607538
1599756608553
1599756609564
1599756610581
1599756611597
1599756612613
1599756613628
1599756614640
1599756615648
1599756616660
1599756617673
1599756618690
1599756619701
1599756620713
1599756621724
1599756622737
1599756623745
1599756624756
1599756625769
1599756626801
1599756627818
1599756628833
1599756629847
1599756630861
1599756631876
1599756632898
1599756633912
1599756634928
1599756635936
1599756636949
1599756637966
1599756638982
1599756639997
1599756641014
1599756642036
1599756643053
1599756644069
1599756645085
1599756646099
1599756647114
1599756648134
1599756649154
1599756650168
1599756651200
1599756652219
1599756653226
1599756654240
1599756655262
1599756656278
1599756657288
1599756658301
1599756659314
1599756660329
1599756661349
1599756662370
1599756663381
1599756664393
1599756665405
1599756666421
1599756667433
1599756668446
1599756669458
1599756670472
1599756671488
1599756672501
1599756673528
1599756674542
1599756675554
1599756676565
1599756677572
1599756678581
1599756679605
1599756680619
1599756681630
1599756682643
1599756683653
1599756684665
1599756685681
1599756686692
1599756687702
1599756688715
1599756689725
1599756690737
1599756691748
1599756692754
1599756693764
1599756694774
1599756695784
1599756696798
1599756697809
1599756698825
1599756699844
1599756700864
1599756701877
1599756702889
1599756703905
1599756704914
1599756705931
1599756706941
1599756707953
1599756708965
1599756709976
1599756710989
1599756712001
1599756713018
1599756714029
1599756715039
1599756716046
1599756717064
1599756718074
1599756719081
1599756720095
1599756721115
1599756722129
1599756723146
1599756724168
1599756725181
1599756726198
1599756727210
1599756728225
1599756729239
1599756730254
1599756731269
1599756732289
1599756733305
1599756734321
1599756735334
1599756736347
1599756737356
1599756738368
1599756739382
1599756740391
1599756741397
1599756742407
1599756743413
1599756744421
1599756745433
1599756746445
1599756747460
1599756748469
1599756749484
1599756750495
1599756751503
1599756752513
1599756753525
1599756754539
1599756755553
1599756756569
1599756757579
1599756758592
1599756759604
1599756760612
1599756761629
1599756762641
1599756763653
1599756764669
1599756765688
1599756766705
1599756767717
1599756768729
1599756769745
1599756770761
1599756771773
1599756772784
1599756773797
1599756774809
1599756775818
1599756776834
1599756777841
1599756778853
1599756779863
1599756780872
1599756781880
1599756782897
1599756783906
1599756784917
1599756785933
1599756786941
1599756787955
1599756788964
1599756789973
1599756790981
1599756791998
1599756793015
1599756794022
1599756795032
1599756796040
1599756797049
1599756798065
1599756799078
1599756800095
1599756801109
1599756802122
1599756803136
1599756804149
1599756805164
1599756806173
1599756807185
1599756808196
1599756809210
1599756810222
1599756811238
1599756812249
1599756813265
1599756814279
1599756815295
1599756816318
1599756817332
1599756818352
1599756819363
1599756820376
1599756821384
1599756822389
1599756823396
1599756824410
1599756825427
1599756826434
1599756827445
1599756828467
1599756829477
1599756830494
1599756831501
1599756832512
1599756833523
1599756834538
1599756835553
1599756836561
1599756837577
1599756838591
1599756839601
1599756840613
1599756841624
1599756842630
1599756843641
1599756844660
1599756845672
1599756846681
1599756847694
1599756848705
1599756849721
1599756850728
1599756851737
1599756852744
1599756853757
1599756854778
1599756855789
1599756856801
1599756857817
1599756858829
1599756859835
1599756860845
1599756861874
1599756862889
1599756863898
1599756864905
1599756865917
1599756866924
1599756867937
1599756869073
1599756870088
1599756871100
1599756872122
1599756873133
1599756874145
1599756875157
1599756876173
1599756877185
1599756878194
1599756879207
1599756880213
1599756881222
1599756882229
1599756883237
1599756884247
1599756885259
1599756886268
1599756887275
1599756888286
1599756889297
1599756890306
1599756891318
1599756892330
1599756893336
1599756894342
1599756895364
1599756896370
1599756897383
1599756898392
1599756899401
1599756900410
1599756901431
1599756902439
1599756903450
1599756904458
1599756905468
1599756906493
1599756907501
1599756908513
1599756909526
1599756910540
1599756911547
1599756912561
1599756913569
1599756914577
1599756915586
1599756916597
1599756917608
1599756918617
1599756919628
1599756920635
1599756921646
1599756922653
1599756923664
1599756924677
1599756925695
1599756926709
1599756927719
1599756928725
1599756929737
1599756930772
1599756931786
1599756932797
1599756933804
1599756934824
1599756935833
1599756936849
1599756937862
1599756938875
1599756939885
1599756940890
1599756941899
1599756942911
1599756943925
1599756944934
1599756945945
1599756946956
1599756947962
1599756948972
1599756949991
1599756951001
1599756952010
1599756953018
1599756954030
1599756955042
1599756956048
1599756957057
1599756958077
1599756959095
1599756960106
1599756961120
1599756962135
1599756963156
1599756964163
1599756965176
1599756966188
1599756967198
1599756968210
1599756969218
1599756970239
1599756971254
1599756972266
1599756973283
1599756974300
1599756975312
1599756976321
1599756977332
1599756978350
1599756979357
1599756980366
1599756981377
1599756982387
1599756983413
1599756984424
1599756985437
1599756986459
1599756987469
1599756988477
1599756989484
1599756990496
1599756991507
1599756992519
1599756993528
1599756994547
1599756995554
1599756996567
1599756997580
1599756998588
1599756999594
1599757000603
1599757001614
1599757002628
1599757003643
1599757004649
1599757005659
1599757006668
1599757007674
1599757008691
1599757009703
1599757010710
1599757011726
1599757012739
1599757013747
1599757014765
1599757015782
1599757016788
1599757017800
1599757018816
1599757019825
1599757020840
1599757021845
1599757022857
1599757023871
1599757024881
1599757025894
1599757026904
1599757027912
1599757028918
1599757029929
1599757030939
1599757031946
1599757032958
1599757033967
1599757034974
1599757035983
1599757036997
1599757038011
1599757039023
1599757040033
1599757041040
1599757042055
1599757043061
1599757044074
1599757045086
1599757046096
1599757047105
1599757048114
1599757049125
1599757050137
1599757051150
1599757052160
1599757053166
1599757054175
1599757055182
1599757056189
1599757057204
1599757058218
1599757059229
1599757060246
1599757061263
1599757062273
1599757063289
1599757064300
1599757065306
1599757066323
1599757067336
1599757068345
1599757069349
1599757070355
1599757071362
1599757072372
1599757073381
1599757074397
1599757075413
1599757076424
1599757077443
1599757078453
1599757079468
1599757080474
1599757081486
1599757082497
1599757083515
1599757084525
1599757085536
1599757086542
1599757087557
1599757088565
1599757089570
1599757090579
1599757091585
1599757092597
1599757093609
1599757094619
1599757095628
1599757096646
1599757097656
1599757098665
1599757099673
1599757100680
1599757101687
1599757102697
1599757103719
1599757104729
1599757105739
1599757106744
1599757107754
1599757108770
1599757109789
1599757110805
1599757111818
1599757112829
1599757113837
1599757114845
1599757115866
1599757116878
1599757117887
1599757118894
1599757119902
1599757120911
1599757121919
1599757122929
1599757123938
1599757124953
1599757125958
1599757126965
1599757127983
1599757128989
1599757129997
1599757131010
1599757132018
1599757133023
1599757134030
1599757135046
1599757136061
1599757137070
1599757138081
1599757139092
1599757140103
1599757141114
1599757142122
1599757143133
1599757144144
1599757145157
1599757146178
1599757147187
1599757148196
1599757149217
1599757150238
1599757151249
1599757152260
1599757153270
1599757154276
1599757155292
1599757156299
1599757157311
1599757158320
1599757159333
1599757160344
1599757161349
1599757162358
1599757163384
1599757164401
1599757165416
1599757166431
1599757167440
1599757168447
1599757169457
1599757170469
1599757171481
1599757172491
1599757173504
1599757174524
1599757175533
1599757176545
1599757177557
1599757178566
1599757179577
1599757180590
1599757181602
1599757182613
1599757183629
1599757184640
1599757185652
1599757186658
1599757187667
1599757188681
1599757189696
1599757190709
1599757191725
1599757192736
1599757193743
1599757194754
1599757195765
1599757196774
1599757197785
1599757198797
1599757199812
1599757200825
1599757201837
1599757202850
1599757203861
1599757204869
1599757205881
1599757206893
1599757207905
1599757208913
1599757209924
1599757210938
1599757211945
1599757212952
1599757213961
1599757214972
1599757215980
1599757216995
1599757218004
1599757219009
1599757220017
1599757221030
1599757222043
1599757223053
1599757224069
1599757225081
1599757226090
1599757227104
1599757228119
1599757229131
1599757230144
1599757231153
1599757232165
1599757233175
1599757234188
1599757235201
1599757236210
1599757237221
1599757238238
1599757239252
1599757240261
1599757241269
1599757242281
1599757243288
1599757244297
1599757245319
1599757246329
1599757247339
1599757248349
1599757249361
1599757250371
1599757251389
1599757252401
1599757253418
1599757254429
1599757255437
1599757256445
1599757257467
1599757258482
1599757259504
1599757260521
1599757261528
1599757262546
1599757263557
1599757264573
1599757265589
1599757266602
1599757267619
1599757268639
1599757269659
1599757270666
1599757271677
1599757272697
1599757273714
1599757274725
1599757275741
1599757276754
1599757277769
1599757278784
1599757279799
1599757280815
1599757281826
1599757282843
1599757283856
1599757284868
1599757285884
1599757286896
1599757287905
1599757288915
1599757289925
1599757290938
1599757291953
1599757292965
1599757293980
1599757294991
1599757296002
1599757297009
1599757298021
1599757299032
1599757300042
1599757301053
1599757302062
1599757303078
1599757304106
1599757305130
1599757306148
1599757307162
1599757308178
1599757309191
1599757310202
1599757311218
1599757312226
1599757313238
1599757314247
1599757315259
1599757316273
1599757317289
1599757318311
1599757319325
1599757320338
1599757321353
1599757322361
1599757323382
1599757324397
1599757325408
1599757326421
1599757327433
1599757328449
1599757329462
1599757330475
1599757331484
1599757332496
1599757333507
1599757334516
1599757335533
1599757336549
1599757337566
1599757338581
1599757339596
1599757340607
1599757341613
1599757342629
1599757343639
1599757344653
1599757345668
1599757346676
1599757347685
1599757348698
1599757349710
1599757350721
1599757351733
1599757352745
1599757353754
1599757354765
1599757355773
1599757356780
1599757357797
1599757358815
1599757359820
1599757360832
1599757361843
1599757362852
1599757363858
1599757364872
1599757365888
1599757366897
1599757367911
1599757368931
1599757369942
1599757370951
1599757371960
1599757372969
1599757373983
1599757374995
1599757376009
1599757377020
1599757378033
1599757379049
1599757380060
1599757381068
1599757382084
1599757383093
1599757384104
1599757385116
1599757386128
1599757387139
1599757388149
1599757389156
1599757390165
1599757391185
1599757392208
1599757393218
1599757394226
1599757395235
1599757396244
1599757397254
1599757398263
1599757399272
1599757400282
1599757401290
1599757402302
1599757403321
1599757404333
1599757405342
1599757406361
1599757407370
1599757408393
1599757409408
1599757410420
1599757411429
1599757412442
1599757413453
1599757414466
1599757415474
1599757416490
1599757417506
1599757418522
1599757419537
1599757420549
1599757421582
1599757422596
1599757423606
1599757424622
1599757425631
1599757426642
1599757427659
1599757428666
1599757429677
1599757430688
1599757431701
1599757432713
1599757433724
1599757434737
1599757435748
1599757436760
1599757437776
1599757438789
1599757439802
1599757440813
1599757441828
1599757442837
1599757443849
1599757444858
1599757445872
1599757446878
1599757447887
1599757448899
1599757449909
1599757450920
1599757451929
1599757452935
1599757453945
1599757454954
1599757455963
1599757456973
1599757457988
1599757458997
1599757460008
1599757461023
1599757462033
1599757463046
1599757464059
1599757465077
1599757466095
1599757467105
1599757468119
1599757469133
1599757470148
1599757471159
1599757472166
1599757473172
1599757474179
1599757475187
1599757476196
1599757477207
1599757478220
1599757479227
1599757480237
1599757481245
1599757482258
1599757483274
1599757484284
1599757485291
1599757486299
1599757487308
1599757488317
1599757489328
1599757490338
1599757491346
1599757492352
1599757493369
1599757494383
1599757495394
1599757496403
1599757497414
1599757498422
1599757499433
1599757500442
1599757501454
1599757502465
1599757503475
1599757504484
1599757505497
1599757506510
1599757507517
1599757508526
1599757509535
1599757510549
1599757511560
1599757512567
1599757513581
1599757514590
1599757515606
1599757516616
1599757517626
1599757518637
1599757519650
1599757520662
1599757521673
1599757522690
1599757523701
1599757524709
1599757525726
1599757526737
1599757527757
1599757528778
1599757529793
1599757530802
1599757531812
1599757532822
1599757533837
1599757534846
1599757535856
1599757536869
1599757537879
1599757538889
1599757539901
1599757540910
1599757541926
1599757542942
1599757543954
1599757544968
1599757545984
1599757546992
1599757548002
1599757549019
1599757550030
1599757551045
1599757552054
1599757553062
1599757554071
1599757555079
1599757556090
1599757557097
1599757558113
1599757559124
1599757560142
1599757561153
1599757562164
1599757563173
1599757564187
1599757565201
1599757566212
1599757567220
1599757568229
1599757569241
1599757570259
1599757571271
1599757572288
1599757573305
1599757574319
1599757575328
1599757576337
1599757577353
1599757578369
1599757579378
1599757580393
1599757581408
1599757582422
1599757583431
1599757584440
1599757585448
1599757586455
1599757587463
1599757588470
1599757589480
1599757590488
1599757591497
1599757592506
1599757593519
1599757594532
1599757595545
1599757596562
1599757597570
1599757598579
1599757599590
1599757600600
1599757601617
1599757602628
1599757603641
1599757604659
1599757605668
1599757606679
1599757607689
1599757608700
1599757609708
1599757610724
1599757611740
1599757612750
1599757613764
1599757614782
1599757615794
1599757616805
1599757617815
1599757618833
1599757619844
1599757620853
1599757621864
1599757622878
1599757623890
1599757624902
1599757625919
1599757626938
1599757627949
1599757628956
1599757629967
1599757630976
1599757631996
1599757633004
1599757634015
1599757635026
1599757636035
1599757637046
1599757638054
1599757639061
1599757640071
1599757641081
1599757642094
1599757643109
1599757644122
1599757645137
1599757646154
1599757647170
1599757648186
1599757649199
1599757650208
1599757651216
1599757652226
1599757653241
1599757654253
1599757655269
1599757656282
1599757657300
1599757658313
1599757659327
1599757660336
1599757661348
1599757662359
1599757663371
1599757664379
1599757665389
1599757666399
1599757667412
1599757668424
1599757669437
1599757670454
1599757671465
1599757672476
1599757673489
1599757674501
1599757675514
1599757676530
1599757677544
1599757678562
1599757679578
1599757680592
1599757681600
1599757682622
1599757683638
1599757684654
1599757685665
1599757686676
1599757687694
1599757688709
1599757689725
1599757690741
1599757691757
1599757692773
1599757693789
1599757694807
1599757695818
1599757696831
1599757697851
1599757698860
1599757699876
1599757700890
1599757701905
1599757702926
1599757703941
1599757704953
1599757705973
1599757707008
1599757708021
1599757709040
1599757710060
1599757711081
1599757712096
1599757713109
1599757714125
1599757715139
1599757716154
1599757717172
1599757718191
1599757719207
1599757720225
1599757721244
1599757722264
1599757723287
1599757724301
1599757725318
1599757726340
1599757727355
1599757728369
1599757729385
1599757730401
1599757731418
1599757732433
1599757733448
1599757734461
1599757735478
1599757736488
1599757737501
1599757738517
1599757739535
1599757740545
1599757741558
1599757742577
1599757743586
1599757744606
1599757745615
1599757746625
1599757747646
1599757748662
1599757749677
1599757750697
1599757751708
1599757752727
1599757753742
1599757754758
1599757755780
1599757756804
1599757757825
1599757758834
1599757759848
1599757760870
1599757761885
1599757762901
1599757763919
1599757764938
1599757765950
1599757766970
1599757767985
1599757769002
1599757770023
1599757771043
1599757772060
1599757773071
1599757774084
1599757775097
1599757776120
1599757777137
1599757778167
1599757779182
1599757780196
1599757781220
1599757782230
1599757783241
1599757784261
1599757785269
1599757786292
1599757787313
1599757788321
1599757789350
1599757790361
1599757791375
1599757792392
1599757793412
1599757794430
1599757795445
1599757796458
1599757797471
1599757798491
1599757799501
1599757800514
1599757801535
1599757802552
1599757803566
1599757804578
1599757805592
1599757806611
1599757807623
1599757808648
1599757809661
1599757810673
1599757811688
1599757812703
1599757813712
1599757814725
1599757815742
1599757816757
1599757817769
1599757818790
1599757819803
1599757820817
1599757821829
1599757822842
1599757823862
1599757824871
1599757825884
1599757826898
1599757827910
1599757828918
1599757829929
1599757830948
1599757831960
1599757832971
1599757833985
1599757835000
1599757836009
1599757837027
1599757838036
1599757839047
1599757840061
1599757841086
1599757842103
1599757843114
1599757844131
1599757845141
1599757846157
1599757847178
1599757848189
1599757849209
1599757850217
1599757851228
1599757852241
1599757853256
1599757854288
1599757855299
1599757856327
1599757857336
1599757858346
1599757859364
1599757860387
1599757861398
1599757862409
1599757863425
1599757864445
1599757865461
1599757866472
1599757867486
1599757868496
1599757869508
1599757870520
1599757871537
1599757872549
1599757873561
1599757874579
1599757875589
1599757876602
1599757877617
1599757878630
1599757879645
1599757880662
1599757881671
1599757882691
1599757883705
1599757884720
1599757885729
1599757886749
1599757887769
1599757888779
1599757889789
1599757890798
1599757891810
1599757892831
1599757893845
1599757894861
1599757895871
1599757896884
1599757897892
1599757898902
1599757899912
1599757900919
1599757901930
1599757902944
1599757903953
1599757904965
1599757905986
1599757906993
1599757908005
1599757909014
1599757910027
1599757911043
1599757912050
1599757913057
1599757914070
1599757915097
1599757916111
1599757917124
1599757918138
1599757919149
1599757920162
1599757921174
1599757922190
1599757923203
1599757924218
1599757925227
1599757926233
1599757927242
1599757928253
1599757929265
1599757930286
1599757931300
1599757932315
1599757933329
1599757934345
1599757935363
1599757936374
1599757937383
1599757938390
1599757939402
1599757940412
1599757941429
1599757942438
1599757943446
1599757944457
1599757945464
1599757946474
1599757947503
1599757948515
1599757949532
1599757950544
1599757951557
1599757952569
1599757953581
1599757954588
1599757955600
1599757956618
1599757957630
1599757958641
1599757959664
1599757960676
1599757961694
1599757962714
1599757963732
1599757964742
1599757965750
1599757966762
1599757967776
1599757968782
1599757969797
1599757970806
1599757971819
1599757972829
1599757973838
1599757974847
1599757975866
1599757976887
1599757977897
1599757978916
1599757979929
1599757980942
1599757981956
1599757982969
1599757983981
1599757984993
1599757986016
1599757987028
1599757988039
1599757989048
1599757990061
1599757991069
1599757992085
1599757993098
1599757994108
1599757995123
1599757996138
1599757997146
1599757998161
1599757999171
1599758000188
1599758001193
1599758002202
1599758003212
1599758004220
1599758005229
1599758006245
1599758007257
1599758008270
1599758009285
1599758010304
1599758011331
1599758012339
1599758013346
1599758014354
1599758015363
1599758016374
1599758017387
1599758018396
1599758019405
1599758020412
1599758021423
1599758022432
1599758023441
1599758024462
1599758025471
1599758026485
1599758027497
1599758028525
1599758029541
1599758030551
1599758031562
1599758032570
1599758033587
1599758034600
1599758035611
1599758036621
1599758037634
1599758038648
1599758039658
1599758040670
1599758041682
1599758042697
1599758043710
1599758044719
1599758045726
1599758046738
1599758047754
1599758048766
1599758049778
1599758050791
1599758051805
1599758052831
1599758053841
1599758054863
1599758055880
1599758056894
1599758057902
1599758058911
1599758059922
1599758060939
1599758061950
1599758062960
1599758063968
1599758064980
1599758065991
1599758067005
1599758068017
1599758069035
1599758070046
1599758071059
1599758072068
1599758073078
1599758074092
1599758075103
1599758076114
1599758077126
1599758078135
1599758079149
1599758080158
1599758081174
1599758082188
1599758083198
1599758084218
1599758085229
1599758086238
1599758087249
1599758088273
1599758089288
1599758090299
1599758091308
1599758092318
1599758093332
1599758094345
1599758095364
1599758096377
1599758097393
1599758098409
1599758099426
1599758100443
1599758101455
1599758102476
1599758103489
1599758104506
1599758105524
1599758106535
1599758107551
1599758108566
1599758109577
1599758110594
1599758111612
1599758112639
1599758113655
1599758114681
1599758115692
1599758116704
1599758117714
1599758118725
1599758119743
1599758120752
1599758121761
1599758122771
1599758123784
1599758124797
1599758125809
1599758126827
1599758127835
1599758128842
1599758129858
1599758130876
1599758131889
1599758132910
1599758133926
1599758134941
1599758135971
1599758136989
1599758138004
1599758139023
1599758140036
1599758141045
1599758142071
1599758143092
1599758144100
1599758145113
1599758146125
1599758147139
1599758148158
1599758149173
1599758150188
1599758151196
1599758152208
1599758153221
1599758154239
1599758155250
1599758156264
1599758157274
1599758158289
1599758159305
1599758160317
1599758161328
1599758162339
1599758163357
1599758164373
1599758165390
1599758166405
1599758167425
1599758168435
1599758169443
1599758170457
1599758171474
1599758172490
1599758173510
1599758174526
1599758175540
1599758176549
1599758177562
1599758178574
1599758179582
1599758180599
1599758181606
1599758182618
1599758183629
1599758184643
1599758185653
1599758186665
1599758187680
1599758188705
1599758189720
1599758190734
1599758191746
1599758192757
1599758193771
1599758194792
1599758195805
1599758196816
1599758197826
1599758198841
1599758199857
1599758200878
1599758201914
1599758202932
1599758203942
1599758204963
1599758205985
1599758207005
1599758208028
1599758209047
1599758210059
1599758211077
1599758212093
1599758213110
1599758214125
1599758215148
1599758216164
1599758217177
1599758218198
1599758219215
1599758220229
1599758221238
1599758222254
1599758223268
1599758224281
1599758225297
1599758226316
1599758227333
1599758228342
1599758229352
1599758230361
1599758231374
1599758232395
1599758233409
1599758234424
1599758235438
1599758236454
1599758237469
1599758238493
1599758239511
1599758240525
1599758241532
1599758242559
1599758243576
1599758244590
1599758245604
1599758246615
1599758247629
1599758248645
1599758249661
1599758250677
1599758251695
1599758252708
1599758253717
1599758254725
1599758255737
1599758256756
1599758257770
1599758258784
1599758259792
1599758260806
1599758261817
1599758262829
1599758263841
1599758264856
1599758265864
1599758266884
1599758267903
1599758268913
1599758269934
1599758270953
1599758271970
1599758272989
1599758274005
1599758275014
1599758276024
1599758277034
1599758278053
1599758279072
1599758280093
1599758281113
1599758282132
1599758283152
1599758284161
1599758285169
1599758286181
1599758287193
1599758288210
1599758289228
1599758290240
1599758291249
1599758292261
1599758293274
1599758294288
1599758295305
1599758296323
1599758297337
1599758298354
1599758299368
1599758300387
1599758301406
1599758302422
1599758303437
1599758304459
1599758305477
1599758306489
1599758307507
1599758308524
1599758309546
1599758310563
1599758311578
1599758312589
1599758313601
1599758314616
1599758315629
1599758316646
1599758317654
1599758318669
1599758319681
1599758320701
1599758321717
1599758322744
1599758323757
1599758324772
1599758325785
1599758326804
1599758327817
1599758328828
1599758329841
1599758330851
1599758331857
1599758332863
1599758333870
1599758334880
1599758335893
1599758336909
1599758337923
1599758338938
1599758339949
1599758340961
1599758341976
1599758342990
1599758344005
1599758345017
1599758346030
1599758347040
1599758348052
1599758349066
1599758350081
1599758351096
1599758352102
1599758353112
1599758354129
1599758355146
1599758356161
1599758357173
1599758358186
1599758359197
1599758360208
1599758361225
1599758362240
1599758363253
1599758364264
1599758365277
1599758366293
1599758367309
1599758368325
1599758369337
1599758370349
1599758371360
1599758372368
1599758373376
1599758374390
1599758375401
1599758376413
1599758377425
1599758378441
1599758379452
1599758380457
1599758381469
1599758382477
1599758383483
1599758384489
1599758385501
1599758386512
1599758387522
1599758388532
1599758389540
1599758390546
1599758391553
1599758392559
1599758393574
1599758394590
1599758395598
1599758396613
1599758397629
1599758398645
1599758399657
1599758400672
1599758401687
1599758402701
1599758403713
1599758404736
1599758405747
1599758406761
1599758407773
1599758408803
1599758409813
1599758410819
1599758411836
1599758412850
1599758413873
1599758414891
1599758415902
1599758416917
1599758417933
1599758418948
1599758419962
1599758420983
1599758421993
1599758423010
1599758424031
1599758425044
1599758426051
1599758427073
1599758428082
1599758429092
1599758430101
1599758431113
1599758432129
1599758433139
1599758434154
1599758435163
1599758436174
1599758437185
1599758438201
1599758439208
1599758440223
1599758441233
1599758442246
1599758443262
1599758444279
1599758445289
1599758446312
1599758447329
1599758448341
1599758449352
1599758450360
1599758451377
1599758452397
1599758453413
1599758454422
1599758455443
1599758456467
1599758457485
1599758458493
1599758459502
1599758460524
1599758461540
1599758462561
1599758463577
1599758464593
1599758465606
1599758466619
1599758467631
1599758468643
1599758469653
1599758470670
1599758471680
1599758472689
1599758473700
1599758474713
1599758475729
1599758476749
1599758477761
1599758478772
1599758479785
1599758480801
1599758481813
1599758482825
1599758483837
1599758484849
1599758485864
1599758486877
1599758487889
1599758488901
1599758489914
1599758490928
1599758491941
1599758492953
1599758493966
1599758494986
1599758495997
1599758497021
1599758498038
1599758499060
1599758500077
1599758501093
1599758502110
1599758503125
1599758504139
1599758505146
1599758506158
1599758507168
1599758508185
1599758509201
1599758510218
1599758511230
1599758512244
1599758513257
1599758514273
1599758515286
1599758516298
1599758517313
1599758518322
1599758519336
1599758520348
1599758521361
1599758522373
1599758523397
1599758524410
1599758525421
1599758526425
1599758527432
1599758528450
1599758529460
1599758530467
1599758531479
1599758532494
1599758533513
1599758534526
1599758535541
1599758536557
1599758537574
1599758538589
1599758539602
1599758540617
1599758541629
1599758542643
1599758543663
1599758544686
1599758545712
1599758546723
1599758547737
1599758548755
1599758549785
1599758550797
1599758551809
1599758552836
1599758553845
1599758554861
1599758555877
1599758556893
1599758557905
1599758558921
1599758559935
1599758560949
1599758561965
1599758562973
1599758563986
1599758564996
1599758566009
1599758567020
1599758568036
1599758569049
1599758570065
1599758571081
1599758572094
1599758573106
1599758574116
1599758575129
1599758576141
1599758577152
1599758578161
1599758579177
1599758580193
1599758581205
1599758582217
1599758583230
1599758584240
1599758585247
1599758586261
1599758587273
1599758588285
1599758589297
1599758590309
1599758591314
1599758592324
1599758593334
1599758594345
1599758595358
1599758596375
1599758597385
1599758598398
1599758599409
1599758600416
1599758601425
1599758602433
1599758603441
1599758604457
1599758605466
1599758606481
1599758607496
1599758608513
1599758609538
1599758610553
1599758611568
1599758612582
1599758613601
1599758614608
1599758615621
1599758616632
1599758617662
1599758618681
1599758619693
1599758620715
1599758621730
1599758622742
1599758623753
1599758624765
1599758625777
1599758626797
1599758627805
1599758628823
1599758629833
1599758630848
1599758631859
1599758632872
1599758633884
1599758634903
1599758635914
1599758636929
1599758637948
1599758638962
1599758639978
1599758640991
1599758642001
1599758643017
1599758644030
1599758645045
1599758646059
1599758647073
1599758648089
1599758649104
1599758650120
1599758651132
1599758652147
1599758653156
1599758654170
1599758655182
1599758656196
1599758657203
1599758658217
1599758659226
1599758660240
1599758661249
1599758662259
1599758663274
1599758664282
1599758665289
1599758666303
1599758667312
1599758668322
1599758669333
1599758670345
1599758671360
1599758672369
1599758673385
1599758674407
1599758675416
1599758676425
1599758677441
1599758678466
1599758679480
1599758680488
1599758681497
1599758682509
1599758683521
1599758684538
1599758685553
1599758686565
1599758687582
1599758688594
1599758689601
1599758690609
1599758691621
1599758692630
1599758693638
1599758694649
1599758695657
1599758696673
1599758697688
1599758698698
1599758699713
1599758700725
1599758701738
1599758702749
1599758703761
1599758704776
1599758705790
1599758706808
1599758707817
1599758708825
1599758709836
1599758710842
1599758711853
1599758712871
1599758713881
1599758714893
1599758715908
1599758716919
1599758717926
1599758718937
1599758719950
1599758720965
1599758721974
1599758722984
1599758723991
1599758725005
1599758726017
1599758727030
1599758728038
1599758729050
1599758730061
1599758731071
1599758732083
1599758733099
1599758734111
1599758735119
1599758736135
1599758737143
1599758738151
1599758739164
1599758740178
1599758741186
1599758742197
1599758743207
1599758744217
1599758745226
1599758746240
1599758747250
1599758748259
1599758749269
1599758750285
1599758751298
1599758752311
1599758753325
1599758754336
1599758755349
1599758756361
1599758757369
1599758758382
1599758759393
1599758760399
1599758761413
1599758762426
1599758763441
1599758764453
1599758765472
1599758766485
1599758767502
1599758768518
1599758769530
1599758770544
1599758771556
1599758772568
1599758773585
1599758774601
1599758775611
1599758776623
1599758777637
1599758778651
1599758779665
1599758780683
1599758781691
1599758782705
1599758783716
1599758784744
1599758785754
1599758786770
1599758787784
1599758788803
1599758789815
1599758790830
1599758791839
1599758792849
1599758793864
1599758794882
1599758795897
1599758796911
1599758797924
1599758798938
1599758799949
1599758800965
1599758801974
1599758802986
1599758803999
1599758805025
1599758806041
1599758807055
1599758808067
1599758809081
1599758810097
1599758811118
1599758812134
1599758813144
1599758814152
1599758815159
1599758816171
1599758817188
1599758818209
1599758819228
1599758820241
1599758821256
1599758822269
1599758823281
1599758824299
1599758825307
1599758826317
1599758827330
1599758828345
1599758829362
1599758830374
1599758831389
1599758832398
1599758833420
1599758834427
1599758835445
1599758836461
1599758837477
1599758838497
1599758839503
1599758840518
1599758841537
1599758842553
1599758843569
1599758844580
1599758845589
1599758846604
1599758847613
1599758848624
1599758849640
1599758850653
1599758851669
1599758852680
1599758853689
1599758854703
1599758855716
1599758856735
1599758857753
1599758858768
1599758859778
1599758860788
1599758861800
1599758862813
1599758863830
1599758864845
1599758865861
1599758866870
1599758867878
1599758868889
1599758869899
1599758870907
1599758871918
1599758872937
1599758873953
1599758874969
1599758875979
1599758877000
1599758878021
1599758879033
1599758880049
1599758881070
1599758882091
1599758883099
1599758884108
1599758885132
1599758886145
1599758887161
1599758888168
1599758889180
1599758890189
1599758891201
1599758892213
1599758893224
1599758894239
1599758895250
1599758896261
1599758897272
1599758898290
1599758899297
1599758900309
1599758901320
1599758902334
1599758903348
1599758904361
1599758905371
1599758906380
1599758907390
1599758908400
1599758909405
1599758910415
1599758911432
1599758912439
1599758913449
1599758914461
1599758915473
1599758916488
1599758917501
1599758918516
1599758919525
1599758920533
1599758921545
1599758922569
1599758923586
1599758924595
1599758925609
1599758926621
1599758927637
1599758928655
1599758929669
1599758930694
1599758931710
1599758932726
1599758933742
1599758934766
1599758935777
1599758936806
1599758937824
1599758938833
1599758939846
1599758940857
1599758941870
1599758942882
1599758943892
1599758944901
1599758945909
1599758946917
1599758947925
1599758948937
1599758949949
1599758950959
1599758951979
1599758952987
1599758953998
1599758955008
1599758956019
1599758957029
1599758958040
1599758959050
1599758960063
1599758961076
1599758962087
1599758963099
1599758964110
1599758965125
1599758966138
1599758967150
1599758968158
1599758969169
1599758970179
1599758971190
1599758972198
1599758973210
1599758974221
1599758975237
1599758976251
1599758977266
1599758978302
1599758979313
1599758980320
1599758981330
1599758982339
1599758983351
1599758984365
1599758985375
1599758986383
1599758987397
1599758988405
1599758989418
1599758990428
1599758991441
1599758992451
1599758993464
1599758994479
1599758995488
1599758996497
1599758997508
1599758998517
1599758999531
1599759000544
1599759001557
1599759002574
1599759003590
1599759004602
1599759005611
1599759006620
1599759007634
1599759008651
1599759009668
1599759010681
1599759011693
1599759012709
1599759013721
1599759014730
1599759015736
1599759016751
1599759017766
1599759018773
1599759019789
1599759020801
1599759021824
1599759022837
1599759023847
1599759024858
1599759025867
1599759026878
1599759027891
1599759028902
1599759029912
1599759030921
1599759031931
1599759032946
1599759033957
1599759034981
1599759035996
1599759037003
1599759038019
1599759039034
1599759040049
1599759041058
1599759042068
1599759043085
1599759044099
1599759045109
1599759046126
1599759047136
1599759048145
1599759049151
1599759050162
1599759051178
1599759052193
1599759053203
1599759054216
1599759055243
1599759056254
1599759057272
1599759058282
1599759059298
1599759060312
1599759061324
1599759062337
1599759063350
1599759064363
1599759065381
1599759066396
1599759067402
1599759068413
1599759069424
1599759070431
1599759071437
1599759072450
1599759073466
1599759074478
1599759075506
1599759076516
1599759077522
1599759078530
1599759079537
1599759080554
1599759081565
1599759082577
1599759083587
1599759084598
1599759085613
1599759086636
1599759087652
1599759088670
1599759089679
1599759090694
1599759091706
1599759092719
1599759093728
1599759094745
1599759095757
1599759096778
1599759097793
1599759098802
1599759099816
1599759100824
1599759101836
1599759102844
1599759103852
1599759104867
1599759105877
1599759106887
1599759107894
1599759108903
1599759109913
1599759110921
1599759111935
1599759112944
1599759113953
1599759114966
1599759115974
1599759116982
1599759117990
1599759119000
1599759120010
1599759121020
1599759122031
1599759123040
1599759124049
1599759125062
1599759126071
1599759127079
1599759128087
1599759129098
1599759130114
1599759131130
1599759132142
1599759133160
1599759134170
1599759135185
1599759136203
1599759137217
1599759138229
1599759139240
1599759140255
1599759141267
1599759142273
1599759143286
1599759144293
1599759145306
1599759146315
1599759147325
1599759148335
1599759149347
1599759150362
1599759151371
1599759152379
1599759153390
1599759154400
1599759155413
1599759156426
1599759157433
1599759158449
1599759159465
1599759160476
1599759161489
1599759162499
1599759163506
1599759164518
1599759165530
1599759166537
1599759167549
1599759168557
1599759169569
1599759170581
1599759171590
1599759172598
1599759173609
1599759174619
1599759175628
1599759176637
1599759177669
1599759178685
1599759179702
1599759180718
1599759181727
1599759182734
1599759183746
1599759184758
1599759185769
1599759186777
1599759187797
1599759188816
1599759189824
1599759190837
1599759191848
1599759192860
1599759193870
1599759194880
1599759195895
1599759196910
1599759197921
1599759198936
1599759199949
1599759200966
1599759201975
1599759202991
1599759204002
1599759205018
1599759206036
1599759207045
1599759208059
1599759209074
1599759210085
1599759211098
1599759212112
1599759213121
1599759214140
1599759215149
1599759216161
1599759217174
1599759218183
1599759219192
1599759220199
1599759221218
1599759222227
1599759223236
1599759224241
1599759225268
1599759226290
1599759227305
1599759228323
1599759229336
1599759230341
1599759231358
1599759232369
1599759233385
1599759234397
1599759235409
1599759236421
1599759237435
1599759238443
1599759239450
1599759240459
1599759241470
1599759242481
1599759243491
1599759244505
1599759245514
1599759246523
1599759247534
1599759248548
1599759249557
1599759250564
1599759251571
1599759252581
1599759253589
1599759254605
1599759255620
1599759256629
1599759257641
1599759258656
1599759259668
1599759260681
1599759261693
1599759262703
1599759263717
1599759264728
1599759265734
1599759266749
1599759267765
1599759268778
1599759269793
1599759270807
1599759271827
1599759272833
1599759273842
1599759274852
1599759275861
1599759276875
1599759277885
1599759278898
1599759279910
1599759280928
1599759281941
1599759282957
1599759283973
1599759284990
1599759286007
1599759287014
1599759288023
1599759289031
1599759290046
1599759291057
1599759292073
1599759293083
1599759294093
1599759295104
1599759296113
1599759297125
1599759298137
1599759299146
1599759300152
1599759301160
1599759302194
1599759303211
1599759304221
1599759305235
1599759306255
1599759307264
1599759308274
1599759309283
1599759310293
1599759311300
1599759312317
1599759313330
1599759314339
1599759315349
1599759316359
1599759317367
1599759318376
1599759319389
1599759320408
1599759321420
1599759322433
1599759323443
1599759324455
1599759325463
1599759326471
1599759327481
1599759328488
1599759329501
1599759330511
1599759331518
1599759332534
1599759333545
1599759334561
1599759335570
1599759336578
1599759337594
1599759338601
1599759339610
1599759340618
1599759341629
1599759342637
1599759343652
1599759344668
1599759345682
1599759346697
1599759347709
1599759348717
1599759349729
1599759350745
1599759351761
1599759352769
1599759353779
1599759354789
1599759355801
1599759356810
1599759357821
1599759358830
1599759359841
1599759360856
1599759361868
1599759362885
1599759363900
1599759364911
1599759365925
1599759366934
1599759367946
1599759368955
1599759369968
1599759370981
1599759371996
1599759373010
1599759374022
1599759375033
1599759376044
1599759377058
1599759378069
1599759379082
1599759380098
1599759381110
1599759382128
1599759383151
1599759384171
1599759385182
1599759386191
1599759387201
1599759388213
1599759389225
1599759390233
1599759391245
1599759392258
1599759393277
1599759394287
1599759395296
1599759396313
1599759397321
1599759398333
1599759399349
1599759400370
1599759401385
1599759402408
1599759403422
1599759404432
1599759405448
1599759406462
1599759407473
1599759408483
1599759409491
1599759410504
1599759411513
1599759412526
1599759413534
1599759414543
1599759415556
1599759416568
1599759417581
1599759418592
1599759419608
1599759420617
1599759421630
1599759422639
1599759423646
1599759424656
1599759425669
1599759426679
1599759427697
1599759428708
1599759429721
1599759430737
1599759431752
1599759432760
1599759433770
1599759434782
1599759435797
1599759436819
1599759437832
1599759438842
1599759439855
1599759440868
1599759441883
1599759442897
1599759443909
1599759444919
1599759445933
1599759446944
1599759447950
1599759448962
1599759449974
1599759450985
1599759451998
1599759453007
1599759454013
1599759455024
1599759456032
1599759457041
1599759458055
1599759459063
1599759460069
1599759461080
1599759462093
1599759463100
1599759464105
1599759465117
1599759466125
1599759467134
1599759468142
1599759469158
1599759470170
1599759471182
1599759472197
1599759473206
1599759474217
1599759475230
1599759476241
1599759477255
1599759478269
1599759479278
1599759480285
1599759481293
1599759482306
1599759483315
1599759484335
1599759485349
1599759486384
1599759487403
1599759488416
1599759489431
1599759490437
1599759491452
1599759492458
1599759493478
1599759494493
1599759495504
1599759496513
1599759497529
1599759498542
1599759499553
1599759500561
1599759501570
1599759502593
1599759503602
1599759504614
1599759505625
1599759506631
1599759507641
1599759508648
1599759509657
1599759510665
1599759511674
1599759512681
1599759513694
1599759514706
1599759515715
1599759516725
1599759517734
1599759518747
1599759519758
1599759520767
1599759521780
1599759522799
1599759523809
1599759524817
1599759525825
1599759526834
1599759527843
1599759528857
1599759529871
1599759530888
1599759531905
1599759532912
1599759533920
1599759534934
1599759535944
1599759536956
1599759537974
1599759538983
1599759539995
1599759541004
1599759542012
1599759543019
1599759544026
1599759545042
1599759546053
1599759547070
1599759548085
1599759549099
1599759550109
1599759551120
1599759552134
1599759553145
1599759554153
1599759555165
1599759556180
1599759557191
1599759558207
1599759559213
1599759560225
1599759561241
1599759562253
1599759563269
1599759564281
1599759565296
1599759566306
1599759567323
1599759568336
1599759569348
1599759570356
1599759571369
1599759572382
1599759573414
1599759574431
1599759575445
1599759576454
1599759577469
1599759578477
1599759579497
1599759580512
1599759581518
1599759582525
1599759583559
1599759584570
1599759585581
1599759586593
1599759587603
1599759588610
1599759589623
1599759590642
1599759591650
1599759592658
1599759593668
1599759594683
1599759595694
1599759596710
1599759597722
1599759598731
1599759599743
1599759600755
1599759601769
1599759602783
1599759603794
1599759604803
1599759605816
1599759606822
1599759607832
1599759608845
1599759609856
1599759610868
1599759611879
1599759612900
1599759613921
1599759614933
1599759615944
1599759616952
1599759617961
1599759618969
1599759619985
1599759620997
1599759622008
1599759623016
1599759624026
1599759625037
1599759626045
1599759627056
1599759628064
1599759629072
1599759630079
1599759631089
1599759632095
1599759633103
1599759634122
1599759635137
1599759636148
1599759637163
1599759638176
1599759639193
1599759640209
1599759641214
1599759642222
1599759643226
1599759644237
1599759645250
1599759646266
1599759647278
1599759648288
1599759649306
1599759650320
1599759651334
1599759652355
1599759653364
1599759654377
1599759655386
1599759656404
1599759657414
1599759658422
1599759659433
1599759660441
1599759661449
1599759662460
1599759663469
1599759664478
1599759665494
1599759666512
1599759667528
1599759668540
1599759669556
1599759670573
1599759671594
1599759672611
1599759673625
1599759674633
1599759675646
1599759676657
1599759677672
1599759678685
1599759679699
1599759680714
1599759681724
1599759682734
1599759683742
1599759684751
1599759685764
1599759686791
1599759687804
1599759688814
1599759689824
1599759690836
1599759691841
1599759692857
1599759693868
1599759694885
1599759695900
1599759696909
1599759697924
1599759698930
1599759699936
1599759700947
1599759701957
1599759702970
1599759703984
1599759704998
1599759706019
1599759707026
1599759708038
1599759709047
1599759710064
1599759711077
1599759712083
1599759713090
1599759714101
1599759715114
1599759716131
1599759717158
1599759718170
1599759719184
1599759720191
1599759721205
1599759722221
1599759723233
1599759724244
1599759725252
1599759726269
1599759727280
1599759728288
1599759729302
1599759730311
1599759731325
1599759732335
1599759733345
1599759734353
1599759735366
1599759736379
1599759737389
1599759738397
1599759739408
1599759740417
1599759741430
1599759742440
1599759743453
1599759744465
1599759745473
1599759746483
1599759747494
1599759748503
1599759749510
1599759750521
1599759751530
1599759752538
1599759753546
1599759754558
1599759755569
1599759756581
1599759757592
1599759758598
1599759759609
1599759760619
1599759761643
1599759762656
1599759763665
1599759764681
1599759765688
1599759766699
1599759767708
1599759768719
1599759769725
1599759770732
1599759771739
1599759772754
1599759773763
1599759774776
1599759775786
1599759776794
1599759777805
1599759778818
1599759779827
1599759780835
1599759781853
1599759782863
1599759783876
1599759784885
1599759785903
1599759786914
1599759787949
1599759788965
1599759789973
1599759790981
1599759791994
1599759793006
1599759794020
1599759795035
1599759796048
1599759797062
1599759798080
1599759799093
1599759800108
1599759801121
1599759802133
1599759803138
1599759804153
1599759805173
1599759806192
1599759807210
1599759808226
1599759809238
1599759810247
1599759811260
1599759812276
1599759813284
1599759814295
1599759815314
1599759816334
1599759817349
1599759818362
1599759819373
1599759820384
1599759821392
1599759822402
1599759823412
1599759824425
1599759825439
1599759826449
1599759827458
1599759828469
1599759829475
1599759830486
1599759831496
1599759832526
1599759833538
1599759834562
1599759835574
1599759836586
1599759837598
1599759838606
1599759839614
1599759840622
1599759841635
1599759842647
1599759843655
1599759844669
1599759845677
1599759846685
1599759847697
1599759848713
1599759849724
1599759850735
1599759851744
1599759852757
1599759853769
1599759854778
1599759855789
1599759856798
1599759857809
1599759858817
1599759859829
1599759860840
1599759861849
1599759862861
1599759863870
1599759864877
1599759865886
1599759866896
1599759867903
1599759868916
1599759869923
1599759870933
1599759871945
1599759872958
1599759873968
1599759874978
1599759875990
1599759877023
1599759878033
1599759879042
1599759880053
1599759881059
1599759882066
1599759883077
1599759884089
1599759885098
1599759886107
1599759887118
1599759888129
1599759889140
1599759890148
1599759891161
1599759892174
1599759893185
1599759894193
1599759895203
1599759896213
1599759897226
1599759898237
1599759899248
1599759900268
1599759901279
1599759902289
1599759903299
1599759904317
1599759905338
1599759906353
1599759907365
1599759908374
1599759909383
1599759910392
1599759911408
1599759912424
1599759913434
1599759914447
1599759915458
1599759916472
1599759917491
1599759918513
1599759919524
1599759920536
1599759921549
1599759922565
1599759923577
1599759924585
1599759925597
1599759926609
1599759927619
1599759928635
1599759929649
1599759930659
1599759931668
1599759932680
1599759933690
1599759934706
1599759935732
1599759936746
1599759937758
1599759938784
1599759939796
1599759940808
1599759941819
1599759942833
1599759943843
1599759944855
1599759945870
1599759946886
1599759947895
1599759948906
1599759949914
1599759950923
1599759951946
1599759952969
1599759953982
1599759954998
1599759956012
1599759957025
1599759958036
1599759959045
1599759960053
1599759961062
1599759962069
1599759963081
1599759964097
1599759965106
1599759966113
1599759967124
1599759968136
1599759969149
1599759970160
1599759971175
1599759972191
1599759973205
1599759974221
1599759975241
1599759976254
1599759977265
1599759978271
1599759979279
1599759980290
1599759981301
1599759982307
1599759983317
1599759984324
1599759985330
1599759986338
1599759987346
1599759988354
1599759989364
1599759990380
1599759991391
1599759992398
1599759993408
1599759994419
1599759995433
1599759996441
1599759997455
1599759998475
1599759999488
1599760000497
1599760001511
1599760002518
1599760003535
1599760004544
1599760005550
1599760006569
1599760007579
1599760008585
1599760009591
1599760010597
1599760011607
1599760012617
1599760013629
1599760014637
1599760015653
1599760016660
1599760017666
1599760018686
1599760019697
1599760020711
1599760021721
1599760022728
1599760023734
1599760024749
1599760025764
1599760026775
1599760027789
1599760028802
1599760029827
1599760030846
1599760031858
1599760032873
1599760033884
1599760034895
1599760035906
1599760036915
1599760037934
1599760038945
1599760039955
1599760040966
1599760041976
1599760042994
1599760044011
1599760045021
1599760046034
1599760047043
1599760048059
1599760049070
1599760050079
1599760051094
1599760052116
1599760053129
1599760054142
1599760055153
1599760056159
1599760057173
1599760058188
1599760059201
1599760060213
1599760061226
1599760062236
1599760063245
1599760064256
1599760065274
1599760066285
1599760067301
1599760068311
1599760069325
1599760070341
1599760071354
1599760072369
1599760073383
1599760074392
1599760075402
1599760076416
1599760077427
1599760078438
1599760079445
1599760080452
1599760081458
1599760082469
1599760083483
1599760084494
1599760085503
1599760086519
1599760087529
1599760088548
1599760089556
1599760090566
1599760091575
1599760092585
1599760093601
1599760094616
1599760095624
1599760096642
1599760097656
1599760098667
1599760099675
1599760100686
1599760101714
1599760102728
1599760103740
1599760104749
1599760105760
1599760106770
1599760107781
1599760108789
1599760109801
1599760110809
1599760111818
1599760112825
1599760113834
1599760114845
1599760115855
1599760116867
1599760117877
1599760118903
1599760119911
1599760120921
1599760121935
1599760122946
1599760123960
1599760124977
1599760125986
1599760126996
1599760128005
1599760129027
1599760130037
1599760131054
1599760132062
1599760133070
1599760134078
1599760135087
1599760136100
1599760137107
1599760138119
1599760139133
1599760140144
1599760141153
1599760142160
1599760143166
1599760144176
1599760145192
1599760146200
1599760147212
1599760148221
1599760149228
1599760150240
1599760151247
1599760152255
1599760153272
1599760154289
1599760155305
1599760156321
1599760157345
1599760158359
1599760159369
1599760160381
1599760161397
1599760162411
1599760163418
1599760164430
1599760165438
1599760166453
1599760167461
1599760168475
1599760169485
1599760170490
1599760171501
1599760172514
1599760173523
1599760174530
1599760175538
1599760176552
1599760177561
1599760178574
1599760179583
1599760180593
1599760181606
1599760182615
1599760183629
1599760184642
1599760185656
1599760186672
1599760187685
1599760188700
1599760189715
1599760190723
1599760191732
1599760192741
1599760193752
1599760194762
1599760195771
1599760196790
1599760197805
1599760198817
1599760199826
1599760200840
1599760201848
1599760202860
1599760203882
1599760204909
1599760205921
1599760206935
1599760207949
1599760208961
1599760209972
1599760210988
1599760212003
1599760213015
1599760214028
1599760215036
1599760216049
1599760217060
1599760218071
1599760219079
1599760220088
1599760221101
1599760222108
1599760223117
1599760224129
1599760225136
1599760226154
1599760227164
1599760228173
1599760229188
1599760230204
1599760231217
1599760232225
1599760233236
1599760234251
1599760235264
1599760236278
1599760237287
1599760238293
1599760239306
1599760240313
1599760241324
1599760242332
1599760243337
1599760244347
1599760245363
1599760246369
1599760247382
1599760248404
1599760249415
1599760250429
1599760251438
1599760252456
1599760253466
1599760254477
1599760255489
1599760256501
1599760257512
1599760258523
1599760259533
1599760260541
1599760261553
1599760262567
1599760263575
1599760264585
1599760265593
1599760266605
1599760267622
1599760268636
1599760269649
1599760270663
1599760271676
1599760272685
1599760273693
1599760274708
1599760275721
1599760276743
1599760277758
1599760278772
1599760279784
1599760280798
1599760281816
1599760282829
1599760283837
1599760284854
1599760285869
1599760286888
1599760287893
1599760288900
1599760289907
1599760290918
1599760291935
1599760292952
1599760293960
1599760294972
1599760295984
1599760296990
1599760298003
1599760299015
1599760300023
1599760301030
1599760302038
1599760303050
1599760304061
1599760305074
1599760306088
1599760307102
1599760308114
1599760309125
1599760310147
1599760311161
1599760312171
1599760313188
1599760314199
1599760315210
1599760316218
1599760317232
1599760318241
1599760319253
1599760320269
1599760321281
1599760322298
1599760323307
1599760324317
1599760325326
1599760326335
1599760327345
1599760328351
1599760329361
1599760330370
1599760331385
1599760332394
1599760333405
1599760334419
1599760335431
1599760336444
1599760337457
1599760338469
1599760339481
1599760340498
1599760341513
1599760342518
1599760343536
1599760344548
1599760345557
1599760346568
1599760347577
1599760348589
1599760349596
1599760350610
1599760351620
1599760352633
1599760353654
1599760354673
1599760355686
1599760356696
1599760357704
1599760358713
1599760359719
1599760360730
1599760361742
1599760362756
1599760363767
1599760364778
1599760365787
1599760366797
1599760367808
1599760368818
1599760369830
1599760370840
1599760371853
1599760372866
1599760373874
1599760374885
1599760375894
1599760376903
1599760377911
1599760378922
1599760379933
1599760380942
1599760381957
1599760382969
1599760383982
1599760384991
1599760386004
1599760387014
1599760388030
1599760389038
1599760390048
1599760391058
1599760392073
1599760393086
1599760394094
1599760395102
1599760396115
1599760397124
1599760398131
1599760399145
1599760400155
1599760401163
1599760402176
1599760403188
1599760404196
1599760405205
1599760406210
1599760407219
1599760408228
1599760409245
1599760410252
1599760411266
1599760412280
1599760413288
1599760414297
1599760415303
1599760416312
1599760417321
1599760418327
1599760419336
1599760420343
1599760421351
1599760422358
1599760423366
1599760424381
1599760425393
1599760426400
1599760427408
1599760428419
1599760429429
1599760430438
1599760431446
1599760432457
1599760433466
1599760434474
1599760435484
1599760436500
1599760437515
1599760438528
1599760439536
1599760440544
1599760441554
1599760442566
1599760443581
1599760444593
1599760445609
1599760446617
1599760447625
1599760448637
1599760449651
1599760450661
1599760451681
1599760452689
1599760453701
1599760454713
1599760455741
1599760456750
1599760457761
1599760458778
1599760459789
1599760460802
1599760461814
1599760462834
1599760463845
1599760464866
1599760465877
1599760466886
1599760467903
1599760468911
1599760469930
1599760470943
1599760471954
1599760472966
1599760473979
1599760474988
1599760476011
1599760477021
1599760478033
1599760479041
1599760480049
1599760481058
1599760482068
1599760483074
1599760484084
1599760485104
1599760486113
1599760487122
1599760488136
1599760489147
1599760490159
1599760491169
1599760492183
1599760493190
1599760494199
1599760495210
1599760496220
1599760497228
1599760498242
1599760499253
1599760500262
1599760501270
1599760502277
1599760503285
1599760504304
1599760505309
1599760506317
1599760507325
1599760508333
1599760509343
1599760510352
1599760511358
1599760512369
1599760513381
1599760514394
1599760515401
1599760516413
1599760517425
1599760518430
1599760519445
1599760520457
1599760521469
1599760522485
1599760523497
1599760524507
1599760525517
1599760526537
1599760527549
1599760528566
1599760529577
1599760530582
1599760531589
1599760532599
1599760533609
1599760534622
1599760535637
1599760536651
1599760537660
1599760538671
1599760539678
1599760540688
1599760541696
1599760542706
1599760543718
1599760544729
1599760545743
1599760546757
1599760547765
1599760548775
1599760549790
1599760550801
1599760551814
1599760552828
1599760553836
1599760554848
1599760555862
1599760556873
1599760557878
1599760558887
1599760559896
1599760560903
1599760561913
1599760562921
1599760563930
1599760564939
1599760565947
1599760566959
1599760567972
1599760568990
1599760570002
1599760571011
1599760572021
1599760573033
1599760574041
1599760575049
1599760576069
1599760577078
1599760578097
1599760579109
1599760580118
1599760581138
1599760582146
1599760583177
1599760584187
1599760585196
1599760586205
1599760587217
1599760588227
1599760589234
1599760590243
1599760591252
1599760592269
1599760593285
1599760594292
1599760595305
1599760596321
1599760597334
1599760598344
1599760599353
1599760600362
1599760601370
1599760602380
1599760603392
1599760604398
1599760605410
1599760606424
1599760607432
1599760608442
1599760609457
1599760610470
1599760611485
1599760612509
1599760613523
1599760614534
1599760615547
1599760616556
1599760617564
1599760618579
1599760619589
1599760620600
1599760621608
1599760622621
1599760623637
1599760624651
1599760625661
1599760626670
1599760627680
1599760628691
1599760629699
1599760630707
1599760631716
1599760632728
1599760633744
1599760634757
1599760635768
1599760636776
1599760637782
1599760638796
1599760639804
1599760640817
1599760641829
1599760642838
1599760643851
1599760644868
1599760645877
1599760646894
1599760647903
1599760648910
1599760649921
1599760650931
1599760651941
1599760652953
1599760653969
1599760654987
1599760656003
1599760657020
1599760658030
1599760659038
1599760660047
1599760661060
1599760662069
1599760663078
1599760664089
1599760665098
1599760666106
1599760667117
1599760668136
1599760669160
1599760670167
1599760671177
1599760672187
1599760673207
1599760674222
1599760675228
1599760676236
1599760677248
1599760678260
1599760679266
1599760680282
1599760681291
1599760682305
1599760683315
1599760684326
1599760685334
1599760686343
1599760687357
1599760688362
1599760689377
1599760690386
1599760691400
1599760692409
1599760693417
1599760694425
1599760695435
1599760696446
1599760697461
1599760698483
1599760699502
1599760700511
1599760701519
1599760702529
1599760703541
1599760704556
1599760705564
1599760706570
1599760707581
1599760708594
1599760709603
1599760710610
1599760711621
1599760712635
1599760713644
1599760714674
1599760715682
1599760716704
1599760717715
1599760718723
1599760719731
1599760720745
1599760721774
1599760722802
1599760723815
1599760724822
1599760725836
1599760726845
1599760727877
1599760728898
1599760729911
1599760730917
1599760731923
1599760732934
1599760733941
1599760734952
1599760735962
1599760736974
1599760737995
1599760739005
1599760740019
1599760741029
1599760742039
1599760743052
1599760744065
1599760745079
1599760746098
1599760747112
1599760748122
1599760749136
1599760750154
1599760751165
1599760752178
1599760753186
1599760754194
1599760755208
1599760756221
1599760757241
1599760758253
1599760759269
1599760760277
1599760761296
1599760762305
1599760763323
1599760764332
1599760765341
1599760766350
1599760767362
1599760768373
1599760769391
1599760770410
1599760771419
1599760772426
1599760773434
1599760774446
1599760775461
1599760776485
1599760777499
1599760778511
1599760779520
1599760780528
1599760781537
1599760782551
1599760783561
1599760784570
1599760785580
1599760786594
1599760787611
1599760788618
1599760789629
1599760790638
1599760791649
1599760792662
1599760793675
1599760794691
1599760795698
1599760796708
1599760797718
1599760798726
1599760799735
1599760800748
1599760801762
1599760802772
1599760803778
1599760804811
1599760805818
1599760806828
1599760807839
1599760808864
1599760809878
1599760810888
1599760811901
1599760812931
1599760813942
1599760814950
1599760815969
1599760816985
1599760818007
1599760819019
1599760820028
1599760821034
1599760822043
1599760823057
1599760824068
1599760825076
1599760826082
1599760827094
1599760828102
1599760829113
1599760830122
1599760831136
1599760832150
1599760833159
1599760834169
1599760835180
1599760836186
1599760837196
1599760838206
1599760839217
1599760840226
1599760841237
1599760842246
1599760843260
1599760844273
1599760845290
1599760846297
1599760847312
1599760848323
1599760849336
1599760850349
1599760851361
1599760852373
1599760853386
1599760854397
1599760855410
1599760856424
1599760857438
1599760858453
1599760859471
1599760860490
1599760861497
1599760862506
1599760863520
1599760864526
1599760865539
1599760866549
1599760867569
1599760868590
1599760869599
1599760870610
1599760871621
1599760872627
1599760873641
1599760874653
1599760875665
1599760876681
1599760877688
1599760878696
1599760879704
1599760880712
1599760881725
1599760882745
1599760883757
1599760884766
1599760885779
1599760886786
1599760887801
1599760888807
1599760889818
1599760890826
1599760891846
1599760892852
1599760893872
1599760894888
1599760895904
1599760896912
1599760897918
1599760898929
1599760899949
1599760900964
1599760901976
1599760902984
1599760904001
1599760905016
1599760906030
1599760907037
1599760908044
1599760909056
1599760910086
1599760911094
1599760912102
1599760913111
1599760914122
1599760915131
1599760916137
1599760917141
1599760918154
1599760919172
1599760920184
1599760921197
1599760922206
1599760923215
1599760924226
1599760925235
1599760926244
1599760927257
1599760928265
1599760929276
1599760930289
1599760931297
1599760932309
1599760933321
1599760934332
1599760935342
1599760936353
1599760937366
1599760938377
1599760939389
1599760940394
1599760941402
1599760942411
1599760943419
1599760944429
1599760945440
1599760946453
1599760947464
1599760948475
1599760949483
1599760950494
1599760951505
1599760952515
1599760953525
1599760954541
1599760955548
1599760956563
1599760957577
1599760958593
1599760959609
1599760960621
1599760961628
1599760962638
1599760963650
1599760964660
1599760965669
1599760966686
1599760967701
1599760968718
1599760969734
1599760970751
1599760971761
1599760972781
1599760973797
1599760974814
1599760975829
1599760976842
1599760977853
1599760978866
1599760979880
1599760980889
1599760981898
1599760982906
1599760983915
1599760984936
1599760985948
1599760986959
1599760987968
1599760988982
1599760989990
1599760990999
1599760992012
1599760993022
1599760994032
1599760995041
1599760996048
1599760997060
1599760998067
1599760999076
1599761000086
1599761001099
1599761002106
1599761003116
1599761004123
1599761005135
1599761006143
1599761007151
1599761008166
1599761009180
1599761010198
1599761011226
1599761012236
1599761013259
1599761014276
1599761015289
1599761016303
1599761017313
1599761018323
1599761019338
1599761020358
1599761021373
1599761022383
1599761023394
1599761024405
1599761025417
1599761026425
1599761027436
1599761028445
1599761029460
1599761030469
1599761031481
1599761032498
1599761033518
1599761034530
1599761035541
1599761036550
1599761037570
1599761038581
1599761039594
1599761040605
1599761041615
1599761042627
1599761043637
1599761044656
1599761045670
1599761046680
1599761047688
1599761048696
1599761049706
1599761050716
1599761051725
1599761052738
1599761053749
1599761054763
1599761055769
1599761056789
1599761057798
1599761058809
1599761059818
1599761060830
1599761061839
1599761062846
1599761063858
1599761064870
1599761065881
1599761066887
1599761067898
1599761068913
1599761069930
1599761070943
1599761071963
1599761072980
1599761073993
1599761075009
1599761076021
1599761077036
1599761078046
1599761079054
1599761080068
1599761081081
1599761082098
1599761083108
1599761084116
1599761085126
1599761086136
1599761087156
1599761088178
1599761089189
1599761090203
1599761091213
1599761092221
1599761093234
1599761094244
1599761095252
1599761096258
1599761097267
1599761098274
1599761099287
1599761100293
1599761101302
1599761102313
1599761103318
1599761104329
1599761105343
1599761106352
1599761107362
1599761108369
1599761109381
1599761110394
1599761111404
1599761112413
1599761113422
1599761114433
1599761115442
1599761116452
1599761117460
1599761118468
1599761119475
1599761120482
1599761121492
1599761122501
1599761123517
1599761124536
1599761125556
1599761126570
1599761127587
1599761128594
1599761129603
1599761130614
1599761131622
1599761132630
1599761133636
1599761134645
1599761135657
1599761136665
1599761137676
1599761138689
1599761139708
1599761140727
1599761141733
1599761142740
1599761143749
1599761144755
1599761145764
1599761146770
1599761147780
1599761148791
1599761149806
1599761150816
1599761151828
1599761152834
1599761153844
1599761154853
1599761155866
1599761156875
1599761157882
1599761158891
1599761159901
1599761160925
1599761161931
1599761162939
1599761163948
1599761164957
1599761165969
1599761166982
1599761167991
1599761169000
1599761170015
1599761171028
1599761172041
1599761173055
1599761174068
1599761175091
1599761176105
1599761177122
1599761178137
1599761179147
1599761180157
1599761181163
1599761182180
1599761183193
1599761184205
1599761185217
1599761186225
1599761187240
1599761188246
1599761189254
1599761190261
1599761191273
1599761192287
1599761193300
1599761194316
1599761195327
1599761196334
1599761197341
1599761198351
1599761199361
1599761200371
1599761201382
1599761202391
1599761203400
1599761204411
1599761205417
1599761206425
1599761207437
1599761208447
1599761209454
1599761210465
1599761211474
1599761212482
1599761213493
1599761214509
1599761215527
1599761216541
1599761217557
1599761218567
1599761219586
1599761220601
1599761221618
1599761222638
1599761223651
1599761224661
1599761225677
1599761226693
1599761227707
1599761228717
1599761229726
1599761230738
1599761231756
1599761232771
1599761233785
1599761234800
1599761235816
1599761236832
1599761237853
1599761238869
1599761239885
1599761240905
1599761241917
1599761242932
1599761243946
1599761244967
1599761245979
1599761246989
1599761248003
1599761249009
1599761250014
1599761251034
1599761252042
1599761253058
1599761254065
1599761255081
1599761256098
1599761257110
1599761258125
1599761259141
1599761260154
1599761261177
1599761262188
1599761263200
1599761264235
1599761265250
1599761266258
1599761267279
1599761268289
1599761269307
1599761270319
1599761271325
1599761272338
1599761273349
1599761274358
1599761275367
1599761276374
1599761277382
1599761278403
1599761279417
1599761280428
1599761281437
1599761282449
1599761283459
1599761284473
1599761285489
1599761286498
1599761287529
1599761288538
1599761289550
1599761290558
1599761291568
1599761292576
1599761293586
1599761294594
1599761295603
1599761296617
1599761297634
1599761298646
1599761299659
1599761300669
1599761301685
1599761302694
1599761303709
1599761304722
1599761305735
1599761306751
1599761307765
1599761308781
1599761309797
1599761310805
1599761311820
1599761312829
1599761313841
1599761314857
1599761315871
1599761316883
1599761317896
1599761318918
1599761319931
1599761320949
1599761321966
1599761322973
1599761323989
1599761325005
1599761326017
1599761327030
1599761328042
1599761329050
1599761330063
1599761331073
1599761332084
1599761333094
1599761334109
1599761335119
1599761336134
1599761337146
1599761338164
1599761339174
1599761340189
1599761341200
1599761342217
1599761343228
1599761344244
1599761345255
1599761346266
1599761347277
1599761348287
1599761349297
1599761350306
1599761351319
1599761352330
1599761353342
1599761354350
1599761355362
1599761356373
1599761357387
1599761358396
1599761359405
1599761360415
1599761361421
1599761362437
1599761363451
1599761364457
1599761365465
1599761366477
1599761367489
1599761368495
1599761369506
1599761370516
1599761371521
1599761372530
1599761373541
1599761374557
1599761375573
1599761376585
1599761377600
1599761378609
1599761379634
1599761380648
1599761381658
1599761382672
1599761383681
1599761384694
1599761385710
1599761386725
1599761387741
1599761388755
1599761389777
1599761390790
1599761391803
1599761392815
1599761393824
1599761394842
1599761395858
1599761396865
1599761397882
1599761398892
1599761399909
1599761400922
1599761401935
1599761402946
1599761403958
1599761404969
1599761405978
1599761406984
1599761407993
1599761409001
1599761410017
1599761411033
1599761412049
1599761413061
1599761414073
1599761415091
1599761416104
1599761417113
1599761418128
1599761419144
1599761420153
1599761421162
1599761422173
1599761423193
1599761424208
1599761425214
1599761426225
1599761427238
1599761428249
1599761429268
1599761430275
1599761431285
1599761432294
1599761433302
1599761434316
1599761435328
1599761436346
1599761437358
1599761438366
1599761439380
1599761440393
1599761441403
1599761442415
1599761443425
1599761444432
1599761445437
1599761446447
1599761447461
1599761448482
1599761449501
1599761450517
1599761451530
1599761452538
1599761453560
1599761454572
1599761455599
1599761456609
1599761457619
1599761458637
1599761459659
1599761460669
1599761461685
1599761462693
1599761463707
1599761464719
1599761465726
1599761466735
1599761467751
1599761468757
1599761469770
1599761470782
1599761471797
1599761472805
1599761473821
1599761474833
1599761475849
1599761476856
1599761477864
1599761478872
1599761479885
1599761480899
1599761481906
1599761482918
1599761483926
1599761484941
1599761485957
1599761486969
1599761487978
1599761488989
1599761489999
1599761491007
1599761492013
1599761493029
1599761494041
1599761495054
1599761496067
1599761497074
1599761498085
1599761499101
1599761500106
1599761501118
1599761502129
1599761503139
1599761504152
1599761505161
1599761506173
1599761507190
1599761508208
1599761509217
1599761510228
1599761511246
1599761512256
1599761513264
1599761514270
1599761515286
1599761516297
1599761517313
1599761518326
1599761519335
1599761520343
1599761521362
1599761522370
1599761523382
1599761524391
1599761525402
1599761526415
1599761527426
1599761528437
1599761529444
1599761530456
1599761531463
1599761532473
1599761533485
1599761534494
1599761535510
1599761536521
1599761537536
1599761538545
1599761539560
1599761540569
1599761541585
1599761542598
1599761543614
1599761544626
1599761545640
1599761546653
1599761547666
1599761548684
1599761549703
1599761550724
1599761551741
1599761552753
1599761553770
1599761554780
1599761555789
1599761556799
1599761557819
1599761558833
1599761559856
1599761560869
1599761561886
1599761562901
1599761563921
1599761564937
1599761565944
1599761566950
1599761567970
1599761568984
1599761569989
1599761570998
1599761572015
1599761573025
1599761574037
1599761575055
1599761576068
1599761577078
1599761578089
1599761579103
1599761580111
1599761581124
1599761582131
1599761583142
1599761584154
1599761585173
1599761586190
1599761587201
1599761588213
1599761589227
1599761590236
1599761591245
1599761592259
1599761593269
1599761594278
1599761595283
1599761596297
1599761597310
1599761598320
1599761599327
1599761600335
1599761601342
1599761602350
1599761603359
1599761604372
1599761605381
1599761606403
1599761607417
1599761608431
1599761609445
1599761610457
1599761611477
1599761612487
1599761613495
1599761614505
1599761615520
1599761616531
1599761617537
1599761618548
1599761619563
1599761620576
1599761621590
1599761622612
1599761623619
1599761624635
1599761625644
1599761626653
1599761627670
1599761628688
1599761629699
1599761630707
1599761631719
1599761632727
1599761633737
1599761634747
1599761635759
1599761636771
1599761637778
1599761638786
1599761639798
1599761640812
1599761641823
1599761642837
1599761643847
1599761644860
1599761645869
1599761646878
1599761647896
1599761648908
1599761649919
1599761650931
1599761651946
1599761652955
1599761653965
1599761654974
1599761655983
1599761657003
1599761658013
1599761659030
1599761660044
1599761661053
1599761662058
1599761663067
1599761664074
1599761665086
1599761666097
1599761667109
1599761668120
1599761669127
1599761670134
1599761671148
1599761672157
1599761673172
1599761674180
1599761675187
1599761676194
1599761677206
1599761678216
1599761679225
1599761680235
1599761681245
1599761682261
1599761683269
1599761684283
1599761685292
1599761686302
1599761687320
1599761688329
1599761689340
1599761690348
1599761691367
1599761692377
1599761693388
1599761694415
1599761695429
1599761696448
1599761697463
1599761698478
1599761699487
1599761700493
1599761701505
1599761702516
1599761703533
1599761704547
1599761705564
1599761706573
1599761707585
1599761708596
1599761709605
1599761710610
1599761711617
1599761712634
1599761713645
1599761714658
1599761715667
1599761716681
1599761717693
1599761718705
1599761719713
1599761720725
1599761721759
1599761722773
1599761723784
1599761724791
1599761725804
1599761726820
1599761727826
1599761728841
1599761729849
1599761730857
1599761731864
1599761732872
1599761733881
1599761734893
1599761735905
1599761736914
1599761737923
1599761738932
1599761739943
1599761740948
1599761741957
1599761742979
1599761743995
1599761745004
1599761746023
1599761747034
1599761748042
1599761749051
1599761750063
1599761751074
1599761752091
1599761753105
1599761754123
1599761755136
1599761756149
1599761757161
1599761758170
1599761759185
1599761760203
1599761761213
1599761762225
1599761763236
1599761764249
1599761765267
1599761766279
1599761767286
1599761768296
1599761769305
1599761770320
1599761771329
1599761772342
1599761773356
1599761774365
1599761775373
1599761776385
1599761777396
1599761778414
1599761779429
1599761780453
1599761781468
1599761782484
