1599754591887
1599754592900
1599754593908
1599754594920
1599754595926
1599754596940
1599754597956
1599754598972
1599754599984
1599754601005
1599754602020
1599754603032
1599754604048
1599754605056
1599754606066
1599754607076
1599754608090
1599754609105
1599754610118
1599754611130
1599754612144
1599754613159
1599754614173
1599754615184
1599754616196
1599754617208
1599754618228
1599754619240
1599754620257
1599754621271
1599754622291
1599754623300
1599754624312
1599754625328
1599754626344
1599754627356
1599754628364
1599754629373
1599754630385
1599754631394
1599754632404
1599754633417
1599754634428
1599754635434
1599754636449
1599754637460
1599754638473
1599754639486
1599754640497
1599754641506
1599754642516
1599754643528
1599754644541
1599754645554
1599754646569
1599754647584
1599754648600
1599754649617
1599754650624
1599754651637
1599754652651
1599754653665
1599754654671
1599754655684
1599754656701
1599754657711
1599754658725
1599754659733
1599754660744
1599754661755
1599754662764
1599754663777
1599754664788
1599754665796
1599754666810
1599754667823
1599754668831
1599754669845
1599754670854
1599754671865
1599754672881
1599754673892
1599754674899
1599754675908
1599754676921
1599754677942
1599754678954
1599754679977
1599754680994
1599754682015
1599754683028
1599754684040
1599754685054
1599754686080
1599754687094
1599754688103
1599754689113
1599754690128
1599754691142
1599754692149
1599754693160
1599754694176
1599754695185
1599754696196
1599754697232
1599754698248
1599754699271
1599754700288
1599754701298
1599754702308
1599754703324
1599754704350
1599754705364
1599754706381
1599754707396
1599754708416
1599754709428
1599754710440
1599754711454
1599754712475
1599754713489
1599754714505
1599754715520
1599754716542
1599754717556
1599754718568
1599754719585
1599754720598
1599754721622
1599754722632
1599754723645
1599754724657
1599754725673
1599754726688
1599754727703
1599754728717
1599754729729
1599754730741
1599754731756
1599754732768
1599754733784
1599754734806
1599754735820
1599754736833
1599754737842
1599754738856
1599754739881
1599754740891
1599754741904
1599754742929
1599754743941
1599754744954
1599754745965
1599754746977
1599754747989
1599754749002
1599754750026
1599754751041
1599754752060
1599754753076
1599754754093
1599754755111
1599754756126
1599754757133
1599754758150
1599754759161
1599754760173
1599754761184
1599754762195
1599754763214
1599754764225
1599754765237
1599754766247
1599754767261
1599754768271
1599754769277
1599754770297
1599754771311
1599754772328
1599754773344
1599754774354
1599754775379
1599754776391
1599754777400
1599754778416
1599754779425
1599754780437
1599754781453
1599754782464
1599754783477
1599754784492
1599754785508
1599754786521
1599754787536
1599754788553
1599754789564
1599754790575
1599754791588
1599754792604
1599754793620
1599754794636
1599754795645
1599754796658
1599754797667
1599754798680
1599754799690
1599754800698
1599754801709
1599754802724
1599754803739
1599754804753
1599754805766
1599754806782
1599754807790
1599754808798
1599754809811
1599754810826
1599754811842
1599754812858
1599754813869
1599754814882
1599754815892
1599754816905
1599754817916
1599754818928
1599754819950
1599754820965
1599754821982
1599754823002
1599754824017
1599754825036
1599754826049
1599754827069
1599754828080
1599754829095
1599754830109
1599754831128
1599754832142
1599754833156
1599754834169
1599754835186
1599754836207
1599754837217
1599754838229
1599754839245
1599754840263
1599754841279
1599754842291
1599754843305
1599754844320
1599754845340
1599754846357
1599754847376
1599754848393
1599754849413
1599754850431
1599754851444
1599754852457
1599754853473
1599754854495
1599754855508
1599754856525
1599754857541
1599754858557
1599754859568
1599754860574
1599754861588
1599754862600
1599754863614
1599754864629
1599754865644
1599754866661
1599754867677
1599754868692
1599754869705
1599754870721
1599754871729
1599754872745
1599754873761
1599754874778
1599754875794
1599754876808
1599754877828
1599754878841
1599754879859
1599754880870
1599754881881
1599754882895
1599754883912
1599754884928
1599754885944
1599754886957
1599754887972
1599754888989
1599754890004
1599754891016
1599754892025
1599754893036
1599754894046
1599754895057
1599754896068
1599754897083
1599754898097
1599754899108
1599754900121
1599754901135
1599754902144
1599754903157
1599754904168
1599754905191
1599754906208
1599754907224
1599754908232
1599754909244
1599754910260
1599754911276
1599754912288
1599754913297
1599754914305
1599754915321
1599754916336
1599754917345
1599754918364
1599754919375
1599754920386
1599754921401
1599754922417
1599754923432
1599754924452
1599754925468
1599754926483
1599754927497
1599754928513
1599754929527
1599754930536
1599754931551
1599754932564
1599754933580
1599754934597
1599754935608
1599754936624
1599754937640
1599754938655
1599754939661
1599754940673
1599754941686
1599754942696
1599754943704
1599754944716
1599754945729
1599754946745
1599754947756
1599754948763
1599754949770
1599754950782
1599754951797
1599754952808
1599754953824
1599754954841
1599754955855
1599754956870
1599754957885
1599754958900
1599754959920
1599754960928
1599754961944
1599754962963
1599754963976
1599754964990
1599754966009
1599754967024
1599754968041
1599754969056
1599754970071
1599754971085
1599754972100
1599754973115
1599754974131
1599754975149
1599754976164
1599754977173
1599754978184
1599754979196
1599754980212
1599754981228
1599754982241
1599754983256
1599754984268
1599754985282
1599754986295
1599754987309
1599754988325
1599754989331
1599754990340
1599754991356
1599754992372
1599754993388
1599754994404
1599754995416
1599754996428
1599754997444
1599754998460
1599754999475
1599755000488
1599755001505
1599755002520
1599755003537
1599755004552
1599755005573
1599755006590
1599755007605
1599755008619
1599755009632
1599755010644
1599755011653
1599755012659
1599755013672
1599755014688
1599755015701
1599755016717
1599755017729
1599755018741
1599755019756
1599755020771
1599755021784
1599755022794
1599755023809
1599755024824
1599755025840
1599755026854
1599755027864
1599755028876
1599755029892
1599755030898
1599755031913
1599755032925
1599755033940
1599755034952
1599755035968
1599755036983
1599755037996
1599755039008
1599755040018
1599755041031
1599755042045
1599755043060
1599755044077
1599755045092
1599755046105
1599755047121
1599755048137
1599755049153
1599755050168
1599755051177
1599755052191
1599755053204
1599755054216
1599755055228
1599755056243
1599755057257
1599755058276
1599755059288
1599755060296
1599755061312
1599755062328
1599755063336
1599755064353
1599755065368
1599755066385
1599755067401
1599755068416
1599755069433
1599755070443
1599755071461
1599755072472
1599755073487
1599755074500
1599755075512
1599755076524
1599755077537
1599755078553
1599755079569
1599755080585
1599755081607
1599755082617
1599755083628
1599755084644
1599755085656
1599755086664
1599755087676
1599755088688
1599755089700
1599755090711
1599755091725
1599755092740
1599755093756
1599755094768
1599755095780
1599755096789
1599755097803
1599755098814
1599755099824
1599755100836
1599755101852
1599755102864
1599755103877
1599755104892
1599755105907
1599755106924
1599755107940
1599755108955
1599755109964
1599755110981
1599755111994
1599755113004
1599755114023
1599755115033
1599755116047
1599755117058
1599755118072
1599755119088
1599755120109
1599755121132
1599755122147
1599755123164
1599755124177
1599755125191
1599755126209
1599755127228
1599755128243
1599755129259
1599755130266
1599755131281
1599755132291
1599755133303
1599755134316
1599755135328
1599755136346
1599755137363
1599755138376
1599755139392
1599755140408
1599755141421
1599755142435
1599755143441
1599755144452
1599755145464
1599755146477
1599755147492
1599755148505
1599755149518
1599755150528
1599755151543
1599755152556
1599755153569
1599755154580
1599755155596
1599755156609
1599755157621
1599755158632
1599755159645
1599755160656
1599755161669
1599755162681
1599755163696
1599755164712
1599755165728
1599755166745
1599755167760
1599755168771
1599755169784
1599755170800
1599755171816
1599755172830
1599755173843
1599755174856
1599755175868
1599755176884
1599755177896
1599755178912
1599755179920
1599755180936
1599755181950
1599755182960
1599755183972
1599755184984
1599755185993
1599755187003
1599755188012
1599755189028
1599755190040
1599755191052
1599755192070
1599755193084
1599755194098
1599755195110
1599755196122
1599755197141
1599755198156
1599755199168
1599755200191
1599755201207
1599755202226
1599755203238
1599755204252
1599755205269
1599755206280
1599755207292
1599755208312
1599755209329
1599755210365
1599755211376
1599755212393
1599755213412
1599755214428
1599755215437
1599755216454
1599755217473
1599755218489
1599755219505
1599755220524
1599755221540
1599755222553
1599755223569
1599755224581
1599755225591
1599755226596
1599755227608
1599755228623
1599755229636
1599755230645
1599755231660
1599755232669
1599755233681
1599755234696
1599755235712
1599755236728
1599755237744
1599755238755
1599755239763
1599755240769
1599755241784
1599755242791
1599755243804
1599755244811
1599755245824
1599755246838
1599755247853
1599755248868
1599755249875
1599755250889
1599755251904
1599755252923
1599755253937
1599755254960
1599755255969
1599755256984
1599755258006
1599755259021
1599755260037
1599755261050
1599755262061
1599755263075
1599755264092
1599755265108
1599755266122
1599755267131
1599755268144
1599755269160
1599755270171
1599755271210
1599755272225
1599755273241
1599755274256
1599755275270
1599755276277
1599755277290
1599755278309
1599755279318
1599755280340
1599755281360
1599755282377
1599755283389
1599755284405
1599755285416
1599755286434
1599755287448
1599755288467
1599755289476
1599755290490
1599755291504
1599755292520
1599755293536
1599755294553
1599755295571
1599755296583
1599755297596
1599755298607
1599755299618
1599755300631
1599755301640
1599755302656
1599755303672
1599755304687
1599755305697
1599755306712
1599755307730
1599755308745
1599755309756
1599755310772
1599755311786
1599755312799
1599755313824
1599755314832
1599755315842
1599755316851
1599755317861
1599755318871
1599755319884
1599755320901
1599755321913
1599755322928
1599755323941
1599755324953
1599755325961
1599755326973
1599755327988
1599755329004
1599755330020
1599755331036
1599755332049
1599755333064
1599755334076
1599755335088
1599755336104
1599755337114
1599755338127
1599755339137
1599755340150
1599755341159
1599755342168
1599755343186
1599755344198
1599755345208
1599755346217
1599755347227
1599755348237
1599755349249
1599755350259
1599755351270
1599755352278
1599755353287
1599755354299
1599755355306
1599755356314
1599755357324
1599755358330
1599755359343
1599755360355
1599755361369
1599755362381
1599755363390
1599755364398
1599755365408
1599755366421
1599755367428
1599755368436
1599755369447
1599755370455
1599755371465
1599755372471
1599755373478
1599755374489
1599755375501
1599755376511
1599755377524
1599755378534
1599755379546
1599755380553
1599755381563
1599755382571
1599755383581
1599755384590
1599755385600
1599755386613
1599755387625
1599755388637
1599755389649
1599755390657
1599755391672
1599755392684
1599755393700
1599755394727
1599755395733
1599755396741
1599755397748
1599755398762
1599755399771
1599755400777
1599755401786
1599755402800
1599755403807
1599755404822
1599755405832
1599755406845
1599755407859
1599755408873
1599755409888
1599755410899
1599755411913
1599755412928
1599755413940
1599755414952
1599755415968
1599755416986
1599755418001
1599755419016
1599755420032
1599755421051
1599755422065
1599755423076
1599755424087
1599755425104
1599755426115
1599755427136
1599755428151
1599755429165
1599755430178
1599755431192
1599755432208
1599755433224
1599755434251
1599755435260
1599755436272
1599755437281
1599755438292
1599755439301
1599755440313
1599755441325
1599755442337
1599755443346
1599755444357
1599755445366
1599755446375
1599755447381
1599755448398
1599755449408
1599755450420
1599755451433
1599755452450
1599755453461
1599755454475
1599755455487
1599755456497
1599755457508
1599755458520
1599755459532
1599755460544
1599755461556
1599755462568
1599755463581
1599755464601
1599755465612
1599755466617
1599755467626
1599755468632
1599755469645
1599755470657
1599755471666
1599755472677
1599755473688
1599755474703
1599755475710
1599755476718
1599755477726
1599755478738
1599755479749
1599755480758
1599755481768
1599755482787
1599755483807
1599755484814
1599755485824
1599755486836
1599755487852
1599755488870
1599755489881
1599755490903
1599755491918
1599755492933
1599755493952
1599755494985
1599755495993
1599755497002
1599755498012
1599755499024
1599755500041
1599755501055
1599755502064
1599755503081
1599755504090
1599755505101
1599755506112
1599755507125
1599755508141
1599755509159
1599755510167
1599755511176
1599755512195
1599755513209
1599755514220
1599755515236
1599755516252
1599755517264
1599755518280
1599755519292
1599755520308
1599755521319
1599755522334
1599755523348
1599755524368
1599755525384
1599755526400
1599755527417
1599755528437
1599755529453
1599755530465
1599755531481
1599755532497
1599755533525
1599755534532
1599755535553
1599755536564
1599755537577
1599755538593
1599755539602
1599755540613
1599755541625
1599755542637
1599755543651
1599755544664
1599755545672
1599755546684
1599755547693
1599755548702
1599755549710
1599755550721
1599755551728
1599755552748
1599755553760
1599755554772
1599755555784
1599755556800
1599755557809
1599755558828
1599755559849
1599755560857
1599755561873
1599755562885
1599755563894
1599755564905
1599755565916
1599755566924
1599755567941
1599755568952
1599755569959
1599755570973
1599755571982
1599755572993
1599755574004
1599755575016
1599755576029
1599755577045
1599755578058
1599755579083
1599755580093
1599755581109
1599755582118
1599755583131
1599755584149
1599755585157
1599755586173
1599755587188
1599755588199
1599755589215
1599755590225
1599755591240
1599755592250
1599755593264
1599755594276
1599755595288
1599755596301
1599755597308
1599755598324
1599755599331
1599755600345
1599755601359
1599755602369
1599755603381
1599755604390
1599755605396
1599755606409
1599755607428
1599755608440
1599755609451
1599755610470
1599755611480
1599755612492
1599755613503
1599755614519
1599755615528
1599755616539
1599755617544
1599755618560
1599755619571
1599755620580
1599755621585
1599755622596
1599755623609
1599755624626
1599755625639
1599755626652
1599755627667
1599755628687
1599755629706
1599755630718
1599755631729
1599755632742
1599755633752
1599755634760
1599755635772
1599755636786
1599755637794
1599755638807
1599755639819
1599755640826
1599755641837
1599755642846
1599755643859
1599755644874
1599755645893
1599755646913
1599755647923
1599755648931
1599755649943
1599755650952
1599755651960
1599755652972
1599755653980
1599755654995
1599755656020
1599755657040
1599755658054
1599755659076
1599755660088
1599755661101
1599755662121
1599755663136
1599755664155
1599755665174
1599755666186
1599755667200
1599755668210
1599755669221
1599755670232
1599755671245
1599755672258
1599755673273
1599755674284
1599755675292
1599755676305
1599755677317
1599755678335
1599755679349
1599755680358
1599755681373
1599755682385
1599755683397
1599755684413
1599755685421
1599755686433
1599755687441
1599755688449
1599755689457
1599755690465
1599755691474
1599755692485
1599755693496
1599755694509
1599755695518
1599755696528
1599755697540
1599755698547
1599755699554
1599755700567
1599755701581
1599755702598
1599755703609
1599755704620
1599755705634
1599755706644
1599755707653
1599755708669
1599755709685
1599755710699
1599755711708
1599755712716
1599755713724
1599755714736
1599755715751
1599755716762
1599755717775
1599755718785
1599755719795
1599755720804
1599755721817
1599755722829
1599755723836
1599755724845
1599755725864
1599755726882
1599755727898
1599755728914
1599755729942
1599755730966
1599755731995
1599755733009
1599755734029
1599755735049
1599755736065
1599755737075
1599755738093
1599755739102
1599755740112
1599755741128
1599755742138
1599755743157
1599755744173
1599755745185
1599755746197
1599755747214
1599755748226
1599755749234
1599755750247
1599755751257
1599755752268
1599755753289
1599755754306
1599755755317
1599755756329
1599755757341
1599755758347
1599755759366
1599755760374
1599755761384
1599755762395
1599755763411
1599755764422
1599755765442
1599755766453
1599755767464
1599755768479
1599755769491
1599755770503
1599755771516
1599755772529
1599755773540
1599755774549
1599755775563
1599755776576
1599755777590
1599755778604
1599755779615
1599755780629
1599755781641
1599755782651
1599755783658
1599755784666
1599755785678
1599755786686
1599755787697
1599755788709
1599755789724
1599755790735
1599755791747
1599755792759
1599755793772
1599755794791
1599755795803
1599755796810
1599755797821
1599755798836
1599755799862
1599755800877
1599755801885
1599755802895
1599755803906
1599755804919
1599755805928
1599755806936
1599755807946
1599755808954
1599755809963
1599755810973
1599755811984
1599755812993
1599755814003
1599755815029
1599755816038
1599755817046
1599755818057
1599755819063
1599755820072
1599755821083
1599755822101
1599755823115
1599755824126
1599755825144
1599755826159
1599755827167
1599755828177
1599755829186
1599755830197
1599755831214
1599755832230
1599755833240
1599755834261
1599755835273
1599755836290
1599755837299
1599755838324
1599755839337
1599755840344
1599755841357
1599755842366
1599755843381
1599755844393
1599755845401
1599755846433
1599755847444
1599755848452
1599755849462
1599755850471
1599755851486
1599755852497
1599755853509
1599755854524
1599755855537
1599755856548
1599755857556
1599755858566
1599755859578
1599755860589
1599755861599
1599755862614
1599755863623
1599755864634
1599755865643
1599755866654
1599755867661
1599755868673
1599755869684
1599755870696
1599755871710
1599755872720
1599755873728
1599755874738
1599755875748
1599755876757
1599755877768
1599755878778
1599755879797
1599755880809
1599755881824
1599755882837
1599755883847
1599755884857
1599755885868
1599755886874
1599755887883
1599755888893
1599755889905
1599755890921
1599755891937
1599755892947
1599755893953
1599755894961
1599755895976
1599755896986
1599755897995
1599755899001
1599755900011
1599755901021
1599755902036
1599755903055
1599755904067
1599755905079
1599755906086
1599755907094
1599755908104
1599755909120
1599755910133
1599755911144
1599755912155
1599755913175
1599755914188
1599755915200
1599755916221
1599755917235
1599755918249
1599755919257
1599755920269
1599755921278
1599755922285
1599755923297
1599755924308
1599755925314
1599755926325
1599755927337
1599755928353
1599755929368
1599755930377
1599755931389
1599755932404
1599755933417
1599755934431
1599755935442
1599755936453
1599755937466
1599755938472
1599755939483
1599755940495
1599755941503
1599755942516
1599755943523
1599755944533
1599755945549
1599755946568
1599755947575
1599755948586
1599755949596
1599755950612
1599755951618
1599755952629
1599755953640
1599755954655
1599755955665
1599755956674
1599755957685
1599755958695
1599755959704
1599755960723
1599755961736
1599755962749
1599755963756
1599755964770
1599755965782
1599755966793
1599755967812
1599755968823
1599755969834
1599755970847
1599755971860
1599755972881
1599755973892
1599755974901
1599755975910
1599755976922
1599755977938
1599755978952
1599755979957
1599755980968
1599755981978
1599755982996
1599755984006
1599755985017
1599755986031
1599755987049
1599755988061
1599755989072
1599755990087
1599755991096
1599755992112
1599755993128
1599755994139
1599755995148
1599755996162
1599755997180
1599755998193
1599755999212
1599756000228
1599756001244
1599756002256
1599756003264
1599756004277
1599756005288
1599756006305
1599756007316
1599756008330
1599756009337
1599756010347
1599756011370
1599756012393
1599756013405
1599756014418
1599756015427
1599756016441
1599756017447
1599756018458
1599756019469
1599756020488
1599756021500
1599756022513
1599756023522
1599756024530
1599756025541
1599756026552
1599756027560
1599756028577
1599756029588
1599756030601
1599756031615
1599756032628
1599756033637
1599756034648
1599756035660
1599756036667
1599756037679
1599756038688
1599756039703
1599756040710
1599756041717
1599756042729
1599756043745
1599756044753
1599756045765
1599756046773
1599756047788
1599756048799
1599756049812
1599756050828
1599756051841
1599756052856
1599756053865
1599756054876
1599756055891
1599756056901
1599756057918
1599756058928
1599756059946
1599756060952
1599756061964
1599756062976
1599756063985
1599756064996
1599756066005
1599756067015
1599756068028
1599756069041
1599756070050
1599756071058
1599756072065
1599756073083
1599756074090
1599756075105
1599756076125
1599756077137
1599756078152
1599756079167
1599756080176
1599756081196
1599756082213
1599756083226
1599756084232
1599756085249
1599756086260
1599756087269
1599756088282
1599756089293
1599756090304
1599756091317
1599756092329
1599756093340
1599756094352
1599756095375
1599756096387
1599756097404
1599756098416
1599756099432
1599756100438
1599756101450
1599756102460
1599756103468
1599756104483
1599756105489
1599756106498
1599756107506
1599756108518
1599756109533
1599756110553
1599756111568
1599756112576
1599756113590
1599756114598
1599756115612
1599756116628
1599756117640
1599756118650
1599756119662
1599756120679
1599756121695
1599756122703
1599756123712
1599756124731
1599756125753
1599756126767
1599756127777
1599756128793
1599756129810
1599756130819
1599756131830
1599756132840
1599756133861
1599756134870
1599756135879
1599756136884
1599756137898
1599756138906
1599756139917
1599756140931
1599756141949
1599756142967
1599756143980
1599756144989
1599756146001
1599756147015
1599756148024
1599756149033
1599756150043
1599756151053
1599756152068
1599756153076
1599756154084
1599756155101
1599756156111
1599756157121
1599756158129
1599756159144
1599756160159
1599756161168
1599756162177
1599756163191
1599756164204
1599756165221
1599756166232
1599756167238
1599756168251
1599756169263
1599756170280
1599756171297
1599756172309
1599756173320
1599756174332
1599756175348
1599756176364
1599756177377
1599756178389
1599756179401
1599756180424
1599756181437
1599756182449
1599756183465
1599756184473
1599756185489
1599756186504
1599756187517
1599756188533
1599756189551
1599756190566
1599756191577
1599756192584
1599756193600
1599756194609
1599756195617
1599756196625
1599756197644
1599756198653
1599756199661
1599756200677
1599756201687
1599756202698
1599756203706
1599756204721
1599756205732
1599756206744
1599756207755
1599756208779
1599756209794
1599756210805
1599756211822
1599756212831
1599756213842
1599756214853
1599756215862
1599756216877
1599756217892
1599756218909
1599756219921
1599756220940
1599756221957
1599756222974
1599756223984
1599756225003
1599756226017
1599756227032
1599756228048
1599756229063
1599756230079
1599756231097
1599756232112
1599756233125
1599756234141
1599756235159
1599756236176
1599756237193
1599756238209
1599756239225
1599756240238
1599756241254
1599756242274
1599756243288
1599756244301
1599756245314
1599756246325
1599756247333
1599756248347
1599756249360
1599756250369
1599756251380
1599756252393
1599756253404
1599756254437
1599756255456
1599756256468
1599756257479
1599756258492
1599756259508
1599756260529
1599756261544
1599756262560
1599756263568
1599756264583
1599756265597
1599756266611
1599756267622
1599756268634
1599756269649
1599756270666
1599756271679
1599756272696
1599756273715
1599756274727
1599756275739
1599756276758
1599756277772
1599756278788
1599756279797
1599756280813
1599756281826
1599756282833
1599756283844
1599756284852
1599756285865
1599756286881
1599756287892
1599756288909
1599756289917
1599756290929
1599756291936
1599756292945
1599756293957
1599756294968
1599756295981
1599756296994
1599756298013
1599756299022
1599756300047
1599756301056
1599756302069
1599756303085
1599756304097
1599756305109
1599756306132
1599756307149
1599756308164
1599756309170
1599756310185
1599756311199
1599756312214
1599756313224
1599756314233
1599756315253
1599756316268
1599756317283
1599756318303
1599756319315
1599756320332
1599756321348
1599756322362
1599756323372
1599756324381
1599756325393
1599756326403
1599756327421
1599756328434
1599756329442
1599756330450
1599756331458
1599756332465
1599756333470
1599756334478
1599756335490
1599756336505
1599756337526
1599756338535
1599756339549
1599756340571
1599756341584
1599756342601
1599756343617
1599756344632
1599756345643
1599756346653
1599756347669
1599756348680
1599756349692
1599756350708
1599756351721
1599756352735
1599756353744
1599756354756
1599756355772
1599756356794
1599756357803
1599756358816
1599756359826
1599756360840
1599756361865
1599756362877
1599756363893
1599756364909
1599756365925
1599756366940
1599756367950
1599756368968
1599756369984
1599756371004
1599756372022
1599756373037
1599756374048
1599756375057
1599756376066
1599756377080
1599756378091
1599756379102
1599756380113
1599756381130
1599756382148
1599756383165
1599756384177
1599756385192
1599756386214
1599756387224
1599756388236
1599756389254
1599756390268
1599756391292
1599756392305
1599756393316
1599756394333
1599756395347
1599756396356
1599756397369
1599756398380
1599756399397
1599756400413
1599756401431
1599756402440
1599756403450
1599756404468
1599756405480
1599756406493
1599756407504
1599756408522
1599756409537
1599756410552
1599756411564
1599756412579
1599756413588
1599756414600
1599756415616
1599756416629
1599756417644
1599756418660
1599756419676
1599756420688
1599756421701
1599756422712
1599756423726
1599756424738
1599756425746
1599756426756
1599756427768
1599756428790
1599756429801
1599756430811
1599756431820
1599756432834
1599756433845
1599756434852
1599756435869
1599756436885
1599756437895
1599756438907
1599756439920
1599756440936
1599756441952
1599756442965
1599756443980
1599756444997
1599756446006
1599756447017
1599756448027
1599756449042
1599756450056
1599756451072
1599756452089
1599756453098
1599756454109
1599756455122
1599756456132
1599756457148
1599756458160
1599756459177
1599756460191
1599756461208
1599756462225
1599756463241
1599756464260
1599756465271
1599756466284
1599756467297
1599756468316
1599756469333
1599756470345
1599756471359
1599756472371
1599756473384
1599756474397
1599756475412
1599756476427
1599756477440
1599756478449
1599756479465
1599756480479
1599756481498
1599756482529
1599756483549
1599756484564
1599756485589
1599756486609
1599756487621
1599756488631
1599756489645
1599756490667
1599756491683
1599756492695
1599756493716
1599756494730
1599756495739
1599756496752
1599756497766
1599756498774
1599756499784
1599756500795
1599756501808
1599756502821
1599756503829
1599756504848
1599756505856
1599756506868
1599756507885
1599756508898
1599756509905
1599756510913
1599756511924
1599756512938
1599756513948
1599756514961
1599756515973
1599756516984
1599756518000
1599756519012
1599756520029
1599756521044
1599756522056
1599756523068
1599756524083
1599756525092
1599756526104
1599756527117
1599756528128
1599756529140
1599756530152
1599756531164
1599756532183
1599756533189
1599756534201
1599756535217
1599756536229
1599756537236
1599756538243
1599756539251
1599756540259
1599756541266
1599756542274
1599756543283
1599756544294
1599756545305
1599756546312
1599756547325
1599756548335
1599756549350
1599756550364
1599756551376
1599756552393
1599756553400
1599756554406
1599756555414
1599756556428
1599756557441
1599756558455
1599756559462
1599756560473
1599756561483
1599756562493
1599756563504
1599756564516
1599756565524
1599756566534
1599756567547
1599756568560
1599756569568
1599756570580
1599756571594
1599756572606
1599756573616
1599756574629
1599756575645
1599756576653
1599756577668
1599756578675
1599756579693
1599756580702
1599756581714
1599756582731
1599756583742
1599756584752
1599756585762
1599756586773
1599756587785
1599756588796
1599756589805
1599756590816
1599756591827
1599756592833
1599756593848
1599756594864
1599756595876
1599756596890
1599756597904
1599756598931
1599756599948
1599756600958
1599756601968
1599756602977
1599756603989
1599756605001
1599756606032
1599756607046
1599756608056
1599756609069
1599756610084
1599756611098
1599756612113
1599756613129
1599756614144
1599756615160
1599756616169
1599756617178
1599756618189
1599756619214
1599756620226
1599756621237
1599756622256
1599756623275
1599756624292
1599756625306
1599756626316
1599756627328
1599756628344
1599756629361
1599756630378
1599756631394
1599756632405
1599756633431
1599756634444
1599756635457
1599756636473
1599756637489
1599756638505
1599756639516
1599756640528
1599756641548
1599756642561
1599756643572
1599756644584
1599756645593
1599756646605
1599756647621
1599756648639
1599756649653
1599756650678
1599756651687
1599756652698
1599756653706
1599756654723
1599756655730
1599756656743
1599756657753
1599756658765
1599756659778
1599756660794
1599756661810
1599756662839
1599756663854
1599756664861
1599756665878
1599756666886
1599756667903
1599756668919
1599756669930
1599756670939
1599756671950
1599756672960
1599756673975
1599756674997
1599756676005
1599756677016
1599756678028
1599756679042
1599756680053
1599756681060
1599756682070
1599756683080
1599756684095
1599756685104
1599756686113
1599756687124
1599756688136
1599756689148
1599756690164
1599756691183
1599756692198
1599756693208
1599756694229
1599756695241
1599756696252
1599756697269
1599756698280
1599756699296
1599756700316
1599756701333
1599756702344
1599756703359
1599756704374
1599756705388
1599756706396
1599756707408
1599756708421
1599756709430
1599756710441
1599756711448
1599756712457
1599756713468
1599756714476
1599756715482
1599756716489
1599756717503
1599756718512
1599756719520
1599756720534
1599756721545
1599756722558
1599756723584
1599756724597
1599756725609
1599756726617
1599756727626
1599756728636
1599756729648
1599756730663
1599756731677
1599756732693
1599756733701
1599756734717
1599756735727
1599756736732
1599756737744
1599756738752
1599756739764
1599756740778
1599756741786
1599756742797
1599756743806
1599756744816
1599756745826
1599756746832
1599756747840
1599756748851
1599756749868
1599756750879
1599756751888
1599756752905
1599756753924
1599756754940
1599756755956
1599756756972
1599756757988
1599756759004
1599756760031
1599756761042
1599756762056
1599756763072
1599756764095
1599756765106
1599756766119
1599756767133
1599756768145
1599756769157
1599756770171
1599756771180
1599756772198
1599756773208
1599756774219
1599756775228
1599756776238
1599756777248
1599756778254
1599756779270
1599756780276
1599756781288
1599756782300
1599756783312
1599756784325
1599756785336
1599756786352
1599756787366
1599756788374
1599756789384
1599756790395
1599756791413
1599756792426
1599756793436
1599756794446
1599756795461
1599756796476
1599756797490
1599756798505
1599756799512
1599756800532
1599756801541
1599756802555
1599756803565
1599756804577
1599756805591
1599756806600
1599756807616
1599756808630
1599756809638
1599756810652
1599756811665
1599756812679
1599756813693
1599756814709
1599756815725
1599756816740
1599756817752
1599756818768
1599756819776
1599756820783
1599756821793
1599756822809
1599756823817
1599756824828
1599756825841
1599756826852
1599756827861
1599756828872
1599756829885
1599756830900
1599756831914
1599756832921
1599756833933
1599756834939
1599756835951
1599756836964
1599756837980
1599756838988
1599756840004
1599756841032
1599756842048
1599756843061
1599756844076
1599756845091
1599756846102
1599756847108
1599756848120
1599756849133
1599756850144
1599756851152
1599756852159
1599756853168
1599756854177
1599756855191
1599756856202
1599756857212
1599756858225
1599756859238
1599756860249
1599756861257
1599756862264
1599756863279
1599756864287
1599756865297
1599756866309
1599756867321
1599756868330
1599756869340
1599756870349
1599756871360
1599756872370
1599756873381
1599756874391
1599756875402
1599756876412
1599756877425
1599756878434
1599756879444
1599756880457
1599756881465
1599756882475
1599756883485
1599756884513
1599756885530
1599756886552
1599756887569
1599756888577
1599756889589
1599756890600
1599756891609
1599756892618
1599756893637
1599756894648
1599756895660
1599756896669
1599756897680
1599756898689
1599756899697
1599756900713
1599756901726
1599756902738
1599756903758
1599756904774
1599756905798
1599756906812
1599756907828
1599756908838
1599756909847
1599756910868
1599756911880
1599756912892
1599756913906
1599756914918
1599756915935
1599756916948
1599756917964
1599756918984
1599756920000
1599756921009
1599756922024
1599756923037
1599756924057
1599756925067
1599756926072
1599756927084
1599756928095
1599756929109
1599756930126
1599756931140
1599756932147
1599756933161
1599756934172
1599756935181
1599756936196
1599756937206
1599756938214
1599756939224
1599756940238
1599756941248
1599756942253
1599756943263
1599756944274
1599756945285
1599756946304
1599756947317
1599756948326
1599756949339
1599756950349
1599756951360
1599756952372
1599756953385
1599756954397
1599756955414
1599756956423
1599756957433
1599756958438
1599756959445
1599756960459
1599756961476
1599756962492
1599756963509
1599756964521
1599756965533
1599756966550
1599756967560
1599756968571
1599756969585
1599756970600
1599756971619
1599756972626
1599756973637
1599756974647
1599756975654
1599756976664
1599756977677
1599756978688
1599756979697
1599756980710
1599756981725
1599756982738
1599756983744
1599756984758
1599756985771
1599756986787
1599756987801
1599756988816
1599756989825
1599756990836
1599756991849
1599756992860
1599756993882
1599756994894
1599756995905
1599756996918
1599756997933
1599756998948
1599756999955
1599757000964
1599757001976
1599757002993
1599757004005
1599757005017
1599757006029
1599757007037
1599757008049
1599757009058
1599757010069
1599757011083
1599757012094
1599757013105
1599757014122
1599757015141
1599757016158
1599757017170
1599757018180
1599757019199
1599757020213
1599757021226
1599757022235
1599757023253
1599757024270
1599757025293
1599757026307
1599757027315
1599757028331
1599757029342
1599757030362
1599757031381
1599757032399
1599757033410
1599757034433
1599757035441
1599757036452
1599757037458
1599757038466
1599757039478
1599757040488
1599757041495
1599757042504
1599757043517
1599757044530
1599757045546
1599757046560
1599757047569
1599757048575
1599757049584
1599757050599
1599757051609
1599757052620
1599757053633
1599757054644
1599757055654
1599757056664
1599757057679
1599757058692
1599757059708
1599757060720
1599757061730
1599757062742
1599757063753
1599757064764
1599757065774
1599757066786
1599757067796
1599757068812
1599757069828
1599757070837
1599757071848
1599757072857
1599757073872
1599757074882
1599757075889
1599757076899
1599757077909
1599757078920
1599757079938
1599757080949
1599757081958
1599757082969
1599757083990
1599757085005
1599757086018
1599757087030
1599757088045
1599757089056
1599757090070
1599757091087
1599757092097
1599757093113
1599757094122
1599757095131
1599757096140
1599757097153
1599757098161
1599757099173
1599757100190
1599757101200
1599757102213
1599757103223
1599757104233
1599757105242
1599757106252
1599757107267
1599757108279
1599757109294
1599757110305
1599757111318
1599757112325
1599757113334
1599757114350
1599757115366
1599757116378
1599757117392
1599757118404
1599757119415
1599757120427
1599757121440
1599757122452
1599757123460
1599757124472
1599757125485
1599757126496
1599757127510
1599757128524
1599757129536
1599757130551
1599757131564
1599757132578
1599757133589
1599757134600
1599757135612
1599757136624
1599757137636
1599757138645
1599757139653
1599757140663
1599757141669
1599757142684
1599757143693
1599757144701
1599757145714
1599757146725
1599757147736
1599757148746
1599757149753
1599757150759
1599757151769
1599757152776
1599757153788
1599757154803
1599757155810
1599757156829
1599757157840
1599757158853
1599757159865
1599757160877
1599757161885
1599757162895
1599757163906
1599757164916
1599757165924
1599757166936
1599757167948
1599757168960
1599757169976
1599757170986
1599757171994
1599757173008
1599757174020
1599757175028
1599757176040
1599757177052
1599757178064
1599757179077
1599757180088
1599757181101
1599757182113
1599757183126
1599757184141
1599757185156
1599757186169
1599757187174
1599757188182
1599757189190
1599757190209
1599757191220
1599757192233
1599757193245
1599757194257
1599757195266
1599757196280
1599757197293
1599757198300
1599757199308
1599757200317
1599757201333
1599757202344
1599757203353
1599757204364
1599757205382
1599757206392
1599757207405
1599757208417
1599757209432
1599757210444
1599757211458
1599757212471
1599757213480
1599757214494
1599757215509
1599757216516
1599757217529
1599757218546
1599757219556
1599757220564
1599757221576
1599757222588
1599757223602
1599757224609
1599757225625
1599757226636
1599757227648
1599757228663
1599757229672
1599757230681
1599757231687
1599757232696
1599757233713
1599757234724
1599757235737
1599757236752
1599757237757
1599757238766
1599757239776
1599757240787
1599757241813
1599757242824
1599757243834
1599757244845
1599757245860
1599757246877
1599757247892
1599757248904
1599757249916
1599757250925
1599757251938
1599757252948
1599757253966
1599757254980
1599757255991
1599757257007
1599757258018
1599757259028
1599757260047
1599757261061
1599757262075
1599757263086
1599757264106
1599757265117
1599757266133
1599757267148
1599757268165
1599757269176
1599757270189
1599757271206
1599757272217
1599757273228
1599757274240
1599757275255
1599757276270
1599757277282
1599757278289
1599757279306
1599757280320
1599757281337
1599757282352
1599757283362
1599757284372
1599757285389
1599757286400
1599757287411
1599757288423
1599757289431
1599757290438
1599757291448
1599757292453
1599757293466
1599757294476
1599757295485
1599757296512
1599757297528
1599757298546
1599757299562
1599757300571
1599757301584
1599757302596
1599757303608
1599757304622
1599757305628
1599757306640
1599757307648
1599757308657
1599757309674
1599757310681
1599757311692
1599757312701
1599757313712
1599757314719
1599757315732
1599757316745
1599757317760
1599757318773
1599757319784
1599757320800
1599757321817
1599757322829
1599757323840
1599757324851
1599757325860
1599757326869
1599757327885
1599757328896
1599757329916
1599757330921
1599757331929
1599757332940
1599757333947
1599757334960
1599757335966
1599757336973
1599757337981
1599757338989
1599757340001
1599757341014
1599757342025
1599757343055
1599757344072
1599757345088
1599757346104
1599757347121
1599757348136
1599757349146
1599757350160
1599757351169
1599757352184
1599757353193
1599757354202
1599757355216
1599757356224
1599757357236
1599757358252
1599757359264
1599757360279
1599757361287
1599757362297
1599757363308
1599757364319
1599757365330
1599757366340
1599757367354
1599757368365
1599757369377
1599757370389
1599757371400
1599757372413
1599757373431
1599757374445
1599757375453
1599757376463
1599757377479
1599757378490
1599757379500
1599757380511
1599757381520
1599757382531
1599757383541
1599757384556
1599757385568
1599757386582
1599757387593
1599757388603
1599757389617
1599757390625
1599757391636
1599757392645
1599757393659
1599757394668
1599757395678
1599757396689
1599757397701
1599757398711
1599757399718
1599757400729
1599757401738
1599757402749
1599757403759
1599757404767
1599757405778
1599757406789
1599757407801
1599757408811
1599757409818
1599757410828
1599757411847
1599757412861
1599757413873
1599757414884
1599757415896
1599757416913
1599757417929
1599757418941
1599757419950
1599757420962
1599757421979
1599757422994
1599757424002
1599757425010
1599757426020
1599757427036
1599757428050
1599757429058
1599757430067
1599757431080
1599757432089
1599757433102
1599757434122
1599757435144
1599757436165
1599757437179
1599757438195
1599757439205
1599757440216
1599757441229
1599757442240
1599757443256
1599757444268
1599757445284
1599757446293
1599757447305
1599757448315
1599757449332
1599757450341
1599757451352
1599757452364
1599757453376
1599757454388
1599757455396
1599757456412
1599757457428
1599757458440
1599757459452
1599757460465
1599757461475
1599757462483
1599757463496
1599757464505
1599757465520
1599757466536
1599757467546
1599757468560
1599757469572
1599757470582
1599757471590
1599757472612
1599757473624
1599757474638
1599757475648
1599757476667
1599757477684
1599757478696
1599757479708
1599757480713
1599757481725
1599757482735
1599757483741
1599757484756
1599757485770
1599757486793
1599757487805
1599757488816
1599757489832
1599757490847
1599757491863
1599757492870
1599757493890
1599757494900
1599757495911
1599757496920
1599757497933
1599757498946
1599757499957
1599757500973
1599757501990
1599757503001
1599757504012
1599757505026
1599757506034
1599757507040
1599757508050
1599757509064
1599757510070
1599757511077
1599757512085
1599757513096
1599757514107
1599757515116
1599757516127
1599757517133
1599757518140
1599757519152
1599757520168
1599757521176
1599757522196
1599757523220
1599757524232
1599757525248
1599757526263
1599757527272
1599757528285
1599757529296
1599757530309
1599757531324
1599757532336
1599757533344
1599757534361
1599757535375
1599757536388
1599757537399
1599757538409
1599757539424
1599757540440
1599757541452
1599757542468
1599757543480
1599757544496
1599757545512
1599757546524
1599757547541
1599757548560
1599757549576
1599757550587
1599757551594
1599757552604
1599757553614
1599757554625
1599757555636
1599757556645
1599757557657
1599757558669
1599757559682
1599757560692
1599757561709
1599757562726
1599757563745
1599757564762
1599757565775
1599757566784
1599757567796
1599757568816
1599757569832
1599757570845
1599757571857
1599757572872
1599757573891
1599757574905
1599757575917
1599757576932
1599757577944
1599757578961
1599757579976
1599757580997
1599757582011
1599757583028
1599757584039
1599757585045
1599757586057
1599757587072
1599757588087
1599757589100
1599757590113
1599757591129
1599757592152
1599757593165
1599757594191
1599757595214
1599757596232
1599757597254
1599757598261
1599757599277
1599757600297
1599757601313
1599757602321
1599757603330
1599757604340
1599757605358
1599757606376
1599757607387
1599757608400
1599757609412
1599757610428
1599757611436
1599757612448
1599757613460
1599757614469
1599757615485
1599757616497
1599757617510
1599757618537
1599757619550
1599757620565
1599757621581
1599757622595
1599757623609
1599757624626
1599757625642
1599757626653
1599757627664
1599757628678
1599757629696
1599757630708
1599757631720
1599757632733
1599757633746
1599757634761
1599757635771
1599757636781
1599757637793
1599757638802
1599757639811
1599757640831
1599757641846
1599757642855
1599757643881
1599757644893
1599757645906
1599757646921
1599757647936
1599757648952
1599757649966
1599757650978
1599757651996
1599757653009
1599757654019
1599757655031
1599757656041
1599757657060
1599757658073
1599757659083
1599757660100
1599757661116
1599757662132
1599757663144
1599757664157
1599757665162
1599757666173
1599757667184
1599757668197
1599757669208
1599757670219
1599757671229
1599757672245
1599757673257
1599757674268
1599757675281
1599757676290
1599757677298
1599757678308
1599757679317
1599757680329
1599757681337
1599757682349
1599757683365
1599757684377
1599757685385
1599757686397
1599757687408
1599757688413
1599757689424
1599757690439
1599757691447
1599757692460
1599757693470
1599757694481
1599757695493
1599757696501
1599757697513
1599757698522
1599757699533
1599757700542
1599757701553
1599757702561
1599757703570
1599757704581
1599757705594
1599757706604
1599757707617
1599757708629
1599757709639
1599757710650
1599757711664
1599757712673
1599757713688
1599757714706
1599757715719
1599757716733
1599757717743
1599757718762
1599757719772
1599757720785
1599757721794
1599757722807
1599757723814
1599757724825
1599757725834
1599757726847
1599757727855
1599757728864
1599757729877
1599757730889
1599757731898
1599757732906
1599757733916
1599757734928
1599757735938
1599757736951
1599757737961
1599757738972
1599757739986
1599757741002
1599757742011
1599757743017
1599757744027
1599757745034
1599757746045
1599757747056
1599757748068
1599757749080
1599757750094
1599757751108
1599757752124
1599757753143
1599757754155
1599757755171
1599757756185
1599757757201
1599757758220
1599757759242
1599757760256
1599757761271
1599757762288
1599757763301
1599757764309
1599757765332
1599757766347
1599757767365
1599757768381
1599757769394
1599757770408
1599757771418
1599757772425
1599757773440
1599757774456
1599757775468
1599757776482
1599757777493
1599757778509
1599757779518
1599757780533
1599757781549
1599757782560
1599757783574
1599757784584
1599757785600
1599757786616
1599757787628
1599757788644
1599757789661
1599757790675
1599757791685
1599757792699
1599757793712
1599757794731
1599757795740
1599757796758
1599757797773
1599757798778
1599757799788
1599757800801
1599757801819
1599757802830
1599757803845
1599757804860
1599757805869
1599757806884
1599757807901
1599757808917
1599757809933
1599757810944
1599757811960
1599757812977
1599757813986
1599757815000
1599757816010
1599757817023
1599757818032
1599757819043
1599757820052
1599757821068
1599757822084
1599757823101
1599757824112
1599757825125
1599757826137
1599757827158
1599757828167
1599757829189
1599757830209
1599757831227
1599757832245
1599757833260
1599757834277
1599757835292
1599757836304
1599757837321
1599757838333
1599757839346
1599757840362
1599757841369
1599757842380
1599757843390
1599757844400
1599757845412
1599757846424
1599757847435
1599757848442
1599757849457
1599757850465
1599757851473
1599757852484
1599757853497
1599757854512
1599757855524
1599757856537
1599757857548
1599757858564
1599757859580
1599757860588
1599757861600
1599757862610
1599757863625
1599757864637
1599757865652
1599757866673
1599757867689
1599757868706
1599757869721
1599757870730
1599757871738
1599757872749
1599757873765
1599757874782
1599757875799
1599757876814
1599757877833
1599757878848
1599757879860
1599757880876
1599757881895
1599757882917
1599757883939
1599757884956
1599757885968
1599757886983
1599757887992
1599757889009
1599757890024
1599757891041
1599757892055
1599757893066
1599757894081
1599757895088
1599757896101
1599757897119
1599757898132
1599757899148
1599757900166
1599757901181
1599757902196
1599757903204
1599757904220
1599757905231
1599757906246
1599757907256
1599757908268
1599757909279
1599757910293
1599757911315
1599757912328
1599757913341
1599757914349
1599757915361
1599757916379
1599757917394
1599757918404
1599757919422
1599757920437
1599757921453
1599757922468
1599757923484
1599757924497
1599757925512
1599757926528
1599757927541
1599757928557
1599757929573
1599757930585
1599757931594
1599757932604
1599757933620
1599757934636
1599757935652
1599757936665
1599757937680
1599757938696
1599757939715
1599757940728
1599757941744
1599757942760
1599757943781
1599757944796
1599757945804
1599757946817
1599757947833
1599757948848
1599757949856
1599757950868
1599757951885
1599757952896
1599757953906
1599757954920
1599757955934
1599757956949
1599757957964
1599757958976
1599757959990
1599757961005
1599757962021
1599757963036
1599757964052
1599757965064
1599757966078
1599757967093
1599757968108
1599757969125
1599757970132
1599757971141
1599757972153
1599757973169
1599757974184
1599757975202
1599757976216
1599757977229
1599757978244
1599757979254
1599757980270
1599757981284
1599757982300
1599757983312
1599757984332
1599757985352
1599757986369
1599757987384
1599757988404
1599757989422
1599757990436
1599757991453
1599757992466
1599757993483
1599757994495
1599757995521
1599757996540
1599757997553
1599757998567
1599757999574
1599758000595
1599758001609
1599758002619
1599758003633
1599758004641
1599758005650
1599758006661
1599758007673
1599758008682
1599758009693
1599758010699
1599758011713
1599758012729
1599758013740
1599758014756
1599758015769
1599758016787
1599758017801
1599758018820
1599758019837
1599758020848
1599758021865
1599758022884
1599758023896
1599758024909
1599758025924
1599758026935
1599758027944
1599758028953
1599758029964
1599758030977
1599758031992
1599758033002
1599758034011
1599758035023
1599758036036
1599758037042
1599758038059
1599758039068
1599758040086
1599758041099
1599758042119
1599758043133
1599758044145
1599758045156
1599758046164
1599758047172
1599758048182
1599758049194
1599758050207
1599758051228
1599758052244
1599758053257
1599758054265
1599758055276
1599758056296
1599758057310
1599758058325
1599758059334
1599758060343
1599758061352
1599758062361
1599758063385
1599758064403
1599758065413
1599758066437
1599758067452
1599758068466
1599758069482
1599758070491
1599758071502
1599758072523
1599758073534
1599758074544
1599758075552
1599758076560
1599758077569
1599758078579
1599758079587
1599758080598
1599758081609
1599758082624
1599758083630
1599758084638
1599758085647
1599758086657
1599758087669
1599758088681
1599758089689
1599758090700
1599758091713
1599758092732
1599758093742
1599758094751
1599758095758
1599758096768
1599758097791
1599758098811
1599758099817
1599758100828
1599758101839
1599758102851
1599758103860
1599758104870
1599758105879
1599758106889
1599758107900
1599758108908
1599758109928
1599758110942
1599758111953
1599758112967
1599758113983
1599758114990
1599758116002
1599758117009
1599758118024
1599758119034
1599758120051
1599758121058
1599758122070
1599758123083
1599758124090
1599758125099
1599758126107
1599758127124
1599758128141
1599758129152
1599758130172
1599758131187
1599758132198
1599758133208
1599758134224
1599758135237
1599758136248
1599758137258
1599758138270
1599758139284
1599758140295
1599758141312
1599758142323
1599758143329
1599758144341
1599758145349
1599758146367
1599758147380
1599758148388
1599758149401
1599758150412
1599758151425
1599758152441
1599758153450
1599758154460
1599758155482
1599758156498
1599758157508
1599758158518
1599758159528
1599758160544
1599758161560
1599758162568
1599758163576
1599758164588
1599758165597
1599758166617
1599758167629
1599758168641
1599758169657
1599758170673
1599758171689
1599758172700
1599758173708
1599758174714
1599758175728
1599758176740
1599758177754
1599758178764
1599758179770
1599758180785
1599758181798
1599758182813
1599758183828
1599758184840
1599758185855
1599758186864
1599758187874
1599758188884
1599758189902
1599758190914
1599758191928
1599758192943
1599758193964
1599758194979
1599758195992
1599758197004
1599758198017
1599758199033
1599758200045
1599758201058
1599758202071
1599758203078
1599758204099
1599758205116
1599758206132
1599758207147
1599758208166
1599758209184
1599758210202
1599758211226
1599758212232
1599758213247
1599758214264
1599758215273
1599758216286
1599758217296
1599758218312
1599758219327
1599758220344
1599758221357
1599758222373
1599758223389
1599758224403
1599758225421
1599758226445
1599758227453
1599758228465
1599758229476
1599758230488
1599758231497
1599758232507
1599758233520
1599758234536
1599758235546
1599758236555
1599758237570
1599758238584
1599758239599
1599758240625
1599758241639
1599758242654
1599758243665
1599758244678
1599758245689
1599758246699
1599758247710
1599758248724
1599758249736
1599758250747
1599758251764
1599758252770
1599758253785
1599758254796
1599758255808
1599758256824
1599758257836
1599758258851
1599758259863
1599758260881
1599758261890
1599758262900
1599758263911
1599758264920
1599758265929
1599758266938
1599758267945
1599758268961
1599758269970
1599758270979
1599758271988
1599758273001
1599758274031
1599758275041
1599758276053
1599758277068
1599758278080
1599758279097
1599758280114
1599758281131
1599758282144
1599758283159
1599758284171
1599758285181
1599758286195
1599758287205
1599758288215
1599758289229
1599758290244
1599758291250
1599758292270
1599758293290
1599758294304
1599758295331
1599758296354
1599758297368
1599758298385
1599758299400
1599758300415
1599758301428
1599758302441
1599758303466
1599758304480
1599758305493
1599758306507
1599758307520
1599758308544
1599758309556
1599758310568
1599758311581
1599758312594
1599758313609
1599758314625
1599758315644
1599758316661
1599758317677
1599758318692
1599758319705
1599758320720
1599758321729
1599758322744
1599758323762
1599758324775
1599758325785
1599758326797
1599758327809
1599758328817
1599758329833
1599758330844
1599758331860
1599758332867
1599758333880
1599758334889
1599758335909
1599758336921
1599758337934
1599758338945
1599758339957
1599758340969
1599758341989
1599758343011
1599758344024
1599758345040
1599758346052
1599758347068
1599758348082
1599758349096
1599758350111
1599758351124
1599758352140
1599758353158
1599758354172
1599758355188
1599758356204
1599758357220
1599758358236
1599758359249
1599758360263
1599758361280
1599758362296
1599758363313
1599758364329
1599758365354
1599758366370
1599758367380
1599758368397
1599758369406
1599758370416
1599758371426
1599758372434
1599758373445
1599758374457
1599758375469
1599758376479
1599758377488
1599758378505
1599758379516
1599758380528
1599758381540
1599758382551
1599758383562
1599758384573
1599758385588
1599758386602
1599758387612
1599758388625
1599758389642
1599758390653
1599758391664
1599758392677
1599758393686
1599758394694
1599758395704
1599758396715
1599758397724
1599758398729
1599758399741
1599758400750
1599758401765
1599758402775
1599758403789
1599758404799
1599758405812
1599758406827
1599758407843
1599758408856
1599758409868
1599758410875
1599758411889
1599758412904
1599758413920
1599758414936
1599758415951
1599758416961
1599758417974
1599758418995
1599758420009
1599758421019
1599758422031
1599758423039
1599758424045
1599758425054
1599758426064
1599758427076
1599758428086
1599758429094
1599758430107
1599758431119
1599758432134
1599758433145
1599758434156
1599758435165
1599758436182
1599758437190
1599758438201
1599758439226
1599758440243
1599758441260
1599758442268
1599758443289
1599758444304
1599758445318
1599758446336
1599758447344
1599758448357
1599758449373
1599758450385
1599758451397
1599758452408
1599758453418
1599758454425
1599758455436
1599758456449
1599758457460
1599758458468
1599758459477
1599758460488
1599758461501
1599758462516
1599758463524
1599758464540
1599758465557
1599758466571
1599758467584
1599758468601
1599758469617
1599758470629
1599758471641
1599758472652
1599758473668
1599758474682
1599758475696
1599758476706
1599758477723
1599758478740
1599758479756
1599758480769
1599758481785
1599758482800
1599758483817
1599758484828
1599758485839
1599758486849
1599758487868
1599758488884
1599758489898
1599758490908
1599758491917
1599758492935
1599758493955
1599758494967
1599758495992
1599758497006
1599758498016
1599758499023
1599758500031
1599758501038
1599758502049
1599758503057
1599758504068
1599758505085
1599758506093
1599758507108
1599758508120
1599758509135
1599758510148
1599758511161
1599758512171
1599758513188
1599758514197
1599758515205
1599758516226
1599758517241
1599758518254
1599758519268
1599758520283
1599758521299
1599758522309
1599758523321
1599758524331
1599758525340
1599758526353
1599758527361
1599758528371
1599758529378
1599758530387
1599758531398
1599758532409
1599758533419
1599758534434
1599758535448
1599758536465
1599758537481
1599758538496
1599758539510
1599758540524
1599758541541
1599758542555
1599758543566
1599758544580
1599758545592
1599758546606
1599758547619
1599758548633
1599758549654
1599758550669
1599758551684
1599758552706
1599758553726
1599758554740
1599758555756
1599758556773
1599758557785
1599758558796
1599758559830
1599758560844
1599758561865
1599758562876
1599758563888
1599758564902
1599758565921
1599758566938
1599758567954
1599758568969
1599758569985
1599758571004
1599758572016
1599758573028
1599758574039
1599758575050
1599758576058
1599758577065
1599758578074
1599758579084
1599758580096
1599758581111
1599758582120
1599758583136
1599758584150
1599758585161
1599758586170
1599758587189
1599758588207
1599758589223
1599758590233
1599758591243
1599758592254
1599758593262
1599758594273
1599758595282
1599758596290
1599758597301
1599758598308
1599758599317
1599758600328
1599758601338
1599758602352
1599758603362
1599758604373
1599758605387
1599758606400
1599758607422
1599758608443
1599758609459
1599758610472
1599758611490
1599758612505
1599758613519
1599758614532
1599758615548
1599758616565
1599758617579
1599758618588
1599758619597
1599758620613
1599758621620
1599758622629
1599758623636
1599758624647
1599758625660
1599758626669
1599758627678
1599758628685
1599758629700
1599758630717
1599758631730
1599758632745
1599758633755
1599758634762
1599758635772
1599758636780
1599758637794
1599758638803
1599758639817
1599758640836
1599758641850
1599758642865
1599758643880
1599758644895
1599758645909
1599758646921
1599758647935
1599758648941
1599758649954
1599758650977
1599758651990
1599758653000
1599758654012
1599758655027
1599758656040
1599758657056
1599758658072
1599758659085
1599758660096
1599758661108
1599758662117
1599758663126
1599758664137
1599758665154
1599758666162
1599758667172
1599758668184
1599758669210
1599758670223
1599758671229
1599758672241
1599758673256
1599758674271
1599758675289
1599758676300
1599758677316
1599758678332
1599758679344
1599758680356
1599758681364
1599758682376
1599758683391
1599758684412
1599758685427
1599758686439
1599758687445
1599758688458
1599758689471
1599758690481
1599758691493
1599758692504
1599758693517
1599758694529
1599758695542
1599758696552
1599758697566
1599758698581
1599758699589
1599758700604
1599758701617
1599758702629
1599758703640
1599758704655
1599758705661
1599758706670
1599758707680
1599758708692
1599758709704
1599758710716
1599758711729
1599758712741
1599758713753
1599758714765
1599758715773
1599758716781
1599758717793
1599758718806
1599758719813
1599758720823
1599758721832
1599758722847
1599758723858
1599758724868
1599758725877
1599758726889
1599758727902
1599758728908
1599758729920
1599758730933
1599758731941
1599758732950
1599758733956
1599758734963
1599758735972
1599758736985
1599758737996
1599758739017
1599758740028
1599758741036
1599758742048
1599758743057
1599758744064
1599758745081
1599758746092
1599758747109
1599758748124
1599758749135
1599758750142
1599758751152
1599758752160
1599758753173
1599758754184
1599758755194
1599758756204
1599758757209
1599758758224
1599758759234
1599758760247
1599758761263
1599758762280
1599758763293
1599758764309
1599758765317
1599758766330
1599758767349
1599758768364
1599758769383
1599758770397
1599758771416
1599758772432
1599758773450
1599758774459
1599758775473
1599758776488
1599758777504
1599758778514
1599758779521
1599758780534
1599758781544
1599758782558
1599758783572
1599758784584
1599758785600
1599758786612
1599758787627
1599758788645
1599758789657
1599758790665
1599758791673
1599758792688
1599758793699
1599758794708
1599758795717
1599758796731
1599758797744
1599758798757
1599758799768
1599758800792
1599758801813
1599758802827
1599758803836
1599758804846
1599758805860
1599758806877
1599758807891
1599758808904
1599758809915
1599758810927
1599758811944
1599758812956
1599758813972
1599758814983
1599758815996
1599758817005
1599758818020
1599758819031
1599758820044
1599758821056
1599758822071
1599758823080
1599758824096
1599758825108
1599758826120
1599758827132
1599758828144
1599758829152
1599758830167
1599758831181
1599758832196
1599758833221
1599758834229
1599758835241
1599758836256
1599758837272
1599758838288
1599758839304
1599758840316
1599758841332
1599758842348
1599758843361
1599758844376
1599758845384
1599758846399
1599758847412
1599758848426
1599758849437
1599758850452
1599758851468
1599758852484
1599758853496
1599758854508
1599758855522
1599758856537
1599758857554
1599758858564
1599758859576
1599758860588
1599758861605
1599758862622
1599758863634
1599758864648
1599758865664
1599758866676
1599758867692
1599758868704
1599758869716
1599758870730
1599758871745
1599758872756
1599758873769
1599758874789
1599758875804
1599758876821
1599758877837
1599758878852
1599758879865
1599758880880
1599758881896
1599758882914
1599758883926
1599758884940
1599758885952
1599758886968
1599758887980
1599758888995
1599758890006
1599758891017
1599758892030
1599758893040
1599758894052
1599758895067
1599758896081
1599758897092
1599758898104
1599758899121
1599758900137
1599758901148
1599758902160
1599758903177
1599758904194
1599758905207
1599758906219
1599758907228
1599758908242
1599758909252
1599758910267
1599758911275
1599758912292
1599758913304
1599758914325
1599758915340
1599758916357
1599758917369
1599758918380
1599758919399
1599758920408
1599758921418
1599758922426
1599758923439
1599758924448
1599758925462
1599758926476
1599758927492
1599758928500
1599758929510
1599758930517
1599758931524
1599758932537
1599758933549
1599758934564
1599758935576
1599758936589
1599758937602
1599758938616
1599758939632
1599758940642
1599758941656
1599758942668
1599758943682
1599758944691
1599758945698
1599758946708
1599758947718
1599758948729
1599758949740
1599758950757
1599758951768
1599758952777
1599758953788
1599758954793
1599758955804
1599758956820
1599758957832
1599758958840
1599758959851
1599758960864
1599758961880
1599758962896
1599758963913
1599758964928
1599758965944
1599758966960
1599758967972
1599758968984
1599758970004
1599758971018
1599758972035
1599758973050
1599758974062
1599758975075
1599758976089
1599758977103
1599758978119
1599758979132
1599758980138
1599758981148
1599758982164
1599758983173
1599758984186
1599758985197
1599758986212
1599758987227
1599758988236
1599758989241
1599758990249
1599758991261
1599758992273
1599758993285
1599758994300
1599758995320
1599758996333
1599758997344
1599758998356
1599758999372
1599759000386
1599759001392
1599759002407
1599759003420
1599759004432
1599759005444
1599759006452
1599759007464
1599759008475
1599759009492
1599759010504
1599759011515
1599759012530
1599759013543
1599759014555
1599759015565
1599759016580
1599759017588
1599759018601
1599759019612
1599759020629
1599759021640
1599759022648
1599759023656
1599759024667
1599759025680
1599759026689
1599759027697
1599759028706
1599759029719
1599759030730
1599759031744
1599759032756
1599759033772
1599759034789
1599759035800
1599759036811
1599759037822
1599759038832
1599759039840
1599759040851
1599759041857
1599759042869
1599759043878
1599759044888
1599759045897
1599759046908
1599759047917
1599759048932
1599759049943
1599759050960
1599759051977
1599759052992
1599759053997
1599759055004
1599759056014
1599759057029
1599759058044
1599759059056
1599759060064
1599759061081
1599759062092
1599759063104
1599759064117
1599759065128
1599759066140
1599759067152
1599759068160
1599759069173
1599759070184
1599759071197
1599759072210
1599759073225
1599759074245
1599759075256
1599759076265
1599759077276
1599759078286
1599759079299
1599759080313
1599759081321
1599759082332
1599759083349
1599759084365
1599759085380
1599759086395
1599759087403
1599759088419
1599759089434
1599759090451
1599759091464
1599759092471
1599759093480
1599759094501
1599759095523
1599759096532
1599759097542
1599759098551
1599759099565
1599759100574
1599759101582
1599759102590
1599759103598
1599759104609
1599759105620
1599759106637
1599759107649
1599759108658
1599759109669
1599759110682
1599759111693
1599759112701
1599759113717
1599759114728
1599759115738
1599759116750
1599759117768
1599759118777
1599759119786
1599759120800
1599759121813
1599759122829
1599759123845
1599759124856
1599759125869
1599759126884
1599759127903
1599759128912
1599759129923
1599759130941
1599759131952
1599759132964
1599759133981
1599759134994
1599759136005
1599759137016
1599759138026
1599759139039
1599759140048
1599759141057
1599759142073
1599759143089
1599759144113
1599759145129
1599759146141
1599759147149
1599759148160
1599759149173
1599759150188
1599759151198
1599759152213
1599759153229
1599759154241
1599759155258
1599759156270
1599759157281
1599759158298
1599759159308
1599759160321
1599759161335
1599759162358
1599759163367
1599759164388
1599759165398
1599759166418
1599759167436
1599759168449
1599759169467
1599759170476
1599759171489
1599759172500
1599759173514
1599759174532
1599759175544
1599759176556
1599759177568
1599759178584
1599759179593
1599759180604
1599759181614
1599759182622
1599759183643
1599759184651
1599759185667
1599759186677
1599759187689
1599759188697
1599759189712
1599759190726
1599759191739
1599759192753
1599759193766
1599759194775
1599759195791
1599759196801
1599759197816
1599759198828
1599759199841
1599759200852
1599759201864
1599759202881
1599759203897
1599759204924
1599759205940
1599759206952
1599759207961
1599759208973
1599759209985
1599759210991
1599759212004
1599759213020
1599759214033
1599759215049
1599759216064
1599759217076
1599759218092
1599759219104
1599759220112
1599759221125
1599759222140
1599759223148
1599759224160
1599759225174
1599759226191
1599759227204
1599759228222
1599759229233
1599759230249
1599759231260
1599759232277
1599759233284
1599759234300
1599759235317
1599759236333
1599759237362
1599759238376
1599759239389
1599759240404
1599759241420
1599759242432
1599759243443
1599759244455
1599759245467
1599759246476
1599759247489
1599759248502
1599759249511
1599759250521
1599759251531
1599759252542
1599759253557
1599759254566
1599759255586
1599759256597
1599759257617
1599759258628
1599759259644
1599759260661
1599759261675
1599759262685
1599759263696
1599759264710
1599759265725
1599759266740
1599759267757
1599759268768
1599759269784
1599759270806
1599759271816
1599759272832
1599759273840
1599759274853
1599759275869
1599759276880
1599759277888
1599759278900
1599759279910
1599759280918
1599759281932
1599759282939
1599759283950
1599759284963
1599759285980
1599759286996
1599759288024
1599759289041
1599759290053
1599759291062
1599759292076
1599759293088
1599759294097
1599759295106
1599759296121
1599759297131
1599759298142
1599759299152
1599759300169
1599759301177
1599759302193
1599759303208
1599759304234
1599759305250
1599759306262
1599759307269
1599759308280
1599759309296
1599759310308
1599759311313
1599759312325
1599759313336
1599759314355
1599759315364
1599759316377
1599759317388
1599759318395
1599759319404
1599759320411
1599759321421
1599759322439
1599759323452
1599759324464
1599759325480
1599759326488
1599759327500
1599759328516
1599759329529
1599759330540
1599759331556
1599759332567
1599759333580
1599759334592
1599759335603
1599759336616
1599759337630
1599759338639
1599759339647
1599759340660
1599759341681
1599759342699
1599759343716
1599759344730
1599759345737
1599759346749
1599759347758
1599759348776
1599759349792
1599759350802
1599759351813
1599759352823
1599759353836
1599759354850
1599759355874
1599759356890
1599759357900
1599759358924
1599759359937
1599759360949
1599759361963
1599759362991
1599759364002
1599759365012
1599759366025
1599759367038
1599759368049
1599759369062
1599759370074
1599759371089
1599759372107
1599759373120
1599759374137
1599759375149
1599759376157
1599759377165
1599759378183
1599759379197
1599759380211
1599759381222
1599759382232
1599759383245
1599759384257
1599759385267
1599759386277
1599759387286
1599759388293
1599759389300
1599759390325
1599759391330
1599759392344
1599759393353
1599759394363
1599759395380
1599759396393
1599759397411
1599759398425
1599759399458
1599759400469
1599759401485
1599759402499
1599759403512
1599759404528
1599759405540
1599759406556
1599759407564
1599759408573
1599759409582
1599759410589
1599759411598
1599759412607
1599759413617
1599759414628
1599759415640
1599759416653
1599759417665
1599759418674
1599759419680
1599759420692
1599759421704
1599759422724
1599759423736
1599759424748
1599759425761
1599759426773
1599759427785
1599759428798
1599759429809
1599759430820
1599759431836
1599759432848
1599759433866
1599759434880
1599759435887
1599759436900
1599759437915
1599759438929
1599759439944
1599759440960
1599759441975
1599759442989
1599759444002
1599759445023
1599759446036
1599759447051
1599759448056
1599759449069
1599759450081
1599759451094
1599759452102
1599759453114
1599759454128
1599759455137
1599759456148
1599759457161
1599759458169
1599759459176
1599759460188
1599759461198
1599759462211
1599759463225
1599759464240
1599759465252
1599759466265
1599759467278
1599759468293
1599759469305
1599759470318
1599759471328
1599759472344
1599759473360
1599759474378
1599759475391
1599759476398
1599759477414
1599759478428
1599759479441
1599759480453
1599759481465
1599759482480
1599759483496
1599759484508
1599759485526
1599759486540
1599759487556
1599759488572
1599759489589
1599759490603
1599759491617
1599759492632
1599759493639
1599759494653
1599759495663
1599759496678
1599759497687
1599759498700
1599759499722
1599759500729
1599759501745
1599759502759
1599759503772
1599759504787
1599759505798
1599759506809
1599759507821
1599759508834
1599759509845
1599759510856
1599759511872
1599759512880
1599759513889
1599759514897
1599759515916
1599759516928
1599759517941
1599759518954
1599759519971
1599759521000
1599759522007
1599759523020
1599759524032
1599759525040
1599759526052
1599759527066
1599759528074
1599759529085
1599759530100
1599759531113
1599759532124
1599759533136
1599759534152
1599759535164
1599759536176
1599759537192
1599759538203
1599759539217
1599759540226
1599759541241
1599759542253
1599759543261
1599759544273
1599759545283
1599759546289
1599759547307
1599759548321
1599759549339
1599759550353
1599759551364
1599759552374
1599759553388
1599759554401
1599759555412
1599759556428
1599759557443
1599759558461
1599759559474
1599759560485
1599759561501
1599759562512
1599759563520
1599759564532
1599759565540
1599759566553
1599759567568
1599759568580
1599759569587
1599759570596
1599759571609
1599759572621
1599759573632
1599759574640
1599759575653
1599759576661
1599759577674
1599759578679
1599759579688
1599759580701
1599759581713
1599759582725
1599759583737
1599759584750
1599759585760
1599759586769
1599759587778
1599759588785
1599759589797
1599759590809
1599759591821
1599759592833
1599759593841
1599759594853
1599759595865
1599759596877
1599759597887
1599759598895
1599759599907
1599759600916
1599759601925
1599759602936
1599759603945
1599759604954
1599759605968
1599759606981
1599759607991
1599759609001
1599759610014
1599759611025
1599759612038
1599759613049
1599759614061
1599759615072
1599759616086
1599759617094
1599759618104
1599759619118
1599759620131
1599759621144
1599759622159
1599759623169
1599759624181
1599759625192
1599759626204
1599759627217
1599759628228
1599759629237
1599759630252
1599759631264
1599759632276
1599759633289
1599759634315
1599759635332
1599759636343
1599759637352
1599759638362
1599759639378
1599759640392
1599759641414
1599759642430
1599759643444
1599759644458
1599759645474
1599759646487
1599759647503
1599759648514
1599759649532
1599759650549
1599759651556
1599759652568
1599759653576
1599759654588
1599759655605
1599759656616
1599759657633
1599759658647
1599759659660
1599759660672
1599759661689
1599759662711
1599759663721
1599759664727
1599759665736
1599759666745
1599759667754
1599759668763
1599759669772
1599759670794
1599759671811
1599759672826
1599759673841
1599759674849
1599759675862
1599759676878
1599759677888
1599759678900
1599759679917
1599759680931
1599759681940
1599759682948
1599759683960
1599759684972
1599759685984
1599759687000
1599759688017
1599759689031
1599759690043
1599759691057
1599759692074
1599759693085
1599759694099
1599759695108
1599759696122
1599759697141
1599759698156
1599759699172
1599759700187
1599759701194
1599759702204
1599759703221
1599759704233
1599759705241
1599759706250
1599759707261
1599759708272
1599759709280
1599759710293
1599759711298
1599759712319
1599759713329
1599759714341
1599759715350
1599759716369
1599759717381
1599759718397
1599759719408
1599759720421
1599759721430
1599759722440
1599759723452
1599759724462
1599759725474
1599759726485
1599759727497
1599759728508
1599759729519
1599759730534
1599759731558
1599759732569
1599759733574
1599759734584
1599759735601
1599759736620
1599759737633
1599759738641
1599759739653
1599759740667
1599759741677
1599759742685
1599759743698
1599759744708
1599759745721
1599759746731
1599759747745
1599759748760
1599759749769
1599759750779
1599759751787
1599759752796
1599759753806
1599759754814
1599759755826
1599759756836
1599759757849
1599759758859
1599759759878
1599759760885
1599759761893
1599759762903
1599759763913
1599759764921
1599759765932
1599759766948
1599759767964
1599759768979
1599759769998
1599759771011
1599759772020
1599759773026
1599759774038
1599759775045
1599759776056
1599759777065
1599759778080
1599759779093
1599759780103
1599759781119
1599759782135
1599759783150
1599759784165
1599759785184
1599759786200
1599759787206
1599759788213
1599759789224
1599759790241
1599759791265
1599759792279
1599759793295
1599759794306
1599759795321
1599759796335
1599759797350
1599759798364
1599759799374
1599759800391
1599759801420
1599759802432
1599759803445
1599759804461
1599759805474
1599759806488
1599759807504
1599759808527
1599759809536
1599759810545
1599759811553
1599759812564
1599759813573
1599759814583
1599759815593
1599759816604
1599759817620
1599759818632
1599759819648
1599759820660
1599759821675
1599759822689
1599759823704
1599759824712
1599759825720
1599759826729
1599759827741
1599759828753
1599759829764
1599759830776
1599759831783
1599759832796
1599759833808
1599759834821
1599759835835
1599759836844
1599759837864
1599759838883
1599759839893
1599759840902
1599759841910
1599759842924
1599759843941
1599759844951
1599759845961
1599759846967
1599759847982
1599759848997
1599759850010
1599759851025
1599759852034
1599759853048
1599759854068
1599759855081
1599759856095
1599759857109
1599759858123
1599759859137
1599759860149
1599759861157
1599759862162
1599759863171
1599759864183
1599759865194
1599759866209
1599759867219
1599759868233
1599759869241
1599759870249
1599759871260
1599759872272
1599759873290
1599759874299
1599759875312
1599759876327
1599759877337
1599759878346
1599759879357
1599759880366
1599759881373
1599759882388
1599759883398
1599759884413
1599759885425
1599759886432
1599759887441
1599759888449
1599759889464
1599759890477
1599759891496
1599759892505
1599759893514
1599759894524
1599759895529
1599759896542
1599759897552
1599759898561
1599759899568
1599759900581
1599759901597
1599759902609
1599759903624
1599759904636
1599759905650
1599759906656
1599759907677
1599759908685
1599759909696
1599759910712
1599759911724
1599759912736
1599759913748
1599759914764
1599759915773
1599759916783
1599759917789
1599759918801
1599759919815
1599759920829
1599759921845
1599759922864
1599759923877
1599759924885
1599759925901
1599759926917
1599759927932
1599759928949
1599759929965
1599759930981
1599759931993
1599759933005
1599759934016
1599759935026
1599759936039
1599759937049
1599759938060
1599759939073
1599759940088
1599759941097
1599759942108
1599759943120
1599759944133
1599759945148
1599759946159
1599759947169
1599759948182
1599759949193
1599759950205
1599759951216
1599759952229
1599759953244
1599759954256
1599759955269
1599759956280
1599759957287
1599759958296
1599759959314
1599759960328
1599759961341
1599759962355
1599759963367
1599759964384
1599759965396
1599759966413
1599759967423
1599759968432
1599759969450
1599759970469
1599759971484
1599759972496
1599759973513
1599759974529
1599759975542
1599759976561
1599759977571
1599759978577
1599759979588
1599759980596
1599759981615
1599759982625
1599759983633
1599759984657
1599759985664
1599759986687
1599759987701
1599759988715
1599759989726
1599759990736
1599759991756
1599759992770
1599759993800
1599759994808
1599759995824
1599759996840
1599759997853
1599759998862
1599759999878
1599760000889
1599760001898
1599760002908
1599760003921
1599760004930
1599760005939
1599760006951
1599760007965
1599760008979
1599760009993
1599760011004
1599760012013
1599760013023
1599760014029
1599760015041
1599760016053
1599760017065
1599760018090
1599760019104
1599760020120
1599760021128
1599760022147
1599760023156
1599760024166
1599760025187
1599760026207
1599760027226
1599760028245
1599760029260
1599760030273
1599760031289
1599760032306
1599760033321
1599760034329
1599760035337
1599760036353
1599760037366
1599760038377
1599760039385
1599760040393
1599760041405
1599760042417
1599760043432
1599760044444
1599760045470
1599760046480
1599760047491
1599760048505
1599760049519
1599760050525
1599760051537
1599760052557
1599760053570
1599760054597
1599760055617
1599760056626
1599760057634
1599760058646
1599760059654
1599760060668
1599760061678
1599760062686
1599760063697
1599760064712
1599760065721
1599760066737
1599760067743
1599760068752
1599760069764
1599760070777
1599760071787
1599760072796
1599760073808
1599760074816
1599760075826
1599760076837
1599760077849
1599760078858
1599760079865
1599760080877
1599760081890
1599760082904
1599760083920
1599760084928
1599760085942
1599760086952
1599760087969
1599760088976
1599760089989
1599760091002
1599760092014
1599760093025
1599760094040
1599760095050
1599760096060
1599760097066
1599760098073
1599760099084
1599760100102
1599760101113
1599760102123
1599760103129
1599760104140
1599760105155
1599760106172
1599760107188
1599760108208
1599760109224
1599760110240
1599760111260
1599760112276
1599760113288
1599760114304
1599760115321
1599760116336
1599760117349
1599760118360
1599760119374
1599760120388
1599760121400
1599760122444
1599760123452
1599760124464
1599760125475
1599760126487
1599760127504
1599760128518
1599760129523
1599760130542
1599760131560
1599760132582
1599760133592
1599760134602
1599760135623
1599760136637
1599760137655
1599760138667
1599760139683
1599760140690
1599760141713
1599760142724
1599760143732
1599760144750
1599760145772
1599760146785
1599760147798
1599760148812
1599760149828
1599760150849
1599760151860
1599760152872
1599760153894
1599760154914
1599760155935
1599760156948
1599760157962
1599760158972
1599760159989
1599760161004
1599760162016
1599760163034
1599760164049
1599760165066
1599760166079
1599760167093
1599760168100
1599760169113
1599760170122
1599760171132
1599760172148
1599760173169
1599760174186
1599760175199
1599760176211
1599760177228
1599760178241
1599760179252
1599760180270
1599760181280
1599760182295
1599760183305
1599760184321
1599760185336
1599760186352
1599760187372
1599760188381
1599760189395
1599760190404
1599760191427
1599760192439
1599760193452
1599760194458
1599760195471
1599760196481
1599760197493
1599760198505
1599760199516
1599760200533
1599760201545
1599760202558
1599760203573
1599760204589
1599760205600
1599760206618
1599760207632
1599760208640
1599760209652
1599760210670
1599760211678
1599760212688
1599760213707
1599760214718
1599760215732
1599760216750
1599760217762
1599760218773
1599760219785
1599760220794
1599760221803
1599760222811
1599760223826
1599760224836
1599760225853
1599760226864
1599760227889
1599760228901
1599760229916
1599760230929
1599760231938
1599760232948
1599760233958
1599760234969
1599760235982
1599760236996
1599760238012
1599760239020
1599760240029
1599760241047
1599760242061
1599760243074
1599760244081
1599760245093
1599760246100
1599760247116
1599760248132
1599760249145
1599760250156
1599760251167
1599760252176
1599760253184
1599760254196
1599760255209
1599760256218
1599760257224
1599760258232
1599760259240
1599760260249
1599760261265
1599760262280
1599760263288
1599760264304
1599760265312
1599760266325
1599760267338
1599760268349
1599760269365
1599760270375
1599760271388
1599760272393
1599760273405
1599760274420
1599760275432
1599760276443
1599760277452
1599760278469
1599760279481
1599760280492
1599760281500
1599760282512
1599760283520
1599760284527
1599760285544
1599760286556
1599760287566
1599760288578
1599760289588
1599760290597
1599760291608
1599760292621
1599760293630
1599760294641
1599760295649
1599760296657
1599760297666
1599760298677
1599760299686
1599760300700
1599760301710
1599760302720
1599760303733
1599760304759
1599760305774
1599760306794
1599760307810
1599760308819
1599760309828
1599760310837
1599760311852
1599760312865
1599760313877
1599760314889
1599760315902
1599760316917
1599760317929
1599760318936
1599760319949
1599760320961
1599760321974
1599760322989
1599760324000
1599760325010
1599760326029
1599760327045
1599760328060
1599760329072
1599760330084
1599760331094
1599760332104
1599760333117
1599760334130
1599760335145
1599760336161
1599760337176
1599760338188
1599760339205
1599760340221
1599760341233
1599760342244
1599760343260
1599760344272
1599760345288
1599760346305
1599760347316
1599760348329
1599760349345
1599760350361
1599760351373
1599760352389
1599760353401
1599760354417
1599760355428
1599760356438
1599760357452
1599760358465
1599760359475
1599760360482
1599760361492
1599760362501
1599760363510
1599760364523
1599760365536
1599760366543
1599760367553
1599760368561
1599760369571
1599760370581
1599760371591
1599760372600
1599760373613
1599760374625
1599760375635
1599760376644
1599760377654
1599760378668
1599760379677
1599760380687
1599760381705
1599760382714
1599760383722
1599760384730
1599760385738
1599760386755
1599760387765
1599760388774
1599760389783
1599760390796
1599760391805
1599760392814
1599760393822
1599760394832
1599760395846
1599760396857
1599760397870
1599760398881
1599760399896
1599760400906
1599760401940
1599760402958
1599760403969
1599760404988
1599760406001
1599760407010
1599760408021
1599760409034
1599760410047
1599760411059
1599760412065
1599760413073
1599760414081
1599760415090
1599760416098
1599760417109
1599760418119
1599760419133
1599760420139
1599760421154
1599760422166
1599760423176
1599760424196
1599760425210
1599760426222
1599760427234
1599760428243
1599760429254
1599760430269
1599760431291
1599760432311
1599760433326
1599760434339
1599760435352
1599760436365
1599760437374
1599760438385
1599760439396
1599760440409
1599760441420
1599760442432
1599760443448
1599760444461
1599760445481
1599760446490
1599760447500
1599760448513
1599760449532
1599760450538
1599760451548
1599760452559
1599760453565
1599760454576
1599760455588
1599760456597
1599760457609
1599760458618
1599760459629
1599760460645
1599760461657
1599760462669
1599760463678
1599760464686
1599760465698
1599760466707
1599760467729
1599760468740
1599760469749
1599760470761
1599760471777
1599760472790
1599760473810
1599760474825
1599760475842
1599760476850
1599760477862
1599760478870
1599760479880
1599760480885
1599760481896
1599760482911
1599760483922
1599760484941
1599760485957
1599760486973
1599760487980
1599760488993
1599760490002
1599760491013
1599760492024
1599760493034
1599760494045
1599760495054
1599760496065
1599760497073
1599760498085
1599760499093
1599760500103
1599760501111
1599760502124
1599760503136
1599760504146
1599760505158
1599760506176
1599760507189
1599760508202
1599760509212
1599760510223
1599760511233
1599760512248
1599760513258
1599760514266
1599760515281
1599760516290
1599760517301
1599760518313
1599760519320
1599760520333
1599760521353
1599760522366
1599760523379
1599760524388
1599760525398
1599760526408
1599760527424
1599760528433
1599760529440
1599760530452
1599760531466
1599760532476
1599760533486
1599760534500
1599760535510
1599760536518
1599760537529
1599760538543
1599760539549
1599760540557
1599760541571
1599760542584
1599760543594
1599760544604
1599760545616
1599760546625
1599760547634
1599760548646
1599760549665
1599760550676
1599760551685
1599760552697
1599760553704
1599760554716
1599760555721
1599760556736
1599760557748
1599760558760
1599760559770
1599760560780
1599760561792
1599760562803
1599760563811
1599760564820
1599760565835
1599760566848
1599760567865
1599760568877
1599760569891
1599760570903
1599760571919
1599760572926
1599760573941
1599760574950
1599760575967
1599760576985
1599760578000
1599760579018
1599760580026
1599760581034
1599760582041
1599760583048
1599760584068
1599760585076
1599760586082
1599760587099
1599760588129
1599760589145
1599760590154
1599760591166
1599760592179
1599760593188
1599760594198
1599760595209
1599760596230
1599760597241
1599760598256
1599760599272
1599760600291
1599760601303
1599760602310
1599760603319
1599760604328
1599760605340
1599760606352
1599760607363
1599760608374
1599760609389
1599760610399
1599760611410
1599760612421
1599760613429
1599760614445
1599760615457
1599760616469
1599760617482
1599760618493
1599760619502
1599760620513
1599760621527
1599760622538
1599760623549
1599760624562
1599760625572
1599760626599
1599760627610
1599760628620
1599760629633
1599760630642
1599760631655
1599760632664
1599760633685
1599760634698
1599760635708
1599760636720
1599760637732
1599760638740
1599760639750
1599760640758
1599760641769
1599760642776
1599760643790
1599760644805
1599760645817
1599760646828
1599760647841
1599760648852
1599760649864
1599760650876
1599760651882
1599760652891
1599760653906
1599760654914
1599760655920
1599760656930
1599760657941
1599760658952
1599760659964
1599760660976
1599760661985
1599760662994
1599760664000
1599760665008
1599760666025
1599760667040
1599760668061
1599760669072
1599760670084
1599760671097
1599760672108
1599760673123
1599760674136
1599760675146
1599760676157
1599760677166
1599760678173
1599760679185
1599760680196
1599760681213
1599760682231
1599760683244
1599760684250
1599760685262
1599760686273
1599760687289
1599760688298
1599760689311
1599760690328
1599760691334
1599760692345
1599760693360
1599760694372
1599760695383
1599760696398
1599760697414
1599760698424
1599760699440
1599760700451
1599760701461
1599760702467
1599760703478
1599760704490
1599760705512
1599760706525
1599760707540
1599760708556
1599760709563
1599760710576
1599760711586
1599760712600
1599760713616
1599760714629
1599760715640
1599760716651
1599760717663
1599760718677
1599760719686
1599760720697
1599760721712
1599760722725
1599760723737
1599760724744
1599760725760
1599760726778
1599760727798
1599760728809
1599760729818
1599760730833
1599760731848
1599760732860
1599760733876
1599760734892
1599760735902
1599760736912
1599760737924
1599760738936
1599760739948
1599760740964
1599760741976
1599760742995
1599760744009
1599760745025
1599760746040
1599760747054
1599760748068
1599760749084
1599760750100
1599760751115
1599760752125
1599760753135
1599760754148
1599760755165
1599760756182
1599760757197
1599760758208
1599760759224
1599760760231
1599760761246
1599760762256
1599760763273
1599760764284
1599760765296
1599760766304
1599760767316
1599760768332
1599760769344
1599760770360
1599760771376
1599760772392
1599760773400
1599760774419
1599760775436
1599760776448
1599760777460
1599760778473
1599760779482
1599760780498
1599760781505
1599760782516
1599760783531
1599760784546
1599760785557
1599760786575
1599760787591
1599760788612
1599760789631
1599760790644
1599760791658
1599760792668
1599760793676
1599760794688
1599760795700
1599760796710
1599760797720
1599760798730
1599760799739
1599760800747
1599760801758
1599760802771
1599760803780
1599760804803
1599760805821
1599760806830
1599760807843
1599760808850
1599760809860
1599760810870
1599760811884
1599760812900
1599760813917
1599760814936
1599760815948
1599760816957
1599760817972
1599760818986
1599760820001
1599760821017
1599760822029
1599760823045
1599760824057
1599760825073
1599760826085
1599760827096
1599760828106
1599760829122
1599760830136
1599760831148
1599760832161
1599760833171
1599760834177
1599760835188
1599760836201
1599760837215
1599760838224
1599760839231
1599760840243
1599760841258
1599760842278
1599760843292
1599760844305
1599760845317
1599760846333
1599760847343
1599760848356
1599760849369
1599760850384
1599760851396
1599760852409
1599760853423
1599760854437
1599760855453
1599760856465
1599760857477
1599760858487
1599760859500
1599760860515
1599760861524
1599760862534
1599760863544
1599760864560
1599760865573
1599760866588
1599760867600
1599760868612
1599760869624
1599760870640
1599760871652
1599760872660
1599760873670
1599760874675
1599760875682
1599760876691
1599760877704
1599760878717
1599760879728
1599760880740
1599760881753
1599760882764
1599760883776
1599760884782
1599760885797
1599760886809
1599760887825
1599760888836
1599760889845
1599760890861
1599760891872
1599760892886
1599760893914
1599760894928
1599760895945
1599760896956
1599760897977
1599760898992
1599760900009
1599760901019
1599760902040
1599760903056
1599760904071
1599760905086
1599760906102
1599760907119
1599760908133
1599760909146
1599760910155
1599760911169
1599760912181
1599760913192
1599760914220
1599760915232
1599760916240
1599760917253
1599760918259
1599760919273
1599760920284
1599760921290
1599760922305
1599760923319
1599760924326
1599760925338
1599760926351
1599760927360
1599760928380
1599760929393
1599760930415
1599760931432
1599760932448
1599760933464
1599760934480
1599760935492
1599760936506
1599760937527
1599760938535
1599760939544
1599760940561
1599760941576
1599760942588
1599760943605
1599760944617
1599760945629
1599760946644
1599760947656
1599760948672
1599760949686
1599760950697
1599760951713
1599760952728
1599760953739
1599760954752
1599760955769
1599760956787
1599760957800
1599760958816
1599760959832
1599760960847
1599760961855
1599760962864
1599760963884
1599760964899
1599760965910
1599760966926
1599760967941
1599760968956
1599760969968
1599760970979
1599760971990
1599760973005
1599760974020
1599760975032
1599760976044
1599760977060
1599760978072
1599760979084
1599760980098
1599760981118
1599760982132
1599760983145
1599760984162
1599760985178
1599760986195
1599760987212
1599760988229
1599760989245
1599760990260
1599760991277
1599760992291
1599760993305
1599760994320
1599760995336
1599760996352
1599760997365
1599760998375
1599760999387
1599761000398
1599761001408
1599761002422
1599761003441
1599761004452
1599761005465
1599761006480
1599761007500
1599761008516
1599761009529
1599761010544
1599761011561
1599761012576
1599761013582
1599761014594
1599761015600
1599761016616
1599761017637
1599761018651
1599761019664
1599761020681
1599761021695
1599761022716
1599761023722
1599761024730
1599761025741
1599761026755
1599761027768
1599761028777
1599761029792
1599761030803
1599761031813
1599761032828
1599761033845
1599761034853
1599761035868
1599761036884
1599761037900
1599761038916
1599761039931
1599761040944
1599761041962
1599761042976
1599761043989
1599761045001
1599761046020
1599761047034
1599761048045
1599761049056
1599761050069
1599761051080
1599761052089
1599761053105
1599761054115
1599761055129
1599761056138
1599761057151
1599761058162
1599761059176
1599761060191
1599761061203
1599761062218
1599761063233
1599761064244
1599761065260
1599761066273
1599761067282
1599761068292
1599761069305
1599761070315
1599761071324
1599761072341
1599761073352
1599761074359
1599761075375
1599761076389
1599761077400
1599761078410
1599761079420
1599761080430
1599761081441
1599761082452
1599761083468
1599761084477
1599761085485
1599761086496
1599761087518
1599761088527
1599761089537
1599761090545
1599761091557
1599761092569
1599761093579
1599761094589
1599761095598
1599761096607
1599761097618
1599761098626
1599761099638
1599761100648
1599761101662
1599761102669
1599761103684
1599761104696
1599761105705
1599761106714
1599761107726
1599761108740
1599761109749
1599761110757
1599761111768
1599761112778
1599761113786
1599761114795
1599761115804
1599761116815
1599761117824
1599761118837
1599761119848
1599761120864
1599761121876
1599761122890
1599761123904
1599761124916
1599761125928
1599761126944
1599761127960
1599761128971
1599761129985
1599761130997
1599761132019
1599761133028
1599761134036
1599761135048
1599761136059
1599761137073
1599761138084
1599761139094
1599761140106
1599761141116
1599761142127
1599761143138
1599761144149
1599761145160
1599761146173
1599761147185
1599761148197
1599761149208
1599761150220
1599761151232
1599761152238
1599761153246
1599761154257
1599761155268
1599761156280
1599761157289
1599761158311
1599761159320
1599761160331
1599761161340
1599761162347
1599761163360
1599761164368
1599761165384
1599761166401
1599761167418
1599761168428
1599761169440
1599761170448
1599761171455
1599761172468
1599761173476
1599761174501
1599761175517
1599761176532
1599761177550
1599761178567
1599761179588
1599761180609
1599761181616
1599761182627
1599761183639
1599761184657
1599761185668
1599761186680
1599761187694
1599761188709
1599761189715
1599761190724
1599761191729
1599761192740
1599761193748
1599761194757
1599761195769
1599761196781
1599761197788
1599761198795
1599761199808
1599761200815
1599761201824
1599761202834
1599761203841
1599761204852
1599761205862
1599761206876
1599761207884
1599761208896
1599761209907
1599761210914
1599761211925
1599761212934
1599761213945
1599761214956
1599761215971
1599761216985
1599761217996
1599761219005
1599761220032
1599761221043
1599761222057
1599761223069
1599761224082
1599761225090
1599761226107
1599761227121
1599761228136
1599761229143
1599761230156
1599761231171
1599761232180
1599761233193
1599761234217
1599761235232
1599761236246
1599761237255
1599761238266
1599761239280
1599761240292
1599761241300
1599761242312
1599761243323
1599761244337
1599761245348
1599761246366
1599761247380
1599761248393
1599761249401
1599761250411
1599761251420
1599761252432
1599761253445
1599761254457
1599761255468
1599761256481
1599761257495
1599761258502
1599761259516
1599761260532
1599761261549
1599761262558
1599761263573
1599761264586
1599761265597
1599761266611
1599761267636
1599761268641
1599761269652
1599761270661
1599761271668
1599761272684
1599761273692
1599761274708
1599761275721
1599761276729
1599761277747
1599761278763
1599761279774
1599761280785
1599761281801
1599761282810
1599761283822
1599761284832
1599761285846
1599761286864
1599761287874
1599761288881
1599761289893
1599761290908
1599761291917
1599761292931
1599761293952
1599761294968
1599761295974
1599761296985
1599761298000
1599761299016
1599761300034
1599761301051
1599761302061
1599761303079
1599761304098
1599761305112
1599761306124
1599761307137
1599761308156
1599761309166
1599761310176
1599761311189
1599761312210
1599761313225
1599761314241
1599761315257
1599761316269
1599761317286
1599761318299
1599761319313
1599761320325
1599761321332
1599761322341
1599761323353
1599761324364
1599761325377
1599761326389
1599761327402
1599761328409
1599761329418
1599761330426
1599761331437
1599761332443
1599761333455
1599761334464
1599761335476
1599761336489
1599761337501
1599761338513
1599761339525
1599761340538
1599761341553
1599761342560
1599761343572
1599761344590
1599761345600
1599761346612
1599761347624
1599761348637
1599761349649
1599761350661
1599761351671
1599761352678
1599761353687
1599761354701
1599761355714
1599761356727
1599761357741
1599761358753
1599761359763
1599761360772
1599761361785
1599761362800
1599761363816
1599761364832
1599761365846
1599761366861
1599761367875
1599761368881
1599761369892
1599761370899
1599761371906
1599761372920
1599761373933
1599761374945
1599761375960
1599761376978
1599761377991
1599761379004
1599761380023
1599761381033
1599761382048
1599761383062
1599761384077
1599761385092
1599761386104
1599761387118
1599761388129
1599761389150
1599761390165
1599761391184
1599761392199
1599761393211
1599761394225
1599761395240
1599761396252
1599761397261
1599761398278
1599761399288
1599761400304
1599761401317
1599761402333
1599761403342
1599761404359
1599761405373
1599761406386
1599761407397
1599761408412
1599761409428
1599761410445
1599761411458
1599761412470
1599761413481
1599761414492
1599761415508
1599761416520
1599761417531
1599761418546
1599761419562
1599761420570
1599761421578
1599761422586
1599761423596
1599761424608
1599761425622
1599761426633
1599761427645
1599761428650
1599761429660
1599761430674
1599761431689
1599761432699
1599761433708
1599761434722
1599761435730
1599761436745
1599761437756
1599761438768
1599761439789
1599761440802
1599761441813
1599761442828
1599761443841
1599761444849
1599761445861
1599761446873
1599761447889
1599761448904
1599761449914
1599761450921
1599761451927
1599761452936
1599761453944
1599761454957
1599761455966
1599761456980
1599761457991
1599761459001
1599761460017
1599761461033
1599761462048
1599761463060
1599761464076
1599761465093
1599761466104
1599761467117
1599761468132
1599761469148
1599761470163
1599761471176
1599761472192
1599761473209
1599761474223
1599761475230
1599761476245
1599761477259
1599761478269
1599761479280
1599761480292
1599761481307
1599761482319
1599761483328
1599761484340
1599761485348
1599761486356
1599761487368
1599761488384
1599761489396
1599761490407
1599761491417
1599761492424
1599761493436
1599761494444
1599761495460
1599761496469
1599761497477
1599761498485
1599761499497
1599761500509
1599761501520
1599761502536
1599761503546
1599761504571
1599761505589
1599761506597
1599761507612
1599761508625
1599761509635
1599761510641
1599761511648
1599761512656
1599761513664
1599761514674
1599761515685
1599761516698
1599761517708
1599761518719
1599761519729
1599761520740
1599761521755
1599761522772
1599761523785
1599761524797
1599761525807
1599761526821
1599761527834
1599761528844
1599761529852
1599761530864
1599761531882
1599761532889
1599761533901
1599761534914
1599761535927
1599761536937
1599761537948
1599761538956
1599761539969
1599761540984
1599761541998
1599761543007
1599761544016
1599761545027
1599761546042
1599761547054
1599761548068
1599761549087
1599761550098
1599761551114
1599761552132
1599761553155
1599761554168
1599761555185
1599761556199
1599761557208
1599761558228
1599761559240
1599761560249
1599761561265
1599761562281
1599761563293
1599761564308
1599761565320
1599761566332
1599761567341
1599761568352
1599761569357
1599761570375
1599761571384
1599761572394
1599761573404
1599761574429
1599761575437
1599761576448
1599761577459
1599761578464
1599761579473
1599761580484
1599761581493
1599761582508
1599761583522
1599761584532
1599761585549
1599761586565
1599761587582
1599761588593
1599761589613
1599761590627
1599761591636
1599761592648
1599761593659
1599761594669
1599761595678
1599761596686
1599761597697
1599761598708
1599761599721
1599761600729
1599761601738
1599761602749
1599761603757
1599761604769
1599761605782
1599761606792
1599761607805
1599761608816
1599761609829
1599761610841
1599761611857
1599761612865
1599761613879
1599761614888
1599761615901
1599761616914
1599761617928
1599761618941
1599761619957
1599761620967
1599761621985
1599761622994
1599761624007
1599761625016
1599761626028
1599761627045
1599761628061
1599761629070
1599761630084
1599761631094
1599761632104
1599761633119
1599761634130
1599761635145
1599761636158
1599761637167
1599761638180
1599761639194
1599761640209
1599761641225
1599761642236
1599761643250
1599761644265
1599761645281
1599761646292
1599761647304
1599761648322
1599761649335
1599761650346
1599761651360
1599761652368
1599761653375
1599761654389
1599761655398
1599761656407
1599761657416
1599761658426
1599761659434
1599761660445
1599761661457
1599761662467
1599761663476
1599761664489
1599761665501
1599761666516
1599761667534
1599761668545
1599761669558
1599761670568
1599761671584
1599761672597
1599761673613
1599761674627
1599761675636
1599761676648
1599761677661
1599761678671
1599761679681
1599761680690
1599761681705
1599761682721
1599761683733
1599761684741
1599761685750
1599761686761
1599761687772
1599761688786
1599761689797
1599761690806
1599761691817
1599761692830
1599761693838
1599761694849
1599761695858
1599761696873
1599761697885
1599761698898
1599761699909
1599761700924
1599761701937
1599761702953
1599761703964
1599761704976
1599761705985
1599761706998
1599761708012
1599761709027
1599761710041
1599761711058
1599761712065
1599761713079
1599761714101
1599761715119
1599761716134
1599761717148
1599761718161
1599761719176
1599761720191
1599761721200
1599761722212
1599761723224
1599761724232
1599761725244
1599761726260
1599761727276
1599761728287
1599761729305
1599761730320
1599761731329
1599761732340
1599761733357
1599761734373
1599761735389
1599761736404
1599761737412
1599761738424
1599761739438
1599761740451
1599761741458
1599761742469
1599761743481
1599761744490
1599761745499
1599761746511
1599761747523
1599761748534
1599761749544
1599761750567
1599761751582
1599761752599
1599761753612
1599761754624
1599761755644
1599761756660
1599761757679
1599761758688
1599761759703
1599761760712
1599761761728
1599761762742
1599761763761
1599761764773
1599761765788
1599761766804
1599761767824
1599761768836
1599761769851
1599761770864
1599761771876
1599761772888
1599761773905
1599761774919
1599761775927
1599761776945
1599761777960
1599761778972
1599761779988
1599761781011
1599761782028
1599761783044
1599761784057
1599761785072
1599761786094
1599761787106
1599761788120
1599761789127
1599761790140
