1599754594607
1599754595616
1599754596635
1599754597644
1599754598660
1599754599673
1599754600680
1599754601690
1599754602705
1599754603717
1599754604730
1599754605747
1599754606765
1599754607774
1599754608790
1599754609800
1599754610818
1599754611823
1599754612841
1599754613849
1599754614865
1599754615881
1599754616902
1599754617917
1599754618934
1599754619948
1599754620960
1599754621978
1599754622994
1599754624006
1599754625025
1599754626039
1599754627048
1599754628061
1599754629076
1599754630087
1599754631106
1599754632117
1599754633128
1599754634141
1599754635153
1599754636166
1599754637183
1599754638201
1599754639216
1599754640229
1599754641242
1599754642254
1599754643266
1599754644280
1599754645296
1599754646312
1599754647328
1599754648344
1599754649359
1599754650372
1599754651384
1599754652399
1599754653412
1599754654428
1599754655441
1599754656450
1599754657464
1599754658480
1599754659494
1599754660504
1599754661516
1599754662528
1599754663540
1599754664557
1599754665572
1599754666589
1599754667604
1599754668616
1599754669633
1599754670650
1599754671666
1599754672674
1599754673684
1599754674700
1599754675706
1599754676725
1599754677745
1599754678759
1599754679779
1599754680791
1599754681798
1599754682813
1599754683830
1599754684840
1599754685860
1599754686872
1599754687889
1599754688917
1599754689933
1599754690943
1599754691952
1599754692967
1599754693980
1599754694989
1599754696000
1599754697015
1599754698026
1599754699070
1599754700080
1599754701096
1599754702108
1599754703124
1599754704150
1599754705166
1599754706179
1599754707192
1599754708211
1599754709223
1599754710234
1599754711244
1599754712260
1599754713277
1599754714290
1599754715300
1599754716314
1599754717323
1599754718338
1599754719349
1599754720369
1599754721380
1599754722392
1599754723409
1599754724427
1599754725437
1599754726448
1599754727460
1599754728481
1599754729493
1599754730511
1599754731525
1599754732538
1599754733553
1599754734567
1599754735576
1599754736587
1599754737603
1599754738615
1599754739628
1599754740645
1599754741663
1599754742680
1599754743691
1599754744705
1599754745717
1599754746730
1599754747737
1599754748748
1599754749768
1599754750779
1599754751792
1599754752805
1599754753820
1599754754835
1599754755850
1599754756860
1599754757869
1599754758885
1599754759897
1599754760912
1599754761928
1599754762944
1599754763958
1599754764968
1599754765983
1599754766995
1599754768008
1599754769021
1599754770036
1599754771049
1599754772064
1599754773076
1599754774093
1599754775105
1599754776120
1599754777132
1599754778148
1599754779164
1599754780180
1599754781194
1599754782202
1599754783210
1599754784224
1599754785229
1599754786249
1599754787271
1599754788286
1599754789301
1599754790319
1599754791328
1599754792344
1599754793358
1599754794373
1599754795388
1599754796403
1599754797419
1599754798434
1599754799448
1599754800464
1599754801480
1599754802492
1599754803503
1599754804514
1599754805534
1599754806546
1599754807558
1599754808568
1599754809578
1599754810592
1599754811605
1599754812616
1599754813633
1599754814648
1599754815661
1599754816676
1599754817682
1599754818692
1599754819708
1599754820724
1599754821734
1599754822747
1599754823759
1599754824769
1599754825781
1599754826797
1599754827813
1599754828822
1599754829834
1599754830847
1599754831874
1599754832889
1599754833905
1599754834928
1599754835936
1599754836946
1599754837962
1599754838975
1599754839982
1599754840998
1599754842013
1599754843029
1599754844045
1599754845060
1599754846073
1599754847084
1599754848099
1599754849111
1599754850128
1599754851140
1599754852148
1599754853161
1599754854173
1599754855183
1599754856201
1599754857211
1599754858226
1599754859241
1599754860254
1599754861268
1599754862280
1599754863295
1599754864307
1599754865325
1599754866334
1599754867347
1599754868359
1599754869372
1599754870384
1599754871400
1599754872414
1599754873427
1599754874438
1599754875449
1599754876463
1599754877476
1599754878487
1599754879501
1599754880516
1599754881532
1599754882547
1599754883560
1599754884572
1599754885584
1599754886596
1599754887608
1599754888621
1599754889636
1599754890648
1599754891658
1599754892675
1599754893683
1599754894690
1599754895703
1599754896727
1599754897739
1599754898753
1599754899766
1599754900776
1599754901793
1599754902808
1599754903820
1599754904832
1599754905849
1599754906864
1599754907876
1599754908890
1599754909907
1599754910920
1599754911931
1599754912942
1599754913957
1599754914970
1599754915984
1599754916996
1599754918012
1599754919024
1599754920036
1599754921052
1599754922076
1599754923085
1599754924096
1599754925110
1599754926123
1599754927140
1599754928161
1599754929172
1599754930187
1599754931198
1599754932208
1599754933225
1599754934237
1599754935248
1599754936263
1599754937276
1599754938286
1599754939300
1599754940312
1599754941328
1599754942340
1599754943350
1599754944365
1599754945381
1599754946397
1599754947408
1599754948416
1599754949433
1599754950446
1599754951457
1599754952472
1599754953487
1599754954501
1599754955516
1599754956528
1599754957534
1599754958548
1599754959564
1599754960580
1599754961596
1599754962612
1599754963625
1599754964637
1599754965649
1599754966660
1599754967673
1599754968684
1599754969701
1599754970716
1599754971728
1599754972741
1599754973752
1599754974761
1599754975771
1599754976791
1599754977801
1599754978809
1599754979826
1599754980837
1599754981854
1599754982869
1599754983880
1599754984886
1599754985893
1599754986901
1599754987916
1599754988930
1599754989939
1599754990952
1599754991965
1599754992974
1599754993986
1599754994997
1599754996009
1599754997022
1599754998033
1599754999044
1599755000065
1599755001080
1599755002093
1599755003102
1599755004113
1599755005125
1599755006134
1599755007141
1599755008152
1599755009167
1599755010173
1599755011185
1599755012196
1599755013218
1599755014229
1599755015244
1599755016249
1599755017257
1599755018269
1599755019279
1599755020288
1599755021298
1599755022315
1599755023324
1599755024329
1599755025341
1599755026350
1599755027365
1599755028385
1599755029393
1599755030409
1599755031421
1599755032432
1599755033445
1599755034454
1599755035465
1599755036474
1599755037484
1599755038504
1599755039520
1599755040543
1599755041552
1599755042559
1599755043569
1599755044587
1599755045600
1599755046608
1599755047619
1599755048633
1599755049644
1599755050657
1599755051664
1599755052682
1599755053694
1599755054705
1599755055714
1599755056725
1599755057735
1599755058748
1599755059760
1599755060766
1599755061773
1599755062790
1599755063798
1599755064806
1599755065816
1599755066824
1599755067836
1599755068849
1599755069861
1599755070872
1599755071879
1599755072885
1599755073896
1599755074908
1599755075921
1599755076933
1599755077945
1599755078962
1599755079973
1599755080991
1599755082003
1599755083013
1599755084030
1599755085040
1599755086051
1599755087062
1599755088072
1599755089090
1599755090104
1599755091117
1599755092130
1599755093143
1599755094152
1599755095163
1599755096173
1599755097187
1599755098201
1599755099216
1599755100226
1599755101241
1599755102256
1599755103267
1599755104280
1599755105292
1599755106308
1599755107324
1599755108335
1599755109353
1599755110374
1599755111384
1599755112397
1599755113407
1599755114417
1599755115430
1599755116444
1599755117454
1599755118462
1599755119474
1599755120495
1599755121502
1599755122514
1599755123529
1599755124542
1599755125558
1599755126573
1599755127588
1599755128612
1599755129632
1599755130645
1599755131660
1599755132671
1599755133684
1599755134696
1599755135712
1599755136719
1599755137729
1599755138736
1599755139747
1599755140756
1599755141767
1599755142787
1599755143802
1599755144814
1599755145825
1599755146846
1599755147856
1599755148865
1599755149884
1599755150904
1599755151922
1599755152933
1599755153949
1599755154965
1599755155976
1599755156988
1599755158001
1599755159010
1599755160021
1599755161032
1599755162045
1599755163061
1599755164068
1599755165079
1599755166088
1599755167100
1599755168112
1599755169120
1599755170137
1599755171148
1599755172160
1599755173168
1599755174181
1599755175192
1599755176208
1599755177221
1599755178234
1599755179251
1599755180273
1599755181292
1599755182308
1599755183334
1599755184343
1599755185355
1599755186365
1599755187377
1599755188389
1599755189396
1599755190402
1599755191413
1599755192428
1599755193437
1599755194453
1599755195468
1599755196477
1599755197488
1599755198502
1599755199521
1599755200532
1599755201544
1599755202553
1599755203573
1599755204590
1599755205605
1599755206620
1599755207639
1599755208648
1599755209660
1599755210671
1599755211681
1599755212697
1599755213713
1599755214724
1599755215732
1599755216740
1599755217750
1599755218758
1599755219765
1599755220775
1599755221789
1599755222795
1599755223803
1599755224822
1599755225836
1599755226855
1599755227874
1599755228892
1599755229907
1599755230920
1599755231929
1599755232942
1599755233956
1599755234968
1599755235980
1599755236994
1599755238009
1599755239021
1599755240029
1599755241046
1599755242057
1599755243068
1599755244080
1599755245088
1599755246104
1599755247114
1599755248129
1599755249138
1599755250147
1599755251156
1599755252168
1599755253176
1599755254189
1599755255205
1599755256213
1599755257233
1599755258248
1599755259264
1599755260275
1599755261288
1599755262299
1599755263309
1599755264321
1599755265337
1599755266352
1599755267368
1599755268380
1599755269385
1599755270403
1599755271429
1599755272445
1599755273461
1599755274479
1599755275488
1599755276505
1599755277519
1599755278530
1599755279543
1599755280560
1599755281576
1599755282584
1599755283603
1599755284621
1599755285633
1599755286644
1599755287664
1599755288677
1599755289697
1599755290709
1599755291721
1599755292733
1599755293749
1599755294762
1599755295774
1599755296795
1599755297802
1599755298810
1599755299821
1599755300834
1599755301845
1599755302859
1599755303868
1599755304889
1599755305900
1599755306912
1599755307932
1599755308941
1599755309953
1599755310978
1599755311995
1599755313008
1599755314024
1599755315036
1599755316041
1599755317053
1599755318064
1599755319076
1599755320085
1599755321094
1599755322109
1599755323124
1599755324132
1599755325143
1599755326153
1599755327168
1599755328183
1599755329192
1599755330204
1599755331214
1599755332225
1599755333237
1599755334249
1599755335258
1599755336268
1599755337279
1599755338289
1599755339301
1599755340310
1599755341320
1599755342333
1599755343348
1599755344369
1599755345387
1599755346398
1599755347411
1599755348430
1599755349450
1599755350460
1599755351483
1599755352497
1599755353517
1599755354525
1599755355537
1599755356551
1599755357561
1599755358580
1599755359590
1599755360597
1599755361614
1599755362623
1599755363632
1599755364651
1599755365660
1599755366671
1599755367684
1599755368697
1599755369711
1599755370722
1599755371735
1599755372746
1599755373753
1599755374773
1599755375786
1599755376797
1599755377814
1599755378821
1599755379832
1599755380844
1599755381860
1599755382869
1599755383877
1599755384884
1599755385900
1599755386908
1599755387920
1599755388932
1599755389941
1599755390952
1599755391969
1599755392984
1599755393994
1599755395004
1599755396020
1599755397030
1599755398043
1599755399059
1599755400068
1599755401083
1599755402096
1599755403123
1599755404136
1599755405153
1599755406163
1599755407173
1599755408188
1599755409198
1599755410205
1599755411217
1599755412229
1599755413238
1599755414248
1599755415256
1599755416264
1599755417272
1599755418287
1599755419309
1599755420325
1599755421335
1599755422345
1599755423369
1599755424387
1599755425397
1599755426410
1599755427420
1599755428437
1599755429449
1599755430461
1599755431472
1599755432488
1599755433504
1599755434510
1599755435521
1599755436530
1599755437541
1599755438550
1599755439561
1599755440573
1599755441585
1599755442601
1599755443617
1599755444632
1599755445645
1599755446656
1599755447662
1599755448676
1599755449685
1599755450702
1599755451711
1599755452716
1599755453735
1599755454744
1599755455758
1599755456766
1599755457776
1599755458784
1599755459797
1599755460812
1599755461820
1599755462833
1599755463848
1599755464866
1599755465876
1599755466884
1599755467895
1599755468905
1599755469922
1599755470934
1599755471944
1599755472949
1599755473968
1599755474984
1599755476000
1599755477012
1599755478022
1599755479055
1599755480065
1599755481076
1599755482086
1599755483097
1599755484106
1599755485115
1599755486124
1599755487136
1599755488149
1599755489158
1599755490172
1599755491185
1599755492197
1599755493212
1599755494224
1599755495234
1599755496243
1599755497253
1599755498259
1599755499268
1599755500276
1599755501288
1599755502304
1599755503317
1599755504332
1599755505357
1599755506372
1599755507381
1599755508388
1599755509397
1599755510408
1599755511416
1599755512434
1599755513447
1599755514460
1599755515473
1599755516485
1599755517505
1599755518518
1599755519529
1599755520541
1599755521553
1599755522565
1599755523583
1599755524599
1599755525608
1599755526620
1599755527644
1599755528656
1599755529666
1599755530680
1599755531698
1599755532710
1599755533725
1599755534739
1599755535750
1599755536761
1599755537771
1599755538786
1599755539800
1599755540808
1599755541821
1599755542833
1599755543853
1599755544864
1599755545884
1599755546897
1599755547913
1599755548925
1599755549940
1599755550950
1599755551962
1599755552974
1599755553984
1599755554996
1599755556005
1599755557020
1599755558038
1599755559054
1599755560064
1599755561069
1599755562089
1599755563105
1599755564114
1599755565125
1599755566141
1599755567156
1599755568167
1599755569176
1599755570192
1599755571210
1599755572221
1599755573237
1599755574248
1599755575271
1599755576281
1599755577291
1599755578304
1599755579316
1599755580325
1599755581336
1599755582349
1599755583365
1599755584378
1599755585388
1599755586400
1599755587409
1599755588421
1599755589429
1599755590442
1599755591457
1599755592468
1599755593476
1599755594491
1599755595500
1599755596512
1599755597530
1599755598537
1599755599558
1599755600572
1599755601577
1599755602592
1599755603609
1599755604621
1599755605629
1599755606640
1599755607652
1599755608658
1599755609667
1599755610676
1599755611689
1599755612705
1599755613716
1599755614724
1599755615737
1599755616752
1599755617768
1599755618773
1599755619784
1599755620796
1599755621808
1599755622817
1599755623824
1599755624829
1599755625840
1599755626853
1599755627864
1599755628876
1599755629893
1599755630904
1599755631912
1599755632921
1599755633929
1599755634938
1599755635946
1599755636957
1599755637968
1599755638977
1599755639989
1599755641001
1599755642012
1599755643020
1599755644028
1599755645036
1599755646045
1599755647052
1599755648062
1599755649073
1599755650086
1599755651101
1599755652108
1599755653124
1599755654133
1599755655146
1599755656159
1599755657175
1599755658190
1599755659198
1599755660204
1599755661216
1599755662227
1599755663244
1599755664257
1599755665274
1599755666288
1599755667294
1599755668304
1599755669313
1599755670324
1599755671336
1599755672348
1599755673361
1599755674371
1599755675382
1599755676392
1599755677401
1599755678409
1599755679428
1599755680440
1599755681451
1599755682461
1599755683468
1599755684479
1599755685489
1599755686501
1599755687512
1599755688525
1599755689535
1599755690541
1599755691551
1599755692563
1599755693573
1599755694585
1599755695605
1599755696616
1599755697628
1599755698637
1599755699648
1599755700661
1599755701675
1599755702684
1599755703692
1599755704699
1599755705715
1599755706726
1599755707738
1599755708750
1599755709760
1599755710772
1599755711787
1599755712794
1599755713805
1599755714817
1599755715829
1599755716845
1599755717859
1599755718873
1599755719885
1599755720897
1599755721910
1599755722917
1599755723932
1599755724945
1599755725956
1599755726966
1599755727986
1599755729000
1599755730018
1599755731032
1599755732045
1599755733058
1599755734067
1599755735080
1599755736096
1599755737111
1599755738121
1599755739136
1599755740148
1599755741162
1599755742172
1599755743180
1599755744189
1599755745201
1599755746215
1599755747227
1599755748236
1599755749253
1599755750268
1599755751281
1599755752296
1599755753309
1599755754323
1599755755332
1599755756340
1599755757352
1599755758357
1599755759368
1599755760375
1599755761385
1599755762395
1599755763411
1599755764422
1599755765443
1599755766453
1599755767463
1599755768476
1599755769490
1599755770502
1599755771513
1599755772526
1599755773537
1599755774546
1599755775561
1599755776576
1599755777587
1599755778598
1599755779612
1599755780621
1599755781626
1599755782637
1599755783646
1599755784666
1599755785675
1599755786689
1599755787700
1599755788711
1599755789722
1599755790735
1599755791747
1599755792757
1599755793772
1599755794791
1599755795802
1599755796811
1599755797820
1599755798835
1599755799863
1599755800878
1599755801889
1599755802895
1599755803909
1599755804919
1599755805931
1599755806938
1599755807948
1599755808956
1599755809964
1599755810974
1599755811984
1599755812994
1599755814003
1599755815036
1599755816053
1599755817061
1599755818077
1599755819093
1599755820101
1599755821111
1599755822125
1599755823137
1599755824145
1599755825155
1599755826168
1599755827180
1599755828197
1599755829206
1599755830220
1599755831233
1599755832248
1599755833258
1599755834272
1599755835292
1599755836305
1599755837318
1599755838338
1599755839349
1599755840359
1599755841372
1599755842388
1599755843398
1599755844413
1599755845427
1599755846436
1599755847444
1599755848452
1599755849462
1599755850470
1599755851486
1599755852500
1599755853506
1599755854520
1599755855534
1599755856549
1599755857559
1599755858570
1599755859577
1599755860589
1599755861604
1599755862616
1599755863625
1599755864635
1599755865646
1599755866656
1599755867664
1599755868675
1599755869684
1599755870696
1599755871708
1599755872721
1599755873730
1599755874738
1599755875748
1599755876759
1599755877771
1599755878778
1599755879796
1599755880808
1599755881823
1599755882834
1599755883847
1599755884857
1599755885870
1599755886877
1599755887886
1599755888904
1599755889920
1599755890932
1599755891938
1599755892947
1599755893953
1599755894961
1599755895974
1599755896987
1599755897995
1599755899004
1599755900016
1599755901022
1599755902035
1599755903056
1599755904068
1599755905079
1599755906088
1599755907095
1599755908105
1599755909120
1599755910134
1599755911145
1599755912155
1599755913175
1599755914188
1599755915201
1599755916221
1599755917233
1599755918249
1599755919257
1599755920268
1599755921277
1599755922285
1599755923297
1599755924308
1599755925315
1599755926322
1599755927336
1599755928352
1599755929366
1599755930376
1599755931389
1599755932400
1599755933417
1599755934431
1599755935442
1599755936453
1599755937465
1599755938473
1599755939483
1599755940495
1599755941504
1599755942516
1599755943525
1599755944533
1599755945548
1599755946564
1599755947575
1599755948586
1599755949596
1599755950613
1599755951621
1599755952629
1599755953641
1599755954655
1599755955665
1599755956674
1599755957687
1599755958697
1599755959712
1599755960724
1599755961736
1599755962750
1599755963756
1599755964770
1599755965782
1599755966794
1599755967813
1599755968824
1599755969834
1599755970846
1599755971859
1599755972881
1599755973891
1599755974901
1599755975911
1599755976922
1599755977938
1599755978949
1599755979958
1599755980971
1599755981978
1599755982996
1599755984008
1599755985020
1599755986031
1599755987049
1599755988062
1599755989073
1599755990088
1599755991103
1599755992123
1599755993135
1599755994144
1599755995156
1599755996168
1599755997181
1599755998193
1599755999212
1599756000225
1599756001244
1599756002256
1599756003267
1599756004282
1599756005298
1599756006312
1599756007323
1599756008330
1599756009337
1599756010347
1599756011370
1599756012393
1599756013405
1599756014418
1599756015428
1599756016439
1599756017447
1599756018457
1599756019469
1599756020488
1599756021500
1599756022513
1599756023522
1599756024530
1599756025538
1599756026549
1599756027560
1599756028577
1599756029588
1599756030605
1599756031616
1599756032625
1599756033638
1599756034652
1599756035661
1599756036667
1599756037679
1599756038689
1599756039703
1599756040712
1599756041723
1599756042732
1599756043745
1599756044753
1599756045764
1599756046773
1599756047788
1599756048801
1599756049816
1599756050832
1599756051844
1599756052856
1599756053866
1599756054874
1599756055888
1599756056901
1599756057918
1599756058926
1599756059946
1599756060953
1599756061964
1599756062979
1599756063989
1599756064999
1599756066008
1599756067021
1599756068032
1599756069041
1599756070050
1599756071058
1599756072066
1599756073083
1599756074091
1599756075106
1599756076126
1599756077138
1599756078152
1599756079167
1599756080176
1599756081196
1599756082213
1599756083225
1599756084231
1599756085248
1599756086257
1599756087270
1599756088283
1599756089293
1599756090304
1599756091317
1599756092330
1599756093341
1599756094353
1599756095375
1599756096387
1599756097404
1599756098416
1599756099432
1599756100439
1599756101450
1599756102460
1599756103467
1599756104482
1599756105490
1599756106500
1599756107506
1599756108517
1599756109525
1599756110554
1599756111565
1599756112576
1599756113590
1599756114605
1599756115624
1599756116641
1599756117656
1599756118670
1599756119679
1599756120688
1599756121697
1599756122706
1599756123716
1599756124733
1599756125753
1599756126766
1599756127777
1599756128794
1599756129810
1599756130818
1599756131831
1599756132840
1599756133861
1599756134872
1599756135880
1599756136889
1599756137900
1599756138908
1599756139923
1599756140933
1599756141949
1599756142967
1599756143980
1599756144992
1599756146002
1599756147015
1599756148024
1599756149033
1599756150043
1599756151053
1599756152065
1599756153073
1599756154084
1599756155101
1599756156108
1599756157122
1599756158129
1599756159144
1599756160159
1599756161168
1599756162177
1599756163191
1599756164205
1599756165222
1599756166229
1599756167237
1599756168254
1599756169267
1599756170281
1599756171297
1599756172308
1599756173321
1599756174333
1599756175348
1599756176364
1599756177377
1599756178389
1599756179401
1599756180424
1599756181437
1599756182449
1599756183465
1599756184481
1599756185493
1599756186513
1599756187528
1599756188546
1599756189557
1599756190568
1599756191576
1599756192584
1599756193600
1599756194610
1599756195617
1599756196626
1599756197639
1599756198649
1599756199660
1599756200675
1599756201687
1599756202695
1599756203705
1599756204721
1599756205732
1599756206744
1599756207754
1599756208779
1599756209794
1599756210807
1599756211822
1599756212830
1599756213842
1599756214852
1599756215863
1599756216874
1599756217888
1599756218909
1599756219920
1599756220941
1599756221956
1599756222973
1599756223983
1599756225002
1599756226016
1599756227033
1599756228049
1599756229064
1599756230080
1599756231097
1599756232113
1599756233125
1599756234141
1599756235160
1599756236175
1599756237192
1599756238209
1599756239225
1599756240238
1599756241254
1599756242274
1599756243285
1599756244301
1599756245314
1599756246324
1599756247334
1599756248348
1599756249360
1599756250369
1599756251378
1599756252389
1599756253401
1599756254428
1599756255444
1599756256452
1599756257473
1599756258492
1599756259508
1599756260526
1599756261537
1599756262553
1599756263564
1599756264583
1599756265596
1599756266611
1599756267621
1599756268634
1599756269649
1599756270666
1599756271679
1599756272700
1599756273715
1599756274728
1599756275739
1599756276758
1599756277772
1599756278785
1599756279797
1599756280813
1599756281825
1599756282834
1599756283841
1599756284853
1599756285865
1599756286881
1599756287892
1599756288908
1599756289917
1599756290928
1599756291936
1599756292946
1599756293959
1599756294973
1599756295984
1599756296994
1599756298013
1599756299023
1599756300047
1599756301057
1599756302072
1599756303084
1599756304097
1599756305110
1599756306133
1599756307150
1599756308162
1599756309176
1599756310194
1599756311210
1599756312220
1599756313232
1599756314247
1599756315263
1599756316274
1599756317288
1599756318303
1599756319329
1599756320345
1599756321352
1599756322365
1599756323376
1599756324381
1599756325393
1599756326403
1599756327421
1599756328434
1599756329441
1599756330451
1599756331457
1599756332465
1599756333470
1599756334479
1599756335490
1599756336506
1599756337526
1599756338534
1599756339545
1599756340561
1599756341577
1599756342590
1599756343603
1599756344619
1599756345633
1599756346653
1599756347669
1599756348680
1599756349692
1599756350709
1599756351721
1599756352734
1599756353744
1599756354756
1599756355772
1599756356794
1599756357804
1599756358816
1599756359826
1599756360840
1599756361865
1599756362877
1599756363893
1599756364909
1599756365925
1599756366940
1599756367951
1599756368968
1599756369984
1599756371004
1599756372023
1599756373041
1599756374054
1599756375064
1599756376072
1599756377082
1599756378096
1599756379106
1599756380114
1599756381130
1599756382149
1599756383164
1599756384178
1599756385192
1599756386214
1599756387225
1599756388237
1599756389254
1599756390269
1599756391293
1599756392306
1599756393316
1599756394334
1599756395344
1599756396357
1599756397370
1599756398380
1599756399397
1599756400413
1599756401431
1599756402441
1599756403451
1599756404461
1599756405476
1599756406489
1599756407503
1599756408521
1599756409537
1599756410552
1599756411565
1599756412579
1599756413588
1599756414598
1599756415612
1599756416621
1599756417633
1599756418647
1599756419660
1599756420676
1599756421693
1599756422709
1599756423720
1599756424736
1599756425745
1599756426756
1599756427769
1599756428791
1599756429804
1599756430810
1599756431820
1599756432835
1599756433845
1599756434852
1599756435869
1599756436880
1599756437889
1599756438904
1599756439920
1599756440936
1599756441953
1599756442965
1599756443980
1599756444997
1599756446006
1599756447017
1599756448027
1599756449042
1599756450056
1599756451072
1599756452089
1599756453098
1599756454109
1599756455122
1599756456131
1599756457148
1599756458160
1599756459177
1599756460191
1599756461208
1599756462225
1599756463241
1599756464260
1599756465270
1599756466283
1599756467297
1599756468315
1599756469334
1599756470345
1599756471360
1599756472368
1599756473383
1599756474396
1599756475411
1599756476427
1599756477440
1599756478449
1599756479465
1599756480479
1599756481498
1599756482528
1599756483548
1599756484564
1599756485588
1599756486608
1599756487621
1599756488631
1599756489644
1599756490666
1599756491682
1599756492695
1599756493715
1599756494729
1599756495739
1599756496752
1599756497765
1599756498775
1599756499785
1599756500796
1599756501809
1599756502824
1599756503829
1599756504848
1599756505856
1599756506868
1599756507884
1599756508898
1599756509905
1599756510913
1599756511924
1599756512937
1599756513948
1599756514961
1599756515972
1599756516984
1599756517997
1599756519012
1599756520029
1599756521044
1599756522056
1599756523069
1599756524084
1599756525092
1599756526104
1599756527117
1599756528128
1599756529140
1599756530152
1599756531164
1599756532183
1599756533189
1599756534201
1599756535217
1599756536229
1599756537236
1599756538244
1599756539251
1599756540259
1599756541266
1599756542276
1599756543282
1599756544294
1599756545305
1599756546312
1599756547325
1599756548335
1599756549349
1599756550365
1599756551378
1599756552392
1599756553399
1599756554406
1599756555414
1599756556426
1599756557441
1599756558454
1599756559462
1599756560473
1599756561483
1599756562492
1599756563501
1599756564512
1599756565521
1599756566534
1599756567545
1599756568553
1599756569565
1599756570583
1599756571597
1599756572608
1599756573617
1599756574625
1599756575645
1599756576653
1599756577668
1599756578681
1599756579693
1599756580702
1599756581714
1599756582731
1599756583742
1599756584753
1599756585762
1599756586773
1599756587786
1599756588797
1599756589806
1599756590817
1599756591827
1599756592834
1599756593845
1599756594861
1599756595875
1599756596890
1599756597904
1599756598928
1599756599946
1599756600957
1599756601968
1599756602977
1599756603989
1599756605001
1599756606028
1599756607041
1599756608053
1599756609069
1599756610082
1599756611095
1599756612105
1599756613123
1599756614137
1599756615150
1599756616168
1599756617177
1599756618189
1599756619215
1599756620227
1599756621238
1599756622256
1599756623276
1599756624293
1599756625307
1599756626317
1599756627328
1599756628344
1599756629361
1599756630378
1599756631393
1599756632405
1599756633431
1599756634448
1599756635460
1599756636473
1599756637489
1599756638500
1599756639513
1599756640528
1599756641548
1599756642560
1599756643576
1599756644585
1599756645596
1599756646612
1599756647628
1599756648645
1599756649660
1599756650680
1599756651687
1599756652698
1599756653707
1599756654722
1599756655730
1599756656743
1599756657752
1599756658767
1599756659778
1599756660794
1599756661810
1599756662837
1599756663854
1599756664861
1599756665878
1599756666886
1599756667903
1599756668918
1599756669930
1599756670939
1599756671949
1599756672960
1599756673979
1599756674997
1599756676005
1599756677019
1599756678033
1599756679048
1599756680057
1599756681063
1599756682070
1599756683080
1599756684095
1599756685104
1599756686117
1599756687132
1599756688144
1599756689161
1599756690176
1599756691189
1599756692200
1599756693208
1599756694229
1599756695241
1599756696252
1599756697269
1599756698280
1599756699296
1599756700314
1599756701328
1599756702343
1599756703360
1599756704373
1599756705389
1599756706397
1599756707411
1599756708421
1599756709430
1599756710441
1599756711448
1599756712454
1599756713465
1599756714475
1599756715482
1599756716489
1599756717503
1599756718511
1599756719519
1599756720534
1599756721545
1599756722558
1599756723584
1599756724597
1599756725609
1599756726618
1599756727625
1599756728633
1599756729644
1599756730657
1599756731669
1599756732681
1599756733696
1599756734708
1599756735720
1599756736732
1599756737744
1599756738753
1599756739764
1599756740776
1599756741784
1599756742798
1599756743805
1599756744816
1599756745826
1599756746837
1599756747846
1599756748861
1599756749869
1599756750880
1599756751896
1599756752908
1599756753923
1599756754940
1599756755956
1599756756973
1599756757988
1599756759005
1599756760028
1599756761042
1599756762056
1599756763073
1599756764095
1599756765104
1599756766119
1599756767133
1599756768145
1599756769157
1599756770168
1599756771180
1599756772198
1599756773208
1599756774219
1599756775228
1599756776238
1599756777245
1599756778253
1599756779270
1599756780277
1599756781289
1599756782300
1599756783309
1599756784325
1599756785333
1599756786344
1599756787364
1599756788374
1599756789384
1599756790398
1599756791413
1599756792426
1599756793436
1599756794446
1599756795464
1599756796476
1599756797490
1599756798504
1599756799513
1599756800531
1599756801542
1599756802553
1599756803566
1599756804577
1599756805591
1599756806600
1599756807616
1599756808630
1599756809638
1599756810652
1599756811665
1599756812679
1599756813693
1599756814709
1599756815725
1599756816740
1599756817752
1599756818768
1599756819780
1599756820791
1599756821800
1599756822812
1599756823818
1599756824828
1599756825842
1599756826853
1599756827862
1599756828876
1599756829886
1599756830900
1599756831914
1599756832921
1599756833933
1599756834939
1599756835952
1599756836960
1599756837973
1599756838986
1599756840004
1599756841018
1599756842029
1599756843043
1599756844061
1599756845073
1599756846084
1599756847100
1599756848113
1599756849125
1599756850137
1599756851148
1599756852153
1599756853165
1599756854175
1599756855191
1599756856201
1599756857212
1599756858227
1599756859238
1599756860249
1599756861258
1599756862265
1599756863279
1599756864287
1599756865297
1599756866309
1599756867321
1599756868331
1599756869341
1599756870350
1599756871360
1599756872367
1599756873381
1599756874391
1599756875401
1599756876412
1599756877425
1599756878434
1599756879444
1599756880457
1599756881464
1599756882472
1599756883484
1599756884512
1599756885529
1599756886553
1599756887570
1599756888577
1599756889585
1599756890596
1599756891609
1599756892617
1599756893636
1599756894648
1599756895661
1599756896670
1599756897680
1599756898689
1599756899697
1599756900710
1599756901726
1599756902737
1599756903757
1599756904773
1599756905798
1599756906812
1599756907828
1599756908839
1599756909847
1599756910868
1599756911881
1599756912893
1599756913908
1599756914924
1599756915935
1599756916949
1599756917965
1599756918985
1599756919997
1599756921009
1599756922024
1599756923037
1599756924057
1599756925067
1599756926072
1599756927085
1599756928095
1599756929108
1599756930127
1599756931138
1599756932147
1599756933161
1599756934172
1599756935181
1599756936195
1599756937205
1599756938214
1599756939224
1599756940238
1599756941246
1599756942253
1599756943266
1599756944274
1599756945289
1599756946304
1599756947317
1599756948326
1599756949339
1599756950349
1599756951363
1599756952372
1599756953385
1599756954397
1599756955410
1599756956421
1599756957433
1599756958438
1599756959446
1599756960460
1599756961477
1599756962492
1599756963509
1599756964525
1599756965539
1599756966550
1599756967566
1599756968576
1599756969588
1599756970603
1599756971620
1599756972628
1599756973637
1599756974647
1599756975654
1599756976665
1599756977677
1599756978688
1599756979697
1599756980710
1599756981727
1599756982738
1599756983744
1599756984758
1599756985768
1599756986786
1599756987802
1599756988817
1599756989825
1599756990837
1599756991849
1599756992860
1599756993882
1599756994894
1599756995905
1599756996913
1599756997932
1599756998947
1599756999956
1599757000965
1599757001976
1599757002993
1599757004005
1599757005017
1599757006029
1599757007037
1599757008048
1599757009057
1599757010068
1599757011083
1599757012094
1599757013105
1599757014121
1599757015141
1599757016158
1599757017169
1599757018180
1599757019198
1599757020212
1599757021225
1599757022249
1599757023264
1599757024280
1599757025296
1599757026310
1599757027324
1599757028336
1599757029356
1599757030372
1599757031388
1599757032401
1599757033411
1599757034432
1599757035441
1599757036452
1599757037460
1599757038465
1599757039477
1599757040489
1599757041495
1599757042504
1599757043516
1599757044530
1599757045547
1599757046561
1599757047570
1599757048575
1599757049582
1599757050599
1599757051609
1599757052621
1599757053633
1599757054642
1599757055654
1599757056664
1599757057679
1599757058692
1599757059708
1599757060721
1599757061729
1599757062742
1599757063752
1599757064765
1599757065774
1599757066779
1599757067789
1599757068800
1599757069817
1599757070834
1599757071846
1599757072858
1599757073873
1599757074882
1599757075889
1599757076900
1599757077908
1599757078919
1599757079938
1599757080948
1599757081961
1599757082979
1599757083993
1599757085009
1599757086020
1599757087030
1599757088040
1599757089053
1599757090070
1599757091087
1599757092097
1599757093109
1599757094122
1599757095131
1599757096138
1599757097153
1599757098161
1599757099177
1599757100190
1599757101200
1599757102213
1599757103225
1599757104233
1599757105241
1599757106256
1599757107266
1599757108279
1599757109293
1599757110305
1599757111318
1599757112325
1599757113337
1599757114351
1599757115363
1599757116372
1599757117385
1599757118397
1599757119407
1599757120417
1599757121428
1599757122438
1599757123448
1599757124460
1599757125472
1599757126482
1599757127492
1599757128504
1599757129516
1599757130537
1599757131549
1599757132561
1599757133572
1599757134586
1599757135596
1599757136605
1599757137629
1599757138645
1599757139652
1599757140662
1599757141670
1599757142684
1599757143694
1599757144701
1599757145714
1599757146725
1599757147736
1599757148746
1599757149752
1599757150760
1599757151770
1599757152777
1599757153792
1599757154800
1599757155810
1599757156830
1599757157840
1599757158858
1599757159871
1599757160884
1599757161889
1599757162895
1599757163904
1599757164913
1599757165921
1599757166933
1599757167945
1599757168960
1599757169976
1599757170986
1599757171994
1599757173008
1599757174020
1599757175025
1599757176040
1599757177052
1599757178064
1599757179076
1599757180092
1599757181101
1599757182113
1599757183126
1599757184137
1599757185149
1599757186168
1599757187174
1599757188183
1599757189190
1599757190209
1599757191218
1599757192230
1599757193240
1599757194252
1599757195261
1599757196273
1599757197289
1599757198297
1599757199308
1599757200316
1599757201333
1599757202343
1599757203357
1599757204368
1599757205381
1599757206390
1599757207401
1599757208413
1599757209424
1599757210436
1599757211450
1599757212464
1599757213478
1599757214495
1599757215508
1599757216516
1599757217529
1599757218546
1599757219553
1599757220562
1599757221573
1599757222584
1599757223602
1599757224609
1599757225620
1599757226631
1599757227649
1599757228664
1599757229672
1599757230678
1599757231687
1599757232696
1599757233713
1599757234725
1599757235738
1599757236748
1599757237757
1599757238766
1599757239774
1599757240787
1599757241814
1599757242824
1599757243833
1599757244844
1599757245860
1599757246876
1599757247892
1599757248904
1599757249916
1599757250925
1599757251936
1599757252946
1599757253963
1599757254979
1599757255991
1599757257006
1599757258018
1599757259029
1599757260047
1599757261064
1599757262080
1599757263092
1599757264108
1599757265118
1599757266133
1599757267148
1599757268165
1599757269174
1599757270188
1599757271203
1599757272212
1599757273224
1599757274238
1599757275256
1599757276270
1599757277283
1599757278295
1599757279306
1599757280320
1599757281337
1599757282352
1599757283364
1599757284371
1599757285388
1599757286399
1599757287410
1599757288420
1599757289430
1599757290437
1599757291445
1599757292453
1599757293467
1599757294476
1599757295488
1599757296512
1599757297528
1599757298546
1599757299562
1599757300573
1599757301584
1599757302600
1599757303609
1599757304623
1599757305629
1599757306641
1599757307652
1599757308660
1599757309674
1599757310681
1599757311693
1599757312701
1599757313712
1599757314719
1599757315729
1599757316745
1599757317760
1599757318773
1599757319784
1599757320800
1599757321817
1599757322828
1599757323840
1599757324851
1599757325857
1599757326868
1599757327885
1599757328896
1599757329916
1599757330921
1599757331929
1599757332937
1599757333945
1599757334960
1599757335968
1599757336974
1599757337984
1599757338990
1599757340005
1599757341017
1599757342032
1599757343054
1599757344067
1599757345076
1599757346086
1599757347097
1599757348105
1599757349121
1599757350137
1599757351145
1599757352162
1599757353174
1599757354184
1599757355193
1599757356210
1599757357228
1599757358238
1599757359252
1599757360260
1599757361274
1599757362290
1599757363301
1599757364319
1599757365331
1599757366340
1599757367356
1599757368370
1599757369384
1599757370392
1599757371400
1599757372413
1599757373431
1599757374444
1599757375452
1599757376462
1599757377473
1599757378485
1599757379496
1599757380505
1599757381520
1599757382530
1599757383544
1599757384557
1599757385570
1599757386582
1599757387596
1599757388603
1599757389617
1599757390625
1599757391633
1599757392646
1599757393657
1599757394668
1599757395678
1599757396689
1599757397700
1599757398708
1599757399718
1599757400726
1599757401737
1599757402749
1599757403758
1599757404770
1599757405778
1599757406789
1599757407800
1599757408811
1599757409818
1599757410831
1599757411860
1599757412872
1599757413884
1599757414892
1599757415907
1599757416920
1599757417929
1599757418940
1599757419950
1599757420962
1599757421979
1599757422994
1599757424002
1599757425010
1599757426020
1599757427037
1599757428050
1599757429060
1599757430066
1599757431076
1599757432089
1599757433102
1599757434122
1599757435144
1599757436163
1599757437180
1599757438195
1599757439206
1599757440220
1599757441229
1599757442239
1599757443256
1599757444268
1599757445284
1599757446296
1599757447305
1599757448321
1599757449332
1599757450344
1599757451353
1599757452364
1599757453376
1599757454385
1599757455393
1599757456402
1599757457413
1599757458421
1599757459433
1599757460445
1599757461454
1599757462465
1599757463477
1599757464495
1599757465505
1599757466520
1599757467529
1599757468540
1599757469559
1599757470579
1599757471589
1599757472612
1599757473627
1599757474636
1599757475644
1599757476663
1599757477681
1599757478692
1599757479705
1599757480713
1599757481725
1599757482735
1599757483748
1599757484763
1599757485785
1599757486808
1599757487824
1599757488837
1599757489848
1599757490860
1599757491876
1599757492886
1599757493898
1599757494909
1599757495925
1599757496941
1599757497956
1599757498972
1599757499988
1599757501005
1599757502019
1599757503032
1599757504049
1599757505062
1599757506076
1599757507088
1599757508100
1599757509112
1599757510124
1599757511142
1599757512156
1599757513164
1599757514181
1599757515197
1599757516213
1599757517224
1599757518237
1599757519248
1599757520264
1599757521286
1599757522300
1599757523314
1599757524328
1599757525344
1599757526357
1599757527372
1599757528388
1599757529401
1599757530413
1599757531427
1599757532436
1599757533456
1599757534464
1599757535478
1599757536494
1599757537509
1599757538520
1599757539536
1599757540552
1599757541569
1599757542580
1599757543592
1599757544603
1599757545617
1599757546634
1599757547642
1599757548656
1599757549672
1599757550684
1599757551699
1599757552712
1599757553723
1599757554732
1599757555750
1599757556762
1599757557772
1599757558779
1599757559792
1599757560808
1599757561829
1599757562845
1599757563859
1599757564872
1599757565884
1599757566906
1599757567923
1599757568938
1599757569956
1599757570968
1599757571980
1599757572992
1599757574004
1599757575016
1599757576033
1599757577048
1599757578067
1599757579076
1599757580088
1599757581105
1599757582122
1599757583142
1599757584158
1599757585174
1599757586191
1599757587200
1599757588208
1599757589217
1599757590235
1599757591251
1599757592260
1599757593269
1599757594282
1599757595295
1599757596308
1599757597324
1599757598332
1599757599340
1599757600348
1599757601357
1599757602379
1599757603388
1599757604402
1599757605416
1599757606424
1599757607437
1599757608451
1599757609460
1599757610478
1599757611496
1599757612528
1599757613546
1599757614560
1599757615579
1599757616594
1599757617612
1599757618624
1599757619640
1599757620652
1599757621662
1599757622675
1599757623685
1599757624700
1599757625712
1599757626720
1599757627729
1599757628745
1599757629761
1599757630770
1599757631781
1599757632799
1599757633807
1599757634817
1599757635828
1599757636844
1599757637862
1599757638895
1599757639907
1599757640920
1599757641935
1599757642944
1599757643957
1599757644967
1599757645980
1599757646992
1599757648005
1599757649015
1599757650029
1599757651044
1599757652060
1599757653076
1599757654092
1599757655108
1599757656124
1599757657133
1599757658148
1599757659159
1599757660172
1599757661184
1599757662201
1599757663217
1599757664229
1599757665245
1599757666261
1599757667272
1599757668285
1599757669292
1599757670308
1599757671320
1599757672336
1599757673348
1599757674360
1599757675372
1599757676388
1599757677406
1599757678424
1599757679437
1599757680448
1599757681457
1599757682471
1599757683479
1599757684493
1599757685505
1599757686520
1599757687536
1599757688555
1599757689576
1599757690588
1599757691600
1599757692609
1599757693622
1599757694634
1599757695648
1599757696660
1599757697672
1599757698689
1599757699704
1599757700720
1599757701730
1599757702744
1599757703756
1599757704774
1599757705790
1599757706813
1599757707823
1599757708832
1599757709848
1599757710860
1599757711876
1599757712892
1599757713903
1599757714915
1599757715932
1599757716950
1599757717970
1599757718988
1599757720004
1599757721029
1599757722044
1599757723062
1599757724075
1599757725086
1599757726100
1599757727118
1599757728132
1599757729164
1599757730176
1599757731188
1599757732200
1599757733216
1599757734224
1599757735230
1599757736245
1599757737260
1599757738277
1599757739292
1599757740308
1599757741328
1599757742345
1599757743359
1599757744377
1599757745392
1599757746405
1599757747420
1599757748432
1599757749444
1599757750460
1599757751476
1599757752487
1599757753514
1599757754528
1599757755537
1599757756549
1599757757567
1599757758580
1599757759587
1599757760602
1599757761612
1599757762627
1599757763640
1599757764657
1599757765667
1599757766680
1599757767695
1599757768713
1599757769731
1599757770743
1599757771758
1599757772763
1599757773773
1599757774785
1599757775800
1599757776816
1599757777824
1599757778843
1599757779856
1599757780868
1599757781884
1599757782896
1599757783912
1599757784924
1599757785939
1599757786951
1599757787961
1599757788977
1599757789991
1599757791009
1599757792027
1599757793046
1599757794060
1599757795079
1599757796090
1599757797102
1599757798112
1599757799128
1599757800150
1599757801168
1599757802183
1599757803204
1599757804214
1599757805225
1599757806238
1599757807251
1599757808260
1599757809278
1599757810289
1599757811307
1599757812318
1599757813333
1599757814346
1599757815360
1599757816373
1599757817388
1599757818398
1599757819403
1599757820418
1599757821432
1599757822444
1599757823457
1599757824468
1599757825476
1599757826489
1599757827504
1599757828520
1599757829532
1599757830549
1599757831565
1599757832580
1599757833602
1599757834610
1599757835622
1599757836636
1599757837643
1599757838656
1599757839668
1599757840680
1599757841692
1599757842701
1599757843709
1599757844727
1599757845738
1599757846756
1599757847764
1599757848785
1599757849806
1599757850813
1599757851823
1599757852835
1599757853845
1599757854862
1599757855872
1599757856882
1599757857893
1599757858901
1599757859910
1599757860916
1599757861929
1599757862951
1599757863960
1599757864975
1599757865987
1599757866996
1599757868003
1599757869016
1599757870028
1599757871044
1599757872056
1599757873065
1599757874076
1599757875089
1599757876102
1599757877115
1599757878123
1599757879132
1599757880144
1599757881157
1599757882166
1599757883177
1599757884188
1599757885201
1599757886216
1599757887226
1599757888240
1599757889248
1599757890258
1599757891270
1599757892280
1599757893293
1599757894303
1599757895315
1599757896326
1599757897343
1599757898357
1599757899369
1599757900384
1599757901396
1599757902405
1599757903413
1599757904423
1599757905430
1599757906445
1599757907456
1599757908463
1599757909472
1599757910489
1599757911495
1599757912519
1599757913525
1599757914538
1599757915550
1599757916558
1599757917569
1599757918577
1599757919587
1599757920599
1599757921606
1599757922617
1599757923632
1599757924646
1599757925656
1599757926662
1599757927673
1599757928684
1599757929690
1599757930705
1599757931716
1599757932728
1599757933740
1599757934753
1599757935768
1599757936796
1599757937818
1599757938825
1599757939832
1599757940849
1599757941857
1599757942872
1599757943884
1599757944893
1599757945908
1599757946925
1599757947939
1599757948955
1599757949966
1599757950985
1599757951996
1599757953008
1599757954023
1599757955031
1599757956038
1599757957049
1599757958060
1599757959078
1599757960086
1599757961099
1599757962109
1599757963121
1599757964132
1599757965138
1599757966152
1599757967168
1599757968180
1599757969196
1599757970207
1599757971221
1599757972232
1599757973240
1599757974252
1599757975260
1599757976267
1599757977282
1599757978298
1599757979307
1599757980319
1599757981330
1599757982344
1599757983360
1599757984377
1599757985393
1599757986408
1599757987424
1599757988434
1599757989452
1599757990468
1599757991480
1599757992496
1599757993517
1599757994536
1599757995552
1599757996569
1599757997585
1599757998600
1599757999614
1599758000629
1599758001643
1599758002657
1599758003673
1599758004692
1599758005707
1599758006718
1599758007731
1599758008749
1599758009765
1599758010774
1599758011788
1599758012802
1599758013816
1599758014848
1599758015865
1599758016886
1599758017898
1599758018907
1599758019925
1599758020940
1599758021955
1599758022969
1599758023987
1599758025000
1599758026016
1599758027032
1599758028048
1599758029058
1599758030072
1599758031088
1599758032100
1599758033118
1599758034132
1599758035151
1599758036166
1599758037178
1599758038193
1599758039206
1599758040221
1599758041234
1599758042245
1599758043261
1599758044277
1599758045288
1599758046300
1599758047308
1599758048319
1599758049329
1599758050351
1599758051369
1599758052383
1599758053392
1599758054416
1599758055437
1599758056451
1599758057466
1599758058482
1599758059496
1599758060525
1599758061541
1599758062557
1599758063578
1599758064593
1599758065604
1599758066617
1599758067633
1599758068648
1599758069661
1599758070684
1599758071702
1599758072712
1599758073733
1599758074748
1599758075760
1599758076776
1599758077787
1599758078801
1599758079816
1599758080824
1599758081838
1599758082848
1599758083857
1599758084868
1599758085875
1599758086890
1599758087900
1599758088913
1599758089922
1599758090941
1599758091953
1599758092962
1599758093981
1599758094990
1599758095997
1599758097008
1599758098027
1599758099036
1599758100049
1599758101058
1599758102069
1599758103087
1599758104096
1599758105108
1599758106120
1599758107133
1599758108143
1599758109150
1599758110161
1599758111175
1599758112189
1599758113219
1599758114229
1599758115245
1599758116260
1599758117273
1599758118285
1599758119302
1599758120317
1599758121332
1599758122344
1599758123356
1599758124369
1599758125384
1599758126397
1599758127410
1599758128428
1599758129446
1599758130462
1599758131474
1599758132488
1599758133501
1599758134518
1599758135528
1599758136538
1599758137548
1599758138572
1599758139581
1599758140593
1599758141602
1599758142613
1599758143620
1599758144632
1599758145645
1599758146656
1599758147670
1599758148686
1599758149699
1599758150706
1599758151720
1599758152742
1599758153752
1599758154764
1599758155772
1599758156794
1599758157805
1599758158820
1599758159830
1599758160841
1599758161851
1599758162870
1599758163877
1599758164892
1599758165904
1599758166914
1599758167929
1599758168943
1599758169952
1599758170964
1599758171974
1599758172991
1599758174006
1599758175020
1599758176032
1599758177041
1599758178051
1599758179062
1599758180073
1599758181088
1599758182103
1599758183114
1599758184125
1599758185137
1599758186154
1599758187165
1599758188175
1599758189185
1599758190201
1599758191216
1599758192231
1599758193247
1599758194267
1599758195282
1599758196297
1599758197313
1599758198322
1599758199332
1599758200344
1599758201361
1599758202376
1599758203384
1599758204401
1599758205428
1599758206438
1599758207453
1599758208466
1599758209481
1599758210496
1599758211508
1599758212525
1599758213540
1599758214558
1599758215572
1599758216589
1599758217600
1599758218613
1599758219629
1599758220645
1599758221660
1599758222672
1599758223681
1599758224697
1599758225708
1599758226718
1599758227728
1599758228737
1599758229753
1599758230766
1599758231775
1599758232788
1599758233804
1599758234816
1599758235825
1599758236839
1599758237848
1599758238860
1599758239872
1599758240880
1599758241892
1599758242905
1599758243917
1599758244927
1599758245936
1599758246949
1599758247965
1599758248980
1599758249991
1599758250999
1599758252012
1599758253027
1599758254039
1599758255063
1599758256070
1599758257083
1599758258093
1599758259102
1599758260117
1599758261129
1599758262143
1599758263151
1599758264157
1599758265169
1599758266182
1599758267192
1599758268206
1599758269216
1599758270229
1599758271242
1599758272252
1599758273265
1599758274277
1599758275299
1599758276313
1599758277326
1599758278342
1599758279356
1599758280370
1599758281385
1599758282401
1599758283416
1599758284428
1599758285436
1599758286448
1599758287464
1599758288480
1599758289490
1599758290504
1599758291525
1599758292534
1599758293555
1599758294568
1599758295580
1599758296596
1599758297607
1599758298623
1599758299632
1599758300640
1599758301655
1599758302669
1599758303684
1599758304701
1599758305717
1599758306736
1599758307751
1599758308762
1599758309775
1599758310785
1599758311800
1599758312817
1599758313833
1599758314843
1599758315861
1599758316876
1599758317891
1599758318904
1599758319922
1599758320936
1599758321950
1599758322960
1599758323977
1599758324989
1599758325997
1599758327009
1599758328020
1599758329028
1599758330034
1599758331042
1599758332055
1599758333063
1599758334073
1599758335082
1599758336093
1599758337102
1599758338109
1599758339120
1599758340133
1599758341147
1599758342159
1599758343173
1599758344190
1599758345206
1599758346221
1599758347232
1599758348245
1599758349256
1599758350272
1599758351284
1599758352297
1599758353317
1599758354330
1599758355344
1599758356357
1599758357368
1599758358386
1599758359399
1599758360413
1599758361427
1599758362433
1599758363451
1599758364466
1599758365481
1599758366497
1599758367506
1599758368528
1599758369540
1599758370549
1599758371556
1599758372568
1599758373580
1599758374592
1599758375600
1599758376616
1599758377628
1599758378634
1599758379644
1599758380660
1599758381679
1599758382693
1599758383701
1599758384712
1599758385723
1599758386729
1599758387737
1599758388752
1599758389761
1599758390773
1599758391784
1599758392796
1599758393810
1599758394818
1599758395824
1599758396837
1599758397857
1599758398875
1599758399889
1599758400900
1599758401916
1599758402929
1599758403944
1599758404964
1599758405978
1599758406989
1599758408002
1599758409015
1599758410027
1599758411041
1599758412052
1599758413067
1599758414077
1599758415100
1599758416112
1599758417125
1599758418134
1599758419148
1599758420157
1599758421165
1599758422173
1599758423187
1599758424200
1599758425216
1599758426230
1599758427243
1599758428256
1599758429270
1599758430283
1599758431297
1599758432309
1599758433318
1599758434331
1599758435339
1599758436349
1599758437361
1599758438374
1599758439385
1599758440394
1599758441404
1599758442419
1599758443426
1599758444439
1599758445449
1599758446460
1599758447469
1599758448484
1599758449500
1599758450520
1599758451532
1599758452544
1599758453560
1599758454576
1599758455592
1599758456605
1599758457624
1599758458640
1599758459654
1599758460662
1599758461677
1599758462684
1599758463700
1599758464714
1599758465728
1599758466739
1599758467749
1599758468764
1599758469776
1599758470786
1599758471800
1599758472810
1599758473824
1599758474841
1599758475848
1599758476865
1599758477871
1599758478876
1599758479887
1599758480901
1599758481919
1599758482936
1599758483948
1599758484964
1599758485973
1599758486985
1599758487994
1599758489002
1599758490022
1599758491034
1599758492045
1599758493062
1599758494072
1599758495078
1599758496087
1599758497094
1599758498102
1599758499112
1599758500126
1599758501141
1599758502153
1599758503168
1599758504180
1599758505192
1599758506214
1599758507234
1599758508244
1599758509249
1599758510256
1599758511264
1599758512277
1599758513285
1599758514299
1599758515313
1599758516328
1599758517340
1599758518353
1599758519370
1599758520381
1599758521396
1599758522406
1599758523417
1599758524431
1599758525448
1599758526466
1599758527476
1599758528483
1599758529490
1599758530501
1599758531510
1599758532521
1599758533535
1599758534546
1599758535560
1599758536576
1599758537592
1599758538605
1599758539621
1599758540633
1599758541650
1599758542667
1599758543681
1599758544708
1599758545727
1599758546747
1599758547760
1599758548777
1599758549793
1599758550804
1599758551816
1599758552835
1599758553862
1599758554886
1599758555903
1599758556921
1599758557938
1599758558954
1599758559975
1599758560988
1599758562004
1599758563018
1599758564031
1599758565042
1599758566053
1599758567081
1599758568097
1599758569114
1599758570127
1599758571144
1599758572152
1599758573170
1599758574181
1599758575190
1599758576205
1599758577217
1599758578227
1599758579233
1599758580249
1599758581261
1599758582272
1599758583288
1599758584297
1599758585312
1599758586321
1599758587337
1599758588348
1599758589361
1599758590368
1599758591381
1599758592392
1599758593402
1599758594413
1599758595425
1599758596434
1599758597441
1599758598451
1599758599462
1599758600474
1599758601484
1599758602505
1599758603518
1599758604527
1599758605541
1599758606556
1599758607572
1599758608589
1599758609600
1599758610613
1599758611631
1599758612646
1599758613659
1599758614667
1599758615676
1599758616689
1599758617704
1599758618720
1599758619732
1599758620745
1599758621760
1599758622767
1599758623773
1599758624790
1599758625800
1599758626813
1599758627822
1599758628829
1599758629840
1599758630856
1599758631871
1599758632888
1599758633899
1599758634911
1599758635925
1599758636946
1599758637959
1599758638972
1599758639991
1599758641005
1599758642024
1599758643034
1599758644049
1599758645060
1599758646080
1599758647099
1599758648117
1599758649141
1599758650148
1599758651162
1599758652174
1599758653187
1599758654200
1599758655212
1599758656224
1599758657240
1599758658253
1599758659264
1599758660272
1599758661280
1599758662295
1599758663311
1599758664327
1599758665338
1599758666345
1599758667360
1599758668373
1599758669381
1599758670395
1599758671409
1599758672425
1599758673440
1599758674448
1599758675465
1599758676477
1599758677486
1599758678493
1599758679506
1599758680515
1599758681524
1599758682532
1599758683543
1599758684553
1599758685566
1599758686580
1599758687589
1599758688599
1599758689609
1599758690620
1599758691628
1599758692635
1599758693647
1599758694657
1599758695671
1599758696688
1599758697700
1599758698712
1599758699724
1599758700737
1599758701746
1599758702756
1599758703766
1599758704777
1599758705788
1599758706801
1599758707812
1599758708828
1599758709836
1599758710844
1599758711850
1599758712859
1599758713874
1599758714882
1599758715893
1599758716900
1599758717913
1599758718921
1599758719938
1599758720952
1599758721962
1599758722979
1599758723988
1599758725000
1599758726020
1599758727031
1599758728042
1599758729053
1599758730064
1599758731072
1599758732080
1599758733091
1599758734101
1599758735114
1599758736128
1599758737133
1599758738145
1599758739156
1599758740167
1599758741180
1599758742192
1599758743205
1599758744217
1599758745229
1599758746245
1599758747253
1599758748264
1599758749273
1599758750284
1599758751292
1599758752305
1599758753321
1599758754333
1599758755341
1599758756350
1599758757359
1599758758370
1599758759384
1599758760396
1599758761409
1599758762421
1599758763432
1599758764450
1599758765460
1599758766477
1599758767484
1599758768506
1599758769517
1599758770529
1599758771541
1599758772551
1599758773565
1599758774583
1599758775590
1599758776601
1599758777618
1599758778624
1599758779634
1599758780650
1599758781665
1599758782689
1599758783702
1599758784733
1599758785745
1599758786761
1599758787773
1599758788782
1599758789791
1599758790801
1599758791813
1599758792828
1599758793840
1599758794857
1599758795872
1599758796888
1599758797901
1599758798921
1599758799936
1599758800958
1599758801974
1599758802993
1599758804002
1599758805037
1599758806050
1599758807057
1599758808068
1599758809084
1599758810096
1599758811111
1599758812129
1599758813145
1599758814154
1599758815164
1599758816177
1599758817193
1599758818209
1599758819229
1599758820244
1599758821259
1599758822277
1599758823288
1599758824301
1599758825313
1599758826324
1599758827337
1599758828355
1599758829369
1599758830378
1599758831392
1599758832401
1599758833410
1599758834424
1599758835434
1599758836449
1599758837464
1599758838481
1599758839494
1599758840507
1599758841520
1599758842533
1599758843546
1599758844566
1599758845580
1599758846597
1599758847612
1599758848627
1599758849644
1599758850656
1599758851671
1599758852687
1599758853693
1599758854708
1599758855720
1599758856738
1599758857749
1599758858765
1599758859782
1599758860791
1599758861797
1599758862809
1599758863825
1599758864834
1599758865854
1599758866869
1599758867881
1599758868894
1599758869902
1599758870911
1599758871921
1599758872933
1599758873944
1599758874956
1599758875969
1599758876980
1599758877997
1599758879009
1599758880022
1599758881032
1599758882045
1599758883057
1599758884069
1599758885085
1599758886097
1599758887108
1599758888120
1599758889134
1599758890147
1599758891153
1599758892166
1599758893182
1599758894194
1599758895215
1599758896240
1599758897253
1599758898264
1599758899277
1599758900288
1599758901300
1599758902313
1599758903324
1599758904337
1599758905349
1599758906358
1599758907372
1599758908384
1599758909398
1599758910412
1599758911421
1599758912431
1599758913441
1599758914447
1599758915462
1599758916470
1599758917491
1599758918509
1599758919523
1599758920534
1599758921543
1599758922553
1599758923560
1599758924584
1599758925602
1599758926621
1599758927637
1599758928647
1599758929660
1599758930670
1599758931681
1599758932692
1599758933705
1599758934719
1599758935730
1599758936744
1599758937760
1599758938768
1599758939778
1599758940785
1599758941794
1599758942806
1599758943816
1599758944832
1599758945844
1599758946852
1599758947863
1599758948873
1599758949884
1599758950896
1599758951909
1599758952920
1599758953929
1599758954940
1599758955953
1599758956968
1599758957979
1599758958987
1599758959992
1599758961001
1599758962035
1599758963050
1599758964060
1599758965074
1599758966088
1599758967099
1599758968111
1599758969134
1599758970148
1599758971167
1599758972176
1599758973192
1599758974225
1599758975234
1599758976249
1599758977260
1599758978274
1599758979280
1599758980289
1599758981298
1599758982308
1599758983322
1599758984332
1599758985338
1599758986344
1599758987357
1599758988378
1599758989396
1599758990413
1599758991429
1599758992447
1599758993457
1599758994474
1599758995501
1599758996528
1599758997552
1599758998568
1599758999585
1599759000608
1599759001628
1599759002643
1599759003658
1599759004669
1599759005680
1599759006696
1599759007708
1599759008725
1599759009736
1599759010748
1599759011764
1599759012777
1599759013794
1599759014804
1599759015815
1599759016831
1599759017842
1599759018853
1599759019864
1599759020877
1599759021889
1599759022904
1599759023916
1599759024928
1599759025937
1599759026949
1599759027960
1599759028972
1599759029985
1599759030997
1599759032011
1599759033025
1599759034040
1599759035054
1599759036068
1599759037082
1599759038093
1599759039105
1599759040112
1599759041124
1599759042137
1599759043153
1599759044164
1599759045183
1599759046190
1599759047205
1599759048220
1599759049229
1599759050243
1599759051257
1599759052272
1599759053288
1599759054304
1599759055320
1599759056332
1599759057348
1599759058362
1599759059372
1599759060387
1599759061397
1599759062407
1599759063416
1599759064432
1599759065448
1599759066464
1599759067477
1599759068488
1599759069496
1599759070506
1599759071528
1599759072540
1599759073556
1599759074572
1599759075584
1599759076593
1599759077604
1599759078620
1599759079635
1599759080646
1599759081656
1599759082671
1599759083686
1599759084699
1599759085713
1599759086721
1599759087730
1599759088740
1599759089757
1599759090776
1599759091784
1599759092793
1599759093807
1599759094822
1599759095833
1599759096849
1599759097865
1599759098880
1599759099890
1599759100904
1599759101916
1599759102934
1599759103947
1599759104957
1599759105971
1599759106981
1599759107999
1599759109005
1599759110013
1599759111025
1599759112036
1599759113053
1599759114065
1599759115081
1599759116092
1599759117101
1599759118113
1599759119128
1599759120142
1599759121156
1599759122168
1599759123182
1599759124192
1599759125204
1599759126213
1599759127225
1599759128233
1599759129244
1599759130261
1599759131276
1599759132292
1599759133300
1599759134307
1599759135314
1599759136324
1599759137340
1599759138353
1599759139364
1599759140374
1599759141382
1599759142392
1599759143405
1599759144430
1599759145443
1599759146457
1599759147463
1599759148476
1599759149489
1599759150496
1599759151508
1599759152525
1599759153536
1599759154561
1599759155568
1599759156577
1599759157594
1599759158604
1599759159617
1599759160633
1599759161648
1599759162661
1599759163674
1599759164685
1599759165700
1599759166709
1599759167724
1599759168735
1599759169748
1599759170761
1599759171776
1599759172789
1599759173802
1599759174809
1599759175827
1599759176836
1599759177846
1599759178856
1599759179869
1599759180887
1599759181901
1599759182919
1599759183932
1599759184960
1599759185971
1599759186984
1599759187997
1599759189008
1599759190026
1599759191036
1599759192049
1599759193058
1599759194083
1599759195092
1599759196100
1599759197112
1599759198124
1599759199137
1599759200146
1599759201156
1599759202165
1599759203176
1599759204187
1599759205201
1599759206212
1599759207229
1599759208241
1599759209254
1599759210270
1599759211281
1599759212295
1599759213301
1599759214312
1599759215321
1599759216336
1599759217349
1599759218362
1599759219376
1599759220384
1599759221395
1599759222403
1599759223417
1599759224430
1599759225440
1599759226458
1599759227470
1599759228485
1599759229501
1599759230519
1599759231537
1599759232561
1599759233575
1599759234588
1599759235605
1599759236618
1599759237626
1599759238637
1599759239657
1599759240687
1599759241704
1599759242720
1599759243729
1599759244737
1599759245747
1599759246761
1599759247770
1599759248779
1599759249789
1599759250804
1599759251814
1599759252824
1599759253834
1599759254845
1599759255857
1599759256869
1599759257885
1599759258899
1599759259924
1599759260936
1599759261949
1599759262960
1599759263975
1599759264987
1599759266002
1599759267012
1599759268029
1599759269041
1599759270057
1599759271069
1599759272080
1599759273092
1599759274109
1599759275122
1599759276140
1599759277157
1599759278166
1599759279182
1599759280191
1599759281202
1599759282215
1599759283228
1599759284238
1599759285249
1599759286260
1599759287269
1599759288281
1599759289294
1599759290305
1599759291315
1599759292324
1599759293340
1599759294353
1599759295358
1599759296376
1599759297388
1599759298398
1599759299409
1599759300421
1599759301430
1599759302445
1599759303455
1599759304466
1599759305476
1599759306489
1599759307501
1599759308510
1599759309532
1599759310541
1599759311551
1599759312568
1599759313584
1599759314597
1599759315612
1599759316626
1599759317640
1599759318653
1599759319664
1599759320676
1599759321684
1599759322694
1599759323699
1599759324709
1599759325719
1599759326727
1599759327737
1599759328749
1599759329761
1599759330772
1599759331784
1599759332792
1599759333802
1599759334816
1599759335833
1599759336844
1599759337857
1599759338871
1599759339880
1599759340894
1599759341908
1599759342918
1599759343929
1599759344938
1599759345953
1599759346969
1599759347984
1599759348993
1599759350007
1599759351016
1599759352028
1599759353041
1599759354063
1599759355071
1599759356077
1599759357093
1599759358109
1599759359126
1599759360141
1599759361153
1599759362163
1599759363172
1599759364189
1599759365198
1599759366210
1599759367221
1599759368241
1599759369251
1599759370266
1599759371280
1599759372293
1599759373309
1599759374318
1599759375335
1599759376345
1599759377357
1599759378366
1599759379382
1599759380395
1599759381401
1599759382413
1599759383425
1599759384434
1599759385445
1599759386456
1599759387470
1599759388485
1599759389495
1599759390505
1599759391514
1599759392529
1599759393538
1599759394548
1599759395559
1599759396568
1599759397584
1599759398603
1599759399621
1599759400637
1599759401653
1599759402668
1599759403680
1599759404692
1599759405707
1599759406716
1599759407725
1599759408733
1599759409742
1599759410751
1599759411761
1599759412772
1599759413784
1599759414793
1599759415803
1599759416814
1599759417825
1599759418842
1599759419851
1599759420864
1599759421871
1599759422886
1599759423894
1599759424903
1599759425913
1599759426920
1599759427937
1599759428945
1599759429957
1599759430973
1599759431984
1599759433001
1599759434015
1599759435029
1599759436045
1599759437061
1599759438076
1599759439094
1599759440109
1599759441125
1599759442141
1599759443153
1599759444164
1599759445181
1599759446194
1599759447199
1599759448209
1599759449221
1599759450238
1599759451245
1599759452253
1599759453261
1599759454274
1599759455286
1599759456299
1599759457306
1599759458321
1599759459329
1599759460340
1599759461352
1599759462364
1599759463377
1599759464383
1599759465389
1599759466400
1599759467412
1599759468424
1599759469436
1599759470452
1599759471464
1599759472479
1599759473487
1599759474497
1599759475509
1599759476520
1599759477533
1599759478541
1599759479552
1599759480565
1599759481573
1599759482584
1599759483597
1599759484605
1599759485617
1599759486630
1599759487642
1599759488661
1599759489674
1599759490683
1599759491705
1599759492720
1599759493731
1599759494739
1599759495755
1599759496771
1599759497787
1599759498801
1599759499813
1599759500825
1599759501849
1599759502862
1599759503873
1599759504882
1599759505895
1599759506907
1599759507919
1599759508935
1599759509943
1599759510956
1599759511962
1599759512973
1599759513981
1599759514989
1599759516005
1599759517019
1599759518028
1599759519038
1599759520048
1599759521056
1599759522069
1599759523080
1599759524096
1599759525109
1599759526118
1599759527131
1599759528148
1599759529161
1599759530184
1599759531204
1599759532210
1599759533217
1599759534228
1599759535245
1599759536258
1599759537281
1599759538293
1599759539308
1599759540323
1599759541330
1599759542341
1599759543351
1599759544358
1599759545367
1599759546385
1599759547396
1599759548416
1599759549428
1599759550445
1599759551460
1599759552476
1599759553488
1599759554504
1599759555520
1599759556532
1599759557541
1599759558553
1599759559564
1599759560578
1599759561592
1599759562612
1599759563624
1599759564635
1599759565640
1599759566649
1599759567657
1599759568667
1599759569680
1599759570696
1599759571704
1599759572716
1599759573729
1599759574738
1599759575748
1599759576757
1599759577769
1599759578776
1599759579788
1599759580796
1599759581805
1599759582820
1599759583832
1599759584845
1599759585857
1599759586872
1599759587885
1599759588897
1599759589911
1599759590921
1599759591934
1599759592944
1599759593951
1599759594967
1599759595972
1599759596984
1599759597993
1599759599008
1599759600027
1599759601044
1599759602056
1599759603065
1599759604077
1599759605085
1599759606097
1599759607108
1599759608122
1599759609129
1599759610141
1599759611150
1599759612162
1599759613176
1599759614189
1599759615200
1599759616207
1599759617217
1599759618229
1599759619242
1599759620252
1599759621265
1599759622279
1599759623288
1599759624302
1599759625308
1599759626321
1599759627333
1599759628345
1599759629357
1599759630372
1599759631385
1599759632400
1599759633409
1599759634426
1599759635439
1599759636448
1599759637463
1599759638475
1599759639487
1599759640505
1599759641523
1599759642540
1599759643557
1599759644569
1599759645582
1599759646596
1599759647611
1599759648621
1599759649632
1599759650643
1599759651653
1599759652665
1599759653677
1599759654690
1599759655704
1599759656716
1599759657729
1599759658744
1599759659754
1599759660761
1599759661770
1599759662786
1599759663796
1599759664812
1599759665820
1599759666834
1599759667843
1599759668849
1599759669859
1599759670872
1599759671893
1599759672908
1599759673933
1599759674949
1599759675963
1599759676977
1599759677993
1599759679008
1599759680018
1599759681030
1599759682044
1599759683056
1599759684071
1599759685078
1599759686089
1599759687098
1599759688112
1599759689126
1599759690137
1599759691155
1599759692168
1599759693186
1599759694204
1599759695216
1599759696230
1599759697239
1599759698248
1599759699261
1599759700272
1599759701289
1599759702302
1599759703313
1599759704321
1599759705336
1599759706354
1599759707365
1599759708381
1599759709400
1599759710420
1599759711436
1599759712457
1599759713481
1599759714500
1599759715514
1599759716528
1599759717534
1599759718544
1599759719556
1599759720573
1599759721589
1599759722619
1599759723632
1599759724649
1599759725658
1599759726668
1599759727686
1599759728699
1599759729711
1599759730724
1599759731736
1599759732748
1599759733761
1599759734773
1599759735784
1599759736804
1599759737820
1599759738833
1599759739846
1599759740857
1599759741876
1599759742887
1599759743899
1599759744904
1599759745921
1599759746934
1599759747947
1599759748959
1599759749977
1599759750993
1599759752008
1599759753024
1599759754032
1599759755044
1599759756061
1599759757072
1599759758087
1599759759099
1599759760110
1599759761121
1599759762132
1599759763148
1599759764160
1599759765172
1599759766180
1599759767194
1599759768208
1599759769218
1599759770228
1599759771241
1599759772263
1599759773275
1599759774293
1599759775301
1599759776320
1599759777338
1599759778351
1599759779364
1599759780373
1599759781388
1599759782404
1599759783416
1599759784429
1599759785440
1599759786449
1599759787465
1599759788482
1599759789494
1599759790504
1599759791516
1599759792528
1599759793542
1599759794552
1599759795569
1599759796584
1599759797599
1599759798613
1599759799628
1599759800647
1599759801662
1599759802671
1599759803680
1599759804701
1599759805721
1599759806744
1599759807765
1599759808785
1599759809801
1599759810816
1599759811825
1599759812836
1599759813851
1599759814862
1599759815871
1599759816891
1599759817900
1599759818913
1599759819922
1599759820932
1599759821940
1599759822948
1599759823957
1599759824969
1599759825979
1599759826990
1599759828000
1599759829012
1599759830025
1599759831033
1599759832041
1599759833052
1599759834065
1599759835076
1599759836081
1599759837092
1599759838105
1599759839116
1599759840132
1599759841141
1599759842153
1599759843165
1599759844178
1599759845193
1599759846205
1599759847220
1599759848236
1599759849248
1599759850254
1599759851268
1599759852281
1599759853290
1599759854300
1599759855312
1599759856321
1599759857328
1599759858341
1599759859350
1599759860360
1599759861374
1599759862386
1599759863395
1599759864405
1599759865417
1599759866432
1599759867456
1599759868463
1599759869483
1599759870489
1599759871501
1599759872511
1599759873521
1599759874532
1599759875538
1599759876556
1599759877569
1599759878580
1599759879586
1599759880596
1599759881611
1599759882622
1599759883631
1599759884642
1599759885651
1599759886659
1599759887672
1599759888685
1599759889694
1599759890708
1599759891726
1599759892733
1599759893749
1599759894760
1599759895771
1599759896785
1599759897793
1599759898810
1599759899825
1599759900833
1599759901850
1599759902865
1599759903877
1599759904893
1599759905904
1599759906920
1599759907931
1599759908945
1599759909953
1599759910961
1599759911970
1599759912978
1599759913987
1599759914997
1599759916009
1599759917020
1599759918032
1599759919043
1599759920054
1599759921065
1599759922077
1599759923088
1599759924105
1599759925126
1599759926140
1599759927148
1599759928160
1599759929174
1599759930189
1599759931205
1599759932218
1599759933229
1599759934247
1599759935260
1599759936275
1599759937288
1599759938301
1599759939318
1599759940326
1599759941340
1599759942353
1599759943367
1599759944376
1599759945393
1599759946401
1599759947410
1599759948419
1599759949429
1599759950440
1599759951450
1599759952459
1599759953469
1599759954478
1599759955492
1599759956505
1599759957513
1599759958522
1599759959530
1599759960538
1599759961553
1599759962564
1599759963576
1599759964589
1599759965604
1599759966620
1599759967636
1599759968644
1599759969652
1599759970665
1599759971675
1599759972688
1599759973704
1599759974714
1599759975724
1599759976733
1599759977745
1599759978754
1599759979765
1599759980784
1599759981793
1599759982803
1599759983810
1599759984822
1599759985832
1599759986840
1599759987852
1599759988868
1599759989881
1599759990894
1599759991913
1599759992921
1599759993936
1599759994949
1599759995964
1599759996977
1599759997989
1599759999003
1599760000013
1599760001024
1599760002032
1599760003040
1599760004068
1599760005081
1599760006093
1599760007107
1599760008115
1599760009141
1599760010155
1599760011165
1599760012177
1599760013192
1599760014209
1599760015220
1599760016229
1599760017250
1599760018260
1599760019280
1599760020297
1599760021307
1599760022336
1599760023350
1599760024360
1599760025372
1599760026388
1599760027405
1599760028418
1599760029433
1599760030447
1599760031460
1599760032472
1599760033485
1599760034499
1599760035513
1599760036528
1599760037544
1599760038560
1599760039572
1599760040588
1599760041600
1599760042615
1599760043629
1599760044641
1599760045649
1599760046659
1599760047672
1599760048688
1599760049704
1599760050721
1599760051732
1599760052748
1599760053764
1599760054784
1599760055801
1599760056808
1599760057821
1599760058837
1599760059854
1599760060869
1599760061881
1599760062896
1599760063922
1599760064946
1599760065960
1599760066967
1599760067980
1599760068992
1599760070009
1599760071024
1599760072041
1599760073066
1599760074076
1599760075094
1599760076103
1599760077121
1599760078136
1599760079154
1599760080164
1599760081181
1599760082193
1599760083209
1599760084224
1599760085240
1599760086251
1599760087261
1599760088271
1599760089280
1599760090301
1599760091313
1599760092324
1599760093339
1599760094348
1599760095354
1599760096364
1599760097378
1599760098388
1599760099397
1599760100406
1599760101420
1599760102433
1599760103448
1599760104463
1599760105469
1599760106481
1599760107489
1599760108501
1599760109513
1599760110524
1599760111540
1599760112549
1599760113563
1599760114575
1599760115581
1599760116592
1599760117604
1599760118616
1599760119629
1599760120637
1599760121649
1599760122662
1599760123672
1599760124680
1599760125690
1599760126700
1599760127713
1599760128721
1599760129732
1599760130755
1599760131766
1599760132772
1599760133784
1599760134797
1599760135813
1599760136828
1599760137838
1599760138846
1599760139856
1599760140865
1599760141874
1599760142881
1599760143896
1599760144903
1599760145909
1599760146920
1599760147930
1599760148939
1599760149947
1599760150957
1599760151968
1599760152980
1599760153992
1599760155003
1599760156010
1599760157017
1599760158028
1599760159037
1599760160054
1599760161068
1599760162086
1599760163094
1599760164105
1599760165116
1599760166125
1599760167140
1599760168149
1599760169158
1599760170170
1599760171182
1599760172193
1599760173205
1599760174221
1599760175241
1599760176250
1599760177264
1599760178278
1599760179292
1599760180305
1599760181322
1599760182333
1599760183345
1599760184357
1599760185369
1599760186380
1599760187396
1599760188411
1599760189424
1599760190436
1599760191452
1599760192468
1599760193480
1599760194497
1599760195509
1599760196519
1599760197532
1599760198549
1599760199564
1599760200577
1599760201588
1599760202605
1599760203624
1599760204641
1599760205659
1599760206673
1599760207689
1599760208710
1599760209721
1599760210739
1599760211758
1599760212771
1599760213787
1599760214797
1599760215826
1599760216836
1599760217857
1599760218879
1599760219890
1599760220902
1599760221926
1599760222946
1599760223961
1599760224976
1599760225996
1599760227011
1599760228025
1599760229040
1599760230062
1599760231073
1599760232095
1599760233104
1599760234128
1599760235140
1599760236157
1599760237174
1599760238189
1599760239200
1599760240217
1599760241228
1599760242243
1599760243263
1599760244272
1599760245284
1599760246293
1599760247302
1599760248321
1599760249336
1599760250352
1599760251362
1599760252370
1599760253377
1599760254385
1599760255396
1599760256410
1599760257430
1599760258445
1599760259466
1599760260489
1599760261510
1599760262525
1599760263539
1599760264552
1599760265568
1599760266582
1599760267595
1599760268618
1599760269632
1599760270648
1599760271677
1599760272690
1599760273703
1599760274717
1599760275728
1599760276752
1599760277764
1599760278781
1599760279793
1599760280804
1599760281818
1599760282833
1599760283864
1599760284885
1599760285904
1599760286926
1599760287948
1599760288966
1599760289977
1599760290995
1599760292016
1599760293035
1599760294050
1599760295064
1599760296081
1599760297100
1599760298108
1599760299120
1599760300135
1599760301150
1599760302167
1599760303187
1599760304204
1599760305220
1599760306233
1599760307257
1599760308271
1599760309282
1599760310296
1599760311315
1599760312327
1599760313342
1599760314362
1599760315387
1599760316407
1599760317417
1599760318433
1599760319445
1599760320465
1599760321486
1599760322507
1599760323523
1599760324536
1599760325549
1599760326560
1599760327585
1599760328597
1599760329612
1599760330624
1599760331645
1599760332664
1599760333680
1599760334694
1599760335708
1599760336725
1599760337745
1599760338760
1599760339771
1599760340784
1599760341803
1599760342823
1599760343836
1599760344852
1599760345868
1599760346891
1599760347912
1599760348941
1599760349964
1599760350994
1599760352014
1599760353031
1599760354051
1599760355075
1599760356095
1599760357108
1599760358124
1599760359140
1599760360160
1599760361184
1599760362205
1599760363229
1599760364246
1599760365265
1599760366285
1599760367301
1599760368310
1599760369324
1599760370343
1599760371363
1599760372376
1599760373392
1599760374414
1599760375427
1599760376444
1599760377464
1599760378482
1599760379494
1599760380510
1599760381524
1599760382540
1599760383556
1599760384575
1599760385587
1599760386609
1599760387626
1599760388641
1599760389656
1599760390668
1599760391684
1599760392701
1599760393721
1599760394732
1599760395751
1599760396761
1599760397770
1599760398783
1599760399800
1599760400819
1599760401834
1599760402851
1599760403856
1599760404872
1599760405890
1599760406910
1599760407932
1599760408957
1599760409972
1599760410989
1599760412009
1599760413027
1599760414049
1599760415061
1599760416079
1599760417093
1599760418109
1599760419125
1599760420139
1599760421153
1599760422166
1599760423181
1599760424200
1599760425211
1599760426222
1599760427231
1599760428244
1599760429256
1599760430272
1599760431291
1599760432309
1599760433329
1599760434340
1599760435350
1599760436366
1599760437378
1599760438389
1599760439401
1599760440413
1599760441427
1599760442437
1599760443452
1599760444464
1599760445481
1599760446492
1599760447501
1599760448516
1599760449532
1599760450541
1599760451547
1599760452560
1599760453571
1599760454580
1599760455587
1599760456597
1599760457609
1599760458625
1599760459640
1599760460652
1599760461659
1599760462666
1599760463677
1599760464689
1599760465697
1599760466706
1599760467729
1599760468743
1599760469756
1599760470768
1599760471776
1599760472790
1599760473810
1599760474820
1599760475841
1599760476850
1599760477861
1599760478870
1599760479880
1599760480885
1599760481897
1599760482914
1599760483922
1599760484941
1599760485957
1599760486973
1599760487983
1599760488994
1599760490002
1599760491013
1599760492024
1599760493034
1599760494045
1599760495054
1599760496064
1599760497074
1599760498085
1599760499094
1599760500102
1599760501108
1599760502124
1599760503137
1599760504147
1599760505158
1599760506176
1599760507189
1599760508201
1599760509212
1599760510222
1599760511230
1599760512247
1599760513258
1599760514266
1599760515281
1599760516290
1599760517302
1599760518314
1599760519334
1599760520348
1599760521360
1599760522376
1599760523393
1599760524402
1599760525416
1599760526428
1599760527441
1599760528448
1599760529456
1599760530467
1599760531477
1599760532488
1599760533496
1599760534504
1599760535509
1599760536518
1599760537529
1599760538541
1599760539550
1599760540557
1599760541569
1599760542581
1599760543593
1599760544605
1599760545617
1599760546628
1599760547634
1599760548645
1599760549662
1599760550673
1599760551685
1599760552697
1599760553707
1599760554717
1599760555731
1599760556742
1599760557752
1599760558768
1599760559780
1599760560786
1599760561796
1599760562807
1599760563815
1599760564822
1599760565833
1599760566842
1599760567852
1599760568863
1599760569876
1599760570894
1599760571919
1599760572935
1599760573944
1599760574950
1599760575964
1599760576981
1599760577987
1599760579008
1599760580015
1599760581024
1599760582037
1599760583046
1599760584058
1599760585075
1599760586081
1599760587096
1599760588129
1599760589145
1599760590154
1599760591165
1599760592180
1599760593186
1599760594196
1599760595208
1599760596229
1599760597241
1599760598256
1599760599273
1599760600292
1599760601301
1599760602310
1599760603319
1599760604331
1599760605340
1599760606351
1599760607363
1599760608374
1599760609389
1599760610398
1599760611412
1599760612423
1599760613432
1599760614445
1599760615457
1599760616469
1599760617482
1599760618494
1599760619505
1599760620514
1599760621528
1599760622541
1599760623555
1599760624572
1599760625588
1599760626601
1599760627621
1599760628633
1599760629648
1599760630659
1599760631669
1599760632686
1599760633699
1599760634712
1599760635725
1599760636740
1599760637751
1599760638764
1599760639776
1599760640786
1599760641796
1599760642804
1599760643820
1599760644836
1599760645853
1599760646867
1599760647877
1599760648892
1599760649905
1599760650920
1599760651937
1599760652949
1599760653965
1599760654982
1599760655993
1599760657009
1599760658024
1599760659034
1599760660040
1599760661055
1599760662064
1599760663073
1599760664085
1599760665097
1599760666107
1599760667115
1599760668133
1599760669144
1599760670160
1599760671173
1599760672188
1599760673201
1599760674213
1599760675233
1599760676245
1599760677256
1599760678264
1599760679270
1599760680281
1599760681294
1599760682310
1599760683322
1599760684330
1599760685340
1599760686356
1599760687368
1599760688380
1599760689396
1599760690410
1599760691425
1599760692437
1599760693452
1599760694463
1599760695477
1599760696493
1599760697507
1599760698520
1599760699533
1599760700549
1599760701569
1599760702583
1599760703596
1599760704612
1599760705627
1599760706641
1599760707657
1599760708672
1599760709688
1599760710704
1599760711716
1599760712729
1599760713744
1599760714757
1599760715768
1599760716775
1599760717784
1599760718798
1599760719808
1599760720820
1599760721837
1599760722845
1599760723863
1599760724869
1599760725881
1599760726897
1599760727915
1599760728927
1599760729936
1599760730948
1599760731963
1599760732972
1599760733982
1599760734994
1599760736008
1599760737023
1599760738033
1599760739041
1599760740056
1599760741068
1599760742081
1599760743096
1599760744107
1599760745121
1599760746137
1599760747152
1599760748163
1599760749174
1599760750188
1599760751204
1599760752221
1599760753229
1599760754247
1599760755258
1599760756268
1599760757285
1599760758297
1599760759310
1599760760324
1599760761336
1599760762348
1599760763360
1599760764374
1599760765385
1599760766396
1599760767413
1599760768428
1599760769441
1599760770452
1599760771464
1599760772481
1599760773496
1599760774514
1599760775523
1599760776536
1599760777558
1599760778577
1599760779594
1599760780608
1599760781623
1599760782636
1599760783650
1599760784662
1599760785672
1599760786694
1599760787708
1599760788721
1599760789736
1599760790749
1599760791762
1599760792776
1599760793788
1599760794802
1599760795817
1599760796836
1599760797848
1599760798857
1599760799871
1599760800890
1599760801903
1599760802912
1599760803921
1599760804932
1599760805944
1599760806960
1599760807972
1599760808984
1599760809994
1599760811005
1599760812022
1599760813032
1599760814039
1599760815051
1599760816064
1599760817080
1599760818100
1599760819111
1599760820128
1599760821140
1599760822148
1599760823156
1599760824168
1599760825181
1599760826192
1599760827204
1599760828216
1599760829225
1599760830239
1599760831255
1599760832268
1599760833285
1599760834296
1599760835312
1599760836332
1599760837349
1599760838364
1599760839377
1599760840386
1599760841392
1599760842400
1599760843415
1599760844432
1599760845444
1599760846454
1599760847464
1599760848480
1599760849492
1599760850505
1599760851520
1599760852537
1599760853556
1599760854565
1599760855577
1599760856592
1599760857604
1599760858617
1599760859632
1599760860644
1599760861656
1599760862672
1599760863688
1599760864703
1599760865714
1599760866724
1599760867736
1599760868750
1599760869760
1599760870773
1599760871784
1599760872789
1599760873804
1599760874821
1599760875833
1599760876844
1599760877862
1599760878872
1599760879885
1599760880896
1599760881904
1599760882915
1599760883925
1599760884942
1599760885952
1599760886968
1599760887980
1599760888992
1599760889996
1599760891006
1599760892024
1599760893038
1599760894052
1599760895068
1599760896083
1599760897090
1599760898100
1599760899112
1599760900124
1599760901139
1599760902154
1599760903169
1599760904182
1599760905194
1599760906213
1599760907228
1599760908245
1599760909254
1599760910265
1599760911282
1599760912292
1599760913306
1599760914321
1599760915331
1599760916344
1599760917361
1599760918372
1599760919385
1599760920396
1599760921405
1599760922421
1599760923430
1599760924443
1599760925457
1599760926476
1599760927488
1599760928499
1599760929518
1599760930526
1599760931540
1599760932556
1599760933577
1599760934593
1599760935604
1599760936620
1599760937629
1599760938640
1599760939656
1599760940672
1599760941684
1599760942696
1599760943704
1599760944717
1599760945729
1599760946743
1599760947752
1599760948764
1599760949776
1599760950794
1599760951803
1599760952813
1599760953824
1599760954836
1599760955847
1599760956861
1599760957876
1599760958888
1599760959903
1599760960916
1599760961947
1599760962961
1599760963972
1599760964988
1599760966002
1599760967016
1599760968028
1599760969041
1599760970056
1599760971071
1599760972084
1599760973092
1599760974105
1599760975116
1599760976132
1599760977148
1599760978168
1599760979180
1599760980192
1599760981209
1599760982226
1599760983241
1599760984252
1599760985263
1599760986277
1599760987294
1599760988308
1599760989319
1599760990328
1599760991342
1599760992348
1599760993363
1599760994372
1599760995385
1599760996401
1599760997415
1599760998431
1599760999444
1599761000455
1599761001464
1599761002480
1599761003494
1599761004508
1599761005527
1599761006540
1599761007552
1599761008570
1599761009585
1599761010597
1599761011613
1599761012624
1599761013633
1599761014644
1599761015661
1599761016672
1599761017684
1599761018698
1599761019709
1599761020718
1599761021729
1599761022737
1599761023747
1599761024756
1599761025766
1599761026776
1599761027788
1599761028801
1599761029817
1599761030832
1599761031849
1599761032861
1599761033877
1599761034891
1599761035902
1599761036912
1599761037928
1599761038940
1599761039952
1599761040958
1599761041972
1599761042980
1599761043988
1599761045001
1599761046021
1599761047035
1599761048045
1599761049056
1599761050068
1599761051081
1599761052088
1599761053105
1599761054114
1599761055128
1599761056138
1599761057151
1599761058162
1599761059176
1599761060191
1599761061204
1599761062218
1599761063236
1599761064244
1599761065261
1599761066274
1599761067282
1599761068297
1599761069309
1599761070315
1599761071324
1599761072340
1599761073349
1599761074359
1599761075368
1599761076380
1599761077393
1599761078409
1599761079420
1599761080428
1599761081437
1599761082449
1599761083465
1599761084473
1599761085485
1599761086501
1599761087520
1599761088529
1599761089537
1599761090545
1599761091557
1599761092569
1599761093580
1599761094589
1599761095598
1599761096620
1599761097632
1599761098654
1599761099668
1599761100680
1599761101692
1599761102705
1599761103716
1599761104727
1599761105736
1599761106744
1599761107757
1599761108768
1599761109776
1599761110796
1599761111804
1599761112811
1599761113820
1599761114828
1599761115838
1599761116848
1599761117860
1599761118877
1599761119885
1599761120896
1599761121904
1599761122920
1599761123932
1599761124942
1599761125954
1599761126966
1599761127980
1599761128991
1599761130001
1599761131013
1599761132023
1599761133032
1599761134042
1599761135051
1599761136057
1599761137073
1599761138084
1599761139094
1599761140105
1599761141114
1599761142127
1599761143137
1599761144148
1599761145158
1599761146167
1599761147178
1599761148189
1599761149200
1599761150212
1599761151228
1599761152238
1599761153258
1599761154263
1599761155273
1599761156280
1599761157288
1599761158296
1599761159308
1599761160323
1599761161329
1599761162337
1599761163352
1599761164364
1599761165377
1599761166387
1599761167397
1599761168406
1599761169418
1599761170427
1599761171440
1599761172458
1599761173473
1599761174496
1599761175514
1599761176531
1599761177549
1599761178556
1599761179576
1599761180589
1599761181598
1599761182607
1599761183622
1599761184640
1599761185648
1599761186656
1599761187668
1599761188680
1599761189690
1599761190704
1599761191715
1599761192728
1599761193740
1599761194752
1599761195766
1599761196778
1599761197786
1599761198793
1599761199801
1599761200809
1599761201820
1599761202833
1599761203842
1599761204852
1599761205861
1599761206869
1599761207881
1599761208890
1599761209902
1599761210913
1599761211925
1599761212934
1599761213944
1599761214957
1599761215971
1599761216984
1599761217996
1599761219005
1599761220033
1599761221042
1599761222056
1599761223069
1599761224082
1599761225091
1599761226107
1599761227117
1599761228136
1599761229143
1599761230155
1599761231165
1599761232177
1599761233189
1599761234204
1599761235222
1599761236237
1599761237251
1599761238264
1599761239277
1599761240289
1599761241301
1599761242314
1599761243328
1599761244340
1599761245351
1599761246364
1599761247377
1599761248393
1599761249402
1599761250412
1599761251421
1599761252433
1599761253445
1599761254457
1599761255468
1599761256481
1599761257494
1599761258503
1599761259516
1599761260532
1599761261548
1599761262558
1599761263573
1599761264586
1599761265597
1599761266611
1599761267636
1599761268641
1599761269651
1599761270660
1599761271676
1599761272688
1599761273699
1599761274708
1599761275721
1599761276730
1599761277748
1599761278762
1599761279774
1599761280784
1599761281800
1599761282811
1599761283822
1599761284832
1599761285847
1599761286864
1599761287873
1599761288883
1599761289894
1599761290907
1599761291919
1599761292933
1599761293951
1599761294962
1599761295973
1599761296985
1599761298000
1599761299019
1599761300033
1599761301051
1599761302060
1599761303079
1599761304098
1599761305106
1599761306117
1599761307128
1599761308145
1599761309157
1599761310175
1599761311189
1599761312209
1599761313226
1599761314240
1599761315257
1599761316272
1599761317286
1599761318296
1599761319313
1599761320321
1599761321330
1599761322340
1599761323352
1599761324364
1599761325372
1599761326383
1599761327397
1599761328412
1599761329419
1599761330426
1599761331437
1599761332449
1599761333460
1599761334467
1599761335477
1599761336488
1599761337501
1599761338520
1599761339531
1599761340544
1599761341561
1599761342577
1599761343589
1599761344601
1599761345614
1599761346629
1599761347644
1599761348656
1599761349668
1599761350680
1599761351696
1599761352709
1599761353723
1599761354741
1599761355757
1599761356769
1599761357781
1599761358792
1599761359809
1599761360822
1599761361836
1599761362852
1599761363866
1599761364877
1599761365888
1599761366904
1599761367920
1599761368929
1599761369945
1599761370957
1599761371973
1599761372985
1599761373996
1599761375008
1599761376025
1599761377038
1599761378057
1599761379072
1599761380089
1599761381108
1599761382124
1599761383146
1599761384177
1599761385200
1599761386217
1599761387239
1599761388256
1599761389279
1599761390299
1599761391319
1599761392340
1599761393360
1599761394380
1599761395397
1599761396420
1599761397439
1599761398459
1599761399478
1599761400496
1599761401508
1599761402519
1599761403528
1599761404537
1599761405549
1599761406556
1599761407569
1599761408586
1599761409605
1599761410617
1599761411628
1599761412637
1599761413647
1599761414656
1599761415672
1599761416690
1599761417706
1599761418728
1599761419744
1599761420756
1599761421771
1599761422783
1599761423801
1599761424812
1599761425825
1599761426840
1599761427853
1599761428876
1599761429889
1599761430907
1599761431921
1599761432928
1599761433949
1599761434967
1599761435981
1599761436991
1599761437996
1599761439009
1599761440029
1599761441045
1599761442057
1599761443074
1599761444084
1599761445093
1599761446108
1599761447125
1599761448145
1599761449160
1599761450174
1599761451195
1599761452209
1599761453225
1599761454246
1599761455263
1599761456284
1599761457301
1599761458317
1599761459335
1599761460355
1599761461364
1599761462386
1599761463400
1599761464417
1599761465437
1599761466456
1599761467476
1599761468496
1599761469516
1599761470537
1599761471552
1599761472573
1599761473588
1599761474607
1599761475616
1599761476626
1599761477633
1599761478645
1599761479659
1599761480674
1599761481685
1599761482703
1599761483724
1599761484737
1599761485754
1599761486766
1599761487772
1599761488781
1599761489801
1599761490809
1599761491822
1599761492836
1599761493848
1599761494860
1599761495870
1599761496879
1599761497889
1599761498906
1599761499920
1599761500936
1599761501951
1599761502970
1599761503981
1599761504990
1599761505999
1599761507006
1599761508020
1599761509039
1599761510056
1599761511076
1599761512082
1599761513096
1599761514113
1599761515125
1599761516142
1599761517159
1599761518171
1599761519181
1599761520200
1599761521220
1599761522236
1599761523249
1599761524262
1599761525280
1599761526300
1599761527316
1599761528329
1599761529345
1599761530361
1599761531380
1599761532390
1599761533411
1599761534432
1599761535445
1599761536460
1599761537474
1599761538485
1599761539496
1599761540522
1599761541541
1599761542557
1599761543573
1599761544589
1599761545605
1599761546627
1599761547635
1599761548648
1599761549668
1599761550710
1599761551730
1599761552741
1599761553752
1599761554770
1599761555781
1599761556801
1599761557810
1599761558826
1599761559837
1599761560852
1599761561870
1599761562884
1599761563899
1599761564908
1599761565924
1599761566941
1599761567952
1599761568962
1599761569973
1599761570985
1599761571998
1599761573006
1599761574030
1599761575041
1599761576053
1599761577063
1599761578077
1599761579087
1599761580094
1599761581105
1599761582115
1599761583124
1599761584141
1599761585159
1599761586168
1599761587199
1599761588213
1599761589227
1599761590239
1599761591262
1599761592276
1599761593285
1599761594295
1599761595304
1599761596312
1599761597322
1599761598336
1599761599348
1599761600359
1599761601371
1599761602385
1599761603396
1599761604402
1599761605409
1599761606424
1599761607434
1599761608449
1599761609461
1599761610474
1599761611484
1599761612501
1599761613521
1599761614531
1599761615540
1599761616555
1599761617565
1599761618577
1599761619587
1599761620597
1599761621608
1599761622627
1599761623636
1599761624650
1599761625664
1599761626673
1599761627681
1599761628693
1599761629702
1599761630713
1599761631724
1599761632737
1599761633745
1599761634754
1599761635768
1599761636775
1599761637784
1599761638790
1599761639801
1599761640813
1599761641823
1599761642833
1599761643849
1599761644863
1599761645872
1599761646889
1599761647900
1599761648912
1599761649925
1599761650938
1599761651947
1599761652965
1599761653981
1599761654997
1599761656013
1599761657023
1599761658036
1599761659048
1599761660060
1599761661072
1599761662084
1599761663090
1599761664098
1599761665108
1599761666121
1599761667136
1599761668147
1599761669159
1599761670170
1599761671183
1599761672194
1599761673206
1599761674217
1599761675228
1599761676236
1599761677242
1599761678253
1599761679262
1599761680273
1599761681282
1599761682293
1599761683302
1599761684312
1599761685324
1599761686333
1599761687345
1599761688358
1599761689369
1599761690385
1599761691401
1599761692413
1599761693425
1599761694433
1599761695446
1599761696459
1599761697470
1599761698491
1599761699511
1599761700524
1599761701541
1599761702560
1599761703573
1599761704590
1599761705601
1599761706621
1599761707629
1599761708641
1599761709652
1599761710664
1599761711677
1599761712689
1599761713704
1599761714714
1599761715730
1599761716749
1599761717765
1599761718775
1599761719789
1599761720802
1599761721817
1599761722828
1599761723840
1599761724850
1599761725865
1599761726877
1599761727888
1599761728897
1599761729913
1599761730922
1599761731931
1599761732945
1599761733953
1599761734966
1599761735976
1599761736991
1599761738001
1599761739012
1599761740018
1599761741026
1599761742036
1599761743049
1599761744061
1599761745073
1599761746085
1599761747092
1599761748098
1599761749112
1599761750121
1599761751134
1599761752149
1599761753179
1599761754192
1599761755209
1599761756218
1599761757234
1599761758246
1599761759256
1599761760270
1599761761281
1599761762296
1599761763316
1599761764328
1599761765344
1599761766361
1599761767377
1599761768388
1599761769404
1599761770412
1599761771433
1599761772445
1599761773463
1599761774476
1599761775492
1599761776501
1599761777518
1599761778528
1599761779538
1599761780560
1599761781580
1599761782598
1599761783626
1599761784641
1599761785658
1599761786673
1599761787685
1599761788699
1599761789712
1599761790729
1599761791748
1599761792760
1599761793776
