1599754585973
1599754586985
1599754587995
1599754589017
1599754590027
1599754591041
1599754592054
1599754593067
1599754594080
1599754595091
1599754596108
1599754597121
1599754598129
1599754599141
1599754600157
1599754601169
1599754602178
1599754603193
1599754604206
1599754605220
1599754606233
1599754607246
1599754608256
1599754609265
1599754610277
1599754611285
1599754612302
1599754613312
1599754614324
1599754615336
1599754616350
1599754617362
1599754618372
1599754619382
1599754620390
1599754621401
1599754622421
1599754623433
1599754624444
1599754625454
1599754626470
1599754627479
1599754628491
1599754629498
1599754630517
1599754631530
1599754632539
1599754633547
1599754634556
1599754635572
1599754636588
1599754637597
1599754638615
1599754639637
1599754640664
1599754641679
1599754642697
1599754643709
1599754644715
1599754645725
1599754646736
1599754647752
1599754648762
1599754649770
1599754650789
1599754651797
1599754652804
1599754653816
1599754654829
1599754655844
1599754656856
1599754657872
1599754658881
1599754659893
1599754660901
1599754661914
1599754662922
1599754663930
1599754664940
1599754665954
1599754666962
1599754667970
1599754668980
1599754669993
1599754671005
1599754672013
1599754673025
1599754674037
1599754675048
1599754676059
1599754677074
1599754678085
1599754679101
1599754680120
1599754681132
1599754682146
1599754683154
1599754684161
1599754685191
1599754686209
1599754687229
1599754688241
1599754689263
1599754690276
1599754691287
1599754692299
1599754693308
1599754694317
1599754695330
1599754696342
1599754697353
1599754698366
1599754699378
1599754700386
1599754701394
1599754702405
1599754703423
1599754704434
1599754705451
1599754706462
1599754707481
1599754708492
1599754709501
1599754710516
1599754711529
1599754712543
1599754713554
1599754714569
1599754715586
1599754716597
1599754717606
1599754718615
1599754719631
1599754720644
1599754721660
1599754722678
1599754723693
1599754724705
1599754725712
1599754726728
1599754727742
1599754728758
1599754729768
1599754730788
1599754731797
1599754732806
1599754733816
1599754734826
1599754735836
1599754736846
1599754737860
1599754738875
1599754739889
1599754740898
1599754741914
1599754742927
1599754743941
1599754744954
1599754745974
1599754746986
1599754747998
1599754749015
1599754750026
1599754751048
1599754752060
1599754753078
1599754754096
1599754755106
1599754756119
1599754757131
1599754758149
1599754759165
1599754760175
1599754761185
1599754762194
1599754763214
1599754764226
1599754765235
1599754766246
1599754767259
1599754768275
1599754769285
1599754770296
1599754771319
1599754772334
1599754773356
1599754774376
1599754775400
1599754776427
1599754777436
1599754778444
1599754779455
1599754780464
1599754781471
1599754782482
1599754783490
1599754784507
1599754785523
1599754786535
1599754787545
1599754788556
1599754789565
1599754790574
1599754791591
1599754792606
1599754793617
1599754794628
1599754795640
1599754796652
1599754797664
1599754798676
1599754799688
1599754800701
1599754801711
1599754802730
1599754803739
1599754804750
1599754805760
1599754806773
1599754807786
1599754808795
1599754809805
1599754810817
1599754811827
1599754812839
1599754813853
1599754814870
1599754815881
1599754816895
1599754817918
1599754818946
1599754819959
1599754820967
1599754821976
1599754823010
1599754824025
1599754825037
1599754826066
1599754827076
1599754828089
1599754829099
1599754830108
1599754831120
1599754832133
1599754833140
1599754834154
1599754835166
1599754836175
1599754837187
1599754838201
1599754839210
1599754840218
1599754841231
1599754842251
1599754843262
1599754844278
1599754845291
1599754846303
1599754847325
1599754848337
1599754849350
1599754850360
1599754851374
1599754852385
1599754853393
1599754854417
1599754855427
1599754856441
1599754857451
1599754858458
1599754859470
1599754860484
1599754861497
1599754862510
1599754863523
1599754864537
1599754865545
1599754866561
1599754867574
1599754868589
1599754869601
1599754870614
1599754871623
1599754872632
1599754873645
1599754874660
1599754875668
1599754876673
1599754877686
1599754878696
1599754879714
1599754880726
1599754881736
1599754882745
1599754883753
1599754884765
1599754885772
1599754886788
1599754887802
1599754888814
1599754889824
1599754890831
1599754891845
1599754892856
1599754893867
1599754894880
1599754895890
1599754896901
1599754897914
1599754898925
1599754899939
1599754900960
1599754901970
1599754902982
1599754903999
1599754905009
1599754906022
1599754907038
1599754908052
1599754909062
1599754910071
1599754911082
1599754912091
1599754913099
1599754914109
1599754915121
1599754916130
1599754917144
1599754918155
1599754919166
1599754920188
1599754921207
1599754922226
1599754923241
1599754924258
1599754925275
1599754926289
1599754927308
1599754928318
1599754929334
1599754930343
1599754931355
1599754932374
1599754933385
1599754934400
1599754935422
1599754936432
1599754937448
1599754938464
1599754939480
1599754940490
1599754941509
1599754942520
1599754943534
1599754944545
1599754945551
1599754946561
1599754947573
1599754948589
1599754949598
1599754950606
1599754951617
1599754952630
1599754953647
1599754954657
1599754955667
1599754956678
1599754957690
1599754958703
1599754959713
1599754960722
1599754961736
1599754962747
1599754963759
1599754964777
1599754965790
1599754966796
1599754967809
1599754968823
1599754969831
1599754970845
1599754971853
1599754972867
1599754973878
1599754974895
1599754975908
1599754976925
1599754977935
1599754978945
1599754979956
1599754980967
1599754981975
1599754982983
1599754983992
1599754985006
1599754986017
1599754987025
1599754988034
1599754989049
1599754990061
1599754991072
1599754992081
1599754993090
1599754994107
1599754995119
1599754996130
1599754997145
1599754998155
1599754999166
1599755000180
1599755001189
1599755002204
1599755003218
1599755004232
1599755005238
1599755006248
1599755007254
1599755008262
1599755009275
1599755010283
1599755011295
1599755012312
1599755013322
1599755014336
1599755015344
1599755016353
1599755017363
1599755018373
1599755019385
1599755020394
1599755021403
1599755022421
1599755023431
1599755024442
1599755025447
1599755026456
1599755027466
1599755028477
1599755029490
1599755030501
1599755031510
1599755032523
1599755033533
1599755034546
1599755035555
1599755036566
1599755037575
1599755038583
1599755039594
1599755040604
1599755041611
1599755042623
1599755043636
1599755044645
1599755045663
1599755046675
1599755047692
1599755048703
1599755049719
1599755050727
1599755051737
1599755052752
1599755053761
1599755054769
1599755055778
1599755056785
1599755057797
1599755058804
1599755059814
1599755060821
1599755061834
1599755062843
1599755063850
1599755064861
1599755065872
1599755066887
1599755067897
1599755068919
1599755069932
1599755070938
1599755071954
1599755072965
1599755073977
1599755074989
1599755075999
1599755077008
1599755078023
1599755079033
1599755080041
1599755081055
1599755082064
1599755083080
1599755084087
1599755085097
1599755086109
1599755087121
1599755088132
1599755089141
1599755090150
1599755091161
1599755092176
1599755093185
1599755094194
1599755095201
1599755096209
1599755097224
1599755098233
1599755099244
1599755100256
1599755101271
1599755102284
1599755103298
1599755104311
1599755105325
1599755106332
1599755107343
1599755108353
1599755109361
1599755110373
1599755111386
1599755112394
1599755113417
1599755114426
1599755115436
1599755116445
1599755117454
1599755118465
1599755119471
1599755120483
1599755121497
1599755122509
1599755123522
1599755124533
1599755125549
1599755126565
1599755127582
1599755128608
1599755129621
1599755130633
1599755131649
1599755132665
1599755133678
1599755134687
1599755135695
1599755136704
1599755137718
1599755138733
1599755139744
1599755140751
1599755141780
1599755142795
1599755143805
1599755144814
1599755145829
1599755146835
1599755147852
1599755148863
1599755149870
1599755150878
1599755151891
1599755152902
1599755153921
1599755154927
1599755155940
1599755156962
1599755157970
1599755158980
1599755159993
1599755161010
1599755162025
1599755163036
1599755164049
1599755165065
1599755166073
1599755167078
1599755168090
1599755169098
1599755170109
1599755171125
1599755172137
1599755173149
1599755174163
1599755175178
1599755176189
1599755177204
1599755178214
1599755179222
1599755180233
1599755181252
1599755182268
1599755183274
1599755184286
1599755185301
1599755186317
1599755187329
1599755188353
1599755189364
1599755190371
1599755191381
1599755192387
1599755193395
1599755194405
1599755195417
1599755196426
1599755197436
1599755198442
1599755199452
1599755200468
1599755201484
1599755202497
1599755203513
1599755204525
1599755205542
1599755206558
1599755207569
1599755208581
1599755209595
1599755210609
1599755211623
1599755212628
1599755213645
1599755214656
1599755215669
1599755216678
1599755217688
1599755218702
1599755219712
1599755220718
1599755221731
1599755222739
1599755223747
1599755224759
1599755225765
1599755226792
1599755227798
1599755228813
1599755229825
1599755230836
1599755231855
1599755232865
1599755233877
1599755234887
1599755235893
1599755236907
1599755237921
1599755238934
1599755239949
1599755240961
1599755241973
1599755242985
1599755243997
1599755245002
1599755246016
1599755247028
1599755248040
1599755249054
1599755250065
1599755251077
1599755252090
1599755253104
1599755254112
1599755255126
1599755256136
1599755257147
1599755258157
1599755259164
1599755260176
1599755261185
1599755262196
1599755263205
1599755264213
1599755265222
1599755266230
1599755267239
1599755268247
1599755269258
1599755270267
1599755271285
1599755272294
1599755273309
1599755274322
1599755275338
1599755276351
1599755277361
1599755278369
1599755279385
1599755280393
1599755281407
1599755282416
1599755283429
1599755284444
1599755285457
1599755286463
1599755287470
1599755288481
1599755289499
1599755290520
1599755291533
1599755292549
1599755293565
1599755294577
1599755295593
1599755296608
1599755297618
1599755298629
1599755299637
1599755300650
1599755301665
1599755302681
1599755303697
1599755304709
1599755305728
1599755306738
1599755307752
1599755308761
1599755309772
1599755310785
1599755311797
1599755312809
1599755313817
1599755314828
1599755315837
1599755316847
1599755317863
1599755318880
1599755319889
1599755320905
1599755321917
1599755322929
1599755323939
1599755324948
1599755325966
1599755326985
1599755328001
1599755329016
1599755330032
1599755331040
1599755332049
1599755333061
1599755334074
1599755335085
1599755336101
1599755337112
1599755338127
1599755339137
1599755340153
1599755341166
1599755342178
1599755343186
1599755344194
1599755345204
1599755346213
1599755347223
1599755348235
1599755349247
1599755350257
1599755351268
1599755352275
1599755353283
1599755354292
1599755355305
1599755356311
1599755357321
1599755358326
1599755359337
1599755360349
1599755361361
1599755362371
1599755363385
1599755364394
1599755365402
1599755366413
1599755367423
1599755368437
1599755369443
1599755370450
1599755371460
1599755372467
1599755373474
1599755374485
1599755375496
1599755376507
1599755377520
1599755378529
1599755379538
1599755380549
1599755381559
1599755382567
1599755383574
1599755384593
1599755385606
1599755386622
1599755387630
1599755388646
1599755389658
1599755390677
1599755391689
1599755392701
1599755393711
1599755394722
1599755395730
1599755396738
1599755397746
1599755398753
1599755399765
1599755400775
1599755401786
1599755402802
1599755403817
1599755404830
1599755405842
1599755406864
1599755407877
1599755408895
1599755409924
1599755410946
1599755411964
1599755412973
1599755413982
1599755415011
1599755416025
1599755417032
1599755418047
1599755419054
1599755420076
1599755421089
1599755422100
1599755423111
1599755424131
1599755425146
1599755426163
1599755427183
1599755428203
1599755429216
1599755430244
1599755431257
1599755432273
1599755433295
1599755434310
1599755435323
1599755436332
1599755437344
1599755438365
1599755439374
1599755440396
1599755441412
1599755442424
1599755443441
1599755444457
1599755445480
1599755446512
1599755447532
1599755448541
1599755449551
1599755450560
1599755451575
1599755452589
1599755453595
1599755454608
1599755455615
1599755456624
1599755457632
1599755458647
1599755459656
1599755460665
1599755461674
1599755462684
1599755463708
1599755464719
1599755465729
1599755466741
1599755467751
1599755468761
1599755469774
1599755470786
1599755471794
1599755472810
1599755473818
1599755474836
1599755475851
1599755476869
1599755477888
1599755478898
1599755479910
1599755480927
1599755481947
1599755482965
1599755483981
1599755484997
1599755486012
1599755487028
1599755488044
1599755489058
1599755490079
1599755491095
1599755492113
1599755493130
1599755494147
1599755495163
1599755496178
1599755497189
1599755498197
1599755499217
1599755500238
1599755501272
1599755502285
1599755503306
1599755504320
1599755505328
1599755506349
1599755507364
1599755508380
1599755509389
1599755510401
1599755511425
1599755512430
1599755513443
1599755514464
1599755515475
1599755516493
1599755517505
1599755518522
1599755519537
1599755520549
1599755521561
1599755522582
1599755523604
1599755524615
1599755525629
1599755526644
1599755527657
1599755528673
1599755529689
1599755530705
1599755531731
1599755532753
1599755533773
1599755534786
1599755535806
1599755536823
1599755537845
1599755538855
1599755539862
1599755540883
1599755541892
1599755542901
1599755543914
1599755544925
1599755545941
1599755546951
1599755547965
1599755548982
1599755549993
1599755551019
1599755552029
1599755553043
1599755554056
1599755555069
1599755556083
1599755557099
1599755558115
1599755559128
1599755560150
1599755561164
1599755562178
1599755563189
1599755564205
1599755565217
1599755566229
1599755567245
1599755568252
1599755569264
1599755570275
1599755571292
1599755572306
1599755573320
1599755574329
1599755575345
1599755576367
1599755577381
1599755578396
1599755579416
1599755580429
1599755581445
1599755582465
1599755583481
1599755584503
1599755585527
1599755586540
1599755587557
1599755588579
1599755589591
1599755590612
1599755591620
1599755592627
1599755593635
1599755594644
1599755595657
1599755596672
1599755597681
1599755598691
1599755599708
1599755600716
1599755601736
1599755602757
1599755603769
1599755604782
1599755605798
1599755606806
1599755607821
1599755608832
1599755609845
1599755610856
1599755611873
1599755612881
1599755613898
1599755614913
1599755615922
1599755616929
1599755617940
1599755618949
1599755619965
1599755620981
1599755621997
1599755623006
1599755624018
1599755625029
1599755626041
1599755627054
1599755628063
1599755629079
1599755630089
1599755631104
1599755632113
1599755633129
1599755634141
1599755635149
1599755636164
1599755637177
1599755638193
1599755639208
1599755640222
1599755641232
1599755642247
1599755643262
1599755644270
1599755645285
1599755646301
1599755647313
1599755648332
1599755649355
1599755650365
1599755651386
1599755652401
1599755653411
1599755654420
1599755655438
1599755656453
1599755657464
1599755658473
1599755659488
1599755660501
1599755661513
1599755662529
1599755663551
1599755664564
1599755665573
1599755666589
1599755667606
1599755668625
1599755669633
1599755670647
1599755671661
1599755672676
1599755673683
1599755674697
1599755675706
1599755676721
1599755677729
1599755678741
1599755679752
1599755680768
1599755681776
1599755682790
1599755683796
1599755684805
1599755685812
1599755686820
1599755687829
1599755688845
1599755689857
1599755690873
1599755691886
1599755692901
1599755693915
1599755694929
1599755695941
1599755696950
1599755697958
1599755698967
1599755699981
1599755700993
1599755702009
1599755703021
1599755704037
1599755705047
1599755706057
1599755707072
1599755708087
1599755709100
1599755710110
1599755711125
1599755712136
1599755713148
1599755714161
1599755715173
1599755716186
1599755717201
1599755718216
1599755719222
1599755720237
1599755721253
1599755722265
1599755723278
1599755724289
1599755725304
1599755726314
1599755727329
1599755728345
1599755729360
1599755730369
1599755731385
1599755732401
1599755733421
1599755734436
1599755735448
1599755736461
1599755737470
1599755738481
1599755739497
1599755740512
1599755741524
1599755742532
1599755743544
1599755744566
1599755745577
1599755746583
1599755747594
1599755748609
1599755749625
1599755750637
1599755751652
1599755752671
1599755753684
1599755754693
1599755755706
1599755756715
1599755757725
1599755758737
1599755759748
1599755760756
1599755761765
1599755762777
1599755763793
1599755764805
1599755765817
1599755766831
1599755767847
1599755768861
1599755769873
1599755770889
1599755771906
1599755772920
1599755773929
1599755774945
1599755775960
1599755776969
1599755777985
1599755779002
1599755780018
1599755781033
1599755782040
1599755783047
1599755784060
1599755785072
1599755786085
1599755787091
1599755788096
1599755789108
1599755790123
1599755791136
1599755792144
1599755793153
1599755794165
1599755795177
1599755796193
1599755797204
1599755798213
1599755799231
1599755800250
1599755801261
1599755802273
1599755803290
1599755804303
1599755805314
1599755806330
1599755807342
1599755808351
1599755809359
1599755810366
1599755811373
1599755812386
1599755813392
1599755814405
1599755815417
1599755816427
1599755817440
1599755818453
1599755819466
1599755820489
1599755821501
1599755822514
1599755823522
1599755824531
1599755825551
1599755826558
1599755827564
1599755828573
1599755829585
1599755830597
1599755831605
1599755832621
1599755833638
1599755834649
1599755835663
1599755836676
1599755837701
1599755838723
1599755839737
1599755840742
1599755841763
1599755842776
1599755843792
1599755844805
1599755845820
1599755846833
1599755847839
1599755848849
1599755849857
1599755850865
1599755851881
1599755852892
1599755853905
1599755854914
1599755855921
1599755856937
1599755857949
1599755858961
1599755859975
1599755860982
1599755861993
1599755863004
1599755864020
1599755865033
1599755866044
1599755867052
1599755868069
1599755869081
1599755870092
1599755871101
1599755872117
1599755873133
1599755874145
1599755875156
1599755876171
1599755877187
1599755878205
1599755879219
1599755880225
1599755881239
1599755882255
1599755883275
1599755884288
1599755885305
1599755886326
1599755887344
1599755888360
1599755889373
1599755890394
1599755891409
1599755892423
1599755893436
1599755894451
1599755895465
1599755896482
1599755897501
1599755898523
1599755899544
1599755900565
1599755901581
1599755902593
1599755903611
1599755904620
1599755905634
1599755906645
1599755907679
1599755908691
1599755909704
1599755910715
1599755911744
1599755912765
1599755913774
1599755914785
1599755915801
1599755916819
1599755917835
1599755918845
1599755919850
1599755920860
1599755921868
1599755922879
1599755923893
1599755924914
1599755925925
1599755926937
1599755927954
1599755928968
1599755929984
1599755931005
1599755932018
1599755933035
1599755934044
1599755935053
1599755936061
1599755937072
1599755938085
1599755939101
1599755940115
1599755941131
1599755942146
1599755943160
1599755944167
1599755945186
1599755946200
1599755947209
1599755948228
1599755949240
1599755950252
1599755951265
1599755952275
1599755953285
1599755954294
1599755955309
1599755956323
1599755957332
1599755958345
1599755959354
1599755960368
1599755961383
1599755962390
1599755963403
1599755964414
1599755965424
1599755966441
1599755967452
1599755968465
1599755969477
1599755970485
1599755971497
1599755972508
1599755973516
1599755974524
1599755975535
1599755976561
1599755977570
1599755978582
1599755979596
1599755980609
1599755981622
1599755982635
1599755983645
1599755984656
1599755985672
1599755986681
1599755987690
1599755988705
1599755989716
1599755990726
1599755991736
1599755992742
1599755993756
1599755994769
1599755995779
1599755996797
1599755997808
1599755998816
1599755999824
1599756000835
1599756001848
1599756002854
1599756003864
1599756004878
1599756005889
1599756006897
1599756007910
1599756008929
1599756009947
1599756010955
1599756011965
1599756012974
1599756013983
1599756014990
1599756016000
1599756017010
1599756018017
1599756019030
1599756020038
1599756021049
1599756022061
1599756023071
1599756024079
1599756025095
1599756026104
1599756027112
1599756028124
1599756029134
1599756030145
1599756031161
1599756032169
1599756033177
1599756034192
1599756035210
1599756036216
1599756037231
1599756038248
1599756039265
1599756040280
1599756041297
1599756042314
1599756043327
1599756044338
1599756045348
1599756046356
1599756047367
1599756048381
1599756049392
1599756050405
1599756051436
1599756052447
1599756053462
1599756054473
1599756055490
1599756056503
1599756057511
1599756058519
1599756059529
1599756060538
1599756061549
1599756062565
1599756063577
1599756064588
1599756065605
1599756066617
1599756067629
1599756068639
1599756069650
1599756070661
1599756071676
1599756072688
1599756073700
1599756074709
1599756075714
1599756076728
1599756077735
1599756078745
1599756079754
1599756080762
1599756081770
1599756082785
1599756083796
1599756084809
1599756085821
1599756086832
1599756087841
1599756088853
1599756089864
1599756090874
1599756091885
1599756092897
1599756093908
1599756094915
1599756095929
1599756096950
1599756097966
1599756098974
1599756099982
1599756100998
1599756102029
1599756103039
1599756104046
1599756105057
1599756106065
1599756107076
1599756108088
1599756109099
1599756110111
1599756111123
1599756112132
1599756113143
1599756114160
1599756115172
1599756116183
1599756117195
1599756118206
1599756119212
1599756120218
1599756121233
1599756122242
1599756123257
1599756124265
1599756125275
1599756126284
1599756127298
1599756128307
1599756129314
1599756130321
1599756131330
1599756132341
1599756133350
1599756134360
1599756135369
1599756136376
1599756137385
1599756138393
1599756139400
1599756140408
1599756141419
1599756142436
1599756143458
1599756144479
1599756145489
1599756146505
1599756147514
1599756148524
1599756149530
1599756150538
1599756151549
1599756152555
1599756153566
1599756154574
1599756155579
1599756156585
1599756157596
1599756158613
1599756159621
1599756160628
1599756161634
1599756162645
1599756163656
1599756164673
1599756165685
1599756166699
1599756167707
1599756168721
1599756169733
1599756170748
1599756171756
1599756172768
1599756173778
1599756174796
1599756175813
1599756176829
1599756177845
1599756178862
1599756179875
1599756180889
1599756181900
1599756182909
1599756183917
1599756184929
1599756185937
1599756186945
1599756187956
1599756188974
1599756189990
1599756191005
1599756192016
1599756193021
1599756194030
1599756195038
1599756196046
1599756197054
1599756198062
1599756199077
1599756200086
1599756201096
1599756202109
1599756203131
1599756204141
1599756205156
1599756206173
1599756207187
1599756208199
1599756209207
1599756210220
1599756211230
1599756212243
1599756213253
1599756214262
1599756215270
1599756216278
1599756217289
1599756218299
1599756219315
1599756220326
1599756221334
1599756222348
1599756223366
1599756224380
1599756225389
1599756226397
1599756227425
1599756228457
1599756229473
1599756230485
1599756231506
1599756232516
1599756233530
1599756234537
1599756235552
1599756236566
1599756237597
1599756238614
1599756239629
1599756240641
1599756241657
1599756242673
1599756243690
1599756244702
1599756245710
1599756246725
1599756247734
1599756248743
1599756249752
1599756250761
1599756251773
1599756252786
1599756253807
1599756254817
1599756255828
1599756256842
1599756257856
1599756258871
1599756259887
1599756260898
1599756261913
1599756262927
1599756263942
1599756264956
1599756265968
1599756266984
1599756267995
1599756269013
1599756270024
1599756271033
1599756272044
1599756273058
1599756274075
1599756275097
1599756276113
1599756277133
1599756278149
1599756279161
1599756280172
1599756281179
1599756282188
1599756283193
1599756284205
1599756285212
1599756286226
1599756287238
1599756288255
1599756289272
1599756290283
1599756291292
1599756292303
1599756293310
1599756294321
1599756295337
1599756296349
1599756297367
1599756298376
1599756299392
1599756300405
1599756301420
1599756302436
1599756303449
1599756304461
1599756305468
1599756306481
1599756307496
1599756308504
1599756309515
1599756310522
1599756311533
1599756312550
1599756313561
1599756314573
1599756315592
1599756316601
1599756317610
1599756318626
1599756319640
1599756320650
1599756321658
1599756322666
1599756323674
1599756324685
1599756325697
1599756326713
1599756327718
1599756328728
1599756329737
1599756330750
1599756331762
1599756332771
1599756333785
1599756334808
1599756335818
1599756336835
1599756337845
1599756338861
1599756339878
1599756340892
1599756341900
1599756342912
1599756343927
1599756344938
1599756345953
1599756346966
1599756347982
1599756348999
1599756350014
1599756351028
1599756352040
1599756353053
1599756354069
1599756355085
1599756356104
1599756357114
1599756358127
1599756359143
1599756360152
1599756361169
1599756362182
1599756363192
1599756364204
1599756365214
1599756366234
1599756367246
1599756368258
1599756369273
1599756370289
1599756371300
1599756372309
1599756373327
1599756374336
1599756375342
1599756376353
1599756377365
1599756378381
1599756379393
1599756380423
1599756381432
1599756382440
1599756383448
1599756384462
1599756385473
1599756386485
1599756387501
1599756388517
1599756389530
1599756390544
1599756391556
1599756392567
1599756393581
1599756394590
1599756395602
1599756396612
1599756397620
1599756398638
1599756399647
1599756400666
1599756401686
1599756402694
1599756403718
1599756404728
1599756405738
1599756406752
1599756407762
1599756408800
1599756409818
1599756410837
1599756411845
1599756412857
1599756413865
1599756414872
1599756415889
1599756416905
1599756417919
1599756418929
1599756419955
1599756420978
1599756421988
1599756422996
1599756424014
1599756425027
1599756426035
1599756427046
1599756428054
1599756429065
1599756430079
1599756431105
1599756432119
1599756433126
1599756434137
1599756435150
1599756436168
1599756437181
1599756438197
1599756439204
1599756440213
1599756441222
1599756442237
1599756443246
1599756444261
1599756445277
1599756446290
1599756447304
1599756448320
1599756449339
1599756450360
1599756451382
1599756452417
1599756453433
1599756454445
1599756455473
1599756456491
1599756457500
1599756458517
1599756459534
1599756460546
1599756461558
1599756462573
1599756463592
1599756464604
1599756465614
1599756466625
1599756467640
1599756468655
1599756469665
1599756470683
1599756471692
1599756472706
1599756473722
1599756474737
1599756475749
1599756476762
1599756477779
1599756478785
1599756479795
1599756480809
1599756481821
1599756482839
1599756483849
1599756484861
1599756485871
1599756486880
1599756487892
1599756488901
1599756489908
1599756490921
1599756491925
1599756492938
1599756493946
1599756494959
1599756495966
1599756496978
1599756497988
1599756498997
1599756500006
1599756501014
1599756502023
1599756503038
1599756504044
1599756505064
1599756506071
1599756507088
1599756508100
1599756509109
1599756510122
1599756511128
1599756512134
1599756513151
1599756514160
1599756515168
1599756516179
1599756517190
1599756518197
1599756519209
1599756520226
1599756521239
1599756522252
1599756523264
1599756524270
1599756525281
1599756526292
1599756527305
1599756528311
1599756529322
1599756530338
1599756531353
1599756532370
1599756533385
1599756534400
1599756535405
1599756536422
1599756537430
1599756538442
1599756539446
1599756540459
1599756541470
1599756542481
1599756543490
1599756544502
1599756545510
1599756546525
1599756547533
1599756548542
1599756549557
1599756550569
1599756551583
1599756552599
1599756553609
1599756554622
1599756555631
1599756556642
1599756557657
1599756558668
1599756559677
1599756560689
1599756561696
1599756562709
1599756563717
1599756564727
1599756565732
1599756566738
1599756567745
1599756568752
1599756569758
1599756570767
1599756571776
1599756572784
1599756573804
1599756574811
1599756575822
1599756576831
1599756577838
1599756578856
1599756579879
1599756580891
1599756581900
1599756582908
1599756583918
1599756584932
1599756585940
1599756586946
1599756587954
1599756588967
1599756589980
1599756590997
1599756592018
1599756593026
1599756594046
1599756595060
1599756596074
1599756597095
1599756598115
1599756599129
1599756600145
1599756601159
1599756602171
1599756603182
1599756604190
1599756605201
1599756606210
1599756607222
1599756608237
1599756609250
1599756610258
1599756611270
1599756612278
1599756613285
1599756614294
1599756615309
1599756616315
1599756617324
1599756618334
1599756619342
1599756620354
1599756621365
1599756622385
1599756623400
1599756624412
1599756625422
1599756626437
1599756627444
1599756628455
1599756629460
1599756630473
1599756631485
1599756632489
1599756633502
1599756634518
1599756635535
1599756636548
1599756637562
1599756638578
1599756639598
1599756640610
1599756641621
1599756642634
1599756643645
1599756644658
1599756645665
1599756646678
1599756647686
1599756648710
1599756649727
1599756650743
1599756651750
1599756652758
1599756653768
1599756654777
1599756655789
1599756656800
1599756657811
1599756658827
1599756659838
1599756660852
1599756661858
1599756662872
1599756663880
1599756664896
1599756665903
1599756666914
1599756667925
1599756668942
1599756669957
1599756670976
1599756671996
1599756673018
1599756674034
1599756675049
1599756676058
1599756677073
1599756678090
1599756679105
1599756680131
1599756681151
1599756682161
1599756683171
1599756684181
1599756685193
1599756686204
1599756687214
1599756688224
1599756689233
1599756690243
1599756691253
1599756692261
1599756693270
1599756694281
1599756695293
1599756696298
1599756697317
1599756698333
1599756699348
1599756700360
1599756701374
1599756702384
1599756703404
1599756704418
1599756705429
1599756706440
1599756707453
1599756708472
1599756709488
1599756710497
1599756711507
1599756712522
1599756713530
1599756714542
1599756715554
1599756716564
1599756717580
1599756718586
1599756719601
1599756720616
1599756721625
1599756722636
1599756723651
1599756724665
1599756725677
1599756726686
1599756727697
1599756728718
1599756729726
1599756730741
1599756731748
1599756732755
1599756733773
1599756734780
1599756735786
1599756736793
1599756737800
1599756738811
1599756739821
1599756740832
1599756741845
1599756742857
1599756743868
1599756744879
1599756745890
1599756746903
1599756747914
1599756748927
1599756749935
1599756750946
1599756751955
1599756752966
1599756753981
1599756754999
1599756756041
1599756757058
1599756758073
1599756759085
1599756760101
1599756761118
1599756762133
1599756763144
1599756764156
1599756765170
1599756766183
1599756767193
1599756768202
1599756769217
1599756770226
1599756771240
1599756772249
1599756773261
1599756774273
1599756775285
1599756776299
1599756777309
1599756778318
1599756779333
1599756780347
1599756781366
1599756782380
1599756783386
1599756784395
1599756785405
1599756786414
1599756787425
1599756788432
1599756789443
1599756790453
1599756791472
1599756792481
1599756793491
1599756794504
1599756795509
1599756796523
1599756797542
1599756798559
1599756799568
1599756800577
1599756801584
1599756802591
1599756803605
1599756804618
1599756805630
1599756806639
1599756807653
1599756808669
1599756809691
1599756810701
1599756811713
1599756812734
1599756813741
1599756814763
1599756815785
1599756816805
1599756817821
1599756818831
1599756819843
1599756820851
1599756821857
1599756822868
1599756823874
1599756824886
1599756825902
1599756826911
1599756827931
1599756828940
1599756829951
1599756830965
1599756831975
1599756832982
1599756833998
1599756835006
1599756836016
1599756837032
1599756838054
1599756839065
1599756840085
1599756841093
1599756842101
1599756843115
1599756844129
1599756845141
1599756846155
1599756847164
1599756848177
1599756849192
1599756850205
1599756851231
1599756852246
1599756853254
1599756854264
1599756855279
1599756856285
1599756857294
1599756858302
1599756859307
1599756860323
1599756861335
1599756862342
1599756863351
1599756864361
1599756865380
1599756866389
1599756867399
1599756868414
1599756869430
1599756870435
1599756871447
1599756872454
1599756873463
1599756874476
1599756875486
1599756876495
1599756877506
1599756878513
1599756879526
1599756880538
1599756881554
1599756882564
1599756883573
1599756884588
1599756885597
1599756886610
1599756887624
1599756888632
1599756889644
1599756890658
1599756891669
1599756892682
1599756893698
1599756894710
1599756895722
1599756896730
1599756897739
1599756898746
1599756899755
1599756900765
1599756901790
1599756902817
1599756903829
1599756904845
1599756905873
1599756906884
1599756907897
1599756908922
1599756909932
1599756910941
1599756911951
1599756912961
1599756913973
1599756914982
1599756915993
1599756917000
1599756918010
1599756919018
1599756920026
1599756921034
1599756922049
1599756923057
1599756924065
1599756925088
1599756926100
1599756927106
1599756928123
1599756929136
1599756930150
1599756931163
1599756932175
1599756933184
1599756934195
1599756935204
1599756936212
1599756937225
1599756938230
1599756939246
1599756940256
1599756941265
1599756942279
1599756943290
1599756944301
1599756945312
1599756946326
1599756947339
1599756948349
1599756949358
1599756950370
1599756951386
1599756952408
1599756953420
1599756954426
1599756955437
1599756956455
1599756957464
1599756958473
1599756959485
1599756960498
1599756961509
1599756962529
1599756963540
1599756964562
1599756965572
1599756966597
1599756967621
1599756968646
1599756969663
1599756970674
1599756971687
1599756972704
1599756973714
1599756974721
1599756975741
1599756976749
1599756977761
1599756978769
1599756979780
1599756980792
1599756981804
1599756982817
1599756983837
1599756984847
1599756985857
1599756986867
1599756987877
1599756988882
1599756989896
1599756990905
1599756991922
1599756992930
1599756993939
1599756994946
1599756995957
1599756996972
1599756997981
1599756998993
1599757000005
1599757001013
1599757002025
1599757003039
1599757004050
1599757005060
1599757006069
1599757007079
1599757008088
1599757009100
1599757010110
1599757011130
1599757012138
1599757013150
1599757014173
1599757015189
1599757016203
1599757017219
1599757018229
1599757019246
1599757020267
1599757021282
1599757022308
1599757023322
1599757024336
1599757025346
1599757026355
1599757027362
1599757028376
1599757029389
1599757030401
1599757031414
1599757032428
1599757033436
1599757034452
1599757035462
1599757036473
1599757037485
1599757038506
1599757039525
1599757040545
1599757041557
1599757042573
1599757043588
1599757044601
1599757045613
1599757046619
1599757047626
1599757048638
1599757049651
1599757050661
1599757051672
1599757052681
1599757053701
1599757054721
1599757055730
1599757056742
1599757057753
1599757058761
1599757059770
1599757060786
1599757061801
1599757062815
1599757063824
1599757064839
1599757065855
1599757066873
1599757067889
1599757068908
1599757069918
1599757070932
1599757071945
1599757072957
1599757073971
1599757074981
1599757075991
1599757077005
1599757078015
1599757079033
1599757080051
1599757081058
1599757082073
1599757083088
1599757084101
1599757085115
1599757086129
1599757087147
1599757088153
1599757089166
1599757090173
1599757091184
1599757092195
1599757093206
1599757094213
1599757095229
1599757096239
1599757097253
1599757098265
1599757099277
1599757100289
1599757101301
1599757102314
1599757103330
1599757104343
1599757105354
1599757106372
1599757107385
1599757108408
1599757109421
1599757110430
1599757111447
1599757112456
1599757113464
1599757114480
1599757115491
1599757116505
1599757117536
1599757118542
1599757119552
1599757120572
1599757121585
1599757122592
1599757123601
1599757124621
1599757125633
1599757126644
1599757127660
1599757128678
1599757129693
1599757130702
1599757131718
1599757132726
1599757133743
1599757134757
1599757135768
1599757136782
1599757137794
1599757138809
1599757139825
1599757140833
1599757141846
1599757142864
1599757143877
1599757144892
1599757145900
1599757146914
1599757147925
1599757148936
1599757149949
1599757150961
1599757151973
1599757152981
1599757153992
1599757155003
1599757156013
1599757157021
1599757158036
1599757159047
1599757160057
1599757161066
1599757162077
1599757163090
1599757164105
1599757165120
1599757166135
1599757167145
1599757168160
1599757169168
1599757170178
1599757171190
1599757172201
1599757173217
1599757174235
1599757175246
1599757176265
1599757177276
1599757178285
1599757179290
1599757180309
1599757181319
1599757182332
1599757183341
1599757184361
1599757185371
1599757186380
1599757187390
1599757188396
1599757189411
1599757190425
1599757191438
1599757192446
1599757193455
1599757194465
1599757195480
1599757196509
1599757197523
1599757198534
1599757199545
1599757200557
1599757201569
1599757202585
1599757203592
1599757204605
1599757205614
1599757206624
1599757207634
1599757208649
1599757209658
1599757210668
1599757211683
1599757212693
1599757213708
1599757214716
1599757215725
1599757216736
1599757217754
1599757218771
1599757219786
1599757220797
1599757221808
1599757222823
1599757223836
1599757224843
1599757225852
1599757226867
1599757227880
1599757228888
1599757229902
1599757230917
1599757231939
1599757232960
1599757233980
1599757234998
1599757236010
1599757237030
1599757238038
1599757239048
1599757240060
1599757241073
1599757242085
1599757243101
1599757244113
1599757245134
1599757246145
1599757247157
1599757248169
1599757249191
1599757250201
1599757251217
1599757252229
1599757253244
1599757254256
1599757255267
1599757256276
1599757257289
1599757258305
1599757259317
1599757260350
1599757261360
1599757262373
1599757263389
1599757264401
1599757265430
1599757266444
1599757267458
1599757268477
1599757269492
1599757270507
1599757271517
1599757272536
1599757273551
1599757274561
1599757275582
1599757276593
1599757277605
1599757278617
1599757279629
1599757280641
1599757281655
1599757282666
1599757283681
1599757284697
1599757285706
1599757286717
1599757287726
1599757288737
1599757289746
1599757290769
1599757291785
1599757292796
1599757293806
1599757294825
1599757295834
1599757296849
1599757297855
1599757298864
1599757299875
1599757300885
1599757301906
1599757302919
1599757303936
1599757304949
1599757305966
1599757306988
1599757308000
1599757309015
1599757310024
1599757311048
1599757312066
1599757313078
1599757314091
1599757315104
1599757316113
1599757317129
1599757318144
1599757319157
1599757320172
1599757321186
1599757322202
1599757323213
1599757324231
1599757325249
1599757326257
1599757327268
1599757328281
1599757329303
1599757330318
1599757331329
1599757332342
1599757333352
1599757334370
1599757335388
1599757336400
1599757337419
1599757338433
1599757339459
1599757340482
1599757341499
1599757342520
1599757343533
1599757344549
1599757345566
1599757346581
1599757347593
1599757348608
1599757349618
1599757350631
1599757351647
1599757352657
1599757353690
1599757354717
1599757355727
1599757356744
1599757357755
1599757358769
1599757359788
1599757360801
1599757361813
1599757362837
1599757363856
1599757364872
1599757365881
1599757366894
1599757367910
1599757368928
1599757369938
1599757370950
1599757371960
1599757372972
1599757373986
1599757374997
1599757376010
1599757377023
1599757378033
1599757379042
1599757380053
1599757381068
1599757382085
1599757383097
1599757384105
1599757385119
1599757386129
1599757387138
1599757388147
1599757389153
1599757390167
1599757391186
1599757392208
1599757393218
1599757394226
1599757395236
1599757396245
1599757397254
1599757398263
1599757399273
1599757400284
1599757401292
1599757402308
1599757403322
1599757404333
1599757405342
1599757406362
1599757407374
1599757408393
1599757409408
1599757410422
1599757411433
1599757412442
1599757413452
1599757414467
1599757415476
1599757416490
1599757417505
1599757418522
1599757419537
1599757420549
1599757421581
1599757422596
1599757423610
1599757424622
1599757425630
1599757426643
1599757427660
1599757428669
1599757429677
1599757430688
1599757431702
1599757432713
1599757433724
1599757434735
1599757435746
1599757436759
1599757437776
1599757438789
1599757439802
1599757440811
1599757441828
1599757442837
1599757443849
1599757444858
1599757445871
1599757446879
1599757447887
1599757448899
1599757449908
1599757450918
1599757451926
1599757452933
1599757453942
1599757454953
1599757455962
1599757456972
1599757457982
1599757458996
1599757460007
1599757461023
1599757462032
1599757463046
1599757464057
1599757465067
1599757466079
1599757467093
1599757468107
1599757469123
1599757470132
1599757471138
1599757472149
1599757473162
1599757474173
1599757475184
1599757476197
1599757477209
1599757478219
1599757479227
1599757480233
1599757481246
1599757482257
1599757483271
1599757484282
1599757485290
1599757486298
1599757487306
1599757488317
1599757489328
1599757490340
1599757491346
1599757492355
1599757493368
1599757494381
1599757495393
1599757496403
1599757497414
1599757498423
1599757499433
1599757500443
1599757501454
1599757502465
1599757503477
1599757504483
1599757505492
1599757506509
1599757507518
1599757508527
1599757509536
1599757510550
1599757511560
1599757512566
1599757513579
1599757514588
1599757515605
1599757516615
1599757517625
1599757518634
1599757519650
1599757520662
1599757521673
1599757522681
1599757523698
1599757524708
1599757525725
1599757526737
1599757527757
1599757528778
1599757529794
1599757530804
1599757531812
1599757532822
1599757533836
1599757534846
1599757535856
1599757536869
1599757537878
1599757538890
1599757539902
1599757540909
1599757541920
1599757542935
1599757543948
1599757544960
1599757545976
1599757546989
1599757548002
1599757549019
1599757550033
1599757551046
1599757552056
1599757553065
1599757554071
1599757555082
1599757556090
1599757557098
1599757558109
1599757559124
1599757560141
1599757561153
1599757562164
1599757563174
1599757564187
1599757565201
1599757566212
1599757567218
1599757568229
1599757569241
1599757570258
1599757571271
1599757572288
1599757573305
1599757574317
1599757575325
1599757576338
1599757577353
1599757578369
1599757579380
1599757580394
1599757581407
1599757582421
1599757583430
1599757584439
1599757585447
1599757586454
1599757587462
1599757588472
1599757589480
1599757590488
1599757591501
1599757592516
1599757593524
1599757594536
1599757595548
1599757596563
1599757597570
1599757598579
1599757599586
1599757600593
1599757601609
1599757602625
1599757603641
1599757604659
1599757605670
1599757606679
1599757607689
1599757608697
1599757609708
1599757610727
1599757611740
1599757612749
1599757613764
1599757614781
1599757615794
1599757616805
1599757617814
1599757618820
1599757619834
1599757620847
1599757621863
1599757622875
1599757623891
1599757624902
1599757625920
1599757626940
1599757627950
1599757628957
1599757629969
1599757630985
1599757631997
1599757633008
1599757634024
1599757635029
1599757636035
1599757637046
1599757638052
1599757639061
1599757640071
1599757641079
1599757642091
1599757643109
1599757644123
1599757645136
1599757646143
1599757647152
1599757648162
1599757649174
1599757650187
1599757651200
1599757652217
1599757653225
1599757654237
1599757655246
1599757656261
1599757657270
1599757658282
1599757659295
1599757660310
1599757661326
1599757662333
1599757663342
1599757664351
1599757665361
1599757666373
1599757667381
1599757668394
1599757669409
1599757670418
1599757671426
1599757672438
1599757673445
1599757674454
1599757675465
1599757676477
1599757677485
1599757678498
1599757679511
1599757680521
1599757681536
1599757682554
1599757683565
1599757684580
1599757685588
1599757686597
1599757687610
1599757688618
1599757689630
1599757690638
1599757691648
1599757692657
1599757693670
1599757694682
1599757695696
1599757696702
1599757697711
1599757698718
1599757699727
1599757700743
1599757701753
1599757702765
1599757703777
1599757704788
1599757705800
1599757706809
1599757707819
1599757708827
1599757709834
1599757710846
1599757711854
1599757712881
1599757713891
1599757714907
1599757715914
1599757716937
1599757717949
1599757718956
1599757719967
1599757720982
1599757721995
1599757723005
1599757724018
1599757725030
1599757726038
1599757727048
1599757728058
1599757729067
1599757730074
1599757731085
1599757732101
1599757733113
1599757734126
1599757735134
1599757736145
1599757737157
1599757738169
1599757739180
1599757740193
1599757741204
1599757742218
1599757743233
1599757744245
1599757745257
1599757746270
1599757747280
1599757748289
1599757749298
1599757750304
1599757751317
1599757752326
1599757753341
1599757754350
1599757755356
1599757756370
1599757757377
1599757758390
1599757759405
1599757760419
1599757761428
1599757762436
1599757763441
1599757764455
1599757765465
1599757766474
1599757767482
1599757768492
1599757769504
1599757770514
1599757771527
1599757772538
1599757773550
1599757774562
1599757775571
1599757776583
1599757777592
1599757778602
1599757779611
1599757780633
1599757781641
1599757782660
1599757783670
1599757784681
1599757785693
1599757786708
1599757787720
1599757788726
1599757789737
1599757790744
1599757791752
1599757792767
1599757793775
1599757794782
1599757795789
1599757796804
1599757797817
1599757798832
1599757799852
1599757800861
1599757801877
1599757802897
1599757803914
1599757804922
1599757805930
1599757806940
1599757807954
1599757808967
1599757809976
1599757810991
1599757812005
1599757813021
1599757814033
1599757815052
1599757816065
1599757817073
1599757818089
1599757819105
1599757820134
1599757821144
1599757822159
1599757823178
1599757824195
1599757825204
1599757826217
1599757827225
1599757828236
1599757829245
1599757830258
1599757831266
1599757832277
1599757833287
1599757834294
1599757835303
1599757836313
1599757837318
1599757838328
1599757839339
1599757840353
1599757841368
1599757842380
1599757843390
1599757844400
1599757845415
1599757846423
1599757847431
1599757848444
1599757849455
1599757850464
1599757851487
1599757852497
1599757853531
1599757854541
1599757855555
1599757856578
1599757857585
1599757858597
1599757859603
1599757860612
1599757861622
1599757862630
1599757863641
1599757864653
1599757865662
1599757866681
1599757867699
1599757868706
1599757869717
1599757870727
1599757871735
1599757872742
1599757873750
1599757874759
1599757875769
1599757876776
1599757877786
1599757878814
1599757879833
1599757880845
1599757881854
1599757882862
1599757883874
1599757884885
1599757885901
1599757886914
1599757887923
1599757888935
1599757889948
1599757890956
1599757891963
1599757892970
1599757893978
1599757894988
1599757895998
1599757897013
1599757898024
1599757899041
1599757900052
1599757901061
1599757902078
1599757903088
1599757904097
1599757905106
1599757906118
1599757907135
1599757908145
1599757909153
1599757910165
1599757911170
1599757912185
1599757913200
1599757914211
1599757915231
1599757916245
1599757917260
1599757918269
1599757919290
1599757920310
1599757921329
1599757922336
1599757923347
1599757924357
1599757925370
1599757926381
1599757927396
1599757928405
1599757929422
1599757930432
1599757931439
1599757932449
1599757933457
1599757934471
1599757935482
1599757936489
1599757937498
1599757938511
1599757939524
1599757940535
1599757941545
1599757942553
1599757943559
1599757944570
1599757945581
1599757946593
1599757947605
1599757948615
1599757949626
1599757950638
1599757951650
1599757952659
1599757953671
1599757954678
1599757955687
1599757956716
1599757957724
1599757958730
1599757959741
1599757960757
1599757961769
1599757962786
1599757963797
1599757964808
1599757965816
1599757966827
1599757967834
1599757968845
1599757969857
1599757970862
1599757971876
1599757972890
1599757973897
1599757974909
1599757975924
1599757976934
1599757977944
1599757978951
1599757979960
1599757980972
1599757981982
1599757982993
1599757984005
1599757985013
1599757986019
1599757987028
1599757988040
1599757989048
1599757990058
1599757991071
1599757992084
1599757993099
1599757994114
1599757995125
1599757996144
1599757997166
1599757998183
1599757999192
1599758000204
1599758001215
1599758002228
1599758003241
1599758004251
1599758005260
1599758006266
1599758007273
1599758008288
1599758009319
1599758010336
1599758011343
1599758012352
1599758013367
1599758014372
1599758015380
1599758016389
1599758017398
1599758018411
1599758019426
1599758020436
1599758021445
1599758022455
1599758023467
1599758024477
1599758025492
1599758026502
1599758027517
1599758028526
1599758029541
1599758030551
1599758031564
1599758032572
1599758033589
1599758034603
1599758035611
1599758036621
1599758037634
1599758038649
1599758039660
1599758040671
1599758041683
1599758042696
1599758043710
1599758044719
1599758045726
1599758046738
1599758047755
1599758048766
1599758049779
1599758050791
1599758051802
1599758052831
1599758053841
1599758054862
1599758055876
1599758056892
1599758057903
1599758058912
1599758059922
1599758060939
1599758061949
1599758062961
1599758063968
1599758064980
1599758065992
1599758067005
1599758068017
1599758069036
1599758070048
1599758071064
1599758072073
1599758073081
1599758074095
1599758075103
1599758076112
1599758077126
1599758078134
1599758079149
1599758080158
1599758081177
1599758082189
1599758083199
1599758084218
1599758085229
1599758086238
1599758087249
1599758088273
1599758089288
1599758090300
1599758091308
1599758092318
1599758093327
1599758094336
1599758095345
1599758096358
1599758097368
1599758098377
1599758099386
1599758100398
1599758101412
1599758102423
1599758103434
1599758104444
1599758105454
1599758106466
1599758107475
1599758108486
1599758109494
1599758110509
1599758111521
1599758112537
1599758113547
1599758114559
1599758115568
1599758116579
1599758117586
1599758118593
1599758119600
1599758120621
1599758121635
1599758122642
1599758123648
1599758124658
1599758125669
1599758126684
1599758127693
1599758128704
1599758129711
1599758130734
1599758131743
1599758132759
1599758133773
1599758134783
1599758135798
1599758136812
1599758137828
1599758138838
1599758139857
1599758140866
1599758141875
1599758142884
1599758143896
1599758144906
1599758145920
1599758146932
1599758147944
1599758148952
1599758149966
1599758150982
1599758151994
1599758153009
1599758154026
1599758155044
1599758156055
1599758157068
1599758158082
1599758159098
1599758160113
1599758161127
1599758162140
1599758163153
1599758164169
1599758165184
1599758166199
1599758167213
1599758168226
1599758169237
1599758170250
1599758171258
1599758172269
1599758173301
1599758174321
1599758175340
1599758176348
1599758177357
1599758178370
1599758179384
1599758180396
1599758181413
1599758182441
1599758183459
1599758184468
1599758185480
1599758186492
1599758187503
1599758188526
1599758189540
1599758190552
1599758191565
1599758192586
1599758193598
1599758194605
1599758195617
1599758196632
1599758197644
1599758198661
1599758199673
1599758200691
1599758201702
1599758202712
1599758203726
1599758204738
1599758205760
1599758206769
1599758207788
1599758208796
1599758209812
1599758210825
1599758211841
1599758212857
1599758213867
1599758214880
1599758215892
1599758216904
1599758217921
1599758218944
1599758219953
1599758220965
1599758221981
1599758222997
1599758224013
1599758225031
1599758226045
1599758227055
1599758228064
1599758229081
1599758230098
1599758231106
1599758232122
1599758233142
1599758234158
1599758235175
1599758236189
1599758237204
1599758238217
1599758239226
1599758240237
1599758241250
1599758242269
1599758243286
1599758244302
1599758245317
1599758246329
1599758247347
1599758248361
1599758249377
1599758250392
1599758251400
1599758252413
1599758253429
1599758254444
1599758255460
1599758256472
1599758257482
1599758258494
1599758259510
1599758260525
1599758261541
1599758262553
1599758263566
1599758264581
1599758265589
1599758266600
1599758267609
1599758268625
1599758269639
1599758270655
1599758271665
1599758272681
1599758273696
1599758274712
1599758275720
1599758276732
1599758277744
1599758278755
1599758279767
1599758280785
1599758281798
1599758282813
1599758283821
1599758284828
1599758285836
1599758286848
1599758287869
1599758288900
1599758289935
1599758290945
1599758291961
1599758292977
1599758293993
1599758295009
1599758296029
1599758297046
1599758298061
1599758299072
1599758300086
1599758301101
1599758302115
1599758303130
1599758304141
1599758305162
1599758306174
1599758307188
1599758308196
1599758309212
1599758310228
1599758311242
1599758312257
1599758313273
1599758314289
1599758315305
1599758316322
1599758317344
1599758318358
1599758319382
1599758320400
1599758321409
1599758322427
1599758323442
1599758324455
1599758325468
1599758326477
1599758327488
1599758328496
1599758329512
1599758330524
1599758331533
1599758332546
1599758333560
1599758334565
1599758335572
1599758336585
1599758337599
1599758338613
1599758339629
1599758340645
1599758341665
1599758342685
1599758343700
1599758344712
1599758345721
1599758346731
1599758347740
1599758348751
1599758349765
1599758350780
1599758351792
1599758352816
1599758353828
1599758354840
1599758355856
1599758356864
1599758357876
1599758358888
1599758359904
1599758360920
1599758361937
1599758362945
1599758363960
1599758364972
1599758365989
1599758367005
1599758368017
1599758369035
1599758370049
1599758371063
1599758372073
1599758373085
1599758374101
1599758375113
1599758376120
1599758377133
1599758378146
1599758379160
1599758380172
1599758381187
1599758382194
1599758383205
1599758384216
1599758385225
1599758386241
1599758387246
1599758388255
1599758389266
1599758390280
1599758391289
1599758392294
1599758393309
1599758394324
1599758395358
1599758396363
1599758397381
1599758398394
1599758399408
1599758400421
1599758401434
1599758402457
1599758403469
1599758404482
1599758405493
1599758406509
1599758407525
1599758408547
1599758409558
1599758410573
1599758411585
1599758412595
1599758413608
1599758414620
1599758415631
1599758416643
1599758417665
1599758418677
1599758419684
1599758420698
1599758421706
1599758422716
1599758423725
1599758424739
1599758425749
1599758426765
1599758427777
1599758428785
1599758429798
1599758430809
1599758431824
1599758432835
1599758433842
1599758434854
1599758435873
1599758436885
1599758437896
1599758438909
1599758439923
1599758440936
1599758441943
1599758442958
1599758443977
1599758444989
1599758446006
1599758447016
1599758448027
1599758449041
1599758450060
1599758451073
1599758452085
1599758453096
1599758454109
1599758455123
1599758456155
1599758457178
1599758458193
1599758459205
1599758460221
1599758461229
1599758462245
1599758463252
1599758464271
1599758465287
1599758466303
1599758467317
1599758468329
1599758469345
1599758470358
1599758471370
1599758472381
1599758473397
1599758474409
1599758475426
1599758476444
1599758477452
1599758478460
1599758479476
1599758480489
1599758481508
1599758482520
1599758483532
1599758484545
1599758485557
1599758486569
1599758487583
1599758488593
1599758489602
1599758490614
1599758491629
1599758492645
1599758493655
1599758494671
1599758495685
1599758496696
1599758497701
1599758498716
1599758499726
1599758500739
1599758501753
1599758502778
1599758503789
1599758504805
1599758505821
1599758506833
1599758507841
1599758508855
1599758509873
1599758510889
1599758511904
1599758512921
1599758513927
1599758514941
1599758515956
1599758516973
1599758517985
1599758518993
1599758520004
1599758521017
1599758522028
1599758523036
1599758524050
1599758525058
1599758526073
1599758527085
1599758528099
1599758529111
1599758530125
1599758531137
1599758532151
1599758533161
1599758534172
1599758535188
1599758536203
1599758537217
1599758538233
1599758539251
1599758540267
1599758541282
1599758542293
1599758543308
1599758544331
1599758545351
1599758546365
1599758547380
1599758548414
1599758549430
1599758550445
1599758551457
1599758552472
1599758553484
1599758554497
1599758555513
1599758556529
1599758557545
1599758558559
1599758559572
1599758560585
1599758561601
1599758562617
1599758563629
1599758564641
1599758565654
1599758566665
1599758567684
1599758568698
1599758569712
1599758570725
1599758571737
1599758572754
1599758573761
1599758574768
1599758575781
1599758576797
1599758577808
1599758578818
1599758579848
1599758580855
1599758581865
1599758582872
1599758583881
1599758584893
1599758585904
1599758586912
1599758587923
1599758588932
1599758589939
1599758590948
1599758591957
1599758592990
1599758594005
1599758595016
1599758596024
1599758597030
1599758598039
1599758599048
1599758600060
1599758601068
1599758602082
1599758603106
1599758604127
1599758605141
1599758606157
1599758607176
1599758608197
1599758609213
1599758610226
1599758611243
1599758612251
1599758613269
1599758614284
1599758615298
1599758616310
1599758617321
1599758618337
1599758619353
1599758620377
1599758621389
1599758622398
1599758623409
1599758624417
1599758625429
1599758626449
1599758627461
1599758628467
1599758629481
1599758630499
1599758631512
1599758632525
1599758633541
1599758634554
1599758635561
1599758636575
1599758637588
1599758638605
1599758639619
1599758640632
1599758641648
1599758642664
1599758643676
1599758644689
1599758645705
1599758646720
1599758647726
1599758648742
1599758649757
1599758650770
1599758651784
1599758652803
1599758653817
1599758654827
1599758655841
1599758656853
1599758657870
1599758658882
1599758659893
1599758660905
1599758661913
1599758662925
1599758663942
1599758664952
1599758665961
1599758666975
1599758667990
1599758669005
1599758670021
1599758671042
1599758672053
1599758673070
1599758674090
1599758675110
1599758676126
1599758677138
1599758678150
1599758679171
1599758680191
1599758681211
1599758682221
1599758683237
1599758684250
1599758685261
1599758686281
1599758687297
1599758688314
1599758689326
1599758690341
1599758691358
1599758692376
1599758693387
1599758694400
1599758695415
1599758696429
1599758697449
1599758698470
1599758699481
1599758700494
1599758701502
1599758702517
1599758703538
1599758704557
1599758705566
1599758706587
1599758707597
1599758708609
1599758709620
1599758710628
1599758711641
1599758712664
1599758713674
1599758714692
1599758715701
1599758716721
1599758717730
1599758718737
1599758719746
1599758720757
1599758721768
1599758722780
1599758723793
1599758724805
1599758725817
1599758726834
1599758727845
1599758728849
1599758729861
1599758730870
1599758731882
1599758732894
1599758733905
1599758734930
1599758735939
1599758736949
1599758737958
1599758738970
1599758739980
1599758740996
1599758742010
1599758743022
1599758744038
1599758745050
1599758746063
1599758747077
1599758748089
1599758749097
1599758750108
1599758751129
1599758752144
1599758753152
1599758754166
1599758755177
1599758756194
1599758757205
1599758758214
1599758759224
1599758760232
1599758761248
1599758762255
1599758763264
1599758764273
1599758765289
1599758766305
1599758767328
1599758768342
1599758769359
1599758770374
1599758771390
1599758772398
1599758773409
1599758774424
1599758775437
1599758776449
1599758777453
1599758778467
1599758779477
1599758780493
1599758781509
1599758782525
1599758783537
1599758784556
1599758785571
1599758786581
1599758787593
1599758788612
1599758789625
1599758790632
1599758791643
1599758792661
1599758793673
1599758794689
1599758795713
1599758796725
1599758797737
1599758798750
1599758799764
1599758800789
1599758801800
1599758802813
1599758803829
1599758804854
1599758805868
1599758806890
1599758807901
1599758808916
1599758809930
1599758810945
1599758811959
1599758812973
1599758813984
1599758815001
1599758816013
1599758817028
1599758818045
1599758819061
1599758820077
1599758821093
1599758822112
1599758823125
1599758824138
1599758825149
1599758826157
1599758827171
1599758828183
1599758829197
1599758830209
1599758831221
1599758832235
1599758833245
1599758834259
1599758835273
1599758836289
1599758837300
1599758838313
1599758839329
1599758840345
1599758841359
1599758842368
1599758843385
1599758844396
1599758845405
1599758846421
1599758847435
1599758848449
1599758849461
1599758850477
1599758851493
1599758852508
1599758853523
1599758854536
1599758855548
1599758856557
1599758857574
1599758858589
1599758859597
1599758860608
1599758861621
1599758862637
1599758863655
1599758864669
1599758865680
1599758866692
1599758867704
1599758868717
1599758869731
1599758870741
1599758871757
1599758872772
1599758873785
1599758874804
1599758875817
1599758876833
1599758877845
1599758878858
1599758879873
1599758880893
1599758881920
1599758882937
1599758883953
1599758884974
1599758885985
1599758886998
1599758888010
1599758889021
1599758890033
1599758891046
1599758892058
1599758893069
1599758894081
1599758895088
1599758896098
1599758897107
1599758898125
1599758899137
1599758900148
1599758901156
1599758902166
1599758903177
1599758904185
1599758905197
1599758906208
1599758907214
1599758908225
1599758909236
1599758910251
1599758911262
1599758912273
1599758913288
1599758914297
1599758915313
1599758916329
1599758917339
1599758918353
1599758919370
1599758920377
1599758921388
1599758922398
1599758923410
1599758924422
1599758925434
1599758926446
1599758927455
1599758928469
1599758929494
1599758930506
1599758931521
1599758932533
1599758933545
1599758934561
1599758935577
1599758936590
1599758937605
1599758938622
1599758939638
1599758940653
1599758941661
1599758942677
1599758943690
1599758944710
1599758945720
1599758946727
1599758947737
1599758948753
1599758949769
1599758950779
1599758951789
1599758952796
1599758953803
1599758954810
1599758955817
1599758956833
1599758957861
1599758958877
1599758959892
1599758960908
1599758961924
1599758962937
1599758963949
1599758964961
1599758965977
1599758966993
1599758968005
1599758969030
1599758970044
1599758971059
1599758972073
1599758973093
1599758974108
1599758975129
1599758976150
1599758977180
1599758978195
1599758979210
1599758980225
1599758981241
1599758982257
1599758983278
1599758984290
1599758985304
1599758986317
1599758987333
1599758988343
1599758989362
1599758990380
1599758991393
1599758992411
1599758993426
1599758994441
1599758995460
1599758996468
1599758997476
1599758998488
1599758999498
1599759000509
1599759001522
1599759002536
1599759003548
1599759004562
1599759005583
1599759006607
1599759007617
1599759008628
1599759009640
1599759010661
1599759011680
1599759012695
1599759013711
1599759014727
1599759015737
1599759016754
1599759017766
1599759018790
1599759019804
1599759020816
1599759021830
1599759022841
1599759023849
1599759024860
1599759025870
1599759026881
1599759027888
1599759028900
1599759029910
1599759030917
1599759031928
1599759032937
1599759033956
1599759034978
1599759035993
1599759037002
1599759038016
1599759039033
1599759040046
1599759041058
1599759042067
1599759043085
1599759044096
1599759045107
1599759046118
1599759047133
1599759048142
1599759049150
1599759050162
1599759051177
1599759052193
1599759053203
1599759054216
1599759055243
1599759056256
1599759057272
1599759058282
1599759059298
1599759060313
1599759061329
1599759062338
1599759063350
1599759064361
1599759065376
1599759066386
1599759067393
1599759068406
1599759069421
1599759070428
1599759071439
1599759072450
1599759073466
1599759074477
1599759075509
1599759076516
1599759077525
1599759078532
1599759079538
1599759080554
1599759081565
1599759082579
1599759083587
1599759084599
1599759085614
1599759086637
1599759087652
1599759088668
1599759089682
1599759090696
1599759091709
1599759092716
1599759093727
1599759094741
1599759095757
1599759096778
1599759097792
1599759098803
1599759099814
1599759100824
1599759101834
1599759102843
1599759103851
1599759104865
1599759105878
1599759106887
1599759107894
1599759108903
1599759109913
1599759110922
1599759111935
1599759112943
1599759113953
1599759114965
1599759115977
1599759116983
1599759117990
1599759118998
1599759120007
1599759121019
1599759122031
1599759123041
1599759124055
1599759125064
1599759126070
1599759127079
1599759128088
1599759129098
1599759130115
1599759131130
1599759132142
1599759133160
1599759134170
1599759135185
1599759136203
1599759137216
1599759138225
1599759139239
1599759140253
1599759141266
1599759142273
1599759143286
1599759144297
1599759145308
1599759146316
1599759147328
1599759148337
1599759149347
1599759150364
1599759151371
1599759152378
1599759153389
1599759154399
1599759155409
1599759156423
1599759157434
1599759158450
1599759159465
1599759160474
1599759161489
1599759162500
1599759163506
1599759164517
1599759165528
1599759166540
1599759167549
1599759168557
1599759169571
1599759170581
1599759171590
1599759172600
1599759173611
1599759174618
1599759175627
1599759176638
1599759177669
1599759178685
1599759179701
1599759180717
1599759181726
1599759182734
1599759183743
1599759184753
1599759185768
1599759186777
1599759187786
1599759188806
1599759189817
1599759190829
1599759191833
1599759192849
1599759193867
1599759194877
1599759195887
1599759196897
1599759197912
1599759198934
1599759199949
1599759200964
1599759201973
1599759202991
1599759204002
1599759205022
1599759206037
1599759207045
1599759208059
1599759209073
1599759210085
1599759211100
1599759212113
1599759213120
1599759214140
1599759215150
1599759216162
1599759217177
1599759218185
1599759219196
1599759220205
1599759221225
1599759222237
1599759223252
1599759224266
1599759225280
1599759226296
1599759227306
1599759228323
1599759229337
1599759230343
1599759231358
1599759232369
1599759233385
1599759234397
1599759235410
1599759236422
1599759237432
1599759238442
1599759239450
1599759240460
1599759241470
1599759242482
1599759243491
1599759244505
1599759245514
1599759246523
1599759247537
1599759248551
1599759249560
1599759250567
1599759251576
1599759252588
1599759253596
1599759254613
1599759255624
1599759256640
1599759257651
1599759258664
1599759259672
1599759260689
1599759261697
1599759262702
1599759263717
1599759264728
1599759265735
1599759266750
1599759267765
1599759268778
1599759269793
1599759270807
1599759271827
1599759272833
1599759273842
1599759274852
1599759275862
1599759276873
1599759277885
1599759278898
1599759279907
1599759280913
1599759281921
1599759282932
1599759283942
1599759284953
1599759285965
1599759286979
1599759287992
1599759289009
1599759290024
1599759291037
1599759292050
1599759293061
1599759294075
1599759295089
1599759296105
1599759297122
1599759298130
1599759299141
1599759300151
1599759301161
1599759302194
1599759303212
1599759304222
1599759305237
1599759306256
1599759307265
1599759308275
1599759309283
1599759310293
1599759311300
1599759312317
1599759313330
1599759314351
1599759315360
1599759316372
1599759317380
1599759318390
1599759319400
1599759320408
1599759321418
1599759322429
1599759323441
1599759324455
1599759325463
1599759326470
1599759327481
1599759328489
1599759329502
1599759330512
1599759331518
1599759332529
1599759333541
1599759334557
1599759335569
1599759336577
1599759337593
1599759338601
1599759339610
1599759340618
1599759341629
1599759342636
1599759343644
1599759344654
1599759345667
1599759346682
1599759347696
1599759348708
1599759349720
1599759350734
1599759351748
1599759352758
1599759353770
1599759354778
1599759355793
1599759356808
1599759357821
1599759358829
1599759359841
1599759360853
1599759361868
1599759362885
1599759363901
1599759364911
1599759365925
1599759366934
1599759367946
1599759368956
1599759369969
1599759370982
1599759371996
1599759373009
1599759374022
1599759375033
1599759376048
1599759377059
1599759378069
1599759379082
1599759380099
1599759381105
1599759382123
1599759383135
1599759384158
1599759385167
1599759386178
1599759387198
1599759388208
1599759389224
1599759390233
1599759391245
1599759392258
1599759393277
1599759394287
1599759395296
1599759396316
1599759397324
1599759398338
1599759399349
1599759400370
1599759401385
1599759402405
1599759403421
1599759404432
1599759405448
1599759406462
1599759407473
1599759408482
1599759409491
1599759410501
1599759411511
1599759412526
1599759413534
1599759414542
1599759415554
1599759416561
1599759417581
1599759418591
1599759419608
1599759420615
1599759421630
1599759422640
1599759423647
1599759424657
1599759425670
1599759426679
1599759427686
1599759428703
1599759429714
1599759430730
1599759431741
1599759432758
1599759433770
1599759434783
1599759435798
1599759436819
1599759437832
1599759438843
1599759439853
1599759440868
1599759441881
1599759442897
1599759443909
1599759444917
1599759445932
1599759446942
1599759447956
1599759448968
1599759449980
1599759450989
1599759452000
1599759453017
1599759454031
1599759455037
1599759456048
1599759457061
1599759458073
1599759459085
1599759460096
1599759461103
1599759462113
1599759463124
1599759464134
1599759465145
1599759466159
1599759467169
1599759468178
1599759469192
1599759470206
1599759471220
1599759472237
1599759473248
1599759474254
1599759475269
1599759476281
1599759477293
1599759478305
1599759479317
1599759480333
1599759481339
1599759482353
1599759483364
1599759484372
1599759485385
1599759486397
1599759487413
1599759488426
1599759489440
1599759490448
1599759491461
1599759492467
1599759493480
1599759494486
1599759495493
1599759496506
1599759497517
1599759498526
1599759499541
1599759500553
1599759501563
1599759502576
1599759503583
1599759504590
1599759505598
1599759506613
1599759507621
1599759508626
1599759509638
1599759510647
1599759511660
1599759512673
1599759513684
1599759514699
1599759515713
1599759516722
1599759517734
1599759518747
1599759519757
1599759520767
1599759521780
1599759522796
1599759523807
1599759524817
1599759525826
1599759526834
1599759527844
1599759528859
1599759529872
1599759530884
1599759531894
1599759532903
1599759533915
1599759534933
1599759535944
1599759536956
1599759537974
1599759538984
1599759539998
1599759541025
1599759542037
1599759543048
1599759544061
1599759545072
1599759546077
1599759547089
1599759548098
1599759549113
1599759550123
1599759551135
1599759552149
1599759553163
1599759554173
1599759555188
1599759556200
1599759557213
1599759558225
1599759559241
1599759560254
1599759561268
1599759562282
1599759563297
1599759564313
1599759565330
1599759566341
1599759567357
1599759568369
1599759569380
1599759570390
1599759571397
1599759572405
1599759573421
1599759574434
1599759575449
1599759576454
1599759577470
1599759578477
1599759579489
1599759580499
1599759581507
1599759582525
1599759583559
1599759584568
1599759585580
1599759586590
1599759587601
1599759588613
1599759589623
1599759590642
1599759591652
1599759592664
1599759593670
1599759594683
1599759595692
1599759596707
1599759597723
1599759598733
1599759599744
1599759600754
1599759601766
1599759602782
1599759603794
1599759604803
1599759605815
1599759606822
1599759607833
1599759608845
1599759609856
1599759610868
1599759611878
1599759612891
1599759613898
1599759614907
1599759615914
1599759616925
1599759617937
1599759618950
1599759619963
1599759620971
1599759621982
1599759622994
1599759624004
1599759625020
1599759626025
1599759627037
1599759628043
1599759629053
1599759630077
1599759631089
1599759632096
1599759633103
1599759634122
1599759635135
1599759636148
1599759637163
1599759638176
1599759639186
1599759640194
1599759641205
1599759642213
1599759643223
1599759644237
1599759645252
1599759646266
1599759647279
1599759648290
1599759649304
1599759650320
1599759651332
1599759652354
1599759653364
1599759654375
1599759655383
1599759656403
1599759657414
1599759658422
1599759659431
1599759660441
1599759661449
1599759662457
1599759663469
1599759664478
1599759665495
1599759666511
1599759667528
1599759668540
1599759669548
1599759670570
1599759671594
1599759672611
1599759673625
1599759674641
1599759675649
1599759676660
1599759677675
1599759678685
1599759679700
1599759680711
1599759681727
1599759682734
1599759683743
1599759684751
1599759685763
1599759686778
1599759687793
1599759688807
1599759689813
1599759690828
1599759691840
1599759692849
1599759693862
1599759694878
1599759695886
1599759696900
1599759697914
1599759698922
1599759699933
1599759700946
1599759701959
1599759702970
1599759703984
1599759704997
1599759706017
1599759707025
1599759708038
1599759709047
1599759710056
1599759711069
1599759712078
1599759713091
1599759714102
1599759715113
1599759716124
1599759717137
1599759718150
1599759719160
1599759720168
1599759721187
1599759722200
1599759723217
1599759724229
1599759725240
1599759726265
1599759727280
1599759728290
1599759729302
1599759730311
1599759731322
1599759732335
1599759733345
1599759734356
1599759735370
1599759736381
1599759737395
1599759738418
1599759739433
1599759740450
1599759741461
1599759742479
1599759743489
1599759744501
1599759745514
1599759746529
1599759747550
1599759748569
1599759749585
1599759750598
1599759751613
1599759752625
1599759753636
1599759754648
1599759755657
1599759756665
1599759757686
1599759758698
1599759759716
1599759760726
1599759761749
1599759762761
1599759763766
1599759764781
1599759765796
1599759766824
1599759767837
1599759768850
1599759769865
1599759770882
1599759771898
1599759772921
1599759773926
1599759774937
1599759775953
1599759776968
1599759777985
1599759778999
1599759780013
1599759781029
1599759782043
1599759783057
1599759784073
1599759785086
1599759786097
1599759787118
1599759788133
1599759789148
1599759790158
1599759791172
1599759792190
1599759793204
1599759794217
1599759795229
1599759796240
1599759797246
1599759798264
1599759799273
1599759800289
1599759801302
1599759802317
1599759803334
1599759804344
1599759805353
1599759806374
1599759807384
1599759808407
1599759809423
1599759810439
1599759811453
1599759812465
1599759813477
1599759814493
1599759815513
1599759816522
1599759817536
1599759818561
1599759819575
1599759820589
1599759821605
1599759822625
1599759823643
1599759824674
1599759825687
1599759826708
1599759827719
1599759828727
1599759829735
1599759830744
1599759831754
1599759832768
1599759833777
1599759834797
1599759835809
1599759836825
1599759837838
1599759838853
1599759839863
1599759840873
1599759841890
1599759842901
1599759843912
1599759844929
1599759845941
1599759846958
1599759847970
1599759848980
1599759849990
1599759850995
1599759852004
1599759853014
1599759854025
1599759855042
1599759856053
1599759857062
1599759858077
1599759859090
1599759860103
1599759861115
1599759862125
1599759863143
1599759864155
1599759865163
1599759866172
1599759867184
1599759868193
1599759869209
1599759870222
1599759871232
1599759872251
1599759873271
1599759874288
1599759875300
1599759876320
1599759877333
1599759878342
1599759879357
1599759880368
1599759881377
1599759882387
1599759883398
1599759884407
1599759885416
1599759886431
1599759887456
1599759888470
1599759889488
1599759890501
1599759891517
1599759892528
1599759893537
1599759894549
1599759895560
1599759896568
1599759897575
1599759898589
1599759899603
1599759900617
1599759901629
1599759902646
1599759903663
1599759904682
1599759905697
1599759906708
1599759907721
1599759908733
1599759909750
1599759910770
1599759911784
1599759912799
1599759913813
1599759914845
1599759915861
1599759916876
1599759917888
1599759918898
1599759919908
1599759920917
1599759921932
1599759922945
1599759923957
1599759924973
1599759925989
1599759927018
1599759928039
1599759929048
1599759930061
1599759931078
1599759932093
1599759933111
1599759934125
1599759935141
1599759936161
1599759937187
1599759938202
1599759939217
1599759940225
1599759941241
1599759942256
1599759943271
1599759944285
1599759945311
1599759946324
1599759947332
1599759948343
1599759949353
1599759950369
1599759951382
1599759952393
1599759953403
1599759954416
1599759955427
1599759956441
1599759957457
1599759958471
1599759959485
1599759960492
1599759961502
1599759962517
1599759963533
1599759964550
1599759965563
1599759966573
1599759967585
1599759968600
1599759969609
1599759970628
1599759971640
1599759972653
1599759973668
1599759974682
1599759975691
1599759976699
1599759977706
1599759978716
1599759979728
1599759980737
1599759981749
1599759982766
1599759983776
1599759984783
1599759985793
1599759986813
1599759987829
1599759988851
1599759989867
1599759990877
1599759991893
1599759992904
1599759993913
1599759994930
1599759995945
1599759996961
1599759997972
1599759998977
1599759999986
1599760001002
1599760002013
1599760003023
1599760004036
1599760005048
1599760006062
1599760007075
1599760008086
1599760009100
1599760010113
1599760011128
1599760012144
1599760013158
1599760014176
1599760015189
1599760016201
1599760017211
1599760018226
1599760019242
1599760020256
1599760021278
1599760022289
1599760023311
1599760024321
1599760025332
1599760026345
1599760027373
1599760028389
1599760029418
1599760030433
1599760031443
1599760032457
1599760033467
1599760034474
1599760035485
1599760036494
1599760037515
1599760038523
1599760039535
1599760040552
1599760041561
1599760042565
1599760043581
1599760044592
1599760045604
1599760046618
1599760047625
1599760048634
1599760049645
1599760050656
1599760051669
1599760052682
1599760053698
1599760054709
1599760055717
1599760056726
1599760057737
1599760058750
1599760059757
1599760060768
1599760061781
1599760062793
1599760063809
1599760064826
1599760065841
1599760066857
1599760067866
1599760068889
1599760069903
1599760070921
1599760071937
1599760072955
1599760073974
1599760074994
1599760076003
1599760077021
1599760078034
1599760079054
1599760080067
1599760081079
1599760082088
1599760083100
1599760084117
1599760085134
1599760086143
1599760087162
1599760088169
1599760089181
1599760090197
1599760091213
1599760092232
1599760093242
1599760094258
1599760095272
1599760096288
1599760097301
1599760098312
1599760099328
1599760100367
1599760101383
1599760102403
1599760103417
1599760104443
1599760105457
1599760106474
1599760107492
1599760108502
1599760109519
1599760110533
1599760111545
1599760112555
1599760113567
1599760114580
1599760115597
1599760116619
1599760117632
1599760118648
1599760119664
1599760120676
1599760121700
1599760122718
1599760123729
1599760124738
1599760125751
1599760126767
1599760127782
1599760128805
1599760129827
1599760130838
1599760131856
1599760132876
1599760133886
1599760134905
1599760135926
1599760136935
1599760137951
1599760138962
1599760139974
1599760141003
1599760142020
1599760143039
1599760144056
1599760145066
1599760146077
1599760147089
1599760148102
1599760149117
1599760150133
1599760151146
1599760152157
1599760153173
1599760154203
1599760155217
1599760156227
1599760157242
1599760158262
1599760159280
1599760160294
1599760161325
1599760162346
1599760163359
1599760164369
1599760165384
1599760166398
1599760167414
1599760168432
1599760169454
1599760170474
1599760171491
1599760172502
1599760173520
1599760174530
1599760175538
1599760176552
1599760177563
1599760178576
1599760179583
1599760180593
1599760181606
1599760182614
1599760183626
1599760184641
1599760185654
1599760186666
1599760187678
1599760188690
1599760189705
1599760190720
1599760191729
1599760192742
1599760193756
1599760194765
1599760195771
1599760196790
1599760197805
1599760198819
1599760199830
1599760200842
1599760201847
1599760202857
1599760203883
1599760204909
1599760205922
1599760206933
1599760207948
1599760208961
1599760209979
1599760210988
1599760212002
1599760213013
1599760214021
1599760215029
1599760216040
1599760217060
1599760218067
1599760219080
1599760220087
1599760221098
1599760222108
1599760223115
1599760224125
1599760225135
1599760226153
1599760227164
1599760228172
1599760229182
1599760230192
1599760231205
1599760232218
1599760233228
1599760234237
1599760235245
1599760236262
1599760237272
1599760238280
1599760239293
1599760240305
1599760241313
1599760242329
1599760243337
1599760244345
1599760245360
1599760246369
1599760247381
1599760248404
1599760249414
1599760250423
1599760251430
1599760252441
1599760253453
1599760254464
1599760255474
1599760256489
1599760257501
1599760258521
1599760259531
1599760260541
1599760261549
1599760262564
1599760263574
1599760264585
1599760265592
1599760266606
1599760267622
1599760268634
1599760269649
1599760270662
1599760271674
1599760272685
1599760273693
1599760274706
1599760275721
1599760276734
1599760277745
1599760278760
1599760279768
1599760280782
1599760281796
1599760282808
1599760283824
1599760284833
1599760285842
1599760286849
1599760287863
1599760288886
1599760289896
1599760290903
1599760291912
1599760292933
1599760293953
1599760294962
1599760295975
1599760296990
1599760298003
1599760299015
1599760300022
1599760301032
1599760302038
1599760303051
1599760304063
1599760305074
1599760306089
1599760307101
1599760308116
1599760309135
1599760310148
1599760311161
1599760312172
1599760313188
1599760314202
1599760315210
1599760316218
1599760317232
1599760318241
1599760319253
1599760320269
1599760321281
1599760322297
1599760323307
1599760324317
1599760325326
1599760326335
1599760327345
1599760328351
1599760329361
1599760330370
1599760331379
1599760332393
1599760333405
1599760334416
1599760335428
1599760336439
1599760337449
1599760338458
1599760339469
1599760340484
1599760341499
1599760342518
1599760343535
1599760344545
1599760345552
1599760346566
1599760347576
1599760348585
1599760349596
1599760350613
1599760351623
1599760352633
1599760353654
1599760354674
1599760355689
1599760356696
1599760357705
1599760358714
1599760359722
1599760360732
1599760361744
1599760362756
1599760363767
1599760364779
1599760365788
1599760366800
1599760367815
1599760368826
1599760369833
1599760370851
1599760371858
1599760372868
1599760373874
1599760374883
1599760375895
1599760376903
1599760377913
1599760378922
1599760379930
1599760380941
1599760381957
1599760382971
1599760383981
1599760384991
1599760386004
1599760387014
1599760388030
1599760389039
1599760390049
1599760391059
1599760392073
1599760393089
1599760394095
1599760395102
1599760396114
1599760397122
1599760398129
1599760399140
1599760400153
1599760401163
1599760402170
1599760403184
1599760404193
1599760405202
1599760406210
1599760407218
1599760408225
1599760409239
1599760410251
1599760411265
1599760412273
1599760413278
1599760414291
1599760415301
1599760416311
1599760417319
1599760418326
1599760419335
1599760420342
1599760421351
1599760422373
1599760423391
1599760424403
1599760425416
1599760426428
1599760427441
1599760428455
1599760429471
1599760430485
1599760431493
1599760432515
1599760433534
1599760434549
1599760435568
1599760436577
1599760437589
1599760438609
1599760439627
1599760440638
1599760441649
1599760442665
1599760443679
1599760444687
1599760445709
1599760446720
1599760447739
1599760448760
1599760449781
1599760450801
1599760451817
1599760452830
1599760453849
1599760454860
1599760455869
1599760456881
1599760457898
1599760458912
1599760459925
1599760460944
1599760461965
1599760462974
1599760463994
1599760465015
1599760466023
1599760467040
1599760468055
1599760469069
1599760470082
1599760471100
1599760472116
1599760473132
1599760474145
1599760475161
1599760476173
1599760477191
1599760478208
1599760479220
1599760480229
1599760481239
1599760482249
1599760483261
1599760484277
1599760485289
1599760486300
1599760487313
1599760488321
1599760489335
1599760490351
1599760491363
1599760492377
1599760493389
1599760494409
1599760495430
1599760496441
1599760497457
1599760498472
1599760499489
1599760500505
1599760501524
1599760502546
1599760503562
1599760504581
1599760505603
1599760506617
1599760507622
1599760508637
1599760509651
1599760510660
1599760511678
1599760512692
1599760513709
1599760514724
1599760515736
1599760516748
1599760517762
1599760518772
1599760519789
1599760520798
1599760521809
1599760522819
1599760523828
1599760524841
1599760525851
1599760526866
1599760527881
1599760528893
1599760529914
1599760530929
1599760531942
1599760532957
1599760533972
1599760534986
1599760536000
1599760537008
1599760538022
1599760539030
1599760540046
1599760541055
1599760542061
1599760543076
1599760544083
1599760545089
1599760546102
1599760547119
1599760548131
1599760549141
1599760550147
1599760551158
1599760552167
1599760553177
1599760554197
1599760555208
1599760556226
1599760557240
1599760558252
1599760559261
1599760560269
1599760561281
1599760562292
1599760563301
1599760564310
1599760565320
1599760566329
1599760567337
1599760568349
1599760569358
1599760570369
1599760571381
1599760572392
1599760573405
1599760574419
1599760575426
1599760576443
1599760577453
1599760578462
1599760579472
1599760580480
1599760581486
1599760582497
1599760583517
1599760584524
1599760585536
1599760586550
1599760587563
1599760588568
1599760589577
1599760590589
1599760591603
1599760592617
1599760593629
1599760594641
1599760595658
1599760596689
1599760597698
1599760598710
1599760599724
1599760600731
1599760601738
1599760602748
1599760603766
1599760604774
1599760605782
1599760606788
1599760607804
1599760608816
1599760609835
1599760610848
1599760611863
1599760612870
1599760613881
1599760614899
1599760615907
1599760616922
1599760617960
1599760618970
1599760619984
1599760621001
1599760622017
1599760623030
1599760624040
1599760625045
1599760626063
1599760627069
1599760628086
1599760629097
1599760630109
1599760631120
1599760632127
1599760633134
1599760634152
1599760635165
1599760636184
1599760637193
1599760638205
1599760639215
1599760640225
1599760641234
1599760642250
1599760643263
1599760644273
1599760645280
1599760646292
1599760647298
1599760648309
1599760649314
1599760650327
1599760651341
1599760652353
1599760653370
1599760654378
1599760655387
1599760656398
1599760657414
1599760658422
1599760659430
1599760660445
1599760661455
1599760662465
1599760663475
1599760664490
1599760665501
1599760666520
1599760667529
1599760668541
1599760669558
1599760670567
1599760671581
1599760672592
1599760673602
1599760674614
1599760675628
1599760676640
1599760677652
1599760678658
1599760679666
1599760680678
1599760681689
1599760682704
1599760683718
1599760684726
1599760685735
1599760686742
1599760687754
1599760688762
1599760689774
1599760690793
1599760691802
1599760692809
1599760693817
1599760694829
1599760695840
1599760696852
1599760697863
1599760698872
1599760699880
1599760700886
1599760701897
1599760702909
1599760703919
1599760704936
1599760705942
1599760706954
1599760707971
1599760708985
1599760709995
1599760711008
1599760712023
1599760713034
1599760714044
1599760715063
1599760716079
1599760717093
1599760718102
1599760719107
1599760720121
1599760721137
1599760722144
1599760723151
1599760724161
1599760725172
1599760726185
1599760727202
1599760728214
1599760729224
1599760730232
1599760731238
1599760732249
1599760733258
1599760734269
1599760735278
1599760736285
1599760737296
1599760738302
1599760739318
1599760740331
1599760741340
1599760742352
1599760743368
1599760744379
1599760745388
1599760746401
1599760747416
1599760748429
1599760749445
1599760750456
1599760751468
1599760752484
1599760753494
1599760754508
1599760755522
1599760756533
1599760757544
1599760758559
1599760759567
1599760760577
1599760761590
1599760762604
1599760763624
1599760764634
1599760765646
1599760766653
1599760767658
1599760768684
1599760769691
1599760770702
1599760771711
1599760772718
1599760773731
1599760774748
1599760775761
1599760776772
1599760777781
1599760778797
1599760779805
1599760780815
1599760781821
1599760782837
1599760783850
1599760784865
1599760785880
1599760786886
1599760787898
1599760788905
1599760789918
1599760790929
1599760791943
1599760792951
1599760793962
1599760794979
1599760795990
1599760796999
1599760798006
1599760799018
1599760800026
1599760801034
1599760802042
1599760803054
1599760804067
1599760805077
1599760806088
1599760807096
1599760808105
1599760809126
1599760810139
1599760811149
1599760812154
1599760813169
1599760814186
1599760815202
1599760816215
1599760817227
1599760818240
1599760819249
1599760820270
1599760821281
1599760822294
1599760823312
1599760824322
1599760825333
1599760826349
1599760827358
1599760828369
1599760829380
1599760830393
1599760831401
1599760832417
1599760833431
1599760834438
1599760835447
1599760836453
1599760837466
1599760838482
1599760839496
1599760840506
1599760841521
1599760842532
1599760843547
1599760844554
1599760845564
1599760846581
1599760847602
1599760848618
1599760849630
1599760850642
1599760851657
1599760852668
1599760853687
1599760854697
1599760855721
1599760856732
1599760857752
1599760858771
1599760859785
1599760860800
1599760861828
1599760862839
1599760863858
1599760864889
1599760865898
1599760866910
1599760867918
1599760868931
1599760869941
1599760870954
1599760871975
1599760872984
1599760873991
1599760875006
1599760876019
1599760877030
1599760878039
1599760879071
1599760880081
1599760881090
1599760882100
1599760883109
1599760884122
1599760885135
1599760886146
1599760887157
1599760888167
1599760889180
1599760890186
1599760891201
1599760892209
1599760893231
1599760894243
1599760895254
1599760896264
1599760897271
1599760898288
1599760899306
1599760900316
1599760901325
1599760902335
1599760903346
1599760904365
1599760905378
1599760906399
1599760907407
1599760908419
1599760909428
1599760910434
1599760911447
1599760912453
1599760913463
1599760914483
1599760915503
1599760916512
1599760917518
1599760918531
1599760919538
1599760920549
1599760921557
1599760922568
1599760923583
1599760924603
1599760925613
1599760926635
1599760927644
1599760928659
1599760929674
1599760930689
1599760931704
1599760932713
1599760933723
1599760934739
1599760935752
1599760936765
1599760937771
1599760938778
1599760939787
1599760940800
1599760941816
1599760942823
1599760943832
1599760944841
1599760945852
1599760946861
1599760947870
1599760948881
1599760949897
1599760950905
1599760951917
1599760952929
1599760953940
1599760954953
1599760955962
1599760956978
1599760957993
1599760959009
1599760960025
1599760961041
1599760962051
1599760963060
1599760964066
1599760965077
1599760966091
1599760967105
1599760968113
1599760969126
1599760970138
1599760971157
1599760972176
1599760973189
1599760974206
1599760975222
1599760976239
1599760977256
1599760978261
1599760979273
1599760980284
1599760981290
1599760982300
1599760983315
1599760984328
1599760985343
1599760986350
1599760987359
1599760988375
1599760989383
1599760990392
1599760991399
1599760992409
1599760993421
1599760994438
1599760995447
1599760996456
1599760997465
1599760998473
1599760999481
1599761000495
1599761001508
1599761002533
1599761003540
1599761004546
1599761005561
1599761006573
1599761007581
1599761008590
1599761009604
1599761010613
1599761011622
1599761012633
1599761013641
1599761014649
1599761015658
1599761016669
1599761017682
1599761018693
1599761019707
1599761020719
1599761021728
1599761022734
1599761023744
1599761024756
1599761025770
1599761026794
1599761027802
1599761028820
1599761029842
1599761030853
1599761031870
1599761032884
1599761033894
1599761034910
1599761035925
1599761036937
1599761037952
1599761038965
1599761039977
1599761040986
1599761041994
1599761043005
1599761044022
1599761045033
1599761046054
1599761047065
1599761048078
1599761049091
1599761050102
1599761051113
1599761052129
1599761053136
1599761054157
1599761055172
1599761056186
1599761057198
1599761058208
1599761059227
1599761060240
1599761061257
1599761062270
1599761063280
1599761064289
1599761065306
1599761066314
1599761067331
1599761068348
1599761069364
1599761070375
1599761071398
1599761072415
1599761073425
1599761074432
1599761075446
1599761076457
1599761077477
1599761078498
1599761079509
1599761080516
1599761081523
1599761082535
1599761083556
1599761084574
1599761085589
1599761086603
1599761087615
1599761088625
1599761089636
1599761090647
1599761091659
1599761092674
1599761093682
1599761094702
1599761095722
1599761096731
1599761097737
1599761098749
1599761099756
1599761100765
1599761101778
1599761102792
1599761103800
1599761104809
1599761105829
1599761106837
1599761107848
1599761108856
1599761109865
1599761110874
1599761111887
1599761112893
1599761113906
1599761114914
1599761115924
1599761116934
1599761117943
1599761118953
1599761119959
1599761120966
1599761121978
1599761122999
1599761124010
1599761125024
1599761126037
1599761127051
1599761128065
1599761129079
1599761130087
1599761131094
1599761132101
1599761133114
1599761134123
1599761135138
1599761136152
1599761137172
1599761138180
1599761139189
1599761140201
1599761141222
1599761142230
1599761143241
1599761144255
1599761145265
1599761146277
1599761147282
1599761148293
1599761149309
1599761150316
1599761151321
1599761152330
1599761153340
1599761154350
1599761155357
1599761156365
1599761157373
1599761158383
1599761159391
1599761160398
1599761161406
1599761162415
1599761163426
1599761164434
1599761165444
1599761166454
1599761167471
1599761168479
1599761169493
1599761170510
1599761171527
1599761172539
1599761173549
1599761174560
1599761175569
1599761176580
1599761177589
1599761178607
1599761179620
1599761180629
1599761181660
1599761182678
1599761183693
1599761184707
1599761185716
1599761186738
1599761187750
1599761188764
1599761189783
1599761190806
1599761191814
1599761192829
1599761193845
1599761194853
1599761195872
1599761196880
1599761197889
1599761198902
1599761199912
1599761200926
1599761201939
1599761202947
1599761203957
1599761204970
1599761205984
1599761206993
1599761208001
1599761209011
1599761210021
1599761211033
1599761212043
1599761213052
1599761214065
1599761215077
1599761216089
1599761217105
1599761218124
1599761219131
1599761220147
1599761221161
1599761222175
1599761223189
1599761224198
1599761225218
1599761226229
1599761227245
1599761228257
1599761229268
1599761230275
1599761231289
1599761232315
1599761233321
1599761234337
1599761235353
1599761236370
1599761237381
1599761238402
1599761239416
1599761240428
1599761241440
1599761242456
1599761243473
1599761244489
1599761245502
1599761246517
1599761247533
1599761248547
1599761249560
1599761250569
1599761251580
1599761252586
1599761253597
1599761254612
1599761255626
1599761256637
1599761257652
1599761258660
1599761259671
1599761260685
1599761261704
1599761262722
1599761263738
1599761264749
1599761265754
1599761266762
1599761267768
1599761268783
1599761269791
1599761270803
1599761271815
1599761272831
1599761273843
1599761274854
1599761275862
1599761276871
1599761277877
1599761278893
1599761279908
1599761280917
1599761281929
1599761282941
1599761283949
1599761284961
1599761285973
1599761286981
1599761287989
1599761289001
1599761290009
1599761291020
1599761292029
1599761293037
1599761294045
1599761295053
1599761296059
1599761297076
1599761298089
1599761299105
1599761300125
1599761301144
1599761302156
1599761303166
1599761304185
1599761305206
1599761306218
1599761307234
1599761308250
1599761309265
1599761310285
1599761311299
1599761312316
1599761313325
1599761314341
1599761315361
1599761316374
1599761317402
1599761318418
1599761319432
1599761320444
1599761321452
1599761322466
1599761323481
1599761324503
1599761325515
1599761326530
1599761327546
1599761328561
1599761329577
1599761330593
1599761331607
1599761332618
1599761333631
1599761334642
1599761335653
1599761336662
1599761337681
1599761338687
1599761339703
1599761340710
1599761341727
1599761342738
1599761343753
1599761344769
1599761345784
1599761346796
1599761347809
1599761348827
1599761349852
1599761350861
1599761351865
1599761352877
1599761353882
1599761354890
1599761355900
1599761356938
1599761357957
1599761358970
1599761359980
1599761360993
1599761362006
1599761363014
1599761364022
1599761365036
1599761366052
1599761367063
1599761368069
1599761369077
1599761370092
1599761371100
1599761372113
1599761373127
1599761374143
1599761375152
1599761376165
1599761377180
1599761378196
1599761379208
1599761380217
1599761381234
1599761382250
1599761383258
1599761384266
1599761385277
1599761386286
1599761387303
1599761388323
1599761389337
1599761390351
1599761391365
1599761392382
1599761393413
1599761394423
1599761395436
1599761396454
1599761397462
1599761398475
1599761399481
1599761400488
1599761401493
1599761402508
1599761403522
1599761404532
1599761405545
1599761406555
1599761407565
1599761408590
1599761409603
1599761410613
1599761411623
1599761412630
1599761413638
1599761414649
1599761415658
1599761416673
1599761417691
1599761418704
1599761419714
1599761420723
1599761421731
1599761422738
1599761423748
1599761424758
1599761425770
1599761426781
1599761427793
1599761428803
1599761429813
1599761430830
1599761431845
1599761432853
1599761433861
1599761434870
1599761435881
1599761436890
1599761437901
1599761438913
1599761439921
1599761440931
1599761441944
1599761442954
1599761443968
1599761444976
1599761445988
1599761446995
1599761448005
1599761449018
1599761450029
1599761451041
1599761452053
1599761453068
1599761454076
1599761455086
1599761456094
1599761457107
1599761458114
1599761459124
1599761460132
1599761461143
1599761462153
1599761463165
1599761464176
1599761465183
1599761466192
1599761467204
1599761468218
1599761469226
1599761470241
1599761471253
1599761472257
1599761473269
1599761474279
1599761475297
1599761476313
1599761477325
1599761478344
1599761479357
1599761480376
1599761481384
1599761482393
1599761483403
1599761484417
1599761485428
1599761486441
1599761487457
1599761488474
1599761489482
1599761490495
1599761491515
1599761492521
1599761493531
1599761494537
1599761495552
1599761496563
1599761497573
1599761498583
1599761499592
1599761500598
1599761501614
1599761502623
1599761503633
1599761504649
1599761505663
1599761506671
1599761507680
1599761508686
1599761509694
1599761510706
1599761511731
1599761512738
1599761513746
1599761514761
1599761515770
1599761516787
1599761517796
1599761518808
1599761519821
1599761520829
1599761521841
1599761522846
1599761523862
1599761524880
1599761525889
1599761526903
1599761527918
1599761528929
1599761529938
1599761530946
1599761531955
1599761532978
1599761533994
1599761535003
1599761536015
1599761537034
1599761538045
1599761539062
1599761540075
1599761541082
1599761542103
1599761543117
1599761544128
1599761545135
1599761546144
1599761547153
1599761548166
1599761549181
1599761550189
1599761551199
1599761552208
1599761553216
1599761554226
1599761555241
1599761556251
1599761557261
1599761558275
1599761559282
1599761560292
1599761561301
1599761562322
1599761563334
1599761564350
1599761565379
1599761566394
1599761567412
1599761568430
1599761569440
1599761570450
1599761571458
1599761572468
1599761573473
1599761574485
1599761575503
1599761576517
1599761577530
1599761578537
1599761579544
1599761580556
1599761581574
1599761582583
1599761583589
1599761584602
1599761585617
1599761586629
1599761587641
1599761588657
1599761589670
1599761590678
1599761591690
1599761592697
1599761593717
1599761594727
1599761595735
1599761596746
1599761597760
1599761598769
1599761599790
1599761600798
1599761601807
1599761602818
1599761603829
1599761604845
1599761605850
1599761606856
1599761607863
1599761608869
1599761609883
1599761610898
1599761611908
1599761612916
1599761613925
1599761614935
1599761615956
1599761616966
1599761617981
1599761618993
1599761620001
1599761621007
1599761622021
1599761623031
1599761624045
1599761625057
1599761626073
1599761627082
1599761628097
1599761629110
1599761630121
1599761631137
1599761632152
1599761633162
1599761634180
1599761635192
1599761636202
1599761637212
1599761638220
1599761639226
1599761640238
1599761641245
1599761642251
1599761643262
1599761644273
1599761645281
1599761646294
1599761647306
1599761648319
1599761649329
1599761650342
1599761651350
1599761652361
1599761653370
1599761654379
1599761655388
1599761656401
1599761657409
1599761658422
1599761659434
1599761660454
1599761661469
1599761662482
1599761663496
1599761664513
1599761665532
1599761666545
1599761667556
1599761668562
1599761669573
1599761670591
1599761671600
1599761672605
1599761673619
1599761674632
1599761675641
1599761676650
1599761677658
1599761678669
1599761679678
1599761680687
1599761681707
1599761682724
1599761683731
1599761684739
1599761685752
1599761686760
1599761687768
1599761688776
1599761689789
1599761690809
1599761691820
1599761692829
1599761693839
1599761694849
1599761695854
1599761696869
1599761697886
1599761698900
1599761699919
1599761700927
1599761701935
1599761702944
1599761703958
1599761704967
1599761705976
1599761706986
1599761707993
1599761709003
1599761710013
1599761711022
1599761712039
1599761713052
1599761714066
1599761715080
1599761716089
1599761717110
1599761718123
1599761719133
1599761720141
1599761721156
1599761722176
1599761723196
1599761724214
1599761725226
1599761726242
1599761727264
1599761728275
1599761729286
1599761730294
1599761731303
1599761732323
1599761733333
1599761734353
1599761735362
1599761736373
1599761737378
1599761738398
1599761739410
1599761740426
1599761741435
1599761742450
1599761743461
1599761744471
1599761745477
1599761746487
1599761747498
1599761748509
1599761749521
1599761750533
1599761751546
1599761752556
1599761753565
1599761754583
1599761755597
1599761756614
1599761757624
1599761758636
1599761759647
1599761760660
1599761761694
1599761762718
1599761763729
1599761764751
1599761765765
1599761766780
1599761767786
1599761768798
1599761769806
1599761770819
1599761771828
1599761772839
1599761773853
1599761774866
1599761775879
1599761776888
1599761777904
1599761778917
1599761779949
1599761780966
1599761781979
1599761782995
1599761784015
