1599754590959
1599754591982
1599754593001
1599754594012
1599754595025
1599754596036
1599754597053
1599754598063
1599754599073
1599754600085
1599754601094
1599754602116
1599754603137
1599754604157
1599754605166
1599754606187
1599754607197
1599754608213
1599754609229
1599754610239
1599754611270
1599754612285
1599754613298
1599754614320
1599754615331
1599754616341
1599754617360
1599754618380
1599754619389
1599754620400
1599754621407
1599754622429
1599754623447
1599754624465
1599754625480
1599754626488
1599754627496
1599754628518
1599754629526
1599754630536
1599754631548
1599754632564
1599754633580
1599754634597
1599754635614
1599754636626
1599754637639
1599754638655
1599754639664
1599754640684
1599754641700
1599754642724
1599754643735
1599754644744
1599754645760
1599754646771
1599754647785
1599754648800
1599754649822
1599754650830
1599754651840
1599754652851
1599754653860
1599754654876
1599754655888
1599754656900
1599754657919
1599754658932
1599754659949
1599754660964
1599754661981
1599754662995
1599754664007
1599754665026
1599754666039
1599754667056
1599754668077
1599754669086
1599754670105
1599754671127
1599754672137
1599754673155
1599754674167
1599754675177
1599754676191
1599754677205
1599754678221
1599754679235
1599754680255
1599754681275
1599754682296
1599754683316
1599754684335
1599754685355
1599754686372
1599754687384
1599754688402
1599754689424
1599754690440
1599754691450
1599754692473
1599754693490
1599754694507
1599754695522
1599754696543
1599754697552
1599754698571
1599754699584
1599754700594
1599754701608
1599754702622
1599754703634
1599754704644
1599754705660
1599754706672
1599754707689
1599754708710
1599754709729
1599754710741
1599754711747
1599754712756
1599754713770
1599754714785
1599754715815
1599754716828
1599754717844
1599754718862
1599754719875
1599754720897
1599754721912
1599754722937
1599754723958
1599754724969
1599754725979
1599754726995
1599754728009
1599754729031
1599754730041
1599754731062
1599754732083
1599754733093
1599754734114
1599754735125
1599754736144
1599754737161
1599754738178
1599754739188
1599754740201
1599754741216
1599754742231
1599754743240
1599754744257
1599754745272
1599754746283
1599754747300
1599754748311
1599754749319
1599754750333
1599754751349
1599754752364
1599754753388
1599754754406
1599754755429
1599754756443
1599754757458
1599754758478
1599754759493
1599754760510
1599754761525
1599754762541
1599754763556
1599754764570
1599754765579
1599754766594
1599754767604
1599754768620
1599754769630
1599754770647
1599754771658
1599754772680
1599754773700
1599754774709
1599754775724
1599754776738
1599754777745
1599754778756
1599754779771
1599754780782
1599754781792
1599754782814
1599754783825
1599754784833
1599754785843
1599754786852
1599754787861
1599754788868
1599754789885
1599754790906
1599754791926
1599754792941
1599754793957
1599754794977
1599754795992
1599754797006
1599754798022
1599754799033
1599754800050
1599754801065
1599754802086
1599754803098
1599754804111
1599754805125
1599754806146
1599754807166
1599754808178
1599754809197
1599754810215
1599754811238
1599754812254
1599754813268
1599754814288
1599754815307
1599754816329
1599754817340
1599754818358
1599754819372
1599754820388
1599754821401
1599754822419
1599754823439
1599754824459
1599754825470
1599754826489
1599754827499
1599754828516
1599754829529
1599754830550
1599754831575
1599754832589
1599754833604
1599754834622
1599754835636
1599754836647
1599754837661
1599754838673
1599754839687
1599754840695
1599754841708
1599754842722
1599754843732
1599754844749
1599754845764
1599754846773
1599754847793
1599754848814
1599754849832
1599754850851
1599754851865
1599754852881
1599754853905
1599754854939
1599754855964
1599754856994
1599754858003
1599754859018
1599754860039
1599754861058
1599754862079
1599754863089
1599754864102
1599754865118
1599754866132
1599754867148
1599754868160
1599754869173
1599754870197
1599754871217
1599754872229
1599754873255
1599754874267
1599754875280
1599754876298
1599754877319
1599754878333
1599754879349
1599754880366
1599754881381
1599754882398
1599754883413
1599754884437
1599754885451
1599754886465
1599754887481
1599754888496
1599754889509
1599754890521
1599754891530
1599754892550
1599754893567
1599754894580
1599754895599
1599754896608
1599754897628
1599754898646
1599754899658
1599754900663
1599754901676
1599754902687
1599754903705
1599754904720
1599754905736
1599754906774
1599754907784
1599754908796
1599754909809
1599754910825
1599754911846
1599754912860
1599754913876
1599754914887
1599754915905
1599754916926
1599754917955
1599754918976
1599754919986
1599754920997
1599754922012
1599754923034
1599754924053
1599754925082
1599754926092
1599754927107
1599754928117
1599754929128
1599754930144
1599754931159
1599754932173
1599754933193
1599754934211
1599754935225
1599754936241
1599754937256
1599754938269
1599754939282
1599754940295
1599754941306
1599754942319
1599754943335
1599754944344
1599754945354
1599754946365
1599754947375
1599754948387
1599754949404
1599754950412
1599754951428
1599754952444
1599754953461
1599754954468
1599754955484
1599754956503
1599754957516
1599754958532
1599754959545
1599754960558
1599754961579
1599754962606
1599754963624
1599754964636
1599754965648
1599754966661
1599754967673
1599754968679
1599754969689
1599754970704
1599754971721
1599754972733
1599754973748
1599754974760
1599754975772
1599754976791
1599754977801
1599754978809
1599754979823
1599754980832
1599754981848
1599754982864
1599754983876
1599754984886
1599754985893
1599754986904
1599754987916
1599754988929
1599754989938
1599754990949
1599754991961
1599754992974
1599754993988
1599754994997
1599754996009
1599754997022
1599754998032
1599754999044
1599755000065
1599755001080
1599755002094
1599755003103
1599755004112
1599755005125
1599755006134
1599755007141
1599755008153
1599755009164
1599755010174
1599755011185
1599755012196
1599755013209
1599755014225
1599755015241
1599755016250
1599755017257
1599755018268
1599755019279
1599755020288
1599755021298
1599755022316
1599755023328
1599755024335
1599755025344
1599755026350
1599755027365
1599755028385
1599755029393
1599755030409
1599755031422
1599755032433
1599755033444
1599755034453
1599755035464
1599755036474
1599755037484
1599755038504
1599755039520
1599755040543
1599755041552
1599755042559
1599755043569
1599755044588
1599755045601
1599755046609
1599755047619
1599755048633
1599755049644
1599755050653
1599755051663
1599755052682
1599755053693
1599755054704
1599755055714
1599755056725
1599755057733
1599755058746
1599755059758
1599755060766
1599755061773
1599755062790
1599755063798
1599755064806
1599755065817
1599755066828
1599755067840
1599755068851
1599755069861
1599755070872
1599755071882
1599755072896
1599755073907
1599755074928
1599755075940
1599755076970
1599755077976
1599755078988
1599755080001
1599755081021
1599755082035
1599755083046
1599755084060
1599755085074
1599755086087
1599755087096
1599755088112
1599755089126
1599755090141
1599755091152
1599755092163
1599755093170
1599755094180
1599755095193
1599755096204
1599755097217
1599755098229
1599755099244
1599755100258
1599755101268
1599755102281
1599755103293
1599755104308
1599755105320
1599755106333
1599755107344
1599755108351
1599755109360
1599755110376
1599755111389
1599755112399
1599755113409
1599755114419
1599755115432
1599755116445
1599755117454
1599755118462
1599755119474
1599755120495
1599755121502
1599755122513
1599755123528
1599755124542
1599755125557
1599755126571
1599755127586
1599755128611
1599755129632
1599755130644
1599755131661
1599755132671
1599755133681
1599755134690
1599755135699
1599755136714
1599755137727
1599755138734
1599755139744
1599755140755
1599755141768
1599755142788
1599755143804
1599755144815
1599755145825
1599755146846
1599755147856
1599755148865
1599755149884
1599755150904
1599755151922
1599755152936
1599755153949
1599755154965
1599755155977
1599755156989
1599755158002
1599755159011
1599755160021
1599755161032
1599755162045
1599755163061
1599755164075
1599755165092
1599755166101
1599755167117
1599755168131
1599755169145
1599755170160
1599755171176
1599755172184
1599755173197
1599755174205
1599755175216
1599755176229
1599755177240
1599755178256
1599755179269
1599755180280
1599755181296
1599755182310
1599755183334
1599755184343
1599755185356
1599755186365
1599755187377
1599755188389
1599755189396
1599755190401
1599755191413
1599755192424
1599755193438
1599755194453
1599755195468
1599755196476
1599755197489
1599755198501
1599755199520
1599755200530
1599755201540
1599755202553
1599755203573
1599755204590
1599755205605
1599755206620
1599755207639
1599755208648
1599755209660
1599755210670
1599755211682
1599755212696
1599755213712
1599755214725
1599755215736
1599755216741
1599755217750
1599755218759
1599755219768
1599755220776
1599755221787
1599755222793
1599755223802
1599755224822
1599755225835
1599755226856
1599755227875
1599755228892
1599755229907
1599755230922
1599755231932
1599755232948
1599755233959
1599755234972
1599755235984
1599755236995
1599755238011
1599755239021
1599755240029
1599755241047
1599755242057
1599755243065
1599755244076
1599755245088
1599755246104
1599755247116
1599755248129
1599755249138
1599755250147
1599755251157
1599755252165
1599755253173
1599755254189
1599755255205
1599755256213
1599755257233
1599755258245
1599755259265
1599755260276
1599755261288
1599755262300
1599755263312
1599755264324
1599755265339
1599755266352
1599755267365
1599755268378
1599755269385
1599755270400
1599755271429
1599755272445
1599755273460
1599755274479
1599755275488
1599755276505
1599755277517
1599755278527
1599755279540
1599755280558
1599755281574
1599755282584
1599755283604
1599755284622
1599755285633
1599755286644
1599755287664
1599755288677
1599755289697
1599755290709
1599755291721
1599755292732
1599755293749
1599755294763
1599755295775
1599755296795
1599755297801
1599755298809
1599755299821
1599755300834
1599755301845
1599755302861
1599755303869
1599755304888
1599755305900
1599755306912
1599755307932
1599755308942
1599755309952
1599755310978
1599755311995
1599755313007
1599755314017
1599755315031
1599755316041
1599755317054
1599755318064
1599755319076
1599755320085
1599755321094
1599755322109
1599755323124
1599755324132
1599755325143
1599755326153
1599755327169
1599755328184
1599755329193
1599755330207
1599755331214
1599755332225
1599755333237
1599755334248
1599755335257
1599755336269
1599755337280
1599755338291
1599755339302
1599755340310
1599755341321
1599755342334
1599755343345
1599755344367
1599755345386
1599755346397
1599755347411
1599755348429
1599755349449
1599755350459
1599755351482
1599755352500
1599755353512
1599755354526
1599755355538
1599755356551
1599755357561
1599755358580
1599755359590
1599755360597
1599755361615
1599755362624
1599755363633
1599755364651
1599755365660
1599755366671
1599755367682
1599755368690
1599755369711
1599755370722
1599755371735
1599755372746
1599755373753
1599755374774
1599755375786
1599755376797
1599755377814
1599755378824
1599755379833
1599755380844
1599755381860
1599755382872
1599755383879
1599755384885
1599755385897
1599755386908
1599755387921
1599755388932
1599755389940
1599755390952
1599755391968
1599755392984
1599755393996
1599755395009
1599755396023
1599755397031
1599755398044
1599755399063
1599755400069
1599755401084
1599755402098
1599755403124
1599755404137
1599755405152
1599755406161
1599755407173
1599755408188
1599755409198
1599755410206
1599755411218
1599755412228
1599755413238
1599755414248
1599755415255
1599755416261
1599755417273
1599755418286
1599755419308
1599755420325
1599755421335
1599755422346
1599755423368
1599755424386
1599755425397
1599755426410
1599755427420
1599755428437
1599755429449
1599755430460
1599755431469
1599755432481
1599755433502
1599755434511
1599755435521
1599755436529
1599755437541
1599755438550
1599755439561
1599755440572
1599755441585
1599755442602
1599755443617
1599755444629
1599755445636
1599755446654
1599755447662
1599755448677
1599755449685
1599755450701
1599755451711
1599755452716
1599755453735
1599755454744
1599755455759
1599755456766
1599755457775
1599755458784
1599755459797
1599755460809
1599755461817
1599755462830
1599755463848
1599755464867
1599755465880
1599755466888
1599755467896
1599755468908
1599755469922
1599755470934
1599755471942
1599755472956
1599755473967
1599755474983
1599755475999
1599755477019
1599755478032
1599755479056
1599755480066
1599755481076
1599755482086
1599755483097
1599755484105
1599755485114
1599755486124
1599755487136
1599755488150
1599755489159
1599755490172
1599755491189
1599755492197
1599755493209
1599755494225
1599755495238
1599755496250
1599755497261
1599755498276
1599755499288
1599755500304
1599755501316
1599755502333
1599755503345
1599755504357
1599755505367
1599755506376
1599755507384
1599755508393
1599755509401
1599755510412
1599755511425
1599755512434
1599755513447
1599755514461
1599755515473
1599755516485
1599755517502
1599755518518
1599755519529
1599755520541
1599755521553
1599755522564
1599755523583
1599755524599
1599755525616
1599755526626
1599755527642
1599755528657
1599755529668
1599755530684
1599755531698
1599755532712
1599755533725
1599755534740
1599755535755
1599755536765
1599755537771
1599755538778
1599755539788
1599755540801
1599755541814
1599755542827
1599755543846
1599755544864
1599755545884
1599755546897
1599755547908
1599755548924
1599755549940
1599755550950
1599755551964
1599755552976
1599755553985
1599755554999
1599755556008
1599755557022
1599755558038
1599755559054
1599755560064
1599755561069
1599755562089
1599755563104
1599755564114
1599755565124
1599755566140
1599755567156
1599755568167
1599755569176
1599755570192
1599755571210
1599755572221
1599755573236
1599755574247
1599755575272
1599755576284
1599755577290
1599755578304
1599755579316
1599755580328
1599755581341
1599755582352
1599755583365
1599755584379
1599755585388
1599755586400
1599755587409
1599755588421
1599755589429
1599755590441
1599755591457
1599755592468
1599755593480
1599755594490
1599755595500
1599755596512
1599755597524
1599755598537
1599755599557
1599755600569
1599755601577
1599755602592
1599755603609
1599755604621
1599755605630
1599755606638
1599755607649
1599755608658
1599755609667
1599755610680
1599755611688
1599755612702
1599755613713
1599755614721
1599755615729
1599755616745
1599755617756
1599755618770
1599755619781
1599755620789
1599755621804
1599755622809
1599755623822
1599755624830
1599755625840
1599755626853
1599755627864
1599755628876
1599755629886
1599755630902
1599755631913
1599755632921
1599755633930
1599755634938
1599755635946
1599755636957
1599755637969
1599755638978
1599755639990
1599755641001
1599755642009
1599755643017
1599755644027
1599755645036
1599755646045
1599755647056
1599755648064
1599755649074
1599755650087
1599755651101
1599755652109
1599755653121
1599755654133
1599755655146
1599755656159
1599755657175
1599755658190
1599755659197
1599755660205
1599755661216
1599755662227
1599755663244
1599755664257
1599755665274
1599755666285
1599755667295
1599755668304
1599755669314
1599755670324
1599755671336
1599755672348
1599755673361
1599755674368
1599755675380
1599755676392
1599755677404
1599755678415
1599755679428
1599755680440
1599755681448
1599755682458
1599755683467
1599755684478
1599755685489
1599755686501
1599755687512
1599755688524
1599755689535
1599755690542
1599755691552
1599755692563
1599755693573
1599755694585
1599755695606
1599755696616
1599755697628
1599755698637
1599755699648
1599755700662
1599755701675
1599755702684
1599755703692
1599755704702
1599755705715
1599755706726
1599755707739
1599755708750
1599755709760
1599755710772
1599755711787
1599755712795
1599755713812
1599755714827
1599755715840
1599755716851
1599755717867
1599755718876
1599755719890
1599755720904
1599755721912
1599755722918
1599755723932
1599755724946
1599755725957
1599755726965
1599755727986
1599755729000
1599755730018
1599755731032
1599755732045
1599755733058
1599755734067
1599755735076
1599755736092
1599755737108
1599755738124
1599755739136
1599755740149
1599755741164
1599755742176
1599755743184
1599755744189
1599755745200
1599755746216
1599755747229
1599755748237
1599755749249
1599755750261
1599755751274
1599755752288
1599755753297
1599755754306
1599755755316
1599755756329
1599755757341
1599755758347
1599755759366
1599755760375
1599755761386
1599755762400
1599755763412
1599755764428
1599755765446
1599755766456
1599755767464
1599755768476
1599755769491
1599755770500
1599755771514
1599755772524
1599755773538
1599755774547
1599755775561
1599755776575
1599755777587
1599755778597
1599755779605
1599755780618
1599755781625
1599755782637
1599755783648
1599755784666
1599755785675
1599755786685
1599755787696
1599755788708
1599755789722
1599755790734
1599755791747
1599755792758
1599755793772
1599755794791
1599755795803
1599755796820
1599755797836
1599755798852
1599755799864
1599755800880
1599755801888
1599755802897
1599755803909
1599755804922
1599755805938
1599755806950
1599755807961
1599755808970
1599755809982
1599755810996
1599755812018
1599755813032
1599755814046
1599755815056
1599755816068
1599755817080
1599755818092
1599755819107
1599755820122
1599755821135
1599755822148
1599755823161
1599755824176
1599755825189
1599755826206
1599755827220
1599755828235
1599755829248
1599755830266
1599755831276
1599755832291
1599755833300
1599755834313
1599755835328
1599755836340
1599755837359
1599755838372
1599755839386
1599755840401
1599755841412
1599755842420
1599755843435
1599755844442
1599755845457
1599755846470
1599755847479
1599755848492
1599755849505
1599755850520
1599755851538
1599755852553
1599755853560
1599755854572
1599755855584
1599755856603
1599755857617
1599755858644
1599755859663
1599755860680
1599755861695
1599755862711
1599755863721
1599755864736
1599755865745
1599755866760
1599755867774
1599755868781
1599755869796
1599755870812
1599755871824
1599755872840
1599755873852
1599755874859
1599755875868
1599755876880
1599755877892
1599755878907
1599755879916
1599755880932
1599755881948
1599755882959
1599755883972
1599755884986
1599755886001
1599755887013
1599755888025
1599755889040
1599755890056
1599755891068
1599755892084
1599755893100
1599755894115
1599755895121
1599755896135
1599755897151
1599755898165
1599755899179
1599755900194
1599755901208
1599755902224
1599755903235
1599755904245
1599755905259
1599755906264
1599755907276
1599755908293
1599755909305
1599755910311
1599755911331
1599755912345
1599755913356
1599755914378
1599755915392
1599755916412
1599755917424
1599755918437
1599755919454
1599755920464
1599755921480
1599755922496
1599755923508
1599755924518
1599755925531
1599755926544
1599755927556
1599755928573
1599755929586
1599755930600
1599755931615
1599755932624
1599755933640
1599755934656
1599755935673
1599755936684
1599755937696
1599755938708
1599755939717
1599755940729
1599755941745
1599755942761
1599755943773
1599755944788
1599755945809
1599755946825
1599755947845
1599755948861
1599755949876
1599755950892
1599755951909
1599755952924
1599755953936
1599755954952
1599755955968
1599755956984
1599755958001
1599755959017
1599755960032
1599755961044
1599755962060
1599755963074
1599755964085
1599755965101
1599755966120
1599755967132
1599755968137
1599755969150
1599755970164
1599755971174
1599755972189
1599755973201
1599755974218
1599755975233
1599755976251
1599755977264
1599755978272
1599755979284
1599755980296
1599755981306
1599755982319
1599755983333
1599755984348
1599755985359
1599755986378
1599755987392
1599755988404
1599755989416
1599755990429
1599755991440
1599755992450
1599755993464
1599755994480
1599755995492
1599755996508
1599755997525
1599755998536
1599755999550
1599756000564
1599756001581
1599756002592
1599756003607
1599756004620
1599756005633
1599756006650
1599756007661
1599756008673
1599756009684
1599756010703
1599756011726
1599756012739
1599756013753
1599756014767
1599756015780
1599756016804
1599756017821
1599756018831
1599756019848
1599756020858
1599756021870
1599756022883
1599756023894
1599756024908
1599756025920
1599756026936
1599756027952
1599756028977
1599756029994
1599756031008
1599756032027
1599756033041
1599756034056
1599756035068
1599756036086
1599756037093
1599756038105
1599756039122
1599756040140
1599756041156
1599756042170
1599756043181
1599756044200
1599756045222
1599756046236
1599756047252
1599756048275
1599756049295
1599756050315
1599756051326
1599756052344
1599756053360
1599756054374
1599756055386
1599756056397
1599756057410
1599756058430
1599756059443
1599756060456
1599756061472
1599756062487
1599756063508
1599756064531
1599756065541
1599756066561
1599756067580
1599756068600
1599756069630
1599756070642
1599756071661
1599756072680
1599756073696
1599756074703
1599756075721
1599756076730
1599756077740
1599756078759
1599756079768
1599756080790
1599756081801
1599756082816
1599756083826
1599756084837
1599756085850
1599756086858
1599756087870
1599756088880
1599756089887
1599756090902
1599756091913
1599756092928
1599756093940
1599756094952
1599756095968
1599756096981
1599756097989
1599756099004
1599756100012
1599756101023
1599756102029
1599756103040
1599756104050
1599756105059
1599756106067
1599756107077
1599756108090
1599756109110
1599756110125
1599756111138
1599756112146
1599756113155
1599756114162
1599756115173
1599756116183
1599756117195
1599756118205
1599756119214
1599756120222
1599756121237
1599756122252
1599756123263
1599756124271
1599756125281
1599756126291
1599756127304
1599756128313
1599756129327
1599756130336
1599756131345
1599756132354
1599756133360
1599756134374
1599756135388
1599756136400
1599756137413
1599756138426
1599756139434
1599756140442
1599756141453
1599756142469
1599756143480
1599756144490
1599756145497
1599756146508
1599756147517
1599756148527
1599756149535
1599756150542
1599756151557
1599756152571
1599756153580
1599756154589
1599756155602
1599756156609
1599756157623
1599756158633
1599756159644
1599756160653
1599756161666
1599756162680
1599756163694
1599756164704
1599756165720
1599756166729
1599756167745
1599756168758
1599756169772
1599756170782
1599756171796
1599756172816
1599756173828
1599756174843
1599756175853
1599756176867
1599756177872
1599756178885
1599756179900
1599756180912
1599756181922
1599756182937
1599756183948
1599756184958
1599756185968
1599756186983
1599756187992
1599756189008
1599756190022
1599756191037
1599756192056
1599756193065
1599756194073
1599756195084
1599756196093
1599756197109
1599756198122
1599756199131
1599756200138
1599756201149
1599756202163
1599756203168
1599756204176
1599756205194
1599756206208
1599756207223
1599756208231
1599756209243
1599756210261
1599756211280
1599756212298
1599756213308
1599756214322
1599756215334
1599756216344
1599756217354
1599756218373
1599756219384
1599756220401
1599756221417
1599756222432
1599756223447
1599756224483
1599756225495
1599756226506
1599756227528
1599756228544
1599756229562
1599756230576
1599756231588
1599756232604
1599756233617
1599756234637
1599756235650
1599756236661
1599756237680
1599756238694
1599756239705
1599756240717
1599756241730
1599756242749
1599756243765
1599756244778
1599756245788
1599756246794
1599756247808
1599756248822
1599756249833
1599756250850
1599756251865
1599756252881
1599756253899
1599756254914
1599756255932
1599756256947
1599756257960
1599756258981
1599756260000
1599756261020
1599756262037
1599756263053
1599756264061
1599756265073
1599756266090
1599756267106
1599756268121
1599756269139
1599756270151
1599756271163
1599756272168
1599756273189
1599756274205
1599756275220
1599756276235
1599756277253
1599756278268
1599756279276
1599756280288
1599756281294
1599756282300
1599756283306
1599756284312
1599756285325
1599756286337
1599756287345
1599756288353
1599756289361
1599756290369
1599756291380
1599756292392
1599756293404
1599756294424
1599756295440
1599756296451
1599756297464
1599756298485
1599756299500
1599756300507
1599756301514
1599756302529
1599756303544
1599756304557
1599756305572
1599756306587
1599756307600
1599756308616
1599756309624
1599756310635
1599756311647
1599756312658
1599756313671
1599756314684
1599756315696
1599756316712
1599756317729
1599756318744
1599756319760
1599756320777
1599756321784
1599756322810
1599756323822
1599756324851
1599756325858
1599756326872
1599756327879
1599756328895
1599756329910
1599756330920
1599756331938
1599756332958
1599756333971
1599756334978
1599756335989
1599756337005
1599756338021
1599756339028
1599756340040
1599756341060
1599756342076
1599756343092
1599756344108
1599756345124
1599756346140
1599756347157
1599756348172
1599756349189
1599756350205
1599756351218
1599756352229
1599756353244
1599756354261
1599756355273
1599756356286
1599756357300
1599756358319
1599756359332
1599756360347
1599756361358
1599756362370
1599756363380
1599756364396
1599756365412
1599756366428
1599756367445
1599756368460
1599756369470
1599756370486
1599756371497
1599756372514
1599756373529
1599756374545
1599756375559
1599756376564
1599756377580
1599756378600
1599756379616
1599756380625
1599756381636
1599756382648
1599756383664
1599756384683
1599756385694
1599756386707
1599756387724
1599756388736
1599756389753
1599756390771
1599756391787
1599756392800
1599756393814
1599756394822
1599756395835
1599756396845
1599756397877
1599756398883
1599756399896
1599756400909
1599756401925
1599756402942
1599756403952
1599756404976
1599756405996
1599756407016
1599756408028
1599756409044
1599756410060
1599756411073
1599756412103
1599756413116
1599756414133
1599756415151
1599756416160
1599756417176
1599756418192
1599756419204
1599756420221
1599756421235
1599756422249
1599756423258
1599756424265
1599756425277
1599756426288
1599756427296
1599756428304
1599756429321
1599756430333
1599756431344
1599756432356
1599756433363
1599756434385
1599756435400
1599756436416
1599756437428
1599756438437
1599756439449
1599756440465
1599756441477
1599756442488
1599756443500
1599756444517
1599756445532
1599756446544
1599756447560
1599756448572
1599756449584
1599756450591
1599756451605
1599756452617
1599756453633
1599756454648
1599756455660
1599756456670
1599756457684
1599756458699
1599756459716
1599756460729
1599756461745
1599756462758
1599756463772
1599756464790
1599756465801
1599756466810
1599756467829
1599756468840
1599756469859
1599756470868
1599756471884
1599756472900
1599756473916
1599756474929
1599756475944
1599756476960
1599756477968
1599756478982
1599756479996
1599756481015
1599756482029
1599756483046
1599756484060
1599756485076
1599756486089
1599756487097
1599756488109
1599756489121
1599756490137
1599756491149
1599756492163
1599756493175
1599756494186
1599756495195
1599756496206
1599756497216
1599756498225
1599756499233
1599756500241
1599756501252
1599756502261
1599756503276
1599756504284
1599756505297
1599756506313
1599756507329
1599756508338
1599756509351
1599756510357
1599756511369
1599756512380
1599756513392
1599756514402
1599756515410
1599756516420
1599756517432
1599756518442
1599756519451
1599756520469
1599756521484
1599756522497
1599756523513
1599756524527
1599756525537
1599756526546
1599756527557
1599756528569
1599756529585
1599756530600
1599756531608
1599756532614
1599756533624
1599756534636
1599756535647
1599756536660
1599756537676
1599756538688
1599756539703
1599756540712
1599756541724
1599756542730
1599756543740
1599756544756
1599756545768
1599756546788
1599756547796
1599756548805
1599756549819
1599756550828
1599756551838
1599756552852
1599756553867
1599756554880
1599756555896
1599756556912
1599756557928
1599756558944
1599756559956
1599756560968
1599756561981
1599756562987
1599756564000
1599756565005
1599756566020
1599756567037
1599756568045
1599756569059
1599756570067
1599756571081
1599756572091
1599756573102
1599756574111
1599756575125
1599756576133
1599756577145
1599756578156
1599756579163
1599756580176
1599756581192
1599756582205
1599756583219
1599756584228
1599756585238
1599756586247
1599756587257
1599756588265
1599756589283
1599756590298
1599756591307
1599756592321
1599756593328
1599756594340
1599756595353
1599756596366
1599756597376
1599756598389
1599756599402
1599756600416
1599756601427
1599756602440
1599756603450
1599756604460
1599756605472
1599756606481
1599756607496
1599756608504
1599756609514
1599756610525
1599756611533
1599756612550
1599756613561
1599756614570
1599756615580
1599756616590
1599756617602
1599756618617
1599756619634
1599756620649
1599756621663
1599756622676
1599756623689
1599756624696
1599756625713
1599756626731
1599756627744
1599756628757
1599756629769
1599756630790
1599756631798
1599756632808
1599756633818
1599756634829
1599756635840
1599756636852
1599756637868
1599756638877
1599756639889
1599756640898
1599756641908
1599756642920
1599756643932
1599756644944
1599756645954
1599756646968
1599756647977
1599756648989
1599756650000
1599756651010
1599756652020
1599756653030
1599756654038
1599756655048
1599756656060
1599756657071
1599756658081
1599756659097
1599756660109
1599756661133
1599756662148
1599756663165
1599756664181
1599756665192
1599756666208
1599756667222
1599756668232
1599756669248
1599756670260
1599756671269
1599756672285
1599756673294
1599756674307
1599756675320
1599756676332
1599756677343
1599756678365
1599756679378
1599756680390
1599756681399
1599756682413
1599756683426
1599756684436
1599756685446
1599756686460
1599756687466
1599756688480
1599756689489
1599756690501
1599756691508
1599756692517
1599756693534
1599756694547
1599756695561
1599756696569
1599756697584
1599756698599
1599756699608
1599756700624
1599756701640
1599756702656
1599756703668
1599756704683
1599756705692
1599756706705
1599756707717
1599756708723
1599756709731
1599756710740
1599756711755
1599756712765
1599756713774
1599756714788
1599756715796
1599756716806
1599756717816
1599756718826
1599756719841
1599756720855
1599756721868
1599756722884
1599756723896
1599756724907
1599756725919
1599756726932
1599756727953
1599756728961
1599756729977
1599756730986
1599756732002
1599756733028
1599756734039
1599756735048
1599756736059
1599756737079
1599756738093
1599756739104
1599756740116
1599756741129
1599756742137
1599756743145
1599756744154
1599756745165
1599756746173
1599756747182
1599756748196
1599756749208
1599756750216
1599756751226
1599756752234
1599756753247
1599756754260
1599756755268
1599756756284
1599756757293
1599756758308
1599756759322
1599756760332
1599756761347
1599756762361
1599756763372
1599756764380
1599756765393
1599756766407
1599756767417
1599756768427
1599756769441
1599756770456
1599756771464
1599756772475
1599756773487
1599756774499
1599756775512
1599756776519
1599756777529
1599756778537
1599756779547
1599756780560
1599756781577
1599756782592
1599756783604
1599756784618
1599756785628
1599756786633
1599756787642
1599756788656
1599756789665
1599756790677
1599756791688
1599756792698
1599756793711
1599756794725
1599756795734
1599756796747
1599756797757
1599756798773
1599756799789
1599756800801
1599756801809
1599756802815
1599756803825
1599756804840
1599756805851
1599756806868
1599756807883
1599756808896
1599756809909
1599756810924
1599756811933
1599756812946
1599756813956
1599756814968
1599756815980
1599756816996
1599756818011
1599756819020
1599756820032
1599756821044
1599756822053
1599756823066
1599756824071
1599756825078
1599756826089
1599756827101
1599756828109
1599756829116
1599756830130
1599756831139
1599756832148
1599756833160
1599756834170
1599756835184
1599756836197
1599756837208
1599756838220
1599756839232
1599756840245
1599756841258
1599756842270
1599756843285
1599756844297
1599756845312
1599756846325
1599756847336
1599756848352
1599756849364
1599756850380
1599756851396
1599756852410
1599756853421
1599756854439
1599756855449
1599756856465
1599756857480
1599756858498
1599756859522
1599756860534
1599756861545
1599756862556
1599756863569
1599756864579
1599756865597
1599756866604
1599756867618
1599756868625
1599756869645
1599756870658
1599756871675
1599756872685
1599756873696
1599756874709
1599756875721
1599756876736
1599756877752
1599756878762
1599756879772
1599756880785
1599756881794
1599756882806
1599756883816
1599756884828
1599756885861
1599756886872
1599756887888
1599756888896
1599756889908
1599756890921
1599756891933
1599756892945
1599756893958
1599756894970
1599756895980
1599756896992
1599756898004
1599756899016
1599756900034
1599756901046
1599756902056
1599756903073
1599756904088
1599756905105
1599756906121
1599756907136
1599756908148
1599756909164
1599756910174
1599756911190
1599756912200
1599756913212
1599756914224
1599756915232
1599756916244
1599756917253
1599756918264
1599756919276
1599756920295
1599756921304
1599756922316
1599756923331
1599756924340
1599756925353
1599756926364
1599756927376
1599756928386
1599756929405
1599756930417
1599756931425
1599756932439
1599756933450
1599756934464
1599756935483
1599756936489
1599756937500
1599756938513
1599756939526
1599756940541
1599756941553
1599756942565
1599756943586
1599756944594
1599756945605
1599756946618
1599756947633
1599756948649
1599756949660
1599756950676
1599756951686
1599756952700
1599756953712
1599756954723
1599756955732
1599756956749
1599756957765
1599756958787
1599756959800
1599756960812
1599756961829
1599756962843
1599756963857
1599756964868
1599756965880
1599756966892
1599756967903
1599756968912
1599756969928
1599756970947
1599756971961
1599756972976
1599756973988
1599756975002
1599756976013
1599756977028
1599756978038
1599756979044
1599756980060
1599756981074
1599756982088
1599756983104
1599756984116
1599756985132
1599756986144
1599756987161
1599756988176
1599756989193
1599756990204
1599756991226
1599756992231
1599756993237
1599756994249
1599756995261
1599756996268
1599756997281
1599756998292
1599756999301
1599757000316
1599757001335
1599757002355
1599757003368
1599757004384
1599757005391
1599757006399
1599757007409
1599757008424
1599757009442
1599757010454
1599757011471
1599757012481
1599757013497
1599757014513
1599757015528
1599757016537
1599757017553
1599757018567
1599757019584
1599757020597
1599757021609
1599757022627
1599757023634
1599757024648
1599757025662
1599757026676
1599757027688
1599757028702
1599757029719
1599757030728
1599757031741
1599757032753
1599757033771
1599757034789
1599757035800
1599757036809
1599757037820
1599757038835
1599757039848
1599757040864
1599757041878
1599757042887
1599757043901
1599757044917
1599757045930
1599757046944
1599757047965
1599757048982
1599757049995
1599757051009
1599757052021
1599757053035
1599757054044
1599757055057
1599757056072
1599757057091
1599757058111
1599757059121
1599757060141
1599757061154
1599757062173
1599757063184
1599757064193
1599757065208
1599757066219
1599757067229
1599757068241
1599757069253
1599757070263
1599757071276
1599757072288
1599757073301
1599757074318
1599757075333
1599757076344
1599757077360
1599757078367
1599757079380
1599757080396
1599757081416
1599757082431
1599757083443
1599757084456
1599757085472
1599757086484
1599757087497
1599757088520
1599757089535
1599757090544
1599757091552
1599757092565
1599757093578
1599757094593
1599757095608
1599757096623
1599757097633
1599757098651
1599757099664
1599757100680
1599757101689
1599757102701
1599757103721
1599757104730
1599757105741
1599757106747
1599757107756
1599757108777
1599757109793
1599757110814
1599757111825
1599757112840
1599757113854
1599757114868
1599757115880
1599757116891
1599757117900
1599757118912
1599757119928
1599757120940
1599757121957
1599757122972
1599757123984
1599757125000
1599757126017
1599757127032
1599757128047
1599757129058
1599757130068
1599757131080
1599757132093
1599757133108
1599757134129
1599757135137
1599757136148
1599757137165
1599757138178
1599757139188
1599757140200
1599757141216
1599757142228
1599757143238
1599757144253
1599757145273
1599757146286
1599757147297
1599757148315
1599757149324
1599757150336
1599757151352
1599757152360
1599757153374
1599757154384
1599757155401
1599757156412
1599757157418
1599757158424
1599757159436
1599757160451
1599757161465
1599757162479
1599757163493
1599757164508
1599757165521
1599757166532
1599757167543
1599757168556
1599757169569
1599757170580
1599757171592
1599757172607
1599757173624
1599757174632
1599757175649
1599757176660
1599757177677
1599757178697
1599757179714
1599757180731
1599757181748
1599757182767
1599757183780
1599757184796
1599757185818
1599757186835
1599757187845
1599757188860
1599757189874
1599757190888
1599757191901
1599757192909
1599757193920
1599757194932
1599757195948
1599757196957
1599757197973
1599757198989
1599757200001
1599757201017
1599757202033
1599757203041
1599757204059
1599757205071
1599757206084
1599757207100
1599757208115
1599757209129
1599757210144
1599757211157
1599757212172
1599757213200
1599757214219
1599757215232
1599757216248
1599757217268
1599757218280
1599757219296
1599757220311
1599757221323
1599757222336
1599757223353
1599757224365
1599757225387
1599757226401
1599757227417
1599757228430
1599757229448
1599757230470
1599757231485
1599757232494
1599757233508
1599757234519
1599757235529
1599757236549
1599757237561
1599757238576
1599757239590
1599757240603
1599757241612
1599757242623
1599757243633
1599757244648
1599757245660
1599757246673
1599757247685
1599757248693
1599757249707
1599757250723
1599757251732
1599757252753
1599757253768
1599757254775
1599757255788
1599757256804
1599757257820
1599757258844
1599757259859
1599757260874
1599757261884
1599757262897
1599757263912
1599757264924
1599757265940
1599757266956
1599757267974
1599757268990
1599757270005
1599757271034
1599757272048
1599757273061
1599757274078
1599757275092
1599757276106
1599757277120
1599757278150
1599757279160
1599757280168
1599757281184
1599757282197
1599757283209
1599757284219
1599757285229
1599757286245
1599757287260
1599757288276
1599757289292
1599757290308
1599757291323
1599757292336
1599757293357
1599757294367
1599757295388
1599757296404
1599757297425
1599757298440
1599757299456
1599757300474
1599757301484
1599757302500
1599757303510
1599757304520
1599757305526
1599757306541
1599757307554
1599757308564
1599757309580
1599757310596
1599757311609
1599757312620
1599757313632
1599757314645
1599757315656
1599757316676
1599757317693
1599757318708
1599757319720
1599757320731
1599757321749
1599757322760
1599757323777
1599757324786
1599757325809
1599757326817
1599757327830
1599757328841
1599757329852
1599757330864
1599757331881
1599757332893
1599757333907
1599757334916
1599757335929
1599757336943
1599757337961
1599757338977
1599757339995
1599757341014
1599757342025
1599757343054
1599757344066
1599757345076
1599757346085
1599757347099
1599757348108
1599757349121
1599757350137
1599757351145
1599757352163
1599757353175
1599757354183
1599757355194
1599757356210
1599757357229
1599757358238
1599757359252
1599757360260
1599757361276
1599757362289
1599757363297
1599757364318
1599757365332
1599757366344
1599757367355
1599757368369
1599757369382
1599757370389
1599757371400
1599757372413
1599757373431
1599757374439
1599757375453
1599757376462
1599757377473
1599757378485
1599757379496
1599757380505
1599757381520
1599757382531
1599757383542
1599757384556
1599757385569
1599757386582
1599757387593
1599757388603
1599757389618
1599757390626
1599757391636
1599757392652
1599757393663
1599757394672
1599757395679
1599757396688
1599757397700
1599757398709
1599757399718
1599757400726
1599757401738
1599757402752
1599757403761
1599757404770
1599757405781
1599757406789
1599757407798
1599757408809
1599757409818
1599757410824
1599757411853
1599757412864
1599757413872
1599757414888
1599757415896
1599757416913
1599757417929
1599757418938
1599757419950
1599757420963
1599757421979
1599757422992
1599757424003
1599757425012
1599757426026
1599757427041
1599757428049
1599757429057
1599757430066
1599757431073
1599757432088
1599757433102
1599757434118
1599757435143
1599757436163
1599757437178
1599757438194
1599757439205
1599757440216
1599757441232
1599757442242
1599757443256
1599757444272
1599757445284
1599757446294
1599757447304
1599757448316
1599757449332
1599757450341
1599757451352
1599757452364
1599757453375
1599757454385
1599757455393
1599757456405
1599757457413
1599757458424
1599757459433
1599757460444
1599757461453
1599757462465
1599757463481
1599757464495
1599757465505
1599757466523
1599757467532
1599757468541
1599757469559
1599757470579
1599757471589
1599757472612
1599757473624
1599757474636
1599757475648
1599757476663
1599757477685
1599757478696
1599757479708
1599757480716
1599757481728
1599757482735
1599757483744
1599757484757
1599757485770
1599757486783
1599757487799
1599757488812
1599757489825
1599757490841
1599757491863
1599757492870
1599757493890
1599757494902
1599757495911
1599757496921
1599757497933
1599757498947
1599757499957
1599757500973
1599757501990
1599757503001
1599757504016
1599757505026
1599757506034
1599757507043
1599757508052
1599757509058
1599757510069
1599757511077
1599757512085
1599757513097
1599757514107
1599757515116
1599757516128
1599757517134
1599757518143
1599757519152
1599757520168
1599757521176
1599757522193
1599757523221
1599757524229
1599757525248
1599757526260
1599757527269
1599757528285
1599757529296
1599757530309
1599757531324
1599757532335
1599757533344
1599757534361
1599757535371
1599757536386
1599757537399
1599757538411
1599757539424
1599757540440
1599757541452
1599757542468
1599757543481
1599757544496
1599757545512
1599757546525
1599757547542
1599757548561
1599757549576
1599757550586
1599757551596
1599757552607
1599757553616
1599757554625
1599757555636
1599757556646
1599757557657
1599757558671
1599757559682
1599757560693
1599757561704
1599757562724
1599757563744
1599757564763
1599757565776
1599757566784
1599757567796
1599757568816
1599757569832
1599757570846
1599757571858
1599757572873
1599757573890
1599757574905
1599757575917
1599757576932
1599757577944
1599757578960
1599757579976
1599757580997
1599757582011
1599757583028
1599757584039
1599757585046
1599757586058
1599757587072
1599757588087
1599757589101
1599757590113
1599757591129
1599757592153
1599757593164
1599757594190
1599757595213
1599757596228
1599757597244
1599757598253
1599757599266
1599757600273
1599757601288
1599757602305
1599757603319
1599757604329
1599757605350
1599757606365
1599757607372
1599757608384
1599757609398
1599757610421
1599757611435
1599757612444
1599757613457
1599757614469
1599757615485
1599757616496
1599757617510
1599757618537
1599757619550
1599757620565
1599757621581
1599757622595
1599757623609
1599757624627
1599757625642
1599757626653
1599757627664
1599757628677
1599757629696
1599757630708
1599757631720
1599757632736
1599757633746
1599757634761
1599757635772
1599757636781
1599757637793
1599757638802
1599757639814
1599757640831
1599757641846
1599757642855
1599757643881
1599757644892
1599757645904
1599757646921
1599757647936
1599757648952
1599757649966
1599757650977
1599757651993
1599757653009
1599757654018
1599757655032
1599757656041
1599757657047
1599757658060
1599757659073
1599757660089
1599757661105
1599757662117
1599757663129
1599757664145
1599757665161
1599757666172
1599757667182
1599757668197
1599757669207
1599757670219
1599757671228
1599757672244
1599757673257
1599757674271
1599757675284
1599757676290
1599757677298
1599757678313
1599757679321
1599757680332
1599757681337
1599757682352
1599757683366
1599757684378
1599757685385
1599757686392
1599757687405
1599757688414
1599757689425
1599757690439
1599757691447
1599757692456
1599757693469
1599757694481
1599757695493
1599757696501
1599757697512
1599757698522
1599757699533
1599757700544
1599757701554
1599757702564
1599757703569
1599757704581
1599757705594
1599757706607
1599757707616
1599757708629
1599757709639
1599757710650
1599757711660
1599757712673
1599757713688
1599757714705
1599757715719
1599757716733
1599757717743
1599757718762
1599757719772
1599757720784
1599757721796
1599757722807
1599757723818
1599757724826
1599757725835
1599757726846
1599757727855
1599757728863
1599757729877
1599757730889
1599757731904
1599757732928
1599757733941
1599757734954
1599757735973
1599757736994
1599757738006
1599757739017
1599757740032
1599757741049
1599757742058
1599757743072
1599757744092
1599757745109
1599757746120
1599757747135
1599757748163
1599757749176
1599757750188
1599757751211
1599757752231
1599757753241
1599757754261
1599757755281
1599757756293
1599757757310
1599757758323
1599757759339
1599757760359
1599757761380
1599757762399
1599757763420
1599757764433
1599757765450
1599757766469
1599757767482
1599757768494
1599757769511
1599757770520
1599757771535
1599757772542
1599757773557
1599757774578
1599757775599
1599757776613
1599757777628
1599757778642
1599757779658
1599757780677
1599757781693
1599757782705
1599757783717
1599757784735
1599757785748
1599757786768
1599757787781
1599757788818
1599757789835
1599757790862
1599757791879
1599757792895
1599757793902
1599757794929
1599757795955
1599757796974
1599757797991
1599757799013
1599757800029
1599757801063
1599757802082
1599757803091
1599757804111
1599757805125
1599757806141
1599757807163
1599757808172
1599757809192
1599757810213
1599757811229
1599757812243
1599757813252
1599757814268
1599757815293
1599757816312
1599757817327
1599757818342
1599757819352
1599757820368
1599757821397
1599757822412
1599757823424
1599757824430
1599757825441
1599757826450
1599757827461
1599757828476
1599757829499
1599757830512
1599757831535
1599757832549
1599757833571
1599757834590
1599757835602
1599757836614
1599757837621
1599757838637
1599757839658
1599757840677
1599757841689
1599757842701
1599757843709
1599757844726
1599757845737
1599757846755
1599757847764
1599757848784
1599757849805
1599757850813
1599757851823
1599757852834
1599757853844
1599757854861
1599757855873
1599757856882
1599757857893
1599757858901
1599757859910
1599757860916
1599757861928
1599757862951
1599757863960
1599757864975
1599757865983
1599757866993
1599757868003
1599757869016
1599757870028
1599757871044
1599757872056
1599757873065
1599757874076
1599757875089
1599757876102
1599757877115
1599757878124
1599757879133
1599757880149
1599757881158
1599757882166
1599757883177
1599757884188
1599757885201
1599757886212
1599757887225
1599757888237
1599757889249
1599757890258
1599757891268
1599757892279
1599757893288
1599757894300
1599757895314
1599757896328
1599757897344
1599757898358
1599757899369
1599757900384
1599757901396
1599757902405
1599757903413
1599757904423
1599757905429
1599757906444
1599757907456
1599757908463
1599757909472
1599757910487
1599757911494
1599757912519
1599757913525
1599757914538
1599757915550
1599757916558
1599757917571
1599757918577
1599757919587
1599757920598
1599757921606
1599757922617
1599757923631
1599757924646
1599757925656
1599757926665
1599757927673
1599757928684
1599757929690
1599757930705
1599757931716
1599757932728
1599757933744
1599757934753
1599757935769
1599757936791
1599757937818
1599757938825
1599757939833
1599757940850
1599757941857
1599757942870
1599757943881
1599757944893
1599757945909
1599757946925
1599757947936
1599757948956
1599757949967
1599757950986
1599757951996
1599757953009
1599757954023
1599757955031
1599757956038
1599757957049
1599757958060
1599757959072
1599757960083
1599757961093
1599757962104
1599757963118
1599757964129
1599757965137
1599757966148
1599757967160
1599757968172
1599757969195
1599757970207
1599757971221
1599757972229
1599757973240
1599757974252
1599757975260
1599757976272
1599757977280
1599757978297
1599757979306
1599757980317
1599757981325
1599757982336
1599757983352
1599757984368
1599757985385
1599757986401
1599757987416
1599757988428
1599757989441
1599757990456
1599757991467
1599757992475
1599757993484
1599757994497
1599757995521
1599757996540
1599757997553
1599757998566
1599757999576
1599758000595
1599758001609
1599758002619
1599758003633
1599758004641
1599758005649
1599758006662
1599758007674
1599758008681
1599758009692
1599758010699
1599758011713
1599758012728
1599758013740
1599758014756
1599758015769
1599758016786
1599758017800
1599758018807
1599758019824
1599758020840
1599758021855
1599758022875
1599758023889
1599758024905
1599758025923
1599758026935
1599758027946
1599758028960
1599758029976
1599758030986
1599758031996
1599758033012
1599758034024
1599758035036
1599758036048
1599758037058
1599758038074
1599758039080
1599758040089
1599758041100
1599758042119
1599758043133
1599758044147
1599758045156
1599758046164
1599758047172
1599758048184
1599758049196
1599758050208
1599758051228
1599758052244
1599758053257
1599758054266
1599758055276
1599758056295
1599758057308
1599758058320
1599758059334
1599758060344
1599758061352
1599758062361
1599758063385
1599758064402
1599758065413
1599758066436
1599758067451
1599758068465
1599758069481
1599758070492
1599758071502
1599758072520
1599758073534
1599758074544
1599758075551
1599758076560
1599758077572
1599758078579
1599758079587
1599758080599
1599758081609
1599758082620
1599758083632
1599758084640
1599758085648
1599758086663
1599758087673
1599758088684
1599758089690
1599758090704
1599758091716
1599758092733
1599758093744
1599758094751
1599758095759
1599758096769
1599758097792
1599758098812
1599758099817
1599758100825
1599758101839
1599758102851
1599758103860
1599758104872
1599758105880
1599758106889
1599758107898
1599758108908
1599758109928
1599758110942
1599758111953
1599758112967
1599758113983
1599758114990
1599758116002
1599758117010
1599758118025
1599758119034
1599758120051
1599758121058
1599758122068
1599758123083
1599758124091
1599758125099
1599758126107
1599758127124
1599758128141
1599758129152
1599758130172
1599758131187
1599758132197
1599758133208
1599758134224
1599758135236
1599758136254
1599758137268
1599758138283
1599758139290
1599758140301
1599758141314
1599758142323
1599758143332
1599758144341
1599758145353
1599758146367
1599758147380
1599758148388
1599758149400
1599758150417
1599758151428
1599758152440
1599758153449
1599758154463
1599758155483
1599758156497
1599758157512
1599758158520
1599758159529
1599758160540
1599758161549
1599758162564
1599758163576
1599758164585
1599758165597
1599758166617
1599758167629
1599758168641
1599758169657
1599758170673
1599758171689
1599758172701
1599758173707
1599758174713
1599758175729
1599758176738
1599758177754
1599758178764
1599758179770
1599758180785
1599758181798
1599758182812
1599758183824
1599758184839
1599758185855
1599758186868
1599758187880
1599758188893
1599758189907
1599758190921
1599758191936
1599758192948
1599758193965
1599758194979
1599758195992
1599758197000
1599758198020
1599758199032
1599758200045
1599758201057
1599758202071
1599758203078
1599758204099
1599758205116
1599758206132
1599758207146
1599758208166
1599758209184
1599758210204
1599758211226
1599758212232
1599758213247
1599758214257
1599758215273
1599758216286
1599758217296
1599758218312
1599758219328
1599758220340
1599758221354
1599758222372
1599758223388
1599758224403
1599758225421
1599758226446
1599758227456
1599758228468
1599758229476
1599758230488
1599758231498
1599758232508
1599758233521
1599758234532
1599758235545
1599758236555
1599758237569
1599758238584
1599758239599
1599758240625
1599758241639
1599758242654
1599758243666
1599758244678
1599758245690
1599758246699
1599758247711
1599758248725
1599758249736
1599758250747
1599758251763
1599758252770
1599758253785
1599758254796
1599758255808
1599758256820
1599758257836
1599758258852
1599758259865
1599758260882
1599758261890
1599758262900
1599758263909
1599758264919
1599758265930
1599758266939
1599758267945
1599758268961
1599758269969
1599758270980
1599758271992
1599758273000
1599758274032
1599758275041
1599758276053
1599758277067
1599758278080
1599758279097
1599758280114
1599758281131
1599758282142
1599758283153
1599758284163
1599758285172
1599758286184
1599758287197
1599758288208
1599758289218
1599758290242
1599758291250
1599758292270
1599758293290
1599758294304
1599758295330
1599758296353
1599758297364
1599758298380
1599758299396
1599758300412
1599758301429
1599758302442
1599758303465
1599758304479
1599758305492
1599758306506
1599758307520
1599758308545
1599758309560
1599758310571
1599758311589
1599758312600
1599758313613
1599758314625
1599758315644
1599758316657
1599758317669
1599758318684
1599758319696
1599758320708
1599758321725
1599758322740
1599758323756
1599758324769
1599758325782
1599758326797
1599758327809
1599758328818
1599758329833
1599758330841
1599758331859
1599758332866
1599758333879
1599758334889
1599758335908
1599758336921
1599758337934
1599758338945
1599758339957
1599758340969
1599758341988
1599758343010
1599758344024
1599758345039
1599758346052
1599758347068
1599758348082
1599758349096
1599758350111
1599758351124
1599758352137
1599758353155
1599758354165
1599758355177
1599758356196
1599758357211
1599758358224
1599758359238
1599758360258
1599758361274
1599758362293
1599758363309
1599758364327
1599758365355
1599758366370
1599758367380
1599758368397
1599758369406
1599758370415
1599758371426
1599758372434
1599758373446
1599758374457
1599758375469
1599758376479
1599758377488
1599758378505
1599758379515
1599758380529
1599758381540
1599758382551
1599758383562
1599758384573
1599758385585
1599758386602
1599758387612
1599758388625
1599758389643
1599758390654
1599758391666
1599758392677
1599758393689
1599758394699
1599758395706
1599758396716
1599758397723
1599758398729
1599758399741
1599758400750
1599758401765
1599758402790
1599758403805
1599758404820
1599758405833
1599758406850
1599758407861
1599758408869
1599758409880
1599758410893
1599758411908
1599758412916
1599758413928
1599758414939
1599758415952
1599758416964
1599758417976
1599758418995
1599758420008
1599758421018
1599758422032
1599758423044
1599758424058
1599758425072
1599758426085
1599758427101
1599758428112
1599758429128
1599758430144
1599758431156
1599758432167
1599758433178
1599758434192
1599758435208
1599758436217
1599758437229
1599758438243
1599758439254
1599758440264
1599758441353
1599758442365
1599758443372
1599758444385
1599758445400
1599758446413
1599758447431
1599758448451
1599758449460
1599758450480
1599758451490
1599758452510
1599758453521
1599758454537
1599758455549
1599758456564
1599758457579
1599758458593
1599758459609
1599758460621
1599758461634
1599758462649
1599758463665
1599758464682
1599758465692
1599758466708
1599758467715
1599758468728
1599758469744
1599758470755
1599758471769
1599758472778
1599758473792
1599758474816
1599758475831
1599758476841
1599758477862
1599758478872
1599758479884
1599758480901
1599758481919
1599758482936
1599758483948
1599758484961
1599758485972
1599758486985
1599758487995
1599758489003
1599758490021
1599758491035
1599758492046
1599758493065
1599758494076
1599758495089
1599758496095
1599758497107
1599758498121
1599758499138
1599758500151
1599758501163
1599758502177
1599758503199
1599758504213
1599758505229
1599758506242
1599758507253
1599758508265
1599758509276
1599758510293
1599758511300
1599758512316
1599758513328
1599758514344
1599758515357
1599758516369
1599758517381
1599758518393
1599758519409
1599758520425
1599758521436
1599758522449
1599758523464
1599758524484
1599758525502
1599758526507
1599758527520
1599758528534
1599758529554
1599758530564
1599758531584
1599758532598
1599758533612
1599758534624
1599758535641
1599758536666
1599758537681
1599758538697
1599758539715
1599758540735
1599758541754
1599758542764
1599758543773
1599758544793
1599758545813
1599758546828
1599758547853
1599758548870
1599758549882
1599758550897
1599758551912
1599758552933
1599758553952
1599758554965
1599758555981
1599758557001
1599758558018
1599758559051
1599758560064
1599758561080
1599758562098
1599758563135
1599758564144
1599758565162
1599758566177
1599758567203
1599758568219
1599758569230
1599758570246
1599758571261
1599758572287
1599758573299
1599758574310
1599758575319
1599758576329
1599758577340
1599758578361
1599758579380
1599758580391
1599758581400
1599758582411
1599758583427
1599758584437
1599758585448
1599758586461
1599758587474
1599758588490
1599758589515
1599758590524
1599758591537
1599758592548
1599758593566
1599758594577
1599758595587
1599758596596
1599758597606
1599758598617
1599758599630
1599758600647
1599758601660
1599758602672
1599758603695
1599758604713
1599758605725
1599758606740
1599758607770
1599758608786
1599758609801
1599758610816
1599758611837
1599758612852
1599758613865
1599758614880
1599758615891
1599758616901
1599758617927
1599758618947
1599758619956
1599758620967
1599758621981
1599758622994
1599758624016
1599758625029
1599758626043
1599758627052
1599758628066
1599758629086
1599758630104
1599758631126
1599758632138
1599758633145
1599758634160
1599758635174
1599758636194
1599758637214
1599758638236
1599758639254
1599758640274
1599758641289
1599758642305
1599758643324
1599758644344
1599758645365
1599758646384
1599758647400
1599758648415
1599758649435
1599758650447
1599758651466
1599758652484
1599758653501
1599758654526
1599758655541
1599758656556
1599758657574
1599758658595
1599758659610
1599758660623
1599758661643
1599758662652
1599758663673
1599758664684
1599758665703
1599758666715
1599758667733
1599758668752
1599758669772
1599758670782
1599758671794
1599758672801
1599758673810
1599758674821
1599758675833
1599758676843
1599758677859
1599758678873
1599758679885
1599758680897
1599758681913
1599758682928
1599758683945
1599758684964
1599758685980
1599758687000
1599758688017
1599758689029
1599758690073
1599758691087
1599758692100
1599758693121
1599758694141
1599758695153
1599758696164
1599758697176
1599758698189
1599758699204
1599758700219
1599758701231
1599758702245
1599758703257
1599758704276
1599758705289
1599758706298
1599758707318
1599758708338
1599758709352
1599758710365
1599758711376
1599758712387
1599758713406
1599758714425
1599758715438
1599758716456
1599758717476
1599758718496
1599758719510
1599758720525
1599758721546
1599758722556
1599758723573
1599758724591
1599758725601
1599758726615
1599758727622
1599758728645
1599758729655
1599758730660
1599758731670
1599758732684
1599758733698
1599758734708
1599758735719
1599758736729
1599758737741
1599758738758
1599758739776
1599758740796
1599758741819
1599758742830
1599758743845
1599758744857
1599758745869
1599758746884
1599758747906
1599758748924
1599758749942
1599758750961
1599758751975
1599758752989
1599758754005
1599758755020
1599758756029
1599758757041
1599758758055
1599758759069
1599758760082
1599758761092
1599758762111
1599758763121
1599758764129
1599758765146
1599758766161
1599758767177
1599758768196
1599758769204
1599758770228
1599758771257
1599758772271
1599758773281
1599758774300
1599758775310
1599758776320
1599758777337
1599758778350
1599758779369
1599758780388
1599758781394
1599758782408
1599758783429
1599758784449
1599758785469
1599758786485
1599758787506
1599758788540
1599758789562
1599758790572
1599758791591
1599758792606
1599758793621
1599758794633
1599758795650
1599758796663
1599758797684
1599758798699
1599758799712
1599758800728
1599758801740
1599758802757
1599758803775
1599758804786
1599758805795
1599758806806
1599758807823
1599758808834
1599758809845
1599758810858
1599758811872
1599758812894
1599758813905
1599758814924
1599758815945
1599758816965
1599758817978
1599758818994
1599758820006
1599758821025
1599758822045
1599758823062
1599758824084
1599758825095
1599758826106
1599758827114
1599758828124
1599758829141
1599758830156
1599758831172
1599758832180
1599758833198
1599758834208
1599758835220
1599758836230
1599758837243
1599758838257
1599758839273
1599758840285
1599758841294
1599758842304
1599758843317
1599758844336
1599758845345
1599758846359
1599758847368
1599758848384
1599758849401
1599758850413
1599758851427
1599758852441
1599758853457
1599758854478
1599758855486
1599758856498
1599758857509
1599758858525
1599758859535
1599758860544
1599758861559
1599758862573
1599758863588
1599758864601
1599758865615
1599758866628
1599758867642
1599758868656
1599758869668
1599758870677
1599758871688
1599758872700
1599758873713
1599758874725
1599758875737
1599758876749
1599758877764
1599758878776
1599758879793
1599758880798
1599758881811
1599758882820
1599758883830
1599758884841
1599758885856
1599758886867
1599758887876
1599758888884
1599758889892
1599758890903
1599758891912
1599758892920
1599758893928
1599758894940
1599758895956
1599758896973
1599758897983
1599758898992
1599758900003
1599758901015
1599758902021
1599758903037
1599758904049
1599758905060
1599758906068
1599758907085
1599758908092
1599758909106
1599758910129
1599758911141
1599758912172
1599758913184
1599758914199
1599758915213
1599758916240
1599758917256
1599758918272
1599758919291
1599758920311
1599758921326
1599758922340
1599758923349
1599758924361
1599758925374
1599758926390
1599758927414
1599758928439
1599758929448
1599758930461
1599758931477
1599758932498
1599758933513
1599758934524
1599758935536
1599758936553
1599758937569
1599758938580
1599758939586
1599758940594
1599758941611
1599758942627
1599758943637
1599758944649
1599758945660
1599758946677
1599758947693
1599758948706
1599758949716
1599758950724
1599758951736
1599758952744
1599758953752
1599758954761
1599758955773
1599758956788
1599758957804
1599758958816
1599758959828
1599758960841
1599758961857
1599758962872
1599758963888
1599758964901
1599758965913
1599758966927
1599758967937
1599758968948
1599758969959
1599758970970
1599758971988
1599758972996
1599758974005
1599758975025
1599758976036
1599758977048
1599758978060
1599758979077
1599758980090
1599758981097
1599758982107
1599758983122
1599758984132
1599758985144
1599758986162
1599758987176
1599758988200
1599758989214
1599758990222
1599758991231
1599758992241
1599758993252
1599758994267
1599758995276
1599758996292
1599758997310
1599758998318
1599758999333
1599759000344
1599759001362
1599759002377
1599759003393
1599759004405
1599759005421
1599759006437
1599759007460
1599759008471
1599759009491
1599759010502
1599759011514
1599759012530
1599759013543
1599759014554
1599759015562
1599759016577
1599759017588
1599759018601
1599759019612
1599759020629
1599759021640
1599759022649
1599759023657
1599759024667
1599759025680
1599759026692
1599759027697
1599759028708
1599759029720
1599759030730
1599759031745
1599759032756
1599759033774
1599759034788
1599759035801
1599759036807
1599759037820
1599759038829
1599759039840
1599759040850
1599759041857
1599759042868
1599759043878
1599759044888
1599759045897
1599759046908
1599759047917
1599759048933
1599759049944
1599759050956
1599759051968
1599759052985
1599759053993
1599759055003
1599759056015
1599759057028
1599759058047
1599759059056
1599759060064
1599759061081
1599759062092
1599759063109
1599759064124
1599759065133
1599759066142
1599759067152
1599759068168
1599759069184
1599759070196
1599759071204
1599759072212
1599759073225
1599759074245
1599759075254
1599759076262
1599759077273
1599759078285
1599759079296
1599759080309
1599759081318
1599759082330
1599759083347
1599759084356
1599759085378
1599759086396
1599759087403
1599759088420
1599759089433
1599759090448
1599759091460
1599759092471
1599759093480
1599759094501
1599759095523
1599759096532
1599759097542
1599759098551
1599759099565
1599759100575
1599759101582
1599759102590
1599759103599
1599759104613
1599759105628
1599759106636
1599759107648
1599759108658
1599759109669
1599759110682
1599759111692
1599759112700
1599759113717
1599759114725
1599759115737
1599759116750
1599759117768
1599759118777
1599759119786
1599759120801
1599759121813
1599759122829
1599759123845
1599759124860
1599759125869
1599759126882
1599759127902
1599759128918
1599759129932
1599759130943
1599759131952
1599759132965
1599759133981
1599759134994
1599759136006
1599759137017
1599759138024
1599759139039
1599759140048
1599759141057
1599759142073
1599759143088
1599759144114
1599759145129
1599759146141
1599759147149
1599759148160
1599759149173
1599759150189
1599759151203
1599759152216
1599759153229
1599759154241
1599759155258
1599759156272
1599759157281
1599759158297
1599759159312
1599759160327
1599759161341
1599759162359
1599759163368
1599759164387
1599759165397
1599759166417
1599759167435
1599759168448
1599759169466
1599759170482
1599759171492
1599759172500
1599759173514
1599759174521
1599759175532
1599759176543
1599759177562
1599759178583
1599759179593
1599759180604
1599759181614
1599759182622
1599759183643
1599759184651
1599759185667
1599759186678
1599759187684
1599759188696
1599759189712
1599759190725
1599759191739
1599759192752
1599759193767
1599759194776
1599759195788
1599759196796
1599759197812
1599759198828
1599759199848
1599759200860
1599759201876
1599759202892
1599759203911
1599759204932
1599759205944
1599759206953
1599759207961
1599759208973
1599759209993
1599759210999
1599759212019
1599759213030
1599759214048
1599759215060
1599759216077
1599759217088
1599759218100
1599759219109
1599759220124
1599759221136
1599759222144
1599759223152
1599759224168
1599759225180
1599759226192
1599759227205
1599759228221
1599759229234
1599759230249
1599759231260
1599759232276
1599759233284
1599759234300
1599759235316
1599759236334
1599759237362
1599759238376
1599759239389
1599759240404
1599759241416
1599759242428
1599759243436
1599759244448
1599759245461
1599759246475
1599759247489
1599759248502
1599759249511
1599759250521
1599759251532
1599759252543
1599759253556
1599759254566
1599759255587
1599759256603
1599759257618
1599759258628
1599759259644
1599759260661
1599759261675
1599759262684
1599759263693
1599759264711
1599759265726
1599759266739
1599759267756
1599759268767
1599759269784
1599759270804
1599759271816
1599759272828
1599759273837
1599759274853
1599759275864
1599759276879
1599759277888
1599759278901
1599759279910
1599759280917
1599759281931
1599759282938
1599759283949
1599759284960
1599759285980
1599759286996
1599759288024
1599759289041
1599759290054
1599759291062
1599759292077
1599759293089
1599759294098
1599759295108
1599759296121
1599759297130
1599759298142
1599759299151
1599759300170
1599759301178
1599759302191
1599759303207
1599759304234
1599759305249
1599759306262
1599759307269
1599759308281
1599759309293
1599759310305
1599759311313
1599759312326
1599759313333
1599759314343
1599759315353
1599759316362
1599759317369
1599759318387
1599759319398
1599759320408
1599759321421
1599759322436
1599759323445
1599759324457
1599759325466
1599759326474
1599759327493
1599759328507
1599759329516
1599759330528
1599759331542
1599759332549
1599759333564
1599759334581
1599759335592
1599759336609
1599759337621
1599759338638
1599759339646
1599759340659
1599759341681
1599759342700
1599759343716
1599759344728
1599759345737
1599759346751
1599759347760
1599759348776
1599759349792
1599759350801
1599759351816
1599759352823
1599759353837
1599759354851
1599759355874
1599759356891
1599759357901
1599759358930
1599759359940
1599759360950
1599759361960
1599759362991
1599759364003
1599759365012
1599759366025
1599759367039
1599759368050
1599759369063
1599759370073
1599759371089
1599759372106
1599759373119
1599759374137
1599759375148
1599759376156
1599759377165
1599759378183
1599759379197
1599759380211
1599759381223
1599759382232
1599759383245
1599759384257
1599759385267
1599759386278
1599759387286
1599759388293
1599759389303
1599759390325
1599759391330
1599759392345
1599759393355
1599759394365
1599759395380
1599759396392
1599759397411
1599759398425
1599759399459
1599759400472
1599759401485
1599759402499
1599759403512
1599759404528
1599759405540
1599759406556
1599759407564
1599759408576
1599759409584
1599759410589
1599759411597
1599759412607
1599759413617
1599759414628
1599759415641
1599759416653
1599759417665
1599759418674
1599759419680
1599759420693
1599759421704
1599759422715
1599759423724
1599759424741
1599759425761
1599759426773
1599759427785
1599759428797
1599759429808
1599759430820
1599759431837
1599759432848
1599759433865
1599759434876
1599759435887
1599759436900
1599759437915
1599759438929
1599759439944
1599759440960
1599759441975
1599759442989
1599759444002
1599759445023
1599759446036
1599759447051
1599759448057
1599759449068
1599759450081
1599759451094
1599759452102
1599759453115
1599759454128
1599759455137
1599759456145
1599759457157
1599759458169
1599759459174
1599759460185
1599759461196
1599759462208
1599759463216
1599759464224
1599759465237
1599759466249
1599759467261
1599759468276
1599759469289
1599759470300
1599759471312
1599759472327
1599759473337
1599759474352
1599759475364
1599759476373
1599759477388
1599759478400
1599759479418
1599759480432
1599759481442
1599759482453
1599759483469
1599759484484
1599759485501
1599759486518
1599759487533
1599759488552
1599759489569
1599759490589
1599759491603
1599759492628
1599759493639
1599759494654
1599759495664
1599759496677
1599759497686
1599759498701
1599759499722
1599759500729
1599759501745
1599759502760
1599759503772
1599759504788
1599759505799
1599759506809
1599759507821
1599759508834
1599759509845
1599759510857
1599759511873
1599759512881
1599759513890
1599759514897
1599759515916
1599759516928
1599759517941
1599759518954
1599759519971
1599759521000
1599759522007
1599759523019
1599759524029
1599759525041
1599759526053
1599759527066
1599759528074
1599759529085
1599759530100
1599759531114
1599759532124
1599759533137
1599759534152
1599759535165
1599759536176
1599759537192
1599759538209
1599759539221
1599759540234
1599759541248
1599759542256
1599759543264
1599759544273
1599759545283
1599759546291
1599759547307
1599759548323
1599759549337
1599759550352
1599759551364
1599759552374
1599759553393
1599759554408
1599759555424
1599759556439
1599759557452
1599759558463
1599759559473
1599759560485
1599759561501
1599759562512
1599759563520
1599759564532
1599759565540
1599759566552
1599759567568
1599759568580
1599759569587
1599759570595
1599759571608
1599759572620
1599759573632
1599759574641
1599759575653
1599759576661
1599759577673
1599759578679
1599759579689
1599759580700
1599759581713
1599759582724
1599759583737
1599759584749
1599759585757
1599759586768
1599759587779
1599759588785
1599759589797
1599759590809
1599759591821
1599759592833
1599759593841
1599759594853
1599759595865
1599759596877
1599759597890
1599759598904
1599759599916
1599759600928
1599759601941
1599759602956
1599759603968
1599759604980
1599759605993
1599759607005
1599759608022
1599759609032
1599759610045
1599759611056
1599759612068
1599759613081
1599759614092
1599759615101
1599759616112
1599759617116
1599759618132
1599759619144
1599759620160
1599759621172
1599759622183
1599759623192
1599759624205
1599759625216
1599759626229
1599759627240
1599759628247
1599759629261
1599759630272
1599759631288
1599759632301
1599759633308
1599759634321
1599759635333
1599759636345
1599759637352
1599759638363
1599759639379
1599759640392
1599759641413
1599759642425
1599759643438
1599759644458
1599759645474
1599759646487
1599759647503
1599759648513
1599759649523
1599759650533
1599759651545
1599759652556
1599759653565
1599759654573
1599759655597
1599759656609
1599759657625
1599759658636
1599759659648
1599759660659
1599759661668
1599759662685
1599759663697
1599759664711
1599759665725
1599759666737
1599759667753
1599759668763
1599759669773
1599759670794
1599759671808
1599759672828
1599759673843
1599759674852
1599759675863
1599759676880
1599759677894
1599759678908
1599759679923
1599759680936
1599759681950
1599759682960
1599759683977
1599759684992
1599759686004
1599759687019
1599759688026
1599759689036
1599759690043
1599759691057
1599759692074
1599759693086
1599759694100
1599759695116
1599759696124
1599759697141
1599759698157
1599759699172
1599759700184
1599759701193
1599759702204
1599759703221
1599759704233
1599759705244
1599759706251
1599759707262
1599759708276
1599759709292
1599759710308
1599759711324
1599759712339
1599759713352
1599759714358
1599759715373
1599759716385
1599759717399
1599759718409
1599759719420
1599759720432
1599759721444
1599759722460
1599759723474
1599759724488
1599759725499
1599759726512
1599759727527
1599759728540
1599759729552
1599759730568
1599759731580
1599759732592
1599759733606
1599759734619
1599759735633
1599759736645
1599759737659
1599759738673
1599759739688
1599759740705
1599759741721
1599759742730
1599759743740
1599759744756
1599759745777
1599759746804
1599759747817
1599759748830
1599759749845
1599759750864
1599759751880
1599759752893
1599759753908
1599759754924
1599759755941
1599759756960
1599759757973
1599759758990
1599759760002
1599759761014
1599759762025
1599759763040
1599759764048
1599759765064
1599759766077
1599759767089
1599759768100
1599759769120
1599759770140
1599759771156
1599759772170
1599759773183
1599759774195
1599759775208
1599759776224
1599759777237
1599759778252
1599759779273
1599759780281
1599759781301
1599759782316
1599759783331
1599759784348
1599759785368
1599759786386
1599759787400
1599759788413
1599759789443
1599759790460
1599759791468
1599759792480
1599759793495
1599759794509
1599759795520
1599759796531
1599759797540
1599759798556
1599759799572
1599759800582
1599759801596
1599759802612
1599759803626
1599759804643
1599759805654
1599759806668
1599759807687
1599759808696
1599759809701
1599759810715
1599759811732
1599759812745
1599759813756
1599759814771
1599759815783
1599759816800
1599759817813
1599759818825
1599759819840
1599759820857
1599759821868
1599759822884
1599759823904
1599759824914
1599759825929
1599759826944
1599759827960
1599759828968
1599759829977
1599759830992
1599759832004
1599759833012
1599759834024
1599759835034
1599759836050
1599759837060
1599759838075
1599759839084
1599759840099
1599759841106
1599759842124
1599759843139
1599759844144
1599759845156
1599759846164
1599759847176
1599759848189
1599759849205
1599759850225
1599759851240
1599759852252
1599759853269
1599759854285
1599759855309
1599759856321
1599759857328
1599759858341
1599759859349
1599759860363
1599759861374
1599759862386
1599759863395
1599759864405
1599759865418
1599759866432
1599759867441
1599759868450
1599759869461
1599759870474
1599759871481
1599759872493
1599759873507
1599759874528
1599759875538
1599759876551
1599759877557
1599759878569
1599759879582
1599759880596
1599759881610
1599759882622
1599759883630
1599759884638
1599759885649
1599759886658
1599759887665
1599759888685
1599759889693
1599759890708
1599759891726
1599759892733
1599759893747
1599759894764
1599759895774
1599759896785
1599759897796
1599759898810
1599759899825
1599759900833
1599759901850
1599759902864
1599759903876
1599759904891
1599759905900
1599759906916
1599759907932
1599759908946
1599759909956
1599759910962
1599759911971
1599759912979
1599759913987
1599759915000
1599759916013
1599759917020
1599759918033
1599759919043
1599759920054
1599759921066
1599759922078
1599759923093
1599759924105
1599759925126
1599759926133
1599759927144
1599759928158
1599759929174
1599759930189
1599759931200
1599759932213
1599759933228
1599759934245
1599759935257
1599759936269
1599759937280
1599759938289
1599759939296
1599759940308
1599759941325
1599759942339
1599759943356
1599759944372
1599759945391
1599759946402
1599759947413
1599759948421
1599759949429
1599759950440
1599759951449
1599759952457
1599759953466
1599759954478
1599759955488
1599759956505
1599759957516
1599759958521
1599759959530
1599759960541
1599759961556
1599759962566
1599759963577
1599759964582
1599759965597
1599759966616
1599759967624
1599759968636
1599759969651
1599759970665
1599759971675
1599759972689
1599759973707
1599759974714
1599759975724
1599759976736
1599759977745
1599759978753
1599759979765
1599759980782
1599759981793
1599759982803
1599759983812
1599759984822
1599759985832
1599759986841
1599759987862
1599759988872
1599759989881
1599759990894
1599759991913
1599759992921
1599759993936
1599759994949
1599759995964
1599759996977
1599759997990
1599759999004
1599760000021
1599760001034
1599760002044
1599760003056
1599760004069
1599760005081
1599760006093
1599760007106
1599760008114
1599760009125
1599760010133
1599760011141
1599760012153
1599760013165
1599760014172
1599760015180
1599760016190
1599760017197
1599760018209
1599760019221
1599760020230
1599760021240
1599760022258
1599760023298
1599760024316
1599760025336
1599760026353
1599760027377
1599760028397
1599760029417
1599760030426
1599760031440
1599760032457
1599760033469
1599760034478
1599760035491
1599760036501
1599760037512
1599760038524
1599760039536
1599760040548
1599760041561
1599760042570
1599760043584
1599760044596
1599760045609
1599760046621
1599760047629
1599760048638
1599760049647
1599760050660
1599760051666
1599760052680
1599760053692
1599760054709
1599760055720
1599760056730
1599760057741
1599760058754
1599760059767
1599760060777
1599760061798
1599760062812
1599760063828
1599760064840
1599760065848
1599760066864
1599760067872
1599760068890
1599760069902
1599760070918
1599760071929
1599760072937
1599760073949
1599760074961
1599760075974
1599760076986
1599760078000
1599760079008
1599760080018
1599760081032
1599760082045
1599760083058
1599760084072
1599760085088
1599760086104
1599760087109
1599760088127
1599760089135
1599760090152
1599760091168
1599760092183
1599760093196
1599760094212
1599760095225
1599760096237
1599760097251
1599760098265
1599760099279
1599760100292
1599760101308
1599760102324
1599760103336
1599760104352
1599760105364
1599760106376
1599760107392
1599760108402
1599760109412
1599760110424
1599760111437
1599760112452
1599760113464
1599760114479
1599760115488
1599760116500
1599760117515
1599760118529
1599760119541
1599760120556
1599760121573
1599760122588
1599760123596
1599760124611
1599760125625
1599760126640
1599760127649
1599760128664
1599760129676
1599760130685
1599760131700
1599760132712
1599760133724
1599760134736
1599760135748
1599760136762
1599760137776
1599760138812
1599760139825
1599760140836
1599760141852
1599760142864
1599760143872
1599760144878
1599760145888
1599760146902
1599760147909
1599760148920
1599760149932
1599760150948
1599760151961
1599760152976
1599760153992
1599760155002
1599760156009
1599760157018
1599760158029
1599760159038
1599760160053
1599760161068
1599760162086
1599760163095
1599760164106
1599760165117
1599760166136
1599760167143
1599760168150
1599760169159
1599760170174
1599760171184
1599760172196
1599760173205
1599760174216
1599760175230
1599760176241
1599760177252
1599760178259
1599760179265
1599760180276
1599760181291
1599760182308
1599760183317
1599760184329
1599760185348
1599760186364
1599760187375
1599760188385
1599760189396
1599760190413
1599760191428
1599760192439
1599760193448
1599760194457
1599760195472
1599760196484
1599760197493
1599760198505
1599760199520
1599760200533
1599760201545
1599760202557
1599760203572
1599760204588
1599760205600
1599760206617
1599760207627
1599760208640
1599760209653
1599760210670
1599760211680
1599760212691
1599760213707
1599760214719
1599760215733
1599760216750
1599760217760
1599760218772
1599760219785
1599760220795
1599760221807
1599760222813
1599760223827
1599760224839
1599760225856
1599760226863
1599760227886
1599760228899
1599760229909
1599760230927
1599760231939
1599760232955
1599760233968
1599760234985
1599760235995
1599760237003
1599760238014
1599760239021
1599760240037
1599760241053
1599760242065
1599760243074
1599760244081
1599760245096
1599760246103
1599760247116
1599760248132
1599760249145
1599760250154
1599760251170
1599760252176
1599760253184
1599760254196
1599760255210
1599760256218
1599760257224
1599760258235
1599760259244
1599760260252
1599760261265
1599760262277
1599760263289
1599760264301
1599760265312
1599760266324
1599760267337
1599760268349
1599760269364
1599760270373
1599760271383
1599760272393
1599760273404
1599760274420
1599760275436
1599760276442
1599760277452
1599760278468
1599760279481
1599760280492
1599760281500
1599760282509
1599760283520
1599760284528
1599760285545
1599760286557
1599760287566
1599760288579
1599760289588
1599760290597
1599760291608
1599760292620
1599760293630
1599760294641
1599760295649
1599760296657
1599760297665
1599760298677
1599760299686
1599760300697
1599760301709
1599760302723
1599760303735
1599760304758
1599760305773
1599760306786
1599760307807
1599760308817
1599760309825
1599760310838
1599760311852
1599760312865
1599760313877
1599760314888
1599760315901
1599760316917
1599760317931
1599760318941
1599760319952
1599760320965
1599760321976
1599760322989
1599760324000
1599760325013
1599760326024
1599760327036
1599760328052
1599760329064
1599760330076
1599760331088
1599760332104
1599760333117
1599760334129
1599760335139
1599760336151
1599760337163
1599760338174
1599760339183
1599760340196
1599760341210
1599760342224
1599760343236
1599760344253
1599760345267
1599760346277
1599760347289
1599760348300
1599760349316
1599760350329
1599760351340
1599760352356
1599760353368
1599760354387
1599760355404
1599760356424
1599760357437
1599760358445
1599760359456
1599760360480
1599760361489
1599760362501
1599760363513
1599760364523
1599760365535
1599760366543
1599760367552
1599760368561
1599760369570
1599760370578
1599760371588
1599760372597
1599760373612
1599760374625
1599760375635
1599760376645
1599760377655
1599760378664
1599760379677
1599760380686
1599760381697
1599760382711
1599760383720
1599760384731
1599760385738
1599760386752
1599760387765
1599760388774
1599760389783
1599760390796
1599760391806
1599760392814
1599760393823
1599760394833
1599760395846
1599760396857
1599760397870
1599760398882
1599760399895
1599760400909
1599760401943
1599760402959
1599760403968
1599760404988
1599760406001
1599760407011
1599760408025
1599760409036
1599760410047
1599760411059
1599760412068
1599760413074
1599760414083
1599760415091
1599760416099
1599760417111
1599760418124
1599760419130
1599760420142
1599760421154
1599760422165
1599760423177
1599760424197
1599760425210
1599760426222
1599760427232
1599760428244
1599760429254
1599760430270
1599760431292
1599760432309
1599760433326
1599760434340
1599760435352
1599760436365
1599760437377
1599760438389
1599760439405
1599760440421
1599760441436
1599760442449
1599760443460
1599760444476
1599760445488
1599760446500
1599760447516
1599760448528
1599760449543
1599760450553
1599760451568
1599760452585
1599760453600
1599760454613
1599760455624
1599760456640
1599760457652
1599760458661
1599760459676
1599760460686
1599760461697
1599760462708
1599760463721
1599760464730
1599760465744
1599760466760
1599760467776
1599760468787
1599760469802
1599760470809
1599760471822
1599760472833
1599760473848
1599760474864
1599760475877
1599760476892
1599760477904
1599760478920
1599760479936
1599760480948
1599760481967
1599760482990
1599760484059
1599760485077
1599760486097
1599760487109
1599760488120
1599760489141
1599760490155
1599760491164
1599760492176
1599760493188
1599760494203
1599760495225
1599760496245
1599760497266
1599760498284
1599760499305
1599760500316
1599760501334
1599760502347
1599760503363
1599760504376
1599760505391
1599760506405
1599760507425
1599760508457
1599760509476
1599760510497
1599760511527
1599760512537
1599760513552
1599760514568
1599760515586
1599760516595
1599760517615
1599760518630
1599760519645
1599760520661
1599760521684
1599760522704
1599760523726
1599760524738
1599760525756
1599760526768
1599760527784
1599760528801
1599760529813
1599760530823
1599760531833
1599760532844
1599760533858
1599760534874
1599760535888
1599760536903
1599760537913
1599760538926
1599760539941
1599760540957
1599760541973
1599760542983
1599760544006
1599760545020
1599760546044
1599760547065
1599760548084
1599760549096
1599760550113
1599760551125
1599760552140
1599760553153
1599760554162
1599760555176
1599760556193
1599760557213
1599760558224
1599760559236
1599760560251
1599760561262
1599760562281
1599760563296
1599760564322
1599760565342
1599760566356
1599760567372
1599760568391
1599760569401
1599760570421
1599760571438
1599760572450
1599760573468
1599760574479
1599760575488
1599760576500
1599760577529
1599760578542
1599760579556
1599760580578
1599760581588
1599760582607
1599760583617
1599760584627
1599760585637
1599760586654
1599760587665
1599760588675
1599760589688
1599760590694
1599760591710
1599760592720
1599760593741
1599760594762
1599760595783
1599760596802
1599760597823
1599760598843
1599760599863
1599760600880
1599760601889
1599760602903
1599760603923
1599760604931
1599760605942
1599760606962
1599760607976
1599760608992
1599760610011
1599760611028
1599760612049
1599760613064
1599760614080
1599760615101
1599760616111
1599760617131
1599760618146
1599760619161
1599760620181
1599760621216
1599760622232
1599760623252
1599760624270
1599760625293
1599760626308
1599760627325
1599760628342
1599760629355
1599760630365
1599760631381
1599760632390
1599760633410
1599760634420
1599760635435
1599760636449
1599760637468
1599760638488
1599760639505
1599760640520
1599760641534
1599760642554
1599760643567
1599760644586
1599760645597
1599760646616
1599760647633
1599760648652
1599760649669
1599760650686
1599760651700
1599760652716
1599760653737
1599760654757
1599760655776
1599760656784
1599760657805
1599760658825
1599760659840
1599760660854
1599760661864
1599760662876
1599760663892
1599760664904
1599760665921
1599760666942
1599760667962
1599760668972
1599760669991
1599760671001
1599760672021
1599760673032
1599760674049
1599760675059
1599760676075
1599760677088
1599760678108
1599760679129
1599760680148
1599760681187
1599760682213
1599760683233
1599760684249
1599760685261
1599760686273
1599760687289
1599760688298
1599760689311
1599760690321
1599760691334
1599760692345
1599760693360
1599760694371
1599760695384
1599760696398
1599760697406
1599760698417
1599760699432
1599760700449
1599760701458
1599760702468
1599760703477
1599760704490
1599760705504
1599760706516
1599760707524
1599760708534
1599760709544
1599760710552
1599760711558
1599760712581
1599760713592
1599760714599
1599760715611
1599760716621
1599760717630
1599760718640
1599760719651
1599760720664
1599760721674
1599760722688
1599760723705
1599760724712
1599760725722
1599760726731
1599760727740
1599760728749
1599760729758
1599760730768
1599760731777
1599760732787
1599760733797
1599760734808
1599760735825
1599760736835
1599760737849
1599760738859
1599760739874
1599760740890
1599760741914
1599760742928
1599760743943
1599760744957
1599760745974
1599760746994
1599760748004
1599760749017
1599760750034
1599760751048
1599760752063
1599760753073
1599760754081
1599760755097
1599760756107
1599760757120
1599760758130
1599760759144
1599760760155
1599760761168
1599760762180
1599760763189
1599760764200
1599760765213
1599760766228
1599760767238
1599760768248
1599760769260
1599760770275
1599760771281
1599760772289
1599760773300
1599760774309
1599760775316
1599760776336
1599760777346
1599760778361
1599760779376
1599760780382
1599760781393
1599760782409
1599760783419
1599760784431
1599760785452
1599760786467
1599760787480
1599760788493
1599760789503
1599760790513
1599760791528
1599760792533
1599760793541
1599760794552
1599760795564
1599760796576
1599760797589
1599760798600
1599760799613
1599760800621
1599760801632
1599760802645
1599760803661
1599760804673
1599760805690
1599760806699
1599760807708
1599760808720
1599760809731
1599760810739
1599760811760
1599760812776
1599760813800
1599760814812
1599760815824
1599760816836
1599760817853
1599760818863
1599760819874
1599760820882
1599760821897
1599760822907
1599760823913
1599760824926
1599760825942
1599760826950
1599760827958
1599760828968
1599760829978
1599760830989
1599760832000
1599760833010
1599760834019
1599760835032
1599760836041
1599760837050
1599760838060
1599760839071
1599760840079
1599760841095
1599760842106
1599760843117
1599760844136
1599760845148
1599760846163
1599760847173
1599760848185
1599760849203
1599760850217
1599760851227
1599760852237
1599760853253
1599760854262
1599760855271
1599760856280
1599760857294
1599760858305
1599760859317
1599760860332
1599760861344
1599760862358
1599760863368
1599760864376
1599760865385
1599760866397
1599760867409
1599760868421
1599760869432
1599760870439
1599760871454
1599760872467
1599760873480
1599760874489
1599760875500
1599760876509
1599760877527
1599760878537
1599760879548
1599760880557
1599760881566
1599760882574
1599760883584
1599760884592
1599760885608
1599760886617
1599760887626
1599760888636
1599760889647
1599760890667
1599760891673
1599760892692
1599760893709
1599760894727
1599760895742
1599760896755
1599760897770
1599760898787
1599760899797
1599760900806
1599760901813
1599760902825
1599760903837
1599760904845
1599760905854
1599760906864
1599760907878
1599760908893
1599760909902
1599760910913
1599760911926
1599760912935
1599760913945
1599760914960
1599760915979
1599760916988
1599760917998
1599760919010
1599760920017
1599760921032
1599760922044
1599760923059
1599760924065
1599760925076
1599760926084
1599760927098
1599760928108
1599760929128
1599760930141
1599760931158
1599760932165
1599760933181
1599760934190
1599760935197
1599760936209
1599760937216
1599760938226
1599760939238
1599760940250
1599760941259
1599760942272
1599760943282
1599760944290
1599760945302
1599760946312
1599760947320
1599760948332
1599760949345
1599760950357
1599760951370
1599760952379
1599760953392
1599760954408
1599760955422
1599760956433
1599760957439
1599760958467
1599760959475
1599760960501
1599760961528
1599760962545
1599760963557
1599760964567
1599760965581
1599760966597
1599760967609
1599760968625
1599760969640
1599760970648
1599760971660
1599760972672
1599760973688
1599760974700
1599760975716
1599760976730
1599760977744
1599760978756
1599760979781
1599760980792
1599760981803
1599760982812
1599760983824
1599760984834
1599760985847
1599760986856
1599760987867
1599760988880
1599760989892
1599760990903
1599760991914
1599760992927
1599760993937
1599760994945
1599760995961
1599760996977
1599760997988
1599760998995
1599761000012
1599761001017
1599761002029
1599761003041
1599761004056
1599761005071
1599761006079
1599761007085
1599761008101
1599761009116
1599761010127
1599761011140
1599761012161
1599761013175
1599761014181
1599761015195
1599761016204
1599761017214
1599761018224
1599761019237
1599761020246
1599761021253
1599761022265
1599761023283
1599761024292
1599761025302
1599761026321
1599761027333
1599761028341
1599761029354
1599761030371
1599761031385
1599761032401
1599761033415
1599761034423
1599761035434
1599761036445
1599761037458
1599761038469
1599761039491
1599761040508
1599761041522
1599761042531
1599761043545
1599761044561
1599761045574
1599761046586
1599761047598
1599761048605
1599761049613
1599761050622
1599761051629
1599761052639
1599761053649
1599761054660
1599761055672
1599761056680
1599761057689
1599761058698
1599761059708
1599761060718
1599761061730
1599761062747
1599761063757
1599761064765
1599761065776
1599761066783
1599761067788
1599761068794
1599761069806
1599761070813
1599761071824
1599761072837
1599761073848
1599761074881
1599761075893
1599761076918
1599761077929
1599761078942
1599761079953
1599761080965
1599761081975
1599761082992
1599761084002
1599761085016
1599761086028
1599761087040
1599761088052
1599761089068
1599761090091
1599761091103
1599761092120
1599761093133
1599761094142
1599761095151
1599761096160
1599761097174
1599761098187
1599761099199
1599761100217
1599761101232
1599761102245
1599761103255
1599761104271
1599761105284
1599761106294
1599761107312
1599761108334
1599761109341
1599761110353
1599761111363
1599761112370
1599761113381
1599761114392
1599761115404
1599761116418
1599761117427
1599761118443
1599761119458
1599761120465
1599761121487
1599761122507
1599761123520
1599761124536
1599761125555
1599761126569
1599761127585
1599761128594
1599761129606
1599761130618
1599761131627
1599761132633
1599761133641
1599761134654
1599761135670
1599761136685
1599761137703
1599761138717
1599761139733
1599761140743
1599761141752
1599761142768
1599761143776
1599761144785
1599761145797
1599761146807
1599761147816
1599761148824
1599761149836
1599761150849
1599761151861
1599761152873
1599761153885
1599761154897
1599761155908
1599761156920
1599761157930
1599761158940
1599761159947
1599761160958
1599761161968
1599761162976
1599761163991
1599761165004
1599761166020
1599761167036
1599761168052
1599761169064
1599761170072
1599761171088
1599761172100
1599761173118
1599761174132
1599761175145
1599761176160
1599761177172
1599761178189
1599761179201
1599761180212
1599761181226
1599761182245
1599761183259
1599761184268
1599761185279
1599761186286
1599761187293
1599761188301
1599761189316
1599761190329
1599761191337
1599761192353
1599761193368
1599761194387
1599761195398
1599761196410
1599761197416
1599761198426
1599761199437
1599761200448
1599761201460
1599761202468
1599761203478
1599761204490
1599761205501
1599761206518
1599761207530
1599761208542
1599761209549
1599761210559
1599761211568
1599761212583
1599761213594
1599761214609
1599761215620
1599761216637
1599761217652
1599761218666
1599761219676
1599761220691
1599761221709
1599761222728
1599761223744
1599761224752
1599761225767
1599761226773
1599761227787
1599761228801
1599761229813
1599761230821
1599761231835
1599761232853
1599761233868
1599761234881
1599761235897
1599761236912
1599761237928
1599761238941
1599761239952
1599761240968
1599761241981
1599761242997
1599761244008
1599761245020
1599761246028
1599761247044
1599761248060
1599761249072
1599761250089
1599761251095
1599761252102
1599761253113
1599761254124
1599761255135
1599761256148
1599761257166
1599761258177
1599761259198
1599761260206
1599761261222
1599761262231
1599761263243
1599761264259
1599761265269
1599761266281
1599761267288
1599761268294
1599761269308
1599761270326
1599761271336
1599761272343
1599761273353
1599761274364
1599761275379
1599761276387
1599761277401
1599761278412
1599761279423
1599761280430
1599761281437
1599761282453
1599761283470
1599761284481
1599761285493
1599761286503
1599761287532
1599761288547
1599761289556
1599761290562
1599761291570
1599761292582
1599761293596
1599761294612
1599761295619
1599761296628
1599761297638
1599761298650
1599761299660
1599761300673
1599761301687
1599761302699
1599761303710
1599761304730
1599761305748
1599761306761
1599761307771
1599761308785
1599761309796
1599761310808
1599761311826
1599761312833
1599761313853
1599761314868
1599761315875
1599761316887
1599761317901
1599761318913
1599761319929
1599761320940
1599761321956
1599761322972
1599761323985
1599761324999
1599761326020
1599761327033
1599761328046
1599761329054
1599761330064
1599761331074
1599761332083
1599761333094
1599761334101
1599761335108
1599761336120
1599761337129
1599761338141
1599761339156
1599761340169
1599761341181
1599761342200
1599761343214
1599761344229
1599761345243
1599761346255
1599761347268
1599761348284
1599761349300
1599761350313
1599761351324
1599761352335
1599761353346
1599761354365
1599761355380
1599761356389
1599761357402
1599761358409
1599761359418
1599761360428
1599761361441
1599761362453
1599761363461
1599761364469
1599761365480
1599761366490
1599761367498
1599761368508
1599761369520
1599761370528
1599761371540
1599761372551
1599761373563
1599761374572
1599761375584
1599761376604
1599761377621
1599761378630
1599761379643
1599761380656
1599761381675
1599761382690
1599761383704
1599761384720
1599761385729
1599761386745
1599761387765
1599761388776
1599761389791
1599761390800
1599761391816
1599761392833
1599761393844
1599761394858
1599761395877
1599761396885
1599761397900
1599761398935
1599761399952
1599761400968
1599761401983
1599761402992
1599761404005
1599761405020
1599761406030
1599761407041
1599761408051
1599761409065
1599761410077
1599761411093
1599761412105
1599761413121
1599761414141
1599761415156
1599761416168
1599761417176
1599761418192
1599761419209
1599761420221
1599761421232
1599761422245
1599761423261
1599761424270
1599761425280
1599761426291
1599761427299
1599761428312
1599761429318
1599761430327
1599761431336
1599761432344
1599761433356
1599761434368
1599761435388
1599761436399
1599761437413
1599761438427
1599761439440
1599761440457
1599761441469
1599761442482
1599761443491
1599761444497
1599761445512
1599761446527
1599761447537
1599761448553
1599761449561
1599761450571
1599761451581
1599761452592
1599761453608
1599761454617
1599761455628
1599761456634
1599761457649
1599761458662
1599761459673
1599761460687
1599761461696
1599761462709
1599761463725
1599761464738
1599761465750
1599761466764
1599761467774
1599761468784
1599761469792
1599761470803
1599761471816
1599761472829
1599761473845
1599761474856
1599761475869
1599761476880
1599761477896
1599761478908
1599761479925
1599761480940
1599761481953
1599761482964
1599761483978
1599761484988
1599761485999
1599761487013
1599761488024
1599761489033
1599761490040
1599761491049
1599761492060
1599761493071
1599761494089
1599761495104
1599761496116
1599761497125
1599761498135
1599761499145
1599761500160
1599761501171
1599761502181
1599761503188
1599761504205
1599761505213
1599761506224
1599761507234
1599761508250
1599761509262
1599761510270
1599761511288
1599761512299
1599761513306
1599761514316
1599761515326
1599761516335
1599761517344
1599761518353
1599761519362
1599761520373
1599761521391
1599761522406
1599761523421
1599761524440
1599761525454
1599761526464
1599761527481
1599761528490
1599761529500
1599761530514
1599761531522
1599761532530
1599761533537
1599761534543
1599761535551
1599761536566
1599761537576
1599761538585
1599761539599
1599761540609
1599761541628
1599761542636
1599761543656
1599761544671
1599761545685
1599761546696
1599761547712
1599761548727
1599761549740
1599761550750
1599761551765
1599761552782
1599761553797
1599761554813
1599761555829
1599761556840
1599761557852
1599761558865
1599761559873
1599761560883
1599761561897
1599761562906
1599761563914
1599761564924
1599761565934
1599761566945
1599761567953
1599761568962
1599761569973
1599761570985
1599761571996
1599761573005
1599761574029
1599761575041
1599761576053
1599761577064
1599761578078
1599761579087
1599761580094
1599761581105
1599761582115
1599761583128
1599761584142
1599761585159
1599761586171
1599761587199
1599761588215
1599761589228
1599761590239
1599761591254
1599761592266
1599761593282
1599761594293
1599761595302
1599761596309
1599761597318
1599761598328
1599761599343
1599761600353
1599761601368
1599761602382
1599761603394
1599761604402
1599761605410
1599761606425
1599761607434
1599761608449
1599761609464
1599761610476
1599761611485
1599761612504
1599761613522
1599761614537
1599761615551
1599761616560
1599761617566
1599761618584
1599761619597
1599761620608
1599761621619
1599761622629
1599761623640
1599761624650
1599761625662
1599761626673
1599761627681
1599761628693
1599761629703
1599761630716
1599761631723
1599761632733
1599761633745
1599761634760
1599761635770
1599761636776
1599761637789
1599761638800
1599761639812
1599761640822
1599761641832
1599761642841
1599761643851
1599761644864
1599761645872
1599761646881
1599761647893
1599761648909
1599761649924
1599761650935
1599761651946
1599761652958
1599761653970
1599761654979
1599761655988
1599761657001
1599761658025
1599761659037
1599761660055
1599761661067
1599761662076
1599761663082
1599761664098
1599761665109
1599761666122
1599761667136
1599761668147
1599761669159
1599761670169
1599761671182
1599761672193
1599761673205
1599761674217
1599761675227
1599761676234
1599761677241
1599761678254
1599761679261
1599761680272
1599761681282
1599761682293
1599761683302
1599761684313
1599761685324
1599761686334
1599761687349
1599761688360
1599761689369
1599761690385
1599761691401
1599761692413
1599761693425
1599761694433
1599761695445
1599761696460
1599761697470
1599761698492
1599761699511
1599761700525
1599761701542
1599761702560
1599761703574
1599761704590
1599761705601
1599761706620
1599761707629
1599761708641
1599761709652
1599761710667
1599761711677
1599761712689
1599761713705
1599761714714
1599761715730
1599761716750
1599761717761
1599761718775
1599761719789
1599761720800
1599761721816
1599761722826
1599761723837
1599761724849
1599761725865
1599761726878
1599761727888
1599761728897
1599761729916
1599761730922
1599761731932
1599761732945
1599761733953
1599761734964
1599761735976
1599761736989
1599761738001
1599761739013
1599761740019
1599761741026
1599761742036
1599761743049
1599761744061
1599761745076
1599761746084
1599761747092
1599761748098
1599761749110
1599761750121
1599761751136
1599761752153
1599761753179
1599761754192
1599761755209
1599761756218
1599761757234
1599761758246
1599761759256
1599761760270
1599761761280
1599761762296
1599761763317
1599761764332
1599761765347
1599761766361
1599761767376
1599761768388
1599761769404
1599761770414
1599761771433
1599761772445
1599761773463
1599761774476
1599761775492
1599761776502
1599761777519
1599761778529
1599761779539
1599761780561
1599761781581
1599761782598
1599761783627
1599761784641
1599761785658
1599761786673
1599761787686
1599761788699
1599761789712
