1599754587092
1599754588105
1599754589128
1599754590145
1599754591163
1599754592179
1599754593191
1599754594217
1599754595227
1599754596237
1599754597250
1599754598264
1599754599272
1599754600282
1599754601291
1599754602301
1599754603324
1599754604333
1599754605344
1599754606357
1599754607374
1599754608393
1599754609408
1599754610417
1599754611428
1599754612457
1599754613477
1599754614494
1599754615509
1599754616521
1599754617536
1599754618551
1599754619567
1599754620583
1599754621598
1599754622620
1599754623645
1599754624668
1599754625688
1599754626696
1599754627706
1599754628725
1599754629736
1599754630751
1599754631765
1599754632770
1599754633784
1599754634802
1599754635838
1599754636845
1599754637860
1599754638868
1599754639892
1599754640902
1599754641917
1599754642930
1599754643945
1599754644960
1599754645971
1599754646990
1599754648010
1599754649025
1599754650040
1599754651049
1599754652056
1599754653078
1599754654092
1599754655117
1599754656138
1599754657154
1599754658165
1599754659177
1599754660189
1599754661203
1599754662225
1599754663235
1599754664256
1599754665269
1599754666286
1599754667306
1599754668322
1599754669340
1599754670354
1599754671365
1599754672377
1599754673394
1599754674414
1599754675436
1599754676456
1599754677477
1599754678489
1599754679503
1599754680517
1599754681537
1599754682549
1599754683566
1599754684582
1599754685604
1599754686621
1599754687634
1599754688654
1599754689675
1599754690695
1599754691708
1599754692743
1599754693759
1599754694769
1599754695782
1599754696794
1599754697810
1599754698827
1599754699846
1599754700876
1599754701891
1599754702900
1599754703910
1599754704933
1599754705950
1599754706963
1599754707976
1599754708988
1599754710001
1599754711021
1599754712037
1599754713053
1599754714073
1599754715089
1599754716102
1599754717111
1599754718121
1599754719140
1599754720150
1599754721165
1599754722178
1599754723192
1599754724206
1599754725214
1599754726227
1599754727244
1599754728261
1599754729276
1599754730294
1599754731307
1599754732318
1599754733333
1599754734349
1599754735363
1599754736378
1599754737395
1599754738411
1599754739426
1599754740443
1599754741452
1599754742466
1599754743488
1599754744496
1599754745514
1599754746550
1599754747569
1599754748597
1599754749609
1599754750624
1599754751640
1599754752653
1599754753669
1599754754683
1599754755700
1599754756710
1599754757722
1599754758743
1599754759761
1599754760779
1599754761789
1599754762799
1599754763818
1599754764832
1599754765850
1599754766878
1599754767900
1599754768914
1599754769929
1599754770945
1599754771964
1599754772981
1599754773998
1599754775013
1599754776030
1599754777041
1599754778057
1599754779070
1599754780085
1599754781092
1599754782101
1599754783121
1599754784136
1599754785149
1599754786165
1599754787173
1599754788194
1599754789219
1599754790227
1599754791235
1599754792246
1599754793255
1599754794264
1599754795277
1599754796294
1599754797302
1599754798323
1599754799344
1599754800362
1599754801373
1599754802397
1599754803410
1599754804422
1599754805435
1599754806445
1599754807460
1599754808474
1599754809490
1599754810514
1599754811535
1599754812544
1599754813560
1599754814586
1599754815602
1599754816615
1599754817631
1599754818643
1599754819657
1599754820673
1599754821689
1599754822713
1599754823734
1599754824745
1599754825761
1599754826783
1599754827804
1599754828823
1599754829837
1599754830845
1599754831858
1599754832874
1599754833889
1599754834914
1599754835931
1599754836943
1599754837958
1599754838965
1599754839983
1599754840993
1599754842006
1599754843017
1599754844033
1599754845045
1599754846064
1599754847087
1599754848096
1599754849102
1599754850112
1599754851134
1599754852143
1599754853154
1599754854166
1599754855185
1599754856194
1599754857206
1599754858220
1599754859234
1599754860246
1599754861255
1599754862267
1599754863274
1599754864291
1599754865302
1599754866320
1599754867334
1599754868346
1599754869358
1599754870366
1599754871377
1599754872387
1599754873397
1599754874410
1599754875428
1599754876438
1599754877447
1599754878458
1599754879478
1599754880496
1599754881514
1599754882531
1599754883542
1599754884559
1599754885569
1599754886584
1599754887597
1599754888605
1599754889618
1599754890638
1599754891657
1599754892671
1599754893681
1599754894699
1599754895716
1599754896726
1599754897738
1599754898754
1599754899774
1599754900787
1599754901800
1599754902807
1599754903826
1599754904846
1599754905868
1599754906886
1599754907897
1599754908913
1599754909927
1599754910937
1599754911947
1599754912957
1599754913965
1599754914975
1599754915984
1599754916994
1599754918007
1599754919017
1599754920023
1599754921037
1599754922063
1599754923094
1599754924112
1599754925128
1599754926146
1599754927161
1599754928186
1599754929206
1599754930227
1599754931240
1599754932252
1599754933273
1599754934294
1599754935308
1599754936325
1599754937341
1599754938356
1599754939372
1599754940389
1599754941403
1599754942416
1599754943426
1599754944437
1599754945450
1599754946461
1599754947473
1599754948489
1599754949507
1599754950519
1599754951529
1599754952547
1599754953566
1599754954587
1599754955602
1599754956622
1599754957637
1599754958651
1599754959673
1599754960687
1599754961697
1599754962715
1599754963726
1599754964736
1599754965745
1599754966761
1599754967773
1599754968796
1599754969812
1599754970827
1599754971837
1599754972857
1599754973874
1599754974894
1599754975907
1599754976925
1599754977935
1599754978946
1599754979959
1599754980969
1599754981990
1599754983001
1599754984018
1599754985031
1599754986041
1599754987058
1599754988065
1599754989076
1599754990089
1599754991099
1599754992110
1599754993122
1599754994133
1599754995138
1599754996146
1599754997161
1599754998178
1599754999189
1599755000200
1599755001209
1599755002217
1599755003229
1599755004241
1599755005252
1599755006263
1599755007277
1599755008288
1599755009297
1599755010313
1599755011329
1599755012342
1599755013357
1599755014364
1599755015381
1599755016397
1599755017413
1599755018432
1599755019449
1599755020467
1599755021479
1599755022493
1599755023509
1599755024520
1599755025531
1599755026544
1599755027557
1599755028569
1599755029581
1599755030593
1599755031604
1599755032621
1599755033632
1599755034643
1599755035656
1599755036669
1599755037680
1599755038689
1599755039697
1599755040711
1599755041721
1599755042733
1599755043754
1599755044768
1599755045777
1599755046793
1599755047801
1599755048810
1599755049820
1599755050832
1599755051842
1599755052858
1599755053867
1599755054878
1599755055886
1599755056900
1599755057910
1599755058922
1599755059935
1599755060959
1599755061970
1599755062981
1599755064000
1599755065010
1599755066027
1599755067036
1599755068052
1599755069066
1599755070077
1599755071091
1599755072101
1599755073119
1599755074125
1599755075143
1599755076157
1599755077167
1599755078184
1599755079208
1599755080217
1599755081227
1599755082239
1599755083249
1599755084261
1599755085273
1599755086285
1599755087297
1599755088313
1599755089325
1599755090337
1599755091349
1599755092363
1599755093376
1599755094386
1599755095397
1599755096413
1599755097435
1599755098447
1599755099459
1599755100469
1599755101485
1599755102502
1599755103512
1599755104526
1599755105534
1599755106547
1599755107556
1599755108569
1599755109581
1599755110590
1599755111601
1599755112612
1599755113628
1599755114639
1599755115649
1599755116662
1599755117676
1599755118684
1599755119694
1599755120709
1599755121723
1599755122728
1599755123737
1599755124745
1599755125764
1599755126773
1599755127794
1599755128809
1599755129820
1599755130832
1599755131845
1599755132861
1599755133872
1599755134882
1599755135891
1599755136910
1599755137923
1599755138939
1599755139950
1599755140959
1599755141973
1599755142989
1599755144003
1599755145012
1599755146029
1599755147034
1599755148049
1599755149060
1599755150066
1599755151075
1599755152081
1599755153094
1599755154108
1599755155122
1599755156131
1599755157142
1599755158149
1599755159162
1599755160171
1599755161189
1599755162205
1599755163220
1599755164233
1599755165248
1599755166261
1599755167270
1599755168285
1599755169298
1599755170303
1599755171315
1599755172324
1599755173336
1599755174349
1599755175360
1599755176366
1599755177381
1599755178396
1599755179412
1599755180422
1599755181435
1599755182450
1599755183465
1599755184480
1599755185492
1599755186501
1599755187517
1599755188529
1599755189541
1599755190554
1599755191568
1599755192576
1599755193587
1599755194602
1599755195618
1599755196623
1599755197633
1599755198642
1599755199650
1599755200663
1599755201676
1599755202686
1599755203702
1599755204712
1599755205726
1599755206741
1599755207753
1599755208765
1599755209778
1599755210790
1599755211800
1599755212809
1599755213825
1599755214862
1599755215877
1599755216886
1599755217899
1599755218916
1599755219926
1599755220934
1599755221946
1599755222955
1599755223970
1599755224980
1599755226009
1599755227018
1599755228032
1599755229046
1599755230055
1599755231065
1599755232077
1599755233087
1599755234096
1599755235106
1599755236121
1599755237131
1599755238142
1599755239158
1599755240168
1599755241179
1599755242189
1599755243201
1599755244211
1599755245218
1599755246228
1599755247237
1599755248249
1599755249262
1599755250269
1599755251283
1599755252294
1599755253303
1599755254313
1599755255324
1599755256337
1599755257354
1599755258363
1599755259384
1599755260392
1599755261407
1599755262416
1599755263426
1599755264437
1599755265455
1599755266468
1599755267477
1599755268486
1599755269502
1599755270517
1599755271533
1599755272549
1599755273560
1599755274572
1599755275585
1599755276597
1599755277605
1599755278611
1599755279621
1599755280631
1599755281639
1599755282647
1599755283659
1599755284669
1599755285685
1599755286702
1599755287717
1599755288733
1599755289741
1599755290748
1599755291761
1599755292777
1599755293793
1599755294804
1599755295822
1599755296839
1599755297856
1599755298864
1599755299878
1599755300891
1599755301899
1599755302910
1599755303921
1599755304940
1599755305962
1599755306974
1599755307987
1599755308997
1599755310013
1599755311027
1599755312034
1599755313046
1599755314053
1599755315069
1599755316079
1599755317092
1599755318100
1599755319114
1599755320122
1599755321129
1599755322138
1599755323147
1599755324154
1599755325160
1599755326171
1599755327181
1599755328197
1599755329210
1599755330217
1599755331226
1599755332238
1599755333246
1599755334255
1599755335262
1599755336274
1599755337283
1599755338293
1599755339301
1599755340313
1599755341322
1599755342329
1599755343345
1599755344360
1599755345375
1599755346390
1599755347405
1599755348419
1599755349432
1599755350437
1599755351446
1599755352456
1599755353469
1599755354479
1599755355486
1599755356497
1599755357508
1599755358518
1599755359530
1599755360546
1599755361553
1599755362577
1599755363590
1599755364601
1599755365613
1599755366639
1599755367646
1599755368657
1599755369674
1599755370685
1599755371695
1599755372707
1599755373721
1599755374729
1599755375744
1599755376752
1599755377776
1599755378784
1599755379795
1599755380803
1599755381814
1599755382833
1599755383846
1599755384861
1599755385870
1599755386882
1599755387889
1599755388901
1599755389907
1599755390917
1599755391925
1599755392936
1599755393951
1599755394962
1599755395971
1599755396981
1599755397989
1599755398997
1599755400007
1599755401016
1599755402022
1599755403037
1599755404050
1599755405059
1599755406067
1599755407081
1599755408086
1599755409098
1599755410106
1599755411120
1599755412129
1599755413149
1599755414159
1599755415174
1599755416184
1599755417199
1599755418212
1599755419230
1599755420246
1599755421257
1599755422270
1599755423281
1599755424291
1599755425303
1599755426312
1599755427323
1599755428331
1599755429342
1599755430359
1599755431373
1599755432384
1599755433397
1599755434412
1599755435421
1599755436428
1599755437436
1599755438444
1599755439451
1599755440462
1599755441471
1599755442481
1599755443487
1599755444500
1599755445512
1599755446526
1599755447534
1599755448540
1599755449550
1599755450559
1599755451570
1599755452587
1599755453594
1599755454605
1599755455614
1599755456624
1599755457631
1599755458646
1599755459654
1599755460664
1599755461673
1599755462684
1599755463708
1599755464719
1599755465730
1599755466742
1599755467760
1599755468777
1599755469790
1599755470808
1599755471821
1599755472836
1599755473848
1599755474857
1599755475868
1599755476884
1599755477893
1599755478903
1599755479911
1599755480928
1599755481945
1599755482952
1599755483964
1599755484975
1599755485982
1599755486990
1599755487998
1599755489017
1599755490027
1599755491039
1599755492046
1599755493054
1599755494064
1599755495074
1599755496082
1599755497091
1599755498099
1599755499106
1599755500115
1599755501123
1599755502133
1599755503142
1599755504153
1599755505162
1599755506175
1599755507186
1599755508201
1599755509217
1599755510225
1599755511230
1599755512241
1599755513249
1599755514262
1599755515273
1599755516282
1599755517297
1599755518305
1599755519324
1599755520337
1599755521348
1599755522365
1599755523376
1599755524384
1599755525393
1599755526408
1599755527417
1599755528432
1599755529449
1599755530467
1599755531485
1599755532492
1599755533503
1599755534521
1599755535536
1599755536553
1599755537564
1599755538577
1599755539583
1599755540592
1599755541609
1599755542622
1599755543638
1599755544653
1599755545668
1599755546676
1599755547689
1599755548699
1599755549706
1599755550717
1599755551724
1599755552739
1599755553752
1599755554764
1599755555773
1599755556790
1599755557807
1599755558822
1599755559835
1599755560843
1599755561856
1599755562865
1599755563875
1599755564882
1599755565893
1599755566910
1599755567921
1599755568936
1599755569956
1599755570966
1599755571978
1599755572989
1599755574003
1599755575013
1599755576026
1599755577042
1599755578052
1599755579061
1599755580070
1599755581081
1599755582089
1599755583096
1599755584109
1599755585125
1599755586141
1599755587157
1599755588169
1599755589185
1599755590201
1599755591213
1599755592225
1599755593239
1599755594248
1599755595256
1599755596264
1599755597278
1599755598292
1599755599299
1599755600308
1599755601319
1599755602332
1599755603337
1599755604351
1599755605365
1599755606372
1599755607385
1599755608396
1599755609404
1599755610414
1599755611428
1599755612441
1599755613453
1599755614465
1599755615475
1599755616485
1599755617496
1599755618505
1599755619514
1599755620523
1599755621537
1599755622553
1599755623569
1599755624584
1599755625598
1599755626613
1599755627625
1599755628637
1599755629649
1599755630659
1599755631666
1599755632681
1599755633690
1599755634704
1599755635724
1599755636733
1599755637750
1599755638761
1599755639776
1599755640785
1599755641801
1599755642810
1599755643821
1599755644834
1599755645845
1599755646861
1599755647871
1599755648884
1599755649895
1599755650903
1599755651922
1599755652937
1599755653952
1599755654965
1599755655975
1599755656982
1599755657991
1599755659000
1599755660014
1599755661029
1599755662041
1599755663057
1599755664065
1599755665077
1599755666089
1599755667106
1599755668117
1599755669133
1599755670148
1599755671163
1599755672173
1599755673178
1599755674190
1599755675201
1599755676209
1599755677224
1599755678236
1599755679242
1599755680252
1599755681265
1599755682277
1599755683290
1599755684302
1599755685316
1599755686326
1599755687341
1599755688353
1599755689365
1599755690385
1599755691397
1599755692413
1599755693424
1599755694430
1599755695444
1599755696456
1599755697465
1599755698477
1599755699487
1599755700497
1599755701515
1599755702528
1599755703541
1599755704556
1599755705564
1599755706574
1599755707585
1599755708596
1599755709606
1599755710612
1599755711620
1599755712626
1599755713641
1599755714659
1599755715673
1599755716695
1599755717706
1599755718728
1599755719741
1599755720758
1599755721768
1599755722785
1599755723801
1599755724808
1599755725819
1599755726831
1599755727846
1599755728862
1599755729877
1599755730893
1599755731903
1599755732915
1599755733925
1599755734941
1599755735958
1599755736968
1599755737985
1599755739001
1599755740015
1599755741028
1599755742038
1599755743053
1599755744076
1599755745089
1599755746101
1599755747116
1599755748129
1599755749147
1599755750161
1599755751177
1599755752193
1599755753211
1599755754224
1599755755238
1599755756257
1599755757262
1599755758276
1599755759284
1599755760300
1599755761312
1599755762331
1599755763345
1599755764361
1599755765377
1599755766388
1599755767393
1599755768399
1599755769405
1599755770411
1599755771430
1599755772445
1599755773478
1599755774488
1599755775506
1599755776521
1599755777529
1599755778541
1599755779553
1599755780566
1599755781577
1599755782591
1599755783605
1599755784620
1599755785633
1599755786643
1599755787655
1599755788664
1599755789673
1599755790680
1599755791693
1599755792708
1599755793723
1599755794733
1599755795743
1599755796752
1599755797761
1599755798777
1599755799793
1599755800808
1599755801820
1599755802841
1599755803856
1599755804873
1599755805894
1599755806905
1599755807920
1599755808935
1599755809949
1599755810965
1599755811977
1599755812985
1599755814010
1599755815027
1599755816041
1599755817054
1599755818061
1599755819077
1599755820094
1599755821105
1599755822117
1599755823136
1599755824147
1599755825159
1599755826171
1599755827181
1599755828195
1599755829204
1599755830212
1599755831221
1599755832233
1599755833244
1599755834263
1599755835269
1599755836278
1599755837289
1599755838303
1599755839313
1599755840336
1599755841347
1599755842357
1599755843369
1599755844385
1599755845396
1599755846429
1599755847438
1599755848447
1599755849458
1599755850467
1599755851478
1599755852492
1599755853502
1599755854518
1599755855534
1599755856548
1599755857555
1599755858563
1599755859573
1599755860585
1599755861597
1599755862613
1599755863625
1599755864635
1599755865657
1599755866673
1599755867684
1599755868693
1599755869704
1599755870716
1599755871724
1599755872734
1599755873743
1599755874757
1599755875770
1599755876785
1599755877797
1599755878813
1599755879822
1599755880835
1599755881847
1599755882865
1599755883880
1599755884895
1599755885907
1599755886922
1599755887937
1599755888955
1599755889971
1599755890985
1599755891995
1599755893010
1599755894025
1599755895050
1599755896064
1599755897085
1599755898099
1599755899114
1599755900130
1599755901138
1599755902156
1599755903173
1599755904186
1599755905194
1599755906204
1599755907213
1599755908221
1599755909228
1599755910234
1599755911251
1599755912265
1599755913280
1599755914298
1599755915317
1599755916333
1599755917347
1599755918363
1599755919378
1599755920392
1599755921406
1599755922423
1599755923435
1599755924452
1599755925469
1599755926485
1599755927497
1599755928509
1599755929525
1599755930541
1599755931552
1599755932565
1599755933583
1599755934595
1599755935611
1599755936620
1599755937629
1599755938649
1599755939667
1599755940681
1599755941698
1599755942712
1599755943730
1599755944759
1599755945775
1599755946794
1599755947810
1599755948824
1599755949837
1599755950857
1599755951869
1599755952877
1599755953890
1599755954909
1599755955922
1599755956942
1599755957957
1599755958971
1599755959985
1599755960997
1599755962006
1599755963021
1599755964029
1599755965041
1599755966057
1599755967064
1599755968073
1599755969083
1599755970097
1599755971109
1599755972122
1599755973138
1599755974153
1599755975165
1599755976187
1599755977201
1599755978215
1599755979226
1599755980237
1599755981247
1599755982261
1599755983276
1599755984293
1599755985305
1599755986320
1599755987333
1599755988353
1599755989370
1599755990384
1599755991398
1599755992410
1599755993425
1599755994441
1599755995454
1599755996466
1599755997485
1599755998504
1599755999522
1599756000540
1599756001550
1599756002561
1599756003575
1599756004593
1599756005609
1599756006631
1599756007648
1599756008660
1599756009670
1599756010684
1599756011696
1599756012709
1599756013724
1599756014735
1599756015748
1599756016761
1599756017773
1599756018788
1599756019800
1599756020821
1599756021837
1599756022853
1599756023869
1599756024883
1599756025897
1599756026912
1599756027929
1599756028945
1599756029961
1599756030976
1599756031988
1599756032994
1599756034003
1599756035020
1599756036032
1599756037043
1599756038055
1599756039067
1599756040081
1599756041095
1599756042108
1599756043129
1599756044144
1599756045154
1599756046164
1599756047177
1599756048193
1599756049209
1599756050223
1599756051236
1599756052244
1599756053256
1599756054269
1599756055280
1599756056293
1599756057309
1599756058325
1599756059339
1599756060353
1599756061372
1599756062385
1599756063400
1599756064417
1599756065435
1599756066445
1599756067457
1599756068473
1599756069488
1599756070506
1599756071522
1599756072538
1599756073551
1599756074563
1599756075578
1599756076596
1599756077608
1599756078623
1599756079638
1599756080654
1599756081670
1599756082685
1599756083702
1599756084717
1599756085729
1599756086746
1599756087766
1599756088774
1599756089789
1599756090805
1599756091821
1599756092837
1599756093852
1599756094861
1599756095877
1599756096889
1599756097904
1599756098916
1599756099925
1599756100936
1599756101942
1599756102947
1599756103961
1599756104976
1599756105988
1599756106994
1599756108005
1599756109025
1599756110032
1599756111040
1599756112056
1599756113068
1599756114081
1599756115093
1599756116108
1599756117124
1599756118133
1599756119142
1599756120164
1599756121177
1599756122186
1599756123196
1599756124206
1599756125217
1599756126229
1599756127242
1599756128261
1599756129275
1599756130287
1599756131301
1599756132313
1599756133328
1599756134340
1599756135352
1599756136359
1599756137381
1599756138391
1599756139400
1599756140408
1599756141419
1599756142433
1599756143458
1599756144479
1599756145490
1599756146502
1599756147512
1599756148524
1599756149530
1599756150537
1599756151549
1599756152557
1599756153566
1599756154574
1599756155579
1599756156585
1599756157596
1599756158610
1599756159621
1599756160628
1599756161634
1599756162646
1599756163656
1599756164671
1599756165684
1599756166699
1599756167709
1599756168721
1599756169733
1599756170749
1599756171760
1599756172772
1599756173778
1599756174797
1599756175813
1599756176830
1599756177845
1599756178861
1599756179875
1599756180889
1599756181900
1599756182909
1599756183917
1599756184928
1599756185937
1599756186946
1599756187956
1599756188974
1599756189990
1599756191004
1599756192013
1599756193021
1599756194030
1599756195038
1599756196046
1599756197053
1599756198062
1599756199078
1599756200087
1599756201098
1599756202118
1599756203137
1599756204150
1599756205158
1599756206174
1599756207187
1599756208200
1599756209208
1599756210220
1599756211230
1599756212243
1599756213253
1599756214262
1599756215271
1599756216279
1599756217292
1599756218302
1599756219318
1599756220329
1599756221336
1599756222349
1599756223365
1599756224376
1599756225386
1599756226398
1599756227425
1599756228457
1599756229473
1599756230485
1599756231509
1599756232517
1599756233532
1599756234544
1599756235557
1599756236572
1599756237597
1599756238614
1599756239628
1599756240642
1599756241657
1599756242673
1599756243689
1599756244702
1599756245710
1599756246725
1599756247734
1599756248742
1599756249752
1599756250761
1599756251773
1599756252786
1599756253805
1599756254812
1599756255826
1599756256839
1599756257855
1599756258870
1599756259886
1599756260897
1599756261909
1599756262927
1599756263942
1599756264956
1599756265966
1599756266983
1599756267994
1599756269003
1599756270021
1599756271030
1599756272039
1599756273052
1599756274074
1599756275096
1599756276108
1599756277124
1599756278133
1599756279141
1599756280151
1599756281163
1599756282174
1599756283185
1599756284192
1599756285204
1599756286221
1599756287229
1599756288237
1599756289242
1599756290250
1599756291263
1599756292270
1599756293283
1599756294291
1599756295305
1599756296318
1599756297331
1599756298337
1599756299349
1599756300360
1599756301374
1599756302389
1599756303406
1599756304420
1599756305437
1599756306453
1599756307469
1599756308485
1599756309503
1599756310517
1599756311529
1599756312541
1599756313556
1599756314564
1599756315584
1599756316597
1599756317610
1599756318626
1599756319640
1599756320650
1599756321658
1599756322667
1599756323675
1599756324688
1599756325697
1599756326709
1599756327719
1599756328729
1599756329740
1599756330750
1599756331763
1599756332771
1599756333784
1599756334808
1599756335818
1599756336835
1599756337845
1599756338861
1599756339876
1599756340890
1599756341909
1599756342917
1599756343937
1599756344952
1599756345960
1599756346978
1599756347996
1599756349014
1599756350032
1599756351044
1599756352058
1599756353069
1599756354087
1599756355096
1599756356105
1599756357121
1599756358132
1599756359143
1599756360155
1599756361168
1599756362179
1599756363189
1599756364201
1599756365215
1599756366239
1599756367248
1599756368257
1599756369275
1599756370289
1599756371300
1599756372308
1599756373327
1599756374337
1599756375345
1599756376355
1599756377364
1599756378377
1599756379390
1599756380401
1599756381417
1599756382434
1599756383446
1599756384462
1599756385473
1599756386485
1599756387497
1599756388518
1599756389528
1599756390542
1599756391556
1599756392566
1599756393579
1599756394588
1599756395597
1599756396610
1599756397619
1599756398637
1599756399646
1599756400665
1599756401686
1599756402695
1599756403718
1599756404729
1599756405739
1599756406753
1599756407762
1599756408800
1599756409818
1599756410837
1599756411845
1599756412855
1599756413864
1599756414872
1599756415894
1599756416913
1599756417921
1599756418930
1599756419954
1599756420972
1599756421985
1599756422996
1599756424006
1599756425022
1599756426034
1599756427045
1599756428054
1599756429065
1599756430079
1599756431106
1599756432120
1599756433132
1599756434137
1599756435149
1599756436168
1599756437178
1599756438186
1599756439193
1599756440210
1599756441222
1599756442237
1599756443249
1599756444263
1599756445277
1599756446290
1599756447304
1599756448319
1599756449339
1599756450361
1599756451383
1599756452417
1599756453433
1599756454443
1599756455472
1599756456490
1599756457501
1599756458517
1599756459533
1599756460547
1599756461557
1599756462573
1599756463585
1599756464595
1599756465614
1599756466625
1599756467639
1599756468652
1599756469664
1599756470678
1599756471689
1599756472705
1599756473723
1599756474741
1599756475751
1599756476762
1599756477779
1599756478785
1599756479795
1599756480810
1599756481820
1599756482839
1599756483850
1599756484862
1599756485871
1599756486879
1599756487889
1599756488900
1599756489908
1599756490918
1599756491926
1599756492937
1599756493946
1599756494959
1599756495966
1599756496978
1599756497988
1599756498998
1599756500007
1599756501014
1599756502023
1599756503038
1599756504044
1599756505064
1599756506071
1599756507088
1599756508100
1599756509108
1599756510121
1599756511128
1599756512136
1599756513151
1599756514160
1599756515171
1599756516178
1599756517190
1599756518199
1599756519209
1599756520225
1599756521238
1599756522251
1599756523264
1599756524270
1599756525281
1599756526292
1599756527305
1599756528314
1599756529322
1599756530338
1599756531353
1599756532369
1599756533385
1599756534400
1599756535409
1599756536422
1599756537430
1599756538439
1599756539447
1599756540457
1599756541470
1599756542481
1599756543490
1599756544499
1599756545511
1599756546525
1599756547534
1599756548545
1599756549557
1599756550569
1599756551581
1599756552599
1599756553609
1599756554623
1599756555632
1599756556641
1599756557656
1599756558668
1599756559677
1599756560689
1599756561695
1599756562710
1599756563720
1599756564727
1599756565733
1599756566739
1599756567746
1599756568752
1599756569758
1599756570767
1599756571777
1599756572783
1599756573803
1599756574811
1599756575822
1599756576831
1599756577838
1599756578856
1599756579879
1599756580891
1599756581901
1599756582911
1599756583921
1599756584932
1599756585941
1599756586946
1599756587954
1599756588969
1599756589980
1599756590997
1599756592017
1599756593026
1599756594046
1599756595060
1599756596074
1599756597095
1599756598115
1599756599129
1599756600145
1599756601159
1599756602171
1599756603182
1599756604191
1599756605202
1599756606214
1599756607225
1599756608237
1599756609250
1599756610262
1599756611273
1599756612279
1599756613286
1599756614294
1599756615309
1599756616316
1599756617327
1599756618336
1599756619344
1599756620356
1599756621365
1599756622385
1599756623397
1599756624410
1599756625421
1599756626432
1599756627443
1599756628454
1599756629460
1599756630469
1599756631483
1599756632490
1599756633502
1599756634517
1599756635536
1599756636549
1599756637563
1599756638578
1599756639598
1599756640610
1599756641621
1599756642634
1599756643646
1599756644658
1599756645666
1599756646679
1599756647687
1599756648711
1599756649728
1599756650744
1599756651750
1599756652758
1599756653768
1599756654778
1599756655789
1599756656800
1599756657812
1599756658827
1599756659838
1599756660852
1599756661858
1599756662872
1599756663880
1599756664896
1599756665905
1599756666916
1599756667928
1599756668942
1599756669957
1599756670976
1599756671996
1599756673018
1599756674034
1599756675049
1599756676058
1599756677076
1599756678090
1599756679109
1599756680134
1599756681151
1599756682161
1599756683171
1599756684181
1599756685193
1599756686204
1599756687217
1599756688222
1599756689235
1599756690243
1599756691252
1599756692261
1599756693270
1599756694281
1599756695292
1599756696298
1599756697318
1599756698334
1599756699349
1599756700361
1599756701375
1599756702385
1599756703403
1599756704417
1599756705429
1599756706440
1599756707453
1599756708472
1599756709477
1599756710493
1599756711507
1599756712525
1599756713532
1599756714544
1599756715554
1599756716564
1599756717580
1599756718585
1599756719601
1599756720616
1599756721625
1599756722636
1599756723652
1599756724666
1599756725677
1599756726688
1599756727697
1599756728718
1599756729726
1599756730740
1599756731748
1599756732755
1599756733773
1599756734780
1599756735786
1599756736792
1599756737799
1599756738809
1599756739817
1599756740829
1599756741847
1599756742856
1599756743866
1599756744878
1599756745890
1599756746903
1599756747914
1599756748926
1599756749935
1599756750947
1599756751955
1599756752965
1599756753981
1599756754999
1599756756041
1599756757058
1599756758069
1599756759080
1599756760092
1599756761104
1599756762113
1599756763125
1599756764144
1599756765170
1599756766187
1599756767196
1599756768202
1599756769217
1599756770226
1599756771241
1599756772251
1599756773260
1599756774273
1599756775285
1599756776299
1599756777309
1599756778317
1599756779333
1599756780346
1599756781366
1599756782377
1599756783385
1599756784395
1599756785405
1599756786414
1599756787422
1599756788432
1599756789443
1599756790453
1599756791472
1599756792481
1599756793491
1599756794505
1599756795509
1599756796522
1599756797542
1599756798558
1599756799568
1599756800578
1599756801584
1599756802592
1599756803606
1599756804617
1599756805629
1599756806639
1599756807653
1599756808669
1599756809692
1599756810701
1599756811713
1599756812734
1599756813741
1599756814763
1599756815785
1599756816805
1599756817821
1599756818831
1599756819842
1599756820850
1599756821856
1599756822866
1599756823874
1599756824887
1599756825902
1599756826912
1599756827931
1599756828941
1599756829951
1599756830966
1599756831975
1599756832982
1599756833998
1599756835006
1599756836017
1599756837033
1599756838054
1599756839066
1599756840086
1599756841096
1599756842107
1599756843121
1599756844129
1599756845141
1599756846154
1599756847163
1599756848176
1599756849192
1599756850210
1599756851231
1599756852246
1599756853255
1599756854265
1599756855279
1599756856285
1599756857293
1599756858301
1599756859307
1599756860323
1599756861335
1599756862342
1599756863352
1599756864362
1599756865380
1599756866389
1599756867399
1599756868414
1599756869426
1599756870434
1599756871447
1599756872453
1599756873462
1599756874476
1599756875486
1599756876495
1599756877506
1599756878514
1599756879526
1599756880540
1599756881555
1599756882564
1599756883573
1599756884587
1599756885597
1599756886609
1599756887624
1599756888635
1599756889644
1599756890658
1599756891669
1599756892682
1599756893698
1599756894711
1599756895721
1599756896729
1599756897738
1599756898746
1599756899755
1599756900765
1599756901791
1599756902817
1599756903829
1599756904845
1599756905873
1599756906885
1599756907901
1599756908921
1599756909932
1599756910941
1599756911951
1599756912964
1599756913975
1599756914982
1599756915994
1599756917000
1599756918010
1599756919018
1599756920025
1599756921034
1599756922049
1599756923057
1599756924065
1599756925088
1599756926101
1599756927107
1599756928124
1599756929135
1599756930149
1599756931162
1599756932175
1599756933184
1599756934195
1599756935204
1599756936213
1599756937225
1599756938230
1599756939246
1599756940256
1599756941265
1599756942280
1599756943290
1599756944300
1599756945313
1599756946326
1599756947339
1599756948349
1599756949358
1599756950370
1599756951386
1599756952407
1599756953418
1599756954426
1599756955437
1599756956455
1599756957465
1599756958474
1599756959489
1599756960505
1599756961517
1599756962529
1599756963541
1599756964563
1599756965573
1599756966596
1599756967621
1599756968646
1599756969663
1599756970675
1599756971689
1599756972703
1599756973713
1599756974721
1599756975742
1599756976751
1599756977761
1599756978770
1599756979781
1599756980799
1599756981807
1599756982818
1599756983837
1599756984847
1599756985856
1599756986867
1599756987877
1599756988882
1599756989896
1599756990905
1599756991922
1599756992931
1599756993939
1599756994945
1599756995957
1599756996975
1599756997987
1599756998996
1599757000005
1599757001013
1599757002029
1599757003038
1599757004050
1599757005059
1599757006069
1599757007079
1599757008088
1599757009100
1599757010109
1599757011130
1599757012138
1599757013149
1599757014172
1599757015188
1599757016203
1599757017218
1599757018229
1599757019246
1599757020267
1599757021283
1599757022307
1599757023322
1599757024336
1599757025349
1599757026357
1599757027366
1599757028378
1599757029390
1599757030402
1599757031414
1599757032428
1599757033437
1599757034449
1599757035460
1599757036469
1599757037482
1599757038497
1599757039517
1599757040529
1599757041550
1599757042566
1599757043576
1599757044592
1599757045600
1599757046609
1599757047625
1599757048638
1599757049651
1599757050661
1599757051669
1599757052681
1599757053701
1599757054721
1599757055730
1599757056741
1599757057752
1599757058761
1599757059770
1599757060786
1599757061801
1599757062814
1599757063827
1599757064839
1599757065855
1599757066873
1599757067888
1599757068908
1599757069920
1599757070933
1599757071945
1599757072957
1599757073971
1599757074981
1599757075991
1599757077005
1599757078015
1599757079033
1599757080051
1599757081057
1599757082068
1599757083082
1599757084093
1599757085110
1599757086121
1599757087139
1599757088151
1599757089167
1599757090174
1599757091187
1599757092200
1599757093213
1599757094224
1599757095236
1599757096242
1599757097255
1599757098267
1599757099285
1599757100296
1599757101309
1599757102317
1599757103330
1599757104341
1599757105354
1599757106372
1599757107382
1599757108408
1599757109420
1599757110429
1599757111447
1599757112460
1599757113468
1599757114477
1599757115491
1599757116503
1599757117536
1599757118542
1599757119550
1599757120562
1599757121577
1599757122589
1599757123602
1599757124621
1599757125633
1599757126644
1599757127660
1599757128678
1599757129693
1599757130702
1599757131713
1599757132726
1599757133743
1599757134754
1599757135765
1599757136774
1599757137790
1599757138805
1599757139825
1599757140839
1599757141854
1599757142867
1599757143877
1599757144892
1599757145900
1599757146914
1599757147925
1599757148936
1599757149949
1599757150957
1599757151971
1599757152981
1599757153995
1599757155005
1599757156015
1599757157022
1599757158035
1599757159046
1599757160057
1599757161066
1599757162077
1599757163089
1599757164104
1599757165119
1599757166135
1599757167149
1599757168160
1599757169168
1599757170178
1599757171190
1599757172201
1599757173217
1599757174235
1599757175246
1599757176264
1599757177272
1599757178284
1599757179290
1599757180309
1599757181320
1599757182332
1599757183339
1599757184361
1599757185369
1599757186383
1599757187391
1599757188396
1599757189411
1599757190425
1599757191438
1599757192448
1599757193456
1599757194469
1599757195481
1599757196509
1599757197523
1599757198533
1599757199545
1599757200557
1599757201568
1599757202582
1599757203592
1599757204600
1599757205611
1599757206624
1599757207634
1599757208649
1599757209658
1599757210668
1599757211683
1599757212696
1599757213705
1599757214716
1599757215725
1599757216735
1599757217745
1599757218756
1599757219765
1599757220782
1599757221792
1599757222803
1599757223818
1599757224827
1599757225835
1599757226847
1599757227853
1599757228862
1599757229871
1599757230876
1599757231884
1599757232890
1599757233905
1599757234914
1599757235921
1599757236933
1599757237954
1599757238964
1599757239976
1599757240986
1599757241997
1599757243010
1599757244026
1599757245035
1599757246044
1599757247049
1599757248064
1599757249079
1599757250089
1599757251112
1599757252141
1599757253152
1599757254160
1599757255169
1599757256178
1599757257187
1599757258198
1599757259207
1599757260217
1599757261226
1599757262235
1599757263246
1599757264260
1599757265276
1599757266299
1599757267306
1599757268319
1599757269330
1599757270337
1599757271344
1599757272353
1599757273362
1599757274374
1599757275393
1599757276406
1599757277422
1599757278438
1599757279450
1599757280472
1599757281483
1599757282500
1599757283509
1599757284522
1599757285534
1599757286546
1599757287558
1599757288568
1599757289581
1599757290594
1599757291608
1599757292618
1599757293627
1599757294641
1599757295656
1599757296663
1599757297671
1599757298678
1599757299693
1599757300704
1599757301712
1599757302718
1599757303726
1599757304738
1599757305749
1599757306758
1599757307766
1599757308776
1599757309787
1599757310794
1599757311805
1599757312811
1599757313823
1599757314833
1599757315843
1599757316856
1599757317869
1599757318885
1599757319897
1599757320912
1599757321933
1599757322943
1599757323948
1599757324957
1599757325971
1599757326985
1599757328001
1599757329017
1599757330030
1599757331052
1599757332066
1599757333081
1599757334089
1599757335100
1599757336121
1599757337133
1599757338149
1599757339160
1599757340178
1599757341199
1599757342208
1599757343222
1599757344231
1599757345243
1599757346252
1599757347264
1599757348275
1599757349291
1599757350301
1599757351310
1599757352324
1599757353337
1599757354349
1599757355363
1599757356378
1599757357393
1599757358408
1599757359429
1599757360444
1599757361454
1599757362469
1599757363480
1599757364489
1599757365509
1599757366522
1599757367531
1599757368541
1599757369556
1599757370570
1599757371591
1599757372598
1599757373608
1599757374633
1599757375649
1599757376663
1599757377670
1599757378678
1599757379708
1599757380720
1599757381728
1599757382737
1599757383754
1599757384764
1599757385776
1599757386787
1599757387795
1599757388812
1599757389836
1599757390845
1599757391858
1599757392869
1599757393885
1599757394898
1599757395913
1599757396929
1599757397939
1599757398949
1599757399958
1599757400972
1599757401985
1599757402999
1599757404010
1599757405020
1599757406033
1599757407049
1599757408062
1599757409073
1599757410083
1599757411097
1599757412106
1599757413114
1599757414135
1599757415145
1599757416158
1599757417171
1599757418185
1599757419200
1599757420218
1599757421231
1599757422249
1599757423266
1599757424284
1599757425294
1599757426303
1599757427314
1599757428319
1599757429334
1599757430351
1599757431367
1599757432380
1599757433390
1599757434404
1599757435414
1599757436429
1599757437440
1599757438454
1599757439468
1599757440487
1599757441498
1599757442507
1599757443514
1599757444525
1599757445537
1599757446551
1599757447561
1599757448571
1599757449579
1599757450589
1599757451599
1599757452608
1599757453618
1599757454629
1599757455645
1599757456653
1599757457657
1599757458665
1599757459674
1599757460686
1599757461718
1599757462725
1599757463743
1599757464771
1599757465781
1599757466798
1599757467816
1599757468823
1599757469834
1599757470844
1599757471854
1599757472868
1599757473894
1599757474907
1599757475922
1599757476940
1599757477952
1599757478961
1599757479975
1599757480987
1599757482004
1599757483022
1599757484044
1599757485057
1599757486070
1599757487076
1599757488085
1599757489091
1599757490099
1599757491108
1599757492120
1599757493129
1599757494143
1599757495153
1599757496164
1599757497174
1599757498186
1599757499197
1599757500205
1599757501214
1599757502221
1599757503230
1599757504242
1599757505252
1599757506261
1599757507269
1599757508280
1599757509288
1599757510293
1599757511306
1599757512317
1599757513335
1599757514341
1599757515350
1599757516358
1599757517366
1599757518377
1599757519389
1599757520400
1599757521410
1599757522421
1599757523435
1599757524451
1599757525464
1599757526477
1599757527494
1599757528507
1599757529522
1599757530533
1599757531549
1599757532560
1599757533572
1599757534582
1599757535599
1599757536612
1599757537621
1599757538633
1599757539649
1599757540656
1599757541668
1599757542679
1599757543688
1599757544697
1599757545707
1599757546720
1599757547733
1599757548744
1599757549757
1599757550769
1599757551780
1599757552785
1599757553797
1599757554808
1599757555829
1599757556840
1599757557853
1599757558862
1599757559870
1599757560885
1599757561894
1599757562905
1599757563924
1599757564936
1599757565940
1599757566957
1599757567970
1599757568989
1599757570005
1599757571012
1599757572021
1599757573035
1599757574050
1599757575056
1599757576065
1599757577077
1599757578091
1599757579101
1599757580118
1599757581133
1599757582145
1599757583157
1599757584163
1599757585178
1599757586187
1599757587196
1599757588203
1599757589211
1599757590222
1599757591236
1599757592254
1599757593263
1599757594277
1599757595286
1599757596302
1599757597310
1599757598320
1599757599326
1599757600338
1599757601349
1599757602359
1599757603372
1599757604392
1599757605417
1599757606430
1599757607443
1599757608450
1599757609463
1599757610483
1599757611500
1599757612523
1599757613547
1599757614557
1599757615571
1599757616576
1599757617593
1599757618606
1599757619620
1599757620634
1599757621650
1599757622662
1599757623677
1599757624693
1599757625709
1599757626717
1599757627726
1599757628741
1599757629753
1599757630767
1599757631781
1599757632790
1599757633798
1599757634812
1599757635822
1599757636833
1599757637841
1599757638850
1599757639855
1599757640867
1599757641881
1599757642904
1599757643914
1599757644924
1599757645946
1599757646963
1599757647976
1599757648992
1599757650009
1599757651022
1599757652035
1599757653051
1599757654061
1599757655075
1599757656091
1599757657101
1599757658111
1599757659120
1599757660139
1599757661148
1599757662156
1599757663170
1599757664181
1599757665194
1599757666202
1599757667226
1599757668234
1599757669242
1599757670253
1599757671265
1599757672271
1599757673281
1599757674293
1599757675302
1599757676311
1599757677322
1599757678332
1599757679340
1599757680346
1599757681357
1599757682366
1599757683381
1599757684402
1599757685412
1599757686421
1599757687433
1599757688445
1599757689458
1599757690466
1599757691482
1599757692491
1599757693501
1599757694510
1599757695521
1599757696533
1599757697542
1599757698553
1599757699565
1599757700577
1599757701585
1599757702598
1599757703607
1599757704615
1599757705623
1599757706633
1599757707641
1599757708649
1599757709657
1599757710668
1599757711678
1599757712691
1599757713703
1599757714716
1599757715728
1599757716733
1599757717742
1599757718757
1599757719772
1599757720783
1599757721792
1599757722804
1599757723815
1599757724825
1599757725835
1599757726843
1599757727850
1599757728863
1599757729879
1599757730887
1599757731895
1599757732906
1599757733915
1599757734925
1599757735940
1599757736946
1599757737957
1599757738970
1599757739987
1599757740997
1599757742008
1599757743016
1599757744023
1599757745030
1599757746042
1599757747055
1599757748069
1599757749077
1599757750090
1599757751105
1599757752139
1599757753158
1599757754170
1599757755181
1599757756192
1599757757200
1599757758211
1599757759225
1599757760236
1599757761242
1599757762255
1599757763264
1599757764274
1599757765282
1599757766294
1599757767302
1599757768313
1599757769322
1599757770331
1599757771344
1599757772353
1599757773365
1599757774374
1599757775391
1599757776402
1599757777418
1599757778431
1599757779445
1599757780459
1599757781474
1599757782487
1599757783500
1599757784511
1599757785521
1599757786535
1599757787550
1599757788559
1599757789569
1599757790587
1599757791602
1599757792638
1599757793648
1599757794657
1599757795667
1599757796682
1599757797695
1599757798707
1599757799713
1599757800739
1599757801767
1599757802787
1599757803797
1599757804809
1599757805818
1599757806829
1599757807840
1599757808858
1599757809864
1599757810878
1599757811898
1599757812908
1599757813921
1599757814935
1599757815953
1599757816969
1599757817981
1599757818994
1599757820015
1599757821027
1599757822035
1599757823057
1599757824067
1599757825086
1599757826100
1599757827108
1599757828122
1599757829145
1599757830167
1599757831178
1599757832195
1599757833209
1599757834217
1599757835227
1599757836238
1599757837249
1599757838254
1599757839262
1599757840272
1599757841278
1599757842288
1599757843297
1599757844305
1599757845314
1599757846325
1599757847341
1599757848351
1599757849362
1599757850376
1599757851392
1599757852405
1599757853424
1599757854436
1599757855444
1599757856453
1599757857465
1599757858478
1599757859486
1599757860496
1599757861503
1599757862517
1599757863532
1599757864547
1599757865558
1599757866571
1599757867579
1599757868586
1599757869594
1599757870605
1599757871621
1599757872630
1599757873638
1599757874649
1599757875660
1599757876674
1599757877682
1599757878691
1599757879698
1599757880715
1599757881729
1599757882742
1599757883752
1599757884761
1599757885770
1599757886783
1599757887795
1599757888809
1599757889818
1599757890826
1599757891836
1599757892844
1599757893852
1599757894860
1599757895871
1599757896884
1599757897892
1599757898902
1599757899912
1599757900918
1599757901929
1599757902944
1599757903953
1599757904964
1599757905986
1599757906994
1599757908005
1599757909014
1599757910028
1599757911043
1599757912051
1599757913058
1599757914070
1599757915096
1599757916110
1599757917123
1599757918138
1599757919149
1599757920162
1599757921174
1599757922190
1599757923203
1599757924219
1599757925229
1599757926234
1599757927242
1599757928253
1599757929265
1599757930286
1599757931300
1599757932316
1599757933329
1599757934345
1599757935363
1599757936375
1599757937384
1599757938390
1599757939403
1599757940412
1599757941429
1599757942438
1599757943446
1599757944453
1599757945462
1599757946474
1599757947503
1599757948514
1599757949532
1599757950544
1599757951555
1599757952569
1599757953584
1599757954597
1599757955609
1599757956629
1599757957638
1599757958651
1599757959665
1599757960677
1599757961695
1599757962714
1599757963732
1599757964741
1599757965750
1599757966762
1599757967776
1599757968783
1599757969797
1599757970805
1599757971818
1599757972829
1599757973840
1599757974847
1599757975866
1599757976887
1599757977897
1599757978916
1599757979929
1599757980942
1599757981956
1599757982969
1599757983982
1599757984994
1599757986016
1599757987027
1599757988039
1599757989049
1599757990060
1599757991069
1599757992083
1599757993098
1599757994109
1599757995122
1599757996137
1599757997157
1599757998170
1599757999191
1599758000200
1599758001215
1599758002228
1599758003241
1599758004251
1599758005259
1599758006266
1599758007273
1599758008288
1599758009319
1599758010337
1599758011344
1599758012350
1599758013367
1599758014373
1599758015382
1599758016392
1599758017402
1599758018413
1599758019426
1599758020434
1599758021445
1599758022454
1599758023467
1599758024477
1599758025492
1599758026502
1599758027517
1599758028528
1599758029541
1599758030553
1599758031563
1599758032572
1599758033589
1599758034602
1599758035611
1599758036621
1599758037633
1599758038649
1599758039660
1599758040671
1599758041687
1599758042700
1599758043717
1599758044726
1599758045736
1599758046744
1599758047760
1599758048769
1599758049779
1599758050791
1599758051804
1599758052834
1599758053851
1599758054863
1599758055875
1599758056891
1599758057901
1599758058912
1599758059923
1599758060939
1599758061947
1599758062957
1599758063965
1599758064977
1599758065985
1599758067002
1599758068015
1599758069035
1599758070045
1599758071058
1599758072066
1599758073077
1599758074096
1599758075106
1599758076114
1599758077125
1599758078134
1599758079148
1599758080157
1599758081175
1599758082188
1599758083200
1599758084218
1599758085229
1599758086239
1599758087250
1599758088273
1599758089282
1599758090297
1599758091308
1599758092317
1599758093327
1599758094336
1599758095345
1599758096357
1599758097366
1599758098376
1599758099385
1599758100397
1599758101407
1599758102423
1599758103431
1599758104442
1599758105453
1599758106466
1599758107474
1599758108486
1599758109495
1599758110509
1599758111522
1599758112537
1599758113548
1599758114559
1599758115576
1599758116589
1599758117598
1599758118605
1599758119619
1599758120630
1599758121640
1599758122646
1599758123664
1599758124670
1599758125676
1599758126688
1599758127697
1599758128702
1599758129711
1599758130734
1599758131743
1599758132759
1599758133773
1599758134782
1599758135798
1599758136813
1599758137828
1599758138841
1599758139857
1599758140866
1599758141877
1599758142884
1599758143896
1599758144906
1599758145917
1599758146927
1599758147936
1599758148942
1599758149953
1599758150962
1599758151980
1599758152988
1599758153994
1599758155005
1599758156021
1599758157033
1599758158045
1599758159051
1599758160058
1599758161070
1599758162093
1599758163109
1599758164127
1599758165138
1599758166151
1599758167161
1599758168171
1599758169181
1599758170192
1599758171202
1599758172214
1599758173227
1599758174234
1599758175248
1599758176257
1599758177269
1599758178276
1599758179285
1599758180308
1599758181317
1599758182336
1599758183348
1599758184357
1599758185372
1599758186384
1599758187397
1599758188406
1599758189425
1599758190437
1599758191449
1599758192463
1599758193481
1599758194493
1599758195521
1599758196530
1599758197552
1599758198574
1599758199587
1599758200603
1599758201617
1599758202632
1599758203653
1599758204670
1599758205682
1599758206699
1599758207713
1599758208722
1599758209735
1599758210752
1599758211761
1599758212774
1599758213791
1599758214805
1599758215821
1599758216836
1599758217847
1599758218856
1599758219872
1599758220885
1599758221897
1599758222909
1599758223917
1599758224933
1599758225949
1599758226963
1599758227970
1599758228978
1599758229987
1599758230997
1599758232005
1599758233013
1599758234027
1599758235040
1599758236054
1599758237068
1599758238082
1599758239096
1599758240109
1599758241123
1599758242143
1599758243161
1599758244176
1599758245203
1599758246217
1599758247232
1599758248252
1599758249261
1599758250274
1599758251285
1599758252297
1599758253309
1599758254317
1599758255332
1599758256345
1599758257357
1599758258373
1599758259382
1599758260390
1599758261403
1599758262409
1599758263422
1599758264433
1599758265445
1599758266453
1599758267465
1599758268476
1599758269482
1599758270502
1599758271513
1599758272528
1599758273545
1599758274561
1599758275573
1599758276585
1599758277601
1599758278617
1599758279629
1599758280645
1599758281652
1599758282679
1599758283689
1599758284699
1599758285713
1599758286724
1599758287741
1599758288757
1599758289768
1599758290777
1599758291788
1599758292794
1599758293809
1599758294826
1599758295837
1599758296843
1599758297852
1599758298861
1599758299875
1599758300887
1599758301899
1599758302909
1599758303922
1599758304937
1599758305959
1599758306980
1599758307992
1599758309010
1599758310021
1599758311033
1599758312051
1599758313065
1599758314081
1599758315098
1599758316113
1599758317129
1599758318145
1599758319159
1599758320167
1599758321189
1599758322208
1599758323227
1599758324241
1599758325253
1599758326263
1599758327270
1599758328277
1599758329286
1599758330296
1599758331304
1599758332315
1599758333329
1599758334345
1599758335355
1599758336365
1599758337378
1599758338389
1599758339407
1599758340420
1599758341433
1599758342454
1599758343473
1599758344486
1599758345495
1599758346512
1599758347528
1599758348542
1599758349552
1599758350565
1599758351577
1599758352589
1599758353605
1599758354620
1599758355628
1599758356642
1599758357659
1599758358679
1599758359692
1599758360705
1599758361720
1599758362737
1599758363746
1599758364761
1599758365777
1599758366792
1599758367805
1599758368813
1599758369823
1599758370833
1599758371845
1599758372862
1599758373880
1599758374897
1599758375908
1599758376918
1599758377927
1599758378934
1599758379949
1599758380961
1599758381970
1599758382979
1599758383989
1599758385002
1599758386013
1599758387020
1599758388031
1599758389046
1599758390064
1599758391070
1599758392078
1599758393086
1599758394102
1599758395118
1599758396135
1599758397149
1599758398157
1599758399173
1599758400194
1599758401205
1599758402215
1599758403228
1599758404238
1599758405246
1599758406258
1599758407272
1599758408281
1599758409316
1599758410333
1599758411353
1599758412387
1599758413404
1599758414425
1599758415440
1599758416454
1599758417466
1599758418474
1599758419481
1599758420503
1599758421512
1599758422520
1599758423529
1599758424546
1599758425557
1599758426566
1599758427578
1599758428587
1599758429595
1599758430607
1599758431614
1599758432627
1599758433636
1599758434662
1599758435673
1599758436686
1599758437696
1599758438717
1599758439728
1599758440737
1599758441757
1599758442769
1599758443779
1599758444789
1599758445802
1599758446828
1599758447840
1599758448852
1599758449859
1599758450870
1599758451881
1599758452891
1599758453898
1599758454910
1599758455928
1599758456934
1599758457943
1599758458962
1599758459972
1599758460984
1599758461998
1599758463013
1599758464034
1599758465049
1599758466064
1599758467076
1599758468096
1599758469105
1599758470120
1599758471131
1599758472150
1599758473162
1599758474176
1599758475185
1599758476202
1599758477217
1599758478226
1599758479241
1599758480259
1599758481272
1599758482285
1599758483300
1599758484316
1599758485333
1599758486356
1599758487374
1599758488382
1599758489394
1599758490405
1599758491414
1599758492428
1599758493439
1599758494454
1599758495464
1599758496476
1599758497485
1599758498497
1599758499512
1599758500518
1599758501525
1599758502534
1599758503542
1599758504553
1599758505565
1599758506577
1599758507589
1599758508604
1599758509609
1599758510623
1599758511633
1599758512646
1599758513654
1599758514673
1599758515686
1599758516700
1599758517712
1599758518727
1599758519738
1599758520748
1599758521760
1599758522772
1599758523785
1599758524801
1599758525810
1599758526820
1599758527827
1599758528833
1599758529846
1599758530854
1599758531866
1599758532882
1599758533899
1599758534915
1599758535930
1599758536939
1599758537952
1599758538967
1599758539981
1599758540994
1599758542015
1599758543026
1599758544040
1599758545053
1599758546064
1599758547076
1599758548088
1599758549123
1599758550141
1599758551160
1599758552173
1599758553185
1599758554199
1599758555213
1599758556231
1599758557246
1599758558261
1599758559277
1599758560294
1599758561309
1599758562324
1599758563336
1599758564345
1599758565358
1599758566373
1599758567389
1599758568405
1599758569422
1599758570438
1599758571458
1599758572471
1599758573481
1599758574491
1599758575502
1599758576512
1599758577521
1599758578531
1599758579542
1599758580555
1599758581565
1599758582574
1599758583583
1599758584591
1599758585605
1599758586615
1599758587624
1599758588631
1599758589639
1599758590650
1599758591658
1599758592668
1599758593679
1599758594691
1599758595702
1599758596715
1599758597728
1599758598735
1599758599748
1599758600762
1599758601769
1599758602774
1599758603787
1599758604804
1599758605815
1599758606826
1599758607843
1599758608856
1599758609870
1599758610884
1599758611898
1599758612911
1599758613924
1599758614934
1599758615946
1599758616961
1599758617975
1599758618987
1599758619998
1599758621006
1599758622014
1599758623022
1599758624030
1599758625039
1599758626047
1599758627057
1599758628067
1599758629081
1599758630099
1599758631115
1599758632126
1599758633140
1599758634153
1599758635161
1599758636176
1599758637182
1599758638189
1599758639206
1599758640225
1599758641242
1599758642259
1599758643269
1599758644283
1599758645297
1599758646312
1599758647325
1599758648347
1599758649354
1599758650366
1599758651377
1599758652393
1599758653407
1599758654424
1599758655438
1599758656451
1599758657466
1599758658477
1599758659486
1599758660497
1599758661502
1599758662511
1599758663525
1599758664531
1599758665541
1599758666550
1599758667573
1599758668605
1599758669616
1599758670623
1599758671630
1599758672641
1599758673651
1599758674659
1599758675672
1599758676685
1599758677696
1599758678709
1599758679721
1599758680732
1599758681744
1599758682751
1599758683762
1599758684788
1599758685796
1599758686810
1599758687819
1599758688829
1599758689843
1599758690853
1599758691865
1599758692870
1599758693880
1599758694888
1599758695900
1599758696914
1599758697921
1599758698937
1599758699946
1599758700959
1599758701971
1599758702985
1599758703997
1599758705004
1599758706016
1599758707031
1599758708062
1599758709077
1599758710086
1599758711096
1599758712106
1599758713118
1599758714132
1599758715142
1599758716158
1599758717176
1599758718182
1599758719194
1599758720203
1599758721216
1599758722225
1599758723233
1599758724238
1599758725246
1599758726257
1599758727278
1599758728288
1599758729297
1599758730309
1599758731316
1599758732326
1599758733337
1599758734346
1599758735365
1599758736374
1599758737388
1599758738397
1599758739404
1599758740412
1599758741421
1599758742429
1599758743437
1599758744448
1599758745461
1599758746479
1599758747490
1599758748503
1599758749514
1599758750527
1599758751544
1599758752550
1599758753559
1599758754579
1599758755590
1599758756609
1599758757618
1599758758629
1599758759637
1599758760653
1599758761669
1599758762678
1599758763686
1599758764694
1599758765700
1599758766715
1599758767726
1599758768735
1599758769745
1599758770761
1599758771774
1599758772782
1599758773791
1599758774800
1599758775810
1599758776822
1599758777834
1599758778845
1599758779853
1599758780864
1599758781902
1599758782918
1599758783935
1599758784944
1599758785957
1599758786972
1599758787983
1599758788994
1599758790004
1599758791010
1599758792018
1599758793027
1599758794035
1599758795042
1599758796071
1599758797084
1599758798100
1599758799108
1599758800126
1599758801141
1599758802152
1599758803161
1599758804173
1599758805190
1599758806201
1599758807213
1599758808228
1599758809235
1599758810249
1599758811261
1599758812275
1599758813288
1599758814298
1599758815310
1599758816321
1599758817333
1599758818346
1599758819354
1599758820365
1599758821378
1599758822390
1599758823408
1599758824421
1599758825437
1599758826453
1599758827467
1599758828478
1599758829487
1599758830495
1599758831508
1599758832517
1599758833526
1599758834540
1599758835556
1599758836568
1599758837576
1599758838588
1599758839606
1599758840625
1599758841636
1599758842656
1599758843665
1599758844683
1599758845693
1599758846705
1599758847719
1599758848729
1599758849744
1599758850758
1599758851774
1599758852789
1599758853805
1599758854817
1599758855829
1599758856841
1599758857852
1599758858861
1599758859879
1599758860889
1599758861905
1599758862911
1599758863921
1599758864935
1599758865949
1599758866961
1599758867973
1599758868985
1599758869998
1599758871013
1599758872034
1599758873044
1599758874057
1599758875067
1599758876086
1599758877097
1599758878111
1599758879122
1599758880136
1599758881145
1599758882158
1599758883167
1599758884176
1599758885185
1599758886190
1599758887199
1599758888214
1599758889223
1599758890235
1599758891243
1599758892253
1599758893264
1599758894274
1599758895285
1599758896297
1599758897312
1599758898321
1599758899333
1599758900340
1599758901349
1599758902357
1599758903364
1599758904372
1599758905385
1599758906390
1599758907401
1599758908412
1599758909422
1599758910427
1599758911444
1599758912454
1599758913466
1599758914477
1599758915489
1599758916501
1599758917513
1599758918527
1599758919541
1599758920556
1599758921563
1599758922577
1599758923588
1599758924601
1599758925612
1599758926629
1599758927644
1599758928661
1599758929687
1599758930696
1599758931711
1599758932726
1599758933742
1599758934767
1599758935781
1599758936806
1599758937820
1599758938827
1599758939842
1599758940856
1599758941861
1599758942874
1599758943885
1599758944901
1599758945912
1599758946919
1599758947930
1599758948939
1599758949950
1599758950962
1599758951982
1599758952989
1599758953999
1599758955008
1599758956021
1599758957032
1599758958040
1599758959051
1599758960065
1599758961078
1599758962089
1599758963104
1599758964118
1599758965128
1599758966141
1599758967152
1599758968160
1599758969170
1599758970178
1599758971190
1599758972203
1599758973212
1599758974223
1599758975236
1599758976250
1599758977265
1599758978303
1599758979313
1599758980320
1599758981331
1599758982342
1599758983353
1599758984366
1599758985377
1599758986389
1599758987399
1599758988408
1599758989419
1599758990430
1599758991442
1599758992454
1599758993463
1599758994479
1599758995488
1599758996502
1599758997509
1599758998522
1599758999532
1599759000545
1599759001556
1599759002573
1599759003589
1599759004603
1599759005614
1599759006621
1599759007635
1599759008651
1599759009662
1599759010678
1599759011690
1599759012705
1599759013717
1599759014727
1599759015742
1599759016754
1599759017768
1599759018776
1599759019792
1599759020801
1599759021825
1599759022841
1599759023849
1599759024860
1599759025873
1599759026887
1599759027900
1599759028917
1599759029927
1599759030939
1599759031953
1599759032969
1599759033984
1599759035001
1599759036015
1599759037029
1599759038043
1599759039058
1599759040072
1599759041081
1599759042093
1599759043109
1599759044117
1599759045132
1599759046148
1599759047158
1599759048175
1599759049195
1599759050208
1599759051223
1599759052231
1599759053246
1599759054263
1599759055277
1599759056289
1599759057305
1599759058324
1599759059337
1599759060353
1599759061369
1599759062379
1599759063392
1599759064404
1599759065422
1599759066436
1599759067444
1599759068453
1599759069465
1599759070485
1599759071502
1599759072511
1599759073528
1599759074555
1599759075570
1599759076586
1599759077598
1599759078618
1599759079634
1599759080643
1599759081657
1599759082674
1599759083690
1599759084696
1599759085708
1599759086717
1599759087727
1599759088738
1599759089764
1599759090784
1599759091807
1599759092825
1599759093837
1599759094855
1599759095871
1599759096885
1599759097900
1599759098913
1599759099929
1599759100945
1599759101961
1599759102980
1599759103989
1599759104999
1599759106020
1599759107037
1599759108056
1599759109073
1599759110085
1599759111101
1599759112110
1599759113124
1599759114140
1599759115152
1599759116162
1599759117175
1599759118190
1599759119206
1599759120224
1599759121254
1599759122269
1599759123284
1599759124297
1599759125310
1599759126320
1599759127329
1599759128345
1599759129369
1599759130385
1599759131407
1599759132421
1599759133438
1599759134459
1599759135490
1599759136499
1599759137514
1599759138521
1599759139538
1599759140555
1599759141569
1599759142585
1599759143605
1599759144616
1599759145629
1599759146641
1599759147652
1599759148660
1599759149674
1599759150692
1599759151713
1599759152725
1599759153741
1599759154758
1599759155766
1599759156784
1599759157798
1599759158813
1599759159829
1599759160843
1599759161860
1599759162870
1599759163885
1599759164909
1599759165922
1599759166937
1599759167952
1599759168964
1599759169972
1599759170981
1599759171994
1599759173009
1599759174021
1599759175034
1599759176062
1599759177078
1599759178094
1599759179109
1599759180125
1599759181139
1599759182158
1599759183175
1599759184190
1599759185201
1599759186218
1599759187233
1599759188240
1599759189254
1599759190273
1599759191292
1599759192305
1599759193324
1599759194333
1599759195351
1599759196365
1599759197377
1599759198390
1599759199401
1599759200409
1599759201424
1599759202434
1599759203444
1599759204463
1599759205481
1599759206503
1599759207524
1599759208533
1599759209551
1599759210572
1599759211590
1599759212605
1599759213617
1599759214633
1599759215645
1599759216664
1599759217679
1599759218694
1599759219705
1599759220712
1599759221724
1599759222739
1599759223751
1599759224766
1599759225781
1599759226793
1599759227805
1599759228820
1599759229840
1599759230857
1599759231868
1599759232880
1599759233901
1599759234913
1599759235939
1599759236953
1599759237969
1599759238980
1599759239997
1599759241012
1599759242025
1599759243032
1599759244045
1599759245058
1599759246073
1599759247085
1599759248105
1599759249118
1599759250141
1599759251163
1599759252172
1599759253192
1599759254201
1599759255222
1599759256234
1599759257245
1599759258263
1599759259278
1599759260305
1599759261313
1599759262329
1599759263344
1599759264360
1599759265371
1599759266381
1599759267405
1599759268419
1599759269434
1599759270448
1599759271462
1599759272477
1599759273490
1599759274513
1599759275532
1599759276545
1599759277564
1599759278595
1599759279612
1599759280619
1599759281631
1599759282641
1599759283648
1599759284657
1599759285672
1599759286693
1599759287714
1599759288723
1599759289741
1599759290757
1599759291769
1599759292788
1599759293798
1599759294814
1599759295828
1599759296844
1599759297859
1599759298865
1599759299888
1599759300902
1599759301921
1599759302942
1599759303957
1599759304976
1599759305991
1599759307008
1599759308017
1599759309035
1599759310056
1599759311076
1599759312096
1599759313104
1599759314138
1599759315152
1599759316165
1599759317185
1599759318200
1599759319219
1599759320234
1599759321248
1599759322265
1599759323281
1599759324296
1599759325317
1599759326334
1599759327347
1599759328360
1599759329376
1599759330385
1599759331401
1599759332433
1599759333442
1599759334455
1599759335475
1599759336487
1599759337503
1599759338513
1599759339529
1599759340541
1599759341554
1599759342566
1599759343581
1599759344595
1599759345609
1599759346623
1599759347633
1599759348645
1599759349653
1599759350668
1599759351685
1599759352696
1599759353708
1599759354732
1599759355759
1599759356776
1599759357792
1599759358802
1599759359815
1599759360833
1599759361856
1599759362866
1599759363886
1599759364906
1599759365920
1599759366933
1599759367944
1599759368956
1599759369973
1599759370989
1599759371999
1599759373014
1599759374024
1599759375034
1599759376046
1599759377058
1599759378070
1599759379085
1599759380101
1599759381117
1599759382131
1599759383150
1599759384169
1599759385183
1599759386191
1599759387197
1599759388208
1599759389222
1599759390230
1599759391240
1599759392257
1599759393276
1599759394287
1599759395295
1599759396313
1599759397325
1599759398338
1599759399352
1599759400371
1599759401385
1599759402406
1599759403421
1599759404432
1599759405448
1599759406461
1599759407473
1599759408482
1599759409490
1599759410500
1599759411511
1599759412526
1599759413535
1599759414548
1599759415555
1599759416561
1599759417581
1599759418591
1599759419607
1599759420615
1599759421627
1599759422637
1599759423647
1599759424655
1599759425669
1599759426679
1599759427686
1599759428700
1599759429713
1599759430728
1599759431741
1599759432757
1599759433771
1599759434783
1599759435801
1599759436822
1599759437833
1599759438848
1599759439862
1599759440877
1599759441889
1599759442905
1599759443922
1599759444937
1599759445953
1599759446965
1599759447972
1599759448985
1599759449997
1599759451012
1599759452017
1599759453028
1599759454041
1599759455048
1599759456055
1599759457063
1599759458073
1599759459085
1599759460099
1599759461109
1599759462119
1599759463128
1599759464140
1599759465149
1599759466157
1599759467169
1599759468177
1599759469191
1599759470206
1599759471220
1599759472237
1599759473247
1599759474254
1599759475269
1599759476281
1599759477293
1599759478302
1599759479317
1599759480333
1599759481339
1599759482352
1599759483363
1599759484372
1599759485385
1599759486397
1599759487413
1599759488426
1599759489440
1599759490446
1599759491456
1599759492467
1599759493479
1599759494494
1599759495505
1599759496516
1599759497529
1599759498541
1599759499553
1599759500565
1599759501570
1599759502593
1599759503604
1599759504614
1599759505624
1599759506631
1599759507641
1599759508646
1599759509657
1599759510666
1599759511673
1599759512680
1599759513694
1599759514706
1599759515715
1599759516725
1599759517734
1599759518746
1599759519758
1599759520769
1599759521780
1599759522796
1599759523805
1599759524811
1599759525822
1599759526830
1599759527842
1599759528860
1599759529872
1599759530881
1599759531894
1599759532902
1599759533914
1599759534935
1599759535943
1599759536955
1599759537973
1599759538983
1599759539998
1599759541013
1599759542024
1599759543036
1599759544048
1599759545063
1599759546078
1599759547093
1599759548111
1599759549127
1599759550142
1599759551158
1599759552168
1599759553181
1599759554197
1599759555213
1599759556226
1599759557237
1599759558244
1599759559260
1599759560274
1599759561289
1599759562304
1599759563320
1599759564330
1599759565337
1599759566349
1599759567358
1599759568369
1599759569383
1599759570391
1599759571397
1599759572404
1599759573414
1599759574431
1599759575438
1599759576443
1599759577454
1599759578465
1599759579482
1599759580489
1599759581504
1599759582522
1599759583557
1599759584567
1599759585580
1599759586593
1599759587604
1599759588613
1599759589623
1599759590642
1599759591652
1599759592661
1599759593671
1599759594683
1599759595693
1599759596707
1599759597723
1599759598731
1599759599741
1599759600753
1599759601769
1599759602782
1599759603797
1599759604813
1599759605824
1599759606831
1599759607841
1599759608848
1599759609856
1599759610867
1599759611879
1599759612887
1599759613898
1599759614907
1599759615914
1599759616926
1599759617938
1599759618951
1599759619965
1599759620972
1599759621983
1599759622997
1599759624004
1599759625012
1599759626018
1599759627027
1599759628034
1599759629052
1599759630062
1599759631081
1599759632093
1599759633103
1599759634118
1599759635135
1599759636152
1599759637163
1599759638178
1599759639193
1599759640209
1599759641214
1599759642222
1599759643228
1599759644240
1599759645251
1599759646267
1599759647279
1599759648289
1599759649304
1599759650319
1599759651329
1599759652354
1599759653364
1599759654374
1599759655383
1599759656395
1599759657407
1599759658421
1599759659431
1599759660443
1599759661452
1599759662462
1599759663469
1599759664481
1599759665495
1599759666513
1599759667533
1599759668543
1599759669556
1599759670573
1599759671595
1599759672611
1599759673626
1599759674637
1599759675646
1599759676659
1599759677672
1599759678685
1599759679701
1599759680711
1599759681722
1599759682733
1599759683743
1599759684754
1599759685764
1599759686790
1599759687799
1599759688807
1599759689813
1599759690827
1599759691839
1599759692849
1599759693862
1599759694872
1599759695885
1599759696898
1599759697915
1599759698923
1599759699937
1599759700947
1599759701956
1599759702969
1599759703983
1599759704994
1599759706019
1599759707027
1599759708038
1599759709047
1599759710053
1599759711068
1599759712078
1599759713089
1599759714101
1599759715113
1599759716130
1599759717142
1599759718150
1599759719161
1599759720172
1599759721195
1599759722203
1599759723218
1599759724231
1599759725239
1599759726264
1599759727277
1599759728288
1599759729302
1599759730312
1599759731322
1599759732332
1599759733341
1599759734352
1599759735365
1599759736379
1599759737386
1599759738394
1599759739409
1599759740413
1599759741425
1599759742440
1599759743452
1599759744464
1599759745473
1599759746485
1599759747497
1599759748503
1599759749513
1599759750524
1599759751533
1599759752539
1599759753548
1599759754561
1599759755569
1599759756581
1599759757592
1599759758600
1599759759613
1599759760619
1599759761636
1599759762647
1599759763661
1599759764675
1599759765685
1599759766693
1599759767698
1599759768709
1599759769721
1599759770729
1599759771739
1599759772755
1599759773765
1599759774778
1599759775788
1599759776796
1599759777810
1599759778820
1599759779826
1599759780834
1599759781853
1599759782865
1599759783875
1599759784884
1599759785904
1599759786915
1599759787955
1599759788968
1599759789973
1599759790985
1599759791994
1599759793006
1599759794024
1599759795034
1599759796049
1599759797062
1599759798077
1599759799091
1599759800105
1599759801116
1599759802130
1599759803138
1599759804157
1599759805173
1599759806189
1599759807210
1599759808225
1599759809237
1599759810246
1599759811257
1599759812277
1599759813288
1599759814295
1599759815314
1599759816333
1599759817347
1599759818358
1599759819369
1599759820383
1599759821391
1599759822402
1599759823411
1599759824426
1599759825439
1599759826447
1599759827458
1599759828466
1599759829474
1599759830486
1599759831495
1599759832526
1599759833541
1599759834562
1599759835573
1599759836587
1599759837598
1599759838606
1599759839614
1599759840622
1599759841635
1599759842645
1599759843654
1599759844661
1599759845672
1599759846682
1599759847695
1599759848705
1599759849718
1599759850728
1599759851737
1599759852746
1599759853760
1599759854766
1599759855779
1599759856787
1599759857794
1599759858804
1599759859815
1599759860824
1599759861841
1599759862851
1599759863864
1599759864874
1599759865883
1599759866895
1599759867902
1599759868911
1599759869922
1599759870933
1599759871946
1599759872963
1599759873971
1599759874978
1599759875990
1599759877023
1599759878033
1599759879041
1599759880053
1599759881058
1599759882066
1599759883077
1599759884089
1599759885098
1599759886108
1599759887123
1599759888136
1599759889145
1599759890156
1599759891169
1599759892180
1599759893188
1599759894195
1599759895203
1599759896223
1599759897229
1599759898238
1599759899249
1599759900269
1599759901279
1599759902289
1599759903299
1599759904317
1599759905337
1599759906352
1599759907363
1599759908372
1599759909384
1599759910393
1599759911408
1599759912423
1599759913434
1599759914447
1599759915458
1599759916473
1599759917492
1599759918513
1599759919526
1599759920537
1599759921545
1599759922562
1599759923573
1599759924586
1599759925597
1599759926609
1599759927621
1599759928636
1599759929645
1599759930658
1599759931668
1599759932688
1599759933693
1599759934706
1599759935732
1599759936747
1599759937758
1599759938781
1599759939796
1599759940808
1599759941818
1599759942833
1599759943843
1599759944855
1599759945870
1599759946885
1599759947895
1599759948908
1599759949915
1599759950925
1599759951946
1599759952970
1599759953982
1599759954996
1599759956009
1599759957025
1599759958036
1599759959046
1599759960053
1599759961061
1599759962069
1599759963081
1599759964097
1599759965106
1599759966113
1599759967126
1599759968136
1599759969149
1599759970162
1599759971175
1599759972191
1599759973205
1599759974221
1599759975241
1599759976254
1599759977265
1599759978271
1599759979279
1599759980290
1599759981301
1599759982307
1599759983317
1599759984325
1599759985333
1599759986346
1599759987360
1599759988366
1599759989376
1599759990388
1599759991407
1599759992422
1599759993440
1599759994451
1599759995464
1599759996470
1599759997487
1599759998496
1599759999509
1599760000520
1599760001531
1599760002546
1599760003554
1599760004565
1599760005577
1599760006586
1599760007595
1599760008608
1599760009620
1599760010629
1599760011635
1599760012645
1599760013652
1599760014660
1599760015677
1599760016686
1599760017699
1599760018709
1599760019716
1599760020728
1599760021741
1599760022748
1599760023758
1599760024775
1599760025789
1599760026801
1599760027808
1599760028820
1599760029834
1599760030849
1599760031858
1599760032875
1599760033887
1599760034897
1599760035905
1599760036915
1599760037935
1599760038946
1599760039956
1599760040966
1599760041977
1599760042995
1599760044011
1599760045024
1599760046035
1599760047043
1599760048060
1599760049072
1599760050082
1599760051094
1599760052113
1599760053129
1599760054139
1599760055153
1599760056162
1599760057173
1599760058188
1599760059198
1599760060208
1599760061216
1599760062222
1599760063234
1599760064243
1599760065253
1599760066262
1599760067275
1599760068284
1599760069294
1599760070309
1599760071325
1599760072339
1599760073349
1599760074360
1599760075369
1599760076380
1599760077387
1599760078400
1599760079413
1599760080445
1599760081458
1599760082469
1599760083482
1599760084493
1599760085514
1599760086533
1599760087540
1599760088552
1599760089572
1599760090584
1599760091601
1599760092609
1599760093621
1599760094633
1599760095647
1599760096656
1599760097662
1599760098669
1599760099678
1599760100686
1599760101714
1599760102730
1599760103740
1599760104756
1599760105765
1599760106782
1599760107790
1599760108803
1599760109813
1599760110821
1599760111837
1599760112851
1599760113865
1599760114877
1599760115893
1599760116906
1599760117920
1599760118932
1599760119947
1599760120963
1599760121978
1599760122989
1599760124004
1599760125024
1599760126037
1599760127054
1599760128067
1599760129077
1599760130095
1599760131103
1599760132114
1599760133135
1599760134143
1599760135154
1599760136170
1599760137184
1599760138200
1599760139210
1599760140228
1599760141242
1599760142261
1599760143280
1599760144291
1599760145303
1599760146322
1599760147334
1599760148345
1599760149361
1599760150374
1599760151390
1599760152403
1599760153421
1599760154433
1599760155449
1599760156469
1599760157488
1599760158501
1599760159511
1599760160527
1599760161540
1599760162555
1599760163570
1599760164586
1599760165590
1599760166599
1599760167607
1599760168620
1599760169629
1599760170645
1599760171657
1599760172668
1599760173679
1599760174687
1599760175700
1599760176711
1599760177721
1599760178729
1599760179747
1599760180764
1599760181773
1599760182780
1599760183793
1599760184803
1599760185822
1599760186836
1599760187852
1599760188862
1599760189879
1599760190887
1599760191902
1599760192912
1599760193930
1599760194940
1599760195953
1599760196969
1599760197975
1599760198989
1599760200006
1599760201021
1599760202038
1599760203047
1599760204057
1599760205076
1599760206086
1599760207100
1599760208114
1599760209126
1599760210139
1599760211154
1599760212167
1599760213177
1599760214185
1599760215201
1599760216211
1599760217223
1599760218234
1599760219248
1599760220260
1599760221270
1599760222277
1599760223288
1599760224296
1599760225309
1599760226321
1599760227333
1599760228344
1599760229356
1599760230368
1599760231384
1599760232394
1599760233401
1599760234421
1599760235433
1599760236446
1599760237453
1599760238465
1599760239477
1599760240486
1599760241497
1599760242504
1599760243512
1599760244526
1599760245536
1599760246545
1599760247552
1599760248565
1599760249580
1599760250589
1599760251607
1599760252618
1599760253625
1599760254637
1599760255645
1599760256661
1599760257675
1599760258688
1599760259703
1599760260713
1599760261726
1599760262734
1599760263749
1599760264761
1599760265769
1599760266783
1599760267792
1599760268798
1599760269808
1599760270817
1599760271823
1599760272833
1599760273848
1599760274857
1599760275866
1599760276879
1599760277889
1599760278902
1599760279912
1599760280922
1599760281932
1599760282950
1599760283962
1599760284976
1599760285993
1599760287004
1599760288021
1599760289030
1599760290039
1599760291049
1599760292067
1599760293078
1599760294086
1599760295096
1599760296105
1599760297122
1599760298134
1599760299149
1599760300160
1599760301178
1599760302190
1599760303204
1599760304223
1599760305238
1599760306265
1599760307279
1599760308293
1599760309305
1599760310317
1599760311329
1599760312339
1599760313359
1599760314372
1599760315384
1599760316401
1599760317417
1599760318435
1599760319460
1599760320474
1599760321485
1599760322501
1599760323517
1599760324529
1599760325545
1599760326558
1599760327573
1599760328585
1599760329595
1599760330606
1599760331617
1599760332624
1599760333637
1599760334649
1599760335661
1599760336677
1599760337695
1599760338708
1599760339717
1599760340731
1599760341740
1599760342752
1599760343765
1599760344774
1599760345785
1599760346801
1599760347820
1599760348829
1599760349838
1599760350846
1599760351856
1599760352866
1599760353876
1599760354889
1599760355898
1599760356913
1599760357917
1599760358933
1599760359948
1599760360954
1599760361969
1599760362978
1599760363985
1599760364995
1599760366009
1599760367020
1599760368030
1599760369040
1599760370058
1599760371070
1599760372081
1599760373093
1599760374108
1599760375124
1599760376129
1599760377145
1599760378154
1599760379164
1599760380173
1599760381185
1599760382196
1599760383203
1599760384211
1599760385223
1599760386234
1599760387259
1599760388269
1599760389280
1599760390291
1599760391316
1599760392338
1599760393349
1599760394377
1599760395392
1599760396410
1599760397420
1599760398431
1599760399437
1599760400448
1599760401463
1599760402474
1599760403482
1599760404499
1599760405509
1599760406516
1599760407528
1599760408538
1599760409559
1599760410569
1599760411581
1599760412600
1599760413609
1599760414621
1599760415630
1599760416638
1599760417649
1599760418661
1599760419671
1599760420682
1599760421697
1599760422709
1599760423717
1599760424726
1599760425739
1599760426746
1599760427762
1599760428770
1599760429778
1599760430792
1599760431802
1599760432812
1599760433817
1599760434826
1599760435841
1599760436858
1599760437870
1599760438881
1599760439896
1599760440904
1599760441918
1599760442933
1599760443945
1599760444953
1599760445969
1599760446986
1599760448010
1599760449041
1599760450066
1599760451083
1599760452090
1599760453102
1599760454114
1599760455122
1599760456128
1599760457141
1599760458159
1599760459166
1599760460180
1599760461194
1599760462205
1599760463221
1599760464242
1599760465253
1599760466265
1599760467285
1599760468294
1599760469306
1599760470317
1599760471329
1599760472341
1599760473357
1599760474367
1599760475378
1599760476390
1599760477398
1599760478406
1599760479414
1599760480422
1599760481435
1599760482443
1599760483450
1599760484460
1599760485470
1599760486481
1599760487497
1599760488509
1599760489518
1599760490534
1599760491543
1599760492552
1599760493578
1599760494589
1599760495601
1599760496617
1599760497623
1599760498631
1599760499638
1599760500649
1599760501660
1599760502674
1599760503689
1599760504697
1599760505711
1599760506725
1599760507736
1599760508745
1599760509760
1599760510768
1599760511781
1599760512790
1599760513802
1599760514813
1599760515821
1599760516833
1599760517849
1599760518859
1599760519871
1599760520876
1599760521884
1599760522893
1599760523905
1599760524912
1599760525921
1599760526929
1599760527940
1599760528951
1599760529963
1599760530971
1599760531979
1599760532992
1599760534001
1599760535008
1599760536021
1599760537028
1599760538035
1599760539042
1599760540049
1599760541055
1599760542065
1599760543074
1599760544084
1599760545096
1599760546111
1599760547123
1599760548133
1599760549141
1599760550148
1599760551158
1599760552168
1599760553177
1599760554197
1599760555215
1599760556226
1599760557237
1599760558252
1599760559261
1599760560271
1599760561281
1599760562296
1599760563305
1599760564311
1599760565320
1599760566330
1599760567338
1599760568350
1599760569358
1599760570369
1599760571381
1599760572392
1599760573405
1599760574420
1599760575427
1599760576443
1599760577449
1599760578462
1599760579469
1599760580480
1599760581489
1599760582499
1599760583517
1599760584524
1599760585536
1599760586549
1599760587563
1599760588568
1599760589578
1599760590589
1599760591603
1599760592617
1599760593629
1599760594641
1599760595657
1599760596689
1599760597698
1599760598709
1599760599724
1599760600730
1599760601738
1599760602748
1599760603766
1599760604774
1599760605784
1599760606790
1599760607804
1599760608812
1599760609822
1599760610840
1599760611860
1599760612870
1599760613881
1599760614893
1599760615906
1599760616921
1599760617960
1599760618970
1599760619983
1599760620999
1599760622009
1599760623030
1599760624039
1599760625046
1599760626064
1599760627070
1599760628086
1599760629097
1599760630109
1599760631119
1599760632126
1599760633134
1599760634152
1599760635165
1599760636183
1599760637193
1599760638205
1599760639215
1599760640227
1599760641235
1599760642249
1599760643260
1599760644272
1599760645280
1599760646292
1599760647299
1599760648310
1599760649315
1599760650327
1599760651341
1599760652353
1599760653370
1599760654377
1599760655387
1599760656398
1599760657413
1599760658422
1599760659433
1599760660445
1599760661454
1599760662461
1599760663475
1599760664490
1599760665500
1599760666520
1599760667529
1599760668540
1599760669550
1599760670567
1599760671576
1599760672584
1599760673593
1599760674611
1599760675624
1599760676634
1599760677650
1599760678658
1599760679667
1599760680679
1599760681690
1599760682705
1599760683719
1599760684728
1599760685735
1599760686743
1599760687755
1599760688763
1599760689774
1599760690794
1599760691802
1599760692809
1599760693818
1599760694830
1599760695841
1599760696853
1599760697863
1599760698872
1599760699879
1599760700885
1599760701898
1599760702910
1599760703919
1599760704936
1599760705942
1599760706957
1599760707964
1599760708976
1599760709992
1599760711001
1599760712022
1599760713034
1599760714044
1599760715063
1599760716079
1599760717093
1599760718102
1599760719107
1599760720113
1599760721126
1599760722142
1599760723151
1599760724161
1599760725171
1599760726185
1599760727201
1599760728214
1599760729224
1599760730232
1599760731240
1599760732252
1599760733261
1599760734270
1599760735278
1599760736286
1599760737296
1599760738305
1599760739318
1599760740329
1599760741340
1599760742350
1599760743361
1599760744376
1599760745385
1599760746395
1599760747410
1599760748427
1599760749442
1599760750456
1599760751471
1599760752484
1599760753494
1599760754508
1599760755521
1599760756533
1599760757544
1599760758560
1599760759566
1599760760577
1599760761589
1599760762604
1599760763625
1599760764634
1599760765645
1599760766652
1599760767657
1599760768683
1599760769690
1599760770702
1599760771711
1599760772718
1599760773731
1599760774748
1599760775761
1599760776771
1599760777781
1599760778797
1599760779806
1599760780815
1599760781822
1599760782836
1599760783850
1599760784865
1599760785880
1599760786887
1599760787898
1599760788905
1599760789917
1599760790928
1599760791938
1599760792950
1599760793961
1599760794978
1599760795990
1599760796999
1599760798006
1599760799018
1599760800026
1599760801035
1599760802042
1599760803054
1599760804067
1599760805082
1599760806092
1599760807100
1599760808114
1599760809128
1599760810139
1599760811149
1599760812156
1599760813168
1599760814185
1599760815202
1599760816216
1599760817228
1599760818241
1599760819249
1599760820271
1599760821281
1599760822294
1599760823312
1599760824322
1599760825333
1599760826349
1599760827357
1599760828369
1599760829383
1599760830393
1599760831402
1599760832417
1599760833431
1599760834438
1599760835450
1599760836460
1599760837468
1599760838483
1599760839496
1599760840506
1599760841521
1599760842532
1599760843548
1599760844555
1599760845565
1599760846580
1599760847602
1599760848617
1599760849629
1599760850642
1599760851657
1599760852668
1599760853687
1599760854699
1599760855721
1599760856732
1599760857752
1599760858771
1599760859781
1599760860800
1599760861827
1599760862839
1599760863858
1599760864889
1599760865901
1599760866912
1599760867920
1599760868931
1599760869942
1599760870955
1599760871976
1599760872984
1599760873991
1599760875005
1599760876019
1599760877030
1599760878039
1599760879071
1599760880083
1599760881090
1599760882100
1599760883109
1599760884122
1599760885132
1599760886145
1599760887157
1599760888166
1599760889178
1599760890186
1599760891200
1599760892210
1599760893230
1599760894240
1599760895249
1599760896262
1599760897269
1599760898288
1599760899306
1599760900317
1599760901328
1599760902338
1599760903349
1599760904366
1599760905378
1599760906399
1599760907409
1599760908419
1599760909425
1599760910434
1599760911445
1599760912453
1599760913463
1599760914483
1599760915503
1599760916512
1599760917521
1599760918532
1599760919539
1599760920550
1599760921561
1599760922569
1599760923583
1599760924603
1599760925613
1599760926634
1599760927643
1599760928658
1599760929674
1599760930689
1599760931703
1599760932712
1599760933723
1599760934739
1599760935752
1599760936765
1599760937771
1599760938778
1599760939788
1599760940800
1599760941815
1599760942825
1599760943836
1599760944847
1599760945856
1599760946865
1599760947876
1599760948891
1599760949906
1599760950916
1599760951929
1599760952940
1599760953952
1599760954970
1599760955986
1599760956996
1599760958010
1599760959020
1599760960029
1599760961041
1599760962053
1599760963061
1599760964067
1599760965078
1599760966091
1599760967105
1599760968118
1599760969128
1599760970140
1599760971157
1599760972175
1599760973189
1599760974206
1599760975222
1599760976238
1599760977256
1599760978261
1599760979274
1599760980285
1599760981290
1599760982300
1599760983314
1599760984328
1599760985339
1599760986349
1599760987359
1599760988375
1599760989385
1599760990392
1599760991400
1599760992409
1599760993421
1599760994438
1599760995447
1599760996459
1599760997466
1599760998473
1599760999480
1599761000494
1599761001508
1599761002532
1599761003541
1599761004546
1599761005561
1599761006573
1599761007578
1599761008590
1599761009604
1599761010616
1599761011624
1599761012633
1599761013643
1599761014650
1599761015661
1599761016670
1599761017682
1599761018693
1599761019705
1599761020718
1599761021727
1599761022734
1599761023744
1599761024755
1599761025769
1599761026794
1599761027802
1599761028819
1599761029842
1599761030853
1599761031869
1599761032884
1599761033893
1599761034909
1599761035925
1599761036938
1599761037948
1599761038962
1599761039977
1599761040986
1599761041994
1599761043008
1599761044023
1599761045033
1599761046054
1599761047065
1599761048077
1599761049092
1599761050102
1599761051109
1599761052122
1599761053131
1599761054157
1599761055172
1599761056186
1599761057198
1599761058207
1599761059227
1599761060240
1599761061257
1599761062270
1599761063281
1599761064290
1599761065306
1599761066314
1599761067331
1599761068347
1599761069364
1599761070374
1599761071398
1599761072415
1599761073426
1599761074432
1599761075447
1599761076457
1599761077476
1599761078498
1599761079510
1599761080516
1599761081525
1599761082534
1599761083555
1599761084574
1599761085588
1599761086604
1599761087617
1599761088626
1599761089635
1599761090647
1599761091657
1599761092674
1599761093682
1599761094702
1599761095722
1599761096731
1599761097737
1599761098745
1599761099753
1599761100761
1599761101778
1599761102791
1599761103800
1599761104809
1599761105829
1599761106836
1599761107848
1599761108856
1599761109865
1599761110875
1599761111889
1599761112896
1599761113906
1599761114914
1599761115924
1599761116933
1599761117944
1599761118952
1599761119959
1599761120965
1599761121977
1599761122999
1599761124009
1599761125025
1599761126037
1599761127049
1599761128065
1599761129079
1599761130087
1599761131093
1599761132104
1599761133117
1599761134124
1599761135137
1599761136153
1599761137172
1599761138179
1599761139189
1599761140202
1599761141222
1599761142230
1599761143241
1599761144256
1599761145261
1599761146272
1599761147281
1599761148293
1599761149310
1599761150316
1599761151321
1599761152331
1599761153340
1599761154350
1599761155356
1599761156365
1599761157375
1599761158382
1599761159390
1599761160398
1599761161406
1599761162415
1599761163426
1599761164436
1599761165447
1599761166453
1599761167471
1599761168477
1599761169486
1599761170508
1599761171524
1599761172532
1599761173545
1599761174557
1599761175569
1599761176580
1599761177589
1599761178606
1599761179620
1599761180628
1599761181659
1599761182678
1599761183692
1599761184707
1599761185716
1599761186738
1599761187750
1599761188764
1599761189784
1599761190806
1599761191814
1599761192829
1599761193845
1599761194853
1599761195873
1599761196880
1599761197889
1599761198901
1599761199910
1599761200925
1599761201939
1599761202947
1599761203956
1599761204969
1599761205985
1599761206992
1599761208001
1599761209010
1599761210016
1599761211033
1599761212044
1599761213052
1599761214065
1599761215077
1599761216089
1599761217105
1599761218121
1599761219131
1599761220147
1599761221161
1599761222175
1599761223188
1599761224197
1599761225217
1599761226226
1599761227238
1599761228254
1599761229266
1599761230275
1599761231289
1599761232315
1599761233321
1599761234338
1599761235353
1599761236370
1599761237381
1599761238401
1599761239415
1599761240428
1599761241444
1599761242457
1599761243472
1599761244489
1599761245505
1599761246520
1599761247532
1599761248539
1599761249552
1599761250560
1599761251580
1599761252585
1599761253597
1599761254612
1599761255625
1599761256637
1599761257652
1599761258663
1599761259677
1599761260689
1599761261705
1599761262724
1599761263738
1599761264748
1599761265753
1599761266762
1599761267768
1599761268775
1599761269787
1599761270803
1599761271815
1599761272830
1599761273843
1599761274854
1599761275862
1599761276871
1599761277879
1599761278893
1599761279908
1599761280917
1599761281929
1599761282941
1599761283950
1599761284961
1599761285973
1599761286983
1599761287991
1599761289001
1599761290009
1599761291019
1599761292029
1599761293037
1599761294049
1599761295061
1599761296078
1599761297086
1599761298091
1599761299105
1599761300126
1599761301143
1599761302155
1599761303165
1599761304185
1599761305205
1599761306219
1599761307235
1599761308249
1599761309264
1599761310285
1599761311300
1599761312315
1599761313325
1599761314341
1599761315361
1599761316374
1599761317402
1599761318417
1599761319432
1599761320438
1599761321450
1599761322465
1599761323482
1599761324504
1599761325515
1599761326529
1599761327546
1599761328561
1599761329577
1599761330592
1599761331607
1599761332617
1599761333631
1599761334641
1599761335653
1599761336662
1599761337681
1599761338686
1599761339704
1599761340710
1599761341728
1599761342740
1599761343756
1599761344768
1599761345781
1599761346789
1599761347805
1599761348827
1599761349851
1599761350858
1599761351865
1599761352878
1599761353882
1599761354889
1599761355900
1599761356935
1599761357957
1599761358970
1599761359981
1599761360994
1599761362007
1599761363014
1599761364022
1599761365037
1599761366052
1599761367063
1599761368070
1599761369077
1599761370086
1599761371098
1599761372113
1599761373127
1599761374140
1599761375149
1599761376157
1599761377173
1599761378189
1599761379207
1599761380217
1599761381234
1599761382250
1599761383258
1599761384265
1599761385278
1599761386287
1599761387304
1599761388323
1599761389337
1599761390349
1599761391365
1599761392382
1599761393412
1599761394422
1599761395437
1599761396454
1599761397462
1599761398473
1599761399481
1599761400489
1599761401495
1599761402509
1599761403522
1599761404533
1599761405545
1599761406555
1599761407566
1599761408591
1599761409597
1599761410613
1599761411623
1599761412630
1599761413638
1599761414649
1599761415659
1599761416674
1599761417692
1599761418703
1599761419713
1599761420723
1599761421731
1599761422738
1599761423747
1599761424757
1599761425769
1599761426794
1599761427800
1599761428808
1599761429820
1599761430831
1599761431845
1599761432853
1599761433861
1599761434870
1599761435885
1599761436891
1599761437902
1599761438914
1599761439922
1599761440932
1599761441945
1599761442960
1599761443972
1599761444985
1599761445991
1599761447001
1599761448012
1599761449018
1599761450029
1599761451042
1599761452053
1599761453068
1599761454075
1599761455084
1599761456094
1599761457104
1599761458115
1599761459125
1599761460136
1599761461145
1599761462157
1599761463169
1599761464185
1599761465197
1599761466211
1599761467222
1599761468237
1599761469251
1599761470264
1599761471278
1599761472293
1599761473310
1599761474324
1599761475335
1599761476345
1599761477361
1599761478374
1599761479389
1599761480405
1599761481419
1599761482429
1599761483441
1599761484457
1599761485471
1599761486477
1599761487488
1599761488497
1599761489510
1599761490516
1599761491525
1599761492540
1599761493553
1599761494562
1599761495574
1599761496585
1599761497592
1599761498601
1599761499614
1599761500626
1599761501638
1599761502653
1599761503661
1599761504677
1599761505687
1599761506697
1599761507708
1599761508723
1599761509734
1599761510747
1599761511761
1599761512772
1599761513785
1599761514799
1599761515807
1599761516819
1599761517835
1599761518850
1599761519871
1599761520882
1599761521893
1599761522905
1599761523919
1599761524937
1599761525953
1599761526969
1599761527985
1599761529003
1599761530013
1599761531027
1599761532038
1599761533049
1599761534061
1599761535078
1599761536089
1599761537106
1599761538121
1599761539133
1599761540149
1599761541161
1599761542186
1599761543201
1599761544213
1599761545236
1599761546253
1599761547268
1599761548286
1599761549298
1599761550312
1599761551325
1599761552338
1599761553348
1599761554360
1599761555377
1599761556387
1599761557399
1599761558405
1599761559422
1599761560431
1599761561446
1599761562462
1599761563480
1599761564494
1599761565512
1599761566520
1599761567537
1599761568553
1599761569565
1599761570578
1599761571590
1599761572602
1599761573613
1599761574626
1599761575637
1599761576644
1599761577653
1599761578662
1599761579676
1599761580686
1599761581697
1599761582709
1599761583720
1599761584726
1599761585735
1599761586751
1599761587761
1599761588769
1599761589776
1599761590785
1599761591798
1599761592807
1599761593823
1599761594833
1599761595846
1599761596857
1599761597871
1599761598887
1599761599898
1599761600913
1599761601926
1599761602937
1599761603956
1599761604976
1599761605997
1599761607020
1599761608031
1599761609046
1599761610060
1599761611077
1599761612090
1599761613106
1599761614128
1599761615145
1599761616161
1599761617179
1599761618198
1599761619214
1599761620226
1599761621237
1599761622254
1599761623267
1599761624275
1599761625285
1599761626301
1599761627312
1599761628328
1599761629344
1599761630363
1599761631374
1599761632388
1599761633402
1599761634413
1599761635425
1599761636441
1599761637457
1599761638472
1599761639477
1599761640483
1599761641500
1599761642517
1599761643532
1599761644548
1599761645561
1599761646577
1599761647589
1599761648606
1599761649621
1599761650635
1599761651649
1599761652661
1599761653679
1599761654691
1599761655703
1599761656725
1599761657741
1599761658755
1599761659769
1599761660775
1599761661788
1599761662796
1599761663807
1599761664817
1599761665844
1599761666856
1599761667873
1599761668885
1599761669899
1599761670908
1599761671923
1599761672937
1599761673951
1599761674958
1599761675972
1599761676989
1599761678005
1599761679021
1599761680037
1599761681057
1599761682082
1599761683097
1599761684113
1599761685128
1599761686144
1599761687166
1599761688181
1599761689197
1599761690221
1599761691233
1599761692248
1599761693259
1599761694273
1599761695289
1599761696305
1599761697321
1599761698335
1599761699345
1599761700361
1599761701377
1599761702386
1599761703401
1599761704415
1599761705424
1599761706433
1599761707446
1599761708457
1599761709469
1599761710482
1599761711498
1599761712512
1599761713524
1599761714538
1599761715550
1599761716562
1599761717576
1599761718589
1599761719601
1599761720617
1599761721649
1599761722662
1599761723677
1599761724689
1599761725709
1599761726730
1599761727746
1599761728759
1599761729769
1599761730783
1599761731793
1599761732804
1599761733816
1599761734834
1599761735848
1599761736864
1599761737922
1599761738930
1599761739943
1599761740948
1599761741958
1599761742979
1599761743995
1599761745005
1599761746025
1599761747034
1599761748043
1599761749051
1599761750061
1599761751074
1599761752091
1599761753105
1599761754123
1599761755137
1599761756148
1599761757158
1599761758169
1599761759184
1599761760202
1599761761212
1599761762222
1599761763236
1599761764250
1599761765267
1599761766277
1599761767289
1599761768296
1599761769308
1599761770321
1599761771333
1599761772342
1599761773356
1599761774365
1599761775377
1599761776386
1599761777398
1599761778414
1599761779429
1599761780453
1599761781468
1599761782484
1599761783494
1599761784512
1599761785526
1599761786536
