1599754588013
1599754589023
1599754590031
1599754591044
1599754592053
1599754593067
1599754594077
1599754595091
1599754596106
1599754597115
1599754598126
1599754599142
1599754600156
1599754601169
1599754602178
1599754603190
1599754604205
1599754605219
1599754606230
1599754607243
1599754608253
1599754609263
1599754610270
1599754611279
1599754612299
1599754613309
1599754614322
1599754615335
1599754616350
1599754617362
1599754618371
1599754619381
1599754620390
1599754621402
1599754622418
1599754623433
1599754624445
1599754625456
1599754626468
1599754627478
1599754628487
1599754629497
1599754630516
1599754631529
1599754632538
1599754633547
1599754634563
1599754635574
1599754636591
1599754637610
1599754638621
1599754639637
1599754640664
1599754641670
1599754642683
1599754643699
1599754644710
1599754645722
1599754646737
1599754647752
1599754648765
1599754649774
1599754650794
1599754651809
1599754652819
1599754653834
1599754654849
1599754655865
1599754656875
1599754657884
1599754658890
1599754659897
1599754660905
1599754661914
1599754662925
1599754663930
1599754664938
1599754665955
1599754666962
1599754667970
1599754668980
1599754669995
1599754671007
1599754672017
1599754673025
1599754674037
1599754675049
1599754676061
1599754677072
1599754678083
1599754679101
1599754680120
1599754681136
1599754682153
1599754683168
1599754684183
1599754685196
1599754686209
1599754687228
1599754688238
1599754689263
1599754690279
1599754691287
1599754692299
1599754693309
1599754694324
1599754695334
1599754696345
1599754697357
1599754698370
1599754699378
1599754700386
1599754701398
1599754702413
1599754703424
1599754704437
1599754705454
1599754706466
1599754707481
1599754708494
1599754709505
1599754710515
1599754711526
1599754712538
1599754713554
1599754714566
1599754715580
1599754716594
1599754717605
1599754718614
1599754719629
1599754720641
1599754721659
1599754722677
1599754723692
1599754724699
1599754725712
1599754726728
1599754727741
1599754728758
1599754729768
1599754730783
1599754731794
1599754732806
1599754733815
1599754734825
1599754735834
1599754736846
1599754737858
1599754738875
1599754739889
1599754740897
1599754741909
1599754742926
1599754743942
1599754744954
1599754745974
1599754746986
1599754747998
1599754749015
1599754750026
1599754751048
1599754752058
1599754753079
1599754754096
1599754755106
1599754756119
1599754757128
1599754758148
1599754759164
1599754760175
1599754761186
1599754762195
1599754763214
1599754764226
1599754765235
1599754766249
1599754767260
1599754768276
1599754769287
1599754770297
1599754771319
1599754772335
1599754773357
1599754774376
1599754775399
1599754776426
1599754777435
1599754778443
1599754779455
1599754780464
1599754781472
1599754782483
1599754783491
1599754784508
1599754785523
1599754786536
1599754787547
1599754788556
1599754789566
1599754790578
1599754791591
1599754792606
1599754793620
1599754794628
1599754795638
1599754796649
1599754797663
1599754798675
1599754799685
1599754800701
1599754801711
1599754802730
1599754803740
1599754804750
1599754805761
1599754806779
1599754807792
1599754808808
1599754809825
1599754810837
1599754811853
1599754812860
1599754813872
1599754814881
1599754815893
1599754816903
1599754817919
1599754818946
1599754819955
1599754820965
1599754821976
1599754823009
1599754824025
1599754825036
1599754826067
1599754827076
1599754828090
1599754829100
1599754830108
1599754831120
1599754832133
1599754833140
1599754834149
1599754835163
1599754836173
1599754837187
1599754838198
1599754839210
1599754840226
1599754841236
1599754842251
1599754843262
1599754844278
1599754845292
1599754846303
1599754847325
1599754848337
1599754849350
1599754850360
1599754851374
1599754852383
1599754853391
1599754854417
1599754855427
1599754856441
1599754857451
1599754858462
1599754859471
1599754860484
1599754861500
1599754862512
1599754863523
1599754864535
1599754865545
1599754866561
1599754867574
1599754868589
1599754869600
1599754870613
1599754871623
1599754872630
1599754873644
1599754874657
1599754875662
1599754876668
1599754877684
1599754878697
1599754879714
1599754880722
1599754881733
1599754882743
1599754883753
1599754884763
1599754885772
1599754886787
1599754887802
1599754888814
1599754889826
1599754890834
1599754891849
1599754892857
1599754893867
1599754894882
1599754895893
1599754896905
1599754897917
1599754898928
1599754899942
1599754900961
1599754901973
1599754902981
1599754904000
1599754905011
1599754906023
1599754907039
1599754908049
1599754909063
1599754910073
1599754911082
1599754912094
1599754913102
1599754914115
1599754915125
1599754916132
1599754917144
1599754918155
1599754919166
1599754920188
1599754921213
1599754922234
1599754923249
1599754924258
1599754925274
1599754926289
1599754927305
1599754928318
1599754929331
1599754930341
1599754931354
1599754932364
1599754933379
1599754934393
1599754935421
1599754936429
1599754937447
1599754938461
1599754939479
1599754940490
1599754941509
1599754942520
1599754943529
1599754944541
1599754945552
1599754946562
1599754947572
1599754948581
1599754949595
1599754950606
1599754951617
1599754952630
1599754953648
1599754954661
1599754955668
1599754956678
1599754957691
1599754958702
1599754959711
1599754960723
1599754961736
1599754962749
1599754963759
1599754964780
1599754965790
1599754966799
1599754967809
1599754968822
1599754969830
1599754970840
1599754971854
1599754972867
1599754973878
1599754974896
1599754975906
1599754976925
1599754977936
1599754978948
1599754979956
1599754980966
1599754981974
1599754982983
1599754983992
1599754985006
1599754986017
1599754987025
1599754988033
1599754989048
1599754990058
1599754991069
1599754992081
1599754993091
1599754994107
1599754995119
1599754996130
1599754997145
1599754998156
1599754999167
1599755000181
1599755001190
1599755002203
1599755003218
1599755004233
1599755005238
1599755006248
1599755007254
1599755008262
1599755009272
1599755010281
1599755011295
1599755012315
1599755013326
1599755014336
1599755015345
1599755016354
1599755017365
1599755018370
1599755019383
1599755020394
1599755021405
1599755022421
1599755023430
1599755024439
1599755025447
1599755026456
1599755027467
1599755028478
1599755029489
1599755030505
1599755031512
1599755032523
1599755033533
1599755034546
1599755035555
1599755036566
1599755037575
1599755038583
1599755039593
1599755040604
1599755041611
1599755042621
1599755043633
1599755044644
1599755045663
1599755046675
1599755047691
1599755048704
1599755049718
1599755050726
1599755051737
1599755052755
1599755053763
1599755054772
1599755055781
1599755056787
1599755057808
1599755058817
1599755059833
1599755060851
1599755061867
1599755062881
1599755063891
1599755064900
1599755065934
1599755066945
1599755067957
1599755068968
1599755069984
1599755070992
1599755072004
1599755073020
1599755074029
1599755075069
1599755076084
1599755077100
1599755078113
1599755079125
1599755080145
1599755081160
1599755082174
1599755083188
1599755084200
1599755085210
1599755086221
1599755087229
1599755088246
1599755089265
1599755090276
1599755091288
1599755092298
1599755093309
1599755094321
1599755095335
1599755096350
1599755097364
1599755098380
1599755099396
1599755100423
1599755101441
1599755102451
1599755103472
1599755104484
1599755105496
1599755106509
1599755107524
1599755108534
1599755109549
1599755110566
1599755111577
1599755112593
1599755113609
1599755114620
1599755115629
1599755116647
1599755117661
1599755118672
1599755119687
1599755120703
1599755121714
1599755122726
1599755123733
1599755124744
1599755125764
1599755126776
1599755127792
1599755128802
1599755129813
1599755130820
1599755131837
1599755132857
1599755133871
1599755134882
1599755135892
1599755136911
1599755137925
1599755138940
1599755139951
1599755140958
1599755141967
1599755142975
1599755143986
1599755145001
1599755146023
1599755147033
1599755148047
1599755149058
1599755150066
1599755151074
1599755152085
1599755153097
1599755154109
1599755155122
1599755156131
1599755157145
1599755158156
1599755159169
1599755160177
1599755161189
1599755162200
1599755163214
1599755164224
1599755165234
1599755166242
1599755167251
1599755168261
1599755169273
1599755170286
1599755171301
1599755172322
1599755173333
1599755174349
1599755175360
1599755176366
1599755177381
1599755178396
1599755179412
1599755180422
1599755181434
1599755182447
1599755183462
1599755184479
1599755185492
1599755186508
1599755187517
1599755188529
1599755189542
1599755190554
1599755191564
1599755192574
1599755193587
1599755194605
1599755195622
1599755196627
1599755197633
1599755198645
1599755199656
1599755200663
1599755201677
1599755202686
1599755203702
1599755204712
1599755205727
1599755206744
1599755207753
1599755208764
1599755209773
1599755210787
1599755211800
1599755212809
1599755213826
1599755214865
1599755215878
1599755216886
1599755217897
1599755218919
1599755219927
1599755220934
1599755221947
1599755222956
1599755223971
1599755224981
1599755226009
1599755227019
1599755228033
1599755229047
1599755230055
1599755231065
1599755232074
1599755233086
1599755234095
1599755235106
1599755236117
1599755237128
1599755238142
1599755239158
1599755240173
1599755241182
1599755242188
1599755243198
1599755244211
1599755245218
1599755246227
1599755247240
1599755248250
1599755249262
1599755250276
1599755251282
1599755252293
1599755253303
1599755254312
1599755255323
1599755256335
1599755257354
1599755258364
1599755259385
1599755260395
1599755261406
1599755262416
1599755263426
1599755264434
1599755265454
1599755266465
1599755267474
1599755268485
1599755269502
1599755270517
1599755271533
1599755272550
1599755273560
1599755274568
1599755275580
1599755276592
1599755277602
1599755278610
1599755279621
1599755280630
1599755281640
1599755282647
1599755283658
1599755284669
1599755285685
1599755286701
1599755287718
1599755288733
1599755289742
1599755290752
1599755291767
1599755292781
1599755293796
1599755294804
1599755295822
1599755296839
1599755297856
1599755298863
1599755299878
1599755300890
1599755301899
1599755302910
1599755303921
1599755304940
1599755305962
1599755306973
1599755307989
1599755309004
1599755310014
1599755311027
1599755312036
1599755313046
1599755314053
1599755315069
1599755316078
1599755317091
1599755318100
1599755319109
1599755320121
1599755321128
1599755322139
1599755323148
1599755324155
1599755325169
1599755326186
1599755327200
1599755328217
1599755329226
1599755330258
1599755331273
1599755332285
1599755333296
1599755334309
1599755335319
1599755336332
1599755337341
1599755338357
1599755339366
1599755340378
1599755341390
1599755342409
1599755343428
1599755344445
1599755345457
1599755346468
1599755347486
1599755348507
1599755349522
1599755350537
1599755351543
1599755352556
1599755353568
1599755354581
1599755355598
1599755356613
1599755357621
1599755358633
1599755359640
1599755360655
1599755361666
1599755362675
1599755363689
1599755364705
1599755365717
1599755366723
1599755367735
1599755368748
1599755369766
1599755370772
1599755371785
1599755372797
1599755373813
1599755374830
1599755375839
1599755376847
1599755377859
1599755378872
1599755379890
1599755380905
1599755381921
1599755382939
1599755383959
1599755384973
1599755385986
1599755387001
1599755388017
1599755389034
1599755390049
1599755391061
1599755392076
1599755393093
1599755394111
1599755395126
1599755396137
1599755397150
1599755398165
1599755399179
1599755400196
1599755401210
1599755402233
1599755403263
1599755404276
1599755405289
1599755406301
1599755407311
1599755408325
1599755409346
1599755410366
1599755411381
1599755412401
1599755413424
1599755414434
1599755415463
1599755416473
1599755417485
1599755418502
1599755419517
1599755420534
1599755421550
1599755422564
1599755423573
1599755424585
1599755425602
1599755426614
1599755427624
1599755428633
1599755429641
1599755430659
1599755431673
1599755432697
1599755433714
1599755434729
1599755435743
1599755436753
1599755437763
1599755438773
1599755439791
1599755440811
1599755441820
1599755442828
1599755443839
1599755444852
1599755445862
1599755446878
1599755447893
1599755448909
1599755449927
1599755450941
1599755451953
1599755452966
1599755453980
1599755454992
1599755456005
1599755457016
1599755458029
1599755459043
1599755460057
1599755461076
1599755462088
1599755463099
1599755464112
1599755465125
1599755466142
1599755467155
1599755468165
1599755469182
1599755470193
1599755471204
1599755472216
1599755473227
1599755474237
1599755475246
1599755476256
1599755477273
1599755478288
1599755479302
1599755480317
1599755481340
1599755482358
1599755483377
1599755484390
1599755485410
1599755486426
1599755487438
1599755488465
1599755489481
1599755490493
1599755491509
1599755492527
1599755493544
1599755494564
1599755495576
1599755496586
1599755497596
1599755498603
1599755499614
1599755500621
1599755501633
1599755502648
1599755503660
1599755504673
1599755505685
1599755506698
1599755507709
1599755508714
1599755509721
1599755510729
1599755511748
1599755512761
1599755513768
1599755514773
1599755515788
1599755516800
1599755517813
1599755518825
1599755519841
1599755520857
1599755521874
1599755522889
1599755523901
1599755524916
1599755525929
1599755526945
1599755527961
1599755528977
1599755529989
1599755531005
1599755532021
1599755533039
1599755534049
1599755535064
1599755536077
1599755537086
1599755538101
1599755539111
1599755540121
1599755541133
1599755542148
1599755543162
1599755544173
1599755545184
1599755546200
1599755547216
1599755548229
1599755549241
1599755550255
1599755551267
1599755552281
1599755553294
1599755554310
1599755555325
1599755556339
1599755557352
1599755558383
1599755559397
1599755560416
1599755561428
1599755562441
1599755563451
1599755564464
1599755565472
1599755566482
1599755567489
1599755568505
1599755569517
1599755570523
1599755571533
1599755572548
1599755573556
1599755574574
1599755575587
1599755576603
1599755577620
1599755578636
1599755579650
1599755580665
1599755581680
1599755582701
1599755583713
1599755584726
1599755585738
1599755586753
1599755587765
1599755588773
1599755589785
1599755590790
1599755591800
1599755592809
1599755593820
1599755594829
1599755595844
1599755596852
1599755597869
1599755598881
1599755599897
1599755600907
1599755601913
1599755602925
1599755603933
1599755604949
1599755605965
1599755606982
1599755607997
1599755609010
1599755610021
1599755611032
1599755612047
1599755613064
1599755614074
1599755615086
1599755616104
1599755617116
1599755618125
1599755619137
1599755620152
1599755621165
1599755622173
1599755623179
1599755624189
1599755625206
1599755626217
1599755627229
1599755628237
1599755629254
1599755630269
1599755631276
1599755632285
1599755633297
1599755634317
1599755635328
1599755636342
1599755637356
1599755638369
1599755639385
1599755640397
1599755641414
1599755642429
1599755643439
1599755644454
1599755645461
1599755646473
1599755647484
1599755648495
1599755649510
1599755650526
1599755651547
1599755652563
1599755653573
1599755654589
1599755655601
1599755656618
1599755657629
1599755658645
1599755659657
1599755660668
1599755661678
1599755662693
1599755663712
1599755664720
1599755665734
1599755666751
1599755667769
1599755668778
1599755669806
1599755670820
1599755671836
1599755672853
1599755673865
1599755674878
1599755675893
1599755676902
1599755677913
1599755678929
1599755679945
1599755680960
1599755681974
1599755683013
1599755684031
1599755685042
1599755686059
1599755687073
1599755688084
1599755689103
1599755690115
1599755691132
1599755692142
1599755693158
1599755694169
1599755695180
1599755696195
1599755697209
1599755698229
1599755699245
1599755700258
1599755701268
1599755702276
1599755703286
1599755704298
1599755705314
1599755706327
1599755707347
1599755708359
1599755709369
1599755710386
1599755711391
1599755712400
1599755713414
1599755714434
1599755715449
1599755716474
1599755717495
1599755718509
1599755719521
1599755720548
1599755721564
1599755722576
1599755723588
1599755724597
1599755725615
1599755726635
1599755727651
1599755728664
1599755729677
1599755730694
1599755731710
1599755732726
1599755733739
1599755734755
1599755735775
1599755736794
1599755737815
1599755738832
1599755739849
1599755740860
1599755741883
1599755742897
1599755743913
1599755744925
1599755745935
1599755746943
1599755747955
1599755748964
1599755749971
1599755750979
1599755751986
1599755752995
1599755754004
1599755755013
1599755756028
1599755757036
1599755758043
1599755759049
1599755760060
1599755761070
1599755762078
1599755763090
1599755764107
1599755765115
1599755766129
1599755767141
1599755768156
1599755769170
1599755770181
1599755771200
1599755772217
1599755773229
1599755774239
1599755775246
1599755776258
1599755777273
1599755778289
1599755779299
1599755780312
1599755781324
1599755782333
1599755783339
1599755784349
1599755785359
1599755786373
1599755787381
1599755788389
1599755789397
1599755790409
1599755791424
1599755792433
1599755793441
1599755794458
1599755795470
1599755796490
1599755797502
1599755798513
1599755799522
1599755800538
1599755801546
1599755802555
1599755803564
1599755804577
1599755805590
1599755806621
1599755807630
1599755808642
1599755809651
1599755810658
1599755811669
1599755812680
1599755813690
1599755814703
1599755815713
1599755816721
1599755817729
1599755818738
1599755819747
1599755820754
1599755821762
1599755822773
1599755823785
1599755824805
1599755825834
1599755826848
1599755827858
1599755828873
1599755829887
1599755830894
1599755831906
1599755832917
1599755833929
1599755834941
1599755835948
1599755836961
1599755837977
1599755838987
1599755839994
1599755841008
1599755842034
1599755843045
1599755844053
1599755845067
1599755846077
1599755847087
1599755848100
1599755849112
1599755850126
1599755851140
1599755852156
1599755853165
1599755854173
1599755855188
1599755856196
1599755857213
1599755858222
1599755859230
1599755860241
1599755861247
1599755862255
1599755863262
1599755864273
1599755865284
1599755866298
1599755867306
1599755868317
1599755869324
1599755870338
1599755871349
1599755872363
1599755873371
1599755874379
1599755875389
1599755876401
1599755877413
1599755878433
1599755879442
1599755880449
1599755881457
1599755882468
1599755883481
1599755884490
1599755885498
1599755886508
1599755887515
1599755888532
1599755889543
1599755890557
1599755891569
1599755892584
1599755893596
1599755894610
1599755895618
1599755896636
1599755897647
1599755898663
1599755899673
1599755900683
1599755901692
1599755902702
1599755903721
1599755904731
1599755905740
1599755906753
1599755907765
1599755908786
1599755909800
1599755910823
1599755911831
1599755912843
1599755913872
1599755914881
1599755915908
1599755916920
1599755917930
1599755918935
1599755919942
1599755920953
1599755921963
1599755922977
1599755923990
1599755925000
1599755926009
1599755927017
1599755928029
1599755929046
1599755930059
1599755931066
1599755932077
1599755933085
1599755934095
1599755935101
1599755936114
1599755937122
1599755938131
1599755939141
1599755940152
1599755941158
1599755942169
1599755943180
1599755944188
1599755945201
1599755946218
1599755947229
1599755948239
1599755949248
1599755950255
1599755951268
1599755952275
1599755953286
1599755954295
1599755955308
1599755956323
1599755957332
1599755958343
1599755959352
1599755960366
1599755961382
1599755962390
1599755963403
1599755964413
1599755965424
1599755966434
1599755967443
1599755968455
1599755969464
1599755970470
1599755971478
1599755972489
1599755973499
1599755974520
1599755975533
1599755976561
1599755977569
1599755978582
1599755979596
1599755980612
1599755981622
1599755982629
1599755983635
1599755984647
1599755985661
1599755986666
1599755987674
1599755988688
1599755989694
1599755990709
1599755991715
1599755992722
1599755993733
1599755994741
1599755995751
1599755996761
1599755997771
1599755998794
1599755999800
1599756000809
1599756001821
1599756002829
1599756003841
1599756004869
1599756005886
1599756006895
1599756007909
1599756008930
1599756009948
1599756010960
1599756011973
1599756012986
1599756014001
1599756015021
1599756016037
1599756017053
1599756018070
1599756019086
1599756020101
1599756021113
1599756022129
1599756023140
1599756024156
1599756025174
1599756026193
1599756027210
1599756028221
1599756029228
1599756030241
1599756031257
1599756032272
1599756033292
1599756034315
1599756035324
1599756036337
1599756037353
1599756038368
1599756039383
1599756040403
1599756041423
1599756042439
1599756043459
1599756044473
1599756045491
1599756046501
1599756047520
1599756048531
1599756049547
1599756050561
1599756051570
1599756052581
1599756053595
1599756054603
1599756055614
1599756056624
1599756057641
1599756058646
1599756059661
1599756060677
1599756061693
1599756062709
1599756063725
1599756064741
1599756065757
1599756066768
1599756067777
1599756068792
1599756069808
1599756070824
1599756071851
1599756072866
1599756073881
1599756074893
1599756075904
1599756076917
1599756077928
1599756078944
1599756079953
1599756080965
1599756081981
1599756082993
1599756084008
1599756085021
1599756086037
1599756087049
1599756088060
1599756089073
1599756090084
1599756091091
1599756092098
1599756093107
1599756094120
1599756095129
1599756096139
1599756097153
1599756098165
1599756099172
1599756100191
1599756101204
1599756102212
1599756103224
1599756104238
1599756105257
1599756106265
1599756107276
1599756108293
1599756109305
1599756110324
1599756111335
1599756112360
1599756113373
1599756114389
1599756115396
1599756116412
1599756117420
1599756118433
1599756119448
1599756120457
1599756121467
1599756122481
1599756123501
1599756124525
1599756125543
1599756126555
1599756127567
1599756128592
1599756129605
1599756130618
1599756131629
1599756132644
1599756133656
1599756134669
1599756135684
1599756136703
1599756137718
1599756138728
1599756139741
1599756140749
1599756141761
1599756142781
1599756143801
1599756144809
1599756145822
1599756146838
1599756147848
1599756148864
1599756149876
1599756150888
1599756151902
1599756152918
1599756153933
1599756154941
1599756155957
1599756156975
1599756157993
1599756159009
1599756160027
1599756161037
1599756162050
1599756163066
1599756164081
1599756165097
1599756166113
1599756167126
1599756168137
1599756169153
1599756170164
1599756171174
1599756172185
1599756173193
1599756174205
1599756175219
1599756176228
1599756177237
1599756178244
1599756179257
1599756180272
1599756181285
1599756182296
1599756183308
1599756184322
1599756185331
1599756186342
1599756187348
1599756188360
1599756189369
1599756190382
1599756191389
1599756192402
1599756193417
1599756194425
1599756195432
1599756196440
1599756197449
1599756198458
1599756199473
1599756200485
1599756201498
1599756202505
1599756203523
1599756204529
1599756205540
1599756206549
1599756207554
1599756208568
1599756209581
1599756210598
1599756211613
1599756212634
1599756213649
1599756214656
1599756215664
1599756216673
1599756217688
1599756218703
1599756219722
1599756220737
1599756221753
1599756222769
1599756223781
1599756224797
1599756225813
1599756226830
1599756227841
1599756228857
1599756229869
1599756230879
1599756231885
1599756232896
1599756233913
1599756234929
1599756235940
1599756236953
1599756237977
1599756238993
1599756240005
1599756241025
1599756242039
1599756243049
1599756244065
1599756245075
1599756246087
1599756247097
1599756248110
1599756249116
1599756250132
1599756251145
1599756252157
1599756253171
1599756254185
1599756255197
1599756256213
1599756257232
1599756258241
1599756259254
1599756260268
1599756261282
1599756262296
1599756263312
1599756264327
1599756265340
1599756266353
1599756267379
1599756268396
1599756269407
1599756270417
1599756271433
1599756272442
1599756273452
1599756274464
1599756275481
1599756276497
1599756277513
1599756278530
1599756279543
1599756280554
1599756281565
1599756282577
1599756283588
1599756284598
1599756285607
1599756286619
1599756287629
1599756288637
1599756289650
1599756290661
1599756291676
1599756292693
1599756293712
1599756294725
1599756295740
1599756296758
1599756297788
1599756298801
1599756299817
1599756300839
1599756301849
1599756302861
1599756303888
1599756304900
1599756305913
1599756306921
1599756307937
1599756308952
1599756309965
1599756310989
1599756312008
1599756313024
1599756314038
1599756315059
1599756316078
1599756317093
1599756318107
1599756319123
1599756320136
1599756321143
1599756322156
1599756323174
1599756324188
1599756325197
1599756326209
1599756327222
1599756328230
1599756329246
1599756330258
1599756331286
1599756332306
1599756333317
1599756334331
1599756335347
1599756336360
1599756337377
1599756338399
1599756339412
1599756340429
1599756341446
1599756342466
1599756343486
1599756344499
1599756345518
1599756346536
1599756347561
1599756348568
1599756349585
1599756350606
1599756351621
1599756352641
1599756353657
1599756354677
1599756355689
1599756356709
1599756357720
1599756358735
1599756359743
1599756360762
1599756361798
1599756362815
1599756363835
1599756364857
1599756365877
1599756366896
1599756367903
1599756368926
1599756369939
1599756370952
1599756371965
1599756372980
1599756373995
1599756375011
1599756376025
1599756377043
1599756378053
1599756379069
1599756380084
1599756381097
1599756382114
1599756383128
1599756384140
1599756385149
1599756386178
1599756387195
1599756388209
1599756389225
1599756390241
1599756391256
1599756392273
1599756393288
1599756394302
1599756395321
1599756396341
1599756397352
1599756398366
1599756399381
1599756400393
1599756401410
1599756402425
1599756403444
1599756404461
1599756405467
1599756406473
1599756407487
1599756408498
1599756409509
1599756410523
1599756411537
1599756412549
1599756413564
1599756414577
1599756415593
1599756416606
1599756417617
1599756418631
1599756419644
1599756420653
1599756421669
1599756422684
1599756423693
1599756424698
1599756425709
1599756426721
1599756427728
1599756428735
1599756429746
1599756430753
1599756431776
1599756432785
1599756433797
1599756434813
1599756435827
1599756436842
1599756437852
1599756438863
1599756439883
1599756440894
1599756441911
1599756442921
1599756443937
1599756444949
1599756445957
1599756446972
1599756447981
1599756448994
1599756450019
1599756451029
1599756452045
1599756453055
1599756454069
1599756455084
1599756456111
1599756457124
1599756458137
1599756459153
1599756460169
1599756461185
1599756462194
1599756463209
1599756464220
1599756465228
1599756466244
1599756467263
1599756468275
1599756469286
1599756470298
1599756471304
1599756472315
1599756473327
1599756474336
1599756475345
1599756476359
1599756477373
1599756478385
1599756479396
1599756480406
1599756481422
1599756482432
1599756483459
1599756484470
1599756485480
1599756486496
1599756487503
1599756488514
1599756489522
1599756490533
1599756491552
1599756492594
1599756493606
1599756494617
1599756495627
1599756496635
1599756497644
1599756498653
1599756499662
1599756500675
1599756501681
1599756502701
1599756503713
1599756504720
1599756505745
1599756506766
1599756507779
1599756508800
1599756509810
1599756510821
1599756511829
1599756512839
1599756513872
1599756514879
1599756515892
1599756516902
1599756517917
1599756518933
1599756519943
1599756520961
1599756521972
1599756522977
1599756523988
1599756525006
1599756526016
1599756527022
1599756528030
1599756529051
1599756530062
1599756531077
1599756532089
1599756533099
1599756534107
1599756535122
1599756536138
1599756537155
1599756538167
1599756539195
1599756540207
1599756541222
1599756542238
1599756543246
1599756544254
1599756545265
1599756546272
1599756547289
1599756548304
1599756549313
1599756550330
1599756551339
1599756552348
1599756553361
1599756554373
1599756555384
1599756556394
1599756557405
1599756558414
1599756559423
1599756560431
1599756561441
1599756562450
1599756563459
1599756564472
1599756565486
1599756566497
1599756567506
1599756568517
1599756569529
1599756570547
1599756571558
1599756572566
1599756573576
1599756574586
1599756575596
1599756576606
1599756577615
1599756578622
1599756579633
1599756580642
1599756581653
1599756582662
1599756583670
1599756584681
1599756585693
1599756586704
1599756587717
1599756588729
1599756589739
1599756590745
1599756591757
1599756592780
1599756593793
1599756594808
1599756595821
1599756596837
1599756597846
1599756598864
1599756599876
1599756600889
1599756601902
1599756602916
1599756603931
1599756604951
1599756605964
1599756606977
1599756607994
1599756609008
1599756610021
1599756611029
1599756612041
1599756613052
1599756614063
1599756615075
1599756616086
1599756617095
1599756618101
1599756619108
1599756620123
1599756621130
1599756622137
1599756623152
1599756624168
1599756625178
1599756626194
1599756627210
1599756628224
1599756629233
1599756630245
1599756631256
1599756632271
1599756633282
1599756634292
1599756635303
1599756636317
1599756637335
1599756638353
1599756639362
1599756640376
1599756641389
1599756642401
1599756643411
1599756644419
1599756645432
1599756646440
1599756647449
1599756648461
1599756649486
1599756650501
1599756651509
1599756652518
1599756653525
1599756654537
1599756655550
1599756656560
1599756657570
1599756658578
1599756659589
1599756660601
1599756661615
1599756662632
1599756663648
1599756664661
1599756665676
1599756666685
1599756667700
1599756668718
1599756669729
1599756670749
1599756671778
1599756672788
1599756673800
1599756674806
1599756675817
1599756676828
1599756677837
1599756678853
1599756679860
1599756680869
1599756681877
1599756682890
1599756683901
1599756684913
1599756685922
1599756686934
1599756687944
1599756688958
1599756689967
1599756690974
1599756691987
1599756692996
1599756694007
1599756695013
1599756696025
1599756697039
1599756698053
1599756699069
1599756700082
1599756701096
1599756702104
1599756703121
1599756704134
1599756705143
1599756706152
1599756707166
1599756708177
1599756709189
1599756710195
1599756711205
1599756712214
1599756713230
1599756714238
1599756715253
1599756716262
1599756717286
1599756718299
1599756719324
1599756720341
1599756721352
1599756722371
1599756723382
1599756724393
1599756725405
1599756726413
1599756727420
1599756728427
1599756729437
1599756730451
1599756731464
1599756732472
1599756733478
1599756734493
1599756735502
1599756736514
1599756737526
1599756738533
1599756739541
1599756740558
1599756741566
1599756742577
1599756743590
1599756744605
1599756745613
1599756746622
1599756747632
1599756748638
1599756749649
1599756750658
1599756751673
1599756752686
1599756753700
1599756754712
1599756755725
1599756756738
1599756757748
1599756758758
1599756759769
1599756760786
1599756761801
1599756762818
1599756763833
1599756764842
1599756765854
1599756766863
1599756767873
1599756768881
1599756769889
1599756770901
1599756771915
1599756772924
1599756773934
1599756774945
1599756775961
1599756776976
1599756777988
1599756778999
1599756780016
1599756781028
1599756782041
1599756783050
1599756784061
1599756785071
1599756786085
1599756787105
1599756788116
1599756789129
1599756790144
1599756791157
1599756792173
1599756793185
1599756794197
1599756795209
1599756796221
1599756797234
1599756798245
1599756799257
1599756800273
1599756801283
1599756802295
1599756803309
1599756804318
1599756805329
1599756806339
1599756807349
1599756808364
1599756809381
1599756810396
1599756811404
1599756812417
1599756813428
1599756814439
1599756815456
1599756816462
1599756817498
1599756818514
1599756819524
1599756820538
1599756821549
1599756822561
1599756823569
1599756824578
1599756825593
1599756826620
1599756827634
1599756828648
1599756829655
1599756830667
1599756831674
1599756832685
1599756833694
1599756834706
1599756835725
1599756836737
1599756837749
1599756838758
1599756839770
1599756840780
1599756841789
1599756842797
1599756843811
1599756844827
1599756845834
1599756846847
1599756847861
1599756848869
1599756849887
1599756850894
1599756851902
1599756852921
1599756853933
1599756854942
1599756855954
1599756856967
1599756857980
1599756858989
1599756859997
1599756861009
1599756862025
1599756863040
1599756864052
1599756865067
1599756866077
1599756867088
1599756868100
1599756869105
1599756870122
1599756871136
1599756872145
1599756873153
1599756874160
1599756875168
1599756876181
1599756877185
1599756878194
1599756879207
1599756880212
1599756881222
1599756882228
1599756883236
1599756884247
1599756885256
1599756886267
1599756887274
1599756888286
1599756889299
1599756890306
1599756891317
1599756892329
1599756893336
1599756894352
1599756895364
1599756896370
1599756897382
1599756898391
1599756899401
1599756900410
1599756901431
1599756902439
1599756903450
1599756904461
1599756905469
1599756906493
1599756907501
1599756908514
1599756909526
1599756910540
1599756911547
1599756912561
1599756913573
1599756914577
1599756915586
1599756916597
1599756917611
1599756918620
1599756919628
1599756920635
1599756921647
1599756922653
1599756923664
1599756924677
1599756925693
1599756926704
1599756927718
1599756928725
1599756929737
1599756930772
1599756931785
1599756932798
1599756933804
1599756934823
1599756935833
1599756936849
1599756937862
1599756938876
1599756939885
1599756940891
1599756941898
1599756942910
1599756943925
1599756944934
1599756945945
1599756946957
1599756947966
1599756948974
1599756949992
1599756951001
1599756952010
1599756953017
1599756954029
1599756955041
1599756956049
1599756957057
1599756958076
1599756959095
1599756960106
1599756961120
1599756962135
1599756963156
1599756964162
1599756965176
1599756966187
1599756967194
1599756968205
1599756969217
1599756970239
1599756971254
1599756972266
1599756973283
1599756974300
1599756975312
1599756976321
1599756977332
1599756978351
1599756979359
1599756980367
1599756981377
1599756982387
1599756983413
1599756984424
1599756985437
1599756986459
1599756987469
1599756988476
1599756989482
1599756990497
1599756991507
1599756992519
1599756993528
1599756994547
1599756995555
1599756996566
1599756997579
1599756998588
1599756999597
1599757000604
1599757001614
1599757002628
1599757003643
1599757004649
1599757005660
1599757006668
1599757007675
1599757008692
1599757009703
1599757010711
1599757011726
1599757012738
1599757013746
1599757014765
1599757015777
1599757016787
1599757017800
1599757018813
1599757019824
1599757020837
1599757021846
1599757022854
1599757023872
1599757024881
1599757025894
1599757026905
1599757027912
1599757028918
1599757029929
1599757030939
1599757031946
1599757032958
1599757033966
1599757034974
1599757035983
1599757036997
1599757038011
1599757039020
1599757040029
1599757041038
1599757042055
1599757043063
1599757044078
1599757045087
1599757046096
1599757047106
1599757048115
1599757049125
1599757050137
1599757051150
1599757052159
1599757053166
1599757054174
1599757055182
1599757056191
1599757057204
1599757058217
1599757059229
1599757060246
1599757061262
1599757062273
1599757063288
1599757064297
1599757065306
1599757066321
1599757067330
1599757068341
1599757069348
1599757070355
1599757071364
1599757072376
1599757073384
1599757074398
1599757075413
1599757076427
1599757077441
1599757078452
1599757079466
1599757080474
1599757081486
1599757082497
1599757083509
1599757084521
1599757085533
1599757086542
1599757087553
1599757088562
1599757089570
1599757090578
1599757091586
1599757092597
1599757093609
1599757094620
1599757095628
1599757096646
1599757097654
1599757098665
1599757099673
1599757100678
1599757101686
1599757102698
1599757103718
1599757104729
1599757105737
1599757106744
1599757107754
1599757108770
1599757109789
1599757110805
1599757111817
1599757112829
1599757113838
1599757114846
1599757115867
1599757116881
1599757117887
1599757118894
1599757119901
1599757120911
1599757121919
1599757122926
1599757123937
1599757124949
1599757125958
1599757126966
1599757127984
1599757128989
1599757129997
1599757131009
1599757132017
1599757133024
1599757134030
1599757135041
1599757136057
1599757137068
1599757138077
1599757139088
1599757140101
1599757141109
1599757142122
1599757143133
1599757144144
1599757145158
1599757146178
1599757147187
1599757148196
1599757149217
1599757150238
1599757151249
1599757152260
1599757153269
1599757154276
1599757155292
1599757156299
1599757157308
1599757158317
1599757159334
1599757160344
1599757161353
1599757162358
1599757163384
1599757164401
1599757165416
1599757166431
1599757167440
1599757168448
1599757169457
1599757170469
1599757171481
1599757172493
1599757173505
1599757174525
1599757175536
1599757176545
1599757177557
1599757178568
1599757179581
1599757180589
1599757181601
1599757182613
1599757183629
1599757184638
1599757185648
1599757186658
1599757187666
1599757188678
1599757189691
1599757190701
1599757191724
1599757192736
1599757193744
1599757194755
1599757195770
1599757196784
1599757197792
1599757198809
1599757199820
1599757200833
1599757201846
1599757202856
1599757203863
1599757204869
1599757205881
1599757206893
1599757207906
1599757208914
1599757209925
1599757210938
1599757211945
1599757212953
1599757213962
1599757214973
1599757215981
1599757216995
1599757218004
1599757219013
1599757220020
1599757221031
1599757222043
1599757223053
1599757224069
1599757225082
1599757226090
1599757227101
1599757228119
1599757229131
1599757230140
1599757231156
1599757232165
1599757233175
1599757234185
1599757235197
1599757236208
1599757237216
1599757238227
1599757239240
1599757240250
1599757241261
1599757242273
1599757243279
1599757244288
1599757245319
1599757246331
1599757247339
1599757248349
1599757249361
1599757250373
1599757251385
1599757252397
1599757253409
1599757254426
1599757255434
1599757256442
1599757257467
1599757258481
1599757259505
1599757260521
1599757261537
1599757262549
1599757263561
1599757264573
1599757265590
1599757266602
1599757267619
1599757268639
1599757269660
1599757270666
1599757271677
1599757272697
1599757273714
1599757274725
1599757275740
1599757276754
1599757277770
1599757278784
1599757279799
1599757280815
1599757281823
1599757282836
1599757283849
1599757284864
1599757285877
1599757286893
1599757287905
1599757288915
1599757289925
1599757290938
1599757291953
1599757292965
1599757293980
1599757294991
1599757296002
1599757297010
1599757298022
1599757299032
1599757300042
1599757301053
1599757302062
1599757303078
1599757304106
1599757305130
1599757306145
1599757307166
1599757308181
1599757309191
1599757310203
1599757311217
1599757312226
1599757313238
1599757314252
1599757315259
1599757316273
1599757317289
1599757318311
1599757319325
1599757320337
1599757321353
1599757322361
1599757323382
1599757324394
1599757325407
1599757326421
1599757327433
1599757328449
1599757329462
1599757330473
1599757331484
1599757332496
1599757333504
1599757334515
1599757335528
1599757336541
1599757337555
1599757338571
1599757339586
1599757340605
1599757341613
1599757342629
1599757343639
1599757344650
1599757345664
1599757346674
1599757347688
1599757348699
1599757349710
1599757350725
1599757351734
1599757352747
1599757353755
1599757354765
1599757355770
1599757356778
1599757357797
1599757358809
1599757359820
1599757360829
1599757361843
1599757362853
1599757363858
1599757364872
1599757365882
1599757366894
1599757367910
1599757368928
1599757369938
1599757370950
1599757371960
1599757372969
1599757373983
1599757374995
1599757376008
1599757377020
1599757378033
1599757379042
1599757380053
1599757381068
1599757382083
1599757383093
1599757384105
1599757385116
1599757386131
1599757387141
1599757388147
1599757389153
1599757390166
1599757391186
1599757392209
1599757393219
1599757394232
1599757395246
1599757396260
1599757397269
1599757398284
1599757399299
1599757400310
1599757401325
1599757402340
1599757403352
1599757404361
1599757405376
1599757406385
1599757407396
1599757408407
1599757409420
1599757410437
1599757411454
1599757412469
1599757413485
1599757414500
1599757415513
1599757416528
1599757417534
1599757418549
1599757419564
1599757420572
1599757421582
1599757422598
1599757423610
1599757424622
1599757425630
1599757426642
1599757427659
1599757428666
1599757429678
1599757430688
1599757431704
1599757432714
1599757433724
1599757434735
1599757435748
1599757436762
1599757437777
1599757438789
1599757439805
1599757440816
1599757441829
1599757442843
1599757443852
1599757444859
1599757445870
1599757446878
1599757447887
1599757448899
1599757449908
1599757450918
1599757451927
1599757452935
1599757453944
1599757454953
1599757455963
1599757456973
1599757457982
1599757458996
1599757460007
1599757461023
1599757462032
1599757463046
1599757464057
1599757465067
1599757466079
1599757467092
1599757468107
1599757469123
1599757470128
1599757471138
1599757472149
1599757473161
1599757474173
1599757475184
1599757476196
1599757477207
1599757478219
1599757479227
1599757480237
1599757481246
1599757482257
1599757483268
1599757484282
1599757485290
1599757486299
1599757487305
1599757488317
1599757489329
1599757490340
1599757491346
1599757492364
1599757493372
1599757494389
1599757495396
1599757496403
1599757497414
1599757498422
1599757499433
1599757500443
1599757501455
1599757502469
1599757503477
1599757504483
1599757505491
1599757506508
1599757507517
1599757508526
1599757509535
1599757510547
1599757511558
1599757512567
1599757513579
1599757514587
1599757515605
1599757516615
1599757517624
1599757518634
1599757519650
1599757520662
1599757521673
1599757522681
1599757523698
1599757524709
1599757525726
1599757526737
1599757527757
1599757528779
1599757529793
1599757530805
1599757531814
1599757532823
1599757533838
1599757534846
1599757535856
1599757536866
1599757537878
1599757538889
1599757539901
1599757540910
1599757541925
1599757542941
1599757543953
1599757544967
1599757545984
1599757546992
1599757548005
1599757549020
1599757550030
1599757551045
1599757552054
1599757553062
1599757554070
1599757555079
1599757556090
1599757557098
1599757558105
1599757559119
1599757560132
1599757561145
1599757562157
1599757563169
1599757564184
1599757565202
1599757566212
1599757567219
1599757568229
1599757569242
1599757570259
1599757571272
1599757572289
1599757573306
1599757574317
1599757575325
1599757576337
1599757577353
1599757578369
1599757579378
1599757580394
1599757581408
1599757582422
1599757583431
1599757584439
1599757585447
1599757586455
1599757587463
1599757588471
1599757589481
1599757590489
1599757591501
1599757592513
1599757593521
1599757594535
1599757595545
1599757596561
1599757597570
1599757598579
1599757599586
1599757600592
1599757601609
1599757602625
1599757603641
1599757604659
1599757605671
1599757606680
1599757607693
1599757608701
1599757609712
1599757610724
1599757611737
1599757612746
1599757613761
1599757614783
1599757615794
1599757616807
1599757617814
1599757618821
1599757619836
1599757620846
1599757621863
1599757622875
1599757623890
1599757624903
1599757625919
1599757626939
1599757627950
1599757628959
1599757629968
1599757630977
1599757631996
1599757633003
1599757634014
1599757635029
1599757636035
1599757637045
1599757638052
1599757639061
1599757640071
1599757641079
1599757642091
1599757643108
1599757644122
1599757645136
1599757646144
1599757647155
1599757648167
1599757649177
1599757650189
1599757651201
1599757652216
1599757653224
1599757654237
1599757655246
1599757656261
1599757657273
1599757658281
1599757659292
1599757660310
1599757661326
1599757662334
1599757663342
1599757664351
1599757665359
1599757666373
1599757667381
1599757668394
1599757669409
1599757670418
1599757671429
1599757672438
1599757673446
1599757674457
1599757675465
1599757676477
1599757677487
1599757678498
1599757679508
1599757680521
1599757681532
1599757682551
1599757683562
1599757684573
1599757685585
1599757686597
1599757687610
1599757688618
1599757689630
1599757690638
1599757691651
1599757692660
1599757693669
1599757694681
1599757695694
1599757696702
1599757697711
1599757698718
1599757699730
1599757700744
1599757701753
1599757702765
1599757703774
1599757704787
1599757705798
1599757706809
1599757707820
1599757708826
1599757709834
1599757710847
1599757711855
1599757712881
1599757713893
1599757714908
1599757715915
1599757716937
1599757717949
1599757718958
1599757719967
1599757720981
1599757721993
1599757723005
1599757724018
1599757725030
1599757726038
1599757727048
1599757728058
1599757729067
1599757730074
1599757731085
1599757732101
1599757733113
1599757734126
1599757735137
1599757736149
1599757737158
1599757738170
1599757739181
1599757740194
1599757741205
1599757742218
1599757743233
1599757744245
1599757745259
1599757746269
1599757747279
1599757748288
1599757749297
1599757750303
1599757751317
1599757752328
1599757753341
1599757754350
1599757755356
1599757756369
1599757757377
1599757758389
1599757759405
1599757760419
1599757761429
1599757762436
1599757763446
1599757764456
1599757765465
1599757766475
1599757767481
1599757768491
1599757769505
1599757770514
1599757771527
1599757772537
1599757773549
1599757774561
1599757775570
1599757776581
1599757777592
1599757778598
1599757779611
1599757780633
1599757781641
1599757782654
1599757783667
1599757784677
1599757785689
1599757786706
1599757787717
1599757788727
1599757789737
1599757790744
1599757791752
1599757792767
1599757793775
1599757794785
1599757795798
1599757796810
1599757797824
1599757798836
1599757799851
1599757800860
1599757801878
1599757802898
1599757803915
1599757804922
1599757805930
1599757806941
1599757807954
1599757808967
1599757809979
1599757810992
1599757812008
1599757813020
1599757814033
1599757815052
1599757816065
1599757817073
1599757818089
1599757819104
1599757820134
1599757821145
1599757822159
1599757823178
1599757824195
1599757825204
1599757826217
1599757827225
1599757828239
1599757829249
1599757830258
1599757831268
1599757832277
1599757833286
1599757834293
1599757835303
1599757836312
1599757837319
1599757838331
1599757839341
1599757840355
1599757841369
1599757842380
1599757843390
1599757844399
1599757845415
1599757846422
1599757847431
1599757848444
1599757849455
1599757850464
1599757851487
1599757852498
1599757853532
1599757854542
1599757855555
1599757856577
1599757857585
1599757858597
1599757859603
1599757860611
1599757861621
1599757862631
1599757863641
1599757864653
1599757865662
1599757866679
1599757867699
1599757868706
1599757869717
1599757870728
1599757871735
1599757872745
1599757873750
1599757874759
1599757875769
1599757876779
1599757877787
1599757878814
1599757879833
1599757880845
1599757881854
1599757882862
1599757883874
1599757884885
1599757885901
1599757886913
1599757887923
1599757888933
1599757889949
1599757890957
1599757891963
1599757892970
1599757893978
1599757894988
1599757895998
1599757897005
1599757898016
1599757899041
1599757900052
1599757901061
1599757902079
1599757903089
1599757904101
1599757905108
1599757906119
1599757907135
1599757908146
1599757909154
1599757910165
1599757911170
1599757912185
1599757913200
1599757914212
1599757915231
1599757916245
1599757917260
1599757918269
1599757919290
1599757920310
1599757921328
1599757922335
1599757923347
1599757924357
1599757925369
1599757926381
1599757927394
1599757928406
1599757929421
1599757930432
1599757931456
1599757932473
1599757933496
1599757934508
1599757935522
1599757936537
1599757937549
1599757938563
1599757939577
1599757940587
1599757941601
1599757942613
1599757943630
1599757944645
1599757945656
1599757946671
1599757947686
1599757948703
1599757949717
1599757950725
1599757951736
1599757952745
1599757953757
1599757954773
1599757955792
1599757956807
1599757957822
1599757958838
1599757959848
1599757960857
1599757961883
1599757962888
1599757963903
1599757964920
1599757965938
1599757966955
1599757967962
1599757968979
1599757969991
1599757971004
1599757972021
1599757973043
1599757974053
1599757975069
1599757976085
1599757977099
1599757978113
1599757979132
1599757980147
1599757981181
1599757982203
1599757983221
1599757984238
1599757985251
1599757986269
1599757987292
1599757988301
1599757989317
1599757990333
1599757991348
1599757992372
1599757993388
1599757994396
1599757995419
1599757996432
1599757997452
1599757998468
1599757999481
1599758000498
1599758001522
1599758002544
1599758003581
1599758004592
1599758005605
1599758006615
1599758007632
1599758008657
1599758009671
1599758010681
1599758011703
1599758012717
1599758013725
1599758014741
1599758015759
1599758016783
1599758017792
1599758018803
1599758019817
1599758020833
1599758021843
1599758022853
1599758023869
1599758024883
1599758025900
1599758026914
1599758027931
1599758028950
1599758029960
1599758030973
1599758031988
1599758032999
1599758034007
1599758035016
1599758036025
1599758037038
1599758038050
1599758039058
1599758040069
1599758041090
1599758042106
1599758043122
1599758044134
1599758045144
1599758046159
1599758047177
1599758048192
1599758049205
1599758050217
1599758051226
1599758052237
1599758053251
1599758054280
1599758055290
1599758056299
1599758057309
1599758058318
1599758059329
1599758060347
1599758061359
1599758062377
1599758063398
1599758064415
1599758065426
1599758066438
1599758067457
1599758068466
1599758069475
1599758070485
1599758071493
1599758072505
1599758073518
1599758074535
1599758075545
1599758076559
1599758077569
1599758078575
1599758079582
1599758080593
1599758081605
1599758082617
1599758083626
1599758084634
1599758085643
1599758086653
1599758087669
1599758088680
1599758089700
1599758090705
1599758091713
1599758092719
1599758093729
1599758094741
1599758095753
1599758096765
1599758097778
1599758098783
1599758099796
1599758100808
1599758101821
1599758102837
1599758103855
1599758104866
1599758105875
1599758106882
1599758107894
1599758108904
1599758109913
1599758110927
1599758111943
1599758112957
1599758113973
1599758114989
1599758116001
1599758117011
1599758118021
1599758119037
1599758120045
1599758121054
1599758122065
1599758123079
1599758124086
1599758125094
1599758126102
1599758127121
1599758128135
1599758129146
1599758130157
1599758131172
1599758132185
1599758133202
1599758134213
1599758135231
1599758136248
1599758137259
1599758138270
1599758139281
1599758140289
1599758141308
1599758142321
1599758143329
1599758144338
1599758145345
1599758146358
1599758147369
1599758148382
1599758149393
1599758150405
1599758151417
1599758152433
1599758153445
1599758154456
1599758155464
1599758156477
1599758157493
1599758158507
1599758159521
1599758160532
1599758161541
1599758162554
1599758163565
1599758164582
1599758165590
1599758166603
1599758167614
1599758168625
1599758169634
1599758170641
1599758171650
1599758172663
1599758173676
1599758174692
1599758175708
1599758176725
1599758177741
1599758178758
1599758179766
1599758180781
1599758181799
1599758182810
1599758183826
1599758184837
1599758185849
1599758186857
1599758187872
1599758188888
1599758189903
1599758190912
1599758191925
1599758192940
1599758193961
1599758194975
1599758195989
1599758197001
1599758198013
1599758199027
1599758200037
1599758201052
1599758202065
1599758203092
1599758204108
1599758205139
1599758206154
1599758207172
1599758208187
1599758209207
1599758210219
1599758211229
1599758212245
1599758213256
1599758214272
1599758215288
1599758216300
1599758217312
1599758218321
1599758219333
1599758220349
1599758221365
1599758222385
1599758223401
1599758224417
1599758225434
1599758226450
1599758227465
1599758228477
1599758229493
1599758230505
1599758231533
1599758232549
1599758233565
1599758234571
1599758235597
1599758236617
1599758237628
1599758238643
1599758239662
1599758240680
1599758241702
1599758242723
1599758243737
1599758244756
1599758245768
1599758246785
1599758247818
1599758248838
1599758249857
1599758250869
1599758251884
1599758252897
1599758253909
1599758254925
1599758255941
1599758256956
1599758257970
1599758258982
1599758259997
1599758261018
1599758262029
1599758263038
1599758264059
1599758265073
1599758266089
1599758267103
1599758268115
1599758269128
1599758270140
1599758271149
1599758272157
1599758273172
1599758274188
1599758275206
1599758276212
1599758277225
1599758278239
1599758279252
1599758280264
1599758281287
1599758282302
1599758283320
1599758284337
1599758285351
1599758286364
1599758287378
1599758288391
1599758289403
1599758290415
1599758291441
1599758292448
1599758293461
1599758294475
1599758295485
1599758296502
1599758297516
1599758298531
1599758299548
1599758300561
1599758301575
1599758302596
1599758303613
1599758304644
1599758305657
1599758306673
1599758307689
1599758308702
1599758309718
1599758310733
1599758311749
1599758312765
1599758313774
1599758314784
1599758315797
1599758316813
1599758317825
1599758318845
1599758319866
1599758320881
1599758321901
1599758322920
1599758323937
1599758324954
1599758325965
1599758326978
1599758327988
1599758329001
1599758330012
1599758331026
1599758332040
1599758333049
1599758334064
1599758335077
1599758336083
1599758337096
1599758338105
1599758339124
1599758340133
1599758341139
1599758342147
1599758343161
1599758344182
1599758345193
1599758346209
1599758347222
1599758348232
1599758349245
1599758350262
1599758351273
1599758352286
1599758353301
1599758354317
1599758355333
1599758356342
1599758357358
1599758358369
1599758359387
1599758360402
1599758361417
1599758362432
1599758363446
1599758364463
1599758365487
1599758366500
1599758367513
1599758368529
1599758369540
1599758370547
1599758371558
1599758372566
1599758373576
1599758374585
1599758375594
1599758376607
1599758377617
1599758378630
1599758379642
1599758380650
1599758381659
1599758382678
1599758383692
1599758384715
1599758385723
1599758386732
1599758387741
1599758388757
1599758389782
1599758390811
1599758391821
1599758392835
1599758393848
1599758394856
1599758395869
1599758396878
1599758397886
1599758398900
1599758399916
1599758400929
1599758401945
1599758402962
1599758403974
1599758404987
1599758405997
1599758407012
1599758408038
1599758409056
1599758410067
1599758411084
1599758412094
1599758413099
1599758414113
1599758415134
1599758416149
1599758417168
1599758418183
1599758419196
1599758420212
1599758421223
1599758422240
1599758423253
1599758424270
1599758425280
1599758426291
1599758427304
1599758428321
1599758429340
1599758430357
1599758431373
1599758432391
1599758433403
1599758434417
1599758435428
1599758436443
1599758437462
1599758438477
1599758439496
1599758440508
1599758441521
1599758442543
1599758443554
1599758444572
1599758445582
1599758446597
1599758447611
1599758448625
1599758449636
1599758450648
1599758451658
1599758452670
1599758453682
1599758454701
1599758455721
1599758456741
1599758457757
1599758458769
1599758459786
1599758460803
1599758461819
1599758462834
1599758463853
1599758464882
1599758465896
1599758466916
1599758467929
1599758468945
1599758469952
1599758470968
1599758471977
1599758472988
1599758474008
1599758475026
1599758476036
1599758477043
1599758478052
1599758479063
1599758480080
1599758481100
1599758482113
1599758483131
1599758484151
1599758485168
1599758486181
1599758487194
1599758488205
1599758489218
1599758490229
1599758491244
1599758492255
1599758493263
1599758494278
1599758495295
1599758496314
1599758497329
1599758498343
1599758499367
1599758500388
1599758501407
1599758502418
1599758503428
1599758504452
1599758505467
1599758506478
1599758507499
1599758508514
1599758509530
1599758510546
1599758511556
1599758512572
1599758513586
1599758514598
1599758515615
1599758516641
1599758517657
1599758518674
1599758519685
1599758520705
1599758521714
1599758522725
1599758523732
1599758524748
1599758525754
1599758526770
1599758527785
1599758528798
1599758529815
1599758530828
1599758531836
1599758532841
1599758533855
1599758534872
1599758535889
1599758536904
1599758537916
1599758538938
1599758539949
1599758540965
1599758541982
1599758543000
1599758544019
1599758545035
1599758546061
1599758547072
1599758548087
1599758549123
1599758550136
1599758551149
1599758552169
1599758553182
1599758554198
1599758555213
1599758556230
1599758557245
1599758558261
1599758559276
1599758560294
1599758561309
1599758562321
1599758563332
1599758564346
1599758565360
1599758566373
1599758567388
1599758568418
1599758569435
1599758570451
1599758571464
1599758572471
1599758573481
1599758574491
1599758575503
1599758576513
1599758577522
1599758578531
1599758579542
1599758580555
1599758581567
1599758582577
1599758583585
1599758584590
1599758585605
1599758586614
1599758587623
1599758588630
1599758589639
1599758590651
1599758591658
1599758592668
1599758593679
1599758594688
1599758595701
1599758596714
1599758597728
1599758598738
1599758599750
1599758600763
1599758601773
1599758602780
1599758603793
1599758604804
1599758605815
1599758606826
1599758607834
1599758608853
1599758609867
1599758610882
1599758611895
1599758612908
1599758613917
1599758614929
1599758615944
1599758616959
1599758617973
1599758618984
1599758619997
1599758621006
1599758622014
1599758623022
1599758624030
1599758625038
1599758626047
1599758627057
1599758628066
1599758629081
1599758630098
1599758631115
1599758632125
1599758633140
1599758634153
1599758635162
1599758636177
1599758637183
1599758638191
1599758639206
1599758640225
1599758641243
1599758642258
1599758643269
1599758644283
1599758645297
1599758646309
1599758647325
1599758648347
1599758649355
1599758650367
1599758651380
1599758652394
1599758653406
1599758654417
1599758655436
1599758656450
1599758657465
1599758658475
1599758659486
1599758660494
1599758661502
1599758662511
1599758663522
1599758664530
1599758665541
1599758666549
1599758667572
1599758668604
1599758669613
1599758670622
1599758671630
1599758672641
1599758673650
1599758674659
1599758675670
1599758676684
1599758677695
1599758678708
1599758679718
1599758680729
1599758681741
1599758682751
1599758683762
1599758684790
1599758685804
1599758686816
1599758687829
1599758688840
1599758689846
1599758690854
1599758691865
1599758692870
1599758693877
1599758694888
1599758695898
1599758696913
1599758697921
1599758698937
1599758699946
1599758700958
1599758701971
1599758702986
1599758703995
1599758705004
1599758706016
1599758707031
1599758708063
1599758709078
1599758710093
1599758711102
1599758712111
1599758713132
1599758714141
1599758715152
1599758716160
1599758717175
1599758718181
1599758719194
1599758720203
1599758721217
1599758722225
1599758723233
1599758724241
1599758725247
1599758726258
1599758727280
1599758728289
1599758729297
1599758730309
1599758731317
1599758732326
1599758733337
1599758734346
1599758735368
1599758736374
1599758737391
1599758738398
1599758739407
1599758740412
1599758741422
1599758742433
1599758743440
1599758744448
1599758745461
1599758746479
1599758747490
1599758748503
1599758749514
1599758750527
1599758751542
1599758752550
1599758753558
1599758754579
1599758755590
1599758756608
1599758757618
1599758758640
1599758759651
1599758760661
1599758761672
1599758762681
1599758763687
1599758764695
1599758765702
1599758766715
1599758767726
1599758768735
1599758769745
1599758770761
1599758771775
1599758772784
1599758773793
1599758774800
1599758775813
1599758776822
1599758777834
1599758778845
1599758779853
1599758780864
1599758781902
1599758782919
1599758783929
1599758784941
1599758785955
1599758786966
1599758787978
1599758788985
1599758790001
1599758791010
1599758792018
1599758793026
1599758794035
1599758795051
1599758796071
1599758797081
1599758798095
1599758799106
1599758800125
1599758801141
1599758802153
1599758803161
1599758804173
1599758805191
1599758806201
1599758807214
1599758808230
1599758809245
1599758810250
1599758811262
1599758812276
1599758813288
1599758814301
1599758815310
1599758816326
1599758817336
1599758818347
1599758819355
1599758820365
1599758821378
1599758822390
1599758823408
1599758824422
1599758825437
1599758826453
1599758827466
1599758828478
1599758829486
1599758830495
1599758831508
1599758832517
1599758833526
1599758834540
1599758835555
1599758836565
1599758837574
1599758838587
1599758839607
1599758840624
1599758841636
1599758842655
1599758843665
1599758844683
1599758845697
1599758846713
1599758847724
1599758848739
1599758849749
1599758850767
1599758851777
1599758852790
1599758853804
1599758854817
1599758855827
1599758856838
1599758857849
1599758858859
1599758859880
1599758860892
1599758861906
1599758862913
1599758863924
1599758864935
1599758865950
1599758866968
1599758867979
1599758868989
1599758870004
1599758871014
1599758872034
1599758873044
1599758874058
1599758875072
1599758876088
1599758877100
1599758878111
1599758879122
1599758880136
1599758881151
1599758882161
1599758883167
1599758884178
1599758885185
1599758886193
1599758887205
1599758888220
1599758889228
1599758890234
1599758891243
1599758892252
1599758893261
1599758894271
1599758895277
1599758896288
1599758897294
1599758898302
1599758899310
1599758900320
1599758901330
1599758902345
1599758903357
1599758904364
1599758905379
1599758906385
1599758907394
1599758908405
1599758909417
1599758910425
1599758911436
1599758912448
1599758913460
1599758914472
1599758915482
1599758916497
1599758917513
1599758918527
1599758919536
1599758920549
1599758921562
1599758922573
1599758923586
1599758924595
1599758925609
1599758926622
1599758927640
1599758928655
1599758929676
1599758930693
1599758931702
1599758932726
1599758933742
1599758934767
1599758935777
1599758936806
1599758937820
1599758938829
1599758939845
1599758940857
1599758941870
1599758942881
1599758943889
1599758944898
1599758945908
1599758946920
1599758947933
1599758948938
1599758949950
1599758950961
1599758951979
1599758952984
1599758953996
1599758955008
1599758956022
1599758957033
1599758958040
1599758959049
1599758960063
1599758961078
1599758962096
1599758963103
1599758964117
1599758965127
1599758966138
1599758967151
1599758968160
1599758969170
1599758970182
1599758971191
1599758972199
1599758973209
1599758974223
1599758975237
1599758976251
1599758977265
1599758978300
1599758979309
1599758980319
1599758981330
1599758982339
1599758983354
1599758984374
1599758985385
1599758986392
1599758987400
1599758988410
1599758989420
1599758990428
1599758991441
1599758992451
1599758993464
1599758994478
1599758995488
1599758996499
1599758997507
1599758998517
1599758999531
1599759000544
1599759001553
1599759002570
1599759003586
1599759004595
1599759005606
1599759006617
1599759007630
1599759008646
1599759009661
1599759010680
1599759011692
1599759012710
1599759013721
1599759014730
1599759015742
1599759016754
1599759017765
1599759018774
1599759019789
1599759020800
1599759021825
1599759022839
1599759023848
1599759024860
1599759025866
1599759026878
1599759027891
1599759028899
1599759029910
1599759030922
1599759031932
1599759032946
1599759033958
1599759034979
1599759035992
1599759037003
1599759038019
1599759039034
1599759040047
1599759041057
1599759042067
1599759043085
1599759044096
1599759045107
1599759046119
1599759047132
1599759048141
1599759049151
1599759050163
1599759051178
1599759052194
1599759053206
1599759054222
1599759055246
1599759056261
1599759057273
1599759058284
1599759059298
1599759060321
1599759061332
1599759062344
1599759063356
1599759064365
1599759065377
1599759066389
1599759067395
1599759068405
1599759069422
1599759070431
1599759071443
1599759072452
1599759073466
1599759074477
1599759075507
1599759076517
1599759077528
1599759078537
1599759079545
1599759080560
1599759081573
1599759082578
1599759083587
1599759084598
1599759085613
1599759086636
1599759087652
1599759088668
1599759089679
1599759090695
1599759091706
1599759092719
1599759093728
1599759094745
1599759095758
1599759096779
1599759097795
1599759098802
1599759099814
1599759100824
1599759101837
1599759102846
1599759103852
1599759104864
1599759105878
1599759106889
1599759107902
1599759108908
1599759109916
1599759110925
1599759111937
1599759112945
1599759113956
1599759114966
1599759115974
1599759116983
1599759117992
1599759118999
1599759120007
1599759121020
1599759122034
1599759123045
1599759124057
1599759125065
1599759126071
1599759127080
1599759128095
1599759129102
1599759130117
1599759131133
1599759132143
1599759133160
1599759134171
1599759135187
1599759136203
1599759137216
1599759138223
1599759139239
1599759140254
1599759141267
1599759142276
1599759143286
1599759144296
1599759145307
1599759146316
1599759147326
1599759148337
1599759149348
1599759150365
1599759151372
1599759152385
1599759153393
1599759154405
1599759155420
1599759156428
1599759157434
1599759158449
1599759159461
1599759160473
1599759161483
1599759162497
1599759163507
1599759164524
1599759165532
1599759166540
1599759167549
1599759168562
1599759169573
1599759170581
1599759171590
1599759172601
1599759173609
1599759174619
1599759175632
1599759176644
1599759177669
1599759178686
1599759179702
1599759180718
1599759181729
1599759182737
1599759183743
1599759184753
1599759185768
1599759186776
1599759187785
1599759188807
1599759189820
1599759190828
1599759191833
1599759192849
1599759193864
1599759194873
1599759195887
1599759196899
1599759197911
1599759198933
1599759199948
1599759200960
1599759201971
1599759202990
1599759204002
1599759205021
1599759206039
1599759207048
1599759208060
1599759209073
1599759210085
1599759211097
1599759212109
1599759213120
1599759214143
1599759215152
1599759216161
1599759217174
1599759218183
1599759219191
1599759220198
1599759221217
1599759222228
1599759223236
1599759224241
1599759225268
1599759226290
1599759227306
1599759228322
1599759229335
1599759230341
1599759231358
1599759232369
1599759233385
1599759234397
1599759235413
1599759236424
1599759237435
1599759238443
1599759239450
1599759240462
1599759241473
1599759242484
1599759243490
1599759244504
1599759245514
1599759246522
1599759247534
1599759248548
1599759249558
1599759250565
1599759251573
1599759252583
1599759253593
1599759254613
1599759255624
1599759256641
1599759257651
1599759258660
1599759259670
1599759260689
1599759261708
1599759262721
1599759263726
1599759264741
1599759265752
1599759266764
1599759267785
1599759268809
1599759269825
1599759270833
1599759271844
1599759272857
1599759273872
1599759274884
1599759275899
1599759276914
1599759277920
1599759278937
1599759279952
1599759280969
1599759281980
1599759282989
1599759284001
1599759285016
1599759286029
1599759287045
1599759288060
1599759289069
1599759290083
1599759291097
1599759292113
1599759293127
1599759294142
1599759295153
1599759296161
1599759297173
1599759298190
1599759299211
1599759300231
1599759301260
1599759302278
1599759303293
1599759304312
1599759305327
1599759306340
1599759307353
1599759308366
1599759309384
1599759310406
1599759311435
1599759312445
1599759313457
1599759314473
1599759315484
1599759316497
1599759317509
1599759318524
1599759319540
1599759320573
1599759321588
1599759322597
1599759323608
1599759324618
1599759325634
1599759326645
1599759327660
1599759328666
1599759329681
1599759330694
1599759331705
1599759332714
1599759333728
1599759334740
1599759335753
1599759336769
1599759337785
1599759338797
1599759339806
1599759340811
1599759341824
1599759342836
1599759343842
1599759344854
1599759345869
1599759346885
1599759347897
1599759348924
1599759349937
1599759350953
1599759351963
1599759352976
1599759353987
1599759355004
1599759356019
1599759357033
1599759358045
1599759359056
1599759360073
1599759361080
1599759362096
1599759363107
1599759364122
1599759365133
1599759366148
1599759367167
1599759368185
1599759369204
1599759370221
1599759371228
1599759372242
1599759373259
1599759374268
1599759375276
1599759376282
1599759377293
1599759378304
1599759379316
1599759380328
1599759381340
1599759382357
1599759383373
1599759384384
1599759385397
1599759386403
1599759387417
1599759388428
1599759389442
1599759390452
1599759391467
1599759392481
1599759393489
1599759394501
1599759395513
1599759396533
1599759397549
1599759398575
1599759399584
1599759400600
1599759401612
1599759402618
1599759403627
1599759404637
1599759405651
1599759406666
1599759407682
1599759408699
1599759409709
1599759410723
1599759411740
1599759412744
1599759413751
1599759414763
1599759415772
1599759416785
1599759417798
1599759418808
1599759419819
1599759420832
1599759421841
1599759422859
1599759423873
1599759424888
1599759425899
1599759426913
1599759427933
1599759428944
1599759429956
1599759430973
1599759431988
1599759432999
1599759434011
1599759435028
1599759436055
1599759437067
1599759438079
1599759439090
1599759440105
1599759441121
1599759442137
1599759443152
1599759444167
1599759445181
1599759446192
1599759447206
1599759448218
1599759449233
1599759450244
1599759451257
1599759452268
1599759453282
1599759454295
1599759455307
1599759456317
1599759457329
1599759458336
1599759459348
1599759460357
1599759461373
1599759462385
1599759463401
1599759464406
1599759465417
1599759466424
1599759467432
1599759468445
1599759469457
1599759470469
1599759471481
1599759472497
1599759473513
1599759474529
1599759475541
1599759476553
1599759477568
1599759478581
1599759479594
1599759480608
1599759481621
1599759482633
1599759483645
1599759484668
1599759485680
1599759486693
1599759487714
1599759488725
1599759489742
1599759490757
1599759491768
1599759492778
1599759493792
1599759494800
1599759495809
1599759496825
1599759497838
1599759498847
1599759499854
1599759500860
1599759501866
1599759502873
1599759503889
1599759504901
1599759505913
1599759506927
1599759507933
1599759508940
1599759509953
1599759510965
1599759511977
1599759512993
1599759514006
1599759515019
1599759516040
1599759517057
1599759518072
1599759519100
1599759520122
1599759521148
1599759522163
1599759523169
1599759524185
1599759525201
1599759526216
1599759527228
1599759528237
1599759529248
1599759530260
1599759531269
1599759532286
1599759533298
1599759534304
1599759535319
1599759536328
1599759537341
1599759538358
1599759539371
1599759540381
1599759541397
1599759542414
1599759543429
1599759544441
1599759545458
1599759546473
1599759547485
1599759548496
1599759549505
1599759550520
1599759551534
1599759552548
1599759553560
1599759554573
1599759555580
1599759556589
1599759557605
1599759558623
1599759559637
1599759560655
1599759561668
1599759562680
1599759563689
1599759564701
1599759565717
1599759566729
1599759567740
1599759568751
1599759569759
1599759570769
1599759571778
1599759572786
1599759573801
1599759574816
1599759575827
1599759576838
1599759577859
1599759578873
1599759579889
1599759580906
1599759581929
1599759582955
1599759583969
1599759584985
1599759585993
1599759587005
1599759588020
1599759589033
1599759590049
1599759591065
1599759592076
1599759593089
1599759594114
1599759595129
1599759596151
1599759597157
1599759598168
1599759599173
1599759600181
1599759601197
1599759602210
1599759603227
1599759604240
1599759605248
1599759606257
1599759607266
1599759608273
1599759609291
1599759610303
1599759611317
1599759612326
1599759613334
1599759614344
1599759615353
1599759616365
1599759617377
1599759618389
1599759619411
1599759620425
1599759621440
1599759622448
1599759623460
1599759624470
1599759625481
1599759626486
1599759627495
1599759628505
1599759629518
1599759630534
1599759631539
1599759632549
1599759633565
1599759634581
1599759635592
1599759636609
1599759637624
1599759638633
1599759639646
1599759640657
1599759641673
1599759642689
1599759643701
1599759644726
1599759645737
1599759646749
1599759647761
1599759648770
1599759649786
1599759650796
1599759651806
1599759652817
1599759653830
1599759654839
1599759655853
1599759656865
1599759657880
1599759658888
1599759659901
1599759660916
1599759661925
1599759662937
1599759663949
1599759664967
1599759665977
1599759666993
1599759668009
1599759669038
1599759670050
1599759671062
1599759672077
1599759673087
1599759674098
1599759675113
1599759676125
1599759677139
1599759678152
1599759679160
1599759680192
1599759681208
1599759682225
1599759683237
1599759684253
1599759685266
1599759686282
1599759687293
1599759688305
1599759689321
1599759690334
1599759691345
1599759692357
1599759693374
1599759694388
1599759695400
1599759696425
1599759697437
1599759698446
1599759699457
1599759700469
1599759701483
1599759702498
1599759703513
1599759704525
1599759705535
1599759706552
1599759707563
1599759708573
1599759709583
1599759710592
1599759711605
1599759712621
1599759713636
1599759714644
1599759715651
1599759716665
1599759717680
1599759718693
1599759719713
1599759720727
1599759721737
1599759722751
1599759723769
1599759724780
1599759725792
1599759726802
1599759727814
1599759728825
1599759729840
1599759730860
1599759731876
1599759732887
1599759733897
1599759734922
1599759735939
1599759736951
1599759737979
1599759738984
1599759739994
1599759741010
1599759742030
1599759743045
1599759744070
1599759745086
1599759746102
1599759747115
1599759748129
1599759749142
1599759750157
1599759751179
1599759752193
1599759753214
1599759754225
1599759755239
1599759756252
1599759757261
1599759758277
1599759759288
1599759760300
1599759761312
1599759762327
1599759763340
1599759764352
1599759765365
1599759766387
1599759767401
1599759768417
1599759769433
1599759770450
1599759771466
1599759772483
1599759773497
1599759774509
1599759775528
1599759776543
1599759777557
1599759778577
1599759779598
1599759780614
1599759781629
1599759782649
1599759783671
1599759784690
1599759785718
1599759786741
1599759787757
1599759788772
1599759789785
1599759790803
1599759791815
1599759792829
1599759793843
1599759794853
1599759795863
1599759796886
1599759797898
1599759798910
1599759799929
1599759800941
1599759801953
1599759802965
1599759803982
1599759805002
1599759806014
1599759807033
1599759808045
1599759809059
1599759810066
1599759811082
1599759812096
1599759813123
1599759814133
1599759815145
1599759816161
1599759817177
1599759818189
1599759819205
1599759820225
1599759821254
1599759822270
1599759823284
1599759824305
1599759825314
1599759826330
1599759827347
1599759828361
1599759829370
1599759830386
1599759831402
1599759832421
1599759833446
1599759834459
1599759835469
1599759836484
1599759837499
1599759838516
1599759839525
1599759840534
1599759841547
1599759842563
1599759843574
1599759844588
1599759845597
1599759846606
1599759847618
1599759848635
1599759849644
1599759850653
1599759851666
1599759852674
1599759853685
1599759854703
1599759855712
1599759856724
1599759857736
1599759858745
1599759859750
1599759860772
1599759861781
1599759862790
1599759863802
1599759864812
1599759865826
1599759866833
1599759867850
1599759868866
1599759869879
1599759870903
1599759871919
1599759872933
1599759873948
1599759874957
1599759875966
1599759876976
1599759877995
1599759879004
1599759880014
1599759881023
1599759882033
1599759883047
1599759884063
1599759885074
1599759886092
1599759887102
1599759888121
1599759889140
1599759890148
1599759891161
1599759892174
1599759893185
1599759894195
1599759895203
1599759896213
1599759897227
1599759898237
1599759899248
1599759900269
1599759901279
1599759902293
1599759903302
1599759904318
1599759905338
1599759906353
1599759907365
1599759908380
1599759909395
1599759910405
1599759911419
1599759912426
1599759913437
1599759914448
1599759915460
1599759916473
1599759917491
1599759918513
1599759919531
1599759920538
1599759921549
1599759922569
1599759923580
1599759924593
1599759925604
1599759926614
1599759927623
1599759928636
1599759929645
1599759930659
1599759931669
1599759932688
1599759933696
1599759934706
1599759935732
1599759936749
1599759937758
1599759938782
1599759939796
1599759940808
1599759941821
1599759942835
1599759943846
1599759944857
1599759945870
1599759946883
1599759947894
1599759948905
1599759949914
1599759950922
1599759951935
1599759952946
1599759953960
1599759954969
1599759955983
1599759956994
1599759958008
1599759959020
1599759960027
1599759961034
1599759962046
1599759963056
1599759964063
1599759965074
1599759966089
1599759967101
1599759968114
1599759969123
1599759970133
1599759971151
1599759972160
1599759973172
1599759974185
1599759975193
1599759976200
1599759977227
1599759978238
1599759979246
1599759980254
1599759981265
1599759982273
1599759983297
1599759984312
1599759985325
1599759986335
1599759987348
1599759988354
1599759989367
1599759990381
1599759991391
1599759992398
1599759993408
1599759994419
1599759995432
1599759996439
1599759997449
1599759998474
1599759999488
1599760000497
1599760001511
1599760002519
1599760003535
1599760004544
1599760005549
1599760006569
1599760007579
1599760008585
1599760009590
1599760010596
1599760011606
1599760012617
1599760013625
1599760014633
1599760015649
1599760016658
1599760017667
1599760018686
1599760019697
1599760020710
1599760021718
1599760022729
1599760023736
1599760024749
1599760025767
1599760026781
1599760027804
1599760028815
1599760029829
1599760030845
1599760031858
1599760032873
1599760033884
1599760034895
1599760035903
1599760036916
1599760037935
1599760038946
1599760039956
1599760040967
1599760041976
1599760042995
1599760044011
1599760045021
1599760046033
1599760047042
1599760048059
1599760049069
1599760050080
1599760051094
1599760052114
1599760053128
1599760054142
1599760055151
1599760056159
1599760057170
1599760058192
1599760059200
1599760060208
1599760061217
1599760062228
1599760063237
1599760064244
1599760065255
1599760066262
1599760067275
1599760068283
1599760069293
1599760070309
1599760071326
1599760072339
1599760073348
1599760074358
1599760075369
1599760076380
1599760077387
1599760078400
1599760079413
1599760080445
1599760081459
1599760082471
1599760083488
1599760084501
1599760085517
1599760086533
1599760087537
1599760088550
1599760089565
1599760090576
1599760091593
1599760092609
1599760093621
1599760094633
1599760095647
1599760096657
1599760097663
1599760098670
1599760099678
1599760100686
1599760101714
1599760102729
1599760103740
1599760104753
1599760105762
1599760106771
1599760107788
1599760108797
1599760109806
1599760110812
1599760111818
1599760112826
1599760113834
1599760114849
1599760115857
1599760116869
1599760117878
1599760118903
1599760119909
1599760120921
1599760121934
1599760122946
1599760123959
1599760124975
1599760125984
1599760126993
1599760128002
1599760129026
1599760130036
1599760131053
1599760132063
1599760133071
1599760134078
1599760135087
1599760136096
1599760137107
1599760138119
1599760139130
1599760140144
1599760141153
1599760142165
1599760143181
1599760144196
1599760145215
1599760146225
1599760147239
1599760148260
1599760149271
1599760150291
1599760151312
1599760152328
1599760153341
1599760154353
1599760155369
1599760156391
1599760157415
1599760158424
1599760159437
1599760160466
1599760161487
1599760162503
1599760163515
1599760164534
1599760165552
1599760166561
1599760167574
1599760168587
1599760169596
1599760170610
1599760171622
1599760172642
1599760173655
1599760174671
1599760175700
1599760176711
1599760177721
1599760178729
1599760179747
1599760180764
1599760181773
1599760182781
1599760183794
1599760184803
1599760185818
1599760186834
1599760187851
1599760188865
1599760189879
1599760190890
1599760191905
1599760192916
1599760193929
1599760194940
1599760195952
1599760196969
1599760197975
1599760198991
1599760200005
1599760201021
1599760202039
1599760203049
1599760204058
1599760205076
1599760206087
1599760207096
1599760208113
1599760209127
1599760210139
1599760211149
1599760212161
1599760213173
1599760214185
1599760215197
1599760216208
1599760217223
1599760218237
1599760219249
1599760220257
1599760221270
1599760222280
1599760223293
1599760224300
1599760225309
1599760226321
1599760227330
1599760228344
1599760229356
1599760230369
1599760231385
1599760232395
1599760233404
1599760234424
1599760235436
1599760236448
1599760237457
1599760238465
1599760239477
1599760240485
1599760241496
1599760242501
1599760243510
1599760244521
1599760245539
1599760246548
1599760247559
1599760248568
1599760249583
1599760250592
1599760251602
1599760252618
1599760253626
1599760254640
1599760255646
1599760256662
1599760257677
1599760258692
1599760259703
1599760260718
1599760261728
1599760262737
1599760263750
1599760264761
1599760265769
1599760266781
1599760267792
1599760268798
1599760269809
1599760270816
1599760271823
1599760272831
1599760273846
1599760274857
1599760275866
1599760276878
1599760277889
1599760278902
1599760279913
1599760280922
1599760281932
1599760282950
1599760283962
1599760284976
1599760285991
1599760287005
1599760288020
1599760289029
1599760290038
1599760291053
1599760292067
1599760293079
1599760294086
1599760295099
1599760296105
1599760297121
1599760298134
1599760299151
1599760300160
1599760301178
1599760302191
1599760303204
1599760304223
1599760305238
1599760306265
1599760307280
1599760308295
1599760309305
1599760310317
1599760311330
1599760312338
1599760313359
1599760314372
1599760315384
1599760316401
1599760317412
1599760318421
1599760319438
1599760320449
1599760321465
1599760322481
1599760323497
1599760324514
1599760325525
1599760326541
1599760327557
1599760328571
1599760329588
1599760330601
1599760331617
1599760332624
1599760333637
1599760334646
1599760335657
1599760336666
1599760337686
1599760338700
1599760339715
1599760340725
1599760341737
1599760342752
1599760343768
1599760344780
1599760345793
1599760346808
1599760347820
1599760348831
1599760349841
1599760350848
1599760351859
1599760352868
1599760353878
1599760354889
1599760355901
1599760356912
1599760357917
1599760358932
1599760359945
1599760360954
1599760361971
1599760362981
1599760363989
1599760364994
1599760366009
1599760367019
1599760368030
1599760369040
1599760370058
1599760371070
1599760372080
1599760373093
1599760374104
1599760375124
1599760376130
1599760377146
1599760378154
1599760379164
1599760380174
1599760381186
1599760382197
1599760383201
1599760384211
1599760385221
1599760386235
1599760387259
1599760388269
1599760389279
1599760390292
1599760391315
1599760392338
1599760393349
1599760394377
1599760395392
1599760396410
1599760397419
1599760398431
1599760399440
1599760400453
1599760401464
1599760402474
1599760403482
1599760404498
1599760405509
1599760406516
1599760407525
1599760408538
1599760409559
1599760410570
1599760411583
1599760412600
1599760413609
1599760414621
1599760415630
1599760416637
1599760417651
1599760418663
1599760419672
1599760420682
1599760421697
1599760422709
1599760423720
1599760424727
1599760425737
1599760426746
1599760427762
1599760428771
1599760429778
1599760430792
1599760431803
1599760432812
1599760433817
1599760434827
1599760435841
1599760436857
1599760437870
1599760438882
1599760439897
1599760440908
1599760441920
1599760442929
1599760443943
1599760444953
1599760445969
1599760446988
1599760448010
1599760449041
1599760450067
1599760451084
1599760452091
1599760453102
1599760454113
1599760455122
1599760456128
1599760457142
1599760458160
1599760459167
1599760460180
1599760461194
1599760462207
1599760463221
1599760464242
1599760465253
1599760466265
1599760467285
1599760468295
1599760469307
1599760470318
1599760471332
1599760472341
1599760473357
1599760474367
1599760475378
1599760476390
1599760477398
1599760478406
1599760479414
1599760480422
1599760481435
1599760482444
1599760483451
1599760484461
1599760485471
1599760486481
1599760487497
1599760488509
1599760489518
1599760490533
1599760491542
1599760492550
1599760493578
1599760494592
1599760495598
1599760496611
1599760497622
1599760498631
1599760499638
1599760500648
1599760501662
1599760502671
1599760503682
1599760504687
1599760505701
1599760506714
1599760507733
1599760508745
1599760509760
1599760510768
1599760511781
1599760512790
1599760513802
1599760514814
1599760515822
1599760516834
1599760517849
1599760518859
1599760519871
1599760520877
1599760521887
1599760522894
1599760523905
1599760524914
1599760525924
1599760526932
1599760527946
1599760528956
1599760529964
1599760530971
1599760531979
1599760532993
1599760534004
1599760535013
1599760536020
1599760537028
1599760538033
1599760539041
1599760540049
1599760541055
1599760542068
1599760543076
1599760544084
1599760545108
1599760546119
1599760547133
1599760548149
1599760549165
1599760550176
1599760551187
1599760552193
1599760553198
1599760554210
1599760555220
1599760556237
1599760557247
1599760558263
1599760559277
1599760560285
1599760561299
1599760562313
1599760563330
1599760564343
1599760565356
1599760566365
1599760567381
1599760568397
1599760569413
1599760570428
1599760571438
1599760572446
1599760573457
1599760574479
1599760575490
1599760576501
1599760577529
1599760578538
1599760579565
1599760580579
1599760581592
1599760582608
1599760583617
1599760584626
1599760585635
1599760586647
1599760587657
1599760588669
1599760589682
1599760590690
1599760591704
1599760592714
1599760593727
1599760594737
1599760595754
1599760596772
1599760597778
1599760598791
1599760599805
1599760600817
1599760601843
1599760602849
1599760603860
1599760604868
1599760605883
1599760606894
1599760607909
1599760608927
1599760609942
1599760610961
1599760611976
1599760612989
1599760614005
1599760615024
1599760616039
1599760617053
1599760618070
1599760619097
1599760620113
1599760621125
1599760622137
1599760623156
1599760624179
1599760625189
1599760626209
1599760627216
1599760628233
1599760629249
1599760630264
1599760631274
1599760632288
1599760633304
1599760634322
1599760635336
1599760636352
1599760637368
1599760638385
1599760639401
1599760640416
1599760641428
1599760642440
1599760643454
1599760644467
1599760645480
1599760646493
1599760647505
1599760648518
1599760649533
1599760650549
1599760651556
1599760652568
1599760653580
1599760654596
1599760655619
1599760656632
1599760657645
1599760658661
1599760659672
1599760660685
1599760661703
1599760662717
1599760663726
1599760664734
1599760665749
1599760666765
1599760667773
1599760668777
1599760669793
1599760670803
1599760671808
1599760672822
1599760673838
1599760674850
1599760675856
1599760676866
1599760677881
1599760678889
1599760679896
1599760680905
1599760681922
1599760682933
1599760683945
1599760684961
1599760685981
1599760686995
1599760688009
1599760689028
1599760690042
1599760691057
1599760692074
1599760693091
1599760694108
1599760695125
1599760696141
1599760697159
1599760698173
1599760699198
1599760700214
1599760701222
1599760702237
1599760703249
1599760704270
1599760705285
1599760706299
1599760707312
1599760708318
1599760709333
1599760710348
1599760711368
1599760712377
1599760713399
1599760714434
1599760715447
1599760716466
1599760717490
1599760718503
1599760719518
1599760720532
1599760721545
1599760722574
1599760723590
1599760724600
1599760725610
1599760726625
1599760727640
1599760728653
1599760729660
1599760730669
1599760731684
1599760732691
1599760733711
1599760734728
1599760735734
1599760736743
1599760737757
1599760738773
1599760739789
1599760740803
1599760741812
1599760742821
1599760743838
1599760744853
1599760745872
1599760746893
1599760747916
1599760748930
1599760749952
1599760750973
1599760751996
1599760753013
1599760754030
1599760755042
1599760756054
1599760757073
1599760758091
1599760759106
1599760760118
1599760761129
1599760762140
1599760763152
1599760764171
1599760765179
1599760766189
1599760767203
1599760768214
1599760769229
1599760770237
1599760771249
1599760772261
1599760773272
1599760774278
1599760775302
1599760776329
1599760777350
1599760778370
1599760779382
1599760780397
1599760781408
1599760782416
1599760783426
1599760784441
1599760785453
1599760786461
1599760787474
1599760788486
1599760789504
1599760790509
1599760791518
1599760792532
1599760793542
1599760794551
1599760795562
1599760796575
1599760797586
1599760798597
1599760799609
1599760800642
1599760801650
1599760802671
1599760803682
1599760804690
1599760805699
1599760806709
1599760807718
1599760808727
1599760809748
1599760810784
1599760811800
1599760812827
1599760813835
1599760814850
1599760815867
1599760816881
1599760817897
1599760818907
1599760819924
1599760820940
1599760821972
1599760823004
1599760824013
1599760825025
1599760826039
1599760827048
1599760828068
1599760829077
1599760830089
1599760831104
1599760832110
1599760833118
1599760834126
1599760835133
1599760836149
1599760837169
1599760838186
1599760839203
1599760840209
1599760841219
1599760842228
1599760843242
1599760844263
1599760845277
1599760846295
1599760847306
1599760848318
1599760849328
1599760850339
1599760851345
1599760852368
1599760853382
1599760854394
1599760855404
1599760856414
1599760857429
1599760858445
1599760859470
1599760860491
1599760861514
1599760862520
1599760863534
1599760864550
1599760865568
1599760866583
1599760867594
1599760868605
1599760869617
1599760870624
1599760871636
1599760872644
1599760873659
1599760874665
1599760875677
1599760876689
1599760877705
1599760878713
1599760879727
1599760880738
1599760881756
1599760882762
1599760883770
1599760884776
1599760885788
1599760886796
1599760887805
1599760888813
1599760889820
1599760890826
1599760891843
1599760892852
1599760893872
1599760894882
1599760895897
1599760896909
1599760897919
1599760898929
1599760899948
1599760900958
1599760901968
1599760902980
1599760903994
1599760905011
1599760906021
1599760907033
1599760908044
1599760909050
1599760910086
1599760911094
1599760912101
1599760913110
1599760914122
1599760915131
1599760916141
1599760917149
1599760918161
1599760919175
1599760920185
1599760921199
1599760922208
1599760923218
1599760924228
1599760925235
1599760926253
1599760927264
1599760928273
1599760929285
1599760930293
1599760931301
1599760932317
1599760933325
1599760934332
1599760935344
1599760936353
1599760937365
1599760938377
1599760939389
1599760940401
1599760941409
1599760942418
1599760943429
1599760944438
1599760945449
1599760946456
1599760947464
1599760948475
1599760949485
1599760950498
1599760951516
1599760952521
1599760953537
1599760954548
1599760955560
1599760956576
1599760957590
1599760958604
1599760959611
1599760960623
1599760961628
1599760962640
1599760963650
1599760964659
1599760965669
1599760966687
1599760967701
1599760968717
1599760969733
1599760970750
1599760971762
1599760972781
1599760973798
1599760974814
1599760975829
1599760976842
1599760977852
1599760978866
1599760979881
1599760980889
1599760981901
1599760982909
1599760983914
1599760984932
1599760985948
1599760986959
1599760987968
1599760988982
1599760989990
1599760990999
1599760992011
1599760993020
1599760994029
1599760995039
1599760996047
1599760997059
1599760998067
1599760999079
1599761000087
1599761001099
1599761002106
1599761003116
1599761004123
1599761005134
1599761006143
1599761007151
1599761008166
1599761009181
1599761010197
1599761011227
1599761012237
1599761013259
1599761014276
1599761015289
1599761016303
1599761017313
1599761018323
1599761019339
1599761020359
1599761021374
1599761022384
1599761023395
1599761024406
1599761025417
1599761026425
1599761027434
1599761028445
1599761029460
1599761030470
1599761031481
1599761032498
1599761033517
1599761034530
1599761035541
1599761036550
1599761037570
1599761038581
1599761039595
1599761040605
1599761041613
1599761042626
1599761043637
1599761044656
1599761045662
1599761046676
1599761047686
1599761048695
1599761049704
1599761050714
1599761051726
1599761052737
1599761053749
1599761054763
1599761055770
1599761056789
1599761057798
1599761058811
1599761059822
1599761060831
1599761061844
1599761062858
1599761063874
1599761064887
1599761065896
1599761066907
1599761067917
1599761068933
1599761069945
1599761070962
1599761071976
1599761072991
1599761074015
1599761075029
1599761076036
1599761077045
1599761078056
1599761079065
1599761080077
1599761081084
1599761082095
1599761083105
1599761084116
1599761085129
1599761086141
1599761087157
1599761088179
1599761089192
1599761090202
1599761091212
1599761092223
1599761093234
1599761094244
1599761095252
1599761096258
1599761097267
1599761098273
1599761099286
1599761100293
1599761101302
1599761102313
1599761103317
1599761104329
1599761105346
1599761106357
1599761107365
1599761108377
1599761109388
1599761110397
1599761111407
1599761112416
1599761113425
1599761114436
1599761115441
1599761116452
1599761117458
1599761118471
1599761119480
1599761120494
1599761121504
1599761122519
1599761123529
1599761124546
1599761125558
1599761126569
1599761127590
1599761128596
1599761129606
1599761130614
1599761131622
1599761132631
1599761133639
1599761134645
1599761135659
1599761136665
1599761137676
1599761138690
1599761139708
1599761140726
1599761141734
1599761142740
1599761143749
1599761144760
1599761145769
1599761146776
1599761147785
1599761148793
1599761149812
1599761150823
1599761151830
1599761152839
1599761153845
1599761154853
1599761155866
1599761156875
1599761157882
1599761158891
1599761159901
1599761160923
1599761161931
1599761162939
1599761163948
1599761164957
1599761165969
1599761166983
1599761167991
1599761169000
1599761170015
1599761171028
1599761172042
1599761173057
1599761174075
1599761175091
1599761176105
1599761177121
1599761178138
1599761179148
1599761180156
1599761181163
1599761182177
1599761183193
1599761184209
1599761185217
1599761186225
1599761187240
1599761188245
1599761189254
1599761190261
1599761191273
1599761192287
1599761193300
1599761194316
1599761195325
1599761196334
1599761197341
1599761198349
1599761199361
1599761200368
1599761201381
1599761202391
1599761203400
1599761204411
1599761205417
1599761206424
1599761207437
1599761208447
1599761209454
1599761210465
1599761211474
1599761212483
1599761213493
1599761214509
1599761215527
1599761216541
1599761217557
1599761218567
1599761219586
1599761220601
1599761221618
1599761222639
1599761223651
1599761224661
1599761225676
1599761226686
1599761227706
1599761228716
1599761229726
1599761230738
1599761231756
1599761232771
1599761233785
1599761234800
1599761235816
1599761236832
1599761237841
1599761238856
1599761239873
1599761240885
1599761241904
1599761242925
1599761243946
1599761244967
1599761245979
1599761246989
1599761248003
1599761249009
1599761250014
1599761251033
1599761252042
1599761253057
1599761254065
1599761255082
1599761256097
1599761257111
1599761258126
1599761259141
1599761260155
1599761261177
1599761262189
1599761263201
1599761264235
1599761265250
1599761266258
1599761267279
1599761268289
1599761269306
1599761270318
1599761271323
1599761272338
1599761273350
1599761274360
1599761275367
1599761276375
1599761277382
1599761278404
1599761279416
1599761280427
1599761281436
1599761282447
1599761283458
1599761284473
1599761285488
1599761286498
1599761287529
1599761288538
1599761289547
1599761290557
1599761291566
1599761292576
1599761293586
1599761294594
1599761295604
1599761296618
1599761297635
1599761298646
1599761299659
1599761300669
1599761301682
1599761302693
1599761303708
1599761304722
1599761305736
1599761306752
1599761307764
1599761308782
1599761309796
1599761310805
1599761311820
1599761312829
1599761313844
1599761314857
1599761315871
1599761316883
1599761317896
1599761318917
1599761319931
1599761320950
1599761321965
1599761322972
1599761323982
1599761324999
1599761326018
1599761327031
1599761328042
1599761329050
1599761330064
1599761331076
1599761332086
1599761333095
1599761334109
1599761335119
1599761336134
1599761337146
1599761338164
1599761339175
1599761340190
1599761341200
1599761342216
1599761343228
1599761344244
1599761345254
1599761346266
1599761347277
1599761348288
1599761349297
1599761350309
1599761351320
1599761352331
1599761353342
1599761354350
1599761355357
1599761356369
1599761357388
1599761358396
1599761359408
1599761360416
1599761361421
1599761362437
1599761363452
1599761364457
1599761365462
1599761366472
1599761367481
1599761368493
1599761369500
1599761370513
1599761371522
1599761372530
1599761373541
1599761374557
1599761375573
1599761376585
1599761377600
1599761378609
1599761379634
1599761380648
1599761381658
1599761382672
1599761383680
1599761384694
1599761385710
1599761386725
1599761387741
1599761388755
1599761389777
1599761390790
1599761391803
1599761392815
1599761393825
1599761394843
1599761395858
1599761396868
1599761397883
1599761398896
1599761399909
1599761400921
1599761401935
1599761402946
1599761403958
1599761404969
1599761405977
1599761406987
1599761407996
1599761409010
1599761410028
1599761411044
1599761412055
1599761413068
1599761414074
1599761415091
1599761416107
1599761417115
1599761418128
1599761419145
1599761420153
1599761421162
1599761422173
1599761423193
1599761424210
1599761425224
1599761426233
1599761427244
1599761428250
1599761429268
1599761430277
1599761431285
1599761432294
1599761433302
1599761434316
1599761435329
1599761436346
1599761437358
1599761438366
1599761439380
1599761440393
1599761441402
1599761442414
1599761443425
1599761444432
1599761445437
1599761446447
1599761447461
1599761448481
1599761449501
1599761450517
1599761451531
1599761452545
1599761453561
1599761454573
1599761455599
1599761456609
1599761457619
1599761458637
1599761459659
1599761460672
1599761461687
1599761462696
1599761463709
1599761464719
1599761465726
1599761466735
1599761467749
1599761468757
1599761469769
1599761470782
1599761471797
1599761472805
1599761473821
1599761474833
1599761475849
1599761476856
1599761477861
1599761478872
1599761479885
1599761480899
1599761481906
1599761482918
1599761483925
1599761484942
1599761485957
1599761486969
1599761487978
1599761488989
1599761490000
1599761491009
1599761492020
1599761493030
1599761494041
1599761495054
1599761496065
1599761497074
1599761498085
1599761499098
1599761500106
1599761501118
1599761502129
1599761503139
1599761504151
1599761505161
1599761506173
1599761507190
1599761508208
1599761509216
1599761510228
1599761511247
1599761512256
1599761513262
1599761514270
1599761515286
1599761516298
1599761517312
1599761518325
1599761519335
1599761520343
1599761521362
1599761522370
1599761523383
1599761524391
1599761525402
1599761526416
1599761527426
1599761528437
1599761529444
1599761530457
1599761531463
1599761532472
1599761533485
1599761534494
1599761535510
1599761536521
1599761537536
1599761538545
1599761539559
1599761540569
1599761541584
1599761542598
1599761543614
1599761544627
1599761545640
1599761546653
1599761547666
1599761548685
1599761549703
1599761550724
1599761551741
1599761552753
1599761553770
1599761554780
1599761555789
1599761556798
1599761557805
1599761558831
1599761559856
1599761560871
1599761561886
1599761562900
1599761563920
1599761564936
1599761565945
1599761566956
1599761567970
1599761568984
1599761569989
1599761570997
1599761572016
1599761573024
1599761574034
1599761575055
1599761576069
1599761577078
1599761578089
1599761579103
1599761580110
1599761581123
1599761582130
1599761583143
1599761584154
1599761585173
1599761586190
1599761587201
1599761588213
1599761589226
1599761590239
1599761591248
1599761592260
1599761593270
1599761594278
1599761595284
1599761596297
1599761597310
1599761598320
1599761599326
1599761600335
1599761601342
1599761602350
1599761603360
1599761604372
1599761605381
1599761606404
1599761607417
1599761608432
1599761609447
1599761610457
1599761611477
1599761612487
1599761613495
1599761614505
1599761615523
1599761616532
1599761617537
1599761618548
1599761619563
1599761620575
1599761621589
1599761622612
1599761623621
1599761624638
1599761625647
1599761626660
1599761627673
1599761628689
1599761629699
1599761630707
1599761631718
1599761632727
1599761633737
1599761634747
1599761635759
1599761636774
1599761637786
1599761638797
1599761639808
1599761640820
1599761641827
1599761642837
1599761643848
1599761644858
1599761645866
1599761646879
1599761647896
1599761648908
1599761649922
1599761650932
1599761651946
1599761652956
1599761653965
1599761654975
1599761655983
1599761657003
1599761658014
1599761659027
1599761660038
1599761661051
1599761662056
1599761663065
1599761664073
1599761665083
1599761666097
1599761667109
1599761668122
1599761669129
1599761670134
1599761671148
1599761672158
1599761673173
1599761674180
1599761675187
1599761676194
1599761677206
1599761678217
1599761679225
1599761680235
1599761681244
1599761682261
1599761683268
1599761684279
1599761685291
1599761686302
1599761687320
1599761688329
1599761689340
1599761690355
1599761691367
1599761692385
1599761693404
1599761694415
1599761695428
1599761696440
1599761697452
1599761698478
1599761699488
1599761700493
1599761701505
1599761702516
1599761703533
1599761704547
1599761705563
1599761706573
1599761707584
1599761708594
1599761709605
1599761710610
1599761711620
1599761712633
1599761713644
1599761714657
1599761715665
1599761716677
1599761717693
1599761718705
1599761719713
1599761720725
1599761721759
1599761722773
1599761723782
1599761724792
1599761725805
1599761726820
1599761727826
1599761728837
1599761729845
1599761730857
1599761731863
1599761732870
1599761733881
1599761734893
1599761735905
1599761736915
1599761737923
1599761738934
1599761739949
1599761740964
1599761741973
1599761742989
1599761744009
1599761745013
1599761746025
1599761747034
1599761748045
1599761749052
1599761750070
1599761751091
1599761752106
1599761753120
1599761754133
1599761755141
1599761756149
1599761757161
1599761758173
1599761759188
1599761760203
1599761761217
1599761762232
1599761763239
1599761764249
1599761765268
1599761766277
1599761767286
1599761768295
1599761769304
1599761770322
1599761771334
1599761772343
1599761773357
1599761774369
1599761775380
1599761776387
1599761777398
1599761778413
1599761779428
1599761780454
1599761781469
1599761782485
1599761783496
1599761784510
1599761785526
1599761786534
1599761787546
