1599754593775
1599754594798
1599754595808
1599754596828
1599754597848
1599754598861
1599754599868
1599754600875
1599754601884
1599754602900
1599754603908
1599754604928
1599754605945
1599754606956
1599754607971
1599754608981
1599754609995
1599754611004
1599754612021
1599754613036
1599754614060
1599754615075
1599754616087
1599754617098
1599754618113
1599754619128
1599754620144
1599754621157
1599754622169
1599754623186
1599754624196
1599754625213
1599754626228
1599754627244
1599754628250
1599754629260
1599754630264
1599754631277
1599754632289
1599754633300
1599754634312
1599754635328
1599754636344
1599754637358
1599754638372
1599754639385
1599754640398
1599754641405
1599754642416
1599754643428
1599754644440
1599754645456
1599754646468
1599754647484
1599754648502
1599754649515
1599754650524
1599754651536
1599754652552
1599754653564
1599754654578
1599754655592
1599754656608
1599754657624
1599754658640
1599754659654
1599754660668
1599754661680
1599754662696
1599754663712
1599754664721
1599754665730
1599754666743
1599754667750
1599754668760
1599754669772
1599754670785
1599754671797
1599754672812
1599754673829
1599754674844
1599754675855
1599754676867
1599754677877
1599754678888
1599754679899
1599754680913
1599754681926
1599754682951
1599754683966
1599754684981
1599754685993
1599754687007
1599754688025
1599754689038
1599754690053
1599754691067
1599754692076
1599754693089
1599754694102
1599754695116
1599754696134
1599754697149
1599754698166
1599754699177
1599754700193
1599754701212
1599754702232
1599754703261
1599754704270
1599754705280
1599754706296
1599754707316
1599754708332
1599754709348
1599754710365
1599754711375
1599754712396
1599754713408
1599754714421
1599754715441
1599754716457
1599754717469
1599754718476
1599754719488
1599754720497
1599754721517
1599754722528
1599754723542
1599754724552
1599754725568
1599754726584
1599754727600
1599754728616
1599754729630
1599754730642
1599754731654
1599754732665
1599754733681
1599754734698
1599754735713
1599754736728
1599754737752
1599754738781
1599754739805
1599754740824
1599754741841
1599754742853
1599754743868
1599754744880
1599754745887
1599754746901
1599754747910
1599754748919
1599754749929
1599754750938
1599754751954
1599754752969
1599754753982
1599754754996
1599754756002
1599754757013
1599754758023
1599754759037
1599754760052
1599754761067
1599754762080
1599754763090
1599754764097
1599754765106
1599754766121
1599754767133
1599754768141
1599754769152
1599754770167
1599754771176
1599754772186
1599754773197
1599754774212
1599754775227
1599754776239
1599754777253
1599754778263
1599754779272
1599754780281
1599754781293
1599754782303
1599754783315
1599754784325
1599754785339
1599754786366
1599754787381
1599754788396
1599754789409
1599754790443
1599754791449
1599754792464
1599754793473
1599754794503
1599754795513
1599754796529
1599754797537
1599754798549
1599754799559
1599754800566
1599754801576
1599754802588
1599754803611
1599754804623
1599754805634
1599754806645
1599754807655
1599754808664
1599754809679
1599754810686
1599754811700
1599754812708
1599754813720
1599754814729
1599754815739
1599754816748
1599754817760
1599754818772
1599754819782
1599754820789
1599754821800
1599754822814
1599754823825
1599754824839
1599754825855
1599754826867
1599754827884
1599754828893
1599754829905
1599754830926
1599754831937
1599754832948
1599754833958
1599754834970
1599754835981
1599754836990
1599754837996
1599754839005
1599754840028
1599754841039
1599754842049
1599754843061
1599754844077
1599754845088
1599754846098
1599754847108
1599754848118
1599754849130
1599754850140
1599754851148
1599754852153
1599754853162
1599754854176
1599754855183
1599754856202
1599754857211
1599754858225
1599754859240
1599754860253
1599754861268
1599754862274
1599754863292
1599754864304
1599754865322
1599754866333
1599754867344
1599754868350
1599754869365
1599754870376
1599754871383
1599754872392
1599754873401
1599754874412
1599754875427
1599754876440
1599754877459
1599754878467
1599754879480
1599754880490
1599754881501
1599754882518
1599754883529
1599754884545
1599754885556
1599754886564
1599754887579
1599754888599
1599754889609
1599754890637
1599754891652
1599754892664
1599754893680
1599754894690
1599754895703
1599754896727
1599754897738
1599754898755
1599754899766
1599754900774
1599754901785
1599754902800
1599754903818
1599754904829
1599754905843
1599754906856
1599754907874
1599754908881
1599754909901
1599754910915
1599754911931
1599754912938
1599754913949
1599754914964
1599754915980
1599754916994
1599754918009
1599754919019
1599754920029
1599754921045
1599754922067
1599754923082
1599754924093
1599754925105
1599754926117
1599754927133
1599754928149
1599754929156
1599754930166
1599754931177
1599754932189
1599754933204
1599754934220
1599754935232
1599754936244
1599754937252
1599754938269
1599754939283
1599754940295
1599754941308
1599754942319
1599754943336
1599754944344
1599754945353
1599754946365
1599754947375
1599754948381
1599754949390
1599754950403
1599754951411
1599754952421
1599754953430
1599754954441
1599754955454
1599754956464
1599754957478
1599754958489
1599754959501
1599754960509
1599754961518
1599754962531
1599754963551
1599754964565
1599754965573
1599754966584
1599754967591
1599754968608
1599754969617
1599754970637
1599754971645
1599754972656
1599754973670
1599754974680
1599754975695
1599754976706
1599754977719
1599754978730
1599754979741
1599754980752
1599754981764
1599754982774
1599754983789
1599754984799
1599754985814
1599754986825
1599754987837
1599754988848
1599754989861
1599754990872
1599754991884
1599754992891
1599754993904
1599754994910
1599754995922
1599754996932
1599754997941
1599754998956
1599754999968
1599755000984
1599755001996
1599755003005
1599755004021
1599755005035
1599755006045
1599755007058
1599755008067
1599755009079
1599755010088
1599755011119
1599755012132
1599755013141
1599755014153
1599755015165
1599755016177
1599755017199
1599755018208
1599755019215
1599755020226
1599755021238
1599755022246
1599755023262
1599755024273
1599755025289
1599755026302
1599755027313
1599755028328
1599755029333
1599755030344
1599755031352
1599755032360
1599755033376
1599755034390
1599755035400
1599755036407
1599755037417
1599755038442
1599755039453
1599755040465
1599755041476
1599755042494
1599755043504
1599755044516
1599755045525
1599755046536
1599755047548
1599755048559
1599755049568
1599755050578
1599755051589
1599755052600
1599755053610
1599755054620
1599755055630
1599755056641
1599755057649
1599755058660
1599755059666
1599755060680
1599755061691
1599755062708
1599755063716
1599755064724
1599755065738
1599755066747
1599755067756
1599755068769
1599755069781
1599755070799
1599755071808
1599755072820
1599755073833
1599755074843
1599755075856
1599755076868
1599755077877
1599755078888
1599755079897
1599755080913
1599755081922
1599755082934
1599755083943
1599755084958
1599755085967
1599755086980
1599755087987
1599755089000
1599755090009
1599755091026
1599755092033
1599755093044
1599755094053
1599755095073
1599755096088
1599755097097
1599755098112
1599755099121
1599755100134
1599755101150
1599755102161
1599755103172
1599755104181
1599755105196
1599755106202
1599755107216
1599755108221
1599755109232
1599755110245
1599755111258
1599755112268
1599755113276
1599755114288
1599755115303
1599755116312
1599755117323
1599755118341
1599755119351
1599755120360
1599755121377
1599755122391
1599755123403
1599755124416
1599755125429
1599755126444
1599755127460
1599755128478
1599755129493
1599755130509
1599755131520
1599755132531
1599755133545
1599755134561
1599755135579
1599755136589
1599755137601
1599755138608
1599755139617
1599755140625
1599755141632
1599755142641
1599755143649
1599755144658
1599755145668
1599755146681
1599755147692
1599755148705
1599755149717
1599755150725
1599755151740
1599755152751
1599755153764
1599755154772
1599755155785
1599755156797
1599755157807
1599755158818
1599755159827
1599755160835
1599755161848
1599755162858
1599755163876
1599755164886
1599755165900
1599755166912
1599755167924
1599755168940
1599755169953
1599755170964
1599755171976
1599755172988
1599755174001
1599755175012
1599755176028
1599755177037
1599755178056
1599755179070
1599755180081
1599755181092
1599755182103
1599755183118
1599755184135
1599755185148
1599755186161
1599755187177
1599755188187
1599755189196
1599755190212
1599755191229
1599755192245
1599755193263
1599755194279
1599755195288
1599755196300
1599755197318
1599755198332
1599755199348
1599755200365
1599755201377
1599755202392
1599755203409
1599755204421
1599755205433
1599755206450
1599755207460
1599755208478
1599755209488
1599755210504
1599755211518
1599755212539
1599755213552
1599755214572
1599755215585
1599755216596
1599755217610
1599755218622
1599755219634
1599755220646
1599755221666
1599755222679
1599755223684
1599755224704
1599755225724
1599755226734
1599755227744
1599755228768
1599755229784
1599755230806
1599755231817
1599755232831
1599755233838
1599755234852
1599755235861
1599755236877
1599755237885
1599755238896
1599755239909
1599755240920
1599755241937
1599755242948
1599755243964
1599755244980
1599755245988
1599755247002
1599755248022
1599755249029
1599755250041
1599755251059
1599755252071
1599755253092
1599755254107
1599755255115
1599755256127
1599755257146
1599755258156
1599755259166
1599755260177
1599755261188
1599755262201
1599755263209
1599755264220
1599755265226
1599755266235
1599755267243
1599755268253
1599755269263
1599755270271
1599755271290
1599755272306
1599755273324
1599755274340
1599755275356
1599755276372
1599755277390
1599755278407
1599755279420
1599755280432
1599755281444
1599755282459
1599755283473
1599755284489
1599755285505
1599755286517
1599755287527
1599755288537
1599755289543
1599755290555
1599755291567
1599755292588
1599755293595
1599755294608
1599755295627
1599755296640
1599755297660
1599755298678
1599755299699
1599755300713
1599755301730
1599755302741
1599755303753
1599755304767
1599755305776
1599755306789
1599755307809
1599755308829
1599755309838
1599755310848
1599755311860
1599755312870
1599755313889
1599755314903
1599755315913
1599755316925
1599755317940
1599755318955
1599755319964
1599755320975
1599755321989
1599755322997
1599755324007
1599755325018
1599755326032
1599755327044
1599755328053
1599755329064
1599755330078
1599755331085
1599755332094
1599755333103
1599755334117
1599755335123
1599755336130
1599755337141
1599755338151
1599755339159
1599755340166
1599755341174
1599755342182
1599755343190
1599755344204
1599755345228
1599755346240
1599755347247
1599755348257
1599755349273
1599755350286
1599755351297
1599755352304
1599755353320
1599755354334
1599755355348
1599755356360
1599755357376
1599755358388
1599755359402
1599755360417
1599755361429
1599755362440
1599755363459
1599755364473
1599755365485
1599755366495
1599755367508
1599755368526
1599755369540
1599755370551
1599755371563
1599755372578
1599755373592
1599755374600
1599755375612
1599755376629
1599755377644
1599755378657
1599755379673
1599755380689
1599755381697
1599755382708
1599755383724
1599755384732
1599755385748
1599755386761
1599755387773
1599755388799
1599755389807
1599755390819
1599755391828
1599755392845
1599755393860
1599755394876
1599755395890
1599755396904
1599755397926
1599755398939
1599755399956
1599755400968
1599755401984
1599755402997
1599755404012
1599755405028
1599755406049
1599755407064
1599755408076
1599755409089
1599755410100
1599755411115
1599755412130
1599755413148
1599755414161
1599755415170
1599755416187
1599755417201
1599755418216
1599755419234
1599755420243
1599755421258
1599755422273
1599755423289
1599755424300
1599755425310
1599755426319
1599755427328
1599755428338
1599755429346
1599755430357
1599755431375
1599755432388
1599755433397
1599755434413
1599755435421
1599755436428
1599755437437
1599755438446
1599755439453
1599755440465
1599755441473
1599755442484
1599755443516
1599755444532
1599755445545
1599755446556
1599755447571
1599755448581
1599755449592
1599755450605
1599755451616
1599755452622
1599755453632
1599755454644
1599755455653
1599755456660
1599755457673
1599755458683
1599755459696
1599755460708
1599755461725
1599755462739
1599755463749
1599755464764
1599755465777
1599755466793
1599755467808
1599755468818
1599755469826
1599755470848
1599755471863
1599755472878
1599755473895
1599755474909
1599755475920
1599755476933
1599755477950
1599755478964
1599755479976
1599755480991
1599755482006
1599755483024
1599755484044
1599755485056
1599755486066
1599755487085
1599755488108
1599755489125
1599755490140
1599755491157
1599755492174
1599755493186
1599755494201
1599755495216
1599755496237
1599755497249
1599755498259
1599755499267
1599755500276
1599755501288
1599755502305
1599755503317
1599755504331
1599755505357
1599755506369
1599755507377
1599755508388
1599755509396
1599755510408
1599755511416
1599755512434
1599755513450
1599755514464
1599755515477
1599755516492
1599755517505
1599755518519
1599755519536
1599755520546
1599755521556
1599755522569
1599755523586
1599755524599
1599755525608
1599755526620
1599755527644
1599755528656
1599755529667
1599755530681
1599755531699
1599755532716
1599755533729
1599755534739
1599755535749
1599755536760
1599755537770
1599755538777
1599755539789
1599755540801
1599755541814
1599755542827
1599755543845
1599755544864
1599755545884
1599755546897
1599755547913
1599755548925
1599755549941
1599755550950
1599755551961
1599755552974
1599755553986
1599755555000
1599755556019
1599755557032
1599755558044
1599755559060
1599755560072
1599755561085
1599755562100
1599755563108
1599755564117
1599755565128
1599755566138
1599755567154
1599755568167
1599755569187
1599755570196
1599755571210
1599755572221
1599755573237
1599755574248
1599755575272
1599755576285
1599755577291
1599755578306
1599755579320
1599755580330
1599755581341
1599755582361
1599755583376
1599755584394
1599755585408
1599755586417
1599755587429
1599755588437
1599755589443
1599755590456
1599755591464
1599755592479
1599755593492
1599755594506
1599755595516
1599755596524
1599755597531
1599755598545
1599755599567
1599755600581
1599755601586
1599755602594
1599755603609
1599755604621
1599755605630
1599755606640
1599755607653
1599755608662
1599755609672
1599755610692
1599755611703
1599755612716
1599755613726
1599755614742
1599755615756
1599755616772
1599755617784
1599755618801
1599755619816
1599755620824
1599755621836
1599755622845
1599755623854
1599755624869
1599755625887
1599755626896
1599755627912
1599755628923
1599755629933
1599755630944
1599755631956
1599755632972
1599755633985
1599755634992
1599755636009
1599755637019
1599755638032
1599755639044
1599755640060
1599755641072
1599755642089
1599755643102
1599755644116
1599755645131
1599755646148
1599755647160
1599755648172
1599755649188
1599755650198
1599755651209
1599755652228
1599755653243
1599755654257
1599755655273
1599755656292
1599755657307
1599755658317
1599755659327
1599755660334
1599755661344
1599755662358
1599755663367
1599755664379
1599755665398
1599755666413
1599755667425
1599755668441
1599755669449
1599755670460
1599755671474
1599755672480
1599755673491
1599755674504
1599755675517
1599755676532
1599755677542
1599755678558
1599755679569
1599755680585
1599755681596
1599755682608
1599755683624
1599755684635
1599755685648
1599755686660
1599755687673
1599755688687
1599755689696
1599755690704
1599755691728
1599755692740
1599755693756
1599755694764
1599755695773
1599755696796
1599755697813
1599755698828
1599755699844
1599755700863
1599755701872
1599755702884
1599755703892
1599755704905
1599755705916
1599755706933
1599755707948
1599755708960
1599755709971
1599755710986
1599755711998
1599755713012
1599755714024
1599755715041
1599755716057
1599755717072
1599755718080
1599755719098
1599755720108
1599755721124
1599755722142
1599755723156
1599755724168
1599755725180
1599755726193
1599755727208
1599755728229
1599755729246
1599755730264
1599755731281
1599755732297
1599755733316
1599755734322
1599755735336
1599755736352
1599755737369
1599755738379
1599755739387
1599755740398
1599755741411
1599755742424
1599755743434
1599755744451
1599755745464
1599755746479
1599755747493
1599755748506
1599755749524
1599755750546
1599755751561
1599755752576
1599755753590
1599755754602
1599755755616
1599755756632
1599755757651
1599755758662
1599755759679
1599755760692
1599755761704
1599755762721
1599755763738
1599755764748
1599755765762
1599755766773
1599755767784
1599755768801
1599755769813
1599755770828
1599755771846
1599755772856
1599755773872
1599755774888
1599755775903
1599755776916
1599755777940
1599755778957
1599755779972
1599755780988
1599755782000
1599755783015
1599755784028
1599755785044
1599755786056
1599755787074
1599755788088
1599755789102
1599755790113
1599755791130
1599755792140
1599755793155
1599755794166
1599755795174
1599755796188
1599755797213
1599755798228
1599755799247
1599755800256
1599755801264
1599755802277
1599755803289
1599755804298
1599755805309
1599755806324
1599755807343
1599755808352
1599755809363
1599755810371
1599755811377
1599755812386
1599755813395
1599755814409
1599755815426
1599755816436
1599755817452
1599755818465
1599755819472
1599755820482
1599755821492
1599755822506
1599755823525
1599755824533
1599755825547
1599755826557
1599755827574
1599755828585
1599755829604
1599755830624
1599755831632
1599755832645
1599755833657
1599755834668
1599755835684
1599755836701
1599755837716
1599755838733
1599755839756
1599755840771
1599755841789
1599755842804
1599755843824
1599755844836
1599755845856
1599755846872
1599755847884
1599755848900
1599755849912
1599755850928
1599755851948
1599755852960
1599755853970
1599755854984
1599755855992
1599755857004
1599755858020
1599755859027
1599755860040
1599755861057
1599755862069
1599755863078
1599755864092
1599755865107
1599755866114
1599755867128
1599755868140
1599755869152
1599755870163
1599755871172
1599755872187
1599755873202
1599755874219
1599755875230
1599755876245
1599755877256
1599755878264
1599755879276
1599755880288
1599755881304
1599755882321
1599755883337
1599755884353
1599755885368
1599755886384
1599755887400
1599755888416
1599755889433
1599755890448
1599755891460
1599755892477
1599755893493
1599755894509
1599755895523
1599755896534
1599755897544
1599755898561
1599755899576
1599755900585
1599755901599
1599755902611
1599755903632
1599755904640
1599755905664
1599755906679
1599755907693
1599755908703
1599755909712
1599755910721
1599755911733
1599755912739
1599755913752
1599755914764
1599755915777
1599755916796
1599755917813
1599755918824
1599755919832
1599755920845
1599755921860
1599755922872
1599755923880
1599755924889
1599755925904
1599755926920
1599755927937
1599755928953
1599755929970
1599755930985
1599755931998
1599755933007
1599755934036
1599755935052
1599755936065
1599755937078
1599755938090
1599755939112
1599755940123
1599755941132
1599755942144
1599755943156
1599755944168
1599755945183
1599755946196
1599755947214
1599755948236
1599755949248
1599755950258
1599755951269
1599755952278
1599755953288
1599755954298
1599755955306
1599755956316
1599755957333
1599755958341
1599755959354
1599755960365
1599755961380
1599755962391
1599755963405
1599755964420
1599755965440
1599755966446
1599755967454
1599755968465
1599755969477
1599755970488
1599755971501
1599755972512
1599755973520
1599755974528
1599755975542
1599755976558
1599755977569
1599755978580
1599755979594
1599755980608
1599755981619
1599755982634
1599755983647
1599755984657
1599755985679
1599755986692
1599755987709
1599755988723
1599755989735
1599755990750
1599755991757
1599755992763
1599755993772
1599755994785
1599755995796
1599755996801
1599755997812
1599755998826
1599755999839
1599756000849
1599756001856
1599756002868
1599756003876
1599756004885
1599756005897
1599756006908
1599756007920
1599756008933
1599756009942
1599756010957
1599756011972
1599756012980
1599756013985
1599756014999
1599756016007
1599756017014
1599756018027
1599756019034
1599756020044
1599756021055
1599756022065
1599756023074
1599756024083
1599756025095
1599756026104
1599756027113
1599756028125
1599756029136
1599756030142
1599756031151
1599756032160
1599756033176
1599756034189
1599756035197
1599756036205
1599756037221
1599756038236
1599756039255
1599756040265
1599756041293
1599756042307
1599756043320
1599756044343
1599756045352
1599756046368
1599756047384
1599756048392
1599756049403
1599756050413
1599756051440
1599756052450
1599756053465
1599756054477
1599756055492
1599756056505
1599756057514
1599756058522
1599756059535
1599756060543
1599756061550
1599756062566
1599756063581
1599756064590
1599756065606
1599756066619
1599756067625
1599756068641
1599756069654
1599756070663
1599756071669
1599756072680
1599756073696
1599756074708
1599756075721
1599756076731
1599756077739
1599756078759
1599756079769
1599756080790
1599756081798
1599756082811
1599756083826
1599756084837
1599756085849
1599756086860
1599756087870
1599756088880
1599756089888
1599756090902
1599756091912
1599756092929
1599756093940
1599756094952
1599756095967
1599756096980
1599756097989
1599756099004
1599756100012
1599756101023
1599756102031
1599756103041
1599756104060
1599756105080
1599756106092
1599756107100
1599756108106
1599756109120
1599756110127
1599756111136
1599756112145
1599756113155
1599756114162
1599756115173
1599756116183
1599756117194
1599756118205
1599756119214
1599756120222
1599756121237
1599756122252
1599756123262
1599756124270
1599756125281
1599756126291
1599756127304
1599756128314
1599756129324
1599756130336
1599756131344
1599756132354
1599756133360
1599756134374
1599756135388
1599756136401
1599756137413
1599756138425
1599756139436
1599756140442
1599756141454
1599756142469
1599756143480
1599756144490
1599756145501
1599756146511
1599756147520
1599756148527
1599756149534
1599756150542
1599756151558
1599756152572
1599756153580
1599756154588
1599756155602
1599756156610
1599756157623
1599756158632
1599756159645
1599756160653
1599756161665
1599756162680
1599756163695
1599756164705
1599756165721
1599756166728
1599756167744
1599756168758
1599756169773
1599756170785
1599756171796
1599756172816
1599756173828
1599756174843
1599756175852
1599756176867
1599756177872
1599756178885
1599756179901
1599756180912
1599756181928
1599756182944
1599756183951
1599756184961
1599756185972
1599756186982
1599756187991
1599756189007
1599756190021
1599756191037
1599756192056
1599756193065
1599756194073
1599756195080
1599756196092
1599756197109
1599756198122
1599756199132
1599756200140
1599756201149
1599756202163
1599756203172
1599756204177
1599756205194
1599756206207
1599756207223
1599756208231
1599756209243
1599756210261
1599756211280
1599756212301
1599756213310
1599756214322
1599756215333
1599756216344
1599756217353
1599756218372
1599756219385
1599756220402
1599756221418
1599756222432
1599756223447
1599756224484
1599756225495
1599756226507
1599756227529
1599756228545
1599756229560
1599756230577
1599756231589
1599756232605
1599756233617
1599756234633
1599756235649
1599756236661
1599756237679
1599756238693
1599756239705
1599756240721
1599756241733
1599756242749
1599756243765
1599756244781
1599756245791
1599756246797
1599756247812
1599756248822
1599756249833
1599756250850
1599756251865
1599756252881
1599756253899
1599756254914
1599756255932
1599756256947
1599756257961
1599756258977
1599756260000
1599756261020
1599756262038
1599756263053
1599756264064
1599756265082
1599756266092
1599756267106
1599756268122
1599756269138
1599756270151
1599756271164
1599756272172
1599756273189
1599756274204
1599756275221
1599756276236
1599756277253
1599756278267
1599756279276
1599756280285
1599756281293
1599756282299
1599756283306
1599756284312
1599756285325
1599756286337
1599756287346
1599756288353
1599756289361
1599756290369
1599756291379
1599756292389
1599756293404
1599756294424
1599756295440
1599756296451
1599756297464
1599756298485
1599756299499
1599756300507
1599756301514
1599756302524
1599756303541
1599756304553
1599756305568
1599756306587
1599756307599
1599756308616
1599756309622
1599756310633
1599756311647
1599756312658
1599756313671
1599756314685
1599756315696
1599756316713
1599756317729
1599756318745
1599756319761
1599756320777
1599756321785
1599756322810
1599756323822
1599756324852
1599756325860
1599756326872
1599756327884
1599756328896
1599756329911
1599756330920
1599756331938
1599756332958
1599756333971
1599756334978
1599756335988
1599756337000
1599756338018
1599756339025
1599756340036
1599756341052
1599756342060
1599756343075
1599756344093
1599756345114
1599756346128
1599756347140
1599756348151
1599756349161
1599756350175
1599756351189
1599756352203
1599756353212
1599756354227
1599756355241
1599756356252
1599756357264
1599756358280
1599756359297
1599756360313
1599756361326
1599756362337
1599756363344
1599756364361
1599756365377
1599756366393
1599756367408
1599756368424
1599756369444
1599756370464
1599756371478
1599756372486
1599756373501
1599756374513
1599756375532
1599756376549
1599756377560
1599756378576
1599756379588
1599756380604
1599756381631
1599756382647
1599756383664
1599756384683
1599756385694
1599756386707
1599756387724
1599756388736
1599756389753
1599756390771
1599756391787
1599756392800
1599756393813
1599756394821
1599756395834
1599756396845
1599756397877
1599756398882
1599756399896
1599756400910
1599756401925
1599756402942
1599756403952
1599756404976
1599756405997
1599756407017
1599756408029
1599756409045
1599756410062
1599756411076
1599756412103
1599756413116
1599756414134
1599756415151
1599756416163
1599756417177
1599756418193
1599756419207
1599756420221
1599756421233
1599756422249
1599756423258
1599756424265
1599756425273
1599756426284
1599756427293
1599756428302
1599756429321
1599756430328
1599756431341
1599756432351
1599756433360
1599756434384
1599756435400
1599756436417
1599756437429
1599756438437
1599756439449
1599756440465
1599756441478
1599756442488
1599756443500
1599756444518
1599756445532
1599756446544
1599756447560
1599756448569
1599756449584
1599756450591
1599756451605
1599756452616
1599756453633
1599756454648
1599756455659
1599756456668
1599756457687
1599756458699
1599756459716
1599756460729
1599756461745
1599756462758
1599756463772
1599756464790
1599756465801
1599756466810
1599756467829
1599756468840
1599756469858
1599756470868
1599756471883
1599756472900
1599756473916
1599756474929
1599756475943
1599756476961
1599756477968
1599756478982
1599756479996
1599756481015
1599756482029
1599756483046
1599756484060
1599756485076
1599756486088
1599756487095
1599756488109
1599756489121
1599756490137
1599756491149
1599756492162
1599756493175
1599756494186
1599756495195
1599756496205
1599756497216
1599756498225
1599756499233
1599756500241
1599756501252
1599756502262
1599756503277
1599756504285
1599756505298
1599756506313
1599756507329
1599756508338
1599756509351
1599756510357
1599756511369
1599756512382
1599756513393
1599756514402
1599756515410
1599756516420
1599756517432
1599756518442
1599756519451
1599756520468
1599756521485
1599756522500
1599756523513
1599756524527
1599756525540
1599756526549
1599756527558
1599756528568
1599756529585
1599756530600
1599756531609
1599756532615
1599756533625
1599756534636
1599756535641
1599756536652
1599756537660
1599756538666
1599756539676
1599756540685
1599756541696
1599756542709
1599756543723
1599756544730
1599756545737
1599756546751
1599756547761
1599756548773
1599756549786
1599756550799
1599756551818
1599756552832
1599756553844
1599756554858
1599756555872
1599756556893
1599756557913
1599756558928
1599756559948
1599756560965
1599756561981
1599756562987
1599756564000
1599756565005
1599756566020
1599756567036
1599756568048
1599756569059
1599756570069
1599756571081
1599756572091
1599756573102
1599756574111
1599756575121
1599756576133
1599756577144
1599756578153
1599756579164
1599756580181
1599756581193
1599756582206
1599756583220
1599756584230
1599756585240
1599756586251
1599756587264
1599756588276
1599756589286
1599756590296
1599756591306
1599756592317
1599756593326
1599756594338
1599756595348
1599756596365
1599756597377
1599756598388
1599756599400
1599756600419
1599756601428
1599756602440
1599756603449
1599756604458
1599756605470
1599756606484
1599756607496
1599756608504
1599756609515
1599756610528
1599756611534
1599756612552
1599756613564
1599756614573
1599756615582
1599756616590
1599756617602
1599756618617
1599756619634
1599756620649
1599756621661
1599756622674
1599756623689
1599756624700
1599756625713
1599756626728
1599756627742
1599756628756
1599756629769
1599756630790
1599756631798
1599756632809
1599756633820
1599756634829
1599756635838
1599756636848
1599756637868
1599756638880
1599756639891
1599756640898
1599756641907
1599756642916
1599756643929
1599756644941
1599756645954
1599756646962
1599756647976
1599756648989
1599756650003
1599756651010
1599756652020
1599756653030
1599756654038
1599756655048
1599756656061
1599756657072
1599756658083
1599756659096
1599756660109
1599756661130
1599756662139
1599756663151
1599756664158
1599756665173
1599756666188
1599756667203
1599756668214
1599756669228
1599756670244
1599756671260
1599756672277
1599756673293
1599756674307
1599756675324
1599756676332
1599756677343
1599756678365
1599756679378
1599756680390
1599756681399
1599756682414
1599756683425
1599756684437
1599756685448
1599756686459
1599756687466
1599756688477
1599756689488
1599756690497
1599756691505
1599756692517
1599756693534
1599756694549
1599756695561
1599756696569
1599756697584
1599756698599
1599756699608
1599756700625
1599756701640
1599756702656
1599756703668
1599756704683
1599756705692
1599756706705
1599756707724
1599756708733
1599756709745
1599756710761
1599756711780
1599756712786
1599756713797
1599756714808
1599756715820
1599756716833
1599756717845
1599756718857
1599756719865
1599756720876
1599756721891
1599756722900
1599756723917
1599756724928
1599756725941
1599756726947
1599756727955
1599756728961
1599756729977
1599756730986
1599756732002
1599756733028
1599756734036
1599756735048
1599756736059
1599756737066
1599756738074
1599756739084
1599756740094
1599756741119
1599756742138
1599756743147
1599756744154
1599756745164
1599756746173
1599756747183
1599756748190
1599756749202
1599756750212
1599756751226
1599756752234
1599756753244
1599756754256
1599756755269
1599756756285
1599756757293
1599756758307
1599756759322
1599756760332
1599756761346
1599756762357
1599756763370
1599756764377
1599756765394
1599756766405
1599756767417
1599756768426
1599756769434
1599756770445
1599756771460
1599756772476
1599756773488
1599756774499
1599756775509
1599756776519
1599756777532
1599756778540
1599756779546
1599756780559
1599756781570
1599756782581
1599756783593
1599756784607
1599756785622
1599756786633
1599756787652
1599756788660
1599756789671
1599756790677
1599756791686
1599756792697
1599756793711
1599756794724
1599756795733
1599756796741
1599756797754
1599756798762
1599756799770
1599756800777
1599756801789
1599756802805
1599756803814
1599756804822
1599756805829
1599756806839
1599756807852
1599756808864
1599756809877
1599756810891
1599756811899
1599756812915
1599756813933
1599756814942
1599756815957
1599756816972
1599756817984
1599756818996
1599756820009
1599756821020
1599756822027
1599756823033
1599756824044
1599756825053
1599756826065
1599756827076
1599756828092
1599756829098
1599756830109
1599756831117
1599756832129
1599756833137
1599756834145
1599756835156
1599756836168
1599756837175
1599756838185
1599756839196
1599756840213
1599756841225
1599756842241
1599756843250
1599756844264
1599756845277
1599756846291
1599756847300
1599756848312
1599756849324
1599756850336
1599756851345
1599756852354
1599756853365
1599756854382
1599756855398
1599756856413
1599756857426
1599756858437
1599756859448
1599756860465
1599756861479
1599756862492
1599756863508
1599756864521
1599756865534
1599756866540
1599756867554
1599756868566
1599756869579
1599756870592
1599756871599
1599756872608
1599756873624
1599756874634
1599756875641
1599756876650
1599756877657
1599756878668
1599756879683
1599756880692
1599756881705
1599756882716
1599756883733
1599756884745
1599756885763
1599756886780
1599756887788
1599756888797
1599756889810
1599756890821
1599756891832
1599756892844
1599756893851
1599756894861
1599756895873
1599756896885
1599756897898
1599756898906
1599756899913
1599756900925
1599756901935
1599756902942
1599756903949
1599756904962
1599756905972
1599756906981
1599756907996
1599756909004
1599756910017
1599756911034
1599756912049
1599756913062
1599756914076
1599756915092
1599756916109
1599756917118
1599756918130
1599756919136
1599756920144
1599756921157
1599756922169
1599756923179
1599756924192
1599756925203
1599756926216
1599756927230
1599756928242
1599756929257
1599756930274
1599756931281
1599756932288
1599756933296
1599756934303
1599756935309
1599756936323
1599756937335
1599756938349
1599756939359
1599756940371
1599756941381
1599756942389
1599756943398
1599756944408
1599756945416
1599756946429
1599756947445
1599756948459
1599756949476
1599756950492
1599756951508
1599756952528
1599756953535
1599756954554
1599756955574
1599756956589
1599756957600
1599756958620
1599756959633
1599756960648
1599756961664
1599756962674
1599756963694
1599756964704
1599756965723
1599756966736
1599756967752
1599756968768
1599756969781
1599756970796
1599756971810
1599756972825
1599756973845
1599756974861
1599756975878
1599756976895
1599756977904
1599756978923
1599756979935
1599756980945
1599756981954
1599756982964
1599756983981
1599756984994
1599756986003
1599756987023
1599756988044
1599756989061
1599756990078
1599756991086
1599756992093
1599756993108
1599756994123
1599756995137
1599756996147
1599756997162
1599756998172
1599756999186
1599757000200
1599757001206
1599757002217
1599757003229
1599757004240
1599757005252
1599757006264
1599757007276
1599757008290
1599757009297
1599757010312
1599757011334
1599757012345
1599757013353
1599757014372
1599757015391
1599757016404
1599757017418
1599757018429
1599757019446
1599757020462
1599757021471
1599757022480
1599757023496
1599757024509
1599757025524
1599757026536
1599757027543
1599757028551
1599757029562
1599757030577
1599757031589
1599757032603
1599757033616
1599757034630
1599757035640
1599757036650
1599757037658
1599757038668
1599757039674
1599757040687
1599757041697
1599757042706
1599757043712
1599757044725
1599757045735
1599757046746
1599757047761
1599757048779
1599757049784
1599757050811
1599757051822
1599757052828
1599757053836
1599757054848
1599757055858
1599757056869
1599757057885
1599757058897
1599757059905
1599757060923
1599757061936
1599757062949
1599757063960
1599757064976
1599757065995
1599757067012
1599757068024
1599757069040
1599757070052
1599757071062
1599757072073
1599757073086
1599757074101
1599757075110
1599757076127
1599757077136
1599757078145
1599757079160
1599757080176
1599757081189
1599757082200
1599757083212
1599757084225
1599757085237
1599757086251
1599757087265
1599757088272
1599757089281
1599757090293
1599757091305
1599757092326
1599757093337
1599757094354
1599757095362
1599757096372
1599757097387
1599757098395
1599757099404
1599757100416
1599757101428
1599757102442
1599757103457
1599757104474
1599757105494
1599757106508
1599757107529
1599757108550
1599757109569
1599757110581
1599757111592
1599757112598
1599757113605
1599757114617
1599757115631
1599757116651
1599757117662
1599757118677
1599757119687
1599757120697
1599757121711
1599757122724
1599757123736
1599757124748
1599757125759
1599757126769
1599757127784
1599757128802
1599757129816
1599757130828
1599757131836
1599757132847
1599757133861
1599757134873
1599757135884
1599757136899
1599757137908
1599757138916
1599757139933
1599757140947
1599757141956
1599757142979
1599757143990
1599757145005
1599757146016
1599757147032
1599757148043
1599757149056
1599757150068
1599757151081
1599757152093
1599757153104
1599757154112
1599757155128
1599757156148
1599757157161
1599757158174
1599757159187
1599757160194
1599757161208
1599757162218
1599757163232
1599757164246
1599757165257
1599757166268
1599757167281
1599757168292
1599757169310
1599757170319
1599757171329
1599757172340
1599757173348
1599757174364
1599757175376
1599757176385
1599757177393
1599757178406
1599757179417
1599757180432
1599757181448
1599757182454
1599757183461
1599757184492
1599757185501
1599757186513
1599757187525
1599757188540
1599757189549
1599757190561
1599757191572
1599757192580
1599757193590
1599757194597
1599757195609
1599757196621
1599757197632
1599757198650
1599757199664
1599757200676
1599757201688
1599757202698
1599757203709
1599757204721
1599757205730
1599757206743
1599757207751
1599757208765
1599757209775
1599757210786
1599757211800
1599757212808
1599757213820
1599757214825
1599757215838
1599757216845
1599757217857
1599757218870
1599757219877
1599757220889
1599757221897
1599757222906
1599757223920
1599757224929
1599757225946
1599757226954
1599757227969
1599757228984
1599757230002
1599757231021
1599757232037
1599757233048
1599757234057
1599757235069
1599757236077
1599757237090
1599757238105
1599757239122
1599757240144
1599757241162
1599757242178
1599757243189
1599757244201
1599757245213
1599757246224
1599757247232
1599757248244
1599757249260
1599757250268
1599757251280
1599757252294
1599757253307
1599757254316
1599757255327
1599757256339
1599757257349
1599757258368
1599757259381
1599757260392
1599757261404
1599757262417
1599757263433
1599757264446
1599757265459
1599757266472
1599757267484
1599757268496
1599757269504
1599757270514
1599757271529
1599757272548
1599757273557
1599757274573
1599757275588
1599757276597
1599757277609
1599757278620
1599757279633
1599757280645
1599757281658
1599757282670
1599757283680
1599757284693
1599757285707
1599757286725
1599757287732
1599757288741
1599757289752
1599757290766
1599757291778
1599757292785
1599757293801
1599757294816
1599757295839
1599757296847
1599757297857
1599757298869
1599757299877
1599757300888
1599757301900
1599757302907
1599757303917
1599757304929
1599757305940
1599757306953
1599757307962
1599757308981
1599757309992
1599757311004
1599757312017
1599757313025
1599757314040
1599757315049
1599757316061
1599757317071
1599757318086
1599757319100
1599757320116
1599757321132
1599757322142
1599757323153
1599757324169
1599757325186
1599757326201
1599757327217
1599757328234
1599757329244
1599757330261
1599757331284
1599757332298
1599757333309
1599757334323
1599757335332
1599757336343
1599757337352
1599757338368
1599757339385
1599757340400
1599757341408
1599757342416
1599757343432
1599757344442
1599757345451
1599757346460
1599757347470
1599757348482
1599757349493
1599757350505
1599757351516
1599757352525
1599757353533
1599757354550
1599757355560
1599757356573
1599757357587
1599757358597
1599757359613
1599757360627
1599757361640
1599757362653
1599757363668
1599757364685
1599757365694
1599757366708
1599757367724
1599757368733
1599757369740
1599757370748
1599757371761
1599757372774
1599757373785
1599757374803
1599757375814
1599757376822
1599757377832
1599757378844
1599757379852
1599757380864
1599757381872
1599757382882
1599757383896
1599757384906
1599757385919
1599757386928
1599757387942
1599757388951
1599757389960
1599757390976
1599757391984
1599757392996
1599757394012
1599757395022
1599757396039
1599757397051
1599757398058
1599757399069
1599757400088
1599757401100
1599757402121
1599757403129
1599757404144
1599757405162
1599757406180
1599757407193
1599757408208
1599757409217
1599757410238
1599757411256
1599757412266
1599757413276
1599757414286
1599757415300
1599757416309
1599757417325
1599757418336
1599757419368
1599757420384
1599757421399
1599757422411
1599757423425
1599757424437
1599757425448
1599757426454
1599757427460
1599757428471
1599757429483
1599757430493
1599757431511
1599757432525
1599757433537
1599757434544
1599757435556
1599757436570
1599757437585
1599757438599
1599757439615
1599757440628
1599757441641
1599757442657
1599757443673
1599757444692
1599757445705
1599757446716
1599757447732
1599757448745
1599757449756
1599757450772
1599757451784
1599757452793
1599757453805
1599757454817
1599757455841
1599757456854
1599757457868
1599757458883
1599757459894
1599757460906
1599757461917
1599757462933
1599757463943
1599757464957
1599757465969
1599757466984
1599757467996
1599757469012
1599757470030
1599757471041
1599757472050
1599757473059
1599757474069
1599757475084
1599757476100
1599757477112
1599757478124
1599757479137
1599757480151
1599757481161
1599757482177
1599757483193
1599757484206
1599757485215
1599757486225
1599757487234
1599757488247
1599757489257
1599757490277
1599757491284
1599757492301
1599757493322
1599757494340
1599757495353
1599757496365
1599757497382
1599757498392
1599757499407
1599757500433
1599757501443
1599757502454
1599757503465
1599757504474
1599757505487
1599757506494
1599757507505
1599757508526
1599757509536
1599757510555
1599757511564
1599757512580
1599757513592
1599757514600
1599757515613
1599757516624
1599757517640
1599757518663
1599757519681
1599757520694
1599757521713
1599757522728
1599757523740
1599757524752
1599757525764
1599757526774
1599757527793
1599757528812
1599757529821
1599757530833
1599757531845
1599757532859
1599757533869
1599757534889
1599757535909
1599757536918
1599757537929
1599757538944
1599757539957
1599757540973
1599757541986
1599757543000
1599757544013
1599757545028
1599757546038
1599757547047
1599757548064
1599757549079
1599757550094
1599757551109
1599757552124
1599757553138
1599757554148
1599757555163
1599757556183
1599757557190
1599757558213
1599757559223
1599757560236
1599757561256
1599757562274
1599757563284
1599757564306
1599757565324
1599757566340
1599757567354
1599757568370
1599757569386
1599757570400
1599757571415
1599757572430
1599757573444
1599757574456
1599757575463
1599757576481
1599757577497
1599757578511
1599757579522
1599757580550
1599757581571
1599757582586
1599757583600
1599757584611
1599757585618
1599757586629
1599757587641
1599757588656
1599757589665
1599757590676
1599757591693
1599757592704
1599757593716
1599757594727
1599757595740
1599757596759
1599757597773
1599757598781
1599757599792
1599757600809
1599757601843
1599757602853
1599757603864
1599757604873
1599757605894
1599757606909
1599757607922
1599757608933
1599757609955
1599757610968
1599757611982
1599757612992
1599757614004
1599757615017
1599757616032
1599757617044
1599757618055
1599757619069
1599757620084
1599757621101
1599757622117
1599757623130
1599757624145
1599757625161
1599757626173
1599757627189
1599757628203
1599757629213
1599757630233
1599757631248
1599757632271
1599757633285
1599757634300
1599757635320
1599757636333
1599757637348
1599757638357
1599757639372
1599757640380
1599757641392
1599757642405
1599757643420
1599757644436
1599757645445
1599757646457
1599757647468
1599757648483
1599757649492
1599757650508
1599757651528
1599757652540
1599757653559
1599757654569
1599757655581
1599757656591
1599757657603
1599757658612
1599757659625
1599757660637
1599757661648
1599757662661
1599757663668
1599757664681
1599757665693
1599757666704
1599757667717
1599757668730
1599757669742
1599757670751
1599757671760
1599757672766
1599757673773
1599757674781
1599757675790
1599757676801
1599757677813
1599757678828
1599757679835
1599757680848
1599757681861
1599757682873
1599757683887
1599757684898
1599757685909
1599757686930
1599757687951
1599757688963
1599757689977
1599757690985
1599757691995
1599757693005
1599757694016
1599757695027
1599757696036
1599757697048
1599757698059
1599757699072
1599757700084
1599757701089
1599757702097
1599757703109
1599757704124
1599757705137
1599757706155
1599757707166
1599757708176
1599757709190
1599757710198
1599757711209
1599757712218
1599757713229
1599757714238
1599757715249
1599757716264
1599757717280
1599757718290
1599757719300
1599757720309
1599757721325
1599757722337
1599757723351
1599757724364
1599757725369
1599757726382
1599757727393
1599757728404
1599757729424
1599757730436
1599757731452
1599757732461
1599757733472
1599757734484
1599757735501
1599757736520
1599757737536
1599757738548
1599757739564
1599757740580
1599757741597
1599757742612
1599757743629
1599757744644
1599757745658
1599757746674
1599757747685
1599757748697
1599757749710
1599757750723
1599757751733
1599757752746
1599757753767
1599757754776
1599757755784
1599757756800
1599757757818
1599757758830
1599757759841
1599757760853
1599757761865
1599757762876
1599757763894
1599757764909
1599757765920
1599757766929
1599757767938
1599757768956
1599757769972
1599757770981
1599757771995
1599757773022
1599757774035
1599757775046
1599757776057
1599757777069
1599757778086
1599757779103
1599757780121
1599757781132
1599757782141
1599757783154
1599757784165
1599757785172
1599757786198
1599757787208
1599757788218
1599757789226
1599757790251
1599757791262
1599757792272
1599757793276
1599757794285
1599757795296
1599757796308
1599757797322
1599757798336
1599757799352
1599757800368
1599757801388
1599757802400
1599757803414
1599757804422
1599757805436
1599757806450
1599757807457
1599757808473
1599757809494
1599757810512
1599757811528
1599757812546
1599757813560
1599757814568
1599757815581
1599757816593
1599757817612
1599757818622
1599757819639
1599757820652
1599757821662
1599757822669
1599757823690
1599757824717
1599757825729
1599757826737
1599757827762
1599757828778
1599757829793
1599757830808
1599757831819
1599757832835
1599757833852
1599757834862
1599757835872
1599757836881
1599757837889
1599757838903
1599757839912
1599757840917
1599757841928
1599757842945
1599757843956
1599757844970
1599757845981
1599757846992
1599757848005
1599757849021
1599757850033
1599757851045
1599757852061
1599757853071
1599757854088
1599757855101
1599757856117
1599757857126
1599757858136
1599757859152
1599757860167
1599757861177
1599757862197
1599757863206
1599757864218
1599757865229
1599757866237
1599757867248
1599757868268
1599757869279
1599757870289
1599757871303
1599757872316
1599757873337
1599757874357
1599757875371
1599757876381
1599757877390
1599757878403
1599757879415
1599757880428
1599757881436
1599757882448
1599757883461
1599757884474
1599757885481
1599757886489
1599757887500
1599757888511
1599757889518
1599757890529
1599757891540
1599757892552
1599757893564
1599757894576
1599757895588
1599757896598
1599757897611
1599757898617
1599757899625
1599757900633
1599757901643
1599757902653
1599757903666
1599757904677
1599757905688
1599757906704
1599757907715
1599757908729
1599757909745
1599757910761
1599757911771
1599757912794
1599757913805
1599757914813
1599757915825
1599757916837
1599757917859
1599757918865
1599757919876
1599757920889
1599757921901
1599757922913
1599757923929
1599757924941
1599757925955
1599757926966
1599757927981
1599757929000
1599757930006
1599757931016
1599757932025
1599757933037
1599757934051
1599757935059
1599757936076
1599757937090
1599757938098
1599757939108
1599757940117
1599757941126
1599757942134
1599757943146
1599757944159
1599757945169
1599757946180
1599757947198
1599757948208
1599757949227
1599757950246
1599757951258
1599757952271
1599757953280
1599757954289
1599757955305
1599757956319
1599757957333
1599757958344
1599757959353
1599757960361
1599757961373
1599757962389
1599757963402
1599757964418
1599757965428
1599757966440
1599757967448
1599757968464
1599757969481
1599757970499
1599757971513
1599757972524
1599757973535
1599757974549
1599757975564
1599757976576
1599757977589
1599757978600
1599757979612
1599757980629
1599757981637
1599757982651
1599757983658
1599757984669
1599757985686
1599757986700
1599757987713
1599757988728
1599757989743
1599757990760
1599757991772
1599757992781
1599757993791
1599757994800
1599757995817
1599757996829
1599757997843
1599757998855
1599757999864
1599758000873
1599758001887
1599758002901
1599758003916
1599758004932
1599758005943
1599758006956
1599758007972
1599758008989
1599758010000
1599758011017
1599758012045
1599758013061
1599758014072
1599758015085
1599758016095
1599758017104
1599758018117
1599758019132
1599758020139
1599758021157
1599758022169
1599758023181
1599758024189
1599758025200
1599758026216
1599758027229
1599758028242
1599758029250
1599758030257
1599758031269
1599758032280
1599758033289
1599758034301
1599758035313
1599758036325
1599758037336
1599758038345
1599758039355
1599758040364
1599758041373
1599758042384
1599758043398
1599758044406
1599758045413
1599758046425
1599758047437
1599758048450
1599758049458
1599758050470
1599758051478
1599758052495
1599758053504
1599758054513
1599758055531
1599758056552
1599758057572
1599758058582
1599758059594
1599758060605
1599758061613
1599758062624
1599758063641
1599758064648
1599758065664
1599758066676
1599758067688
1599758068700
1599758069717
1599758070732
1599758071750
1599758072761
1599758073776
1599758074782
1599758075793
1599758076801
1599758077808
1599758078818
1599758079828
1599758080835
1599758081842
1599758082852
1599758083857
1599758084868
1599758085876
1599758086890
1599758087900
1599758088913
1599758089922
1599758090942
1599758091957
1599758092964
1599758093981
1599758094992
1599758095998
1599758097018
1599758098032
1599758099040
1599758100052
1599758101058
1599758102069
1599758103087
1599758104100
1599758105107
1599758106115
1599758107129
1599758108141
1599758109150
1599758110160
1599758111175
1599758112189
1599758113219
1599758114230
1599758115245
1599758116258
1599758117277
1599758118288
1599758119303
1599758120317
1599758121332
1599758122344
1599758123360
1599758124370
1599758125385
1599758126397
1599758127410
1599758128428
1599758129446
1599758130462
1599758131474
1599758132488
1599758133501
1599758134518
1599758135525
1599758136538
1599758137552
1599758138571
1599758139580
1599758140592
1599758141602
1599758142614
1599758143621
1599758144633
1599758145645
1599758146657
1599758147670
1599758148686
1599758149699
1599758150706
1599758151724
1599758152742
1599758153752
1599758154764
1599758155772
1599758156794
1599758157805
1599758158819
1599758159829
1599758160839
1599758161853
1599758162870
1599758163880
1599758164893
1599758165906
1599758166914
1599758167929
1599758168944
1599758169956
1599758170964
1599758171981
1599758172997
1599758174008
1599758175023
1599758176032
1599758177042
1599758178052
1599758179062
1599758180073
1599758181088
1599758182103
1599758183114
1599758184125
1599758185137
1599758186153
1599758187168
1599758188180
1599758189196
1599758190210
1599758191222
1599758192236
1599758193249
1599758194268
1599758195280
1599758196296
1599758197311
1599758198320
1599758199332
1599758200345
1599758201360
1599758202371
1599758203385
1599758204400
1599758205424
1599758206435
1599758207447
1599758208464
1599758209482
1599758210496
1599758211508
1599758212525
1599758213540
1599758214558
1599758215572
1599758216589
1599758217604
1599758218616
1599758219629
1599758220645
1599758221660
1599758222673
1599758223685
1599758224700
1599758225713
1599758226719
1599758227733
1599758228745
1599758229758
1599758230768
1599758231775
1599758232789
1599758233804
1599758234812
1599758235821
1599758236832
1599758237844
1599758238857
1599758239868
1599758240877
1599758241889
1599758242905
1599758243915
1599758244927
1599758245936
1599758246949
1599758247964
1599758248980
1599758249991
1599758251000
1599758252012
1599758253027
1599758254039
1599758255063
1599758256073
1599758257084
1599758258094
1599758259102
1599758260118
1599758261132
1599758262144
1599758263151
1599758264157
1599758265169
1599758266180
1599758267193
1599758268206
1599758269216
1599758270229
1599758271242
1599758272249
1599758273265
1599758274278
1599758275300
1599758276314
1599758277325
1599758278341
1599758279356
1599758280369
1599758281385
1599758282400
1599758283415
1599758284424
1599758285436
1599758286448
1599758287464
1599758288476
1599758289488
1599758290505
1599758291525
1599758292535
1599758293554
1599758294569
1599758295584
1599758296596
1599758297608
1599758298623
1599758299632
1599758300640
1599758301656
1599758302669
1599758303684
1599758304701
1599758305717
1599758306736
1599758307751
1599758308763
1599758309776
1599758310785
1599758311801
1599758312817
1599758313834
1599758314844
1599758315862
1599758316877
1599758317891
1599758318904
1599758319921
1599758320936
1599758321950
1599758322960
1599758323977
1599758324988
1599758325997
1599758327006
1599758328014
1599758329026
1599758330033
1599758331041
1599758332054
1599758333064
1599758334073
1599758335082
1599758336094
1599758337103
1599758338112
1599758339125
1599758340137
1599758341149
1599758342157
1599758343173
1599758344190
1599758345200
1599758346212
1599758347224
1599758348236
1599758349248
1599758350260
1599758351277
1599758352289
1599758353318
1599758354328
1599758355344
1599758356360
1599758357373
1599758358386
1599758359399
1599758360413
1599758361428
1599758362436
1599758363452
1599758364468
1599758365480
1599758366496
1599758367505
1599758368527
1599758369539
1599758370549
1599758371555
1599758372567
1599758373580
1599758374592
1599758375600
1599758376616
1599758377628
1599758378634
1599758379645
1599758380660
1599758381680
1599758382692
1599758383700
1599758384712
1599758385721
1599758386730
1599758387737
1599758388752
1599758389760
1599758390772
1599758391784
1599758392795
1599758393812
1599758394818
1599758395823
1599758396838
1599758397858
1599758398876
1599758399890
1599758400901
1599758401917
1599758402930
1599758403943
1599758404963
1599758405977
1599758406988
1599758408002
1599758409016
1599758410028
1599758411041
1599758412053
1599758413066
1599758414075
1599758415100
1599758416113
1599758417126
1599758418134
1599758419146
1599758420157
1599758421165
1599758422173
1599758423184
1599758424196
1599758425207
1599758426219
1599758427228
1599758428248
1599758429261
1599758430284
1599758431297
1599758432308
1599758433318
1599758434328
1599758435336
1599758436349
1599758437361
1599758438375
1599758439385
1599758440393
1599758441404
1599758442418
1599758443425
1599758444438
1599758445449
1599758446460
1599758447468
1599758448480
1599758449496
1599758450508
1599758451524
1599758452536
1599758453552
1599758454568
1599758455581
1599758456593
1599758457610
1599758458618
1599758459629
1599758460644
1599758461656
1599758462666
1599758463678
1599758464689
1599758465700
1599758466710
1599758467715
1599758468728
1599758469741
1599758470756
1599758471771
1599758472778
1599758473789
1599758474816
1599758475831
1599758476841
1599758477862
1599758478872
1599758479887
1599758480901
1599758481916
1599758482932
1599758483945
1599758484956
1599758485972
1599758486984
1599758487994
1599758489002
1599758490021
1599758491034
1599758492045
1599758493063
1599758494069
1599758495078
1599758496085
1599758497094
1599758498101
1599758499113
1599758500127
1599758501141
1599758502152
1599758503164
1599758504181
1599758505193
1599758506213
1599758507233
1599758508244
1599758509250
1599758510257
1599758511265
1599758512276
1599758513285
1599758514296
1599758515313
1599758516328
1599758517343
1599758518352
1599758519364
1599758520377
1599758521393
1599758522404
1599758523416
1599758524430
1599758525447
1599758526461
1599758527475
1599758528483
1599758529490
1599758530500
1599758531509
1599758532519
1599758533535
1599758534546
1599758535560
1599758536576
1599758537589
1599758538605
1599758539621
1599758540634
1599758541649
1599758542668
1599758543682
1599758544708
1599758545727
1599758546747
1599758547760
1599758548777
1599758549793
1599758550810
1599758551824
1599758552840
1599758553862
1599758554886
1599758555903
1599758556921
1599758557937
1599758558954
1599758559974
1599758560988
1599758562007
1599758563020
1599758564033
1599758565044
1599758566054
1599758567082
1599758568097
1599758569114
1599758570127
1599758571144
1599758572156
1599758573171
1599758574184
1599758575190
1599758576205
1599758577216
1599758578225
1599758579233
1599758580249
1599758581261
1599758582273
1599758583288
1599758584297
1599758585313
1599758586321
1599758587338
1599758588348
1599758589361
1599758590369
1599758591381
1599758592392
1599758593401
1599758594411
1599758595423
1599758596434
1599758597440
1599758598452
1599758599466
1599758600474
1599758601484
1599758602505
1599758603518
1599758604526
1599758605542
1599758606556
1599758607573
1599758608589
1599758609603
1599758610616
1599758611629
1599758612646
1599758613659
1599758614667
1599758615680
1599758616691
1599758617705
1599758618720
1599758619732
1599758620741
1599758621756
1599758622768
1599758623776
1599758624790
1599758625802
1599758626813
1599758627821
1599758628832
1599758629840
1599758630856
1599758631872
1599758632887
1599758633899
1599758634909
1599758635925
1599758636946
1599758637959
1599758638972
1599758639991
1599758641005
1599758642021
1599758643035
1599758644050
1599758645060
1599758646081
1599758647099
1599758648112
1599758649141
1599758650149
1599758651163
1599758652174
1599758653190
1599758654201
1599758655213
1599758656225
1599758657240
1599758658253
1599758659264
1599758660272
1599758661281
1599758662293
1599758663311
1599758664323
1599758665334
1599758666345
1599758667360
1599758668373
1599758669382
1599758670395
1599758671403
1599758672416
1599758673432
1599758674445
1599758675465
1599758676476
1599758677486
1599758678493
1599758679505
1599758680515
1599758681523
1599758682529
1599758683543
1599758684553
1599758685567
1599758686579
1599758687588
1599758688598
1599758689609
1599758690618
1599758691625
1599758692634
1599758693646
1599758694656
1599758695671
1599758696687
1599758697700
1599758698712
1599758699724
1599758700736
1599758701745
1599758702759
1599758703771
1599758704780
1599758705788
1599758706801
1599758707812
1599758708825
1599758709832
1599758710840
1599758711850
1599758712859
1599758713874
1599758714882
1599758715892
1599758716900
1599758717915
1599758718924
1599758719938
1599758720952
1599758721963
1599758722979
1599758723989
1599758725000
1599758726020
1599758727033
1599758728042
1599758729053
1599758730064
1599758731072
1599758732079
1599758733089
1599758734101
1599758735114
1599758736126
1599758737133
1599758738145
1599758739159
1599758740166
1599758741180
1599758742192
1599758743205
1599758744217
1599758745229
1599758746245
1599758747254
1599758748263
1599758749272
1599758750281
1599758751290
1599758752305
1599758753321
1599758754333
1599758755341
1599758756350
1599758757360
1599758758370
1599758759384
1599758760396
1599758761409
1599758762420
1599758763435
1599758764450
1599758765460
1599758766474
1599758767483
1599758768505
1599758769517
1599758770529
1599758771541
1599758772551
1599758773566
1599758774583
1599758775590
1599758776601
1599758777618
1599758778628
1599758779640
1599758780657
1599758781669
1599758782691
1599758783702
1599758784733
1599758785745
1599758786756
1599758787769
1599758788779
1599758789790
1599758790800
1599758791812
1599758792827
1599758793840
1599758794853
1599758795864
1599758796885
1599758797900
1599758798919
1599758799934
1599758800957
1599758801973
1599758802993
1599758804005
1599758805037
1599758806050
1599758807058
1599758808068
1599758809084
1599758810096
1599758811110
1599758812129
1599758813145
1599758814154
1599758815162
1599758816177
1599758817192
1599758818206
1599758819228
1599758820244
1599758821259
1599758822279
1599758823293
1599758824305
1599758825320
1599758826331
1599758827343
1599758828356
1599758829369
1599758830378
1599758831392
1599758832402
1599758833409
1599758834420
1599758835433
1599758836449
1599758837464
1599758838481
1599758839495
1599758840509
1599758841525
1599758842541
1599758843553
1599758844566
1599758845580
1599758846597
1599758847608
1599758848620
1599758849638
1599758850655
1599758851669
1599758852686
1599758853696
1599758854708
1599758855720
1599758856738
1599758857749
1599758858765
1599758859781
1599758860790
1599758861798
1599758862810
1599758863824
1599758864834
1599758865855
1599758866870
1599758867881
1599758868894
1599758869902
1599758870910
1599758871925
1599758872936
1599758873948
1599758874960
1599758875976
1599758876989
1599758878001
1599758879016
1599758880028
1599758881036
1599758882044
1599758883056
1599758884069
1599758885085
1599758886097
1599758887106
1599758888117
1599758889133
1599758890146
1599758891152
1599758892165
1599758893182
1599758894194
1599758895216
1599758896240
1599758897254
1599758898264
1599758899277
1599758900288
1599758901300
1599758902313
1599758903324
1599758904336
1599758905349
1599758906358
1599758907371
1599758908384
1599758909398
1599758910412
1599758911418
1599758912428
1599758913441
1599758914448
1599758915462
1599758916470
1599758917491
1599758918509
1599758919523
1599758920534
1599758921542
1599758922552
1599758923561
1599758924585
1599758925602
1599758926621
1599758927632
1599758928647
1599758929660
1599758930670
1599758931681
1599758932699
1599758933705
1599758934716
1599758935728
1599758936736
1599758937749
1599758938763
1599758939777
1599758940788
1599758941801
1599758942809
1599758943819
1599758944828
1599758945840
1599758946850
1599758947861
1599758948873
1599758949884
1599758950897
1599758951909
1599758952920
1599758953929
1599758954940
1599758955953
1599758956968
1599758957976
1599758958984
1599758959992
1599758961001
1599758962035
1599758963049
1599758964064
1599758965075
1599758966088
1599758967099
1599758968114
1599758969134
1599758970148
1599758971167
1599758972176
1599758973192
1599758974225
1599758975234
1599758976251
1599758977260
1599758978272
1599758979280
1599758980289
1599758981298
1599758982308
1599758983320
1599758984329
1599758985339
1599758986345
1599758987357
1599758988377
1599758989395
1599758990412
1599758991428
1599758992447
1599758993457
1599758994473
1599758995500
1599758996528
1599758997552
1599758998568
1599758999585
1599759000608
1599759001629
1599759002643
1599759003658
1599759004669
1599759005680
1599759006697
1599759007708
1599759008725
1599759009736
1599759010748
1599759011764
1599759012776
1599759013793
1599759014804
1599759015814
1599759016831
1599759017841
1599759018852
1599759019864
1599759020876
1599759021888
1599759022904
1599759023917
1599759024928
1599759025937
1599759026948
1599759027957
1599759028972
1599759029985
1599759030996
1599759032012
1599759033028
1599759034044
1599759035054
1599759036068
1599759037082
1599759038100
1599759039105
1599759040112
1599759041124
1599759042136
1599759043152
1599759044164
1599759045183
1599759046190
1599759047202
1599759048214
1599759049222
1599759050233
1599759051252
1599759052266
1599759053282
1599759054296
1599759055313
1599759056330
1599759057349
1599759058362
1599759059372
1599759060387
1599759061397
1599759062407
1599759063416
1599759064432
1599759065448
1599759066464
1599759067478
1599759068487
1599759069499
1599759070506
1599759071528
1599759072540
1599759073556
1599759074572
1599759075581
1599759076591
1599759077603
1599759078619
1599759079635
1599759080646
1599759081654
1599759082671
1599759083686
1599759084698
1599759085709
1599759086722
1599759087730
1599759088740
1599759089758
1599759090775
1599759091784
1599759092793
1599759093807
1599759094822
1599759095832
1599759096848
1599759097864
1599759098881
1599759099891
1599759100905
1599759101917
1599759102935
1599759103948
1599759104959
1599759105972
1599759106984
1599759107999
1599759109006
1599759110016
1599759111026
1599759112037
1599759113053
1599759114068
1599759115081
1599759116094
1599759117108
1599759118121
1599759119136
1599759120143
1599759121156
1599759122169
1599759123182
1599759124189
1599759125201
1599759126211
1599759127228
1599759128240
1599759129248
1599759130260
1599759131276
1599759132287
1599759133298
1599759134305
1599759135314
1599759136324
1599759137340
1599759138352
1599759139364
1599759140374
1599759141382
1599759142397
1599759143420
1599759144430
1599759145440
1599759146454
1599759147464
1599759148476
1599759149487
1599759150496
1599759151508
1599759152525
1599759153541
1599759154561
1599759155568
1599759156577
1599759157588
1599759158601
1599759159616
1599759160634
1599759161648
1599759162661
1599759163676
1599759164688
1599759165703
1599759166714
1599759167727
1599759168739
1599759169749
1599759170762
1599759171777
1599759172789
1599759173802
1599759174820
1599759175830
1599759176841
1599759177856
1599759178872
1599759179889
1599759180904
1599759181920
1599759182936
1599759183950
1599759184963
1599759185976
1599759186988
1599759187997
1599759189008
1599759190021
1599759191033
1599759192049
1599759193062
1599759194083
1599759195095
1599759196100
1599759197113
1599759198126
1599759199137
1599759200146
1599759201156
1599759202165
1599759203180
1599759204189
1599759205200
1599759206214
1599759207228
1599759208241
1599759209252
1599759210270
1599759211281
1599759212292
1599759213301
1599759214319
1599759215329
1599759216344
1599759217352
1599759218359
1599759219368
1599759220380
1599759221395
1599759222408
1599759223420
1599759224432
1599759225440
1599759226457
1599759227465
1599759228485
1599759229504
1599759230528
1599759231545
1599759232561
1599759233578
1599759234589
1599759235605
1599759236618
1599759237625
1599759238637
1599759239658
1599759240687
1599759241704
1599759242719
1599759243727
1599759244737
1599759245747
1599759246760
1599759247771
1599759248782
1599759249793
1599759250804
1599759251813
1599759252825
1599759253834
1599759254845
1599759255856
1599759256869
1599759257885
1599759258898
1599759259924
1599759260941
1599759261952
1599759262959
1599759263972
1599759264987
1599759266002
1599759267014
1599759268029
1599759269041
1599759270057
1599759271069
1599759272080
1599759273092
1599759274109
1599759275122
1599759276137
1599759277152
1599759278165
1599759279175
1599759280189
1599759281202
1599759282214
1599759283228
1599759284238
1599759285249
1599759286261
1599759287270
1599759288284
1599759289294
1599759290304
1599759291314
1599759292323
1599759293337
1599759294348
1599759295359
1599759296375
1599759297387
1599759298398
1599759299409
1599759300421
1599759301430
1599759302446
1599759303459
1599759304468
1599759305484
1599759306492
1599759307504
1599759308517
1599759309529
1599759310540
1599759311551
1599759312560
1599759313570
1599759314589
1599759315609
1599759316626
1599759317638
1599759318653
1599759319662
1599759320676
1599759321685
1599759322694
1599759323699
1599759324709
1599759325719
1599759326725
1599759327734
1599759328746
1599759329759
1599759330772
1599759331784
1599759332789
1599759333802
1599759334816
1599759335832
1599759336844
1599759337857
1599759338868
1599759339881
1599759340894
1599759341908
1599759342919
1599759343929
1599759344938
1599759345956
1599759346972
1599759347987
1599759348994
1599759350006
1599759351016
1599759352028
1599759353041
1599759354063
1599759355068
1599759356076
1599759357093
1599759358108
1599759359122
1599759360136
1599759361148
1599759362160
1599759363172
1599759364189
1599759365198
1599759366210
1599759367221
1599759368241
1599759369251
1599759370266
1599759371281
1599759372294
1599759373309
1599759374318
1599759375335
1599759376345
1599759377357
1599759378367
1599759379382
1599759380392
1599759381401
1599759382413
1599759383425
1599759384433
1599759385444
1599759386456
1599759387469
1599759388485
1599759389492
1599759390505
1599759391514
1599759392530
1599759393538
1599759394549
1599759395558
1599759396568
1599759397584
1599759398602
1599759399620
1599759400636
1599759401652
1599759402669
1599759403680
1599759404692
1599759405707
1599759406716
1599759407726
1599759408734
1599759409742
1599759410751
1599759411761
1599759412772
1599759413785
1599759414793
1599759415804
1599759416814
1599759417825
1599759418839
1599759419848
1599759420859
1599759421866
1599759422878
1599759423893
1599759424903
1599759425913
1599759426919
1599759427937
1599759428945
1599759429956
1599759430972
1599759431984
1599759433001
1599759434015
1599759435029
1599759436045
1599759437061
1599759438076
1599759439094
1599759440109
1599759441126
1599759442141
1599759443153
1599759444165
1599759445180
1599759446194
1599759447204
1599759448217
1599759449229
1599759450238
1599759451246
1599759452254
1599759453262
1599759454271
1599759455280
1599759456289
1599759457302
1599759458320
1599759459329
1599759460339
1599759461352
1599759462365
1599759463377
1599759464383
1599759465389
1599759466395
1599759467409
1599759468425
1599759469436
1599759470452
1599759471464
1599759472479
1599759473486
1599759474497
1599759475512
1599759476520
1599759477533
1599759478541
1599759479552
1599759480564
1599759481572
1599759482585
1599759483598
1599759484605
1599759485617
1599759486630
1599759487642
1599759488660
1599759489675
1599759490684
1599759491705
1599759492720
1599759493732
1599759494740
1599759495756
1599759496771
1599759497788
1599759498802
1599759499813
1599759500825
1599759501849
1599759502862
1599759503872
1599759504883
1599759505895
1599759506907
1599759507919
1599759508935
1599759509946
1599759510956
1599759511962
1599759512973
1599759513981
1599759514990
1599759516004
1599759517020
1599759518028
1599759519038
1599759520048
1599759521057
1599759522069
1599759523078
1599759524097
1599759525112
1599759526125
1599759527137
1599759528148
1599759529161
1599759530184
1599759531202
1599759532210
1599759533217
1599759534229
1599759535242
1599759536254
1599759537280
1599759538293
1599759539307
1599759540321
1599759541330
1599759542341
1599759543350
1599759544357
1599759545368
1599759546385
1599759547397
1599759548417
1599759549428
1599759550446
1599759551460
1599759552472
1599759553488
1599759554504
1599759555520
1599759556533
1599759557543
1599759558552
1599759559565
1599759560578
1599759561592
1599759562611
1599759563625
1599759564635
1599759565644
1599759566650
1599759567657
1599759568667
1599759569681
1599759570696
1599759571704
1599759572716
1599759573729
1599759574738
1599759575748
1599759576758
1599759577769
1599759578776
1599759579788
1599759580796
1599759581805
1599759582821
1599759583833
1599759584845
1599759585857
1599759586870
1599759587885
1599759588897
1599759589908
1599759590920
1599759591934
1599759592944
1599759593956
1599759594972
1599759595976
1599759596986
1599759597993
1599759599008
1599759600023
1599759601040
1599759602053
1599759603066
1599759604074
1599759605085
1599759606097
1599759607108
1599759608124
1599759609130
1599759610140
1599759611150
1599759612164
1599759613179
1599759614189
1599759615199
1599759616206
1599759617220
1599759618229
1599759619242
1599759620252
1599759621265
1599759622279
1599759623289
1599759624302
1599759625308
1599759626321
1599759627333
1599759628345
1599759629357
1599759630372
1599759631385
1599759632400
1599759633408
1599759634425
1599759635439
1599759636448
1599759637463
1599759638475
1599759639487
1599759640502
1599759641520
1599759642539
1599759643557
1599759644569
1599759645582
1599759646596
1599759647610
1599759648621
1599759649632
1599759650643
1599759651653
1599759652669
1599759653680
1599759654689
1599759655704
1599759656717
1599759657729
1599759658745
1599759659753
1599759660761
1599759661769
1599759662785
1599759663797
1599759664809
1599759665820
1599759666835
1599759667844
1599759668852
1599759669859
1599759670872
1599759671893
1599759672903
1599759673930
1599759674945
1599759675960
1599759676972
1599759677985
1599759679001
1599759680018
1599759681030
1599759682040
1599759683053
1599759684068
1599759685076
1599759686089
1599759687100
1599759688112
1599759689127
1599759690138
1599759691152
1599759692168
1599759693186
1599759694203
1599759695217
1599759696229
1599759697238
1599759698248
1599759699261
1599759700272
1599759701288
1599759702301
1599759703313
1599759704321
1599759705336
1599759706354
1599759707365
1599759708381
1599759709400
1599759710420
1599759711440
1599759712460
1599759713483
1599759714500
1599759715514
1599759716528
1599759717534
1599759718545
1599759719557
1599759720572
1599759721589
1599759722619
1599759723632
1599759724649
1599759725658
1599759726668
1599759727686
1599759728700
1599759729717
1599759730724
1599759731736
1599759732749
1599759733761
1599759734773
1599759735784
1599759736804
1599759737820
1599759738833
1599759739846
1599759740855
1599759741875
1599759742887
1599759743898
1599759744905
1599759745921
1599759746934
1599759747947
1599759748959
1599759749977
1599759750993
1599759752008
1599759753021
1599759754031
1599759755044
1599759756056
1599759757071
1599759758087
1599759759098
1599759760108
1599759761118
1599759762129
1599759763136
1599759764144
1599759765158
1599759766172
1599759767184
1599759768209
1599759769218
1599759770228
1599759771241
1599759772263
1599759773275
1599759774292
1599759775301
1599759776319
1599759777337
1599759778350
1599759779364
1599759780372
1599759781384
1599759782396
1599759783414
1599759784424
1599759785437
1599759786449
1599759787466
1599759788482
1599759789493
1599759790505
1599759791516
1599759792529
1599759793541
1599759794552
1599759795567
1599759796581
1599759797592
1599759798604
1599759799628
1599759800647
1599759801664
1599759802672
1599759803685
1599759804704
1599759805724
1599759806754
1599759807767
1599759808774
1599759809792
1599759810814
1599759811824
1599759812840
1599759813851
1599759814861
1599759815870
1599759816892
1599759817901
1599759818913
1599759819922
1599759820930
1599759821937
1599759822946
1599759823956
1599759824969
1599759825978
1599759826990
1599759828000
1599759829012
1599759830024
1599759831032
1599759832041
1599759833052
1599759834065
1599759835072
1599759836080
1599759837091
1599759838105
1599759839116
1599759840132
1599759841141
1599759842156
1599759843169
1599759844184
1599759845196
1599759846211
1599759847225
1599759848240
1599759849248
1599759850257
1599759851268
1599759852281
1599759853290
1599759854304
1599759855315
1599759856324
1599759857332
1599759858342
1599759859352
1599759860363
1599759861374
1599759862385
1599759863395
1599759864414
1599759865424
1599759866432
1599759867441
1599759868450
1599759869460
1599759870473
1599759871481
1599759872493
1599759873508
1599759874528
1599759875538
1599759876548
1599759877556
1599759878569
1599759879582
1599759880597
1599759881610
1599759882621
1599759883630
1599759884638
1599759885650
1599759886658
1599759887665
1599759888685
1599759889694
1599759890708
1599759891729
1599759892745
1599759893760
1599759894769
1599759895784
1599759896800
1599759897812
1599759898825
1599759899836
1599759900851
1599759901864
1599759902877
1599759903886
1599759904896
1599759905908
1599759906921
1599759907937
1599759908946
1599759909953
1599759910963
1599759911970
1599759912977
1599759913987
1599759914997
1599759916008
1599759917019
1599759918037
1599759919046
1599759920054
1599759921065
1599759922077
1599759923095
1599759924112
1599759925126
1599759926137
1599759927149
1599759928167
1599759929180
1599759930194
1599759931205
1599759932221
1599759933230
1599759934245
1599759935260
1599759936274
1599759937289
1599759938301
1599759939318
1599759940326
1599759941340
1599759942352
1599759943367
1599759944373
1599759945392
1599759946402
1599759947413
1599759948422
1599759949432
1599759950441
1599759951449
1599759952458
1599759953471
1599759954480
1599759955488
1599759956504
1599759957513
1599759958523
1599759959530
1599759960541
1599759961553
1599759962561
1599759963573
1599759964581
1599759965596
1599759966615
1599759967622
1599759968636
1599759969651
1599759970665
1599759971684
1599759972697
1599759973707
1599759974714
1599759975725
1599759976733
1599759977748
1599759978754
1599759979766
1599759980782
1599759981792
1599759982801
1599759983810
1599759984822
1599759985832
1599759986840
1599759987861
1599759988873
1599759989891
1599759990904
1599759991916
1599759992928
1599759993939
1599759994952
1599759995967
1599759996978
1599759997990
1599759999004
1599760000013
1599760001021
1599760002031
1599760003038
1599760004070
1599760005081
1599760006093
1599760007104
1599760008113
1599760009125
1599760010133
1599760011140
1599760012153
1599760013165
1599760014171
1599760015180
1599760016190
1599760017197
1599760018209
1599760019223
1599760020230
1599760021240
1599760022257
1599760023299
1599760024317
1599760025337
1599760026354
1599760027376
1599760028396
1599760029417
1599760030425
1599760031440
1599760032457
1599760033469
1599760034481
1599760035494
1599760036509
1599760037521
1599760038529
1599760039541
1599760040557
1599760041585
1599760042602
1599760043612
1599760044620
1599760045629
1599760046640
1599760047649
1599760048660
1599760049672
1599760050684
1599760051696
1599760052707
1599760053721
1599760054733
1599760055748
1599760056764
1599760057777
1599760058788
1599760059805
1599760060821
1599760061837
1599760062849
1599760063860
1599760064876
1599760065892
1599760066908
1599760067941
1599760068952
1599760069967
1599760070981
1599760071991
1599760073011
1599760074020
1599760075034
1599760076049
1599760077059
1599760078079
1599760079092
1599760080109
1599760081122
1599760082146
1599760083157
1599760084180
1599760085202
1599760086220
1599760087241
1599760088260
1599760089278
1599760090301
1599760091313
1599760092324
1599760093339
1599760094346
1599760095355
1599760096364
1599760097373
1599760098385
1599760099397
1599760100406
1599760101420
1599760102434
1599760103444
1599760104457
1599760105469
1599760106480
1599760107487
1599760108501
1599760109513
1599760110524
1599760111536
1599760112546
1599760113557
1599760114569
1599760115581
1599760116592
1599760117604
1599760118615
1599760119629
1599760120637
1599760121649
1599760122661
1599760123673
1599760124684
1599760125690
1599760126700
1599760127716
1599760128730
1599760129744
1599760130755
1599760131766
1599760132773
1599760133785
1599760134797
1599760135813
1599760136828
1599760137838
1599760138847
1599760139855
1599760140864
1599760141873
1599760142881
1599760143890
1599760144900
1599760145909
1599760146921
1599760147930
1599760148939
1599760149952
1599760150958
1599760151969
1599760152986
1599760153995
1599760155002
1599760156011
1599760157018
1599760158029
1599760159038
1599760160054
1599760161068
1599760162086
1599760163094
1599760164105
1599760165116
1599760166125
1599760167140
1599760168148
1599760169158
1599760170165
1599760171180
1599760172193
1599760173204
1599760174220
1599760175232
1599760176240
1599760177252
1599760178259
1599760179266
1599760180277
1599760181292
1599760182313
1599760183324
1599760184338
1599760185352
1599760186365
1599760187378
1599760188392
1599760189403
1599760190420
1599760191429
1599760192439
1599760193449
1599760194458
1599760195471
1599760196481
1599760197494
1599760198512
1599760199526
1599760200540
1599760201548
1599760202565
1599760203580
1599760204593
1599760205608
1599760206617
1599760207627
1599760208641
1599760209652
1599760210670
1599760211681
1599760212688
1599760213710
1599760214719
1599760215732
1599760216751
1599760217764
1599760218773
1599760219785
1599760220794
1599760221807
1599760222813
1599760223827
1599760224836
1599760225856
1599760226863
1599760227886
1599760228898
1599760229909
1599760230927
1599760231938
1599760232945
1599760233961
1599760234972
1599760235986
1599760237000
1599760238015
1599760239028
1599760240044
1599760241055
1599760242065
1599760243076
1599760244089
1599760245102
1599760246117
1599760247131
1599760248148
1599760249156
1599760250164
1599760251181
1599760252196
1599760253209
1599760254225
1599760255236
1599760256248
1599760257265
1599760258289
1599760259304
1599760260332
1599760261348
1599760262359
1599760263378
1599760264394
1599760265407
1599760266427
1599760267437
1599760268446
1599760269466
1599760270475
1599760271491
1599760272503
1599760273517
1599760274533
1599760275552
1599760276568
1599760277584
1599760278603
1599760279615
1599760280624
1599760281632
1599760282671
1599760283682
1599760284696
1599760285721
1599760286733
1599760287745
1599760288762
1599760289781
1599760290795
1599760291804
1599760292816
1599760293830
1599760294849
1599760295872
1599760296891
1599760297901
1599760298922
1599760299941
1599760300956
1599760301973
1599760302993
1599760304008
1599760305026
1599760306038
1599760307053
1599760308069
1599760309081
1599760310097
1599760311115
1599760312134
1599760313154
1599760314168
1599760315186
1599760316203
1599760317223
1599760318234
1599760319253
1599760320269
1599760321282
1599760322296
1599760323311
1599760324321
1599760325330
1599760326339
1599760327348
1599760328355
1599760329368
1599760330374
1599760331389
1599760332406
1599760333416
1599760334433
1599760335448
1599760336460
1599760337470
1599760338493
1599760339505
1599760340525
1599760341540
1599760342555
1599760343570
1599760344578
1599760345605
1599760346621
1599760347634
1599760348645
1599760349653
1599760350668
1599760351692
1599760352712
1599760353723
1599760354739
1599760355751
1599760356762
1599760357780
1599760358787
1599760359805
1599760360820
1599760361839
1599760362850
1599760363860
1599760364879
1599760365898
1599760366912
1599760367928
1599760368945
1599760369967
1599760370980
1599760371993
1599760373016
1599760374035
1599760375048
1599760376061
1599760377072
1599760378085
1599760379106
1599760380121
1599760381146
1599760382164
1599760383180
1599760384196
1599760385215
1599760386230
1599760387244
1599760388254
1599760389271
1599760390294
1599760391302
1599760392314
1599760393324
1599760394340
1599760395354
1599760396372
1599760397394
1599760398405
1599760399421
1599760400444
1599760401480
1599760402492
1599760403504
1599760404516
1599760405532
1599760406546
1599760407556
1599760408579
1599760409593
1599760410602
1599760411623
1599760412639
1599760413653
1599760414672
1599760415690
1599760416711
1599760417721
1599760418730
1599760419750
1599760420768
1599760421782
1599760422796
1599760423817
1599760424831
1599760425847
1599760426861
1599760427882
1599760428902
1599760429918
1599760430942
1599760431963
1599760432972
1599760433993
1599760435013
1599760436023
1599760437037
1599760438050
1599760439072
1599760440084
1599760441100
1599760442113
1599760443128
1599760444144
1599760445161
1599760446173
1599760447193
1599760448208
1599760449218
1599760450231
1599760451242
1599760452262
1599760453273
1599760454286
1599760455301
1599760456317
1599760457328
1599760458344
1599760459356
1599760460371
1599760461392
1599760462412
1599760463434
1599760464453
1599760465464
1599760466481
1599760467492
1599760468512
1599760469534
1599760470555
1599760471573
1599760472587
1599760473598
1599760474609
1599760475625
1599760476637
1599760477644
1599760478660
1599760479677
1599760480692
1599760481706
1599760482721
1599760483732
1599760484746
1599760485764
1599760486775
1599760487789
1599760488805
1599760489822
1599760490838
1599760491862
1599760492873
1599760493884
1599760494897
1599760495911
1599760496924
1599760497941
1599760498961
1599760499979
1599760501002
1599760502023
1599760503035
1599760504052
1599760505072
1599760506117
1599760507155
1599760508178
1599760509198
1599760510210
1599760511228
1599760512247
1599760513258
1599760514268
1599760515283
1599760516296
1599760517305
1599760518315
1599760519325
1599760520340
1599760521353
1599760522366
1599760523379
1599760524389
1599760525399
1599760526407
1599760527421
1599760528431
1599760529441
1599760530453
1599760531467
1599760532477
1599760533486
1599760534501
1599760535510
1599760536519
1599760537531
1599760538543
1599760539552
1599760540560
1599760541572
1599760542584
1599760543593
1599760544605
1599760545619
1599760546629
1599760547636
1599760548646
1599760549663
1599760550673
1599760551685
1599760552697
1599760553705
1599760554717
1599760555724
1599760556734
1599760557746
1599760558756
1599760559768
1599760560774
1599760561788
1599760562800
1599760563810
1599760564817
1599760565833
1599760566841
1599760567849
1599760568863
1599760569873
1599760570893
1599760571919
1599760572926
1599760573944
1599760574951
1599760575964
1599760576981
1599760577989
1599760579008
1599760580017
1599760581027
1599760582038
1599760583047
1599760584058
1599760585064
1599760586077
1599760587096
1599760588130
1599760589146
1599760590160
1599760591175
1599760592184
1599760593193
1599760594204
1599760595220
1599760596236
1599760597252
1599760598268
1599760599283
1599760600292
1599760601301
1599760602311
1599760603320
1599760604333
1599760605344
1599760606356
1599760607364
1599760608379
1599760609392
1599760610398
1599760611410
1599760612420
1599760613429
1599760614446
1599760615457
1599760616469
1599760617482
1599760618493
1599760619502
1599760620513
1599760621526
1599760622538
1599760623549
1599760624562
1599760625572
1599760626599
1599760627610
1599760628620
1599760629634
1599760630643
1599760631656
1599760632665
1599760633675
1599760634698
1599760635708
1599760636720
1599760637732
1599760638740
1599760639749
1599760640757
1599760641768
1599760642776
1599760643790
1599760644805
1599760645817
1599760646828
1599760647842
1599760648852
1599760649864
1599760650874
1599760651882
1599760652890
1599760653904
1599760654914
1599760655920
1599760656930
1599760657941
1599760658953
1599760659967
1599760660977
1599760661984
1599760662993
1599760664016
1599760665031
1599760666044
1599760667054
1599760668068
1599760669079
1599760670087
1599760671100
1599760672108
1599760673124
1599760674136
1599760675148
1599760676157
1599760677165
1599760678172
1599760679184
1599760680197
1599760681212
1599760682230
1599760683241
1599760684249
1599760685260
1599760686276
1599760687290
1599760688300
1599760689311
1599760690321
1599760691334
1599760692345
1599760693360
1599760694371
1599760695383
1599760696398
1599760697406
1599760698416
1599760699431
1599760700449
1599760701458
1599760702467
1599760703477
1599760704490
1599760705502
1599760706512
1599760707523
1599760708532
1599760709541
1599760710553
1599760711559
1599760712582
1599760713593
1599760714599
1599760715611
1599760716621
1599760717632
1599760718641
1599760719652
1599760720664
1599760721674
1599760722688
1599760723705
1599760724712
1599760725722
1599760726730
1599760727740
1599760728749
1599760729758
1599760730769
1599760731777
1599760732786
1599760733797
1599760734818
1599760735827
1599760736836
1599760737849
1599760738859
1599760739875
1599760740891
1599760741914
1599760742929
1599760743946
1599760744959
1599760745974
1599760746994
1599760748005
1599760749018
1599760750035
1599760751049
1599760752064
1599760753074
1599760754084
1599760755097
1599760756107
1599760757112
1599760758124
1599760759140
1599760760157
1599760761169
1599760762181
1599760763189
1599760764200
1599760765213
1599760766229
1599760767238
1599760768249
1599760769262
1599760770272
1599760771281
1599760772289
1599760773300
1599760774310
1599760775319
1599760776336
1599760777345
1599760778360
1599760779373
1599760780382
1599760781393
1599760782408
1599760783420
1599760784432
1599760785453
1599760786468
1599760787481
1599760788494
1599760789501
1599760790513
1599760791528
1599760792540
1599760793557
1599760794568
1599760795581
1599760796592
1599760797605
1599760798616
1599760799629
1599760800641
1599760801653
1599760802665
1599760803677
1599760804689
1599760805699
1599760806708
1599760807720
1599760808729
1599760809741
1599760810756
1599760811768
1599760812794
1599760813804
1599760814816
1599760815823
1599760816836
1599760817854
1599760818865
1599760819874
1599760820884
1599760821894
1599760822904
1599760823914
1599760824927
1599760825943
1599760826953
1599760827964
1599760828972
1599760829978
1599760830989
1599760832002
1599760833012
1599760834019
1599760835033
1599760836042
1599760837050
1599760838059
1599760839070
1599760840078
1599760841095
1599760842106
1599760843114
1599760844131
1599760845141
1599760846157
1599760847168
1599760848181
1599760849203
1599760850219
1599760851229
1599760852248
1599760853258
1599760854264
1599760855276
1599760856288
1599760857300
1599760858308
1599760859320
1599760860332
1599760861344
1599760862358
1599760863368
1599760864376
1599760865385
1599760866397
1599760867409
1599760868417
1599760869431
1599760870442
1599760871454
1599760872466
1599760873476
1599760874489
1599760875500
1599760876510
1599760877524
1599760878536
1599760879551
1599760880560
1599760881568
1599760882581
1599760883592
1599760884598
1599760885611
1599760886620
1599760887627
1599760888636
1599760889647
1599760890667
1599760891672
1599760892692
1599760893709
1599760894727
1599760895741
1599760896756
1599760897768
1599760898787
1599760899801
1599760900807
1599760901813
1599760902825
1599760903837
1599760904848
1599760905853
1599760906861
1599760907873
1599760908889
1599760909897
1599760910913
1599760911925
1599760912935
1599760913945
1599760914960
1599760915980
1599760916989
1599760917998
1599760919010
1599760920017
1599760921032
1599760922044
1599760923059
1599760924066
1599760925076
1599760926084
1599760927098
1599760928108
1599760929128
1599760930140
1599760931158
1599760932168
1599760933181
1599760934191
1599760935197
1599760936208
1599760937215
1599760938224
1599760939236
1599760940250
1599760941259
1599760942269
1599760943281
1599760944289
1599760945302
1599760946309
1599760947322
1599760948332
1599760949345
1599760950356
1599760951369
1599760952378
1599760953391
1599760954407
1599760955421
1599760956433
1599760957441
1599760958466
1599760959475
1599760960501
1599760961528
1599760962545
1599760963557
1599760964570
1599760965581
1599760966597
1599760967608
1599760968625
1599760969640
1599760970653
1599760971665
1599760972676
1599760973688
1599760974704
1599760975720
1599760976730
1599760977745
1599760978758
1599760979782
1599760980796
1599760981803
1599760982817
1599760983828
1599760984836
1599760985848
1599760986858
1599760987868
1599760988880
1599760989892
1599760990905
1599760991915
1599760992927
1599760993936
1599760994944
1599760995962
1599760996978
1599760997988
1599760998996
1599761000011
1599761001016
1599761002028
1599761003041
1599761004056
1599761005070
1599761006079
1599761007085
1599761008102
1599761009116
1599761010128
1599761011144
1599761012161
1599761013175
1599761014182
1599761015194
1599761016204
1599761017214
1599761018224
1599761019237
1599761020245
1599761021254
1599761022265
1599761023283
1599761024292
1599761025303
1599761026313
1599761027326
1599761028339
1599761029352
1599761030371
1599761031384
1599761032400
1599761033414
1599761034423
1599761035431
1599761036442
1599761037455
1599761038469
1599761039491
1599761040508
1599761041520
1599761042530
1599761043545
1599761044560
1599761045574
1599761046585
1599761047596
1599761048606
1599761049614
1599761050622
1599761051630
1599761052639
1599761053649
1599761054657
1599761055665
1599761056676
1599761057688
1599761058698
1599761059708
1599761060717
1599761061729
1599761062746
1599761063758
1599761064766
1599761065776
1599761066783
1599761067788
1599761068794
1599761069806
1599761070813
1599761071824
1599761072837
1599761073848
1599761074881
1599761075893
1599761076918
1599761077929
1599761078942
1599761079953
1599761080964
1599761081975
1599761082993
1599761084003
1599761085013
1599761086028
1599761087040
1599761088050
1599761089068
1599761090090
1599761091104
1599761092120
1599761093133
1599761094142
1599761095154
1599761096167
1599761097174
1599761098187
1599761099199
1599761100217
1599761101232
1599761102245
1599761103254
1599761104268
1599761105280
1599761106288
1599761107313
1599761108334
1599761109344
1599761110354
1599761111363
1599761112370
1599761113382
1599761114393
1599761115405
1599761116419
1599761117428
1599761118443
1599761119458
1599761120468
1599761121487
1599761122507
1599761123520
1599761124536
1599761125555
1599761126569
1599761127585
1599761128594
1599761129606
1599761130618
1599761131626
1599761132634
1599761133641
1599761134649
1599761135661
1599761136673
1599761137681
1599761138692
1599761139705
1599761140716
1599761141727
1599761142740
1599761143748
1599761144757
1599761145767
1599761146775
1599761147788
1599761148799
1599761149808
1599761150821
1599761151832
1599761152838
1599761153850
1599761154857
1599761155868
1599761156877
1599761157884
1599761158895
1599761159902
1599761160926
1599761161934
1599761162943
1599761163956
1599761164975
1599761165992
1599761167008
1599761168025
1599761169041
1599761170062
1599761171078
1599761172088
1599761173103
1599761174117
1599761175130
1599761176144
1599761177167
1599761178188
1599761179200
1599761180213
1599761181226
1599761182246
1599761183259
1599761184268
1599761185278
1599761186285
1599761187292
1599761188301
1599761189316
1599761190329
1599761191339
1599761192353
1599761193369
1599761194387
1599761195397
1599761196409
1599761197417
1599761198429
1599761199437
1599761200448
1599761201457
1599761202464
1599761203477
1599761204489
1599761205501
1599761206518
1599761207530
1599761208542
1599761209550
1599761210559
1599761211571
1599761212586
1599761213596
1599761214609
1599761215620
1599761216637
1599761217652
1599761218666
1599761219677
1599761220690
1599761221708
1599761222728
1599761223743
1599761224757
1599761225767
1599761226774
1599761227788
1599761228806
1599761229816
1599761230830
1599761231841
1599761232856
1599761233872
1599761234881
1599761235897
1599761236912
1599761237928
1599761238941
1599761239952
1599761240968
1599761241981
1599761242997
1599761244008
1599761245017
1599761246027
1599761247037
1599761248052
1599761249064
1599761250080
1599761251094
1599761252102
1599761253108
1599761254121
1599761255135
1599761256148
1599761257166
1599761258177
1599761259198
1599761260205
1599761261223
1599761262232
1599761263243
1599761264259
1599761265269
1599761266282
1599761267289
1599761268294
1599761269308
1599761270325
1599761271336
1599761272343
1599761273354
1599761274365
1599761275379
1599761276386
1599761277400
1599761278412
1599761279422
1599761280430
1599761281437
1599761282449
1599761283468
1599761284478
1599761285492
1599761286503
1599761287532
1599761288546
1599761289556
1599761290562
1599761291571
1599761292582
1599761293592
1599761294604
1599761295612
1599761296628
1599761297638
1599761298649
1599761299660
1599761300672
1599761301685
1599761302700
1599761303711
1599761304729
1599761305745
1599761306761
1599761307771
1599761308785
1599761309796
1599761310808
1599761311826
1599761312833
1599761313853
1599761314868
1599761315875
1599761316887
1599761317901
1599761318913
1599761319929
1599761320941
1599761321956
1599761322972
1599761323985
1599761324999
1599761326020
1599761327033
1599761328045
1599761329054
1599761330063
1599761331074
1599761332083
1599761333094
1599761334101
1599761335108
1599761336121
1599761337129
1599761338141
1599761339156
1599761340169
1599761341181
1599761342200
1599761343214
1599761344228
1599761345243
1599761346255
1599761347268
1599761348284
1599761349297
1599761350310
1599761351324
1599761352335
1599761353349
1599761354368
1599761355381
1599761356389
1599761357402
1599761358409
1599761359420
1599761360428
1599761361441
1599761362452
1599761363461
1599761364469
1599761365480
1599761366492
1599761367501
1599761368517
1599761369529
1599761370545
1599761371556
1599761372568
1599761373584
1599761374597
1599761375609
1599761376621
1599761377632
1599761378644
1599761379652
1599761380664
1599761381674
1599761382691
1599761383704
1599761384719
1599761385729
1599761386745
1599761387765
1599761388776
1599761389791
1599761390801
1599761391816
1599761392833
1599761393844
1599761394859
1599761395877
1599761396886
1599761397900
1599761398934
1599761399952
1599761400963
1599761401977
1599761402988
1599761404004
1599761405020
1599761406030
1599761407040
1599761408051
1599761409065
1599761410077
1599761411093
1599761412105
1599761413121
1599761414141
1599761415155
1599761416164
1599761417174
1599761418185
1599761419197
1599761420213
1599761421231
1599761422245
1599761423261
1599761424270
1599761425282
1599761426291
1599761427299
1599761428312
1599761429318
1599761430326
1599761431337
1599761432344
1599761433356
1599761434370
1599761435376
1599761436384
1599761437394
1599761438405
1599761439423
1599761440438
1599761441453
1599761442480
1599761443490
1599761444497
1599761445508
1599761446527
1599761447537
1599761448551
1599761449560
1599761450571
1599761451580
1599761452595
1599761453611
1599761454618
1599761455631
1599761456637
1599761457657
1599761458664
1599761459673
1599761460687
1599761461699
1599761462712
1599761463729
1599761464740
1599761465750
1599761466764
1599761467776
1599761468784
1599761469792
1599761470804
1599761471816
1599761472829
1599761473845
1599761474856
1599761475869
1599761476881
1599761477898
1599761478909
1599761479924
1599761480941
1599761481953
1599761482964
1599761483973
1599761484988
1599761485999
1599761487010
1599761488025
1599761489034
1599761490041
1599761491050
1599761492060
1599761493072
1599761494089
1599761495104
1599761496117
1599761497125
1599761498135
1599761499145
1599761500160
1599761501171
1599761502181
1599761503189
1599761504205
1599761505214
1599761506224
1599761507234
1599761508250
1599761509260
1599761510270
1599761511287
1599761512299
1599761513307
1599761514317
1599761515326
1599761516336
1599761517345
1599761518354
1599761519363
1599761520374
1599761521392
1599761522406
1599761523421
1599761524441
1599761525452
1599761526461
1599761527481
1599761528490
1599761529500
1599761530514
1599761531522
1599761532530
1599761533537
1599761534544
1599761535551
1599761536564
1599761537574
1599761538585
1599761539599
1599761540609
1599761541625
1599761542637
1599761543654
1599761544671
1599761545684
1599761546696
1599761547712
1599761548727
1599761549740
1599761550750
1599761551764
1599761552782
1599761553797
1599761554813
1599761555829
1599761556837
1599761557849
1599761558864
1599761559872
1599761560883
1599761561896
1599761562905
1599761563914
1599761564924
1599761565933
1599761566944
1599761567952
1599761568962
1599761569979
1599761570985
1599761571998
1599761573006
1599761574030
1599761575040
1599761576052
1599761577062
1599761578076
1599761579088
1599761580106
1599761581117
1599761582133
1599761583141
1599761584149
1599761585165
1599761586174
1599761587199
1599761588214
1599761589226
1599761590238
1599761591255
1599761592266
1599761593282
1599761594293
1599761595302
1599761596309
1599761597318
1599761598327
1599761599343
1599761600353
1599761601368
1599761602382
1599761603394
1599761604402
1599761605416
1599761606428
1599761607434
1599761608449
1599761609461
1599761610474
1599761611484
1599761612501
1599761613521
1599761614531
1599761615541
1599761616555
1599761617566
1599761618577
1599761619588
1599761620596
1599761621605
1599761622626
1599761623633
1599761624651
1599761625665
1599761626674
1599761627682
1599761628694
1599761629703
1599761630713
1599761631722
1599761632732
1599761633745
1599761634754
1599761635768
1599761636775
1599761637784
1599761638790
1599761639801
1599761640813
1599761641823
1599761642837
1599761643852
1599761644863
1599761645870
1599761646880
1599761647893
1599761648909
1599761649924
1599761650935
1599761651947
1599761652957
1599761653969
1599761654978
1599761655988
1599761657001
1599761658026
1599761659039
1599761660055
1599761661064
1599761662074
1599761663081
1599761664098
1599761665108
1599761666121
1599761667137
1599761668147
1599761669162
1599761670171
1599761671188
1599761672200
1599761673212
1599761674224
1599761675237
1599761676253
1599761677264
1599761678280
1599761679292
1599761680305
1599761681321
1599761682337
1599761683355
1599761684364
1599761685381
1599761686404
1599761687416
1599761688434
1599761689444
1599761690466
1599761691486
1599761692500
1599761693513
1599761694527
1599761695545
1599761696567
1599761697588
1599761698608
1599761699625
1599761700638
1599761701653
1599761702668
1599761703677
1599761704705
1599761705720
1599761706733
1599761707749
1599761708764
1599761709782
1599761710801
1599761711816
1599761712833
1599761713846
1599761714861
1599761715880
1599761716900
1599761717921
1599761718941
1599761719951
1599761720961
1599761721981
1599761722996
1599761724011
1599761725024
1599761726043
1599761727056
1599761728068
1599761729079
1599761730092
1599761731108
1599761732120
1599761733136
1599761734157
1599761735172
1599761736186
1599761737208
1599761738223
1599761739232
1599761740248
1599761741257
1599761742273
1599761743290
1599761744305
1599761745317
1599761746331
1599761747346
1599761748360
1599761749375
1599761750398
1599761751408
1599761752426
1599761753446
1599761754465
1599761755482
1599761756493
1599761757533
1599761758547
1599761759565
1599761760587
1599761761601
1599761762617
1599761763628
1599761764642
1599761765656
1599761766673
1599761767686
1599761768716
1599761769725
1599761770736
1599761771746
1599761772767
1599761773776
1599761774794
1599761775809
1599761776823
1599761777843
1599761778856
1599761779872
1599761780884
1599761781891
1599761782905
1599761783921
1599761784956
1599761785986
1599761787003
1599761788023
1599761789032
1599761790044
1599761791059
1599761792072
