1599754584948
1599754585970
1599754586981
1599754587995
1599754589017
1599754590029
1599754591044
1599754592057
1599754593070
1599754594083
1599754595091
1599754596105
1599754597115
1599754598127
1599754599139
1599754600149
1599754601162
1599754602177
1599754603189
1599754604205
1599754605218
1599754606233
1599754607249
1599754608260
1599754609277
1599754610285
1599754611292
1599754612304
1599754613312
1599754614321
1599754615335
1599754616350
1599754617365
1599754618371
1599754619382
1599754620389
1599754621405
1599754622421
1599754623435
1599754624444
1599754625454
1599754626470
1599754627479
1599754628487
1599754629499
1599754630522
1599754631533
1599754632545
1599754633553
1599754634563
1599754635574
1599754636590
1599754637597
1599754638614
1599754639628
1599754640641
1599754641655
1599754642667
1599754643677
1599754644689
1599754645701
1599754646717
1599754647726
1599754648742
1599754649757
1599754650762
1599754651773
1599754652781
1599754653787
1599754654796
1599754655807
1599754656817
1599754657832
1599754658841
1599754659853
1599754660861
1599754661873
1599754662881
1599754663890
1599754664909
1599754665926
1599754666938
1599754667949
1599754668961
1599754669970
1599754670983
1599754671999
1599754673008
1599754674027
1599754675040
1599754676056
1599754677071
1599754678081
1599754679100
1599754680119
1599754681130
1599754682147
1599754683157
1599754684165
1599754685192
1599754686210
1599754687228
1599754688238
1599754689263
1599754690276
1599754691286
1599754692296
1599754693311
1599754694324
1599754695333
1599754696343
1599754697353
1599754698365
1599754699378
1599754700391
1599754701400
1599754702413
1599754703424
1599754704434
1599754705452
1599754706462
1599754707481
1599754708489
1599754709501
1599754710515
1599754711525
1599754712537
1599754713553
1599754714569
1599754715585
1599754716597
1599754717606
1599754718616
1599754719631
1599754720642
1599754721660
1599754722678
1599754723693
1599754724702
1599754725711
1599754726727
1599754727737
1599754728750
1599754729766
1599754730781
1599754731794
1599754732804
1599754733815
1599754734826
1599754735835
1599754736847
1599754737858
1599754738875
1599754739893
1599754740901
1599754741917
1599754742931
1599754743941
1599754744953
1599754745973
1599754746986
1599754747999
1599754749016
1599754750029
1599754751049
1599754752060
1599754753078
1599754754095
1599754755105
1599754756119
1599754757128
1599754758148
1599754759164
1599754760175
1599754761193
1599754762209
1599754763222
1599754764230
1599754765236
1599754766245
1599754767259
1599754768275
1599754769285
1599754770296
1599754771320
1599754772334
1599754773356
1599754774379
1599754775399
1599754776426
1599754777433
1599754778443
1599754779455
1599754780463
1599754781472
1599754782483
1599754783491
1599754784508
1599754785519
1599754786534
1599754787547
1599754788556
1599754789567
1599754790578
1599754791588
1599754792605
1599754793617
1599754794628
1599754795641
1599754796653
1599754797668
1599754798678
1599754799690
1599754800702
1599754801711
1599754802730
1599754803742
1599754804756
1599754805768
1599754806779
1599754807786
1599754808795
1599754809806
1599754810818
1599754811827
1599754812837
1599754813853
1599754814870
1599754815885
1599754816901
1599754817918
1599754818946
1599754819954
1599754820965
1599754821975
1599754823009
1599754824024
1599754825036
1599754826065
1599754827076
1599754828089
1599754829100
1599754830110
1599754831120
1599754832130
1599754833140
1599754834154
1599754835163
1599754836173
1599754837185
1599754838198
1599754839210
1599754840226
1599754841235
1599754842254
1599754843266
1599754844278
1599754845291
1599754846303
1599754847323
1599754848337
1599754849349
1599754850359
1599754851373
1599754852382
1599754853390
1599754854416
1599754855430
1599754856441
1599754857452
1599754858464
1599754859470
1599754860484
1599754861497
1599754862509
1599754863522
1599754864532
1599754865543
1599754866553
1599754867565
1599754868581
1599754869592
1599754870600
1599754871608
1599754872617
1599754873636
1599754874641
1599754875651
1599754876665
1599754877683
1599754878694
1599754879714
1599754880723
1599754881734
1599754882743
1599754883753
1599754884765
1599754885772
1599754886787
1599754887802
1599754888815
1599754889824
1599754890831
1599754891845
1599754892855
1599754893866
1599754894882
1599754895895
1599754896905
1599754897917
1599754898925
1599754899942
1599754900961
1599754901973
1599754902982
1599754904000
1599754905012
1599754906023
1599754907038
1599754908052
1599754909065
1599754910074
1599754911085
1599754912094
1599754913102
1599754914115
1599754915124
1599754916132
1599754917143
1599754918152
1599754919164
1599754920187
1599754921207
1599754922227
1599754923245
1599754924257
1599754925276
1599754926286
1599754927305
1599754928318
1599754929334
1599754930343
1599754931354
1599754932369
1599754933383
1599754934397
1599754935421
1599754936430
1599754937448
1599754938461
1599754939478
1599754940489
1599754941508
1599754942518
1599754943531
1599754944545
1599754945552
1599754946564
1599754947575
1599754948589
1599754949597
1599754950606
1599754951617
1599754952630
1599754953648
1599754954658
1599754955668
1599754956678
1599754957691
1599754958705
1599754959711
1599754960723
1599754961736
1599754962746
1599754963759
1599754964778
1599754965789
1599754966796
1599754967812
1599754968823
1599754969831
1599754970839
1599754971850
1599754972862
1599754973875
1599754974895
1599754975906
1599754976928
1599754977936
1599754978949
1599754979956
1599754980968
1599754981975
1599754982984
1599754983997
1599754985006
1599754986016
1599754987024
1599754988034
1599754989049
1599754990058
1599754991069
1599754992081
1599754993091
1599754994106
1599754995117
1599754996129
1599754997142
1599754998154
1599754999165
1599755000180
1599755001189
1599755002203
1599755003217
1599755004229
1599755005238
1599755006248
1599755007267
1599755008281
1599755009291
1599755010302
1599755011313
1599755012320
1599755013327
1599755014340
1599755015352
1599755016360
1599755017377
1599755018384
1599755019397
1599755020413
1599755021429
1599755022445
1599755023457
1599755024473
1599755025487
1599755026505
1599755027524
1599755028536
1599755029543
1599755030560
1599755031578
1599755032589
1599755033605
1599755034623
1599755035642
1599755036657
1599755037670
1599755038685
1599755039697
1599755040709
1599755041720
1599755042733
1599755043751
1599755044761
1599755045774
1599755046787
1599755047801
1599755048809
1599755049820
1599755050833
1599755051842
1599755052858
1599755053867
1599755054878
1599755055886
1599755056900
1599755057909
1599755058922
1599755059934
1599755060959
1599755061970
1599755062980
1599755063999
1599755065009
1599755066026
1599755067032
1599755068048
1599755069066
1599755070077
1599755071089
1599755072108
1599755073121
1599755074128
1599755075140
1599755076156
1599755077172
1599755078188
1599755079211
1599755080220
1599755081228
1599755082239
1599755083249
1599755084261
1599755085273
1599755086285
1599755087296
1599755088313
1599755089325
1599755090337
1599755091349
1599755092361
1599755093374
1599755094386
1599755095396
1599755096413
1599755097435
1599755098444
1599755099456
1599755100469
1599755101483
1599755102498
1599755103505
1599755104517
1599755105533
1599755106546
1599755107557
1599755108569
1599755109583
1599755110590
1599755111604
1599755112610
1599755113628
1599755114641
1599755115649
1599755116662
1599755117680
1599755118686
1599755119694
1599755120710
1599755121723
1599755122728
1599755123740
1599755124747
1599755125764
1599755126773
1599755127792
1599755128802
1599755129813
1599755130820
1599755131837
1599755132857
1599755133871
1599755134885
1599755135895
1599755136911
1599755137924
1599755138940
1599755139950
1599755140958
1599755141966
1599755142974
1599755143985
1599755145000
1599755146015
1599755147030
1599755148048
1599755149058
1599755150066
1599755151077
1599755152085
1599755153097
1599755154109
1599755155123
1599755156133
1599755157144
1599755158149
1599755159162
1599755160171
1599755161189
1599755162205
1599755163217
1599755164227
1599755165236
1599755166244
1599755167253
1599755168264
1599755169277
1599755170286
1599755171301
1599755172322
1599755173333
1599755174344
1599755175358
1599755176366
1599755177383
1599755178405
1599755179417
1599755180430
1599755181445
1599755182456
1599755183467
1599755184480
1599755185492
1599755186501
1599755187517
1599755188529
1599755189542
1599755190554
1599755191564
1599755192574
1599755193587
1599755194602
1599755195618
1599755196623
1599755197632
1599755198641
1599755199650
1599755200664
1599755201676
1599755202686
1599755203702
1599755204712
1599755205726
1599755206741
1599755207753
1599755208767
1599755209777
1599755210790
1599755211801
1599755212816
1599755213825
1599755214863
1599755215877
1599755216886
1599755217899
1599755218916
1599755219926
1599755220934
1599755221946
1599755222954
1599755223969
1599755224980
1599755226008
1599755227018
1599755228032
1599755229046
1599755230055
1599755231063
1599755232074
1599755233085
1599755234096
1599755235106
1599755236117
1599755237128
1599755238140
1599755239159
1599755240168
1599755241179
1599755242189
1599755243201
1599755244211
1599755245221
1599755246227
1599755247237
1599755248249
1599755249262
1599755250269
1599755251282
1599755252293
1599755253304
1599755254317
1599755255324
1599755256337
1599755257354
1599755258363
1599755259384
1599755260391
1599755261406
1599755262415
1599755263425
1599755264434
1599755265454
1599755266468
1599755267474
1599755268485
1599755269502
1599755270517
1599755271533
1599755272549
1599755273561
1599755274572
1599755275584
1599755276596
1599755277602
1599755278611
1599755279622
1599755280631
1599755281640
1599755282652
1599755283669
1599755284681
1599755285691
1599755286701
1599755287717
1599755288734
1599755289741
1599755290748
1599755291761
1599755292777
1599755293793
1599755294804
1599755295823
1599755296839
1599755297853
1599755298863
1599755299877
1599755300890
1599755301898
1599755302911
1599755303920
1599755304940
1599755305962
1599755306973
1599755307988
1599755308997
1599755310013
1599755311027
1599755312034
1599755313043
1599755314053
1599755315069
1599755316078
1599755317091
1599755318098
1599755319109
1599755320121
1599755321129
1599755322139
1599755323147
1599755324154
1599755325165
1599755326173
1599755327186
1599755328204
1599755329211
1599755330217
1599755331226
1599755332238
1599755333245
1599755334255
1599755335262
1599755336274
1599755337282
1599755338290
1599755339298
1599755340309
1599755341319
1599755342329
1599755343344
1599755344360
1599755345376
1599755346389
1599755347405
1599755348419
1599755349429
1599755350438
1599755351446
1599755352456
1599755353469
1599755354479
1599755355485
1599755356495
1599755357508
1599755358522
1599755359530
1599755360546
1599755361553
1599755362577
1599755363590
1599755364601
1599755365613
1599755366639
1599755367648
1599755368658
1599755369675
1599755370685
1599755371695
1599755372707
1599755373722
1599755374731
1599755375743
1599755376753
1599755377775
1599755378783
1599755379793
1599755380803
1599755381813
1599755382833
1599755383846
1599755384861
1599755385870
1599755386882
1599755387890
1599755388901
1599755389907
1599755390916
1599755391922
1599755392933
1599755393951
1599755394957
1599755395970
1599755396981
1599755397990
1599755398998
1599755400008
1599755401024
1599755402032
1599755403044
1599755404050
1599755405059
1599755406067
1599755407077
1599755408086
1599755409097
1599755410108
1599755411119
1599755412128
1599755413149
1599755414160
1599755415174
1599755416184
1599755417199
1599755418212
1599755419224
1599755420245
1599755421257
1599755422270
1599755423284
1599755424291
1599755425302
1599755426312
1599755427323
1599755428330
1599755429341
1599755430359
1599755431372
1599755432384
1599755433397
1599755434412
1599755435432
1599755436446
1599755437457
1599755438464
1599755439475
1599755440484
1599755441496
1599755442505
1599755443523
1599755444536
1599755445542
1599755446556
1599755447572
1599755448579
1599755449588
1599755450596
1599755451609
1599755452622
1599755453631
1599755454641
1599755455651
1599755456665
1599755457675
1599755458688
1599755459697
1599755460704
1599755461721
1599755462727
1599755463734
1599755464750
1599755465763
1599755466771
1599755467781
1599755468800
1599755469811
1599755470824
1599755471832
1599755472843
1599755473853
1599755474864
1599755475877
1599755476884
1599755477896
1599755478903
1599755479913
1599755480928
1599755481940
1599755482953
1599755483965
1599755484977
1599755485984
1599755486992
1599755487999
1599755489017
1599755490027
1599755491034
1599755492046
1599755493056
1599755494066
1599755495074
1599755496082
1599755497091
1599755498097
1599755499107
1599755500116
1599755501123
1599755502134
1599755503143
1599755504154
1599755505162
1599755506175
1599755507186
1599755508201
1599755509217
1599755510222
1599755511229
1599755512241
1599755513249
1599755514254
1599755515269
1599755516280
1599755517296
1599755518304
1599755519314
1599755520329
1599755521341
1599755522354
1599755523369
1599755524381
1599755525393
1599755526405
1599755527413
1599755528428
1599755529442
1599755530466
1599755531482
1599755532490
1599755533503
1599755534513
1599755535524
1599755536539
1599755537553
1599755538564
1599755539573
1599755540583
1599755541590
1599755542598
1599755543613
1599755544629
1599755545645
1599755546661
1599755547677
1599755548684
1599755549696
1599755550709
1599755551716
1599755552726
1599755553747
1599755554757
1599755555770
1599755556790
1599755557805
1599755558822
1599755559842
1599755560853
1599755561860
1599755562865
1599755563880
1599755564895
1599755565905
1599755566916
1599755567929
1599755568939
1599755569956
1599755570969
1599755571984
1599755572993
1599755574006
1599755575014
1599755576025
1599755577042
1599755578052
1599755579062
1599755580070
1599755581081
1599755582089
1599755583098
1599755584111
1599755585127
1599755586140
1599755587155
1599755588168
1599755589177
1599755590188
1599755591201
1599755592218
1599755593226
1599755594241
1599755595249
1599755596261
1599755597277
1599755598288
1599755599298
1599755600305
1599755601311
1599755602323
1599755603329
1599755604337
1599755605346
1599755606353
1599755607360
1599755608366
1599755609376
1599755610385
1599755611397
1599755612413
1599755613421
1599755614431
1599755615440
1599755616447
1599755617454
1599755618464
1599755619474
1599755620486
1599755621499
1599755622510
1599755623521
1599755624530
1599755625561
1599755626575
1599755627584
1599755628597
1599755629604
1599755630609
1599755631624
1599755632633
1599755633641
1599755634649
1599755635662
1599755636672
1599755637681
1599755638702
1599755639711
1599755640722
1599755641733
1599755642739
1599755643747
1599755644756
1599755645762
1599755646769
1599755647782
1599755648794
1599755649807
1599755650827
1599755651837
1599755652847
1599755653855
1599755654866
1599755655876
1599755656889
1599755657902
1599755658913
1599755659918
1599755660937
1599755661949
1599755662960
1599755663973
1599755664985
1599755665994
1599755667002
1599755668012
1599755669033
1599755670050
1599755671061
1599755672071
1599755673085
1599755674091
1599755675110
1599755676120
1599755677130
1599755678139
1599755679147
1599755680156
1599755681164
1599755682178
1599755683189
1599755684200
1599755685221
1599755686229
1599755687241
1599755688253
1599755689276
1599755690288
1599755691295
1599755692311
1599755693323
1599755694336
1599755695345
1599755696356
1599755697368
1599755698374
1599755699381
1599755700390
1599755701401
1599755702409
1599755703422
1599755704438
1599755705447
1599755706457
1599755707470
1599755708478
1599755709488
1599755710509
1599755711520
1599755712535
1599755713555
1599755714567
1599755715583
1599755716596
1599755717611
1599755718634
1599755719645
1599755720657
1599755721667
1599755722677
1599755723688
1599755724695
1599755725706
1599755726715
1599755727725
1599755728741
1599755729758
1599755730770
1599755731784
1599755732797
1599755733814
1599755734825
1599755735837
1599755736848
1599755737864
1599755738870
1599755739877
1599755740888
1599755741898
1599755742909
1599755743915
1599755744925
1599755745937
1599755746943
1599755747950
1599755748962
1599755749970
1599755750981
1599755751986
1599755752994
1599755754001
1599755755011
1599755756028
1599755757036
1599755758044
1599755759050
1599755760060
1599755761070
1599755762078
1599755763090
1599755764107
1599755765115
1599755766129
1599755767145
1599755768159
1599755769170
1599755770180
1599755771200
1599755772217
1599755773230
1599755774239
1599755775246
1599755776256
1599755777274
1599755778289
1599755779299
1599755780305
1599755781315
1599755782330
1599755783339
1599755784348
1599755785359
1599755786372
1599755787381
1599755788392
1599755789397
1599755790412
1599755791425
1599755792434
1599755793441
1599755794457
1599755795470
1599755796491
1599755797501
1599755798513
1599755799522
1599755800538
1599755801545
1599755802554
1599755803562
1599755804577
1599755805590
1599755806621
1599755807630
1599755808642
1599755809651
1599755810661
1599755811669
1599755812683
1599755813691
1599755814705
1599755815713
1599755816722
1599755817730
1599755818739
1599755819747
1599755820755
1599755821763
1599755822774
1599755823785
1599755824805
1599755825834
1599755826848
1599755827857
1599755828873
1599755829887
1599755830896
1599755831905
1599755832913
1599755833927
1599755834937
1599755835946
1599755836958
1599755837977
1599755838986
1599755839994
1599755841008
1599755842034
1599755843045
1599755844055
1599755845067
1599755846077
1599755847085
1599755848101
1599755849113
1599755850125
1599755851140
1599755852156
1599755853165
1599755854173
1599755855188
1599755856195
1599755857205
1599755858221
1599755859230
1599755860241
1599755861246
1599755862254
1599755863262
1599755864273
1599755865284
1599755866298
1599755867306
1599755868316
1599755869325
1599755870339
1599755871349
1599755872363
1599755873371
1599755874379
1599755875389
1599755876401
1599755877413
1599755878433
1599755879442
1599755880449
1599755881458
1599755882469
1599755883481
1599755884491
1599755885498
1599755886508
1599755887516
1599755888534
1599755889542
1599755890558
1599755891570
1599755892585
1599755893599
1599755894610
1599755895618
1599755896636
1599755897646
1599755898663
1599755899673
1599755900683
1599755901693
1599755902703
1599755903721
1599755904731
1599755905741
1599755906753
1599755907765
1599755908787
1599755909800
1599755910824
1599755911831
1599755912845
1599755913872
1599755914881
1599755915893
1599755916913
1599755917925
1599755918935
1599755919942
1599755920953
1599755921961
1599755922977
1599755923991
1599755925001
1599755926010
1599755927017
1599755928029
1599755929049
1599755930059
1599755931066
1599755932079
1599755933086
1599755934095
1599755935103
1599755936114
1599755937122
1599755938131
1599755939140
1599755940150
1599755941158
1599755942166
1599755943177
1599755944185
1599755945198
1599755946210
1599755947225
1599755948239
1599755949248
1599755950254
1599755951266
1599755952275
1599755953285
1599755954294
1599755955308
1599755956322
1599755957332
1599755958345
1599755959353
1599755960366
1599755961381
1599755962390
1599755963402
1599755964413
1599755965423
1599755966433
1599755967443
1599755968455
1599755969464
1599755970471
1599755971479
1599755972490
1599755973502
1599755974521
1599755975533
1599755976560
1599755977569
1599755978585
1599755979598
1599755980612
1599755981622
1599755982629
1599755983636
1599755984647
1599755985658
1599755986666
1599755987675
1599755988686
1599755989693
1599755990708
1599755991715
1599755992722
1599755993733
1599755994741
1599755995752
1599755996762
1599755997771
1599755998795
1599755999803
1599756000816
1599756001829
1599756002841
1599756003852
1599756004870
1599756005885
1599756006901
1599756007910
1599756008929
1599756009947
1599756010955
1599756011968
1599756012974
1599756013984
1599756014991
1599756016001
1599756017010
1599756018016
1599756019028
1599756020037
1599756021049
1599756022062
1599756023071
1599756024079
1599756025093
1599756026102
1599756027111
1599756028123
1599756029133
1599756030139
1599756031147
1599756032164
1599756033173
1599756034188
1599756035193
1599756036201
1599756037213
1599756038226
1599756039241
1599756040261
1599756041282
1599756042298
1599756043308
1599756044321
1599756045344
1599756046349
1599756047356
1599756048371
1599756049385
1599756050396
1599756051429
1599756052441
1599756053461
1599756054472
1599756055489
1599756056502
1599756057511
1599756058519
1599756059529
1599756060538
1599756061546
1599756062567
1599756063578
1599756064588
1599756065605
1599756066617
1599756067631
1599756068639
1599756069649
1599756070661
1599756071671
1599756072682
1599756073692
1599756074699
1599756075709
1599756076727
1599756077735
1599756078747
1599756079754
1599756080763
1599756081771
1599756082786
1599756083797
1599756084809
1599756085821
1599756086830
1599756087841
1599756088855
1599756089865
1599756090874
1599756091885
1599756092897
1599756093908
1599756094916
1599756095931
1599756096950
1599756097966
1599756098975
1599756099995
1599756101009
1599756102029
1599756103040
1599756104047
1599756105058
1599756106065
1599756107076
1599756108088
1599756109098
1599756110111
1599756111123
1599756112131
1599756113142
1599756114160
1599756115171
1599756116179
1599756117194
1599756118205
1599756119212
1599756120223
1599756121233
1599756122242
1599756123252
1599756124261
1599756125273
1599756126284
1599756127298
1599756128307
1599756129314
1599756130322
1599756131327
1599756132341
1599756133350
1599756134360
1599756135369
1599756136377
1599756137385
1599756138394
1599756139404
1599756140421
1599756141437
1599756142452
1599756143468
1599756144480
1599756145492
1599756146508
1599756147514
1599756148525
1599756149542
1599756150557
1599756151570
1599756152586
1599756153601
1599756154617
1599756155638
1599756156653
1599756157675
1599756158685
1599756159700
1599756160714
1599756161732
1599756162741
1599756163754
1599756164768
1599756165780
1599756166797
1599756167811
1599756168824
1599756169839
1599756170851
1599756171861
1599756172873
1599756173888
1599756174910
1599756175930
1599756176942
1599756177951
1599756178966
1599756179977
1599756180993
1599756182006
1599756183026
1599756184042
1599756185054
1599756186066
1599756187083
1599756188094
1599756189122
1599756190132
1599756191149
1599756192160
1599756193171
1599756194179
1599756195193
1599756196209
1599756197217
1599756198233
1599756199246
1599756200261
1599756201272
1599756202284
1599756203297
1599756204313
1599756205329
1599756206343
1599756207353
1599756208370
1599756209384
1599756210393
1599756211402
1599756212422
1599756213429
1599756214445
1599756215457
1599756216465
1599756217485
1599756218496
1599756219511
1599756220524
1599756221532
1599756222549
1599756223566
1599756224581
1599756225599
1599756226626
1599756227637
1599756228649
1599756229679
1599756230701
1599756231708
1599756232721
1599756233728
1599756234734
1599756235746
1599756236759
1599756237776
1599756238798
1599756239817
1599756240832
1599756241851
1599756242866
1599756243878
1599756244886
1599756245897
1599756246908
1599756247926
1599756248943
1599756249952
1599756250957
1599756251965
1599756252982
1599756253997
1599756255017
1599756256035
1599756257045
1599756258062
1599756259077
1599756260092
1599756261108
1599756262128
1599756263146
1599756264160
1599756265182
1599756266209
1599756267225
1599756268242
1599756269258
1599756270272
1599756271290
1599756272303
1599756273323
1599756274339
1599756275362
1599756276377
1599756277393
1599756278413
1599756279425
1599756280444
1599756281453
1599756282465
1599756283479
1599756284493
1599756285502
1599756286519
1599756287540
1599756288553
1599756289574
1599756290587
1599756291599
1599756292613
1599756293629
1599756294640
1599756295657
1599756296669
1599756297686
1599756298702
1599756299713
1599756300726
1599756301742
1599756302757
1599756303771
1599756304780
1599756305793
1599756306802
1599756307821
1599756308837
1599756309864
1599756310876
1599756311888
1599756312900
1599756313913
1599756314930
1599756315939
1599756316949
1599756317962
1599756318973
1599756319985
1599756320992
1599756322011
1599756323050
1599756324067
1599756325077
1599756326085
1599756327100
1599756328114
1599756329125
1599756330131
1599756331149
1599756332158
1599756333187
1599756334199
1599756335210
1599756336229
1599756337252
1599756338266
1599756339278
1599756340299
1599756341318
1599756342326
1599756343347
1599756344367
1599756345379
1599756346398
1599756347410
1599756348430
1599756349446
1599756350459
1599756351482
1599756352496
1599756353507
1599756354527
1599756355541
1599756356557
1599756357566
1599756358584
1599756359602
1599756360622
1599756361638
1599756362660
1599756363669
1599756364686
1599756365702
1599756366725
1599756367741
1599756368758
1599756369772
1599756370782
1599756371792
1599756372802
1599756373820
1599756374832
1599756375854
1599756376864
1599756377882
1599756378897
1599756379922
1599756380936
1599756381949
1599756382974
1599756383988
1599756385004
1599756386026
1599756387040
1599756388053
1599756389068
1599756390080
1599756391097
1599756392114
1599756393129
1599756394142
1599756395154
1599756396166
1599756397181
1599756398194
1599756399206
1599756400236
1599756401257
1599756402281
1599756403297
1599756404316
1599756405326
1599756406342
1599756407367
1599756408386
1599756409404
1599756410443
1599756411457
1599756412478
1599756413504
1599756414520
1599756415533
1599756416549
1599756417564
1599756418582
1599756419595
1599756420613
1599756421635
1599756422671
1599756423688
1599756424698
1599756425710
1599756426720
1599756427726
1599756428735
1599756429746
1599756430753
1599756431776
1599756432785
1599756433800
1599756434814
1599756435827
1599756436842
1599756437852
1599756438864
1599756439883
1599756440896
1599756441911
1599756442921
1599756443937
1599756444953
1599756445961
1599756446976
1599756447986
1599756449001
1599756450022
1599756451032
1599756452045
1599756453055
1599756454071
1599756455084
1599756456111
1599756457125
1599756458137
1599756459153
1599756460172
1599756461185
1599756462193
1599756463206
1599756464220
1599756465229
1599756466245
1599756467263
1599756468276
1599756469288
1599756470298
1599756471304
1599756472317
1599756473325
1599756474335
1599756475345
1599756476359
1599756477373
1599756478385
1599756479396
1599756480405
1599756481419
1599756482432
1599756483460
1599756484470
1599756485480
1599756486498
1599756487506
1599756488515
1599756489522
1599756490534
1599756491551
1599756492593
1599756493606
1599756494617
1599756495627
1599756496636
1599756497645
1599756498654
1599756499662
1599756500675
1599756501680
1599756502701
1599756503713
1599756504720
1599756505745
1599756506766
1599756507779
1599756508801
1599756509809
1599756510820
1599756511828
1599756512839
1599756513872
1599756514878
1599756515893
1599756516902
1599756517917
1599756518932
1599756519943
1599756520961
1599756521972
1599756522978
1599756523989
1599756525006
1599756526016
1599756527022
1599756528030
1599756529051
1599756530061
1599756531078
1599756532090
1599756533100
1599756534107
1599756535122
1599756536138
1599756537155
1599756538167
1599756539196
1599756540209
1599756541224
1599756542238
1599756543246
1599756544255
1599756545265
1599756546273
1599756547288
1599756548303
1599756549313
1599756550330
1599756551341
1599756552351
1599756553365
1599756554376
1599756555387
1599756556394
1599756557405
1599756558413
1599756559423
1599756560431
1599756561441
1599756562450
1599756563457
1599756564472
1599756565486
1599756566498
1599756567507
1599756568517
1599756569529
1599756570547
1599756571558
1599756572566
1599756573576
1599756574585
1599756575596
1599756576607
1599756577615
1599756578622
1599756579633
1599756580642
1599756581653
1599756582663
1599756583670
1599756584681
1599756585695
1599756586707
1599756587718
1599756588730
1599756589739
1599756590745
1599756591758
1599756592781
1599756593793
1599756594805
1599756595818
1599756596825
1599756597832
1599756598839
1599756599849
1599756600865
1599756601874
1599756602888
1599756603900
1599756604913
1599756605943
1599756606957
1599756607981
1599756608997
1599756610019
1599756611029
1599756612042
1599756613053
1599756614063
1599756615074
1599756616085
1599756617095
1599756618102
1599756619109
1599756620124
1599756621130
1599756622137
1599756623152
1599756624168
1599756625177
1599756626193
1599756627205
1599756628221
1599756629233
1599756630245
1599756631254
1599756632265
1599756633277
1599756634290
1599756635303
1599756636317
1599756637334
1599756638352
1599756639361
1599756640372
1599756641386
1599756642400
1599756643410
1599756644419
1599756645432
1599756646437
1599756647445
1599756648460
1599756649485
1599756650500
1599756651508
1599756652518
1599756653525
1599756654538
1599756655551
1599756656560
1599756657570
1599756658578
1599756659588
1599756660601
1599756661615
1599756662632
1599756663648
1599756664661
1599756665676
1599756666684
1599756667697
1599756668718
1599756669730
1599756670750
1599756671777
1599756672787
1599756673801
1599756674806
1599756675817
1599756676825
1599756677833
1599756678849
1599756679860
1599756680870
1599756681877
1599756682890
1599756683901
1599756684914
1599756685922
1599756686933
1599756687942
1599756688953
1599756689966
1599756690974
1599756691984
1599756692993
1599756694004
1599756695013
1599756696021
1599756697037
1599756698053
1599756699069
1599756700081
1599756701097
1599756702109
1599756703121
1599756704134
1599756705141
1599756706149
1599756707166
1599756708177
1599756709189
1599756710194
1599756711206
1599756712215
1599756713230
1599756714239
1599756715254
1599756716262
1599756717286
1599756718299
1599756719324
1599756720341
1599756721352
1599756722371
1599756723382
1599756724393
1599756725405
1599756726413
1599756727420
1599756728428
1599756729438
1599756730451
1599756731465
1599756732472
1599756733478
1599756734491
1599756735502
1599756736515
1599756737525
1599756738533
1599756739541
1599756740558
1599756741566
1599756742576
1599756743597
1599756744609
1599756745616
1599756746622
1599756747630
1599756748637
1599756749645
1599756750657
1599756751673
1599756752685
1599756753703
1599756754716
1599756755732
1599756756745
1599756757760
1599756758770
1599756759785
1599756760800
1599756761817
1599756762830
1599756763837
1599756764841
1599756765855
1599756766863
1599756767877
1599756768893
1599756769902
1599756770913
1599756771933
1599756772949
1599756773961
1599756774967
1599756775984
1599756777002
1599756778014
1599756779025
1599756780036
1599756781047
1599756782057
1599756783069
1599756784080
1599756785089
1599756786108
1599756787124
1599756788140
1599756789153
1599756790163
1599756791172
1599756792184
1599756793192
1599756794206
1599756795214
1599756796222
1599756797233
1599756798244
1599756799257
1599756800274
1599756801283
1599756802295
1599756803310
1599756804318
1599756805329
1599756806338
1599756807349
1599756808365
1599756809381
1599756810397
1599756811405
1599756812417
1599756813425
1599756814438
1599756815456
1599756816461
1599756817498
1599756818514
1599756819524
1599756820538
1599756821554
1599756822561
1599756823569
1599756824579
1599756825594
1599756826621
1599756827634
1599756828647
1599756829655
1599756830666
1599756831675
1599756832685
1599756833695
1599756834709
1599756835726
1599756836737
1599756837750
1599756838761
1599756839774
1599756840780
1599756841790
1599756842798
1599756843811
1599756844827
1599756845837
1599756846849
1599756847856
1599756848869
1599756849887
1599756850894
1599756851902
1599756852921
1599756853933
1599756854941
1599756855954
1599756856969
1599756857982
1599756858993
1599756860003
1599756861014
1599756862025
1599756863040
1599756864054
1599756865070
1599756866085
1599756867104
1599756868118
1599756869133
1599756870147
1599756871159
1599756872167
1599756873173
1599756874186
1599756875197
1599756876204
1599756877217
1599756878231
1599756879243
1599756880253
1599756881273
1599756882284
1599756883294
1599756884314
1599756885331
1599756886344
1599756887357
1599756888370
1599756889383
1599756890398
1599756891417
1599756892432
1599756893442
1599756894451
1599756895461
1599756896473
1599756897489
1599756898499
1599756899509
1599756900527
1599756901538
1599756902557
1599756903573
1599756904587
1599756905598
1599756906608
1599756907618
1599756908634
1599756909647
1599756910669
1599756911695
1599756912705
1599756913717
1599756914726
1599756915742
1599756916763
1599756917773
1599756918782
1599756919789
1599756920802
1599756921813
1599756922825
1599756923837
1599756924851
1599756925860
1599756926866
1599756927879
1599756928896
1599756929911
1599756930930
1599756931946
1599756932960
1599756933969
1599756934983
1599756935996
1599756937013
1599756938026
1599756939035
1599756940045
1599756941061
1599756942077
1599756943085
1599756944098
1599756945109
1599756946121
1599756947131
1599756948145
1599756949154
1599756950165
1599756951177
1599756952185
1599756953194
1599756954204
1599756955219
1599756956226
1599756957241
1599756958258
1599756959271
1599756960284
1599756961301
1599756962313
1599756963323
1599756964337
1599756965347
1599756966360
1599756967372
1599756968386
1599756969399
1599756970408
1599756971426
1599756972440
1599756973457
1599756974469
1599756975488
1599756976505
1599756977520
1599756978533
1599756979545
1599756980559
1599756981569
1599756982577
1599756983593
1599756984605
1599756985619
1599756986633
1599756987650
1599756988664
1599756989678
1599756990695
1599756991704
1599756992714
1599756993726
1599756994741
1599756995748
1599756996765
1599756997776
1599756998787
1599756999802
1599757000828
1599757001841
1599757002853
1599757003865
1599757004877
1599757005894
1599757006916
1599757007928
1599757008937
1599757009955
1599757010969
1599757011986
1599757013001
1599757014017
1599757015033
1599757016051
1599757017065
1599757018077
1599757019096
1599757020113
1599757021128
1599757022146
1599757023157
1599757024173
1599757025184
1599757026194
1599757027209
1599757028225
1599757029238
1599757030245
1599757031250
1599757032260
1599757033271
1599757034282
1599757035295
1599757036309
1599757037321
1599757038333
1599757039345
1599757040358
1599757041376
1599757042390
1599757043404
1599757044416
1599757045424
1599757046437
1599757047449
1599757048469
1599757049485
1599757050501
1599757051513
1599757052529
1599757053553
1599757054566
1599757055581
1599757056597
1599757057609
1599757058627
1599757059641
1599757060652
1599757061668
1599757062686
1599757063695
1599757064708
1599757065719
1599757066742
1599757067757
1599757068782
1599757069796
1599757070804
1599757071817
1599757072829
1599757073833
1599757074840
1599757075852
1599757076865
1599757077880
1599757078897
1599757079907
1599757080912
1599757081925
1599757082941
1599757083952
1599757084968
1599757085976
1599757086989
1599757088001
1599757089009
1599757090025
1599757091037
1599757092049
1599757093056
1599757094065
1599757095079
1599757096085
1599757097093
1599757098100
1599757099113
1599757100128
1599757101140
1599757102153
1599757103165
1599757104177
1599757105193
1599757106210
1599757107225
1599757108241
1599757109247
1599757110261
1599757111276
1599757112289
1599757113303
1599757114309
1599757115325
1599757116341
1599757117367
1599757118379
1599757119394
1599757120401
1599757121415
1599757122429
1599757123441
1599757124452
1599757125465
1599757126474
1599757127486
1599757128506
1599757129516
1599757130522
1599757131538
1599757132553
1599757133566
1599757134580
1599757135589
1599757136601
1599757137613
1599757138642
1599757139649
1599757140664
1599757141673
1599757142685
1599757143693
1599757144698
1599757145709
1599757146722
1599757147733
1599757148743
1599757149750
1599757150757
1599757151774
1599757152789
1599757153798
1599757154816
1599757155826
1599757156854
1599757157877
1599757158897
1599757159909
1599757160928
1599757161938
1599757162946
1599757163967
1599757164984
1599757165992
1599757167004
1599757168017
1599757169034
1599757170049
1599757171062
1599757172075
1599757173089
1599757174100
1599757175120
1599757176134
1599757177148
1599757178158
1599757179174
1599757180193
1599757181209
1599757182223
1599757183232
1599757184252
1599757185272
1599757186290
1599757187301
1599757188309
1599757189325
1599757190335
1599757191351
1599757192368
1599757193380
1599757194391
1599757195409
1599757196425
1599757197440
1599757198459
1599757199480
1599757200495
1599757201503
1599757202513
1599757203528
1599757204545
1599757205568
1599757206577
1599757207597
1599757208605
1599757209618
1599757210651
1599757211683
1599757212693
1599757213705
1599757214716
1599757215726
1599757216735
1599757217746
1599757218757
1599757219765
1599757220778
1599757221790
1599757222800
1599757223818
1599757224826
1599757225836
1599757226847
1599757227854
1599757228863
1599757229871
1599757230877
1599757231884
1599757232890
1599757233905
1599757234914
1599757235922
1599757236933
1599757237954
1599757238964
1599757239977
1599757240988
1599757241997
1599757243010
1599757244022
1599757245035
1599757246045
1599757247052
1599757248065
1599757249079
1599757250093
1599757251113
1599757252141
1599757253151
1599757254158
1599757255169
1599757256178
1599757257188
1599757258198
1599757259206
1599757260217
1599757261228
1599757262235
1599757263246
1599757264260
1599757265276
1599757266298
1599757267305
1599757268318
1599757269329
1599757270337
1599757271344
1599757272352
1599757273362
1599757274373
1599757275392
1599757276412
1599757277427
1599757278438
1599757279450
1599757280472
1599757281482
1599757282500
1599757283509
1599757284521
1599757285534
1599757286544
1599757287555
1599757288565
1599757289573
1599757290588
1599757291608
1599757292618
1599757293629
1599757294642
1599757295657
1599757296666
1599757297672
1599757298678
1599757299693
1599757300704
1599757301712
1599757302719
1599757303728
1599757304745
1599757305753
1599757306758
1599757307766
1599757308776
1599757309787
1599757310794
1599757311805
1599757312814
1599757313821
1599757314833
1599757315843
1599757316858
1599757317873
1599757318889
1599757319909
1599757320921
1599757321933
1599757322942
1599757323948
1599757324957
1599757325971
1599757326985
1599757328001
1599757329017
1599757330030
1599757331051
1599757332066
1599757333081
1599757334089
1599757335101
1599757336122
1599757337134
1599757338150
1599757339164
1599757340178
1599757341200
1599757342209
1599757343222
1599757344233
1599757345248
1599757346254
1599757347264
1599757348276
1599757349291
1599757350301
1599757351310
1599757352324
1599757353337
1599757354349
1599757355363
1599757356379
1599757357393
1599757358408
1599757359428
1599757360443
1599757361453
1599757362468
1599757363476
1599757364486
1599757365509
1599757366522
1599757367531
1599757368541
1599757369549
1599757370570
1599757371591
1599757372598
1599757373608
1599757374633
1599757375649
1599757376663
1599757377670
1599757378679
1599757379708
1599757380717
1599757381727
1599757382737
1599757383754
1599757384764
1599757385776
1599757386787
1599757387795
1599757388809
1599757389836
1599757390844
1599757391854
1599757392865
1599757393877
1599757394891
1599757395902
1599757396917
1599757397939
1599757398948
1599757399955
1599757400963
1599757401981
1599757402998
1599757404011
1599757405025
1599757406038
1599757407049
1599757408062
1599757409073
1599757410085
1599757411097
1599757412106
1599757413117
1599757414134
1599757415145
1599757416158
1599757417170
1599757418181
1599757419196
1599757420218
1599757421231
1599757422245
1599757423257
1599757424283
1599757425294
1599757426303
1599757427313
1599757428319
1599757429334
1599757430351
1599757431367
1599757432380
1599757433389
1599757434404
1599757435413
1599757436429
1599757437444
1599757438458
1599757439470
1599757440487
1599757441498
1599757442506
1599757443515
1599757444525
1599757445536
1599757446548
1599757447558
1599757448571
1599757449579
1599757450590
1599757451598
1599757452609
1599757453619
1599757454629
1599757455645
1599757456652
1599757457658
1599757458667
1599757459674
1599757460686
1599757461718
1599757462725
1599757463743
1599757464771
1599757465781
1599757466798
1599757467817
1599757468823
1599757469833
1599757470843
1599757471853
1599757472867
1599757473893
1599757474906
1599757475922
1599757476939
1599757477952
1599757478962
1599757479975
1599757480987
1599757482003
1599757483022
1599757484044
1599757485054
1599757486066
1599757487074
1599757488085
1599757489092
1599757490100
1599757491108
1599757492120
1599757493129
1599757494143
1599757495153
1599757496161
1599757497174
1599757498184
1599757499193
1599757500206
1599757501214
1599757502223
1599757503232
1599757504244
1599757505252
1599757506257
1599757507269
1599757508281
1599757509288
1599757510294
1599757511305
1599757512316
1599757513336
1599757514341
1599757515350
1599757516358
1599757517366
1599757518377
1599757519388
1599757520396
1599757521410
1599757522421
1599757523435
1599757524451
1599757525464
1599757526477
1599757527494
1599757528505
1599757529525
1599757530533
1599757531548
1599757532556
1599757533565
1599757534577
1599757535592
1599757536610
1599757537617
1599757538628
1599757539639
1599757540649
1599757541660
1599757542673
1599757543678
1599757544687
1599757545696
1599757546710
1599757547725
1599757548741
1599757549753
1599757550767
1599757551781
1599757552786
1599757553798
1599757554809
1599757555830
1599757556845
1599757557856
1599757558862
1599757559870
1599757560885
1599757561896
1599757562904
1599757563924
1599757564935
1599757565941
1599757566957
1599757567968
1599757568988
1599757570000
1599757571010
1599757572021
1599757573035
1599757574049
1599757575056
1599757576065
1599757577077
1599757578089
1599757579101
1599757580118
1599757581133
1599757582145
1599757583157
1599757584162
1599757585177
1599757586187
1599757587194
1599757588202
1599757589210
1599757590221
1599757591237
1599757592253
1599757593263
1599757594277
1599757595286
1599757596302
1599757597310
1599757598321
1599757599327
1599757600338
1599757601349
1599757602359
1599757603373
1599757604392
1599757605412
1599757606422
1599757607434
1599757608447
1599757609456
1599757610483
1599757611501
1599757612523
1599757613547
1599757614557
1599757615570
1599757616576
1599757617593
1599757618606
1599757619620
1599757620634
1599757621649
1599757622662
1599757623677
1599757624693
1599757625705
1599757626713
1599757627725
1599757628741
1599757629752
1599757630766
1599757631782
1599757632790
1599757633800
1599757634812
1599757635821
1599757636833
1599757637842
1599757638850
1599757639855
1599757640867
1599757641881
1599757642904
1599757643914
1599757644923
1599757645946
1599757646964
1599757647971
1599757648992
1599757650009
1599757651024
1599757652035
1599757653051
1599757654061
1599757655075
1599757656090
1599757657101
1599757658110
1599757659119
1599757660138
1599757661146
1599757662154
1599757663169
1599757664181
1599757665194
1599757666202
1599757667226
1599757668234
1599757669242
1599757670253
1599757671266
1599757672272
1599757673281
1599757674290
1599757675302
1599757676311
1599757677321
1599757678332
1599757679341
1599757680347
1599757681359
1599757682367
1599757683380
1599757684402
1599757685413
1599757686421
1599757687433
1599757688445
1599757689457
1599757690465
1599757691482
1599757692490
1599757693501
1599757694510
1599757695521
1599757696533
1599757697542
1599757698553
1599757699565
1599757700579
1599757701589
1599757702601
1599757703607
1599757704615
1599757705621
1599757706631
1599757707642
1599757708650
1599757709661
1599757710672
1599757711680
1599757712691
1599757713703
1599757714713
1599757715728
1599757716733
1599757717741
1599757718757
1599757719772
1599757720783
1599757721793
1599757722803
1599757723814
1599757724824
1599757725835
1599757726843
1599757727850
1599757728863
1599757729878
1599757730887
1599757731896
1599757732906
1599757733915
1599757734926
1599757735940
1599757736946
1599757737958
1599757738969
1599757739987
1599757740997
1599757742007
1599757743016
1599757744024
1599757745036
1599757746044
1599757747062
1599757748077
1599757749093
1599757750108
1599757751120
1599757752139
1599757753158
1599757754170
1599757755181
1599757756192
1599757757197
1599757758211
1599757759224
1599757760236
1599757761242
1599757762255
1599757763266
1599757764274
1599757765282
1599757766295
1599757767303
1599757768313
1599757769323
1599757770332
1599757771344
1599757772353
1599757773365
1599757774372
1599757775389
1599757776401
1599757777418
1599757778428
1599757779439
1599757780457
1599757781471
1599757782481
1599757783499
1599757784509
1599757785521
1599757786535
1599757787548
1599757788557
1599757789566
1599757790587
1599757791602
1599757792638
1599757793648
1599757794657
1599757795667
1599757796682
1599757797695
1599757798706
1599757799713
1599757800739
1599757801767
1599757802787
1599757803797
1599757804808
1599757805818
1599757806829
1599757807840
1599757808858
1599757809869
1599757810879
1599757811899
1599757812908
1599757813921
1599757814935
1599757815953
1599757816969
1599757817981
1599757818994
1599757820015
1599757821026
1599757822035
1599757823057
1599757824067
1599757825086
1599757826100
1599757827113
1599757828128
1599757829145
1599757830167
1599757831178
1599757832195
1599757833209
1599757834217
1599757835227
1599757836236
1599757837246
1599757838254
1599757839261
1599757840273
1599757841278
1599757842288
1599757843298
1599757844308
1599757845315
1599757846326
1599757847341
1599757848351
1599757849362
1599757850379
1599757851389
1599757852411
1599757853425
1599757854437
1599757855445
1599757856453
1599757857465
1599757858478
1599757859486
1599757860498
1599757861506
1599757862517
1599757863535
1599757864548
1599757865558
1599757866571
1599757867579
1599757868586
1599757869594
1599757870605
1599757871621
1599757872629
1599757873638
1599757874649
1599757875659
1599757876673
1599757877681
1599757878691
1599757879697
1599757880709
1599757881729
1599757882742
1599757883749
1599757884760
1599757885770
1599757886783
1599757887795
1599757888809
1599757889818
1599757890827
1599757891837
1599757892848
1599757893856
1599757894864
1599757895874
1599757896885
1599757897892
1599757898904
1599757899912
1599757900929
1599757901945
1599757902961
1599757903977
1599757904992
1599757906006
1599757907016
1599757908029
1599757909039
1599757910052
1599757911067
1599757912081
1599757913095
1599757914105
1599757915167
1599757916177
1599757917194
1599757918210
1599757919223
1599757920235
1599757921255
1599757922269
1599757923302
1599757924318
1599757925331
1599757926352
1599757927375
1599757928389
1599757929402
1599757930418
1599757931434
1599757932449
1599757933460
1599757934470
1599757935481
1599757936489
1599757937497
1599757938511
1599757939524
1599757940535
1599757941545
1599757942552
1599757943557
1599757944569
1599757945581
1599757946593
1599757947603
1599757948613
1599757949626
1599757950637
1599757951648
1599757952659
1599757953671
1599757954678
1599757955686
1599757956716
1599757957722
1599757958730
1599757959749
1599757960761
1599757961776
1599757962788
1599757963800
1599757964808
1599757965815
1599757966826
1599757967834
1599757968846
1599757969857
1599757970862
1599757971875
1599757972888
1599757973898
1599757974909
1599757975921
1599757976934
1599757977944
1599757978952
1599757979961
1599757980973
1599757981983
1599757982993
1599757984007
1599757985013
1599757986019
1599757987027
1599757988040
1599757989049
1599757990058
1599757991068
1599757992082
1599757993097
1599757994109
1599757995124
1599757996137
1599757997146
1599757998158
1599757999171
1599758000188
1599758001193
1599758002203
1599758003214
1599758004221
1599758005229
1599758006245
1599758007257
1599758008269
1599758009285
1599758010304
1599758011331
1599758012339
1599758013347
1599758014355
1599758015363
1599758016374
1599758017385
1599758018396
1599758019404
1599758020411
1599758021423
1599758022432
1599758023441
1599758024461
1599758025470
1599758026485
1599758027497
1599758028525
1599758029541
1599758030550
1599758031561
1599758032571
1599758033588
1599758034602
1599758035614
1599758036625
1599758037634
1599758038649
1599758039660
1599758040671
1599758041683
1599758042697
1599758043710
1599758044721
1599758045729
1599758046741
1599758047758
1599758048769
1599758049779
1599758050790
1599758051802
1599758052834
1599758053852
1599758054862
1599758055880
1599758056894
1599758057903
1599758058917
1599758059929
1599758060943
1599758061958
1599758062976
1599758063986
1599758065004
1599758066014
1599758067024
1599758068031
1599758069041
1599758070047
1599758071059
1599758072069
1599758073079
1599758074093
1599758075103
1599758076112
1599758077123
1599758078136
1599758079148
1599758080161
1599758081174
1599758082189
1599758083201
1599758084218
1599758085229
1599758086239
1599758087251
1599758088273
1599758089286
1599758090299
1599758091306
1599758092318
1599758093326
1599758094335
1599758095345
1599758096357
1599758097365
1599758098376
1599758099386
1599758100397
1599758101406
1599758102423
1599758103434
1599758104445
1599758105453
1599758106465
1599758107475
1599758108487
1599758109494
1599758110509
1599758111522
1599758112536
1599758113547
1599758114558
1599758115569
1599758116577
1599758117586
1599758118592
1599758119600
1599758120622
1599758121636
1599758122642
1599758123648
1599758124658
1599758125670
1599758126680
1599758127689
1599758128701
1599758129711
1599758130734
1599758131743
1599758132759
1599758133773
1599758134785
1599758135801
1599758136813
1599758137827
1599758138838
1599758139856
1599758140866
1599758141875
1599758142882
1599758143896
1599758144905
1599758145916
1599758146926
1599758147936
1599758148942
1599758149953
1599758150961
1599758151973
1599758152986
1599758153995
1599758155007
1599758156021
1599758157030
1599758158045
1599758159050
1599758160057
1599758161069
1599758162093
1599758163109
1599758164126
1599758165137
1599758166149
1599758167156
1599758168170
1599758169182
1599758170197
1599758171202
1599758172213
1599758173226
1599758174234
1599758175248
1599758176256
1599758177268
1599758178274
1599758179281
1599758180308
1599758181317
1599758182335
1599758183342
1599758184353
1599758185362
1599758186378
1599758187392
1599758188405
1599758189425
1599758190436
1599758191445
1599758192462
1599758193480
1599758194493
1599758195521
1599758196530
1599758197553
1599758198574
1599758199587
1599758200603
1599758201618
1599758202632
1599758203653
1599758204670
1599758205681
1599758206699
1599758207716
1599758208724
1599758209737
1599758210752
1599758211763
1599758212775
1599758213788
1599758214797
1599758215816
1599758216831
1599758217841
1599758218853
1599758219870
1599758220885
1599758221897
1599758222910
1599758223917
1599758224933
1599758225950
1599758226963
1599758227969
1599758228978
1599758229987
1599758230998
1599758232004
1599758233013
1599758234026
1599758235039
1599758236054
1599758237068
1599758238082
1599758239093
1599758240111
1599758241123
1599758242143
1599758243161
1599758244177
1599758245203
1599758246217
1599758247232
1599758248252
1599758249261
1599758250274
1599758251287
1599758252297
1599758253306
1599758254317
1599758255332
1599758256345
1599758257357
1599758258373
1599758259383
1599758260390
1599758261403
1599758262410
1599758263422
1599758264433
1599758265449
1599758266461
1599758267469
1599758268484
1599758269492
1599758270505
1599758271518
1599758272528
1599758273545
1599758274563
1599758275573
1599758276585
1599758277601
1599758278617
1599758279629
1599758280645
1599758281651
1599758282679
1599758283694
1599758284709
1599758285725
1599758286742
1599758287756
1599758288764
1599758289773
1599758290785
1599758291801
1599758292813
1599758293825
1599758294840
1599758295857
1599758296873
1599758297889
1599758298905
1599758299923
1599758300935
1599758301948
1599758302960
1599758303973
1599758304985
1599758306001
1599758307013
1599758308029
1599758309046
1599758310061
1599758311076
1599758312089
1599758313100
1599758314109
1599758315125
1599758316139
1599758317145
1599758318155
1599758319168
1599758320178
1599758321193
1599758322208
1599758323220
1599758324230
1599758325251
1599758326262
1599758327271
1599758328277
1599758329286
1599758330297
1599758331306
1599758332313
1599758333328
1599758334343
1599758335355
1599758336365
1599758337378
1599758338389
1599758339408
1599758340419
1599758341432
1599758342453
1599758343473
1599758344487
1599758345496
1599758346513
1599758347529
1599758348542
1599758349554
1599758350569
1599758351581
1599758352589
1599758353605
1599758354620
1599758355628
1599758356643
1599758357660
1599758358680
1599758359689
1599758360707
1599758361721
1599758362738
1599758363747
1599758364760
1599758365777
1599758366792
1599758367805
1599758368813
1599758369822
1599758370833
1599758371844
1599758372861
1599758373879
1599758374897
1599758375911
1599758376918
1599758377927
1599758378933
1599758379951
1599758380962
1599758381971
1599758382979
1599758383989
1599758385002
1599758386013
1599758387020
1599758388030
1599758389047
1599758390063
1599758391070
1599758392078
1599758393087
1599758394102
1599758395118
1599758396135
1599758397149
1599758398157
1599758399173
1599758400194
1599758401207
1599758402216
1599758403225
1599758404237
1599758405245
1599758406257
1599758407272
1599758408280
1599758409316
1599758410333
1599758411353
1599758412387
1599758413404
1599758414424
1599758415441
1599758416455
1599758417467
1599758418474
1599758419483
1599758420503
1599758421511
1599758422518
1599758423529
1599758424546
1599758425557
1599758426569
1599758427578
1599758428586
1599758429595
1599758430607
1599758431614
1599758432627
1599758433636
1599758434662
1599758435673
1599758436686
1599758437696
1599758438717
1599758439728
1599758440737
1599758441757
1599758442769
1599758443779
1599758444788
1599758445802
1599758446828
1599758447838
1599758448852
1599758449861
1599758450873
1599758451881
1599758452891
1599758453898
1599758454910
1599758455925
1599758456934
1599758457944
1599758458962
1599758459972
1599758460984
1599758461998
1599758463013
1599758464034
1599758465049
1599758466057
1599758467072
1599758468093
1599758469105
1599758470120
1599758471131
1599758472150
1599758473159
1599758474170
1599758475181
1599758476190
1599758477208
1599758478224
1599758479241
1599758480256
1599758481268
1599758482279
1599758483294
1599758484309
1599758485329
1599758486353
1599758487374
1599758488387
1599758489394
1599758490405
1599758491421
1599758492429
1599758493440
1599758494455
1599758495465
1599758496478
1599758497489
1599758498497
1599758499512
1599758500521
1599758501527
1599758502537
1599758503545
1599758504553
1599758505565
1599758506579
1599758507589
1599758508604
1599758509609
1599758510623
1599758511633
1599758512646
1599758513652
1599758514673
1599758515686
1599758516702
1599758517713
1599758518727
1599758519738
1599758520748
1599758521756
1599758522765
1599758523778
1599758524789
1599758525808
1599758526817
1599758527827
1599758528833
1599758529846
1599758530854
1599758531865
1599758532881
1599758533896
1599758534912
1599758535930
1599758536937
1599758537953
1599758538965
1599758539977
1599758540993
1599758542005
1599758543018
1599758544032
1599758545045
1599758546062
1599758547076
1599758548090
1599758549123
1599758550137
1599758551153
1599758552169
1599758553182
1599758554198
1599758555213
1599758556230
1599758557245
1599758558261
1599758559277
1599758560294
1599758561309
1599758562321
1599758563332
1599758564345
1599758565360
1599758566375
1599758567389
1599758568418
1599758569433
1599758570448
1599758571459
1599758572469
1599758573481
1599758574490
1599758575503
1599758576513
1599758577524
1599758578533
1599758579545
1599758580555
1599758581565
1599758582574
1599758583582
1599758584590
1599758585605
1599758586614
1599758587624
1599758588635
1599758589642
1599758590653
1599758591665
1599758592675
1599758593688
1599758594696
1599758595708
1599758596717
1599758597728
1599758598735
1599758599748
1599758600762
1599758601773
1599758602778
1599758603793
1599758604805
1599758605817
1599758606827
1599758607843
1599758608854
1599758609868
1599758610882
1599758611895
1599758612909
1599758613918
1599758614931
1599758615945
1599758616959
1599758617973
1599758618984
1599758619997
1599758621006
1599758622015
1599758623024
1599758624031
1599758625039
1599758626048
1599758627060
1599758628067
1599758629081
1599758630097
1599758631115
1599758632125
1599758633141
1599758634157
1599758635172
1599758636189
1599758637207
1599758638221
1599758639236
1599758640253
1599758641271
1599758642285
1599758643295
1599758644308
1599758645321
1599758646332
1599758647343
1599758648357
1599758649369
1599758650376
1599758651389
1599758652396
1599758653407
1599758654418
1599758655437
1599758656451
1599758657466
1599758658475
1599758659486
1599758660494
1599758661502
1599758662512
1599758663523
1599758664530
1599758665542
1599758666551
1599758667573
1599758668604
1599758669613
1599758670622
1599758671630
1599758672640
1599758673650
1599758674660
1599758675677
1599758676688
1599758677696
1599758678709
1599758679719
1599758680730
1599758681741
1599758682751
1599758683762
1599758684788
1599758685794
1599758686809
1599758687818
1599758688823
1599758689836
1599758690845
1599758691850
1599758692865
1599758693877
1599758694885
1599758695899
1599758696914
1599758697929
1599758698940
1599758699953
1599758700965
1599758701976
1599758702988
1599758703995
1599758705005
1599758706017
1599758707032
1599758708063
1599758709078
1599758710094
1599758711102
1599758712111
1599758713132
1599758714141
1599758715151
1599758716159
1599758717167
1599758718179
1599758719192
1599758720203
1599758721209
1599758722222
1599758723230
1599758724238
1599758725246
1599758726255
1599758727263
1599758728271
1599758729280
1599758730289
1599758731297
1599758732314
1599758733324
1599758734335
1599758735345
1599758736353
1599758737365
1599758738373
1599758739381
1599758740391
1599758741399
1599758742414
1599758743430
1599758744446
1599758745460
1599758746479
1599758747493
1599758748509
1599758749520
1599758750533
1599758751548
1599758752565
1599758753581
1599758754595
1599758755605
1599758756619
1599758757624
1599758758640
1599758759650
1599758760661
1599758761672
1599758762678
1599758763688
1599758764694
1599758765702
1599758766715
1599758767726
1599758768734
1599758769744
1599758770760
1599758771774
1599758772782
1599758773793
1599758774800
1599758775810
1599758776820
1599758777834
1599758778845
1599758779853
1599758780865
1599758781902
1599758782919
1599758783929
1599758784941
1599758785955
1599758786965
1599758787977
1599758788985
1599758790001
1599758791010
1599758792018
1599758793026
1599758794034
1599758795042
1599758796070
1599758797078
1599758798095
1599758799105
1599758800125
1599758801140
1599758802153
1599758803164
1599758804173
1599758805190
1599758806201
1599758807214
1599758808227
1599758809241
1599758810253
1599758811262
1599758812277
1599758813289
1599758814302
1599758815310
1599758816325
1599758817340
1599758818349
1599758819357
1599758820369
1599758821381
1599758822391
1599758823418
1599758824429
1599758825438
1599758826454
1599758827467
1599758828479
1599758829486
1599758830497
1599758831510
1599758832520
1599758833534
1599758834550
1599758835566
1599758836581
1599758837597
1599758838620
1599758839638
1599758840653
1599758841665
1599758842681
1599758843692
1599758844703
1599758845716
1599758846726
1599758847740
1599758848757
1599758849764
1599758850770
1599758851777
1599758852790
1599758853804
1599758854813
1599758855827
1599758856838
1599758857849
1599758858861
1599758859879
1599758860889
1599758861905
1599758862914
1599758863924
1599758864935
1599758865949
1599758866962
1599758867973
1599758868986
1599758869999
1599758871014
1599758872033
1599758873043
1599758874058
1599758875068
1599758876087
1599758877098
1599758878106
1599758879122
1599758880136
1599758881145
1599758882158
1599758883168
1599758884180
1599758885189
1599758886193
1599758887205
1599758888217
1599758889224
1599758890235
1599758891243
1599758892252
1599758893262
1599758894272
1599758895278
1599758896288
1599758897294
1599758898302
1599758899309
1599758900321
1599758901332
1599758902345
1599758903352
1599758904365
1599758905371
1599758906376
1599758907386
1599758908400
1599758909406
1599758910414
1599758911429
1599758912437
1599758913449
1599758914461
1599758915469
1599758916477
1599758917501
1599758918518
1599758919535
1599758920549
1599758921560
1599758922568
1599758923580
1599758924593
1599758925606
1599758926625
1599758927652
1599758928661
1599758929681
1599758930697
1599758931712
1599758932727
1599758933742
1599758934766
1599758935781
1599758936806
1599758937823
1599758938834
1599758939846
1599758940856
1599758941868
1599758942881
1599758943890
1599758944898
1599758945908
1599758946919
1599758947931
1599758948940
1599758949950
1599758950962
1599758951980
1599758952987
1599758953997
1599758955009
1599758956019
1599758957030
1599758958040
1599758959051
1599758960063
1599758961075
1599758962086
1599758963099
1599758964110
1599758965125
1599758966138
1599758967150
1599758968165
1599758969172
1599758970181
1599758971191
1599758972203
1599758973212
1599758974223
1599758975237
1599758976251
1599758977266
1599758978300
1599758979309
1599758980319
1599758981330
1599758982338
1599758983351
1599758984366
1599758985375
1599758986382
1599758987396
1599758988405
1599758989418
1599758990428
1599758991439
1599758992454
1599758993463
1599758994481
1599758995488
1599758996503
1599758997510
1599758998521
1599758999532
1599759000549
1599759001557
1599759002574
1599759003589
1599759004601
1599759005608
1599759006620
1599759007633
1599759008650
1599759009661
1599759010678
1599759011690
1599759012705
1599759013717
1599759014727
1599759015736
1599759016751
1599759017765
1599759018774
1599759019790
1599759020803
1599759021825
1599759022837
1599759023846
1599759024859
1599759025869
1599759026879
1599759027888
1599759028898
1599759029910
1599759030922
1599759031931
1599759032946
1599759033957
1599759034978
1599759035993
1599759037003
1599759038016
1599759039034
1599759040049
1599759041061
1599759042068
1599759043085
1599759044096
1599759045107
1599759046125
1599759047137
1599759048145
1599759049152
1599759050167
1599759051178
1599759052196
1599759053209
1599759054222
1599759055243
1599759056265
1599759057273
1599759058282
1599759059298
1599759060313
1599759061329
1599759062344
1599759063350
1599759064362
1599759065376
1599759066386
1599759067393
1599759068408
1599759069422
1599759070434
1599759071445
1599759072460
1599759073469
1599759074480
1599759075509
1599759076521
1599759077531
1599759078536
1599759079544
1599759080559
1599759081573
1599759082579
1599759083589
1599759084601
1599759085614
1599759086636
1599759087652
1599759088670
1599759089679
1599759090697
1599759091706
1599759092716
1599759093727
1599759094744
1599759095758
1599759096778
1599759097794
1599759098803
1599759099817
1599759100825
1599759101836
1599759102848
1599759103857
1599759104872
1599759105889
1599759106899
1599759107910
1599759108925
1599759109933
1599759110950
1599759111968
1599759112981
1599759113993
1599759115014
1599759116032
1599759117045
1599759118061
1599759119087
1599759120099
1599759121112
1599759122121
1599759123147
1599759124165
1599759125179
1599759126194
1599759127211
1599759128223
1599759129235
1599759130246
1599759131270
1599759132279
1599759133298
1599759134322
1599759135345
1599759136357
1599759137375
1599759138393
1599759139405
1599759140425
1599759141440
1599759142461
1599759143480
1599759144490
1599759145508
1599759146515
1599759147524
1599759148535
1599759149549
1599759150570
1599759151585
1599759152596
1599759153610
1599759154631
1599759155641
1599759156660
1599759157670
1599759158685
1599759159701
1599759160720
1599759161725
1599759162736
1599759163743
1599759164758
1599759165778
1599759166812
1599759167825
1599759168840
1599759169848
1599759170861
1599759171874
1599759172889
1599759173909
1599759174921
1599759175939
1599759176949
1599759177960
1599759178974
1599759179989
1599759181003
1599759182011
1599759183024
1599759184035
1599759185044
1599759186052
1599759187065
1599759188076
1599759189088
1599759190103
1599759191120
1599759192135
1599759193155
1599759194169
1599759195183
1599759196196
1599759197214
1599759198233
1599759199248
1599759200264
1599759201284
1599759202297
1599759203313
1599759204325
1599759205336
1599759206350
1599759207360
1599759208380
1599759209389
1599759210405
1599759211423
1599759212433
1599759213447
1599759214461
1599759215476
1599759216487
1599759217501
1599759218511
1599759219525
1599759220534
1599759221545
1599759222570
1599759223588
1599759224598
1599759225615
1599759226630
1599759227649
1599759228666
1599759229683
1599759230698
1599759231713
1599759232725
1599759233747
1599759234762
1599759235774
1599759236789
1599759237800
1599759238814
1599759239828
1599759240834
1599759241843
1599759242861
1599759243872
1599759244886
1599759245893
1599759246905
1599759247933
1599759248949
1599759249978
1599759250991
1599759252011
1599759253025
1599759254038
1599759255053
1599759256064
1599759257074
1599759258091
1599759259109
1599759260141
1599759261163
1599759262181
1599759263197
1599759264215
1599759265226
1599759266239
1599759267251
1599759268263
1599759269273
1599759270290
1599759271302
1599759272318
1599759273329
1599759274347
1599759275360
1599759276377
1599759277407
1599759278422
1599759279438
1599759280454
1599759281469
1599759282484
1599759283498
1599759284507
1599759285527
1599759286546
1599759287561
1599759288569
1599759289582
1599759290595
1599759291613
1599759292624
1599759293636
1599759294649
1599759295666
1599759296680
1599759297698
1599759298708
1599759299727
1599759300746
1599759301766
1599759302776
1599759303793
1599759304805
1599759305826
1599759306854
1599759307868
1599759308881
1599759309901
1599759310929
1599759311946
1599759312966
1599759313973
1599759314995
1599759316015
1599759317025
1599759318036
1599759319044
1599759320062
1599759321076
1599759322093
1599759323109
1599759324123
1599759325137
1599759326154
1599759327168
1599759328180
1599759329189
1599759330202
1599759331220
1599759332229
1599759333249
1599759334260
1599759335273
1599759336290
1599759337305
1599759338321
1599759339334
1599759340350
1599759341358
1599759342372
1599759343398
1599759344420
1599759345431
1599759346445
1599759347450
1599759348463
1599759349484
1599759350495
1599759351507
1599759352522
1599759353544
1599759354564
1599759355584
1599759356621
1599759357634
1599759358649
1599759359665
1599759360685
1599759361702
1599759362722
1599759363735
1599759364745
1599759365754
1599759366765
1599759367790
1599759368801
1599759369815
1599759370826
1599759371835
1599759372848
1599759373863
1599759374876
1599759375888
1599759376901
1599759377906
1599759378916
1599759379935
1599759380949
1599759381959
1599759382979
1599759383997
1599759385009
1599759386022
1599759387033
1599759388045
1599759389067
1599759390082
1599759391095
1599759392118
1599759393133
1599759394147
1599759395157
1599759396184
1599759397206
1599759398221
1599759399233
1599759400254
1599759401268
1599759402285
1599759403297
1599759404309
1599759405326
1599759406337
1599759407344
1599759408354
1599759409364
1599759410376
1599759411392
1599759412406
1599759413418
1599759414431
1599759415450
1599759416458
1599759417469
1599759418485
1599759419510
1599759420525
1599759421537
1599759422562
1599759423582
1599759424595
1599759425607
1599759426621
1599759427634
1599759428644
1599759429670
1599759430692
1599759431701
1599759432713
1599759433727
1599759434738
1599759435758
1599759436779
1599759437788
1599759438801
1599759439817
1599759440838
1599759441858
1599759442874
1599759443899
1599759444912
1599759445923
1599759446939
1599759447950
1599759448962
1599759449974
1599759450985
1599759451998
1599759453006
1599759454014
1599759455022
1599759456030
1599759457041
1599759458055
1599759459063
1599759460071
1599759461080
1599759462095
1599759463100
1599759464106
1599759465116
1599759466125
1599759467134
1599759468142
1599759469157
1599759470169
1599759471182
1599759472197
1599759473207
1599759474219
1599759475230
1599759476241
1599759477247
1599759478259
1599759479273
1599759480285
1599759481293
1599759482306
1599759483314
1599759484335
1599759485349
1599759486385
1599759487403
1599759488417
1599759489432
1599759490437
1599759491452
1599759492459
1599759493478
1599759494486
1599759495494
1599759496507
1599759497516
1599759498526
1599759499541
1599759500555
1599759501565
1599759502577
1599759503583
1599759504590
1599759505598
1599759506612
1599759507617
1599759508626
1599759509638
1599759510647
1599759511660
1599759512673
1599759513685
1599759514699
1599759515710
1599759516722
1599759517733
1599759518746
1599759519757
1599759520770
1599759521781
1599759522796
1599759523806
1599759524813
1599759525826
1599759526834
1599759527846
1599759528857
1599759529871
1599759530881
1599759531893
1599759532903
1599759533917
1599759534935
1599759535943
1599759536955
1599759537973
1599759538984
1599759539995
1599759541004
1599759542012
1599759543020
1599759544026
1599759545041
1599759546055
1599759547070
1599759548085
1599759549099
1599759550104
1599759551117
1599759552135
1599759553147
1599759554157
1599759555165
1599759556180
1599759557191
1599759558207
1599759559213
1599759560225
1599759561241
1599759562253
1599759563269
1599759564281
1599759565296
1599759566304
1599759567321
1599759568334
1599759569349
1599759570357
1599759571368
1599759572382
1599759573414
1599759574428
1599759575437
1599759576443
1599759577453
1599759578465
1599759579479
1599759580488
1599759581504
1599759582522
1599759583557
1599759584567
1599759585579
1599759586591
1599759587601
1599759588613
1599759589623
1599759590644
1599759591652
1599759592658
1599759593669
1599759594683
1599759595694
1599759596710
1599759597722
1599759598732
1599759599744
1599759600755
1599759601769
1599759602783
1599759603797
1599759604812
1599759605822
1599759606831
1599759607841
1599759608847
1599759609854
1599759610867
1599759611879
1599759612887
1599759613898
1599759614907
1599759615913
1599759616926
1599759617937
1599759618950
1599759619962
1599759620971
1599759621982
1599759622994
1599759624003
1599759625009
1599759626018
1599759627027
1599759628034
1599759629051
1599759630062
1599759631081
1599759632094
1599759633102
1599759634119
1599759635134
1599759636148
1599759637163
1599759638176
1599759639187
1599759640196
1599759641207
1599759642213
1599759643222
1599759644236
1599759645250
1599759646267
1599759647278
1599759648290
1599759649306
1599759650320
1599759651334
1599759652357
1599759653367
1599759654375
1599759655382
1599759656394
1599759657407
1599759658419
1599759659428
1599759660438
1599759661452
1599759662459
1599759663472
1599759664481
1599759665494
1599759666514
1599759667533
1599759668542
1599759669556
1599759670573
1599759671595
1599759672614
1599759673626
1599759674641
1599759675652
1599759676664
1599759677676
1599759678690
1599759679701
1599759680714
1599759681727
1599759682735
1599759683743
1599759684750
1599759685759
1599759686778
1599759687794
1599759688805
1599759689813
1599759690827
1599759691837
1599759692848
1599759693862
1599759694877
1599759695885
1599759696898
1599759697914
1599759698922
1599759699933
1599759700947
1599759701956
1599759702970
1599759703984
1599759704998
1599759706024
1599759707032
1599759708041
1599759709053
1599759710064
1599759711072
1599759712082
1599759713091
1599759714102
1599759715114
1599759716131
1599759717142
1599759718153
1599759719161
1599759720177
1599759721194
1599759722201
1599759723217
1599759724237
1599759725244
1599759726269
1599759727280
1599759728290
1599759729302
1599759730315
1599759731325
1599759732333
1599759733345
1599759734352
1599759735365
1599759736379
1599759737386
1599759738394
1599759739406
1599759740414
1599759741425
1599759742440
1599759743452
1599759744462
1599759745473
1599759746482
1599759747493
1599759748503
1599759749510
1599759750521
1599759751531
1599759752539
1599759753546
1599759754558
1599759755570
1599759756581
1599759757592
1599759758598
1599759759611
1599759760619
1599759761636
1599759762649
1599759763663
1599759764673
1599759765681
1599759766689
1599759767698
1599759768711
1599759769721
1599759770729
1599759771737
1599759772750
1599759773762
1599759774775
1599759775786
1599759776794
1599759777802
1599759778817
1599759779827
1599759780835
1599759781854
1599759782865
1599759783876
1599759784888
1599759785903
1599759786915
1599759787955
1599759788969
1599759789977
1599759790989
1599759792000
1599759793021
1599759794037
1599759795048
1599759796060
1599759797076
1599759798090
1599759799103
1599759800118
1599759801132
1599759802144
1599759803157
1599759804165
1599759805173
1599759806190
1599759807213
1599759808225
1599759809238
1599759810247
1599759811257
1599759812276
1599759813286
1599759814298
1599759815315
1599759816333
1599759817347
1599759818358
1599759819369
1599759820384
1599759821392
1599759822403
1599759823413
1599759824425
1599759825439
1599759826447
1599759827458
1599759828466
1599759829475
1599759830485
1599759831495
1599759832526
1599759833538
1599759834562
1599759835573
1599759836586
1599759837598
1599759838607
1599759839616
1599759840623
1599759841635
1599759842646
1599759843654
1599759844661
1599759845673
1599759846685
1599759847697
1599759848705
1599759849720
1599759850727
1599759851737
1599759852746
1599759853760
1599759854766
1599759855780
1599759856786
1599759857794
1599759858801
1599759859813
1599759860825
1599759861840
1599759862851
1599759863864
1599759864874
1599759865883
1599759866894
1599759867902
1599759868911
1599759869922
1599759870933
1599759871945
1599759872958
1599759873968
1599759874977
1599759875988
1599759877014
1599759878026
1599759879033
1599759880046
1599759881058
1599759882066
1599759883078
1599759884093
1599759885100
1599759886107
1599759887124
1599759888140
1599759889148
1599759890158
1599759891168
1599759892179
1599759893187
1599759894195
1599759895206
1599759896224
1599759897230
1599759898238
1599759899249
1599759900269
1599759901279
1599759902290
1599759903302
1599759904320
1599759905337
1599759906352
1599759907368
1599759908380
1599759909392
1599759910404
1599759911419
1599759912425
1599759913435
1599759914451
1599759915458
1599759916473
1599759917491
1599759918513
1599759919531
1599759920537
1599759921546
1599759922563
1599759923577
1599759924585
1599759925597
1599759926609
1599759927620
1599759928636
1599759929649
1599759930661
1599759931677
1599759932696
1599759933708
1599759934720
1599759935733
1599759936749
1599759937758
1599759938784
1599759939797
1599759940808
1599759941819
1599759942835
1599759943846
1599759944860
1599759945874
1599759946886
1599759947895
1599759948908
1599759949917
1599759950923
1599759951936
1599759952945
1599759953959
1599759954968
1599759955980
1599759956994
1599759958008
1599759959020
1599759960027
1599759961034
1599759962046
1599759963055
1599759964063
1599759965074
1599759966088
1599759967097
1599759968112
1599759969121
1599759970132
1599759971151
1599759972161
1599759973173
1599759974185
1599759975193
1599759976201
1599759977227
1599759978237
1599759979245
1599759980253
1599759981265
1599759982273
1599759983297
1599759984312
1599759985325
1599759986335
1599759987345
1599759988355
1599759989364
1599759990381
1599759991391
1599759992399
1599759993411
1599759994420
1599759995433
1599759996444
1599759997455
1599759998476
1599759999488
1599760000504
1599760001512
1599760002525
1599760003537
1599760004549
1599760005562
1599760006578
1599760007584
1599760008598
1599760009612
1599760010625
1599760011633
1599760012641
1599760013649
1599760014661
1599760015677
1599760016686
1599760017696
1599760018708
1599760019714
1599760020725
1599760021737
1599760022753
1599760023764
1599760024778
1599760025793
1599760026804
1599760027817
1599760028831
1599760029844
1599760030856
1599760031868
1599760032876
1599760033887
1599760034898
1599760035907
1599760036921
1599760037935
1599760038946
1599760039956
1599760040967
1599760041976
1599760042994
1599760044010
1599760045024
1599760046036
1599760047043
1599760048060
1599760049070
1599760050079
1599760051093
1599760052114
1599760053131
1599760054141
1599760055151
1599760056160
1599760057172
1599760058189
1599760059198
1599760060207
1599760061216
1599760062224
1599760063234
1599760064243
1599760065252
1599760066261
1599760067269
1599760068283
1599760069293
1599760070310
1599760071326
1599760072340
1599760073348
1599760074357
1599760075369
1599760076380
1599760077393
1599760078405
1599760079418
1599760080445
1599760081459
1599760082469
1599760083484
1599760084496
1599760085502
1599760086519
1599760087529
1599760088547
1599760089556
1599760090566
1599760091576
1599760092585
1599760093601
1599760094616
1599760095625
1599760096642
1599760097657
1599760098667
1599760099675
1599760100686
1599760101714
1599760102728
1599760103740
1599760104754
1599760105762
1599760106771
1599760107782
1599760108790
1599760109801
1599760110809
1599760111818
1599760112826
1599760113834
1599760114845
1599760115854
1599760116866
1599760117876
1599760118903
1599760119920
1599760120929
1599760121940
1599760122948
1599760123959
1599760124975
1599760125984
1599760126993
1599760128002
1599760129027
1599760130037
1599760131054
1599760132063
1599760133072
1599760134080
1599760135086
1599760136095
1599760137105
1599760138117
1599760139130
1599760140144
1599760141150
1599760142160
1599760143167
1599760144174
1599760145191
1599760146200
1599760147212
1599760148225
1599760149235
1599760150242
1599760151256
1599760152268
1599760153281
1599760154297
1599760155321
1599760156332
1599760157345
1599760158359
1599760159369
1599760160380
1599760161397
1599760162411
1599760163418
1599760164430
1599760165439
1599760166452
1599760167461
1599760168473
1599760169482
1599760170489
1599760171501
1599760172514
1599760173523
1599760174533
1599760175538
1599760176552
1599760177563
1599760178574
1599760179583
1599760180594
1599760181605
1599760182615
1599760183627
1599760184641
1599760185655
1599760186669
1599760187681
1599760188693
1599760189705
1599760190721
1599760191731
1599760192742
1599760193752
1599760194762
1599760195771
1599760196790
1599760197801
1599760198813
1599760199826
1599760200839
1599760201847
1599760202857
1599760203883
1599760204909
1599760205924
1599760206935
1599760207948
1599760208961
1599760209976
1599760210987
1599760212000
1599760213009
1599760214019
1599760215030
1599760216040
1599760217059
1599760218066
1599760219078
1599760220087
1599760221098
1599760222108
1599760223117
1599760224128
1599760225135
1599760226153
1599760227164
1599760228170
1599760229183
1599760230193
1599760231205
1599760232220
1599760233228
1599760234240
1599760235253
1599760236262
1599760237273
1599760238280
1599760239294
1599760240307
1599760241318
1599760242329
1599760243338
1599760244353
1599760245364
1599760246373
1599760247384
1599760248405
1599760249415
1599760250423
1599760251431
1599760252445
1599760253453
1599760254464
1599760255473
1599760256489
1599760257501
1599760258521
1599760259531
1599760260541
1599760261547
1599760262564
1599760263574
1599760264582
1599760265591
1599760266603
1599760267616
1599760268634
1599760269650
1599760270662
1599760271676
1599760272685
1599760273697
1599760274707
1599760275722
1599760276734
1599760277744
1599760278760
1599760279771
1599760280785
1599760281800
1599760282809
1599760283825
1599760284836
1599760285842
1599760286851
1599760287862
1599760288886
1599760289895
1599760290903
1599760291912
1599760292933
1599760293953
1599760294961
1599760295973
1599760296991
1599760298006
1599760299017
1599760300023
1599760301030
1599760302039
1599760303053
1599760304061
1599760305074
1599760306088
1599760307101
1599760308115
1599760309129
1599760310147
1599760311160
1599760312171
1599760313187
1599760314199
1599760315210
1599760316219
1599760317237
1599760318248
1599760319256
1599760320269
1599760321284
1599760322298
1599760323310
1599760324324
1599760325336
1599760326344
1599760327358
1599760328373
1599760329382
1599760330392
1599760331400
1599760332412
1599760333427
1599760334440
1599760335449
1599760336461
1599760337466
1599760338476
1599760339489
1599760340502
1599760341513
1599760342521
1599760343535
1599760344544
1599760345552
1599760346567
1599760347576
1599760348585
1599760349595
1599760350610
1599760351620
1599760352632
1599760353653
1599760354673
1599760355682
1599760356690
1599760357704
1599760358711
1599760359719
1599760360729
1599760361741
1599760362753
1599760363765
1599760364777
1599760365787
1599760366798
1599760367814
1599760368826
1599760369833
1599760370849
1599760371857
1599760372868
1599760373876
1599760374885
1599760375895
1599760376905
1599760377914
1599760378923
1599760379933
1599760380942
1599760381956
1599760382968
1599760383982
1599760384991
1599760386005
1599760387016
1599760388030
1599760389039
1599760390053
1599760391062
1599760392074
1599760393086
1599760394094
1599760395102
1599760396115
1599760397124
1599760398130
1599760399140
1599760400154
1599760401163
1599760402170
1599760403185
1599760404193
1599760405205
1599760406210
1599760407219
1599760408227
1599760409245
1599760410252
1599760411266
1599760412277
1599760413288
1599760414297
1599760415303
1599760416311
1599760417320
1599760418327
1599760419335
1599760420343
1599760421351
1599760422360
1599760423366
1599760424381
1599760425393
1599760426399
1599760427408
1599760428419
1599760429431
1599760430440
1599760431446
1599760432457
1599760433466
1599760434474
1599760435482
1599760436500
1599760437515
1599760438529
1599760439536
1599760440548
1599760441557
1599760442568
1599760443581
1599760444593
1599760445609
1599760446621
1599760447631
1599760448638
1599760449652
1599760450661
1599760451681
1599760452689
1599760453701
1599760454710
1599760455741
1599760456749
1599760457761
1599760458778
1599760459790
1599760460801
1599760461813
1599760462834
1599760463845
1599760464866
1599760465876
1599760466885
1599760467902
1599760468910
1599760469930
1599760470944
1599760471955
1599760472966
1599760473979
1599760474988
1599760476010
1599760477022
1599760478033
1599760479041
1599760480049
1599760481058
1599760482068
1599760483074
1599760484084
1599760485104
1599760486111
1599760487121
1599760488135
1599760489144
1599760490154
1599760491167
1599760492181
1599760493190
1599760494200
1599760495213
1599760496220
1599760497228
1599760498242
1599760499256
1599760500262
1599760501270
1599760502279
1599760503286
1599760504304
1599760505313
1599760506321
1599760507326
1599760508334
1599760509344
1599760510352
1599760511358
1599760512368
1599760513381
1599760514394
1599760515401
1599760516413
1599760517424
1599760518429
1599760519445
1599760520457
1599760521470
1599760522484
1599760523498
1599760524507
1599760525517
1599760526537
1599760527552
1599760528566
1599760529577
1599760530582
1599760531590
1599760532601
1599760533614
1599760534628
1599760535637
1599760536650
1599760537659
1599760538668
1599760539678
1599760540686
1599760541696
1599760542706
1599760543718
1599760544729
1599760545740
1599760546757
1599760547766
1599760548775
1599760549787
1599760550799
1599760551814
1599760552828
1599760553840
1599760554849
1599760555862
1599760556873
1599760557878
1599760558884
1599760559893
1599760560903
1599760561913
1599760562921
1599760563929
1599760564936
1599760565947
1599760566960
1599760567972
1599760568985
1599760570002
1599760571010
1599760572020
1599760573032
1599760574039
1599760575049
1599760576069
1599760577077
1599760578097
1599760579108
1599760580118
1599760581138
1599760582147
1599760583177
1599760584186
1599760585196
1599760586206
1599760587217
1599760588225
1599760589234
1599760590243
1599760591252
1599760592269
1599760593285
1599760594292
1599760595301
1599760596321
1599760597336
1599760598345
1599760599357
1599760600363
1599760601369
1599760602380
1599760603393
1599760604400
1599760605408
1599760606417
1599760607429
1599760608437
1599760609449
1599760610470
1599760611485
1599760612509
1599760613523
1599760614534
1599760615546
1599760616554
1599760617565
1599760618581
1599760619592
1599760620600
1599760621609
1599760622621
1599760623637
1599760624653
1599760625661
1599760626671
1599760627680
1599760628691
1599760629700
1599760630707
1599760631717
1599760632727
1599760633744
1599760634758
1599760635768
1599760636775
1599760637782
1599760638796
1599760639807
1599760640818
1599760641829
1599760642838
1599760643851
1599760644868
1599760645880
1599760646894
1599760647904
1599760648913
1599760649921
1599760650932
1599760651950
1599760652963
1599760653976
1599760654987
1599760656003
1599760657021
1599760658031
1599760659039
1599760660047
1599760661060
1599760662069
1599760663081
1599760664092
1599760665104
1599760666117
1599760667128
1599760668139
1599760669160
1599760670170
1599760671181
1599760672188
1599760673207
1599760674219
1599760675227
1599760676233
1599760677251
1599760678262
1599760679272
1599760680282
1599760681291
1599760682305
1599760683313
1599760684325
1599760685336
1599760686342
1599760687356
1599760688362
1599760689376
1599760690382
1599760691395
1599760692405
1599760693417
1599760694424
1599760695434
1599760696445
1599760697460
1599760698483
1599760699502
1599760700510
1599760701519
1599760702529
1599760703541
1599760704555
1599760705564
1599760706569
1599760707581
1599760708594
1599760709603
1599760710609
1599760711620
1599760712635
1599760713644
1599760714674
1599760715682
1599760716704
1599760717714
1599760718723
1599760719731
1599760720745
1599760721774
1599760722802
1599760723815
1599760724822
1599760725836
1599760726845
1599760727877
1599760728897
1599760729910
1599760730917
1599760731923
1599760732934
1599760733940
1599760734952
1599760735962
1599760736974
1599760737995
1599760739005
1599760740019
1599760741029
1599760742039
1599760743052
1599760744065
1599760745078
1599760746097
1599760747112
1599760748125
1599760749136
1599760750154
1599760751168
1599760752177
1599760753186
1599760754194
1599760755208
1599760756221
1599760757240
1599760758253
1599760759274
1599760760285
1599760761297
1599760762308
1599760763323
1599760764332
1599760765342
1599760766351
1599760767368
1599760768380
1599760769391
1599760770410
1599760771419
1599760772425
1599760773434
1599760774448
1599760775463
1599760776486
1599760777499
1599760778508
1599760779518
1599760780526
1599760781537
1599760782550
1599760783561
1599760784570
1599760785580
1599760786594
1599760787609
1599760788618
1599760789629
1599760790638
1599760791649
1599760792662
1599760793675
1599760794691
1599760795698
1599760796707
1599760797718
1599760798726
1599760799734
1599760800748
1599760801762
1599760802772
1599760803778
1599760804811
1599760805818
1599760806827
1599760807838
1599760808864
1599760809879
1599760810889
1599760811902
1599760812931
1599760813943
1599760814950
1599760815969
1599760816985
1599760818007
1599760819016
1599760820025
1599760821034
1599760822043
1599760823057
1599760824065
1599760825077
1599760826083
1599760827094
1599760828102
1599760829113
1599760830121
1599760831136
1599760832149
1599760833158
1599760834169
1599760835180
1599760836185
1599760837196
1599760838205
1599760839218
1599760840226
1599760841237
1599760842246
1599760843261
1599760844273
1599760845291
1599760846296
1599760847306
1599760848318
1599760849326
1599760850337
1599760851344
1599760852368
1599760853381
1599760854389
1599760855401
1599760856410
1599760857429
1599760858445
1599760859469
1599760860490
1599760861497
1599760862506
1599760863520
1599760864526
1599760865542
1599760866556
1599760867569
1599760868591
1599760869599
1599760870610
1599760871621
1599760872626
1599760873641
1599760874648
1599760875657
1599760876673
1599760877680
1599760878693
1599760879702
1599760880711
1599760881723
1599760882745
1599760883757
1599760884766
1599760885778
1599760886786
1599760887799
1599760888806
1599760889817
1599760890825
1599760891843
1599760892852
1599760893871
1599760894882
1599760895894
1599760896909
1599760897919
1599760898929
1599760899948
1599760900957
1599760901969
1599760902980
1599760903991
1599760905011
1599760906028
1599760907036
1599760908043
1599760909050
1599760910086
1599760911094
1599760912102
1599760913112
1599760914124
1599760915132
1599760916141
1599760917153
1599760918168
1599760919176
1599760920184
1599760921197
1599760922206
1599760923215
1599760924227
1599760925235
1599760926244
1599760927257
1599760928269
1599760929276
1599760930289
1599760931300
1599760932317
1599760933324
1599760934332
1599760935342
1599760936353
1599760937365
1599760938374
1599760939385
1599760940395
1599760941402
1599760942411
1599760943421
1599760944430
1599760945441
1599760946452
1599760947464
1599760948475
1599760949485
1599760950497
1599760951505
1599760952515
1599760953525
1599760954541
1599760955548
1599760956563
1599760957577
1599760958593
1599760959609
1599760960622
1599760961627
1599760962637
1599760963651
1599760964660
1599760965672
1599760966688
1599760967702
1599760968718
1599760969734
1599760970750
1599760971762
1599760972781
1599760973797
1599760974813
1599760975830
1599760976841
1599760977853
1599760978864
1599760979878
1599760980888
1599760981898
1599760982905
1599760983916
1599760984937
1599760985949
1599760986960
1599760987970
1599760988983
1599760989990
1599760990999
1599760992011
1599760993021
1599760994030
1599760995041
1599760996047
1599760997060
1599760998072
1599760999079
1599761000087
1599761001099
1599761002107
1599761003119
1599761004128
1599761005135
1599761006143
1599761007151
1599761008166
1599761009180
1599761010197
1599761011227
1599761012236
1599761013260
1599761014277
1599761015290
1599761016304
1599761017316
1599761018324
1599761019339
1599761020359
1599761021377
1599761022384
1599761023395
1599761024406
1599761025417
1599761026427
1599761027436
1599761028446
1599761029461
1599761030473
1599761031484
1599761032501
1599761033518
1599761034536
1599761035545
1599761036562
1599761037576
1599761038587
1599761039595
1599761040608
1599761041614
1599761042627
1599761043637
1599761044656
1599761045662
1599761046676
1599761047686
1599761048694
1599761049703
1599761050714
1599761051725
1599761052737
1599761053750
1599761054764
1599761055773
1599761056789
1599761057798
1599761058809
1599761059817
1599761060830
1599761061837
1599761062846
1599761063857
1599761064869
1599761065881
1599761066887
1599761067900
1599761068915
1599761069929
1599761070943
1599761071964
1599761072980
1599761073993
1599761075009
1599761076022
1599761077039
1599761078049
1599761079061
1599761080073
1599761081081
1599761082095
1599761083109
1599761084119
1599761085133
1599761086144
1599761087157
1599761088178
1599761089190
1599761090201
1599761091212
1599761092221
1599761093234
1599761094248
1599761095267
1599761096277
1599761097285
1599761098297
1599761099310
1599761100320
1599761101332
1599761102337
1599761103349
1599761104361
1599761105376
1599761106385
1599761107397
1599761108408
1599761109418
1599761110429
1599761111436
1599761112444
1599761113457
1599761114465
1599761115477
1599761116485
1599761117491
1599761118505
1599761119514
1599761120528
1599761121537
1599761122553
1599761123569
1599761124585
1599761125605
1599761126616
1599761127624
1599761128634
1599761129648
1599761130662
1599761131675
1599761132689
1599761133707
1599761134717
1599761135725
1599761136732
1599761137737
1599761138745
1599761139758
1599761140771
1599761141777
1599761142789
1599761143806
1599761144813
1599761145829
1599761146841
1599761147851
1599761148861
1599761149869
1599761150878
1599761151892
1599761152903
1599761153913
1599761154919
1599761155925
1599761156932
1599761157942
1599761158951
1599761159960
1599761160971
1599761161988
1599761162996
1599761164008
1599761165025
1599761166037
1599761167057
1599761168074
1599761169085
1599761170097
1599761171109
1599761172125
1599761173141
1599761174157
1599761175169
1599761176191
1599761177205
1599761178212
1599761179225
1599761180241
1599761181257
1599761182261
1599761183275
1599761184289
1599761185297
1599761186309
1599761187320
1599761188329
1599761189341
1599761190350
1599761191364
1599761192377
1599761193387
1599761194402
1599761195413
1599761196425
1599761197436
1599761198443
1599761199454
1599761200469
1599761201481
1599761202489
1599761203500
1599761204512
1599761205525
1599761206542
1599761207551
1599761208563
1599761209575
1599761210584
1599761211595
1599761212604
1599761213626
1599761214640
1599761215651
1599761216664
1599761217677
1599761218693
1599761219709
1599761220725
1599761221739
1599761222749
1599761223765
1599761224799
1599761225813
1599761226829
1599761227843
1599761228857
1599761229865
1599761230881
1599761231892
1599761232905
1599761233914
1599761234925
1599761235937
1599761236951
1599761237965
1599761238981
1599761240001
1599761241021
1599761242033
1599761243046
1599761244074
1599761245089
1599761246105
1599761247123
1599761248137
1599761249154
1599761250164
1599761251172
1599761252186
1599761253197
1599761254207
1599761255217
1599761256226
1599761257250
1599761258262
1599761259272
1599761260286
1599761261299
1599761262313
1599761263327
1599761264335
1599761265343
1599761266357
1599761267369
1599761268380
1599761269386
1599761270394
1599761271404
1599761272429
1599761273444
1599761274457
1599761275470
1599761276482
1599761277494
1599761278505
1599761279519
1599761280529
1599761281540
1599761282553
1599761283565
1599761284578
1599761285585
1599761286610
1599761287626
1599761288640
1599761289655
1599761290670
1599761291681
1599761292698
1599761293713
1599761294728
1599761295740
1599761296754
1599761297772
1599761298782
1599761299802
1599761300816
1599761301833
1599761302855
1599761303874
1599761304888
1599761305906
1599761306920
1599761307933
1599761308948
1599761309960
1599761310976
1599761311996
1599761313008
1599761314018
1599761315033
1599761316048
1599761317060
1599761318077
1599761319093
1599761320108
1599761321122
1599761322137
1599761323152
1599761324163
1599761325177
1599761326186
1599761327201
1599761328217
1599761329227
1599761330236
1599761331245
1599761332257
1599761333264
1599761334273
1599761335289
1599761336301
1599761337318
1599761338329
1599761339340
1599761340354
1599761341370
1599761342385
1599761343397
1599761344420
1599761345433
1599761346444
1599761347463
1599761348483
1599761349498
1599761350508
1599761351522
1599761352537
1599761353550
1599761354564
1599761355583
1599761356599
1599761357613
1599761358622
1599761359638
1599761360653
1599761361663
1599761362674
1599761363690
1599761364704
1599761365720
1599761366738
1599761367758
1599761368768
1599761369777
1599761370790
1599761371806
1599761372817
1599761373833
1599761374846
1599761375857
1599761376872
1599761377893
1599761378905
1599761379930
1599761380944
1599761381952
1599761382964
1599761383980
1599761384993
1599761386009
1599761387033
1599761388055
1599761389067
1599761390084
1599761391097
1599761392106
1599761393130
1599761394146
1599761395160
1599761396172
1599761397185
1599761398197
1599761399211
1599761400225
1599761401233
1599761402251
1599761403260
1599761404282
1599761405312
1599761406326
1599761407342
1599761408353
1599761409374
1599761410389
1599761411403
1599761412414
1599761413418
1599761414430
1599761415460
1599761416470
1599761417479
1599761418489
1599761419499
1599761420516
1599761421525
1599761422543
1599761423557
1599761424573
1599761425584
1599761426604
1599761427614
1599761428623
1599761429636
1599761430646
1599761431654
1599761432662
1599761433672
1599761434684
1599761435694
1599761436708
1599761437719
1599761438729
1599761439740
1599761440753
1599761441769
1599761442784
1599761443792
1599761444814
1599761445828
1599761446848
1599761447862
1599761448878
1599761449898
1599761450916
1599761451927
1599761452938
1599761453948
1599761454962
1599761455988
1599761457016
1599761458036
1599761459051
1599761460068
1599761461088
1599761462105
1599761463128
1599761464141
1599761465157
1599761466170
1599761467177
1599761468194
1599761469205
1599761470228
1599761471245
1599761472257
1599761473269
1599761474279
1599761475297
1599761476314
1599761477325
1599761478344
1599761479357
1599761480376
1599761481384
1599761482392
1599761483404
1599761484416
1599761485429
1599761486442
1599761487457
1599761488475
1599761489482
1599761490495
1599761491504
1599761492514
1599761493528
1599761494537
1599761495553
1599761496563
1599761497575
1599761498583
1599761499592
1599761500598
1599761501614
1599761502624
1599761503634
1599761504649
1599761505663
1599761506671
1599761507680
1599761508686
1599761509693
1599761510701
1599761511731
1599761512738
1599761513746
1599761514762
1599761515771
1599761516790
1599761517797
1599761518811
1599761519821
1599761520829
1599761521838
1599761522846
1599761523862
1599761524880
1599761525890
1599761526904
1599761527917
1599761528928
1599761529938
1599761530947
1599761531954
1599761532979
1599761533994
1599761535003
1599761536015
1599761537034
1599761538044
1599761539061
1599761540075
1599761541082
1599761542103
1599761543117
1599761544128
1599761545136
1599761546144
1599761547153
1599761548166
1599761549181
1599761550187
1599761551196
1599761552206
1599761553216
1599761554226
1599761555241
1599761556251
1599761557260
1599761558273
1599761559282
1599761560292
1599761561301
1599761562321
1599761563334
1599761564350
1599761565380
1599761566397
1599761567412
1599761568430
1599761569439
1599761570450
1599761571460
1599761572469
1599761573481
1599761574488
1599761575502
1599761576518
1599761577529
1599761578536
1599761579542
1599761580554
1599761581574
1599761582584
1599761583591
1599761584602
1599761585617
1599761586635
1599761587645
1599761588657
1599761589670
1599761590678
1599761591691
1599761592698
1599761593716
1599761594727
1599761595733
1599761596743
1599761597760
1599761598768
1599761599791
1599761600797
1599761601807
1599761602818
1599761603829
1599761604845
1599761605850
1599761606855
1599761607863
1599761608869
1599761609881
1599761610897
1599761611905
1599761612917
1599761613926
1599761614935
1599761615956
1599761616966
1599761617977
1599761618988
1599761619998
1599761621006
1599761622021
1599761623031
1599761624045
1599761625057
1599761626075
1599761627082
1599761628097
1599761629109
1599761630120
1599761631136
1599761632149
1599761633161
1599761634181
1599761635193
1599761636202
1599761637210
1599761638217
1599761639225
1599761640239
1599761641245
1599761642254
1599761643267
1599761644276
1599761645285
1599761646295
1599761647306
1599761648320
1599761649329
1599761650340
1599761651351
1599761652361
1599761653371
1599761654382
1599761655394
1599761656401
1599761657412
1599761658422
1599761659433
1599761660454
1599761661468
1599761662485
1599761663497
1599761664514
1599761665532
1599761666545
1599761667556
1599761668565
1599761669576
1599761670590
1599761671599
1599761672606
1599761673619
1599761674632
1599761675641
1599761676650
1599761677659
1599761678670
1599761679680
1599761680687
1599761681707
1599761682724
1599761683731
1599761684738
1599761685752
1599761686761
1599761687769
1599761688784
1599761689796
1599761690809
1599761691819
1599761692827
1599761693838
1599761694848
1599761695855
1599761696869
1599761697885
1599761698897
1599761699919
1599761700928
1599761701935
1599761702944
1599761703957
1599761704967
1599761705976
1599761706986
1599761707993
1599761709004
1599761710013
1599761711022
1599761712039
1599761713049
1599761714066
1599761715080
1599761716089
1599761717110
1599761718122
1599761719132
1599761720142
1599761721157
1599761722177
1599761723196
1599761724215
1599761725227
1599761726243
1599761727265
1599761728276
1599761729286
1599761730294
1599761731302
1599761732323
1599761733332
1599761734352
1599761735362
1599761736372
1599761737378
1599761738398
1599761739410
1599761740426
1599761741435
1599761742450
1599761743459
1599761744469
1599761745477
1599761746487
1599761747498
1599761748510
1599761749521
1599761750534
1599761751546
1599761752557
1599761753576
1599761754588
1599761755597
1599761756614
1599761757624
1599761758636
1599761759646
1599761760660
1599761761694
1599761762718
1599761763729
1599761764751
1599761765765
1599761766780
1599761767793
1599761768808
1599761769821
1599761770837
1599761771854
1599761772869
1599761773879
1599761774889
1599761775900
1599761776917
1599761777935
1599761778949
1599761779960
1599761780971
1599761781981
1599761782995
