1599754592911
1599754593920
1599754594933
1599754595941
1599754596956
1599754597969
1599754598978
1599754599988
1599754601005
1599754602017
1599754603029
1599754604045
1599754605056
1599754606065
1599754607076
1599754608089
1599754609105
1599754610117
1599754611131
1599754612145
1599754613159
1599754614173
1599754615185
1599754616199
1599754617208
1599754618228
1599754619239
1599754620258
1599754621270
1599754622284
1599754623296
1599754624312
1599754625329
1599754626347
1599754627357
1599754628367
1599754629379
1599754630386
1599754631395
1599754632405
1599754633417
1599754634428
1599754635434
1599754636449
1599754637463
1599754638473
1599754639486
1599754640497
1599754641506
1599754642516
1599754643528
1599754644541
1599754645554
1599754646568
1599754647585
1599754648601
1599754649617
1599754650629
1599754651640
1599754652648
1599754653661
1599754654671
1599754655682
1599754656701
1599754657711
1599754658722
1599754659734
1599754660747
1599754661756
1599754662764
1599754663777
1599754664789
1599754665797
1599754666811
1599754667824
1599754668836
1599754669846
1599754670854
1599754671866
1599754672881
1599754673892
1599754674903
1599754675913
1599754676925
1599754677941
1599754678954
1599754679976
1599754680993
1599754682014
1599754683026
1599754684037
1599754685053
1599754686081
1599754687094
1599754688103
1599754689114
1599754690128
1599754691142
1599754692149
1599754693161
1599754694176
1599754695186
1599754696193
1599754697208
1599754698224
1599754699232
1599754700249
1599754701267
1599754702280
1599754703292
1599754704304
1599754705317
1599754706331
1599754707344
1599754708358
1599754709369
1599754710384
1599754711396
1599754712408
1599754713420
1599754714433
1599754715445
1599754716460
1599754717469
1599754718477
1599754719488
1599754720496
1599754721517
1599754722528
1599754723541
1599754724552
1599754725569
1599754726584
1599754727601
1599754728616
1599754729631
1599754730643
1599754731654
1599754732665
1599754733681
1599754734698
1599754735713
1599754736725
1599754737752
1599754738780
1599754739805
1599754740824
1599754741840
1599754742853
1599754743868
1599754744882
1599754745887
1599754746901
1599754747910
1599754748917
1599754749928
1599754750938
1599754751953
1599754752971
1599754753982
1599754754996
1599754756002
1599754757013
1599754758024
1599754759033
1599754760049
1599754761067
1599754762080
1599754763090
1599754764097
1599754765105
1599754766121
1599754767129
1599754768136
1599754769149
1599754770161
1599754771174
1599754772185
1599754773197
1599754774211
1599754775224
1599754776236
1599754777252
1599754778263
1599754779272
1599754780281
1599754781292
1599754782302
1599754783314
1599754784324
1599754785338
1599754786366
1599754787381
1599754788396
1599754789411
1599754790443
1599754791449
1599754792464
1599754793473
1599754794503
1599754795513
1599754796529
1599754797537
1599754798549
1599754799559
1599754800566
1599754801576
1599754802588
1599754803611
1599754804624
1599754805635
1599754806645
1599754807655
1599754808665
1599754809679
1599754810687
1599754811699
1599754812709
1599754813720
1599754814729
1599754815739
1599754816748
1599754817761
1599754818773
1599754819782
1599754820789
1599754821800
1599754822814
1599754823826
1599754824840
1599754825856
1599754826868
1599754827881
1599754828894
1599754829906
1599754830927
1599754831937
1599754832948
1599754833958
1599754834970
1599754835982
1599754836989
1599754837997
1599754839005
1599754840024
1599754841036
1599754842049
1599754843060
1599754844076
1599754845089
1599754846097
1599754847109
1599754848117
1599754849125
1599754850136
1599754851144
1599754852152
1599754853161
1599754854173
1599754855184
1599754856202
1599754857212
1599754858226
1599754859242
1599754860254
1599754861264
1599754862275
1599754863292
1599754864303
1599754865322
1599754866333
1599754867341
1599754868350
1599754869360
1599754870371
1599754871381
1599754872392
1599754873401
1599754874412
1599754875428
1599754876439
1599754877459
1599754878468
1599754879480
1599754880490
1599754881501
1599754882518
1599754883529
1599754884545
1599754885553
1599754886565
1599754887579
1599754888598
1599754889608
1599754890640
1599754891656
1599754892672
1599754893683
1599754894690
1599754895704
1599754896727
1599754897738
1599754898753
1599754899766
1599754900774
1599754901793
1599754902811
1599754903822
1599754904831
1599754905842
1599754906856
1599754907874
1599754908882
1599754909892
1599754910912
1599754911930
1599754912938
1599754913949
1599754914961
1599754915974
1599754916984
1599754918000
1599754919012
1599754920025
1599754921040
1599754922056
1599754923071
1599754924084
1599754925100
1599754926116
1599754927130
1599754928144
1599754929156
1599754930167
1599754931176
1599754932188
1599754933204
1599754934220
1599754935233
1599754936241
1599754937250
1599754938262
1599754939281
1599754940293
1599754941305
1599754942317
1599754943335
1599754944343
1599754945359
1599754946366
1599754947375
1599754948381
1599754949389
1599754950400
1599754951412
1599754952421
1599754953430
1599754954440
1599754955455
1599754956464
1599754957478
1599754958489
1599754959501
1599754960509
1599754961518
1599754962531
1599754963551
1599754964565
1599754965573
1599754966581
1599754967591
1599754968608
1599754969617
1599754970637
1599754971646
1599754972657
1599754973670
1599754974680
1599754975692
1599754976704
1599754977713
1599754978725
1599754979740
1599754980753
1599754981766
1599754982774
1599754983789
1599754984799
1599754985812
1599754986823
1599754987833
1599754988845
1599754989856
1599754990868
1599754991880
1599754992889
1599754993904
1599754994910
1599754995922
1599754996933
1599754997943
1599754998956
1599754999968
1599755000984
1599755001994
1599755003006
1599755004021
1599755005035
1599755006045
1599755007058
1599755008066
1599755009080
1599755010088
1599755011119
1599755012132
1599755013142
1599755014153
1599755015165
1599755016177
1599755017188
1599755018205
1599755019214
1599755020225
1599755021237
1599755022246
1599755023262
1599755024273
1599755025284
1599755026302
1599755027311
1599755028320
1599755029326
1599755030340
1599755031349
1599755032360
1599755033377
1599755034390
1599755035400
1599755036412
1599755037422
1599755038441
1599755039452
1599755040465
1599755041476
1599755042486
1599755043500
1599755044516
1599755045525
1599755046537
1599755047548
1599755048559
1599755049568
1599755050578
1599755051589
1599755052600
1599755053610
1599755054620
1599755055630
1599755056641
1599755057649
1599755058659
1599755059665
1599755060674
1599755061681
1599755062691
1599755063700
1599755064713
1599755065728
1599755066746
1599755067756
1599755068769
1599755069781
1599755070797
1599755071808
1599755072820
1599755073834
1599755074840
1599755075856
1599755076867
1599755077875
1599755078882
1599755079892
1599755080909
1599755081922
1599755082935
1599755083943
1599755084959
1599755085967
1599755086980
1599755087988
1599755088998
1599755090004
1599755091026
1599755092034
1599755093044
1599755094053
1599755095073
1599755096088
1599755097096
1599755098111
1599755099120
1599755100133
1599755101150
1599755102161
1599755103171
1599755104181
1599755105193
1599755106201
1599755107214
1599755108225
1599755109239
1599755110253
1599755111264
1599755112272
1599755113283
1599755114293
1599755115303
1599755116312
1599755117324
1599755118340
1599755119351
1599755120360
1599755121377
1599755122391
1599755123403
1599755124413
1599755125429
1599755126444
1599755127463
1599755128477
1599755129492
1599755130509
1599755131522
1599755132532
1599755133545
1599755134561
1599755135576
1599755136589
1599755137602
1599755138610
1599755139620
1599755140625
1599755141636
1599755142644
1599755143652
1599755144664
1599755145675
1599755146684
1599755147698
1599755148711
1599755149724
1599755150730
1599755151742
1599755152748
1599755153763
1599755154771
1599755155784
1599755156797
1599755157809
1599755158821
1599755159828
1599755160836
1599755161845
1599755162858
1599755163876
1599755164890
1599755165901
1599755166913
1599755167925
1599755168941
1599755169956
1599755170969
1599755171980
1599755172990
1599755174004
1599755175016
1599755176028
1599755177038
1599755178056
1599755179072
1599755180082
1599755181092
1599755182104
1599755183124
1599755184139
1599755185153
1599755186167
1599755187180
1599755188192
1599755189208
1599755190225
1599755191241
1599755192256
1599755193277
1599755194293
1599755195306
1599755196316
1599755197324
1599755198333
1599755199352
1599755200366
1599755201377
1599755202392
1599755203409
1599755204421
1599755205434
1599755206448
1599755207461
1599755208480
1599755209496
1599755210508
1599755211520
1599755212536
1599755213552
1599755214573
1599755215585
1599755216596
1599755217610
1599755218620
1599755219634
1599755220649
1599755221666
1599755222678
1599755223688
1599755224704
1599755225724
1599755226735
1599755227744
1599755228768
1599755229784
1599755230806
1599755231815
1599755232828
1599755233838
1599755234853
1599755235863
1599755236877
1599755237885
1599755238900
1599755239909
1599755240921
1599755241936
1599755242944
1599755243955
1599755244973
1599755245987
1599755247002
1599755248024
1599755249035
1599755250048
1599755251061
1599755252071
1599755253092
1599755254108
1599755255115
1599755256128
1599755257146
1599755258157
1599755259166
1599755260177
1599755261185
1599755262198
1599755263209
1599755264220
1599755265227
1599755266235
1599755267243
1599755268253
1599755269262
1599755270271
1599755271291
1599755272307
1599755273325
1599755274341
1599755275356
1599755276372
1599755277391
1599755278407
1599755279423
1599755280433
1599755281444
1599755282456
1599755283469
1599755284485
1599755285505
1599755286517
1599755287526
1599755288537
1599755289542
1599755290555
1599755291567
1599755292588
1599755293597
1599755294608
1599755295627
1599755296640
1599755297660
1599755298678
1599755299699
1599755300713
1599755301730
1599755302742
1599755303753
1599755304767
1599755305777
1599755306788
1599755307809
1599755308828
1599755309837
1599755310849
1599755311860
1599755312872
1599755313889
1599755314903
1599755315914
1599755316925
1599755317934
1599755318949
1599755319962
1599755320976
1599755321988
1599755322997
1599755324004
1599755325012
1599755326025
1599755327041
1599755328054
1599755329064
1599755330078
1599755331084
1599755332093
1599755333102
1599755334116
1599755335123
1599755336130
1599755337141
1599755338150
1599755339158
1599755340165
1599755341173
1599755342182
1599755343190
1599755344198
1599755345209
1599755346218
1599755347227
1599755348237
1599755349249
1599755350259
1599755351269
1599755352278
1599755353288
1599755354299
1599755355306
1599755356314
1599755357327
1599755358344
1599755359351
1599755360363
1599755361372
1599755362384
1599755363390
1599755364398
1599755365408
1599755366421
1599755367427
1599755368436
1599755369448
1599755370455
1599755371466
1599755372473
1599755373481
1599755374493
1599755375505
1599755376520
1599755377526
1599755378534
1599755379545
1599755380554
1599755381563
1599755382571
1599755383580
1599755384589
1599755385601
1599755386613
1599755387624
1599755388637
1599755389652
1599755390658
1599755391672
1599755392688
1599755393704
1599755394729
1599755395738
1599755396753
1599755397768
1599755398781
1599755399796
1599755400806
1599755401820
1599755402834
1599755403844
1599755404862
1599755405870
1599755406885
1599755407900
1599755408912
1599755409924
1599755410942
1599755411956
1599755412975
1599755413985
1599755414996
1599755416012
1599755417028
1599755418048
1599755419056
1599755420072
1599755421081
1599755422092
1599755423109
1599755424121
1599755425137
1599755426151
1599755427164
1599755428172
1599755429188
1599755430202
1599755431217
1599755432228
1599755433238
1599755434251
1599755435260
1599755436272
1599755437281
1599755438290
1599755439301
1599755440313
1599755441325
1599755442337
1599755443346
1599755444356
1599755445366
1599755446375
1599755447381
1599755448397
1599755449404
1599755450421
1599755451433
1599755452448
1599755453460
1599755454475
1599755455487
1599755456497
1599755457507
1599755458521
1599755459536
1599755460553
1599755461568
1599755462579
1599755463595
1599755464603
1599755465612
1599755466618
1599755467626
1599755468636
1599755469644
1599755470657
1599755471665
1599755472677
1599755473688
1599755474702
1599755475709
1599755476718
1599755477726
1599755478738
1599755479749
1599755480760
1599755481769
1599755482787
1599755483806
1599755484813
1599755485824
1599755486841
1599755487864
1599755488876
1599755489889
1599755490904
1599755491920
1599755492932
1599755493952
1599755494984
1599755495993
1599755497002
1599755498012
1599755499024
1599755500041
1599755501055
1599755502065
1599755503081
1599755504091
1599755505101
1599755506112
1599755507125
1599755508141
1599755509159
1599755510167
1599755511176
1599755512194
1599755513209
1599755514220
1599755515232
1599755516245
1599755517259
1599755518268
1599755519287
1599755520301
1599755521313
1599755522329
1599755523348
1599755524368
1599755525384
1599755526400
1599755527417
1599755528437
1599755529453
1599755530465
1599755531481
1599755532496
1599755533525
1599755534532
1599755535553
1599755536563
1599755537578
1599755538585
1599755539602
1599755540613
1599755541625
1599755542637
1599755543651
1599755544664
1599755545672
1599755546682
1599755547693
1599755548703
1599755549710
1599755550722
1599755551728
1599755552748
1599755553760
1599755554768
1599755555777
1599755556794
1599755557808
1599755558822
1599755559838
1599755560845
1599755561853
1599755562869
1599755563875
1599755564885
1599755565894
1599755566908
1599755567922
1599755568935
1599755569948
1599755570964
1599755571983
1599755572993
1599755574004
1599755575015
1599755576028
1599755577044
1599755578057
1599755579082
1599755580094
1599755581110
1599755582118
1599755583131
1599755584141
1599755585154
1599755586167
1599755587181
1599755588192
1599755589208
1599755590224
1599755591241
1599755592249
1599755593264
1599755594276
1599755595288
1599755596301
1599755597309
1599755598325
1599755599332
1599755600344
1599755601360
1599755602369
1599755603381
1599755604390
1599755605396
1599755606409
1599755607432
1599755608447
1599755609452
1599755610465
1599755611476
1599755612485
1599755613497
1599755614513
1599755615524
1599755616536
1599755617544
1599755618563
1599755619576
1599755620588
1599755621600
1599755622616
1599755623626
1599755624640
1599755625648
1599755626668
1599755627684
1599755628700
1599755629709
1599755630721
1599755631733
1599755632742
1599755633750
1599755634760
1599755635775
1599755636786
1599755637795
1599755638807
1599755639817
1599755640826
1599755641837
1599755642846
1599755643860
1599755644875
1599755645893
1599755646913
1599755647924
1599755648931
1599755649943
1599755650953
1599755651961
1599755652970
1599755653981
1599755654996
1599755656021
1599755657040
1599755658054
1599755659076
1599755660088
1599755661101
1599755662120
1599755663136
1599755664156
1599755665174
1599755666185
1599755667197
1599755668209
1599755669221
1599755670232
1599755671245
1599755672257
1599755673276
1599755674287
1599755675300
1599755676312
1599755677324
1599755678341
1599755679349
1599755680359
1599755681373
1599755682385
1599755683396
1599755684413
1599755685424
1599755686433
1599755687440
1599755688452
1599755689457
1599755690465
1599755691474
1599755692485
1599755693496
1599755694509
1599755695519
1599755696529
1599755697540
1599755698546
1599755699554
1599755700567
1599755701580
1599755702597
1599755703608
1599755704619
1599755705634
1599755706643
1599755707656
1599755708669
1599755709685
1599755710699
1599755711708
1599755712719
1599755713728
1599755714736
1599755715750
1599755716762
1599755717773
1599755718785
1599755719795
1599755720805
1599755721816
1599755722824
1599755723836
1599755724845
1599755725864
1599755726882
1599755727898
1599755728914
1599755729941
1599755730966
1599755731995
1599755733009
1599755734029
1599755735049
1599755736065
1599755737075
1599755738093
1599755739102
1599755740109
1599755741121
1599755742136
1599755743158
1599755744173
1599755745185
1599755746197
1599755747214
1599755748225
1599755749234
1599755750247
1599755751257
1599755752268
1599755753288
1599755754306
1599755755326
1599755756337
1599755757348
1599755758357
1599755759368
1599755760375
1599755761386
1599755762396
1599755763410
1599755764423
1599755765444
1599755766456
1599755767463
1599755768476
1599755769490
1599755770503
1599755771518
1599755772529
1599755773540
1599755774548
1599755775561
1599755776575
1599755777590
1599755778605
1599755779615
1599755780629
1599755781640
1599755782651
1599755783659
1599755784669
1599755785678
1599755786689
1599755787700
1599755788711
1599755789724
1599755790734
1599755791747
1599755792758
1599755793772
1599755794791
1599755795803
1599755796810
1599755797821
1599755798836
1599755799862
1599755800877
1599755801886
1599755802894
1599755803906
1599755804919
1599755805928
1599755806937
1599755807945
1599755808953
1599755809963
1599755810973
1599755811985
1599755812993
1599755814003
1599755815029
1599755816038
1599755817045
1599755818057
1599755819063
1599755820073
1599755821082
1599755822092
1599755823114
1599755824125
1599755825140
1599755826152
1599755827165
1599755828177
1599755829187
1599755830198
1599755831214
1599755832229
1599755833241
1599755834260
1599755835273
1599755836290
1599755837300
1599755838324
1599755839337
1599755840349
1599755841357
1599755842366
1599755843381
1599755844393
1599755845401
1599755846433
1599755847441
1599755848452
1599755849462
1599755850473
1599755851486
1599755852497
1599755853506
1599755854518
1599755855535
1599755856544
1599755857557
1599755858567
1599755859577
1599755860589
1599755861599
1599755862613
1599755863622
1599755864633
1599755865641
1599755866654
1599755867661
1599755868675
1599755869684
1599755870696
1599755871709
1599755872720
1599755873728
1599755874738
1599755875746
1599755876758
1599755877769
1599755878778
1599755879797
1599755880810
1599755881825
1599755882836
1599755883849
1599755884863
1599755885876
1599755886881
1599755887897
1599755888913
1599755889923
1599755890933
1599755891938
1599755892947
1599755893964
1599755894976
1599755895992
1599755897000
1599755898016
1599755899028
1599755900040
1599755901055
1599755902064
1599755903072
1599755904089
1599755905099
1599755906111
1599755907118
1599755908136
1599755909152
1599755910168
1599755911179
1599755912192
1599755913205
1599755914220
1599755915230
1599755916241
1599755917251
1599755918264
1599755919280
1599755920295
1599755921308
1599755922320
1599755923331
1599755924344
1599755925350
1599755926371
1599755927378
1599755928404
1599755929424
1599755930440
1599755931454
1599755932464
1599755933475
1599755934488
1599755935500
1599755936516
1599755937529
1599755938544
1599755939560
1599755940573
1599755941588
1599755942609
1599755943627
1599755944640
1599755945653
1599755946676
1599755947691
1599755948705
1599755949712
1599755950729
1599755951744
1599755952755
1599755953768
1599755954775
1599755955787
1599755956800
1599755957817
1599755958829
1599755959841
1599755960849
1599755961860
1599755962875
1599755963886
1599755964897
1599755965913
1599755966926
1599755967941
1599755968960
1599755969977
1599755970992
1599755972005
1599755973023
1599755974035
1599755975049
1599755976066
1599755977080
1599755978102
1599755979111
1599755980124
1599755981144
1599755982158
1599755983172
1599755984189
1599755985204
1599755986220
1599755987232
1599755988246
1599755989260
1599755990272
1599755991287
1599755992301
1599755993316
1599755994332
1599755995345
1599755996356
1599755997368
1599755998379
1599755999392
1599756000413
1599756001428
1599756002448
1599756003461
1599756004472
1599756005484
1599756006493
1599756007501
1599756008519
1599756009532
1599756010544
1599756011556
1599756012565
1599756013574
1599756014592
1599756015597
1599756016609
1599756017617
1599756018628
1599756019642
1599756020654
1599756021661
1599756022673
1599756023681
1599756024692
1599756025702
1599756026712
1599756027725
1599756028736
1599756029741
1599756030750
1599756031759
1599756032777
1599756033788
1599756034795
1599756035808
1599756036820
1599756037835
1599756038846
1599756039857
1599756040864
1599756041880
1599756042895
1599756043912
1599756044921
1599756045937
1599756046945
1599756047960
1599756048976
1599756049988
1599756051000
1599756052008
1599756053024
1599756054041
1599756055056
1599756056068
1599756057080
1599756058096
1599756059115
1599756060137
1599756061153
1599756062175
1599756063190
1599756064227
1599756065241
1599756066256
1599756067286
1599756068313
1599756069326
1599756070338
1599756071350
1599756072357
1599756073370
1599756074389
1599756075407
1599756076416
1599756077427
1599756078437
1599756079446
1599756080454
1599756081465
1599756082480
1599756083488
1599756084517
1599756085528
1599756086543
1599756087554
1599756088565
1599756089580
1599756090593
1599756091605
1599756092620
1599756093632
1599756094644
1599756095661
1599756096668
1599756097684
1599756098696
1599756099707
1599756100714
1599756101729
1599756102747
1599756103755
1599756104765
1599756105776
1599756106783
1599756107793
1599756108805
1599756109813
1599756110827
1599756111838
1599756112843
1599756113853
1599756114863
1599756115877
1599756116898
1599756117909
1599756118925
1599756119940
1599756120957
1599756121973
1599756122981
1599756123989
1599756124999
1599756126021
1599756127043
1599756128056
1599756129072
1599756130088
1599756131104
1599756132122
1599756133134
1599756134148
1599756135161
1599756136175
1599756137196
1599756138216
1599756139230
1599756140241
1599756141253
1599756142265
1599756143281
1599756144293
1599756145308
1599756146320
1599756147334
1599756148346
1599756149357
1599756150365
1599756151380
1599756152389
1599756153400
1599756154414
1599756155426
1599756156444
1599756157455
1599756158473
1599756159482
1599756160491
1599756161508
1599756162523
1599756163538
1599756164548
1599756165559
1599756166574
1599756167589
1599756168604
1599756169620
1599756170639
1599756171652
1599756172664
1599756173680
1599756174692
1599756175705
1599756176716
1599756177729
1599756178745
1599756179756
1599756180773
1599756181791
1599756182801
1599756183814
1599756184825
1599756185840
1599756186856
1599756187872
1599756188882
1599756189886
1599756190900
1599756191915
1599756192929
1599756193941
1599756194957
1599756195970
1599756196987
1599756197996
1599756199008
1599756200027
1599756201040
1599756202051
1599756203069
1599756204082
1599756205092
1599756206107
1599756207126
1599756208140
1599756209156
1599756210167
1599756211176
1599756212199
1599756213211
1599756214229
1599756215240
1599756216250
1599756217263
1599756218274
1599756219286
1599756220298
1599756221312
1599756222332
1599756223350
1599756224364
1599756225377
1599756226392
1599756227409
1599756228424
1599756229440
1599756230459
1599756231471
1599756232483
1599756233505
1599756234521
1599756235535
1599756236545
1599756237556
1599756238573
1599756239591
1599756240604
1599756241625
1599756242633
1599756243648
1599756244672
1599756245684
1599756246693
1599756247703
1599756248712
1599756249719
1599756250729
1599756251740
1599756252753
1599756253768
1599756254785
1599756255798
1599756256814
1599756257833
1599756258844
1599756259860
1599756260874
1599756261891
1599756262917
1599756263932
1599756264950
1599756265965
1599756266978
1599756267990
1599756269002
1599756270021
1599756271033
1599756272048
1599756273060
1599756274073
1599756275087
1599756276100
1599756277117
1599756278133
1599756279147
1599756280154
1599756281164
1599756282173
1599756283184
1599756284200
1599756285208
1599756286223
1599756287230
1599756288237
1599756289245
1599756290254
1599756291263
1599756292272
1599756293288
1599756294301
1599756295316
1599756296325
1599756297339
1599756298355
1599756299369
1599756300384
1599756301395
1599756302410
1599756303425
1599756304441
1599756305457
1599756306472
1599756307484
1599756308501
1599756309512
1599756310525
1599756311536
1599756312553
1599756313567
1599756314584
1599756315597
1599756316610
1599756317627
1599756318638
1599756319655
1599756320672
1599756321699
1599756322712
1599756323725
1599756324736
1599756325745
1599756326760
1599756327777
1599756328782
1599756329794
1599756330808
1599756331821
1599756332830
1599756333840
1599756334857
1599756335868
1599756336884
1599756337898
1599756338906
1599756339920
1599756340936
1599756341951
1599756342962
1599756343979
1599756344992
1599756346005
1599756347020
1599756348035
1599756349049
1599756350063
1599756351072
1599756352088
1599756353098
1599756354112
1599756355128
1599756356140
1599756357156
1599756358172
1599756359189
1599756360201
1599756361215
1599756362249
1599756363264
1599756364283
1599756365293
1599756366313
1599756367326
1599756368338
1599756369355
1599756370369
1599756371385
1599756372401
1599756373416
1599756374435
1599756375456
1599756376470
1599756377484
1599756378497
1599756379512
1599756380535
1599756381549
1599756382567
1599756383584
1599756384596
1599756385608
1599756386628
1599756387636
1599756388657
1599756389671
1599756390677
1599756391692
1599756392704
1599756393721
1599756394732
1599756395748
1599756396764
1599756397781
1599756398795
1599756399811
1599756400817
1599756401832
1599756402847
1599756403865
1599756404880
1599756405896
1599756406914
1599756407924
1599756408936
1599756409948
1599756410964
1599756411982
1599756412996
1599756414013
1599756415028
1599756416045
1599756417056
1599756418072
1599756419085
1599756420097
1599756421115
1599756422132
1599756423145
1599756424156
1599756425169
1599756426177
1599756427188
1599756428200
1599756429216
1599756430228
1599756431240
1599756432249
1599756433265
1599756434281
1599756435298
1599756436313
1599756437325
1599756438335
1599756439348
1599756440355
1599756441361
1599756442366
1599756443380
1599756444393
1599756445404
1599756446416
1599756447430
1599756448444
1599756449457
1599756450472
1599756451484
1599756452501
1599756453516
1599756454528
1599756455545
1599756456559
1599756457568
1599756458584
1599756459600
1599756460616
1599756461629
1599756462641
1599756463656
1599756464669
1599756465684
1599756466700
1599756467713
1599756468735
1599756469752
1599756470766
1599756471774
1599756472790
1599756473805
1599756474817
1599756475834
1599756476840
1599756477856
1599756478872
1599756479888
1599756480900
1599756481913
1599756482924
1599756483939
1599756484953
1599756485969
1599756486981
1599756487992
1599756489008
1599756490020
1599756491041
1599756492056
1599756493072
1599756494088
1599756495102
1599756496112
1599756497128
1599756498140
1599756499148
1599756500161
1599756501177
1599756502193
1599756503205
1599756504220
1599756505229
1599756506246
1599756507257
1599756508269
1599756509280
1599756510292
1599756511304
1599756512316
1599756513328
1599756514344
1599756515356
1599756516373
1599756517388
1599756518403
1599756519416
1599756520432
1599756521448
1599756522460
1599756523472
1599756524488
1599756525505
1599756526521
1599756527533
1599756528545
1599756529559
1599756530573
1599756531589
1599756532605
1599756533619
1599756534634
1599756535641
1599756536653
1599756537660
1599756538666
1599756539676
1599756540685
1599756541696
1599756542708
1599756543721
1599756544730
1599756545738
1599756546751
1599756547760
1599756548772
1599756549785
1599756550800
1599756551817
1599756552832
1599756553844
1599756554858
1599756555872
1599756556887
1599756557904
1599756558928
1599756559942
1599756560953
1599756561969
1599756562978
1599756563992
1599756565002
1599756566013
1599756567021
1599756568042
1599756569059
1599756570074
1599756571082
1599756572089
1599756573101
1599756574110
1599756575119
1599756576130
1599756577144
1599756578153
1599756579163
1599756580176
1599756581192
1599756582205
1599756583219
1599756584231
1599756585241
1599756586247
1599756587256
1599756588266
1599756589284
1599756590292
1599756591306
1599756592320
1599756593328
1599756594341
1599756595353
1599756596366
1599756597379
1599756598388
1599756599400
1599756600416
1599756601428
1599756602440
1599756603450
1599756604464
1599756605472
1599756606481
1599756607492
1599756608503
1599756609514
1599756610525
1599756611534
1599756612549
1599756613564
1599756614570
1599756615581
1599756616591
1599756617603
1599756618618
1599756619635
1599756620649
1599756621664
1599756622681
1599756623692
1599756624701
1599756625713
1599756626728
1599756627742
1599756628757
1599756629769
1599756630789
1599756631798
1599756632808
1599756633818
1599756634828
1599756635837
1599756636852
1599756637869
1599756638884
1599756639890
1599756640898
1599756641906
1599756642917
1599756643929
1599756644941
1599756645954
1599756646962
1599756647977
1599756648988
1599756650003
1599756651010
1599756652023
1599756653032
1599756654044
1599756655056
1599756656064
1599756657071
1599756658080
1599756659095
1599756660108
1599756661130
1599756662138
1599756663151
1599756664157
1599756665173
1599756666186
1599756667200
1599756668215
1599756669229
1599756670244
1599756671261
1599756672276
1599756673294
1599756674312
1599756675324
1599756676332
1599756677343
1599756678365
1599756679378
1599756680390
1599756681400
1599756682414
1599756683423
1599756684432
1599756685448
1599756686458
1599756687467
1599756688484
1599756689496
1599756690513
1599756691525
1599756692536
1599756693543
1599756694556
1599756695568
1599756696580
1599756697591
1599756698605
1599756699621
1599756700633
1599756701649
1599756702669
1599756703684
1599756704696
1599756705707
1599756706719
1599756707728
1599756708742
1599756709752
1599756710768
1599756711788
1599756712793
1599756713800
1599756714812
1599756715828
1599756716836
1599756717851
1599756718857
1599756719865
1599756720876
1599756721892
1599756722899
1599756723918
1599756724929
1599756725941
1599756726947
1599756727956
1599756728964
1599756729980
1599756730986
1599756732002
1599756733028
1599756734039
1599756735048
1599756736059
1599756737068
1599756738075
1599756739085
1599756740094
1599756741114
1599756742124
1599756743136
1599756744150
1599756745160
1599756746173
1599756747182
1599756748189
1599756749202
1599756750212
1599756751226
1599756752233
1599756753247
1599756754263
1599756755272
1599756756288
1599756757297
1599756758314
1599756759327
1599756760336
1599756761347
1599756762361
1599756763376
1599756764382
1599756765393
1599756766405
1599756767417
1599756768426
1599756769434
1599756770444
1599756771461
1599756772474
1599756773488
1599756774500
1599756775510
1599756776519
1599756777529
1599756778540
1599756779546
1599756780558
1599756781569
1599756782581
1599756783593
1599756784608
1599756785621
1599756786633
1599756787640
1599756788657
1599756789671
1599756790677
1599756791685
1599756792697
1599756793711
1599756794725
1599756795733
1599756796742
1599756797754
1599756798762
1599756799769
1599756800777
1599756801788
1599756802804
1599756803814
1599756804822
1599756805829
1599756806839
1599756807852
1599756808864
1599756809877
1599756810891
1599756811899
1599756812916
1599756813933
1599756814942
1599756815957
1599756816972
1599756817985
1599756818996
1599756820009
1599756821020
1599756822027
1599756823033
1599756824044
1599756825053
1599756826065
1599756827077
1599756828092
1599756829098
1599756830109
1599756831118
1599756832129
1599756833138
1599756834145
1599756835156
1599756836167
1599756837177
1599756838188
1599756839196
1599756840213
1599756841225
1599756842241
1599756843250
1599756844264
1599756845277
1599756846291
1599756847301
1599756848317
1599756849329
1599756850340
1599756851350
1599756852361
1599756853369
1599756854383
1599756855399
1599756856414
1599756857425
1599756858436
1599756859449
1599756860466
1599756861479
1599756862492
1599756863508
1599756864521
1599756865534
1599756866541
1599756867554
1599756868569
1599756869580
1599756870592
1599756871600
1599756872619
1599756873628
1599756874637
1599756875641
1599756876651
1599756877657
1599756878668
1599756879683
1599756880693
1599756881706
1599756882716
1599756883733
1599756884744
1599756885763
1599756886778
1599756887791
1599756888800
1599756889810
1599756890821
1599756891832
1599756892844
1599756893852
1599756894861
1599756895873
1599756896885
1599756897898
1599756898906
1599756899913
1599756900924
1599756901935
1599756902942
1599756903950
1599756904962
1599756905973
1599756906981
1599756907996
1599756909004
1599756910017
1599756911033
1599756912049
1599756913062
1599756914076
1599756915092
1599756916109
1599756917118
1599756918129
1599756919136
1599756920144
1599756921157
1599756922169
1599756923179
1599756924194
1599756925204
1599756926216
1599756927230
1599756928242
1599756929257
1599756930274
1599756931281
1599756932288
1599756933297
1599756934303
1599756935309
1599756936322
1599756937335
1599756938348
1599756939359
1599756940371
1599756941381
1599756942389
1599756943397
1599756944407
1599756945416
1599756946428
1599756947445
1599756948459
1599756949476
1599756950492
1599756951508
1599756952528
1599756953537
1599756954561
1599756955584
1599756956602
1599756957621
1599756958639
1599756959659
1599756960672
1599756961698
1599756962710
1599756963729
1599756964740
1599756965757
1599756966772
1599756967784
1599756968800
1599756969820
1599756970836
1599756971852
1599756972864
1599756973880
1599756974892
1599756975909
1599756976920
1599756977931
1599756978943
1599756979956
1599756980968
1599756981981
1599756982997
1599756984008
1599756985024
1599756986040
1599756987053
1599756988061
1599756989072
1599756990080
1599756991086
1599756992093
1599756993105
1599756994119
1599756995130
1599756996147
1599756997162
1599756998173
1599756999186
1599757000197
1599757001205
1599757002217
1599757003229
1599757004240
1599757005253
1599757006264
1599757007276
1599757008290
1599757009298
1599757010312
1599757011334
1599757012345
1599757013353
1599757014372
1599757015391
1599757016400
1599757017418
1599757018429
1599757019446
1599757020461
1599757021471
1599757022480
1599757023493
1599757024505
1599757025521
1599757026534
1599757027543
1599757028550
1599757029562
1599757030578
1599757031588
1599757032604
1599757033617
1599757034630
1599757035640
1599757036650
1599757037660
1599757038668
1599757039675
1599757040687
1599757041697
1599757042707
1599757043713
1599757044726
1599757045732
1599757046746
1599757047761
1599757048779
1599757049784
1599757050811
1599757051822
1599757052831
1599757053839
1599757054850
1599757055858
1599757056869
1599757057885
1599757058897
1599757059906
1599757060922
1599757061936
1599757062949
1599757063961
1599757064978
1599757065994
1599757067012
1599757068029
1599757069040
1599757070053
1599757071062
1599757072073
1599757073086
1599757074101
1599757075110
1599757076126
1599757077135
1599757078150
1599757079160
1599757080175
1599757081186
1599757082200
1599757083212
1599757084228
1599757085240
1599757086251
1599757087265
1599757088272
1599757089286
1599757090299
1599757091313
1599757092328
1599757093337
1599757094354
1599757095362
1599757096367
1599757097383
1599757098393
1599757099405
1599757100419
1599757101428
1599757102441
1599757103456
1599757104473
1599757105493
1599757106506
1599757107529
1599757108550
1599757109569
1599757110577
1599757111590
1599757112612
1599757113624
1599757114636
1599757115647
1599757116657
1599757117667
1599757118677
1599757119688
1599757120697
1599757121708
1599757122721
1599757123730
1599757124740
1599757125756
1599757126769
1599757127785
1599757128802
1599757129812
1599757130825
1599757131833
1599757132845
1599757133860
1599757134873
1599757135884
1599757136900
1599757137908
1599757138921
1599757139930
1599757140944
1599757141956
1599757142979
1599757143992
1599757145005
1599757146018
1599757147028
1599757148037
1599757149050
1599757150060
1599757151078
1599757152088
1599757153101
1599757154113
1599757155129
1599757156146
1599757157157
1599757158169
1599757159186
1599757160194
1599757161205
1599757162216
1599757163229
1599757164244
1599757165257
1599757166269
1599757167281
1599757168292
1599757169310
1599757170319
1599757171329
1599757172340
1599757173348
1599757174364
1599757175376
1599757176383
1599757177393
1599757178406
1599757179418
1599757180433
1599757181445
1599757182454
1599757183461
1599757184493
1599757185504
1599757186520
1599757187531
1599757188543
1599757189553
1599757190565
1599757191576
1599757192584
1599757193593
1599757194600
1599757195612
1599757196621
1599757197632
1599757198644
1599757199657
1599757200672
1599757201684
1599757202698
1599757203709
1599757204721
1599757205730
1599757206743
1599757207751
1599757208765
1599757209774
1599757210786
1599757211796
1599757212808
1599757213820
1599757214825
1599757215837
1599757216845
1599757217857
1599757218870
1599757219877
1599757220885
1599757221897
1599757222906
1599757223920
1599757224929
1599757225946
1599757226954
1599757227969
1599757228984
1599757230001
1599757231021
1599757232037
1599757233045
1599757234056
1599757235069
1599757236077
1599757237090
1599757238105
1599757239121
1599757240144
1599757241162
1599757242178
1599757243189
1599757244196
1599757245208
1599757246222
1599757247229
1599757248244
1599757249260
1599757250268
1599757251280
1599757252293
1599757253308
1599757254317
1599757255326
1599757256338
1599757257349
1599757258368
1599757259381
1599757260390
1599757261402
1599757262420
1599757263437
1599757264448
1599757265463
1599757266476
1599757267484
1599757268497
1599757269507
1599757270516
1599757271529
1599757272545
1599757273556
1599757274573
1599757275588
1599757276600
1599757277610
1599757278620
1599757279633
1599757280645
1599757281657
1599757282669
1599757283680
1599757284693
1599757285708
1599757286722
1599757287733
1599757288741
1599757289751
1599757290766
1599757291777
1599757292784
1599757293801
1599757294820
1599757295839
1599757296847
1599757297857
1599757298869
1599757299877
1599757300886
1599757301897
1599757302907
1599757303916
1599757304929
1599757305940
1599757306953
1599757307962
1599757308984
1599757309992
1599757311004
1599757312020
1599757313026
1599757314043
1599757315050
1599757316061
1599757317071
1599757318086
1599757319100
1599757320117
1599757321133
1599757322143
1599757323152
1599757324168
1599757325185
1599757326200
1599757327216
1599757328233
1599757329244
1599757330261
1599757331283
1599757332297
1599757333307
1599757334323
1599757335332
1599757336342
1599757337352
1599757338364
1599757339376
1599757340392
1599757341405
1599757342416
1599757343432
1599757344442
1599757345451
1599757346460
1599757347469
1599757348486
1599757349498
1599757350508
1599757351516
1599757352525
1599757353533
1599757354549
1599757355561
1599757356573
1599757357585
1599757358597
1599757359612
1599757360624
1599757361631
1599757362638
1599757363652
1599757364665
1599757365682
1599757366696
1599757367705
1599757368720
1599757369737
1599757370748
1599757371764
1599757372777
1599757373792
1599757374806
1599757375814
1599757376822
1599757377828
1599757378842
1599757379848
1599757380861
1599757381869
1599757382882
1599757383896
1599757384906
1599757385916
1599757386928
1599757387945
1599757388952
1599757389961
1599757390973
1599757391982
1599757392996
1599757394013
1599757395023
1599757396040
1599757397052
1599757398061
1599757399071
1599757400088
1599757401100
1599757402120
1599757403132
1599757404144
1599757405163
1599757406176
1599757407193
1599757408208
1599757409220
1599757410239
1599757411257
1599757412266
1599757413276
1599757414288
1599757415300
1599757416309
1599757417325
1599757418353
1599757419372
1599757420388
1599757421400
1599757422411
1599757423425
1599757424434
1599757425445
1599757426454
1599757427464
1599757428473
1599757429488
1599757430501
1599757431511
1599757432525
1599757433540
1599757434554
1599757435568
1599757436585
1599757437601
1599757438617
1599757439632
1599757440648
1599757441665
1599757442672
1599757443688
1599757444697
1599757445717
1599757446727
1599757447741
1599757448752
1599757449765
1599757450777
1599757451783
1599757452792
1599757453805
1599757454820
1599757455840
1599757456854
1599757457868
1599757458883
1599757459894
1599757460906
1599757461917
1599757462933
1599757463944
1599757464956
1599757465970
1599757466985
1599757467996
1599757469012
1599757470028
1599757471036
1599757472050
1599757473060
1599757474069
1599757475084
1599757476100
1599757477113
1599757478124
1599757479137
1599757480149
1599757481161
1599757482177
1599757483196
1599757484208
1599757485216
1599757486225
1599757487233
1599757488247
1599757489257
1599757490277
1599757491285
1599757492300
1599757493322
1599757494340
1599757495353
1599757496365
1599757497381
1599757498392
1599757499407
1599757500433
1599757501443
1599757502452
1599757503465
1599757504473
1599757505487
1599757506493
1599757507505
1599757508526
1599757509538
1599757510555
1599757511565
1599757512571
1599757513586
1599757514593
1599757515613
1599757516622
1599757517640
1599757518663
1599757519681
1599757520694
1599757521713
1599757522728
1599757523740
1599757524752
1599757525764
1599757526773
1599757527792
1599757528811
1599757529820
1599757530833
1599757531844
1599757532858
1599757533869
1599757534889
1599757535908
1599757536918
1599757537929
1599757538944
1599757539957
1599757540972
1599757541989
1599757543005
1599757544012
1599757545028
1599757546038
1599757547049
1599757548061
1599757549077
1599757550092
1599757551109
1599757552121
1599757553132
1599757554146
1599757555162
1599757556182
1599757557191
1599757558212
1599757559222
1599757560232
1599757561255
1599757562274
1599757563284
1599757564306
1599757565324
1599757566340
1599757567354
1599757568370
1599757569389
1599757570404
1599757571416
1599757572432
1599757573448
1599757574456
1599757575463
1599757576481
1599757577497
1599757578511
1599757579522
1599757580550
1599757581571
1599757582586
1599757583597
1599757584609
1599757585619
1599757586628
1599757587637
1599757588648
1599757589665
1599757590676
1599757591693
1599757592704
1599757593716
1599757594727
1599757595741
1599757596759
1599757597773
1599757598780
1599757599793
1599757600808
1599757601844
1599757602853
1599757603864
1599757604873
1599757605895
1599757606909
1599757607922
1599757608936
1599757609955
1599757610968
1599757611982
1599757612992
1599757614007
1599757615020
1599757616031
1599757617044
1599757618055
1599757619069
1599757620083
1599757621100
1599757622117
1599757623130
1599757624145
1599757625161
1599757626173
1599757627189
1599757628203
1599757629214
1599757630234
1599757631249
1599757632271
1599757633288
1599757634301
1599757635320
1599757636334
1599757637348
1599757638357
1599757639372
1599757640384
1599757641396
1599757642408
1599757643424
1599757644440
1599757645452
1599757646461
1599757647474
1599757648484
1599757649496
1599757650508
1599757651528
1599757652544
1599757653559
1599757654570
1599757655581
1599757656591
1599757657602
1599757658613
1599757659628
1599757660643
1599757661657
1599757662668
1599757663677
1599757664689
1599757665700
1599757666711
1599757667720
1599757668730
1599757669741
1599757670751
1599757671760
1599757672766
1599757673775
1599757674781
1599757675788
1599757676793
1599757677807
1599757678820
1599757679835
1599757680848
1599757681861
1599757682872
1599757683888
1599757684898
1599757685909
1599757686930
1599757687951
1599757688963
1599757689977
1599757690984
1599757691992
1599757693002
1599757694010
1599757695025
1599757696036
1599757697048
1599757698058
1599757699072
1599757700080
1599757701090
1599757702098
1599757703109
1599757704124
1599757705137
1599757706155
1599757707165
1599757708175
1599757709189
1599757710197
1599757711213
1599757712223
1599757713232
1599757714241
1599757715248
1599757716264
1599757717280
1599757718291
1599757719303
1599757720312
1599757721324
1599757722337
1599757723353
1599757724361
1599757725370
1599757726382
1599757727393
1599757728408
1599757729424
1599757730435
1599757731453
1599757732462
1599757733473
1599757734493
1599757735512
1599757736529
1599757737548
1599757738565
1599757739581
1599757740597
1599757741612
1599757742629
1599757743645
1599757744654
1599757745664
1599757746676
1599757747685
1599757748697
1599757749712
1599757750722
1599757751734
1599757752746
1599757753767
1599757754776
1599757755783
1599757756800
1599757757818
1599757758830
1599757759841
1599757760852
1599757761865
1599757762877
1599757763893
1599757764906
1599757765919
1599757766928
1599757767938
1599757768956
1599757769972
1599757770981
1599757771995
1599757773022
1599757774034
1599757775045
1599757776057
1599757777069
1599757778086
1599757779103
1599757780121
1599757781132
1599757782141
1599757783153
1599757784165
1599757785172
1599757786198
1599757787208
1599757788218
1599757789233
1599757790251
1599757791263
1599757792271
1599757793279
1599757794293
1599757795304
1599757796317
1599757797329
1599757798342
1599757799353
1599757800368
1599757801387
1599757802400
1599757803414
1599757804422
1599757805433
1599757806450
1599757807458
1599757808473
1599757809494
1599757810503
1599757811527
1599757812546
1599757813556
1599757814568
1599757815580
1599757816592
1599757817612
1599757818621
1599757819638
1599757820648
1599757821660
1599757822669
1599757823690
1599757824718
1599757825729
1599757826737
1599757827761
1599757828773
1599757829785
1599757830802
1599757831816
1599757832835
1599757833852
1599757834861
1599757835871
1599757836881
1599757837892
1599757838904
1599757839912
1599757840920
1599757841928
1599757842945
1599757843956
1599757844970
1599757845980
1599757846992
1599757848005
1599757849021
1599757850033
1599757851045
1599757852061
1599757853072
1599757854089
1599757855102
1599757856118
1599757857127
1599757858137
1599757859152
1599757860173
1599757861188
1599757862200
1599757863206
1599757864219
1599757865227
1599757866236
1599757867247
1599757868267
1599757869278
1599757870289
1599757871303
1599757872316
1599757873337
1599757874357
1599757875371
1599757876381
1599757877391
1599757878404
1599757879412
1599757880424
1599757881436
1599757882448
1599757883463
1599757884476
1599757885481
1599757886489
1599757887500
1599757888511
1599757889518
1599757890529
1599757891540
1599757892552
1599757893564
1599757894576
1599757895589
1599757896598
1599757897609
1599757898617
1599757899626
1599757900636
1599757901643
1599757902653
1599757903665
1599757904677
1599757905688
1599757906704
1599757907715
1599757908729
1599757909744
1599757910760
1599757911772
1599757912794
1599757913805
1599757914813
1599757915825
1599757916837
1599757917859
1599757918865
1599757919877
1599757920888
1599757921900
1599757922916
1599757923929
1599757924941
1599757925955
1599757926966
1599757927981
1599757929000
1599757930007
1599757931017
1599757932026
1599757933037
1599757934051
1599757935059
1599757936077
1599757937090
1599757938098
1599757939108
1599757940117
1599757941125
1599757942134
1599757943146
1599757944158
1599757945168
1599757946179
1599757947198
1599757948208
1599757949226
1599757950246
1599757951259
1599757952271
1599757953280
1599757954288
1599757955306
1599757956321
1599757957333
1599757958344
1599757959354
1599757960367
1599757961381
1599757962393
1599757963404
1599757964420
1599757965435
1599757966452
1599757967469
1599757968483
1599757969496
1599757970504
1599757971514
1599757972524
1599757973535
1599757974544
1599757975557
1599757976570
1599757977581
1599757978596
1599757979613
1599757980630
1599757981641
1599757982652
1599757983658
1599757984669
1599757985686
1599757986700
1599757987712
1599757988724
1599757989739
1599757990750
1599757991768
1599757992776
1599757993789
1599757994800
1599757995817
1599757996829
1599757997842
1599757998853
1599757999864
1599758000873
1599758001885
1599758002901
1599758003916
1599758004932
1599758005943
1599758006956
1599758007971
1599758008989
1599758010001
1599758011017
1599758012045
1599758013061
1599758014072
1599758015085
1599758016098
1599758017105
1599758018117
1599758019131
1599758020139
1599758021157
1599758022169
1599758023184
1599758024192
1599758025200
1599758026212
1599758027229
1599758028243
1599758029250
1599758030257
1599758031269
1599758032280
1599758033289
1599758034302
1599758035314
1599758036325
1599758037336
1599758038345
1599758039352
1599758040361
1599758041373
1599758042384
1599758043397
1599758044406
1599758045412
1599758046424
1599758047438
1599758048449
1599758049458
1599758050473
1599758051480
1599758052495
1599758053505
1599758054516
1599758055533
1599758056552
1599758057573
1599758058580
1599758059595
1599758060605
1599758061613
1599758062625
1599758063641
1599758064648
1599758065665
1599758066675
1599758067686
1599758068701
1599758069716
1599758070730
1599758071745
1599758072756
1599758073773
1599758074782
1599758075792
1599758076800
1599758077808
1599758078820
1599758079831
1599758080857
1599758081873
1599758082885
1599758083892
1599758084905
1599758085921
1599758086934
1599758087950
1599758088971
1599758089994
1599758091012
1599758092024
1599758093044
1599758094064
1599758095085
1599758096100
1599758097104
1599758098123
1599758099128
1599758100143
1599758101152
1599758102164
1599758103177
1599758104194
1599758105209
1599758106220
1599758107229
1599758108242
1599758109260
1599758110283
1599758111296
1599758112313
1599758113321
1599758114357
1599758115371
1599758116387
1599758117402
1599758118413
1599758119420
1599758120433
1599758121445
1599758122458
1599758123469
1599758124488
1599758125497
1599758126515
1599758127537
1599758128546
1599758129557
1599758130576
1599758131617
1599758132631
1599758133644
1599758134657
1599758135690
1599758136700
1599758137716
1599758138728
1599758139745
1599758140765
1599758141785
1599758142801
1599758143814
1599758144829
1599758145846
1599758146860
1599758147877
1599758148896
1599758149905
1599758150933
1599758151948
1599758152985
1599758153998
1599758155016
1599758156032
1599758157057
1599758158073
1599758159085
1599758160100
1599758161112
1599758162124
1599758163140
1599758164151
1599758165169
1599758166181
1599758167195
1599758168208
1599758169221
1599758170232
1599758171238
1599758172249
1599758173269
1599758174291
1599758175300
1599758176309
1599758177322
1599758178340
1599758179352
1599758180360
1599758181372
1599758182391
1599758183411
1599758184431
1599758185450
1599758186461
1599758187478
1599758188490
1599758189502
1599758190519
1599758191532
1599758192549
1599758193563
1599758194577
1599758195593
1599758196608
1599758197628
1599758198649
1599758199686
1599758200696
1599758201710
1599758202720
1599758203738
1599758204759
1599758205764
1599758206792
1599758207820
1599758208840
1599758209852
1599758210872
1599758211891
1599758212909
1599758213931
1599758214951
1599758215971
1599758216981
1599758217996
1599758219021
1599758220033
1599758221049
1599758222070
1599758223086
1599758224099
1599758225114
1599758226129
1599758227142
1599758228158
1599758229169
1599758230185
1599758231195
1599758232208
1599758233221
1599758234232
1599758235244
1599758236259
1599758237270
1599758238284
1599758239303
1599758240316
1599758241332
1599758242353
1599758243373
1599758244388
1599758245403
1599758246414
1599758247429
1599758248444
1599758249461
1599758250474
1599758251490
1599758252509
1599758253525
1599758254539
1599758255553
1599758256564
1599758257576
1599758258589
1599758259602
1599758260620
1599758261630
1599758262642
1599758263658
1599758264665
1599758265681
1599758266689
1599758267708
1599758268717
1599758269729
1599758270744
1599758271768
1599758272775
1599758273785
1599758274797
1599758275815
1599758276827
1599758277836
1599758278844
1599758279867
1599758280884
1599758281897
1599758282917
1599758283937
1599758284954
1599758285968
1599758286985
1599758287997
1599758289011
1599758290025
1599758291037
1599758292055
1599758293072
1599758294095
1599758295108
1599758296124
1599758297141
1599758298157
1599758299175
1599758300195
1599758301209
1599758302235
1599758303265
1599758304271
1599758305286
1599758306300
1599758307311
1599758308324
1599758309341
1599758310356
1599758311375
1599758312387
1599758313400
1599758314412
1599758315432
1599758316448
1599758317462
1599758318482
1599758319499
1599758320520
1599758321532
1599758322549
1599758323561
1599758324577
1599758325590
1599758326600
1599758327616
1599758328627
1599758329636
1599758330648
1599758331656
1599758332661
1599758333677
1599758334688
1599758335702
1599758336716
1599758337728
1599758338742
1599758339756
1599758340769
1599758341784
1599758342805
1599758343816
1599758344830
1599758345845
1599758346860
1599758347874
1599758348898
1599758349917
1599758350937
1599758351955
1599758352986
1599758353999
1599758355015
1599758356036
1599758357057
1599758358070
1599758359086
1599758360106
1599758361126
1599758362136
1599758363147
1599758364166
1599758365186
1599758366205
1599758367220
1599758368238
1599758369245
1599758370265
1599758371278
1599758372286
1599758373296
1599758374312
1599758375325
1599758376340
1599758377363
1599758378376
1599758379402
1599758380413
1599758381429
1599758382441
1599758383454
1599758384477
1599758385488
1599758386500
1599758387526
1599758388538
1599758389546
1599758390567
1599758391577
1599758392589
1599758393606
1599758394616
1599758395631
1599758396648
1599758397668
1599758398682
1599758399697
1599758400707
1599758401720
1599758402742
1599758403757
1599758404771
1599758405787
1599758406808
1599758407829
1599758408841
1599758409858
1599758410864
1599758411888
1599758412904
1599758413920
1599758414937
1599758415952
1599758416961
1599758417974
1599758418995
1599758420009
1599758421018
1599758422031
1599758423037
1599758424046
1599758425054
1599758426065
1599758427076
1599758428086
1599758429094
1599758430107
1599758431116
1599758432133
1599758433144
1599758434157
1599758435165
1599758436182
1599758437190
1599758438202
1599758439215
1599758440232
1599758441246
1599758442259
1599758443275
1599758444284
1599758445312
1599758446335
1599758447344
1599758448356
1599758449373
1599758450386
1599758451396
1599758452409
1599758453418
1599758454425
1599758455436
1599758456442
1599758457460
1599758458468
1599758459477
1599758460488
1599758461501
1599758462517
1599758463525
1599758464540
1599758465556
1599758466570
1599758467585
1599758468602
1599758469616
1599758470629
1599758471641
1599758472652
1599758473666
1599758474682
1599758475697
1599758476705
1599758477722
1599758478739
1599758479752
1599758480768
1599758481784
1599758482800
1599758483818
1599758484829
1599758485839
1599758486845
1599758487856
1599758488876
1599758489895
1599758490905
1599758491916
1599758492935
1599758493954
1599758494964
1599758495992
1599758497007
1599758498013
1599758499023
1599758500031
1599758501038
1599758502049
1599758503056
1599758504068
1599758505085
1599758506093
1599758507108
1599758508120
1599758509133
1599758510148
1599758511161
1599758512170
1599758513187
1599758514196
1599758515212
1599758516227
1599758517242
1599758518255
1599758519269
1599758520284
1599758521300
1599758522308
1599758523324
1599758524330
1599758525340
1599758526352
1599758527360
1599758528371
1599758529378
1599758530388
1599758531398
1599758532408
1599758533419
1599758534432
1599758535448
1599758536465
1599758537481
1599758538496
1599758539510
1599758540524
1599758541541
1599758542555
1599758543566
1599758544580
1599758545593
1599758546607
1599758547618
1599758548632
1599758549653
1599758550668
1599758551685
1599758552706
1599758553726
1599758554740
1599758555756
1599758556772
1599758557784
1599758558796
1599758559829
1599758560845
1599758561865
1599758562876
1599758563888
1599758564901
1599758565920
1599758566937
1599758567954
1599758568968
1599758569984
1599758571003
1599758572019
1599758573028
1599758574040
1599758575050
1599758576056
1599758577066
1599758578076
1599758579092
1599758580104
1599758581113
1599758582122
1599758583137
1599758584150
1599758585162
1599758586172
1599758587190
1599758588207
1599758589224
1599758590232
1599758591244
1599758592254
1599758593262
1599758594269
1599758595280
1599758596289
1599758597301
1599758598306
1599758599322
1599758600332
1599758601340
1599758602351
1599758603361
1599758604373
1599758605387
1599758606400
1599758607422
1599758608443
1599758609460
1599758610472
1599758611490
1599758612505
1599758613519
1599758614532
1599758615548
1599758616565
1599758617579
1599758618592
1599758619604
1599758620616
1599758621621
1599758622629
1599758623635
1599758624647
1599758625660
1599758626669
1599758627678
1599758628685
1599758629700
1599758630717
1599758631729
1599758632745
1599758633754
1599758634761
1599758635772
1599758636788
1599758637802
1599758638816
1599758639829
1599758640845
1599758641861
1599758642876
1599758643884
1599758644896
1599758645910
1599758646920
1599758647934
1599758648941
1599758649954
1599758650977
1599758651990
1599758653000
1599758654012
1599758655027
1599758656040
1599758657056
1599758658072
1599758659085
1599758660096
1599758661108
1599758662117
1599758663126
1599758664137
1599758665154
1599758666164
1599758667172
1599758668185
1599758669210
1599758670223
1599758671232
1599758672245
1599758673260
1599758674272
1599758675289
1599758676298
1599758677310
1599758678326
1599758679341
1599758680354
1599758681368
1599758682380
1599758683392
1599758684412
1599758685426
1599758686438
1599758687445
1599758688458
1599758689470
1599758690480
1599758691492
1599758692504
1599758693517
1599758694529
1599758695542
1599758696552
1599758697565
1599758698581
1599758699586
1599758700600
1599758701617
1599758702632
1599758703641
1599758704656
1599758705663
1599758706670
1599758707680
1599758708689
1599758709704
1599758710717
1599758711729
1599758712741
1599758713753
1599758714765
1599758715773
1599758716781
1599758717792
1599758718806
1599758719813
1599758720823
1599758721833
1599758722844
1599758723858
1599758724868
1599758725877
1599758726890
1599758727902
1599758728909
1599758729920
1599758730932
1599758731941
1599758732950
1599758733957
1599758734967
1599758735976
1599758736988
1599758737999
1599758739018
1599758740032
1599758741044
1599758742052
1599758743058
1599758744064
1599758745080
1599758746092
1599758747109
1599758748124
1599758749135
1599758750141
1599758751152
1599758752160
1599758753172
1599758754182
1599758755194
1599758756204
1599758757217
1599758758230
1599758759244
1599758760257
1599758761272
1599758762281
1599758763293
1599758764309
1599758765317
1599758766330
1599758767349
1599758768367
1599758769383
1599758770397
1599758771416
1599758772432
1599758773450
1599758774459
1599758775473
1599758776488
1599758777504
1599758778513
1599758779525
1599758780539
1599758781552
1599758782564
1599758783576
1599758784589
1599758785605
1599758786617
1599758787628
1599758788646
1599758789658
1599758790668
1599758791675
1599758792688
1599758793699
1599758794709
1599758795718
1599758796732
1599758797745
1599758798758
1599758799768
1599758800793
1599758801813
1599758802828
1599758803836
1599758804842
1599758805853
1599758806864
1599758807870
1599758808884
1599758809900
1599758810912
1599758811927
1599758812940
1599758813954
1599758814964
1599758815980
1599758816991
1599758818000
1599758819011
1599758820024
1599758821037
1599758822052
1599758823063
1599758824084
1599758825096
1599758826103
1599758827113
1599758828122
1599758829140
1599758830156
1599758831168
1599758832180
1599758833198
1599758834208
1599758835220
1599758836230
1599758837243
1599758838251
1599758839265
1599758840282
1599758841293
1599758842309
1599758843324
1599758844338
1599758845348
1599758846359
1599758847369
1599758848384
1599758849402
1599758850414
1599758851427
1599758852441
1599758853458
1599758854478
1599758855488
1599758856503
1599758857512
1599758858528
1599758859535
1599758860548
1599758861558
1599758862572
1599758863589
1599758864604
1599758865616
1599758866629
1599758867643
1599758868656
1599758869668
1599758870678
1599758871688
1599758872700
1599758873707
1599758874725
1599758875737
1599758876749
1599758877764
1599758878776
1599758879793
1599758880797
1599758881810
1599758882820
1599758883830
1599758884841
1599758885856
1599758886867
1599758887873
1599758888881
1599758889892
1599758890902
1599758891916
1599758892924
1599758893940
1599758894952
1599758895964
1599758896976
1599758897984
1599758898997
1599758900008
1599758901020
1599758902028
1599758903036
1599758904049
1599758905063
1599758906075
1599758907086
1599758908092
1599758909106
1599758910130
1599758911141
1599758912173
1599758913184
1599758914199
1599758915213
1599758916241
1599758917255
1599758918273
1599758919292
1599758920311
1599758921327
1599758922340
1599758923350
1599758924361
1599758925376
1599758926389
1599758927414
1599758928439
1599758929448
1599758930465
1599758931477
1599758932498
1599758933513
1599758934526
1599758935541
1599758936553
1599758937569
1599758938580
1599758939586
1599758940595
1599758941612
1599758942628
1599758943637
1599758944649
1599758945660
1599758946677
1599758947688
1599758948701
1599758949710
1599758950720
1599758951730
1599758952741
1599758953748
1599758954758
1599758955768
1599758956777
1599758957788
1599758958800
1599758959813
1599758960833
1599758961851
1599758962865
1599758963880
1599758964892
1599758965909
1599758966918
1599758967928
1599758968945
1599758969958
1599758970970
1599758971988
1599758972998
1599758974005
1599758975025
1599758976036
1599758977048
1599758978060
1599758979076
1599758980088
1599758981096
1599758982107
1599758983122
1599758984132
1599758985143
1599758986161
1599758987174
1599758988200
1599758989213
1599758990222
1599758991230
1599758992239
1599758993252
1599758994267
1599758995277
1599758996290
1599758997310
1599758998318
1599758999332
1599759000347
1599759001363
1599759002378
1599759003392
1599759004405
1599759005420
1599759006436
1599759007452
1599759008468
1599759009491
1599759010504
1599759011516
1599759012532
1599759013544
1599759014554
1599759015565
1599759016580
1599759017597
1599759018607
1599759019624
1599759020638
1599759021649
1599759022665
1599759023677
1599759024690
1599759025705
1599759026721
1599759027732
1599759028745
1599759029761
1599759030781
1599759031792
1599759032806
1599759033820
1599759034832
1599759035847
1599759036856
1599759037870
1599759038882
1599759039896
1599759040911
1599759041930
1599759042945
1599759043962
1599759044982
1599759045996
1599759047012
1599759048021
1599759049040
1599759050053
1599759051068
1599759052081
1599759053098
1599759054111
1599759055130
1599759056150
1599759057166
1599759058179
1599759059189
1599759060209
1599759061229
1599759062248
1599759063260
1599759064278
1599759065296
1599759066307
1599759067317
1599759068328
1599759069342
1599759070357
1599759071369
1599759072388
1599759073424
1599759074438
1599759075458
1599759076479
1599759077488
1599759078499
1599759079509
1599759080528
1599759081548
1599759082561
1599759083584
1599759084598
1599759085628
1599759086640
1599759087658
1599759088679
1599759089688
1599759090701
1599759091712
1599759092728
1599759093738
1599759094759
1599759095771
1599759096789
1599759097797
1599759098806
1599759099818
1599759100829
1599759101839
1599759102849
1599759103860
1599759104869
1599759105881
1599759106890
1599759107897
1599759108908
1599759109924
1599759110936
1599759111954
1599759112989
1599759114004
1599759115028
1599759116040
1599759117053
1599759118069
1599759119081
1599759120096
1599759121109
1599759122122
1599759123137
1599759124153
1599759125170
1599759126184
1599759127194
1599759128208
1599759129224
1599759130233
1599759131240
1599759132253
1599759133264
1599759134285
1599759135297
1599759136315
1599759137328
1599759138344
1599759139356
1599759140366
1599759141382
1599759142397
1599759143420
1599759144432
1599759145440
1599759146454
1599759147463
1599759148471
1599759149481
1599759150493
1599759151506
1599759152521
1599759153532
1599759154562
1599759155572
1599759156580
1599759157593
1599759158604
1599759159624
1599759160637
1599759161653
1599759162661
1599759163677
1599759164690
1599759165702
1599759166709
1599759167724
1599759168740
1599759169749
1599759170760
1599759171777
1599759172790
1599759173802
1599759174809
1599759175826
1599759176836
1599759177845
1599759178857
1599759179873
1599759180890
1599759181907
1599759182919
1599759183932
1599759184960
1599759185971
1599759186985
1599759187997
1599759189012
1599759190024
1599759191036
1599759192052
1599759193062
1599759194083
1599759195100
1599759196108
1599759197112
1599759198125
1599759199137
1599759200147
1599759201159
1599759202168
1599759203185
1599759204204
1599759205221
1599759206229
1599759207243
1599759208250
1599759209265
1599759210276
1599759211290
1599759212304
1599759213317
1599759214322
1599759215329
1599759216343
1599759217352
1599759218359
1599759219371
1599759220381
1599759221396
1599759222409
1599759223420
1599759224430
1599759225441
1599759226457
1599759227466
1599759228486
1599759229504
1599759230525
1599759231545
1599759232561
1599759233577
1599759234588
1599759235604
1599759236621
1599759237636
1599759238649
1599759239664
1599759240688
1599759241705
1599759242719
1599759243729
1599759244738
1599759245750
1599759246763
1599759247770
1599759248779
1599759249788
1599759250804
1599759251813
1599759252826
1599759253835
1599759254847
1599759255856
1599759256869
1599759257885
1599759258898
1599759259921
1599759260933
1599759261944
1599759262956
1599759263972
1599759264987
1599759266001
1599759267013
1599759268028
1599759269041
1599759270057
1599759271065
1599759272076
1599759273092
1599759274109
1599759275122
1599759276137
1599759277152
1599759278165
1599759279176
1599759280191
1599759281202
1599759282215
1599759283228
1599759284243
1599759285249
1599759286260
1599759287270
1599759288280
1599759289294
1599759290304
1599759291315
1599759292324
1599759293337
1599759294348
1599759295360
1599759296375
1599759297387
1599759298398
1599759299409
1599759300421
1599759301429
1599759302445
1599759303454
1599759304465
1599759305485
1599759306492
1599759307505
1599759308517
1599759309532
1599759310541
1599759311551
1599759312560
1599759313570
1599759314589
1599759315608
1599759316626
1599759317640
1599759318653
1599759319662
1599759320676
1599759321688
1599759322700
1599759323720
1599759324732
1599759325744
1599759326757
1599759327773
1599759328789
1599759329803
1599759330823
1599759331831
1599759332844
1599759333857
1599759334864
1599759335877
1599759336889
1599759337901
1599759338921
1599759339940
1599759340958
1599759341969
1599759342980
1599759343999
1599759345020
1599759346040
1599759347061
1599759348082
1599759349097
1599759350110
1599759351124
1599759352138
1599759353150
1599759354164
1599759355190
1599759356202
1599759357220
1599759358239
1599759359262
1599759360279
1599759361302
1599759362311
1599759363320
1599759364342
1599759365362
1599759366379
1599759367394
1599759368436
1599759369455
1599759370469
1599759371489
1599759372518
1599759373535
1599759374544
1599759375568
1599759376584
1599759377591
1599759378603
1599759379621
1599759380635
1599759381648
1599759382672
1599759383686
1599759384696
1599759385706
1599759386721
1599759387734
1599759388744
1599759389765
1599759390784
1599759391799
1599759392814
1599759393834
1599759394843
1599759395850
1599759396873
1599759397893
1599759398905
1599759399918
1599759400933
1599759401952
1599759402966
1599759403978
1599759404984
1599759405997
1599759407008
1599759408028
1599759409036
1599759410053
1599759411064
1599759412076
1599759413097
1599759414111
1599759415126
1599759416135
1599759417150
1599759418161
1599759419174
1599759420184
1599759421199
1599759422205
1599759423231
1599759424252
1599759425259
1599759426270
1599759427282
1599759428301
1599759429316
1599759430334
1599759431350
1599759432360
1599759433372
1599759434388
1599759435409
1599759436431
1599759437446
1599759438461
1599759439480
1599759440502
1599759441516
1599759442530
1599759443545
1599759444560
1599759445581
1599759446597
1599759447612
1599759448624
1599759449641
1599759450653
1599759451667
1599759452674
1599759453688
1599759454699
1599759455716
1599759456729
1599759457744
1599759458761
1599759459777
1599759460801
1599759461812
1599759462832
1599759463849
1599759464864
1599759465878
1599759466888
1599759467904
1599759468920
1599759469932
1599759470950
1599759471969
1599759472990
1599759474006
1599759475019
1599759476032
1599759477048
1599759478064
1599759479078
1599759480099
1599759481112
1599759482130
1599759483144
1599759484159
1599759485181
1599759486201
1599759487217
1599759488230
1599759489262
1599759490277
1599759491291
1599759492301
1599759493313
1599759494331
1599759495340
1599759496350
1599759497371
1599759498380
1599759499386
1599759500409
1599759501421
1599759502437
1599759503458
1599759504472
1599759505484
1599759506496
1599759507517
1599759508529
1599759509547
1599759510567
1599759511587
1599759512596
1599759513617
1599759514629
1599759515646
1599759516666
1599759517680
1599759518696
1599759519712
1599759520726
1599759521740
1599759522762
1599759523774
1599759524785
1599759525804
1599759526817
1599759527838
1599759528855
1599759529865
1599759530884
1599759531903
1599759532916
1599759533933
1599759534945
1599759535969
1599759536982
1599759537993
1599759539013
1599759540028
1599759541040
1599759542078
1599759543102
1599759544116
1599759545130
1599759546139
1599759547152
1599759548169
1599759549185
1599759550200
1599759551217
1599759552229
1599759553249
1599759554260
1599759555278
1599759556288
1599759557296
1599759558311
1599759559334
1599759560348
1599759561360
1599759562374
1599759563386
1599759564399
1599759565408
1599759566421
1599759567436
1599759568449
1599759569465
1599759570480
1599759571497
1599759572514
1599759573529
1599759574564
1599759575582
1599759576591
1599759577619
1599759578629
1599759579643
1599759580662
1599759581673
1599759582682
1599759583697
1599759584712
1599759585732
1599759586744
1599759587755
1599759588772
1599759589779
1599759590789
1599759591800
1599759592809
1599759593824
1599759594838
1599759595848
1599759596867
1599759597887
1599759598895
1599759599907
1599759600916
1599759601925
1599759602939
1599759603950
1599759604961
1599759605977
1599759606988
1599759607997
1599759609009
1599759610021
1599759611034
1599759612041
1599759613055
1599759614065
1599759615077
1599759616088
1599759617094
1599759618104
1599759619118
1599759620131
1599759621145
1599759622158
1599759623169
1599759624181
1599759625192
1599759626203
1599759627212
1599759628226
1599759629233
1599759630251
1599759631263
1599759632280
1599759633292
1599759634316
1599759635332
1599759636344
1599759637352
1599759638364
1599759639378
1599759640392
1599759641413
1599759642425
1599759643438
1599759644458
1599759645474
1599759646487
1599759647504
1599759648513
1599759649520
1599759650533
1599759651544
1599759652556
1599759653565
1599759654572
1599759655597
1599759656609
1599759657625
1599759658641
1599759659654
1599759660670
1599759661680
1599759662696
1599759663706
1599759664716
1599759665727
1599759666739
1599759667753
1599759668763
1599759669768
1599759670794
1599759671808
1599759672825
1599759673840
1599759674846
1599759675861
1599759676869
1599759677885
1599759678900
1599759679915
1599759680927
1599759681937
1599759682944
1599759683961
1599759684972
1599759685984
1599759687000
1599759688016
1599759689032
1599759690040
1599759691057
1599759692071
1599759693085
1599759694099
1599759695108
1599759696122
1599759697141
1599759698157
1599759699172
1599759700187
1599759701200
1599759702212
1599759703225
1599759704235
1599759705242
1599759706251
1599759707262
1599759708269
1599759709280
1599759710292
1599759711298
1599759712319
1599759713331
1599759714343
1599759715349
1599759716368
1599759717380
1599759718396
1599759719411
1599759720423
1599759721429
1599759722439
1599759723451
1599759724465
1599759725478
1599759726486
1599759727497
1599759728508
1599759729520
1599759730535
1599759731558
1599759732566
1599759733574
1599759734584
1599759735602
1599759736615
1599759737628
1599759738641
1599759739653
1599759740667
1599759741678
1599759742685
1599759743699
1599759744712
1599759745721
1599759746730
1599759747745
1599759748756
1599759749769
1599759750779
1599759751787
1599759752796
1599759753806
1599759754814
1599759755826
1599759756832
1599759757849
1599759758860
1599759759879
1599759760885
1599759761897
1599759762904
1599759763917
1599759764928
1599759765944
1599759766954
1599759767965
1599759768980
1599759769998
1599759771010
1599759772018
1599759773026
1599759774039
1599759775046
1599759776057
1599759777067
1599759778080
1599759779097
1599759780112
1599759781129
1599759782144
1599759783152
1599759784165
1599759785184
1599759786197
1599759787205
1599759788213
1599759789224
1599759790237
1599759791265
1599759792278
1599759793295
1599759794306
1599759795321
1599759796335
1599759797350
1599759798365
1599759799375
1599759800391
1599759801410
1599759802416
1599759803422
1599759804433
1599759805453
1599759806485
1599759807504
1599759808527
1599759809536
1599759810548
1599759811556
1599759812564
1599759813575
1599759814583
1599759815593
1599759816601
1599759817612
1599759818629
1599759819641
1599759820653
1599759821669
1599759822682
1599759823697
1599759824708
1599759825720
1599759826730
1599759827742
1599759828753
1599759829764
1599759830776
1599759831791
1599759832798
1599759833809
1599759834822
1599759835836
1599759836844
1599759837865
1599759838884
1599759839893
1599759840901
1599759841910
1599759842924
1599759843944
1599759844950
1599759845957
1599759846967
1599759847982
1599759848997
1599759850010
1599759851025
1599759852044
1599759853060
1599759854072
1599759855080
1599759856094
1599759857112
1599759858123
1599759859137
1599759860148
1599759861157
1599759862162
1599759863171
1599759864183
1599759865191
1599759866205
1599759867216
1599759868230
1599759869241
1599759870250
1599759871260
1599759872271
1599759873290
1599759874299
1599759875312
1599759876324
1599759877337
1599759878346
1599759879356
1599759880365
1599759881373
1599759882388
1599759883398
1599759884414
1599759885425
1599759886432
1599759887438
1599759888449
1599759889464
1599759890477
1599759891496
1599759892505
1599759893513
1599759894524
1599759895529
1599759896541
1599759897554
1599759898562
1599759899568
1599759900580
1599759901597
1599759902608
1599759903625
1599759904641
1599759905656
1599759906665
1599759907681
1599759908685
1599759909696
1599759910712
1599759911719
1599759912729
1599759913741
1599759914752
1599759915765
1599759916778
1599759917788
1599759918801
1599759919816
1599759920828
1599759921844
1599759922864
1599759923877
1599759924887
1599759925901
1599759926917
1599759927932
1599759928949
1599759929965
1599759930977
1599759931989
1599759933002
1599759934012
1599759935026
1599759936038
1599759937048
1599759938057
1599759939073
1599759940085
1599759941097
1599759942108
1599759943120
1599759944133
1599759945148
1599759946159
1599759947171
1599759948184
1599759949193
1599759950205
1599759951216
1599759952231
1599759953243
1599759954252
1599759955266
1599759956277
1599759957285
1599759958297
1599759959315
1599759960324
1599759961340
1599759962354
1599759963368
1599759964385
1599759965397
1599759966414
1599759967423
1599759968432
1599759969450
1599759970469
1599759971484
1599759972496
1599759973513
1599759974528
1599759975541
1599759976553
1599759977569
1599759978577
1599759979587
1599759980596
1599759981616
1599759982629
1599759983636
1599759984657
1599759985665
1599759986686
1599759987701
1599759988714
1599759989727
1599759990737
1599759991756
1599759992769
1599759993800
1599759994808
1599759995824
1599759996840
1599759997852
1599759998863
1599759999879
1599760000890
1599760001898
1599760002908
1599760003921
1599760004930
1599760005939
1599760006952
1599760007965
1599760008979
1599760009993
1599760011004
1599760012013
1599760013023
1599760014029
1599760015041
1599760016054
1599760017064
1599760018090
1599760019104
1599760020117
1599760021127
1599760022147
1599760023156
1599760024168
1599760025187
1599760026206
1599760027226
1599760028245
1599760029260
1599760030274
1599760031288
1599760032305
1599760033321
1599760034332
1599760035338
1599760036354
1599760037364
1599760038373
1599760039385
1599760040392
1599760041404
1599760042416
1599760043431
1599760044452
1599760045469
1599760046481
1599760047492
1599760048508
1599760049519
1599760050526
1599760051538
1599760052557
1599760053569
1599760054597
1599760055617
1599760056626
1599760057634
1599760058646
1599760059654
1599760060667
1599760061680
1599760062687
1599760063698
1599760064712
1599760065722
1599760066731
1599760067742
1599760068752
1599760069764
1599760070777
1599760071788
1599760072796
1599760073808
1599760074816
1599760075825
1599760076841
1599760077852
1599760078861
1599760079868
1599760080876
1599760081890
1599760082900
1599760083920
1599760084933
1599760085944
1599760086958
1599760087970
1599760088976
1599760089988
1599760091000
1599760092014
1599760093025
1599760094041
1599760095049
1599760096056
1599760097065
1599760098073
1599760099089
1599760100102
1599760101111
1599760102121
1599760103130
1599760104140
1599760105154
1599760106165
1599760107178
1599760108192
1599760109206
1599760110219
1599760111228
1599760112244
1599760113260
1599760114275
1599760115289
1599760116304
1599760117320
1599760118333
1599760119346
1599760120359
1599760121373
1599760122387
1599760123405
1599760124421
1599760125437
1599760126452
1599760127461
1599760128470
1599760129478
1599760130489
1599760131499
1599760132513
1599760133525
1599760134537
1599760135553
1599760136564
1599760137580
1599760138596
1599760139613
1599760140631
1599760141648
1599760142658
1599760143668
1599760144680
1599760145695
1599760146708
1599760147716
1599760148723
1599760149732
1599760150744
1599760151760
1599760152776
1599760153792
1599760154804
1599760155812
1599760156829
1599760157848
1599760158856
1599760159867
1599760160876
1599760161888
1599760162900
1599760163916
1599760164924
1599760165933
1599760166942
1599760167956
1599760168973
1599760169988
1599760171000
1599760172014
1599760173035
1599760174048
1599760175063
1599760176076
1599760177092
1599760178105
1599760179121
1599760180131
1599760181144
1599760182156
1599760183168
1599760184187
1599760185196
1599760186216
1599760187228
1599760188240
1599760189252
1599760190266
1599760191280
1599760192291
1599760193303
1599760194310
1599760195329
1599760196344
1599760197359
1599760198365
1599760199383
1599760200396
1599760201418
1599760202438
1599760203453
1599760204465
1599760205480
1599760206492
1599760207508
1599760208526
1599760209534
1599760210551
1599760211568
1599760212585
1599760213596
1599760214606
1599760215621
1599760216632
1599760217648
1599760218662
1599760219676
1599760220691
1599760221703
1599760222720
1599760223731
1599760224743
1599760225756
1599760226781
1599760227794
1599760228799
1599760229812
1599760230829
1599760231844
1599760232859
1599760233867
1599760234876
1599760235889
1599760236900
1599760237913
1599760238925
1599760239932
1599760240940
1599760241955
1599760242964
1599760243976
1599760244992
1599760246003
1599760247021
1599760248036
1599760249052
1599760250064
1599760251080
1599760252095
1599760253105
1599760254116
1599760255131
1599760256141
1599760257156
1599760258169
1599760259185
1599760260201
1599760261216
1599760262230
1599760263241
1599760264256
1599760265268
1599760266281
1599760267295
1599760268313
1599760269326
1599760270340
1599760271356
1599760272371
1599760273384
1599760274393
1599760275404
1599760276420
1599760277431
1599760278441
1599760279448
1599760280463
1599760281475
1599760282488
1599760283500
1599760284521
1599760285537
1599760286554
1599760287567
1599760288579
1599760289589
1599760290603
1599760291615
1599760292623
1599760293632
1599760294644
1599760295652
1599760296660
1599760297668
1599760298677
1599760299689
1599760300697
1599760301709
1599760302720
1599760303733
1599760304758
1599760305769
1599760306786
1599760307807
1599760308816
1599760309825
1599760310844
1599760311856
1599760312868
1599760313877
1599760314895
1599760315909
1599760316917
1599760317929
1599760318940
1599760319952
1599760320964
1599760321979
1599760323004
1599760324024
1599760325040
1599760326056
1599760327071
1599760328084
1599760329100
1599760330115
1599760331127
1599760332136
1599760333152
1599760334165
1599760335176
1599760336194
1599760337203
1599760338218
1599760339228
1599760340244
1599760341255
1599760342268
1599760343280
1599760344292
1599760345305
1599760346316
1599760347327
1599760348340
1599760349356
1599760350368
1599760351380
1599760352395
1599760353409
1599760354419
1599760355431
1599760356439
1599760357452
1599760358464
1599760359476
1599760360484
1599760361492
1599760362500
1599760363509
1599760364522
1599760365533
1599760366541
1599760367555
1599760368564
1599760369570
1599760370578
1599760371588
1599760372597
1599760373612
1599760374626
1599760375634
1599760376644
1599760377655
1599760378669
1599760379679
1599760380686
1599760381698
1599760382713
1599760383721
1599760384731
1599760385744
1599760386755
1599760387765
1599760388774
1599760389783
1599760390796
1599760391808
1599760392814
1599760393823
1599760394831
1599760395847
1599760396860
1599760397873
1599760398884
1599760399895
1599760400908
1599760401940
1599760402959
1599760403975
1599760404989
1599760406001
1599760407010
1599760408021
1599760409036
1599760410047
1599760411058
1599760412067
1599760413074
1599760414083
1599760415091
1599760416098
1599760417109
1599760418120
1599760419129
1599760420139
1599760421153
1599760422165
1599760423176
1599760424197
1599760425209
1599760426221
1599760427229
1599760428242
1599760429252
1599760430270
1599760431294
1599760432314
1599760433329
1599760434339
1599760435352
1599760436366
1599760437377
1599760438388
1599760439396
1599760440408
1599760441420
1599760442433
1599760443449
1599760444461
1599760445477
1599760446489
1599760447499
1599760448513
1599760449529
1599760450538
1599760451546
1599760452559
1599760453568
1599760454577
1599760455588
1599760456598
1599760457610
1599760458624
1599760459635
1599760460649
1599760461659
1599760462666
1599760463680
1599760464689
1599760465699
1599760466706
1599760467734
1599760468742
1599760469757
1599760470768
1599760471777
1599760472792
1599760473810
1599760474821
1599760475843
1599760476851
1599760477865
1599760478871
1599760479889
1599760480904
1599760481916
1599760482929
1599760483944
1599760484956
1599760485965
1599760486976
1599760487985
1599760488996
1599760490007
1599760491013
1599760492024
1599760493034
1599760494047
1599760495055
1599760496065
1599760497076
1599760498086
1599760499094
1599760500102
1599760501111
1599760502124
1599760503136
1599760504146
1599760505158
1599760506176
1599760507189
1599760508204
1599760509216
1599760510222
1599760511233
1599760512247
1599760513261
1599760514272
1599760515282
1599760516290
1599760517302
1599760518315
1599760519333
1599760520343
1599760521356
1599760522376
1599760523393
1599760524402
1599760525416
1599760526429
1599760527441
1599760528451
1599760529460
1599760530472
1599760531480
1599760532492
1599760533500
1599760534516
1599760535534
1599760536553
1599760537567
1599760538581
1599760539589
1599760540595
1599760541609
1599760542625
1599760543641
1599760544653
1599760545668
1599760546690
1599760547705
1599760548732
1599760549746
1599760550760
1599760551768
1599760552782
1599760553798
1599760554815
1599760555835
1599760556847
1599760557857
1599760558877
1599760559897
1599760560906
1599760561916
1599760562923
1599760563935
1599760564955
1599760565969
1599760566985
1599760567999
1599760569017
1599760570035
1599760571068
1599760572085
1599760573098
1599760574115
1599760575132
1599760576142
1599760577164
1599760578185
1599760579196
1599760580213
1599760581228
1599760582239
1599760583249
1599760584264
1599760585273
1599760586290
1599760587310
1599760588320
1599760589352
1599760590371
1599760591382
1599760592397
1599760593426
1599760594442
1599760595461
1599760596480
1599760597491
1599760598507
1599760599530
1599760600540
1599760601551
1599760602570
1599760603580
1599760604589
1599760605609
1599760606621
1599760607634
1599760608648
1599760609667
1599760610680
1599760611697
1599760612717
1599760613737
1599760614750
1599760615764
1599760616777
1599760617797
1599760618808
1599760619827
1599760620839
1599760621853
1599760622869
1599760623886
1599760624896
1599760625915
1599760626931
1599760627952
1599760628967
1599760629984
1599760631004
1599760632036
1599760633056
1599760634062
1599760635085
1599760636112
1599760637127
1599760638142
1599760639174
1599760640204
1599760641216
1599760642238
1599760643252
1599760644268
1599760645286
1599760646306
1599760647325
1599760648345
1599760649359
1599760650374
1599760651381
1599760652393
1599760653403
1599760654416
1599760655431
1599760656451
1599760657469
1599760658483
1599760659501
1599760660513
1599760661531
1599760662550
1599760663561
1599760664571
1599760665584
1599760666600
1599760667619
1599760668633
1599760669649
1599760670666
1599760671677
1599760672691
1599760673706
1599760674725
1599760675746
1599760676764
1599760677791
1599760678802
1599760679817
1599760680838
1599760681849
1599760682860
1599760683874
1599760684893
1599760685917
1599760686924
1599760687946
1599760688968
1599760689984
1599760690999
1599760692018
1599760693033
1599760694047
1599760695061
1599760696078
1599760697115
1599760698123
1599760699137
1599760700158
1599760701178
1599760702197
1599760703214
1599760704228
1599760705242
1599760706257
1599760707275
1599760708287
1599760709300
1599760710308
1599760711323
1599760712332
1599760713349
1599760714364
1599760715383
1599760716392
1599760717405
1599760718420
1599760719429
1599760720441
1599760721457
1599760722473
1599760723482
1599760724502
1599760725527
1599760726545
1599760727556
1599760728572
1599760729581
1599760730594
1599760731612
1599760732625
1599760733633
1599760734645
1599760735661
1599760736675
1599760737688
1599760738701
1599760739724
1599760740740
1599760741763
1599760742782
1599760743792
1599760744813
1599760745824
1599760746835
1599760747844
1599760748863
1599760749876
1599760750893
1599760751909
1599760752920
1599760753930
1599760754944
1599760755961
1599760756977
1599760757991
1599760759005
1599760760022
1599760761037
1599760762048
1599760763060
1599760764072
1599760765086
1599760766096
1599760767108
1599760768128
1599760769134
1599760770145
1599760771157
1599760772168
1599760773184
1599760774197
1599760775209
1599760776239
1599760777249
1599760778261
1599760779276
1599760780294
1599760781306
1599760782326
1599760783341
1599760784356
1599760785373
1599760786385
1599760787402
1599760788416
1599760789436
1599760790455
1599760791464
1599760792486
1599760793499
1599760794515
1599760795535
1599760796545
1599760797574
1599760798586
1599760799596
1599760800605
1599760801625
1599760802644
1599760803656
1599760804672
1599760805689
1599760806699
1599760807708
1599760808717
1599760809732
1599760810741
1599760811760
1599760812777
1599760813801
1599760814812
1599760815822
1599760816835
1599760817853
1599760818863
1599760819874
1599760820882
1599760821894
1599760822903
1599760823913
1599760824930
1599760825942
1599760826950
1599760827958
1599760828967
1599760829977
1599760830988
1599760832001
1599760833010
1599760834019
1599760835033
1599760836042
1599760837049
1599760838060
1599760839070
1599760840078
1599760841095
1599760842108
1599760843123
1599760844140
1599760845153
1599760846161
1599760847173
1599760848184
1599760849203
1599760850218
1599760851227
1599760852237
1599760853253
1599760854262
1599760855271
1599760856280
1599760857295
1599760858305
1599760859317
1599760860333
1599760861348
1599760862360
1599760863372
1599760864380
1599760865393
1599760866401
1599760867410
1599760868420
1599760869433
1599760870441
1599760871453
1599760872467
1599760873476
1599760874491
1599760875504
1599760876524
1599760877540
1599760878548
1599760879561
1599760880572
1599760881582
1599760882592
1599760883605
1599760884620
1599760885631
1599760886640
1599760887653
1599760888668
1599760889680
1599760890697
1599760891709
1599760892720
1599760893729
1599760894744
1599760895760
1599760896777
1599760897793
1599760898805
1599760899821
1599760900832
1599760901848
1599760902857
1599760903872
1599760904888
1599760905903
1599760906923
1599760907932
1599760908945
1599760909962
1599760910979
1599760911988
1599760913001
1599760914010
1599760915018
1599760916038
1599760917048
1599760918068
1599760919080
1599760920097
1599760921111
1599760922127
1599760923137
1599760924155
1599760925166
1599760926182
1599760927206
1599760928226
1599760929241
1599760930264
1599760931284
1599760932298
1599760933313
1599760934326
1599760935341
1599760936353
1599760937364
1599760938386
1599760939400
1599760940406
1599760941415
1599760942425
1599760943433
1599760944444
1599760945453
1599760946461
1599760947472
1599760948483
1599760949492
1599760950502
1599760951519
1599760952528
1599760953548
1599760954564
1599760955580
1599760956597
1599760957614
1599760958627
1599760959641
1599760960665
1599760961680
1599760962695
1599760963715
1599760964736
1599760965750
1599760966764
1599760967777
1599760968786
1599760969805
1599760970824
1599760971834
1599760972854
1599760973867
1599760974895
1599760975914
1599760976927
1599760977944
1599760978958
1599760979972
1599760980994
1599760982005
1599760983017
1599760984036
1599760985047
1599760986058
1599760987074
1599760988094
1599760989114
1599760990134
1599760991155
1599760992167
1599760993185
1599760994197
1599760995209
1599760996235
1599760997244
1599760998264
1599760999276
1599761000288
1599761001302
1599761002317
1599761003340
1599761004352
1599761005366
1599761006382
1599761007403
1599761008419
1599761009433
1599761010453
1599761011474
1599761012494
1599761013510
1599761014523
1599761015537
1599761016551
1599761017561
1599761018581
1599761019602
1599761020622
1599761021634
1599761022647
1599761023658
1599761024672
1599761025693
1599761026707
1599761027722
1599761028742
1599761029763
1599761030775
1599761031794
1599761032812
1599761033817
1599761034832
1599761035852
1599761036868
1599761037882
1599761038896
1599761039912
1599761040931
1599761041946
1599761042957
1599761043971
1599761044980
1599761045999
1599761047013
1599761048028
1599761049042
1599761050057
1599761051077
1599761052089
1599761053105
1599761054116
1599761055130
1599761056145
1599761057157
1599761058169
1599761059184
1599761060196
1599761061204
1599761062218
1599761063230
1599761064241
1599761065260
1599761066273
1599761067282
1599761068292
1599761069305
1599761070316
1599761071328
1599761072340
1599761073350
1599761074359
1599761075368
1599761076383
1599761077393
1599761078409
1599761079420
1599761080429
1599761081440
1599761082451
1599761083465
1599761084473
1599761085486
1599761086501
1599761087521
1599761088532
1599761089540
1599761090548
1599761091562
1599761092572
1599761093579
1599761094589
1599761095598
1599761096608
1599761097618
1599761098626
1599761099637
1599761100649
1599761101661
1599761102670
1599761103684
1599761104698
1599761105705
1599761106714
1599761107726
1599761108736
1599761109750
1599761110756
1599761111766
1599761112785
1599761113796
1599761114805
1599761115821
1599761116832
1599761117849
1599761118864
1599761119876
1599761120888
1599761121898
1599761122909
1599761123924
1599761124936
1599761125949
1599761126961
1599761127976
1599761128988
1599761130000
1599761131012
1599761132023
1599761133032
1599761134042
1599761135051
1599761136057
1599761137073
1599761138085
1599761139094
1599761140105
1599761141113
1599761142126
1599761143138
1599761144149
1599761145160
1599761146173
1599761147185
1599761148196
1599761149205
1599761150213
1599761151228
1599761152239
1599761153246
1599761154257
1599761155269
1599761156277
1599761157288
1599761158296
1599761159309
1599761160323
1599761161330
1599761162338
1599761163352
1599761164361
1599761165372
1599761166384
1599761167397
1599761168406
1599761169418
1599761170427
1599761171440
1599761172458
1599761173474
1599761174497
1599761175514
1599761176531
1599761177550
1599761178556
1599761179576
1599761180589
1599761181601
1599761182613
1599761183628
1599761184642
1599761185653
1599761186664
1599761187672
1599761188688
1599761189705
1599761190720
1599761191728
1599761192740
1599761193748
1599761194760
1599761195769
1599761196781
1599761197786
1599761198793
1599761199801
1599761200806
1599761201817
1599761202832
1599761203841
1599761204852
1599761205861
1599761206869
1599761207881
1599761208893
1599761209907
1599761210916
1599761211928
1599761212937
1599761213948
1599761214965
1599761215980
1599761216988
1599761218000
1599761219008
1599761220031
1599761221041
1599761222059
1599761223072
1599761224083
1599761225091
1599761226108
1599761227121
1599761228136
1599761229146
1599761230158
1599761231171
1599761232196
1599761233216
1599761234228
1599761235240
1599761236251
1599761237259
1599761238273
1599761239284
1599761240294
1599761241305
1599761242319
1599761243336
1599761244349
1599761245364
1599761246373
1599761247389
1599761248400
1599761249416
1599761250429
1599761251444
1599761252459
1599761253473
1599761254485
1599761255496
1599761256510
1599761257524
1599761258538
1599761259552
1599761260568
1599761261581
1599761262593
1599761263600
1599761264612
1599761265624
1599761266636
1599761267653
1599761268659
1599761269671
1599761270681
1599761271690
1599761272699
1599761273708
1599761274721
1599761275729
1599761276740
1599761277748
1599761278765
1599761279774
1599761280784
1599761281795
1599761282809
1599761283822
1599761284832
1599761285846
1599761286864
1599761287874
1599761288882
1599761289894
1599761290907
1599761291918
1599761292932
1599761293951
1599761294971
1599761295988
1599761297004
1599761298016
1599761299027
1599761300043
1599761301056
1599761302069
1599761303080
1599761304098
1599761305106
1599761306116
1599761307127
1599761308145
1599761309157
1599761310175
1599761311189
1599761312209
1599761313225
1599761314240
1599761315252
1599761316269
1599761317287
1599761318300
1599761319316
1599761320325
1599761321333
1599761322344
1599761323353
1599761324364
1599761325376
1599761326384
1599761327398
1599761328409
1599761329418
1599761330431
1599761331443
1599761332456
1599761333463
1599761334470
1599761335477
1599761336489
1599761337501
1599761338513
1599761339525
1599761340535
1599761341553
1599761342561
1599761343569
1599761344590
1599761345606
1599761346615
1599761347624
1599761348641
1599761349656
1599761350669
1599761351683
1599761352697
1599761353713
1599761354729
1599761355738
1599761356747
1599761357756
1599761358772
1599761359787
1599761360801
1599761361812
1599761362822
1599761363831
1599761364844
1599761365856
1599761366872
1599761367888
1599761368898
1599761369906
1599761370914
1599761371924
1599761372940
1599761373952
1599761374964
1599761375986
1599761377000
1599761378016
1599761379028
1599761380044
1599761381054
1599761382062
1599761383075
1599761384088
1599761385100
1599761386109
1599761387120
1599761388133
1599761389151
1599761390164
1599761391185
1599761392198
1599761393211
1599761394225
1599761395232
1599761396249
1599761397261
1599761398278
1599761399290
1599761400303
1599761401316
1599761402332
1599761403341
1599761404359
1599761405372
1599761406383
1599761407393
1599761408404
1599761409421
1599761410435
1599761411452
1599761412464
1599761413475
1599761414485
1599761415493
1599761416509
1599761417526
1599761418546
1599761419561
1599761420570
1599761421578
1599761422586
1599761423597
1599761424609
1599761425622
1599761426633
1599761427645
1599761428652
1599761429661
1599761430674
1599761431689
1599761432700
1599761433708
1599761434722
1599761435729
1599761436745
1599761437756
1599761438768
1599761439789
1599761440802
1599761441812
1599761442827
1599761443841
1599761444852
1599761445864
1599761446876
1599761447889
1599761448904
1599761449914
1599761450920
1599761451927
1599761452936
1599761453944
1599761454962
1599761455984
1599761457005
1599761458021
1599761459036
1599761460048
1599761461060
1599761462076
1599761463092
1599761464108
1599761465123
1599761466136
1599761467148
1599761468164
1599761469180
1599761470192
1599761471205
1599761472221
1599761473230
1599761474244
1599761475250
1599761476261
1599761477269
1599761478275
1599761479292
1599761480303
1599761481314
1599761482332
1599761483347
1599761484356
1599761485368
1599761486387
1599761487398
1599761488408
1599761489419
1599761490428
1599761491441
1599761492452
1599761493464
1599761494480
1599761495489
1599761496500
1599761497509
1599761498520
1599761499533
1599761500545
1599761501556
1599761502571
1599761503578
1599761504584
1599761505595
1599761506600
1599761507615
1599761508624
1599761509635
1599761510641
1599761511651
1599761512660
1599761513667
1599761514676
1599761515685
1599761516705
1599761517716
1599761518728
1599761519736
1599761520752
1599761521770
1599761522778
1599761523787
1599761524797
1599761525807
1599761526821
1599761527833
1599761528845
1599761529859
1599761530868
1599761531881
1599761532889
1599761533901
1599761534913
1599761535926
1599761536939
1599761537949
1599761538957
1599761539969
1599761540984
1599761541998
1599761543007
1599761544013
1599761545027
1599761546041
1599761547055
1599761548069
1599761549087
1599761550099
1599761551114
1599761552132
1599761553155
1599761554167
1599761555185
1599761556199
1599761557208
1599761558228
1599761559240
1599761560252
1599761561265
1599761562281
1599761563293
1599761564308
1599761565320
1599761566332
1599761567341
1599761568352
1599761569360
1599761570375
1599761571384
1599761572394
1599761573404
1599761574426
1599761575436
1599761576446
1599761577457
1599761578464
1599761579474
1599761580485
1599761581494
1599761582508
1599761583522
1599761584529
1599761585549
1599761586565
1599761587582
1599761588593
1599761589613
1599761590625
1599761591637
1599761592648
1599761593659
1599761594670
1599761595678
1599761596686
1599761597696
1599761598706
1599761599720
1599761600729
1599761601739
1599761602749
1599761603758
1599761604769
1599761605782
1599761606796
1599761607806
1599761608817
1599761609829
1599761610841
1599761611857
1599761612868
1599761613879
1599761614885
1599761615901
1599761616913
1599761617926
1599761618941
1599761619957
1599761620967
1599761621980
1599761622994
1599761624007
1599761625016
1599761626030
1599761627045
1599761628060
1599761629070
1599761630084
1599761631094
1599761632109
1599761633125
1599761634141
1599761635154
1599761636168
1599761637184
1599761638196
1599761639212
1599761640229
1599761641244
1599761642254
1599761643264
1599761644276
1599761645285
1599761646297
1599761647309
1599761648323
1599761649336
1599761650347
1599761651360
1599761652367
1599761653376
1599761654389
1599761655397
1599761656406
1599761657417
1599761658426
1599761659434
1599761660446
1599761661457
1599761662466
1599761663476
1599761664490
1599761665501
1599761666517
1599761667534
1599761668545
1599761669558
1599761670568
1599761671584
1599761672597
1599761673608
1599761674615
1599761675625
1599761676641
1599761677653
1599761678663
1599761679679
1599761680691
1599761681704
1599761682720
1599761683732
1599761684742
1599761685755
1599761686768
1599761687777
1599761688797
1599761689812
1599761690828
1599761691845
1599761692857
1599761693872
1599761694888
1599761695905
1599761696920
1599761697933
1599761698941
1599761699948
1599761700964
1599761701980
1599761702992
1599761704009
1599761705024
1599761706044
1599761707064
1599761708080
1599761709093
1599761710116
1599761711133
1599761712148
1599761713168
1599761714184
1599761715200
1599761716212
1599761717227
1599761718244
1599761719259
1599761720272
1599761721288
1599761722300
1599761723313
1599761724328
1599761725334
1599761726351
1599761727357
1599761728366
1599761729381
1599761730395
1599761731405
1599761732420
1599761733438
1599761734465
1599761735480
1599761736493
1599761737508
1599761738525
1599761739536
1599761740558
1599761741568
1599761742593
1599761743609
1599761744620
1599761745633
1599761746644
1599761747654
1599761748669
1599761749685
1599761750707
1599761751718
1599761752729
1599761753757
1599761754775
1599761755788
1599761756801
1599761757815
1599761758828
1599761759841
1599761760852
1599761761861
1599761762882
1599761763896
1599761764913
1599761765936
1599761766954
1599761767967
1599761768981
1599761769994
1599761771004
1599761772016
1599761773026
1599761774040
1599761775053
1599761776069
1599761777080
1599761778094
1599761779104
1599761780121
1599761781135
1599761782148
1599761783164
1599761784177
1599761785187
1599761786200
1599761787229
1599761788244
1599761789263
1599761790276
1599761791288
