1599765762840
1599765763897
1599765764911
1599765765927
1599765766948
1599765767958
1599765768986
1599765770011
1599765771025
1599765772039
1599765773056
1599765774068
1599765775078
1599765776092
1599765777112
1599765778127
1599765779137
1599765780146
1599765781158
1599765782174
1599765783191
1599765784206
1599765785221
1599765786236
1599765787257
1599765788271
1599765789288
1599765790302
1599765791315
1599765792333
1599765793351
1599765794364
1599765795377
1599765796402
1599765797425
1599765798434
1599765799453
1599765800473
1599765801477
1599765802489
1599765803511
1599765804527
1599765805543
1599765806560
1599765807573
1599765808583
1599765809597
1599765810607
1599765811624
1599765812642
1599765813654
1599765814669
1599765815680
1599765816700
1599765817708
1599765818721
1599765819730
1599765820744
1599765821755
1599765822763
1599765823777
1599765824789
1599765825801
1599765826812
1599765827824
1599765828839
1599765829847
1599765830863
1599765831874
1599765832885
1599765833898
1599765834908
1599765835920
1599765836932
1599765837947
1599765838962
1599765839974
1599765840986
1599765841996
1599765843011
1599765844024
1599765845039
1599765846055
1599765847070
1599765848091
1599765849101
1599765850112
1599765851132
1599765852144
1599765853156
1599765854167
1599765855179
1599765856190
1599765857205
1599765858217
1599765859232
1599765860243
1599765861262
1599765862278
1599765863290
1599765864301
1599765865307
1599765866317
1599765867328
1599765868345
1599765869357
1599765870363
1599765871375
1599765872390
1599765873402
1599765874415
1599765875424
1599765876440
1599765877452
1599765878464
1599765879474
1599765880489
1599765881505
1599765882520
1599765883533
1599765884545
1599765885559
1599765886571
1599765887582
1599765888594
1599765889605
1599765890616
1599765891632
1599765892647
1599765893662
1599765894677
1599765895691
1599765896702
1599765897720
1599765898736
1599765899745
1599765900756
1599765901767
1599765902786
1599765903801
1599765904818
1599765905834
1599765906844
1599765907852
1599765908871
1599765909888
1599765910901
1599765911912
1599765912927
1599765913945
1599765914963
1599765915979
1599765916994
1599765918008
1599765919018
1599765920033
1599765921045
1599765922051
1599765923066
1599765924075
1599765925084
1599765926099
1599765927117
1599765928132
1599765929149
1599765930160
1599765931174
1599765932196
1599765933207
1599765934223
1599765935235
1599765936243
1599765937251
1599765938261
1599765939270
1599765940282
1599765941295
1599765942314
1599765943333
1599765944341
1599765945353
1599765946370
1599765947384
1599765948399
1599765949415
1599765950430
1599765951442
1599765952458
1599765953469
1599765954481
1599765955496
1599765956512
1599765957523
1599765958539
1599765959550
1599765960561
1599765961577
1599765962592
1599765963607
1599765964620
1599765965633
1599765966647
1599765967660
1599765968674
1599765969697
1599765970709
1599765971720
1599765972734
1599765973747
1599765974755
1599765975765
1599765976782
1599765977793
1599765978809
1599765979820
1599765980829
1599765981844
1599765982859
1599765983867
1599765984882
1599765985893
1599765986905
1599765987916
1599765988928
1599765989945
1599765990954
1599765991969
1599765992981
1599765993991
1599765995000
1599765996012
1599765997023
1599765998039
1599765999049
1599766000062
1599766001069
1599766002084
1599766003101
1599766004120
1599766005134
1599766006141
1599766007151
1599766008162
1599766009173
1599766010186
1599766011200
1599766012215
1599766013231
1599766014247
1599766015262
1599766016278
1599766017294
1599766018304
1599766019321
1599766020335
1599766021350
1599766022372
1599766023383
1599766024398
1599766025410
1599766026425
1599766027440
1599766028453
1599766029482
1599766030495
1599766031503
1599766032518
1599766033541
1599766034552
1599766035560
1599766036571
1599766037580
1599766038596
1599766039606
1599766040622
1599766041633
1599766042645
1599766043659
1599766044664
1599766045679
1599766046690
1599766047702
1599766048722
1599766049741
1599766050752
1599766051768
1599766052780
1599766053799
1599766054812
1599766055826
1599766056834
1599766057845
1599766058856
1599766059874
1599766060882
1599766061903
1599766062919
1599766063931
1599766064945
1599766065965
1599766066976
1599766067988
1599766068998
1599766070017
1599766071035
1599766072048
1599766073066
1599766074082
1599766075102
1599766076127
1599766077143
1599766078155
1599766079167
1599766080178
1599766081191
1599766082207
1599766083229
1599766084245
1599766085260
1599766086274
1599766087286
1599766088298
1599766089310
1599766090320
1599766091336
1599766092351
1599766093368
1599766094383
1599766095397
1599766096406
1599766097434
1599766098449
1599766099465
1599766100478
1599766101493
1599766102507
1599766103527
1599766104540
1599766105555
1599766106570
1599766107583
1599766108595
1599766109611
1599766110623
1599766111641
1599766112667
1599766113696
1599766114713
1599766115727
1599766116744
1599766117759
1599766118778
1599766119791
1599766120824
1599766121842
1599766122858
1599766123871
1599766124886
1599766125895
1599766126907
1599766127921
1599766128938
1599766129946
1599766130954
1599766131967
1599766132977
1599766133987
1599766134997
1599766136014
1599766137033
1599766138046
1599766139056
1599766140068
1599766141079
1599766142103
1599766143112
1599766144127
1599766145136
1599766146145
1599766147157
1599766148167
1599766149175
1599766150186
1599766151202
1599766152217
1599766153233
1599766154245
1599766155260
1599766156270
1599766157278
1599766158283
1599766159297
1599766160308
1599766161317
1599766162330
1599766163345
1599766164360
1599766165375
1599766166393
1599766167399
1599766168416
1599766169428
1599766170444
1599766171457
1599766172478
1599766173496
1599766174508
1599766175525
1599766176537
1599766177571
1599766178580
1599766179594
1599766180608
1599766181622
1599766182631
1599766183643
1599766184658
1599766185672
1599766186686
1599766187700
1599766188719
1599766189731
1599766190737
1599766191747
1599766192759
1599766193777
1599766194789
1599766195798
1599766196808
1599766197822
1599766198839
1599766199850
1599766200857
1599766201869
1599766202883
1599766203896
1599766204907
1599766205920
1599766206928
1599766207944
1599766208953
1599766209965
1599766210977
1599766211999
1599766213015
1599766214028
1599766215042
1599766216057
1599766217072
1599766218081
1599766219093
1599766220108
1599766221128
1599766222143
1599766223216
1599766224235
1599766225246
1599766226259
1599766227268
1599766228280
1599766229293
1599766230303
1599766231318
1599766232350
1599766233365
1599766234378
1599766235396
1599766236410
1599766237425
1599766238439
1599766239455
1599766240469
1599766241482
1599766242498
1599766243518
1599766244538
1599766245549
1599766246557
1599766247569
1599766248589
1599766249604
1599766250620
1599766251637
1599766252650
1599766253659
1599766254670
1599766255682
1599766256698
1599766257713
1599766258729
1599766259740
1599766260747
1599766261755
1599766262767
1599766263780
1599766264795
1599766265804
1599766266815
1599766267829
1599766268843
1599766269854
1599766270870
1599766271879
1599766272893
1599766273909
1599766274926
1599766275939
1599766276944
1599766277958
1599766278970
1599766279984
1599766280994
1599766282004
1599766283017
1599766284028
1599766285044
1599766286055
1599766287073
1599766288085
1599766289101
1599766290122
1599766291136
1599766292152
1599766293170
1599766294182
1599766295208
1599766296222
1599766297240
1599766298253
1599766299273
1599766300285
1599766301297
1599766302312
1599766303327
1599766304335
1599766305345
1599766306357
1599766307368
1599766308382
1599766309395
1599766310408
1599766311418
1599766312435
1599766313443
1599766314456
1599766315472
1599766316488
1599766317497
1599766318509
1599766319522
1599766320535
1599766321543
1599766322561
1599766323576
1599766324587
1599766325599
1599766326610
1599766327619
1599766328628
1599766329640
1599766330653
1599766331664
1599766332674
1599766333687
1599766334704
1599766335714
1599766336726
1599766337747
1599766338770
1599766339784
1599766340795
1599766341813
1599766342824
1599766343834
1599766344842
1599766345858
1599766346872
1599766347887
1599766348910
1599766349921
1599766350931
1599766351946
1599766352960
1599766353972
1599766354984
1599766356000
1599766357013
1599766358020
1599766359033
1599766360050
1599766361062
1599766362070
1599766363081
1599766364091
1599766365110
1599766366122
1599766367134
1599766368146
1599766369157
1599766370174
1599766371193
1599766372209
1599766373218
1599766374231
1599766375247
1599766376258
1599766377269
1599766378280
1599766379290
1599766380299
1599766381311
1599766382319
1599766383330
1599766384341
1599766385353
1599766386360
1599766387371
1599766388380
1599766389391
1599766390396
1599766391406
1599766392424
1599766393431
1599766394441
1599766395455
1599766396463
1599766397471
1599766398487
1599766399501
1599766400517
1599766401528
1599766402540
1599766403553
1599766404567
1599766405579
1599766406591
1599766407605
1599766408614
1599766409625
1599766410633
1599766411644
1599766412657
1599766413672
1599766414681
1599766415685
1599766416696
1599766417706
1599766418717
1599766419730
1599766420740
1599766421750
1599766422763
1599766423779
1599766424793
1599766425805
1599766426816
1599766427828
1599766428845
1599766429859
1599766430874
1599766431884
1599766432894
1599766433903
1599766434916
1599766435935
1599766436947
1599766437967
1599766438987
1599766440001
1599766441026
1599766442040
1599766443057
1599766444076
1599766445091
1599766446106
1599766447136
1599766448158
1599766449167
1599766450180
1599766451196
1599766452217
1599766453232
1599766454246
1599766455254
1599766456271
1599766457288
1599766458303
1599766459308
1599766460321
1599766461336
1599766462356
1599766463372
1599766464386
1599766465400
1599766466412
1599766467424
1599766468444
1599766469456
1599766470476
1599766471496
1599766472517
1599766473536
1599766474556
1599766475575
1599766476596
1599766477607
1599766478625
1599766479645
1599766480666
1599766481684
1599766482695
1599766483711
1599766484726
1599766485743
1599766486758
1599766487790
1599766488810
1599766489831
1599766490840
1599766491856
1599766492868
1599766493881
1599766494895
1599766495908
1599766496919
1599766497934
1599766498945
1599766499968
1599766500985
1599766501997
1599766503015
1599766504033
1599766505050
1599766506075
1599766507088
1599766508105
1599766509119
1599766510135
1599766511150
1599766512171
1599766513181
1599766514194
1599766515207
1599766516224
1599766517239
1599766518253
1599766519274
1599766520294
1599766521302
1599766522316
1599766523337
1599766524352
1599766525368
1599766526388
1599766527410
1599766528418
1599766529429
1599766530441
1599766531459
1599766532478
1599766533495
1599766534508
1599766535538
1599766536556
1599766537565
1599766538582
1599766539590
1599766540596
1599766541609
1599766542618
1599766543632
1599766544643
1599766545653
1599766546666
1599766547685
1599766548695
1599766549703
1599766550723
1599766551735
1599766552742
1599766553758
1599766554773
1599766555785
1599766556812
1599766557827
1599766558848
1599766559863
1599766560877
1599766561896
1599766562904
1599766563916
1599766564936
1599766565951
1599766566971
1599766567989
1599766569019
1599766570034
1599766571049
1599766572063
1599766573081
1599766574091
1599766575109
1599766576132
1599766577141
1599766578159
1599766579182
1599766580193
1599766581214
1599766582233
1599766583240
1599766584263
1599766585283
1599766586299
1599766587312
1599766588329
1599766589339
1599766590347
1599766591371
1599766592377
1599766593395
1599766594413
1599766595425
1599766596448
1599766597464
1599766598477
1599766599501
1599766600514
1599766601530
1599766602540
1599766603545
1599766604560
1599766605571
1599766606579
1599766607590
1599766608599
1599766609604
1599766610621
1599766611629
1599766612637
1599766613647
1599766614662
1599766615674
1599766616682
1599766617694
1599766618704
1599766619724
1599766620749
1599766621760
1599766622771
1599766623783
1599766624795
1599766625806
1599766626816
1599766627829
1599766628839
1599766629855
1599766630865
1599766631874
1599766632895
1599766633917
1599766634933
1599766635948
1599766636962
1599766637967
1599766638979
1599766639998
1599766641013
1599766642029
1599766643045
1599766644059
1599766645075
1599766646083
1599766647094
1599766648106
1599766649122
1599766650130
1599766651143
1599766652157
1599766653171
1599766654178
1599766655196
1599766656221
1599766657237
1599766658251
1599766659272
1599766660284
1599766661299
1599766662313
1599766663323
1599766664336
1599766665346
1599766666362
1599766667368
1599766668380
1599766669403
1599766670413
1599766671418
1599766672428
1599766673437
1599766674453
1599766675468
1599766676477
1599766677492
1599766678500
1599766679522
1599766680538
1599766681553
1599766682564
1599766683584
1599766684604
1599766685626
1599766686636
1599766687650
1599766688665
1599766689681
1599766690694
1599766691714
1599766692727
1599766693746
1599766694766
1599766695781
1599766696797
1599766697811
1599766698821
1599766699838
1599766700851
1599766701876
1599766702889
1599766703911
1599766704925
1599766705940
1599766706958
1599766707980
1599766708996
1599766710006
1599766711019
1599766712036
1599766713049
1599766714068
1599766715083
1599766716098
1599766717108
1599766718131
1599766719145
1599766720154
1599766721170
1599766722181
1599766723202
1599766724222
1599766725240
1599766726256
1599766727277
1599766728296
1599766729311
1599766730327
1599766731360
1599766732375
1599766733391
1599766734406
1599766735419
1599766736434
1599766737458
1599766738475
1599766739488
1599766740510
1599766741521
1599766742535
1599766743550
1599766744566
1599766745590
1599766746605
1599766747619
1599766748641
1599766749652
1599766750666
1599766751682
1599766752697
1599766753708
1599766754718
1599766755731
1599766756745
1599766757767
1599766758785
1599766759795
1599766760810
1599766761828
1599766762844
1599766763864
1599766764880
1599766765893
1599766766912
1599766767928
1599766768942
1599766769957
1599766770977
1599766771992
1599766773008
1599766774027
1599766775042
1599766776058
1599766777074
1599766778094
1599766779102
1599766780119
1599766781137
1599766782156
1599766783169
1599766784188
1599766785202
1599766786218
1599766787229
1599766788239
1599766789248
1599766790263
1599766791280
1599766792291
1599766793307
1599766794321
1599766795335
1599766796353
1599766797373
1599766798391
1599766799410
1599766800430
1599766801447
1599766802458
1599766803472
1599766804492
1599766805504
1599766806518
1599766807535
1599766808561
1599766809575
1599766810593
1599766811604
1599766812615
1599766813627
1599766814639
1599766815655
1599766816666
1599766817680
1599766818706
1599766819724
1599766820740
1599766821751
1599766822759
1599766823772
1599766824784
1599766825806
1599766826824
1599766827841
1599766828850
1599766829864
1599766830884
1599766831897
1599766832903
1599766833913
1599766834934
1599766835943
1599766836952
1599766837969
1599766838981
1599766839994
1599766841010
1599766842030
1599766843039
1599766844048
1599766845061
1599766846078
1599766847089
1599766848107
1599766849121
1599766850137
1599766851156
1599766852176
1599766853187
1599766854199
1599766855216
1599766856240
1599766857256
1599766858274
1599766859285
1599766860300
1599766861320
1599766862336
1599766863346
1599766864357
1599766865371
1599766866388
1599766867402
1599766868416
1599766869429
1599766870449
1599766871468
1599766872477
1599766873489
1599766874505
1599766875527
1599766876547
1599766877567
1599766878580
1599766879592
1599766880601
1599766881617
1599766882630
1599766883644
1599766884666
1599766885680
1599766886695
1599766887712
1599766888721
1599766889803
1599766890811
1599766891822
1599766892837
1599766893858
1599766894871
1599766895887
1599766896899
1599766897916
1599766898929
1599766899948
1599766900964
1599766901976
1599766902989
1599766904004
1599766905018
1599766906026
1599766907042
1599766908055
1599766909068
1599766910084
1599766911094
1599766912107
1599766913124
1599766914136
1599766915144
1599766916164
1599766917177
1599766918194
1599766919207
1599766920220
1599766921233
1599766922245
1599766923260
1599766924275
1599766925291
1599766926306
1599766927321
1599766928338
1599766929349
1599766930364
1599766931376
1599766932388
1599766933407
1599766934418
1599766935431
1599766936440
1599766937450
1599766938461
1599766939476
1599766940487
1599766941499
1599766942510
1599766943523
1599766944538
1599766945555
1599766946569
1599766947581
1599766948587
1599766949594
1599766950600
1599766951608
1599766952622
1599766953633
1599766954642
1599766955656
1599766956671
1599766957687
1599766958698
1599766959710
1599766960721
1599766961737
1599766962746
1599766963757
1599766964771
1599766965787
1599766966797
1599766967810
1599766968825
1599766969836
1599766970847
1599766971856
1599766972861
1599766973874
1599766974887
1599766975901
1599766976913
1599766977925
1599766978942
1599766979961
1599766980972
1599766981995
1599766983010
1599766984021
1599766985034
1599766986044
1599766987057
1599766988074
1599766989085
1599766990096
1599766991115
1599766992126
1599766993147
1599766994156
1599766995175
1599766996196
1599766997215
1599766998234
1599766999256
1599767000262
1599767001286
1599767002300
1599767003310
1599767004322
1599767005336
1599767006354
1599767007370
1599767008387
1599767009406
1599767010429
1599767011437
1599767012456
1599767013474
1599767014495
1599767015515
1599767016543
1599767017553
1599767018569
1599767019590
1599767020611
1599767021627
1599767022643
1599767023655
1599767024669
1599767025688
1599767026703
1599767027716
1599767028732
1599767029744
1599767030753
1599767031774
1599767032785
1599767033802
1599767034816
1599767035829
1599767036842
1599767037859
1599767038871
1599767039879
1599767040902
1599767041922
1599767042932
1599767043944
1599767044961
1599767045980
1599767047002
1599767048022
1599767049037
1599767050058
1599767051070
1599767052081
1599767053093
1599767054119
1599767055144
1599767056157
1599767057173
1599767058185
1599767059203
1599767060216
1599767061233
1599767062240
1599767063258
1599767064280
1599767065295
1599767066314
1599767067324
1599767068344
1599767069364
1599767070377
1599767071393
1599767072403
1599767073420
1599767074438
1599767075450
1599767076459
1599767077472
1599767078495
1599767079501
1599767080510
1599767081524
1599767082533
1599767083548
1599767084564
1599767085587
1599767086602
1599767087620
1599767088634
1599767089645
1599767090653
1599767091665
1599767092677
1599767093694
1599767094714
1599767095729
1599767096746
1599767097760
1599767098773
1599767099793
1599767100806
1599767101824
1599767102848
1599767103858
1599767104869
1599767105882
1599767106888
1599767107900
1599767108910
1599767109918
1599767110936
1599767111953
1599767112973
1599767113992
1599767115000
1599767116016
1599767117030
1599767118044
1599767119062
1599767120069
1599767121083
1599767122103
1599767123111
1599767124131
1599767125140
1599767126151
1599767127162
1599767128180
1599767129187
1599767130209
1599767131222
1599767132237
1599767133248
1599767134265
1599767135290
1599767136305
1599767137314
1599767138323
1599767139340
1599767140357
1599767141367
1599767142398
1599767143425
1599767144444
1599767145453
1599767146465
1599767147484
1599767148498
1599767149515
1599767150526
1599767151540
1599767152547
1599767153558
1599767154568
1599767155578
1599767156584
1599767157598
1599767158607
1599767159615
1599767160627
1599767161641
1599767162657
1599767163665
1599767164683
1599767165700
1599767166716
1599767167731
1599767168746
1599767169761
1599767170790
1599767171801
1599767172815
1599767173832
1599767174842
1599767175856
1599767176870
1599767177881
1599767178903
1599767179916
1599767180928
1599767181945
1599767182954
1599767183982
1599767184994
1599767186014
1599767187029
1599767188046
1599767189060
1599767190081
1599767191092
1599767192108
1599767193129
1599767194144
1599767195164
1599767196180
1599767197198
1599767198215
1599767199227
1599767200238
1599767201253
1599767202268
1599767203288
1599767204304
1599767205319
1599767206335
1599767207345
1599767208377
1599767209398
1599767210408
1599767211425
1599767212445
1599767213455
1599767214470
1599767215488
1599767216505
1599767217519
1599767218538
1599767219549
1599767220564
1599767221580
1599767222597
1599767223615
1599767224630
1599767225647
1599767226661
1599767227678
1599767228691
1599767229707
1599767230722
1599767231744
1599767232761
1599767233785
1599767234796
1599767235811
1599767236826
1599767237839
1599767238854
1599767239871
1599767240885
1599767241893
1599767242904
1599767243919
1599767244929
1599767245943
1599767246959
1599767247974
1599767248985
1599767250001
1599767251013
1599767252029
1599767253040
1599767254062
1599767255074
1599767256089
1599767257102
1599767258121
1599767259134
1599767260152
1599767261164
1599767262180
1599767263195
1599767264207
1599767265219
1599767266229
1599767267242
1599767268253
1599767269269
1599767270283
1599767271298
1599767272319
1599767273334
1599767274349
1599767275367
1599767276378
1599767277396
1599767278407
1599767279418
1599767280435
1599767281446
1599767282456
1599767283474
1599767284487
1599767285503
1599767286516
1599767287531
1599767288547
1599767289564
1599767290580
1599767291593
1599767292604
1599767293624
1599767294645
1599767295664
1599767296681
1599767297693
1599767298710
1599767299730
1599767300750
1599767301764
1599767302779
1599767303797
1599767304817
1599767305838
1599767306849
1599767307875
1599767308888
1599767309907
1599767310919
1599767311931
1599767312946
1599767313960
1599767314981
1599767315998
1599767317021
1599767318031
1599767319051
1599767320073
1599767321089
1599767322105
1599767323118
1599767324145
1599767325175
1599767326191
1599767327210
1599767328230
1599767329249
1599767330269
1599767331290
1599767332301
1599767333318
1599767334337
1599767335354
1599767336374
1599767337396
1599767338407
1599767339414
1599767340424
1599767341441
1599767342480
1599767343492
1599767344506
1599767345521
1599767346538
1599767347552
1599767348571
1599767349588
1599767350600
1599767351609
1599767352626
1599767353638
1599767354652
1599767355665
1599767356689
1599767357702
1599767358718
1599767359742
1599767360761
1599767361795
1599767362820
1599767363854
1599767364868
1599767365891
1599767366906
1599767367930
1599767368952
1599767369970
1599767370990
1599767372010
1599767373042
1599767374061
1599767375082
1599767376100
1599767377136
1599767378147
1599767379170
1599767380193
1599767381204
1599767382218
1599767383229
1599767384267
1599767385300
1599767386320
1599767387332
1599767388349
1599767389374
1599767390388
1599767391405
1599767392421
1599767393445
1599767394456
1599767395473
1599767396484
1599767397501
1599767398515
1599767399532
1599767400547
1599767401565
1599767402584
1599767403605
1599767404625
1599767405641
1599767406654
1599767407666
1599767408681
1599767409698
1599767410708
1599767411730
1599767412741
1599767413749
1599767414761
1599767415772
1599767416777
1599767417793
1599767418803
1599767419818
1599767420827
1599767421853
1599767422867
1599767423875
1599767424885
1599767425901
1599767426920
1599767427938
1599767428957
1599767429973
1599767430987
1599767432008
1599767433024
1599767434037
1599767435048
1599767436064
1599767437083
1599767438093
1599767439103
1599767440119
1599767441135
1599767442145
1599767443163
1599767444184
1599767445198
1599767446212
1599767447235
1599767448253
1599767449273
1599767450288
1599767451306
1599767452330
1599767453340
1599767454358
1599767455367
1599767456385
1599767457397
1599767458416
1599767459437
1599767460456
1599767461478
1599767462498
1599767463518
1599767464539
1599767465552
1599767466567
1599767467588
1599767468599
1599767469613
1599767470626
1599767471644
1599767472654
1599767473668
1599767474690
1599767475710
1599767476724
1599767477747
1599767478766
1599767479780
1599767480793
1599767481804
1599767482821
1599767483836
1599767484862
1599767485897
1599767486916
1599767487933
1599767488941
1599767489965
1599767490993
1599767492007
1599767493040
1599767494060
1599767495078
1599767496094
1599767497113
1599767498133
1599767499153
1599767500164
1599767501177
1599767502193
1599767503206
1599767504222
1599767505238
1599767506259
1599767507277
1599767508290
1599767509308
1599767510314
1599767511330
1599767512343
1599767513356
1599767514364
1599767515385
1599767516425
1599767517447
1599767518467
1599767519480
1599767520505
1599767521526
1599767522536
1599767523552
1599767524570
1599767525584
1599767526596
1599767527628
1599767528650
1599767529670
1599767530689
1599767531714
1599767532739
1599767533751
1599767534768
1599767535805
1599767536819
1599767537832
1599767538847
1599767539858
1599767540876
1599767541886
1599767542906
1599767543936
1599767544955
1599767545971
1599767546980
1599767547992
1599767549007
1599767550021
1599767551036
1599767552048
1599767553060
1599767554070
1599767555079
1599767556101
1599767557130
1599767558143
1599767559163
1599767560178
1599767561191
1599767562202
1599767563211
1599767564232
1599767565241
1599767566261
1599767567295
1599767568314
1599767569328
1599767570348
1599767571365
1599767572377
1599767573398
1599767574419
1599767575431
1599767576461
1599767577478
1599767578501
1599767579516
1599767580532
1599767581545
1599767582560
1599767583593
1599767584612
1599767585635
1599767586652
1599767587674
1599767588698
1599767589716
1599767590730
1599767591747
1599767592758
1599767593767
1599767594777
1599767595790
1599767596800
1599767597816
1599767598823
1599767599834
1599767600851
1599767601864
1599767602881
1599767603896
1599767604908
1599767605925
1599767606935
1599767607943
1599767608955
1599767609973
1599767611006
1599767612026
1599767613041
1599767614056
1599767615068
1599767616092
1599767617111
1599767618140
1599767619162
1599767620182
1599767621202
1599767622211
1599767623223
1599767624241
1599767625254
1599767626261
1599767627277
1599767628303
1599767629327
1599767630345
1599767631358
1599767632369
1599767633411
1599767634430
1599767635439
1599767636461
1599767637483
1599767638503
1599767639515
1599767640531
1599767641571
1599767642594
1599767643611
1599767644635
1599767645655
1599767646675
1599767647685
1599767648704
1599767649721
1599767650741
1599767651761
1599767652772
1599767653785
1599767654803
1599767655826
1599767656840
1599767657863
1599767658873
1599767659891
1599767660921
1599767661940
1599767662958
1599767663974
1599767664986
1599767665999
1599767667017
1599767668030
1599767669043
1599767670059
1599767671073
1599767672088
1599767673107
1599767674121
1599767675141
1599767676160
1599767677176
1599767678200
1599767679212
1599767680239
1599767681260
1599767682281
1599767683300
1599767684320
1599767685340
1599767686354
1599767687372
1599767688400
1599767689414
1599767690429
1599767691446
1599767692465
1599767693483
1599767694505
1599767695514
1599767696527
1599767697534
1599767698550
1599767699562
1599767700580
1599767701591
1599767702610
1599767703627
1599767704643
1599767705657
1599767706674
1599767707688
1599767708703
1599767709723
1599767710750
1599767711768
1599767712787
1599767713810
1599767714828
1599767715847
1599767716866
1599767717880
1599767718896
1599767719906
1599767720918
1599767721934
1599767722944
1599767723976
1599767724994
1599767726033
1599767727044
1599767728062
1599767729074
1599767730089
1599767731101
1599767732124
1599767733137
1599767734153
1599767735195
1599767736222
1599767737238
1599767738249
1599767739261
1599767740273
1599767741293
1599767742304
1599767743324
1599767744332
1599767745351
1599767746364
1599767747380
1599767748403
1599767749420
1599767750436
1599767751449
1599767752468
1599767753485
1599767754497
1599767755508
1599767756528
1599767757540
1599767758560
1599767759580
1599767760598
1599767761610
1599767762628
1599767763650
1599767764666
1599767765678
1599767766699
1599767767710
1599767768722
1599767769737
1599767770749
1599767771761
1599767772783
1599767773794
1599767774802
1599767775817
1599767776831
1599767777853
1599767778868
1599767779885
1599767780895
1599767781914
1599767782929
1599767783946
1599767784966
1599767785988
1599767787001
1599767788014
1599767789029
1599767790043
1599767791058
1599767792070
1599767793083
1599767794094
1599767795111
1599767796128
1599767797138
1599767798150
1599767799172
1599767800192
1599767801211
1599767802229
1599767803253
1599767804274
1599767805297
1599767806316
1599767807333
1599767808350
1599767809376
1599767810394
1599767811414
1599767812424
1599767813438
1599767814450
1599767815471
1599767816490
1599767817505
1599767818527
1599767819558
1599767820579
1599767821600
1599767822614
1599767823635
1599767824647
1599767825668
1599767826690
1599767827710
1599767828721
1599767829737
1599767830757
1599767831769
1599767832786
1599767833800
1599767834818
1599767835833
1599767836848
1599767837860
1599767838870
1599767839891
1599767840904
1599767841914
1599767842926
1599767843961
1599767844975
1599767845992
1599767847007
1599767848024
1599767849031
1599767850042
1599767851054
1599767852065
1599767853080
1599767854099
1599767855109
1599767856123
1599767857135
1599767858141
1599767859158
1599767860175
1599767861199
1599767862213
1599767863226
1599767864241
1599767865249
1599767866260
1599767867282
1599767868294
1599767869305
1599767870319
1599767871331
1599767872340
1599767873349
1599767874368
1599767875389
1599767876405
1599767877419
1599767878435
1599767879448
1599767880457
1599767881468
1599767882485
1599767883501
1599767884514
1599767885527
1599767886542
1599767887562
1599767888574
1599767889588
1599767890605
1599767891618
1599767892638
1599767893654
1599767894670
1599767895686
1599767896709
1599767897721
1599767898734
1599767899743
1599767900757
1599767901767
1599767902783
1599767903790
1599767904811
1599767905821
1599767906834
1599767907849
1599767908859
1599767909875
1599767910888
1599767911897
1599767912911
1599767913928
1599767914947
1599767915959
1599767916973
1599767917988
1599767919007
1599767920021
1599767921042
1599767922054
1599767923064
1599767924084
1599767925099
1599767926126
1599767927143
1599767928159
1599767929174
1599767930189
1599767931205
1599767932238
1599767933258
1599767934271
1599767935300
1599767936317
1599767937330
1599767938346
1599767939366
1599767940379
1599767941393
1599767942411
1599767943438
1599767944454
1599767945477
1599767946500
1599767947518
1599767948534
1599767949548
1599767950566
1599767951578
1599767952595
1599767953633
1599767954649
1599767955665
1599767956684
1599767957698
1599767958717
1599767959739
1599767960757
1599767961774
1599767962799
1599767963816
1599767964828
1599767965848
1599767966868
1599767967876
1599767968885
1599767969896
1599767970904
1599767971916
1599767972933
1599767973950
1599767974964
1599767975973
1599767976996
1599767978010
1599767979025
1599767980036
1599767981053
1599767982076
1599767983097
1599767984107
1599767985127
1599767986143
1599767987159
1599767988172
1599767989183
1599767990195
1599767991207
1599767992218
1599767993230
1599767994242
1599767995261
1599767996271
1599767997293
1599767998302
1599767999317
1599768000331
1599768001346
1599768002362
1599768003377
1599768004388
1599768005412
1599768006423
1599768007439
1599768008453
1599768009464
1599768010481
1599768011500
1599768012517
1599768013532
1599768014546
1599768015559
1599768016570
1599768017590
1599768018615
1599768019629
1599768020646
1599768021659
1599768022680
1599768023690
1599768024706
1599768025723
1599768026734
1599768027752
1599768028773
1599768029792
1599768030807
1599768031818
1599768032830
1599768033843
1599768034864
1599768035878
1599768036893
1599768037913
1599768038930
1599768039944
1599768040966
1599768041992
1599768043009
1599768044018
1599768045041
1599768046063
1599768047074
1599768048093
1599768049115
1599768050133
1599768051148
1599768052161
1599768053185
1599768054201
1599768055215
1599768056230
1599768057242
1599768058257
1599768059279
1599768060291
1599768061306
1599768062327
1599768063344
1599768064366
1599768065381
1599768066393
1599768067412
1599768068428
1599768069442
1599768070459
1599768071481
1599768072498
1599768073510
1599768074529
1599768075546
1599768076564
1599768077583
1599768078603
1599768079618
1599768080647
1599768081667
1599768082677
1599768083694
1599768084714
1599768085735
1599768086751
1599768087784
1599768088801
1599768089821
1599768090832
1599768091845
1599768092861
1599768093880
1599768094896
1599768095907
1599768096918
1599768097942
1599768098958
1599768099974
1599768100998
1599768102018
1599768103032
1599768104048
1599768105062
1599768106075
1599768107097
1599768108109
1599768109128
1599768110143
1599768111154
1599768112166
1599768113183
1599768114198
1599768115216
1599768116224
1599768117234
1599768118251
1599768119268
1599768120279
1599768121290
1599768122301
1599768123315
1599768124336
1599768125353
1599768126368
1599768127386
1599768128406
1599768129423
1599768130432
1599768131440
1599768132450
1599768133462
1599768134480
1599768135489
1599768136507
1599768137517
1599768138528
1599768139546
1599768140565
1599768141575
1599768142586
1599768143602
1599768144625
1599768145645
1599768146660
1599768147666
1599768148676
1599768149694
1599768150705
1599768151719
1599768152729
1599768153745
1599768154765
1599768155776
1599768156791
1599768157801
1599768158810
1599768159823
1599768160837
1599768161850
1599768162861
1599768163877
1599768164898
1599768165912
1599768166928
1599768167938
1599768168958
1599768169980
1599768170997
1599768172012
1599768173028
1599768174043
1599768175056
1599768176065
1599768177073
1599768178081
1599768179103
1599768180125
1599768181143
1599768182156
1599768183167
1599768184178
1599768185192
1599768186206
1599768187217
1599768188232
1599768189244
1599768190259
1599768191274
1599768192291
1599768193305
1599768194321
1599768195329
1599768196345
1599768197365
1599768198377
1599768199394
1599768200416
1599768201429
1599768202441
1599768203477
1599768204491
1599768205500
1599768206513
1599768207524
1599768208537
1599768209550
1599768210566
1599768211574
1599768212581
1599768213592
1599768214603
1599768215615
1599768216631
1599768217643
1599768218656
1599768219672
1599768220693
1599768221703
1599768222723
1599768223744
1599768224750
1599768225770
1599768226790
1599768227805
1599768228819
1599768229831
1599768230848
1599768231864
1599768232880
1599768233896
1599768234913
1599768235934
1599768236949
1599768237964
1599768238984
1599768240001
1599768241025
1599768242042
1599768243056
1599768244066
1599768245096
1599768246108
1599768247128
1599768248138
1599768249162
1599768250178
1599768251187
1599768252213
1599768253232
1599768254239
1599768255255
1599768256278
1599768257293
1599768258309
1599768259319
1599768260336
1599768261355
1599768262375
1599768263383
1599768264402
1599768265417
1599768266436
1599768267460
1599768268479
1599768269494
1599768270507
1599768271523
1599768272541
1599768273557
1599768274574
1599768275594
1599768276612
1599768277627
1599768278647
1599768279677
1599768280686
1599768281699
1599768282722
1599768283732
1599768284751
1599768285765
1599768286784
1599768287806
1599768288822
1599768289838
1599768290854
1599768291866
1599768292879
1599768293888
1599768294906
1599768295924
1599768296941
1599768297964
1599768298989
1599768300002
1599768301016
1599768302035
1599768303050
1599768304065
1599768305078
1599768306096
1599768307112
1599768308132
1599768309146
1599768310156
1599768311169
1599768312187
1599768313201
1599768314217
1599768315227
1599768316238
1599768317255
1599768318267
1599768319284
1599768320297
1599768321317
1599768322336
1599768323353
1599768324364
1599768325378
1599768326395
1599768327435
1599768328457
1599768329468
1599768330479
1599768331488
1599768332502
1599768333512
1599768334529
1599768335540
1599768336558
1599768337568
1599768338586
1599768339609
1599768340631
1599768341644
1599768342656
1599768343667
1599768344681
1599768345698
1599768346718
1599768347729
1599768348947
1599768349964
1599768350983
1599768351997
1599768353017
1599768354031
1599768355045
1599768356065
1599768357080
1599768358091
1599768359107
1599768360125
1599768361137
1599768362154
1599768363173
1599768364193
1599768365215
1599768366235
1599768367256
1599768368269
1599768369288
1599768370304
1599768371318
1599768372336
1599768373348
1599768374368
1599768375388
1599768376396
1599768377406
1599768378413
1599768379436
1599768380451
1599768381467
1599768382480
1599768383486
1599768384507
1599768385519
1599768386537
1599768387558
1599768388569
1599768389580
1599768390594
1599768391619
1599768392636
1599768393651
1599768394667
1599768395679
1599768396696
1599768397708
1599768398722
1599768399738
1599768400755
1599768401773
1599768402789
1599768403801
1599768404819
1599768405833
1599768406848
1599768407874
1599768408894
1599768409915
1599768410936
1599768411957
1599768412967
1599768413987
1599768415008
1599768416022
1599768417034
1599768418057
1599768419074
1599768420090
1599768421110
1599768422128
1599768423150
1599768424162
1599768425173
1599768426205
1599768427230
1599768428245
1599768429260
1599768430281
1599768431303
1599768432318
1599768433328
1599768434345
1599768435356
1599768436373
1599768437382
1599768438403
1599768439415
1599768440435
1599768441455
1599768442475
1599768443494
1599768444506
1599768445520
1599768446544
1599768447562
1599768448580
1599768449599
1599768450620
1599768451643
1599768452658
1599768453679
1599768454696
1599768455718
1599768456737
1599768457749
1599768458761
1599768459769
1599768460781
1599768461804
1599768462818
1599768463828
1599768464845
1599768465860
1599768466878
1599768467892
1599768468911
1599768469930
1599768470949
1599768471959
1599768472975
1599768473993
1599768475016
1599768476027
1599768477041
1599768478055
1599768479072
1599768480077
1599768481093
1599768482109
1599768483125
1599768484141
1599768485163
1599768486184
1599768487203
1599768488218
1599768489229
1599768490255
1599768491264
1599768492277
1599768493292
1599768494307
1599768495324
1599768496332
1599768497345
1599768498357
1599768499374
1599768500391
1599768501407
1599768502425
1599768503439
1599768504457
1599768505476
1599768506490
1599768507520
1599768508535
1599768509554
1599768510574
1599768511604
1599768512618
1599768513629
1599768514649
1599768515670
1599768516678
1599768517698
1599768518716
1599768519734
1599768520747
1599768521786
1599768522806
1599768523836
1599768524857
1599768525868
1599768526886
1599768527917
1599768528933
1599768529951
1599768530972
1599768531994
1599768533013
1599768534030
1599768535042
1599768536050
1599768537083
1599768538094
1599768539109
1599768540120
1599768541132
1599768542156
1599768543171
1599768544187
1599768545206
1599768546223
1599768547237
1599768548264
1599768549275
1599768550284
1599768551303
1599768552314
1599768553326
1599768554337
1599768555353
1599768556362
1599768557379
1599768558399
1599768559418
1599768560439
1599768561456
1599768562479
1599768563501
1599768564517
1599768565527
1599768566542
1599768567558
1599768568577
1599768569596
1599768570613
1599768571627
1599768572646
1599768573677
1599768574695
1599768575715
1599768576743
1599768577762
1599768578783
1599768579794
1599768580815
1599768581828
1599768582845
1599768583860
1599768584874
1599768585889
1599768586900
1599768587913
1599768588923
1599768589946
1599768590958
1599768591977
1599768592990
1599768594001
1599768595016
1599768596037
1599768597055
1599768598074
1599768599090
1599768600105
1599768601129
1599768602152
1599768603169
1599768604190
1599768605208
1599768606219
1599768607239
1599768608259
1599768609279
1599768610289
1599768611298
1599768612305
1599768613317
1599768614327
1599768615340
1599768616353
1599768617366
1599768618377
1599768619393
1599768620407
1599768621429
1599768622443
1599768623455
1599768624471
1599768625494
1599768626513
1599768627523
1599768628541
1599768629552
1599768630571
1599768631592
1599768632618
1599768633642
1599768634657
1599768635673
1599768636691
1599768637710
1599768638722
1599768639737
1599768640758
1599768641774
1599768642798
1599768643816
1599768644833
1599768645847
1599768646859
1599768647882
1599768648903
1599768649929
1599768650940
1599768651958
1599768652969
1599768653989
1599768654999
1599768656015
1599768657030
1599768658046
1599768659060
1599768660077
1599768661092
1599768662106
1599768663117
1599768664130
1599768665148
1599768666170
1599768667185
1599768668197
1599768669207
1599768670226
1599768671242
1599768672256
1599768673275
1599768674286
1599768675316
1599768676332
1599768677348
1599768678365
1599768679393
1599768680415
1599768681427
1599768682441
1599768683474
1599768684495
1599768685514
1599768686530
1599768687551
1599768688567
1599768689579
1599768690598
1599768691610
1599768692621
1599768693647
1599768694663
1599768695681
1599768696714
1599768697753
1599768698772
1599768699791
1599768700809
1599768701828
1599768702847
1599768703858
1599768704872
1599768705894
1599768706907
1599768707918
1599768708932
1599768709950
1599768710959
1599768711975
1599768712985
1599768714006
1599768715021
1599768716036
1599768717057
1599768718075
1599768719095
1599768720115
1599768721136
1599768722161
1599768723178
1599768724197
1599768725211
1599768726227
1599768727239
1599768728260
1599768729279
1599768730300
1599768731318
1599768732331
1599768733340
1599768734351
1599768735366
1599768736385
1599768737398
1599768738415
1599768739433
1599768740454
1599768741468
1599768742483
1599768743498
1599768744518
1599768745537
1599768746560
1599768747576
1599768748591
1599768749604
1599768750614
1599768751637
1599768752670
1599768753701
1599768754718
1599768755738
1599768756765
1599768757784
1599768758798
1599768759816
1599768760837
1599768761866
1599768762877
1599768763893
1599768764913
1599768765946
1599768766963
1599768767972
1599768768992
1599768770007
1599768771020
1599768772042
1599768773054
1599768774073
1599768775092
1599768776102
1599768777123
1599768778145
1599768779161
1599768780183
1599768781196
1599768782210
1599768783223
1599768784236
1599768785261
1599768786278
1599768787288
1599768788306
1599768789324
1599768790334
1599768791347
1599768792363
1599768793381
1599768794405
1599768795420
1599768796437
1599768797452
1599768798472
1599768799488
1599768800528
1599768801546
1599768802553
1599768803575
1599768804592
1599768805610
1599768806624
1599768807642
1599768808660
1599768809666
1599768810688
1599768811702
1599768812744
1599768813762
1599768814778
1599768815793
1599768816800
1599768817812
1599768818824
1599768819833
1599768820849
1599768821858
1599768822868
1599768823880
1599768824890
1599768825903
1599768826920
1599768827934
1599768828952
1599768829969
1599768830991
1599768832010
1599768833024
1599768834042
1599768835056
1599768836069
1599768837089
1599768838106
1599768839131
1599768840152
1599768841170
1599768842196
1599768843203
1599768844221
1599768845236
1599768846258
1599768847274
1599768848293
1599768849311
1599768850331
1599768851344
1599768852356
1599768853373
1599768854397
1599768855410
1599768856429
1599768857454
1599768858471
1599768859478
1599768860490
1599768861510
1599768862532
1599768863554
1599768864579
1599768865602
1599768866611
1599768867621
1599768868640
1599768869652
1599768870674
1599768871682
1599768872698
1599768873715
1599768874728
1599768875746
1599768876762
1599768877786
1599768878802
1599768879818
1599768880829
1599768881837
1599768882860
1599768883874
1599768884894
1599768885909
1599768886922
1599768887934
1599768888954
1599768889972
1599768890982
1599768892006
1599768893025
1599768894043
1599768895066
1599768896082
1599768897097
1599768898115
1599768899127
1599768900148
1599768901160
1599768902175
1599768903197
1599768904219
1599768905238
1599768906250
1599768907262
1599768908275
1599768909295
1599768910311
1599768911326
1599768912340
1599768913352
1599768914366
1599768915379
1599768916399
1599768917418
1599768918433
1599768919457
1599768920471
1599768921492
1599768922510
1599768923524
1599768924545
1599768925565
1599768926590
1599768927604
1599768928612
1599768929632
1599768930653
1599768931689
1599768932701
1599768933717
1599768934732
1599768935750
1599768936764
1599768937787
1599768938799
1599768939810
1599768940821
1599768941830
1599768942845
1599768943860
1599768944880
1599768945891
1599768946906
1599768947918
1599768948935
1599768949945
1599768950960
1599768951981
1599768952998
1599768954007
1599768955025
1599768956040
1599768957051
1599768958064
1599768959088
1599768960107
1599768961118
1599768962167
1599768963176
1599768964191
1599768965207
1599768966226
1599768967240
1599768968259
1599768969269
1599768970284
1599768971301
1599768972317
1599768973325
1599768974346
1599768975356
1599768976367
1599768977381
1599768978393
1599768979409
1599768980432
1599768981452
1599768982461
1599768983478
1599768984498
1599768985516
1599768986533
1599768987549
1599768988573
1599768989589
1599768990607
1599768991621
1599768992636
1599768993649
1599768994668
1599768995674
1599768996694
1599768997709
1599768998721
1599768999734
1599769000749
1599769001766
1599769002782
1599769003803
1599769004823
1599769005834
1599769006854
1599769007872
1599769008893
1599769009909
1599769010925
1599769011949
1599769012962
1599769013974
1599769014989
1599769016003
1599769017019
1599769018027
1599769019040
1599769020051
1599769021066
1599769022075
1599769023089
1599769024106
1599769025114
1599769026126
1599769027148
1599769028167
1599769029197
1599769030208
1599769031220
1599769032227
1599769033236
1599769034251
1599769035263
1599769036278
1599769037290
1599769038302
1599769039315
1599769040334
1599769041345
1599769042353
1599769043365
1599769044385
1599769045401
1599769046413
1599769047425
1599769048438
1599769049450
1599769050467
1599769051477
1599769052489
1599769053505
1599769054518
1599769055529
1599769056545
1599769057560
1599769058576
1599769059587
1599769060599
1599769061614
1599769062629
1599769063646
1599769064666
1599769065681
1599769066697
1599769067712
1599769068726
1599769069736
1599769070747
1599769071780
1599769072802
1599769073821
1599769074841
1599769075865
1599769076869
1599769077882
1599769078905
1599769079922
1599769080942
1599769081964
1599769082995
1599769084012
1599769085023
1599769086039
1599769087048
1599769088069
1599769089081
1599769090098
1599769091115
1599769092129
1599769093142
1599769094149
1599769095168
1599769096184
1599769097199
1599769098213
1599769099227
1599769100245
1599769101257
1599769102273
1599769103285
1599769104294
1599769105305
1599769106326
1599769107342
1599769108357
1599769109375
1599769110385
1599769111401
1599769112409
1599769113421
1599769114437
1599769115449
1599769116462
1599769117474
1599769118489
1599769119501
1599769120519
1599769121528
1599769122534
1599769123549
1599769124561
1599769125578
1599769126592
1599769127605
1599769128612
1599769129625
1599769130636
1599769131646
1599769132659
1599769133669
1599769134685
1599769135697
1599769136709
1599769137721
1599769138738
1599769139750
1599769140780
1599769141792
1599769142809
1599769143824
1599769144832
1599769145849
1599769146859
1599769147868
1599769148885
1599769149893
1599769150905
1599769151921
1599769152937
1599769153953
1599769154970
1599769155985
1599769157000
1599769158013
1599769159040
1599769160059
1599769161076
1599769162089
1599769163101
1599769164113
1599769165145
1599769166179
1599769167202
1599769168218
1599769169228
1599769170246
1599769171253
1599769172263
1599769173274
1599769174285
1599769175292
1599769176307
1599769177318
1599769178331
1599769179340
1599769180358
1599769181373
1599769182385
1599769183401
1599769184416
1599769185433
1599769186445
1599769187457
1599769188473
1599769189502
1599769190513
1599769191522
1599769192531
1599769193541
1599769194560
1599769195568
1599769196582
1599769197592
1599769198615
1599769199623
1599769200639
1599769201645
1599769202663
1599769203677
1599769204695
1599769205705
1599769206718
1599769207735
1599769208748
1599769209765
1599769210782
1599769211794
1599769212810
1599769213821
1599769214837
1599769215845
1599769216865
1599769217881
1599769218898
1599769219905
1599769220913
1599769221929
1599769222944
1599769223957
1599769224970
1599769225989
1599769227005
1599769228021
1599769229034
1599769230049
1599769231066
1599769232081
1599769233094
1599769234102
1599769235113
1599769236131
1599769237147
1599769238159
1599769239173
1599769240187
1599769241197
1599769242215
1599769243229
1599769244239
1599769245254
1599769246270
1599769247288
1599769248303
1599769249317
1599769250333
1599769251353
1599769252366
1599769253375
1599769254393
1599769255408
1599769256417
1599769257429
1599769258440
1599769259454
1599769260470
1599769261488
1599769262502
1599769263517
1599769264529
1599769265543
1599769266567
1599769267583
1599769268594
1599769269610
1599769270629
1599769271645
1599769272662
1599769273683
1599769274698
1599769275714
1599769276737
1599769277745
1599769278761
1599769279777
1599769280794
1599769281811
1599769282822
1599769283833
1599769284845
1599769285858
1599769286882
1599769287895
1599769288909
1599769289925
1599769290943
1599769291957
1599769292979
1599769293993
1599769295009
1599769296023
1599769297037
1599769298055
1599769299068
1599769300075
1599769301086
1599769302098
1599769303108
1599769304124
1599769305138
1599769306156
1599769307169
1599769308188
1599769309204
1599769310222
1599769311237
1599769312243
1599769313254
1599769314274
1599769315285
1599769316302
1599769317317
1599769318334
1599769319348
1599769320361
1599769321377
1599769322389
1599769323403
1599769324414
1599769325429
1599769326445
1599769327457
1599769328474
1599769329485
1599769330503
1599769331518
1599769332530
1599769333541
1599769334557
1599769335574
1599769336589
1599769337606
1599769338622
1599769339637
1599769340654
1599769341661
1599769342672
1599769343678
1599769344686
1599769345701
1599769346725
1599769347747
1599769348763
1599769349776
1599769350789
1599769351805
1599769352819
1599769353829
1599769354845
1599769355856
1599769356869
1599769357891
1599769358901
1599769359908
1599769360917
1599769361933
1599769362944
1599769363958
1599769364974
1599769365981
1599769366998
1599769368009
1599769369022
1599769370039
1599769371054
1599769372066
1599769373078
1599769374086
1599769375097
1599769376106
1599769377121
1599769378134
1599769379146
1599769380161
1599769381169
1599769382181
1599769383194
1599769384201
1599769385216
1599769386228
1599769387237
1599769388249
1599769389261
1599769390278
1599769391289
1599769392304
1599769393310
1599769394316
1599769395337
1599769396355
1599769397372
1599769398385
1599769399405
1599769400426
1599769401438
1599769402450
1599769403466
1599769404474
1599769405511
1599769406525
1599769407534
1599769408547
1599769409557
1599769410573
1599769411587
1599769412597
1599769413609
1599769414621
1599769415632
1599769416642
1599769417649
1599769418665
1599769419682
1599769420699
1599769421708
1599769422721
1599769423730
1599769424746
1599769425757
1599769426770
1599769427786
1599769428797
1599769429812
1599769430821
1599769431834
1599769432850
1599769433862
1599769434873
1599769435889
1599769436895
1599769437910
1599769438928
1599769439952
1599769440970
1599769441984
1599769442995
1599769444011
1599769445020
1599769446029
1599769447050
1599769448065
1599769449084
1599769450093
1599769451104
1599769452121
1599769453143
1599769454150
1599769455164
1599769456174
1599769457186
1599769458198
1599769459208
1599769460218
1599769461224
1599769462236
1599769463247
1599769464255
1599769465266
1599769466276
1599769467285
1599769468300
1599769469322
1599769470346
1599769471373
1599769472392
1599769473400
1599769474418
1599769475432
1599769476449
1599769477466
1599769478480
1599769479497
1599769480514
1599769481530
1599769482549
1599769483561
1599769484590
1599769485604
1599769486622
1599769487634
1599769488649
1599769489659
1599769490672
1599769491689
1599769492703
1599769493715
1599769494731
1599769495745
1599769496761
1599769497780
1599769498801
1599769499814
1599769500827
1599769501841
1599769502864
1599769503884
1599769504905
1599769505924
1599769506937
1599769507954
1599769508965
1599769509980
1599769510993
1599769512004
1599769513014
1599769514034
1599769515046
1599769516058
1599769517075
1599769518090
1599769519110
1599769520130
1599769521145
1599769522157
1599769523172
1599769524185
1599769525203
1599769526218
1599769527238
1599769528256
1599769529275
1599769530293
1599769531308
1599769532322
1599769533338
1599769534358
1599769535369
1599769536386
1599769537410
1599769538421
1599769539435
1599769540457
1599769541470
1599769542480
1599769543501
1599769544514
1599769545527
1599769546537
1599769547554
1599769548569
1599769549585
1599769550597
1599769551611
1599769552633
1599769553643
1599769554650
1599769555657
1599769556670
1599769557678
1599769558686
1599769559708
1599769560717
1599769561733
1599769562747
1599769563757
1599769564775
1599769565790
1599769566802
1599769567809
1599769568821
1599769569834
1599769570850
1599769571868
1599769572885
1599769573899
1599769574915
1599769575930
1599769576944
1599769577950
1599769578974
1599769579981
1599769581009
1599769582032
1599769583046
1599769584057
1599769585070
1599769586080
1599769587092
1599769588111
1599769589128
1599769590143
1599769591153
1599769592170
1599769593181
1599769594201
1599769595214
1599769596231
1599769597249
1599769598267
1599769599280
1599769600292
1599769601311
1599769602325
1599769603337
1599769604348
1599769605362
1599769606374
1599769607385
1599769608402
1599769609425
1599769610440
1599769611454
1599769612469
1599769613487
1599769614500
1599769615509
1599769616525
1599769617542
1599769618557
1599769619578
1599769620593
1599769621602
1599769622616
1599769623635
1599769624649
1599769625661
1599769626669
1599769627680
1599769628689
1599769629701
1599769630711
1599769631721
1599769632734
1599769633749
1599769634766
1599769635780
1599769636793
1599769637803
1599769638817
1599769639833
1599769640849
1599769641865
1599769642878
1599769643898
1599769644914
1599769645930
1599769646946
1599769647962
1599769648978
1599769649989
1599769651001
1599769652014
1599769653028
1599769654041
1599769655053
1599769656062
1599769657073
1599769658085
1599769659101
1599769660115
1599769661134
1599769662150
1599769663165
1599769664181
1599769665200
1599769666213
1599769667228
1599769668256
1599769669270
1599769670292
1599769671305
1599769672323
1599769673337
1599769674349
1599769675363
1599769676377
1599769677386
1599769678398
1599769679413
1599769680429
1599769681446
1599769682462
1599769683478
1599769684493
1599769685510
1599769686527
1599769687536
1599769688554
1599769689570
1599769690588
1599769691597
1599769692611
1599769693621
1599769694631
1599769695645
1599769696661
1599769697675
1599769698689
1599769699702
1599769700713
1599769701730
1599769702741
1599769703757
1599769704769
1599769705782
1599769706796
1599769707805
1599769708821
1599769709838
1599769710850
1599769711862
1599769712877
1599769713889
1599769714897
1599769715908
1599769716921
1599769717937
1599769718955
1599769719965
1599769720977
1599769721993
1599769723009
1599769724021
1599769725037
1599769726053
1599769727066
1599769728094
1599769729110
1599769730127
1599769731142
1599769732153
1599769733166
1599769734177
1599769735194
1599769736208
1599769737219
1599769738230
1599769739245
1599769740258
1599769741269
1599769742287
1599769743301
1599769744315
1599769745330
1599769746345
1599769747361
1599769748379
1599769749394
1599769750409
1599769751422
1599769752437
1599769753450
1599769754473
1599769755487
1599769756535
1599769757554
1599769758572
1599769759587
1599769760606
1599769761621
1599769762636
1599769763650
1599769764666
1599769765681
1599769766689
1599769767705
1599769768718
1599769769733
1599769770747
1599769771761
1599769772777
1599769773793
1599769774805
1599769775818
1599769776830
1599769777846
1599769778861
1599769779875
1599769780889
1599769781902
1599769782912
1599769783929
1599769784942
1599769785954
1599769786964
1599769787978
1599769788994
1599769790009
1599769791026
1599769792037
1599769793053
1599769794062
1599769795073
1599769796081
1599769797092
1599769798104
1599769799116
1599769800125
1599769801133
1599769802146
1599769803161
1599769804173
1599769805186
1599769806199
1599769807214
1599769808225
1599769809242
1599769810254
1599769811266
1599769812285
1599769813294
1599769814305
1599769815322
1599769816330
1599769817344
1599769818350
1599769819357
1599769820375
1599769821394
1599769822407
1599769823422
1599769824438
1599769825449
1599769826465
1599769827473
1599769828492
1599769829506
1599769830521
1599769831529
1599769832548
1599769833561
1599769834572
1599769835587
1599769836600
1599769837609
1599769838625
1599769839641
1599769840651
1599769841670
1599769842678
1599769843698
1599769844712
1599769845729
1599769846748
1599769847765
1599769848781
1599769849788
1599769850794
1599769851806
1599769852817
1599769853829
1599769854845
1599769855861
1599769856876
1599769857882
1599769858893
1599769859902
1599769860910
1599769861921
1599769862940
1599769863953
1599769864966
1599769865981
1599769867000
1599769868018
1599769869025
1599769870042
1599769871058
1599769872077
1599769873089
1599769874101
1599769875114
1599769876131
1599769877145
1599769878165
1599769879182
1599769880197
1599769881213
1599769882225
1599769883241
1599769884257
1599769885273
1599769886292
1599769887303
1599769888313
1599769889336
1599769890344
1599769891349
1599769892353
1599769893361
1599769894376
1599769895386
1599769896399
1599769897408
1599769898430
1599769899438
1599769900460
1599769901471
1599769902486
1599769903493
1599769904506
1599769905524
1599769906541
1599769907558
1599769908570
1599769909581
1599769910594
1599769911614
1599769912628
1599769913641
1599769914653
1599769915665
1599769916677
1599769917683
1599769918697
1599769919712
1599769920725
1599769921737
1599769922752
1599769923763
1599769924782
1599769925796
1599769926806
1599769927818
1599769928828
1599769929845
1599769930861
1599769931873
1599769932890
1599769933899
1599769934907
1599769935918
1599769936933
1599769937949
1599769938961
1599769939976
1599769940993
1599769942009
1599769943022
1599769944035
1599769945050
1599769946066
1599769947081
1599769948095
1599769949112
1599769950120
1599769951128
1599769952139
1599769953153
1599769954165
1599769955182
1599769956197
1599769957213
1599769958227
1599769959241
1599769960257
1599769961273
1599769962289
1599769963298
1599769964311
1599769965321
1599769966333
1599769967349
1599769968357
1599769969373
1599769970390
1599769971405
1599769972418
1599769973429
1599769974446
1599769975457
1599769976469
1599769977475
1599769978482
1599769979487
1599769980494
1599769981504
1599769982521
1599769983530
1599769984543
1599769985553
1599769986565
1599769987573
1599769988582
1599769989597
1599769990606
1599769991612
1599769992621
1599769993634
1599769994645
1599769995652
1599769996658
1599769997669
1599769998685
1599769999697
1599770000710
1599770001725
1599770002741
1599770003764
1599770004779
1599770005794
1599770006811
1599770007835
1599770008849
1599770009868
1599770010882
1599770011897
1599770012911
1599770013924
1599770014963
1599770015976
1599770016990
1599770018005
1599770019018
1599770020029
1599770021045
1599770022061
1599770023078
1599770024089
1599770025105
1599770026123
1599770027133
1599770028150
1599770029157
1599770030169
1599770031178
1599770032193
1599770033201
1599770034210
1599770035221
1599770036228
1599770037245
1599770038261
1599770039269
1599770040282
1599770041299
1599770042311
1599770043326
1599770044345
1599770045362
1599770046374
1599770047389
1599770048401
1599770049418
1599770050431
1599770051444
1599770052457
1599770053489
1599770054516
1599770055529
1599770056546
1599770057577
1599770058597
1599770059610
1599770060627
1599770061640
1599770062662
1599770063677
1599770064699
1599770065713
1599770066729
1599770067742
1599770068760
1599770069776
1599770070792
1599770071809
1599770072824
1599770073837
1599770074857
1599770075875
1599770076885
1599770077901
1599770078922
1599770079942
1599770080956
1599770081969
1599770082987
1599770084001
1599770085017
1599770086034
1599770087049
1599770088062
1599770089077
1599770090089
1599770091101
1599770092120
1599770093137
1599770094148
1599770095164
1599770096189
1599770097201
1599770098210
1599770099226
1599770100243
1599770101257
1599770102275
1599770103287
1599770104308
1599770105325
1599770106339
1599770107353
1599770108376
1599770109390
1599770110410
1599770111421
1599770112435
1599770113452
1599770114462
1599770115482
1599770116498
1599770117516
1599770118530
1599770119545
1599770120555
1599770121570
1599770122585
1599770123593
1599770124610
1599770125626
1599770126656
1599770127664
1599770128683
1599770129697
1599770130709
1599770131723
1599770132737
1599770133755
1599770134771
1599770135791
1599770136801
1599770137818
1599770138834
1599770139854
1599770140869
1599770141878
1599770142892
1599770143901
1599770144914
1599770145925
1599770146942
1599770147955
1599770148979
1599770149993
1599770151016
1599770152033
1599770153050
1599770154061
1599770155075
1599770156088
1599770157101
1599770158117
1599770159128
1599770160141
1599770161149
1599770162168
1599770163182
1599770164194
1599770165213
1599770166228
1599770167234
1599770168250
1599770169264
1599770170280
1599770171293
1599770172310
1599770173335
1599770174343
1599770175356
1599770176365
1599770177374
1599770178386
1599770179399
1599770180408
1599770181414
1599770182426
1599770183435
1599770184441
1599770185451
1599770186462
1599770187473
1599770188490
1599770189501
1599770190513
1599770191529
1599770192541
1599770193553
1599770194566
1599770195579
1599770196593
1599770197606
1599770198622
1599770199633
1599770200646
1599770201670
1599770202691
1599770203708
1599770204721
1599770205738
1599770206754
1599770207766
1599770208787
1599770209802
1599770210823
1599770211837
1599770212856
1599770213863
1599770214885
1599770215903
1599770216917
1599770217932
1599770218951
1599770219960
1599770220974
1599770221986
1599770222995
1599770224008
1599770225021
1599770226035
1599770227050
1599770228065
1599770229083
1599770230098
1599770231104
1599770232117
1599770233129
1599770234144
1599770235151
1599770236164
1599770237175
1599770238189
1599770239200
1599770240213
1599770241229
1599770242245
1599770243257
1599770244269
1599770245286
1599770246303
1599770247316
1599770248325
1599770249337
1599770250347
1599770251361
1599770252373
1599770253389
1599770254405
1599770255414
1599770256427
1599770257438
1599770258457
1599770259470
1599770260485
1599770261493
1599770262509
1599770263526
1599770264539
1599770265548
1599770266568
1599770267587
1599770268602
1599770269613
1599770270630
1599770271645
1599770272657
1599770273674
1599770274699
1599770275713
1599770276728
1599770277747
1599770278761
1599770279769
1599770280780
1599770281788
1599770282798
1599770283813
1599770284829
1599770285848
1599770286862
1599770287878
1599770288890
1599770289900
1599770290915
1599770291932
1599770292944
1599770293950
1599770294963
1599770295974
1599770296989
1599770298007
1599770299020
1599770300031
1599770301041
1599770302056
1599770303063
1599770304068
1599770305074
1599770306085
1599770307102
1599770308120
1599770309132
1599770310141
1599770311156
1599770312168
1599770313183
1599770314195
1599770315205
1599770316212
1599770317239
1599770318246
1599770319252
1599770320273
1599770321291
1599770322304
1599770323322
1599770324337
1599770325359
1599770326368
1599770327376
1599770328382
1599770329394
1599770330406
1599770331417
1599770332429
1599770333441
1599770334450
1599770335461
1599770336477
1599770337485
1599770338497
1599770339512
1599770340525
1599770341533
1599770342542
1599770343553
1599770344566
1599770345581
1599770346594
1599770347607
1599770348614
1599770349625
1599770350638
1599770351650
1599770352670
1599770353681
1599770354697
1599770355709
1599770356721
1599770357736
1599770358749
1599770359765
1599770360782
1599770361794
1599770362809
1599770363822
1599770364837
1599770365849
1599770366866
1599770367881
1599770368897
1599770369908
1599770370919
1599770371936
1599770372954
1599770373965
1599770374981
1599770375996
1599770377004
1599770378025
1599770379043
1599770380058
1599770381069
1599770382081
1599770383093
1599770384109
1599770385126
1599770386142
1599770387157
1599770388173
1599770389189
1599770390201
1599770391217
1599770392228
1599770393237
1599770394257
1599770395273
1599770396286
1599770397295
1599770398310
1599770399326
1599770400341
1599770401352
1599770402360
1599770403367
1599770404382
1599770405397
1599770406403
1599770407412
1599770408418
1599770409429
1599770410440
1599770411453
1599770412465
1599770413480
1599770414493
1599770415505
1599770416518
1599770417525
1599770418536
1599770419550
1599770420557
1599770421569
1599770422580
1599770423589
1599770424603
1599770425611
1599770426617
1599770427633
1599770428645
1599770429653
1599770430664
1599770431681
1599770432688
1599770433699
1599770434713
1599770435726
1599770436734
1599770437741
1599770438754
1599770439763
1599770440772
1599770441781
1599770442789
1599770443801
1599770444821
1599770445832
1599770446841
1599770447853
1599770448864
1599770449873
1599770450882
1599770451897
1599770452908
1599770453922
1599770454933
1599770455945
1599770456954
1599770457971
1599770458981
1599770459989
1599770461002
1599770462018
1599770463032
1599770464045
1599770465057
1599770466074
1599770467086
1599770468097
1599770469105
1599770470114
1599770471130
1599770472141
1599770473153
1599770474163
1599770475172
1599770476184
1599770477197
1599770478207
1599770479217
1599770480228
1599770481241
1599770482258
1599770483271
1599770484286
1599770485301
1599770486311
1599770487324
1599770488337
1599770489345
1599770490358
1599770491370
1599770492378
1599770493390
1599770494400
1599770495407
1599770496422
1599770497435
1599770498453
1599770499469
1599770500476
1599770501489
1599770502504
1599770503522
1599770504537
1599770505544
1599770506557
1599770507565
1599770508583
1599770509592
1599770510607
1599770511621
1599770512637
1599770513651
1599770514660
1599770515678
1599770516689
1599770517697
1599770518707
1599770519717
1599770520726
1599770521741
1599770522753
1599770523766
1599770524790
1599770525813
1599770526825
1599770527835
1599770528849
1599770529859
1599770530870
1599770531887
1599770532899
1599770533917
1599770534934
1599770535947
1599770536965
1599770537978
1599770539013
1599770540025
1599770541038
1599770542048
1599770543068
1599770544077
1599770545093
1599770546106
1599770547122
1599770548137
1599770549153
1599770550166
1599770551179
1599770552193
1599770553206
1599770554222
1599770555231
1599770556245
1599770557262
1599770558276
1599770559288
1599770560302
1599770561317
1599770562329
1599770563345
1599770564361
1599770565376
1599770566389
1599770567402
1599770568418
1599770569435
1599770570444
1599770571456
1599770572466
1599770573478
1599770574492
1599770575506
1599770576519
1599770577538
1599770578555
1599770579575
1599770580590
1599770581606
1599770582618
1599770583629
1599770584647
1599770585657
1599770586669
1599770587680
1599770588690
1599770589706
1599770590722
1599770591734
1599770592745
1599770593757
1599770594770
1599770595776
1599770596793
1599770597809
1599770598825
1599770599831
1599770600841
1599770601856
1599770602865
1599770603883
1599770604892
1599770605901
1599770606915
1599770607925
1599770608942
1599770609958
1599770610973
1599770611986
1599770612997
1599770614004
1599770615023
1599770616033
1599770617051
1599770618065
1599770619081
1599770620097
1599770621112
1599770622126
1599770623138
1599770624150
1599770625167
1599770626175
1599770627190
1599770628201
1599770629213
1599770630221
1599770631228
1599770632237
1599770633253
1599770634262
1599770635270
1599770636281
1599770637292
1599770638305
1599770639313
1599770640329
1599770641342
1599770642354
1599770643366
1599770644381
1599770645398
1599770646409
1599770647422
1599770648429
1599770649442
1599770650458
1599770651469
1599770652483
1599770653490
1599770654501
1599770655516
1599770656525
1599770657538
1599770658554
1599770659566
1599770660578
1599770661590
1599770662604
1599770663618
1599770664628
1599770665642
1599770666663
1599770667670
1599770668683
1599770669698
1599770670713
1599770671723
1599770672734
1599770673745
1599770674760
1599770675769
1599770676790
1599770677797
1599770678810
1599770679827
1599770680837
1599770681879
1599770682893
1599770683909
1599770684924
1599770685934
1599770686945
1599770687961
1599770688978
1599770689995
1599770691012
1599770692020
1599770693029
1599770694046
1599770695059
1599770696070
1599770697085
1599770698103
1599770699125
1599770700142
1599770701157
1599770702179
1599770703187
1599770704206
1599770705221
1599770706234
1599770707249
1599770708269
1599770709283
1599770710299
1599770711312
1599770712327
1599770713341
1599770714359
1599770715374
1599770716390
1599770717401
1599770718411
1599770719419
1599770720426
1599770721435
1599770722444
1599770723457
1599770724475
1599770725486
1599770726501
1599770727514
1599770728530
1599770729542
1599770730553
1599770731564
1599770732570
1599770733586
1599770734622
1599770735640
1599770736647
1599770737654
1599770738668
1599770739681
1599770740692
1599770741708
1599770742715
1599770743744
1599770744758
1599770745770
1599770746784
1599770747797
1599770748808
1599770749824
1599770750837
1599770751854
1599770752871
1599770753881
1599770754897
1599770755910
1599770756921
1599770757932
1599770758941
1599770759954
1599770760966
1599770761980
1599770762995
1599770764008
1599770765022
1599770766032
1599770767039
1599770768053
1599770769064
1599770770081
1599770771091
1599770772098
1599770773111
1599770774130
1599770775144
1599770776158
1599770777169
1599770778185
1599770779201
1599770780214
1599770781227
1599770782237
1599770783253
1599770784261
1599770785269
1599770786277
1599770787305
1599770788317
1599770789333
1599770790349
1599770791365
1599770792380
1599770793393
1599770794410
1599770795426
1599770796439
1599770797453
1599770798470
1599770799494
1599770800511
1599770801525
1599770802537
1599770803549
1599770804560
1599770805567
1599770806582
1599770807598
1599770808610
1599770809623
1599770810633
1599770811645
1599770812658
1599770813683
1599770814694
1599770815709
1599770816722
1599770817731
1599770818739
1599770819754
1599770820766
1599770821777
1599770822787
1599770823797
1599770824813
1599770825826
1599770826838
1599770827845
1599770828861
1599770829873
1599770830889
1599770831901
1599770832914
1599770833927
1599770834937
1599770835948
1599770836965
1599770837977
1599770838985
1599770839997
1599770841010
1599770842030
1599770843040
1599770844058
1599770845072
1599770846084
1599770847101
1599770848122
1599770849131
1599770850148
1599770851167
1599770852178
1599770853186
1599770854196
1599770855204
1599770856225
1599770857236
1599770858249
1599770859257
1599770860270
1599770861286
1599770862308
1599770863317
1599770864325
1599770865340
1599770866354
1599770867362
1599770868374
1599770869389
1599770870403
1599770871418
1599770872428
1599770873434
1599770874445
1599770875457
1599770876470
1599770877485
1599770878499
1599770879508
1599770880517
1599770881522
1599770882533
1599770883546
1599770884555
1599770885561
1599770886570
1599770887583
1599770888601
1599770889612
1599770890621
1599770891649
1599770892655
1599770893662
1599770894670
1599770895685
1599770896693
1599770897711
1599770898723
1599770899737
1599770900749
1599770901760
1599770902766
1599770903778
1599770904791
1599770905801
1599770906819
1599770907829
1599770908848
1599770909857
1599770910865
1599770911881
1599770912893
1599770913909
1599770914922
1599770915937
1599770916950
1599770917966
1599770918977
1599770919984
1599770920998
1599770922009
1599770923021
1599770924034
1599770925043
1599770926057
1599770927078
1599770928086
1599770929098
1599770930118
1599770931129
1599770932151
1599770933161
1599770934173
1599770935184
1599770936198
1599770937213
1599770938223
1599770939233
1599770940245
1599770941254
1599770942270
1599770943285
1599770944299
1599770945318
1599770946332
1599770947347
1599770948358
1599770949369
1599770950384
1599770951394
1599770952408
1599770953418
1599770954428
1599770955439
1599770956448
1599770957466
1599770958474
1599770959494
1599770960510
1599770961518
1599770962538
1599770963553
1599770964573
1599770965586
1599770966613
1599770967629
1599770968645
1599770969656
1599770970671
1599770971690
1599770972705
1599770973717
1599770974729
1599770975745
1599770976763
1599770977777
1599770978798
1599770979813
1599770980834
1599770981849
1599770982863
1599770983881
1599770984896
1599770985914
1599770986928
1599770987948
1599770988968
1599770989981
1599770990998
1599770992024
1599770993034
1599770994049
1599770995061
1599770996069
1599770997075
1599770998089
1599770999101
1599771000116
1599771001133
1599771002142
1599771003156
1599771004164
1599771005178
1599771006191
1599771007200
1599771008211
1599771009224
1599771010242
1599771011253
1599771012272
1599771013301
1599771014312
1599771015321
1599771016336
1599771017345
1599771018357
1599771019373
1599771020404
1599771021419
1599771022434
1599771023446
1599771024462
1599771025473
1599771026489
1599771027496
1599771028511
1599771029526
1599771030541
1599771031557
1599771032570
1599771033597
1599771034611
1599771035621
1599771036634
1599771037646
1599771038662
1599771039679
1599771040694
1599771041705
1599771042722
1599771043733
1599771044752
1599771045769
1599771046785
1599771047800
1599771048825
1599771049843
1599771050862
1599771051879
1599771052897
1599771053913
1599771054928
1599771055950
1599771056976
1599771057989
1599771059004
1599771060015
1599771061029
1599771062046
1599771063062
1599771064078
1599771065102
1599771066112
1599771067130
1599771068145
1599771069152
1599771070161
1599771071171
1599771072189
1599771073205
1599771074217
1599771075229
1599771076238
1599771077253
1599771078265
1599771079273
1599771080286
1599771081297
1599771082307
1599771083314
1599771084321
1599771085329
1599771086342
1599771087350
1599771088361
1599771089369
1599771090378
1599771091390
1599771092401
1599771093417
1599771094431
1599771095438
1599771096450
1599771097463
1599771098477
1599771099494
1599771100508
1599771101525
1599771102543
1599771103554
1599771104568
1599771105584
1599771106598
1599771107612
1599771108626
1599771109641
1599771110652
1599771111658
1599771112671
1599771113678
1599771114697
1599771115705
1599771116725
1599771117742
1599771118757
1599771119769
1599771120786
1599771121803
1599771122817
1599771123829
1599771124845
1599771125857
1599771126873
1599771127890
1599771128905
1599771129921
1599771130937
1599771131954
1599771132969
1599771133982
1599771134997
1599771136014
1599771137030
1599771138045
1599771139061
1599771140072
1599771141089
1599771142106
1599771143120
1599771144139
1599771145149
1599771146160
1599771147182
1599771148195
1599771149212
1599771150229
1599771151247
1599771152262
1599771153273
1599771154289
1599771155309
1599771156326
1599771157350
1599771158363
1599771159378
1599771160394
1599771161407
1599771162424
1599771163435
1599771164445
1599771165457
1599771166471
1599771167494
1599771168509
1599771169520
1599771170530
1599771171541
1599771172557
1599771173569
1599771174588
1599771175596
1599771176604
1599771177612
1599771178621
1599771179634
1599771180652
1599771181671
1599771182683
1599771183691
1599771184707
1599771185713
1599771186721
1599771187738
1599771188750
1599771189764
1599771190773
1599771191789
1599771192805
1599771193822
1599771194835
1599771195849
1599771196864
1599771197877
1599771198888
1599771199908
1599771200920
1599771201933
1599771202944
1599771203962
1599771204977
1599771205992
1599771207013
1599771208025
1599771209041
1599771210056
1599771211066
1599771212080
1599771213097
1599771214120
1599771215130
1599771216142
1599771217154
1599771218166
1599771219186
1599771220197
1599771221209
1599771222221
1599771223233
1599771224243
1599771225255
1599771226265
1599771227283
1599771228296
1599771229310
1599771230331
1599771231341
1599771232363
1599771233374
1599771234386
1599771235397
1599771236406
1599771237413
1599771238425
1599771239437
1599771240453
1599771241465
1599771242472
1599771243487
1599771244502
1599771245517
1599771246530
1599771247541
1599771248553
1599771249562
1599771250581
1599771251591
1599771252601
1599771253611
1599771254622
1599771255634
1599771256645
1599771257664
1599771258677
1599771259699
1599771260709
1599771261721
1599771262737
1599771263749
1599771264761
1599771265777
1599771266793
1599771267806
1599771268817
1599771269833
1599771270846
1599771271861
1599771272873
1599771273890
1599771274901
1599771275909
1599771276921
1599771277939
1599771278953
1599771279967
1599771280976
1599771281986
1599771282993
1599771284003
1599771285011
1599771286020
1599771287032
1599771288042
1599771289053
1599771290065
1599771291081
1599771292097
1599771293106
1599771294112
1599771295125
1599771296133
1599771297141
1599771298157
1599771299169
1599771300181
1599771301193
1599771302205
1599771303215
1599771304226
1599771305235
1599771306244
1599771307257
1599771308273
1599771309285
1599771310293
1599771311306
1599771312319
1599771313330
1599771314345
1599771315361
1599771316378
1599771317393
1599771318405
1599771319412
1599771320424
1599771321441
1599771322455
1599771323463
1599771324475
1599771325489
1599771326502
1599771327513
1599771328526
1599771329541
1599771330553
1599771331565
1599771332580
1599771333597
1599771334621
1599771335637
1599771336649
1599771337677
1599771338690
1599771339705
1599771340721
1599771341738
1599771342751
1599771343758
1599771344771
1599771345787
1599771346803
1599771347817
1599771348834
1599771349849
1599771350861
1599771351881
1599771352894
1599771353909
1599771354921
1599771355938
1599771356949
1599771357959
1599771358992
1599771360002
1599771361021
1599771362041
1599771363062
1599771364075
1599771365088
1599771366096
1599771367104
1599771368121
1599771369141
1599771370157
1599771371168
1599771372186
1599771373196
1599771374205
1599771375218
1599771376231
1599771377244
1599771378257
1599771379269
1599771380280
1599771381298
1599771382312
1599771383332
1599771384344
1599771385357
1599771386375
1599771387384
1599771388393
1599771389401
1599771390413
1599771391429
1599771392443
1599771393452
1599771394459
1599771395467
1599771396479
1599771397489
1599771398505
1599771399517
1599771400529
1599771401545
1599771402561
1599771403577
1599771404594
1599771405605
1599771406611
1599771407629
1599771408650
1599771409658
1599771410670
1599771411688
1599771412708
1599771413727
1599771414738
1599771415758
1599771416769
1599771417782
1599771418798
1599771419818
1599771420833
1599771421856
1599771422870
1599771423884
1599771424892
1599771425921
1599771426939
1599771427953
1599771428983
1599771430008
1599771431025
1599771432038
1599771433057
1599771434071
1599771435086
1599771436101
1599771437116
1599771438129
1599771439141
1599771440155
1599771441166
1599771442183
1599771443197
1599771444209
1599771445218
1599771446228
1599771447239
1599771448250
1599771449265
1599771450281
1599771451297
1599771452320
1599771453330
1599771454339
1599771455357
1599771456371
1599771457382
1599771458404
1599771459419
1599771460434
1599771461454
1599771462472
1599771463483
1599771464500
1599771465509
1599771466522
1599771467542
1599771468549
1599771469554
1599771470566
1599771471579
1599771472592
1599771473601
1599771474615
1599771475630
1599771476648
1599771477658
1599771478674
1599771479692
1599771480709
1599771481726
1599771482737
1599771483749
1599771484766
1599771485777
1599771486786
1599771487803
1599771488829
1599771489850
1599771490865
1599771491887
1599771492901
1599771493917
1599771494928
1599771495947
1599771496979
1599771497995
1599771499028
1599771500037
1599771501065
1599771502078
1599771503089
1599771504102
1599771505133
1599771506161
1599771507183
1599771508198
1599771509216
1599771510227
1599771511245
1599771512280
1599771513298
1599771514314
1599771515324
1599771516345
1599771517360
1599771518373
1599771519387
1599771520402
1599771521413
1599771522426
1599771523433
1599771524449
1599771525467
1599771526479
1599771527493
1599771528505
1599771529513
1599771530526
1599771531543
1599771532557
1599771533574
1599771534581
1599771535602
1599771536617
1599771537625
1599771538637
1599771539652
1599771540666
1599771541677
1599771542693
1599771543709
1599771544718
1599771545735
1599771546748
1599771547762
1599771548775
1599771549789
1599771550805
1599771551825
1599771552843
1599771553857
1599771554871
1599771555881
1599771556901
1599771557911
1599771558935
1599771559949
1599771560961
1599771561985
1599771562997
1599771564013
1599771565025
1599771566040
1599771567053
1599771568066
1599771569078
1599771570094
1599771571110
1599771572128
1599771573144
1599771574155
1599771575166
1599771576195
1599771577211
1599771578225
1599771579238
1599771580253
1599771581274
1599771582290
1599771583305
1599771584326
1599771585341
1599771586357
1599771587374
1599771588390
1599771589405
1599771590424
1599771591434
1599771592452
1599771593465
1599771594480
1599771595490
1599771596505
1599771597518
1599771598534
1599771599545
1599771600561
1599771601580
1599771602593
1599771603618
1599771604637
1599771605662
1599771606685
1599771607704
1599771608726
1599771609745
1599771610761
1599771611775
1599771612785
1599771613803
1599771614822
1599771615831
1599771616851
1599771617870
1599771618884
1599771619897
1599771620909
1599771621926
1599771622940
1599771623953
1599771624974
1599771625987
1599771627002
1599771628009
1599771629018
1599771630024
1599771631037
1599771632049
1599771633054
1599771634065
1599771635074
1599771636098
1599771637116
1599771638136
1599771639155
1599771640173
1599771641186
1599771642209
1599771643224
1599771644242
1599771645253
1599771646269
1599771647280
1599771648295
1599771649316
1599771650329
1599771651346
1599771652357
1599771653372
1599771654378
1599771655399
1599771656409
1599771657420
1599771658429
1599771659443
1599771660461
1599771661469
1599771662487
1599771663507
1599771664517
1599771665535
1599771666548
1599771667565
1599771668582
1599771669589
1599771670605
1599771671624
1599771672636
1599771673646
1599771674661
1599771675684
1599771676697
1599771677715
1599771678743
1599771679754
1599771680775
1599771681795
1599771682813
1599771683826
1599771684844
1599771685853
1599771686865
1599771687877
1599771688894
1599771689906
1599771690913
1599771691922
1599771692930
1599771693942
1599771694956
1599771695972
1599771696991
1599771698008
1599771699020
1599771700033
1599771701050
1599771702066
1599771703087
1599771704094
1599771705109
1599771706125
1599771707137
1599771708154
1599771709165
1599771710179
1599771711193
1599771712208
1599771713218
1599771714226
1599771715234
1599771716243
1599771717255
1599771718269
1599771719295
1599771720311
1599771721327
1599771722342
1599771723358
1599771724390
1599771725405
1599771726416
1599771727433
1599771728453
1599771729470
1599771730482
1599771731502
1599771732511
1599771733526
1599771734540
1599771735551
1599771736559
1599771737569
1599771738580
1599771739594
1599771740621
1599771741647
1599771742668
1599771743688
1599771744696
1599771745707
1599771746721
1599771747730
1599771748745
1599771749757
1599771750777
1599771751798
1599771752818
1599771753833
1599771754845
1599771755853
1599771756866
1599771757884
1599771758896
1599771759916
1599771760929
1599771761945
1599771762961
1599771763977
1599771764993
1599771766007
1599771767026
1599771768043
1599771769058
1599771770077
1599771771094
1599771772108
1599771773127
1599771774141
1599771775157
1599771776165
1599771777184
1599771778194
1599771779209
1599771780226
1599771781241
1599771782258
1599771783270
1599771784283
1599771785308
1599771786322
1599771787337
1599771788354
1599771789368
1599771790374
1599771791389
1599771792403
1599771793416
1599771794429
1599771795439
1599771796456
1599771797469
1599771798481
1599771799485
1599771800506
1599771801513
1599771802529
1599771803546
1599771804562
1599771805577
1599771806592
1599771807600
1599771808614
1599771809623
1599771810637
1599771811650
1599771812668
1599771813690
1599771814702
1599771815709
1599771816718
1599771817738
1599771818754
1599771819765
1599771820783
1599771821795
1599771822818
1599771823828
1599771824836
1599771825845
1599771826865
1599771827883
1599771828895
1599771829909
1599771830925
1599771831944
1599771832957
1599771833974
1599771834994
1599771836013
1599771837026
1599771838043
1599771839057
1599771840072
1599771841086
1599771842105
1599771843122
1599771844133
1599771845149
1599771846166
1599771847182
1599771848191
1599771849201
1599771850212
1599771851221
1599771852230
1599771853246
1599771854257
1599771855280
1599771856300
1599771857313
1599771858329
1599771859350
1599771860359
1599771861369
1599771862385
1599771863399
1599771864412
1599771865428
1599771866448
1599771867457
1599771868469
1599771869485
1599771870493
1599771871506
1599771872519
1599771873535
1599771874555
1599771875575
1599771876591
1599771877605
1599771878626
1599771879641
1599771880651
1599771881666
1599771882681
1599771883697
1599771884716
1599771885729
1599771886741
1599771887753
1599771888769
1599771889784
1599771890795
1599771891805
1599771892822
1599771893839
1599771894853
1599771895869
1599771896886
1599771897901
1599771898915
1599771899929
1599771900941
1599771901956
1599771902975
1599771903985
1599771905000
1599771906014
1599771907024
1599771908043
1599771909061
1599771910073
1599771911094
1599771912109
1599771913126
1599771914140
1599771915156
1599771916165
1599771917181
1599771918193
1599771919204
1599771920218
1599771921240
1599771922255
1599771923269
1599771924285
1599771925309
1599771926321
1599771927337
1599771928348
1599771929361
1599771930377
1599771931395
1599771932409
1599771933426
1599771934436
1599771935446
1599771936460
1599771937473
1599771938486
1599771939502
1599771940513
1599771941525
1599771942541
1599771943553
1599771944562
1599771945572
1599771946583
1599771947599
1599771948616
1599771949625
1599771950637
1599771951655
1599771952676
1599771953689
1599771954706
1599771955722
1599771956733
1599771957741
1599771958753
1599771959763
1599771960773
1599771961785
1599771962797
1599771963815
1599771964837
1599771965847
1599771966864
1599771967876
1599771968885
1599771969903
1599771970916
1599771971925
1599771972935
1599771973945
1599771974955
1599771975966
1599771976984
1599771977993
1599771979013
1599771980033
1599771981058
1599771982077
1599771983083
1599771984097
1599771985102
1599771986112
1599771987133
1599771988146
1599771989154
1599771990164
1599771991180
1599771992197
1599771993216
1599771994227
1599771995247
1599771996271
1599771997288
1599771998301
1599771999317
1599772000329
1599772001345
1599772002365
1599772003384
1599772004403
1599772005414
1599772006434
1599772007454
1599772008474
1599772009494
1599772010510
1599772011524
1599772012537
1599772013554
1599772014566
1599772015583
1599772016603
1599772017618
1599772018634
1599772019652
1599772020666
1599772021701
1599772022713
1599772023723
1599772024738
1599772025753
1599772026768
1599772027782
1599772028795
1599772029811
1599772030823
1599772031849
1599772032871
1599772033881
1599772034892
1599772035905
1599772036915
1599772037935
1599772038950
1599772039962
1599772040975
1599772041987
1599772043001
1599772044017
1599772045025
1599772046045
1599772047058
1599772048068
1599772049077
1599772050098
1599772051110
1599772052125
1599772053142
1599772054152
1599772055164
1599772056178
1599772057193
1599772058209
1599772059221
1599772060233
1599772061249
1599772062266
1599772063281
1599772064289
1599772065297
1599772066311
1599772067318
1599772068328
1599772069350
1599772070364
1599772071369
1599772072380
1599772073393
1599772074411
1599772075425
1599772076445
1599772077454
1599772078465
1599772079481
1599772080499
1599772081518
1599772082526
1599772083542
1599772084554
1599772085567
1599772086585
1599772087601
1599772088623
1599772089641
1599772090650
1599772091666
1599772092677
1599772093688
1599772094698
1599772095719
1599772096732
1599772097742
1599772098775
1599772099796
1599772100809
1599772101824
1599772102836
1599772103849
1599772104867
1599772105880
1599772106897
1599772107911
1599772108926
1599772109941
1599772110957
1599772111977
1599772112993
1599772114006
1599772115022
1599772116039
1599772117056
1599772118071
1599772119085
1599772120102
1599772121117
1599772122128
1599772123137
1599772124148
1599772125154
1599772126170
1599772127183
1599772128198
1599772129208
1599772130218
1599772131231
1599772132238
1599772133249
1599772134260
1599772135269
1599772136286
1599772137301
1599772138309
1599772139328
1599772140337
1599772141353
1599772142369
1599772143382
1599772144394
1599772145406
1599772146422
1599772147437
1599772148449
1599772149463
1599772150473
1599772151485
1599772152501
1599772153518
1599772154533
1599772155549
1599772156565
1599772157576
1599772158590
1599772159603
1599772160617
1599772161629
1599772162645
1599772163660
1599772164670
1599772165698
1599772166713
1599772167728
1599772168741
1599772169753
1599772170766
1599772171775
1599772172786
1599772173795
1599772174805
1599772175817
1599772176821
1599772177831
1599772178841
1599772179853
1599772180867
1599772181877
1599772182893
1599772183905
1599772184921
1599772185933
1599772186953
1599772187964
1599772188973
1599772189987
1599772190994
1599772192014
1599772193025
1599772194037
1599772195049
1599772196060
1599772197071
1599772198081
1599772199090
1599772200104
1599772201114
1599772202125
1599772203138
1599772204145
1599772205152
1599772206168
1599772207179
1599772208187
1599772209196
1599772210204
1599772211217
1599772212237
1599772213257
1599772214275
1599772215290
1599772216304
1599772217313
1599772218325
1599772219341
1599772220355
1599772221375
1599772222385
1599772223402
1599772224414
1599772225429
1599772226449
1599772227466
1599772228481
1599772229505
1599772230521
1599772231537
1599772232553
1599772233574
1599772234585
1599772235602
1599772236618
1599772237638
1599772238651
1599772239657
1599772240673
1599772241678
1599772242689
1599772243708
1599772244717
1599772245735
1599772246747
1599772247755
1599772248769
1599772249786
1599772250798
1599772251808
1599772252822
1599772253834
1599772254848
1599772255862
1599772256877
1599772257885
1599772258897
1599772259909
1599772260921
1599772261933
1599772262950
1599772263964
1599772264980
1599772266003
1599772267018
1599772268033
1599772269045
1599772270061
1599772271078
1599772272089
1599772273101
1599772274114
1599772275125
1599772276138
1599772277148
1599772278156
1599772279166
1599772280173
1599772281189
1599772282205
1599772283219
1599772284229
1599772285242
1599772286254
1599772287270
1599772288283
1599772289301
1599772290316
1599772291331
1599772292345
1599772293362
1599772294377
1599772295389
1599772296402
1599772297413
1599772298429
1599772299446
1599772300457
1599772301468
1599772302489
1599772303502
1599772304512
1599772305524
1599772306538
1599772307553
1599772308561
1599772309578
1599772310589
1599772311604
1599772312613
1599772313625
1599772314637
1599772315652
1599772316670
1599772317685
1599772318699
1599772319717
1599772320731
1599772321746
1599772322761
1599772323769
1599772324787
1599772325805
1599772326822
1599772327837
1599772328849
1599772329861
1599772330877
1599772331891
1599772332905
1599772333914
1599772334932
1599772335943
1599772336953
1599772337969
1599772338989
1599772340003
1599772341028
1599772342044
1599772343058
1599772344067
1599772345076
1599772346089
1599772347106
1599772348126
1599772349141
1599772350157
1599772351173
1599772352188
1599772353201
1599772354218
1599772355229
1599772356242
1599772357261
1599772358279
1599772359293
1599772360311
1599772361322
1599772362339
1599772363356
1599772364373
1599772365386
1599772366404
1599772367423
1599772368436
1599772369454
1599772370470
1599772371483
1599772372503
1599772373517
1599772374529
1599772375541
1599772376563
1599772377573
1599772378585
1599772379597
1599772380618
1599772381634
1599772382659
1599772383683
1599772384696
1599772385716
1599772386738
1599772387754
1599772388775
1599772389791
1599772390805
1599772391824
1599772392842
1599772393857
1599772394870
1599772395889
1599772396908
1599772397914
1599772398937
1599772399958
1599772400978
1599772401992
1599772403002
1599772404018
1599772405030
1599772406043
1599772407053
1599772408072
1599772409083
1599772410094
1599772411111
1599772412126
1599772413141
1599772414149
1599772415174
1599772416190
1599772417201
1599772418217
1599772419232
1599772420247
1599772421263
1599772422273
1599772423287
1599772424306
1599772425327
1599772426346
1599772427366
1599772428379
1599772429396
1599772430416
1599772431427
1599772432441
1599772433455
1599772434463
1599772435479
1599772436498
1599772437510
1599772438526
1599772439537
1599772440551
1599772441569
1599772442590
1599772443614
1599772444633
1599772445644
1599772446660
1599772447684
1599772448709
1599772449728
1599772450747
1599772451767
1599772452803
1599772453817
1599772454833
1599772455851
1599772456866
1599772457882
1599772458913
1599772459925
1599772460940
1599772461954
1599772462974
1599772463990
1599772465011
1599772466025
1599772467044
1599772468058
1599772469070
1599772470089
1599772471110
1599772472129
1599772473147
1599772474170
1599772475185
1599772476202
1599772477225
1599772478240
1599772479254
1599772480275
1599772481295
1599772482306
1599772483320
1599772484349
1599772485362
1599772486385
1599772487402
1599772488417
1599772489432
1599772490446
1599772491464
1599772492480
1599772493486
1599772494501
1599772495512
1599772496526
1599772497541
1599772498560
1599772499569
1599772500585
1599772501601
1599772502619
1599772503633
1599772504650
1599772505661
1599772506677
1599772507699
1599772508711
1599772509725
1599772510746
1599772511765
1599772512781
1599772513794
1599772514809
1599772515827
1599772516838
1599772517849
1599772518864
1599772519878
1599772520889
1599772521902
1599772522920
1599772523936
1599772524944
1599772525959
1599772526987
1599772527999
1599772529010
1599772530037
1599772531049
1599772532058
1599772533087
1599772534104
1599772535125
1599772536140
1599772537156
1599772538167
1599772539186
1599772540196
1599772541209
1599772542225
1599772543241
1599772544260
1599772545273
1599772546285
1599772547309
1599772548321
1599772549333
1599772550351
1599772551362
1599772552369
1599772553386
1599772554400
1599772555410
1599772556430
1599772557445
1599772558458
1599772559470
1599772560487
1599772561502
1599772562516
1599772563529
1599772564540
1599772565553
1599772566569
1599772567585
1599772568602
1599772569615
1599772570629
1599772571645
1599772572659
1599772573672
1599772574698
1599772575713
1599772576728
1599772577745
1599772578761
1599772579778
1599772580793
1599772581808
1599772582821
1599772583836
1599772584846
1599772585861
1599772586873
1599772587889
1599772588900
1599772589913
1599772590929
1599772591941
1599772592958
1599772593975
1599772594984
1599772596006
1599772597021
1599772598039
1599772599048
1599772600059
1599772601070
1599772602084
1599772603103
1599772604124
1599772605141
1599772606154
1599772607169
1599772608179
1599772609189
1599772610197
1599772611209
1599772612220
1599772613228
1599772614247
1599772615255
1599772616269
1599772617285
1599772618302
1599772619317
1599772620333
1599772621349
1599772622368
1599772623379
1599772624390
1599772625398
1599772626416
1599772627425
1599772628433
1599772629441
1599772630453
1599772631474
1599772632479
1599772633487
1599772634502
1599772635513
1599772636530
1599772637545
1599772638553
1599772639561
1599772640576
1599772641588
1599772642600
1599772643613
1599772644624
1599772645633
1599772646645
1599772647665
1599772648688
1599772649697
1599772650709
1599772651723
1599772652733
1599772653747
1599772654761
1599772655775
1599772656789
1599772657802
1599772658817
1599772659833
1599772660846
1599772661857
1599772662872
1599772663886
1599772664893
1599772665907
1599772666917
1599772667930
1599772668939
1599772669950
1599772670965
1599772671984
1599772672998
1599772674013
1599772675029
1599772676047
1599772677059
1599772678074
1599772679085
1599772680092
1599772681105
1599772682122
1599772683137
1599772684153
1599772685169
1599772686192
1599772687204
1599772688220
1599772689231
1599772690247
1599772691259
1599772692270
1599772693278
1599772694294
1599772695306
1599772696318
1599772697329
1599772698341
1599772699351
1599772700361
1599772701377
1599772702393
1599772703407
1599772704441
1599772705459
1599772706483
1599772707499
1599772708510
1599772709525
1599772710544
1599772711561
1599772712577
1599772713593
1599772714599
1599772715611
1599772716625
1599772717636
1599772718646
1599772719652
1599772720670
1599772721681
1599772722699
1599772723713
1599772724729
1599772725738
1599772726754
1599772727765
1599772728777
1599772729789
1599772730805
1599772731812
1599772732925
1599772733940
1599772734953
1599772735971
1599772736983
1599772737991
1599772739003
1599772740018
1599772741034
1599772742049
1599772743063
1599772744078
1599772745093
1599772746109
1599772747125
1599772748142
1599772749157
1599772750173
1599772751185
1599772752198
1599772753212
1599772754227
1599772755242
1599772756257
1599772757277
1599772758294
1599772759313
1599772760336
1599772761358
1599772762369
1599772763386
1599772764401
1599772765421
1599772766442
1599772767453
1599772768466
1599772769485
1599772770508
1599772771527
1599772772538
1599772773553
1599772774569
1599772775593
1599772776606
1599772777614
1599772778646
1599772779662
1599772780676
1599772781694
1599772782714
1599772783734
1599772784750
1599772785773
1599772786791
1599772787806
1599772788822
1599772789858
1599772790880
1599772791890
1599772792907
1599772793927
1599772794942
1599772795967
1599772796987
1599772798025
1599772799037
1599772800057
1599772801076
1599772802108
1599772803125
1599772804142
1599772805157
1599772806172
1599772807186
1599772808201
1599772809215
1599772810230
1599772811241
1599772812262
1599772813278
1599772814297
1599772815309
1599772816326
1599772817341
1599772818363
1599772819373
1599772820390
1599772821407
1599772822420
1599772823439
1599772824449
1599772825457
1599772826474
1599772827495
1599772828512
1599772829531
1599772830547
1599772831565
1599772832582
1599772833605
1599772834628
1599772835643
1599772836653
1599772837670
1599772838682
1599772839698
1599772840713
1599772841738
1599772842755
1599772843764
1599772844776
1599772845784
1599772846794
1599772847806
1599772848816
1599772849859
1599772850869
1599772851887
1599772852905
1599772853922
1599772854942
1599772855962
1599772856982
1599772857995
1599772859009
1599772860021
1599772861038
1599772862058
1599772863097
1599772864116
1599772865133
1599772866146
1599772867163
1599772868183
1599772869192
1599772870215
1599772871230
1599772872249
1599772873265
1599772874295
1599772875317
1599772876324
1599772877334
1599772878346
1599772879363
1599772880379
1599772881396
1599772882410
1599772883430
1599772884446
1599772885467
1599772886484
1599772887497
1599772888515
1599772889534
1599772890552
1599772891570
1599772892582
1599772893597
1599772894617
1599772895625
1599772896648
1599772897656
1599772898666
1599772899682
1599772900692
1599772901706
1599772902722
1599772903763
1599772904785
1599772905800
1599772906817
1599772907830
1599772908850
1599772909868
1599772910899
1599772911909
1599772912927
1599772913945
1599772914958
1599772915985
1599772917003
1599772918013
1599772919022
1599772920041
1599772921066
1599772922082
1599772923099
1599772924109
1599772925127
1599772926148
1599772927176
1599772928191
1599772929199
1599772930208
1599772931218
1599772932231
1599772933250
1599772934270
1599772935282
1599772936291
1599772937306
1599772938320
1599772939334
1599772940351
1599772941363
1599772942378
1599772943398
1599772944417
1599772945433
1599772946447
1599772947457
1599772948474
1599772949490
1599772950507
1599772951520
1599772952538
1599772953553
1599772954571
1599772955583
1599772956593
1599772957609
1599772958625
1599772959637
1599772960650
1599772961665
